

================================================================
== Vitis HLS Report for 'dense_simple_Pipeline_VITIS_LOOP_8_1'
================================================================
* Date:           Sat May  9 13:44:35 2026

* Version:        2024.1 (Build 5069499 on May 21 2024)
* Project:        dense_simple_proj
* Solution:       solution1 (Vivado IP Flow Target)
* Product family: virtexuplus
* Target device:  xcvu13p-fsga2577-2-e


================================================================
== Performance Estimates
================================================================
+ Timing: 
    * Summary: 
    +--------+----------+----------+------------+
    |  Clock |  Target  | Estimated| Uncertainty|
    +--------+----------+----------+------------+
    |ap_clk  |  25.00 ns|  7.542 ns|     6.75 ns|
    +--------+----------+----------+------------+

+ Latency: 
    * Summary: 
    +---------+---------+----------+----------+-----+-----+-----------------------------------------------+
    |  Latency (cycles) |  Latency (absolute) |  Interval |                    Pipeline                   |
    |   min   |   max   |    min   |    max   | min | max |                      Type                     |
    +---------+---------+----------+----------+-----+-----+-----------------------------------------------+
    |       66|       66|  1.650 us|  1.650 us|   64|   64|  loop auto-rewind stp(delay=0 clock cycles(s))|
    +---------+---------+----------+----------+-----+-----+-----------------------------------------------+

    + Detail: 
        * Instance: 
        N/A

        * Loop: 
        +------------------+---------+---------+----------+-----------+-----------+------+----------+
        |                  |  Latency (cycles) | Iteration|  Initiation Interval  | Trip |          |
        |     Loop Name    |   min   |   max   |  Latency |  achieved |   target  | Count| Pipelined|
        +------------------+---------+---------+----------+-----------+-----------+------+----------+
        |- VITIS_LOOP_8_1  |       64|       64|         9|          8|          1|     8|       yes|
        +------------------+---------+---------+----------+-----------+-----------+------+----------+



================================================================
== Utilization Estimates
================================================================
* Summary: 
+---------------------+---------+-------+---------+---------+------+
|         Name        | BRAM_18K|  DSP  |    FF   |   LUT   | URAM |
+---------------------+---------+-------+---------+---------+------+
|DSP                  |        -|      -|        -|        -|     -|
|Expression           |        -|      -|        0|      356|     -|
|FIFO                 |        -|      -|        -|        -|     -|
|Instance             |        -|      6|        0|       40|     -|
|Memory               |        -|      -|        -|        -|     -|
|Multiplexer          |        -|      -|        0|      327|     -|
|Register             |        -|      -|      229|        -|     -|
+---------------------+---------+-------+---------+---------+------+
|Total                |        0|      6|      229|      723|     0|
+---------------------+---------+-------+---------+---------+------+
|Available SLR        |     1344|   3072|   864000|   432000|   320|
+---------------------+---------+-------+---------+---------+------+
|Utilization SLR (%)  |        0|     ~0|       ~0|       ~0|     0|
+---------------------+---------+-------+---------+---------+------+
|Available            |     5376|  12288|  3456000|  1728000|  1280|
+---------------------+---------+-------+---------+---------+------+
|Utilization (%)      |        0|     ~0|       ~0|       ~0|     0|
+---------------------+---------+-------+---------+---------+------+

+ Detail: 
    * Instance: 
    +-----------------------+--------------------+---------+----+---+----+-----+
    |        Instance       |       Module       | BRAM_18K| DSP| FF| LUT| URAM|
    +-----------------------+--------------------+---------+----+---+----+-----+
    |mul_32s_32s_32_1_1_U1  |mul_32s_32s_32_1_1  |        0|   3|  0|  20|    0|
    |mul_32s_32s_32_1_1_U2  |mul_32s_32s_32_1_1  |        0|   3|  0|  20|    0|
    +-----------------------+--------------------+---------+----+---+----+-----+
    |Total                  |                    |        0|   6|  0|  40|    0|
    +-----------------------+--------------------+---------+----+---+----+-----+

    * DSP: 
    N/A

    * Memory: 
    N/A

    * FIFO: 
    N/A

    * Expression: 
    +-----------------------+----------+----+---+----+------------+------------+
    |     Variable Name     | Operation| DSP| FF| LUT| Bitwidth P0| Bitwidth P1|
    +-----------------------+----------+----+---+----+------------+------------+
    |add_ln12_13_fu_599_p2  |         +|   0|  0|  32|          32|          32|
    |add_ln12_3_fu_523_p2   |         +|   0|  0|  32|          32|          32|
    |add_ln12_5_fu_529_p2   |         +|   0|  0|  32|          32|          32|
    |add_ln12_6_fu_591_p2   |         +|   0|  0|  32|          32|          32|
    |add_ln12_9_fu_595_p2   |         +|   0|  0|  32|          32|          32|
    |grp_fu_352_p2          |         +|   0|  0|  39|          32|          32|
    |grp_fu_358_p2          |         +|   0|  0|  39|          32|          32|
    |grp_fu_372_p2          |         +|   0|  0|  32|          32|          32|
    |grp_fu_378_p2          |         +|   0|  0|  32|          32|          32|
    |j_fu_410_p2            |         +|   0|  0|  10|           3|           1|
    |sum_fu_605_p2          |         +|   0|  0|  32|          32|          32|
    |icmp_ln8_fu_416_p2     |      icmp|   0|  0|  10|           3|           2|
    |ap_enable_pp0          |       xor|   0|  0|   2|           1|           2|
    +-----------------------+----------+----+---+----+------------+------------+
    |Total                  |          |   0|  0| 356|         327|         325|
    +-----------------------+----------+----+---+----+------------+------------+

    * Multiplexer: 
    +----------------------------------+----+-----------+-----+-----------+
    |               Name               | LUT| Input Size| Bits| Total Bits|
    +----------------------------------+----+-----------+-----+-----------+
    |ap_NS_fsm                         |  49|          9|    1|          9|
    |ap_done_int                       |   9|          2|    1|          2|
    |ap_enable_reg_pp0_iter0           |   9|          2|    1|          2|
    |ap_enable_reg_pp0_iter1           |   9|          2|    1|          2|
    |ap_loop_exit_ready_pp0_iter1_reg  |   9|          2|    1|          2|
    |ap_sig_allocacmp_j1_load          |   9|          2|    3|          6|
    |grp_fu_340_p0                     |  14|          3|   32|         96|
    |grp_fu_340_p1                     |  49|          9|   32|        288|
    |grp_fu_345_p0                     |  14|          3|   32|         96|
    |grp_fu_345_p1                     |  49|          9|   32|        288|
    |j1_fu_90                          |   9|          2|    3|          6|
    |w_address0_local                  |  49|          9|    7|         63|
    |w_address1_local                  |  49|          9|    7|         63|
    +----------------------------------+----+-----------+-----+-----------+
    |Total                             | 327|         63|  153|        923|
    +----------------------------------+----+-----------+-----+-----------+

    * Register: 
    +----------------------------------+----+----+-----+-----------+
    |               Name               | FF | LUT| Bits| Const Bits|
    +----------------------------------+----+----+-----+-----------+
    |add_ln12_14_reg_766               |   3|   0|    6|          3|
    |add_ln12_2_reg_776                |  32|   0|   32|          0|
    |add_ln12_5_reg_801                |  32|   0|   32|          0|
    |add_ln12_7_reg_816                |  32|   0|   32|          0|
    |add_ln12_8_reg_831                |  32|   0|   32|          0|
    |add_ln12_s_reg_719                |   3|   0|    4|          1|
    |ap_CS_fsm                         |   8|   0|    8|          0|
    |ap_done_reg                       |   1|   0|    1|          0|
    |ap_enable_reg_pp0_iter0_reg       |   1|   0|    1|          0|
    |ap_enable_reg_pp0_iter1           |   1|   0|    1|          0|
    |ap_loop_exit_ready_pp0_iter1_reg  |   1|   0|    1|          0|
    |icmp_ln8_reg_731                  |   1|   0|    1|          0|
    |j1_fu_90                          |   3|   0|    3|          0|
    |j1_load_reg_699                   |   3|   0|    3|          0|
    |reg_364                           |  32|   0|   32|          0|
    |reg_368                           |  32|   0|   32|          0|
    |tmp_1_cast_reg_756                |   3|   0|    6|          3|
    |tmp_cast_reg_740                  |   3|   0|    5|          2|
    |zext_ln8_1_reg_735                |   3|   0|    4|          1|
    |zext_ln8_reg_709                  |   3|   0|   64|         61|
    +----------------------------------+----+----+-----+-----------+
    |Total                             | 229|   0|  300|         71|
    +----------------------------------+----+----+-----+-----------+



================================================================
== Interface
================================================================
* Summary: 
+------------+-----+-----+------------+--------------------------------------+--------------+
|  RTL Ports | Dir | Bits|  Protocol  |             Source Object            |    C Type    |
+------------+-----+-----+------------+--------------------------------------+--------------+
|ap_clk      |   in|    1|  ap_ctrl_hs|  dense_simple_Pipeline_VITIS_LOOP_8_1|  return value|
|ap_rst      |   in|    1|  ap_ctrl_hs|  dense_simple_Pipeline_VITIS_LOOP_8_1|  return value|
|ap_start    |   in|    1|  ap_ctrl_hs|  dense_simple_Pipeline_VITIS_LOOP_8_1|  return value|
|ap_done     |  out|    1|  ap_ctrl_hs|  dense_simple_Pipeline_VITIS_LOOP_8_1|  return value|
|ap_idle     |  out|    1|  ap_ctrl_hs|  dense_simple_Pipeline_VITIS_LOOP_8_1|  return value|
|ap_ready    |  out|    1|  ap_ctrl_hs|  dense_simple_Pipeline_VITIS_LOOP_8_1|  return value|
|w_address0  |  out|    7|   ap_memory|                                     w|         array|
|w_ce0       |  out|    1|   ap_memory|                                     w|         array|
|w_q0        |   in|   32|   ap_memory|                                     w|         array|
|w_address1  |  out|    7|   ap_memory|                                     w|         array|
|w_ce1       |  out|    1|   ap_memory|                                     w|         array|
|w_q1        |   in|   32|   ap_memory|                                     w|         array|
|x_load_7    |   in|   32|     ap_none|                              x_load_7|        scalar|
|x_load_11   |   in|   32|     ap_none|                             x_load_11|        scalar|
|x_load_8    |   in|   32|     ap_none|                              x_load_8|        scalar|
|x_load_2    |   in|   32|     ap_none|                              x_load_2|        scalar|
|x_load_1    |   in|   32|     ap_none|                              x_load_1|        scalar|
|x_load_5    |   in|   32|     ap_none|                              x_load_5|        scalar|
|x_load_12   |   in|   32|     ap_none|                             x_load_12|        scalar|
|x_load_3    |   in|   32|     ap_none|                              x_load_3|        scalar|
|x_load_10   |   in|   32|     ap_none|                             x_load_10|        scalar|
|x_load_4    |   in|   32|     ap_none|                              x_load_4|        scalar|
|x_load_13   |   in|   32|     ap_none|                             x_load_13|        scalar|
|x_load_6    |   in|   32|     ap_none|                              x_load_6|        scalar|
|x_load      |   in|   32|     ap_none|                                x_load|        scalar|
|x_load_14   |   in|   32|     ap_none|                             x_load_14|        scalar|
|x_load_9    |   in|   32|     ap_none|                              x_load_9|        scalar|
|x_load_15   |   in|   32|     ap_none|                             x_load_15|        scalar|
|y_address0  |  out|    3|   ap_memory|                                     y|         array|
|y_ce0       |  out|    1|   ap_memory|                                     y|         array|
|y_we0       |  out|    1|   ap_memory|                                     y|         array|
|y_d0        |  out|   32|   ap_memory|                                     y|         array|
+------------+-----+-----+------------+--------------------------------------+--------------+

