

================================================================
== Vitis HLS Report for 'dense_simple'
================================================================
* Date:           Sat May  9 13:44:35 2026

* Version:        2024.1 (Build 5069499 on May 21 2024)
* Project:        dense_simple_proj
* Solution:       solution1 (Vivado IP Flow Target)
* Product family: virtexuplus
* Target device:  xcvu13p-fsga2577-2-e


================================================================
== Performance Estimates
================================================================
+ Timing: 
    * Summary: 
    +--------+----------+----------+------------+
    |  Clock |  Target  | Estimated| Uncertainty|
    +--------+----------+----------+------------+
    |ap_clk  |  25.00 ns|  7.542 ns|     6.75 ns|
    +--------+----------+----------+------------+

+ Latency: 
    * Summary: 
    +---------+---------+----------+----------+-----+-----+---------+
    |  Latency (cycles) |  Latency (absolute) |  Interval | Pipeline|
    |   min   |   max   |    min   |    max   | min | max |   Type  |
    +---------+---------+----------+----------+-----+-----+---------+
    |       75|       75|  1.875 us|  1.875 us|   76|   76|       no|
    +---------+---------+----------+----------+-----+-----+---------+

    + Detail: 
        * Instance: 
        +-------------------------------------------------+--------------------------------------+---------+---------+----------+----------+-----+-----+-----------------------------------------------+
        |                                                 |                                      |  Latency (cycles) |  Latency (absolute) |  Interval |                    Pipeline                   |
        |                     Instance                    |                Module                |   min   |   max   |    min   |    max   | min | max |                      Type                     |
        +-------------------------------------------------+--------------------------------------+---------+---------+----------+----------+-----+-----+-----------------------------------------------+
        |grp_dense_simple_Pipeline_VITIS_LOOP_8_1_fu_209  |dense_simple_Pipeline_VITIS_LOOP_8_1  |       66|       66|  1.650 us|  1.650 us|   64|   64|  loop auto-rewind stp(delay=0 clock cycles(s))|
        +-------------------------------------------------+--------------------------------------+---------+---------+----------+----------+-----+-----+-----------------------------------------------+

        * Loop: 
        N/A



================================================================
== Utilization Estimates
================================================================
* Summary: 
+---------------------+---------+-------+---------+---------+------+
|         Name        | BRAM_18K|  DSP  |    FF   |   LUT   | URAM |
+---------------------+---------+-------+---------+---------+------+
|DSP                  |        -|      -|        -|        -|     -|
|Expression           |        -|      -|        -|        -|     -|
|FIFO                 |        -|      -|        -|        -|     -|
|Instance             |        -|      6|      229|      723|     -|
|Memory               |        -|      -|        -|        -|     -|
|Multiplexer          |        -|      -|        0|      157|     -|
|Register             |        -|      -|      523|        -|     -|
+---------------------+---------+-------+---------+---------+------+
|Total                |        0|      6|      752|      880|     0|
+---------------------+---------+-------+---------+---------+------+
|Available SLR        |     1344|   3072|   864000|   432000|   320|
+---------------------+---------+-------+---------+---------+------+
|Utilization SLR (%)  |        0|     ~0|       ~0|       ~0|     0|
+---------------------+---------+-------+---------+---------+------+
|Available            |     5376|  12288|  3456000|  1728000|  1280|
+---------------------+---------+-------+---------+---------+------+
|Utilization (%)      |        0|     ~0|       ~0|       ~0|     0|
+---------------------+---------+-------+---------+---------+------+

+ Detail: 
    * Instance: 
    +-------------------------------------------------+--------------------------------------+---------+----+-----+-----+-----+
    |                     Instance                    |                Module                | BRAM_18K| DSP|  FF | LUT | URAM|
    +-------------------------------------------------+--------------------------------------+---------+----+-----+-----+-----+
    |grp_dense_simple_Pipeline_VITIS_LOOP_8_1_fu_209  |dense_simple_Pipeline_VITIS_LOOP_8_1  |        0|   6|  229|  723|    0|
    +-------------------------------------------------+--------------------------------------+---------+----+-----+-----+-----+
    |Total                                            |                                      |        0|   6|  229|  723|    0|
    +-------------------------------------------------+--------------------------------------+---------+----+-----+-----+-----+

    * DSP: 
    N/A

    * Memory: 
    N/A

    * FIFO: 
    N/A

    * Expression: 
    N/A

    * Multiplexer: 
    +------------------+----+-----------+-----+-----------+
    |       Name       | LUT| Input Size| Bits| Total Bits|
    +------------------+----+-----------+-----+-----------+
    |ap_NS_fsm         |  59|         11|    1|         11|
    |x_address0_local  |  49|          9|    4|         36|
    |x_address1_local  |  49|          9|    4|         36|
    +------------------+----+-----------+-----+-----------+
    |Total             | 157|         29|    9|         83|
    +------------------+----+-----------+-----+-----------+

    * Register: 
    +--------------------------------------------------------------+----+----+-----+-----------+
    |                             Name                             | FF | LUT| Bits| Const Bits|
    +--------------------------------------------------------------+----+----+-----+-----------+
    |ap_CS_fsm                                                     |  10|   0|   10|          0|
    |grp_dense_simple_Pipeline_VITIS_LOOP_8_1_fu_209_ap_start_reg  |   1|   0|    1|          0|
    |x_load_10_reg_345                                             |  32|   0|   32|          0|
    |x_load_11_reg_350                                             |  32|   0|   32|          0|
    |x_load_12_reg_365                                             |  32|   0|   32|          0|
    |x_load_13_reg_370                                             |  32|   0|   32|          0|
    |x_load_14_reg_385                                             |  32|   0|   32|          0|
    |x_load_15_reg_390                                             |  32|   0|   32|          0|
    |x_load_1_reg_250                                              |  32|   0|   32|          0|
    |x_load_2_reg_265                                              |  32|   0|   32|          0|
    |x_load_3_reg_270                                              |  32|   0|   32|          0|
    |x_load_4_reg_285                                              |  32|   0|   32|          0|
    |x_load_5_reg_290                                              |  32|   0|   32|          0|
    |x_load_6_reg_305                                              |  32|   0|   32|          0|
    |x_load_7_reg_310                                              |  32|   0|   32|          0|
    |x_load_8_reg_325                                              |  32|   0|   32|          0|
    |x_load_9_reg_330                                              |  32|   0|   32|          0|
    |x_load_reg_245                                                |  32|   0|   32|          0|
    +--------------------------------------------------------------+----+----+-----+-----------+
    |Total                                                         | 523|   0|  523|          0|
    +--------------------------------------------------------------+----+----+-----+-----------+



================================================================
== Interface
================================================================
* Summary: 
+------------+-----+-----+------------+--------------+--------------+
|  RTL Ports | Dir | Bits|  Protocol  | Source Object|    C Type    |
+------------+-----+-----+------------+--------------+--------------+
|ap_clk      |   in|    1|  ap_ctrl_hs|  dense_simple|  return value|
|ap_rst      |   in|    1|  ap_ctrl_hs|  dense_simple|  return value|
|ap_start    |   in|    1|  ap_ctrl_hs|  dense_simple|  return value|
|ap_done     |  out|    1|  ap_ctrl_hs|  dense_simple|  return value|
|ap_idle     |  out|    1|  ap_ctrl_hs|  dense_simple|  return value|
|ap_ready    |  out|    1|  ap_ctrl_hs|  dense_simple|  return value|
|x_address0  |  out|    4|   ap_memory|             x|         array|
|x_ce0       |  out|    1|   ap_memory|             x|         array|
|x_q0        |   in|   32|   ap_memory|             x|         array|
|x_address1  |  out|    4|   ap_memory|             x|         array|
|x_ce1       |  out|    1|   ap_memory|             x|         array|
|x_q1        |   in|   32|   ap_memory|             x|         array|
|w_address0  |  out|    7|   ap_memory|             w|         array|
|w_ce0       |  out|    1|   ap_memory|             w|         array|
|w_q0        |   in|   32|   ap_memory|             w|         array|
|w_address1  |  out|    7|   ap_memory|             w|         array|
|w_ce1       |  out|    1|   ap_memory|             w|         array|
|w_q1        |   in|   32|   ap_memory|             w|         array|
|y_address0  |  out|    3|   ap_memory|             y|         array|
|y_ce0       |  out|    1|   ap_memory|             y|         array|
|y_we0       |  out|    1|   ap_memory|             y|         array|
|y_d0        |  out|   32|   ap_memory|             y|         array|
+------------+-----+-----+------------+--------------+--------------+

