

================================================================
== Vitis HLS Report for 'q5_reshape'
================================================================
* Date:           Sun May  3 16:03:58 2026

* Version:        2024.1 (Build 5069499 on May 21 2024)
* Project:        hw4_q5_reshape
* Solution:       solution1 (Vivado IP Flow Target)
* Product family: virtexuplus
* Target device:  xcvu13p-fsga2577-2-e


================================================================
== Performance Estimates
================================================================
+ Timing: 
    * Summary: 
    +--------+----------+----------+------------+
    |  Clock |  Target  | Estimated| Uncertainty|
    +--------+----------+----------+------------+
    |ap_clk  |  25.00 ns|  5.510 ns|     6.75 ns|
    +--------+----------+----------+------------+

+ Latency: 
    * Summary: 
    +---------+---------+----------+----------+-----+-----+-----------------------------------------------+
    |  Latency (cycles) |  Latency (absolute) |  Interval |                    Pipeline                   |
    |   min   |   max   |    min   |    max   | min | max |                      Type                     |
    +---------+---------+----------+----------+-----+-----+-----------------------------------------------+
    |       18|       18|  0.450 us|  0.450 us|   16|   16|  loop auto-rewind stp(delay=0 clock cycles(s))|
    +---------+---------+----------+----------+-----+-----+-----------------------------------------------+

    + Detail: 
        * Instance: 
        N/A

        * Loop: 
        +--------------------+---------+---------+----------+-----------+-----------+------+----------+
        |                    |  Latency (cycles) | Iteration|  Initiation Interval  | Trip |          |
        |      Loop Name     |   min   |   max   |  Latency |  achieved |   target  | Count| Pipelined|
        +--------------------+---------+---------+----------+-----------+-----------+------+----------+
        |- VITIS_LOOP_171_1  |       16|       16|         2|          1|          1|    16|       yes|
        +--------------------+---------+---------+----------+-----------+-----------+------+----------+

============================================================
+ Verbose Summary: Synthesis Manager
============================================================
InlineROM: 1
ExposeGlobal: 0
============================================================
+ Verbose Summary: CDFG Model
============================================================
IsTopModel: 1
ResetActiveHigh: 1
IsCombinational: 0
IsDatapathOnly: 0
HasWiredReturn: 1
HasMFsm: 2
HasVarLatency: 1
IsPipeline: 0
IsRtlPipelined: 0
IsInstanceOverlapped: 0
IsDontTouch: 0
HasImplIP: 0
IsGatedGlobalClock: 0

+ Individual pipeline summary: 
  * Pipeline-0: initiation interval (II) = 1, depth = 2


============================================================
+ Verbose Summary: Schedule
============================================================
* Number of FSM states : 2
* Pipeline : 1
  Pipeline-0 : II = 1, D = 2, States = { 1 2 }
* Dataflow Pipeline: 0

* FSM state transitions: 
1 --> 2 
2 --> 

* FSM state operations: 

State 1 <SV = 0> <Delay = 1.47>
ST_1 : Operation 5 [1/1] (0.00ns)   --->   "%i1 = alloca i32 1"   --->   Operation 5 'alloca' 'i1' <Predicate = true> <Delay = 0.00>
ST_1 : Operation 6 [1/1] (0.00ns)   --->   "%spectopmodule_ln0 = spectopmodule void @_ssdm_op_SpecTopModule, void @empty_3"   --->   Operation 6 'spectopmodule' 'spectopmodule_ln0' <Predicate = true> <Delay = 0.00>
ST_1 : Operation 7 [1/1] (0.00ns)   --->   "%specinterface_ln0 = specinterface void @_ssdm_op_SpecInterface, i128 %A, void @empty, i32 0, i32 0, void @empty_0, i32 4294967295, i32 0, void @empty_0, void @empty_0, void @empty_0, i32 0, i32 0, i32 0, i32 0, void @empty_0, void @empty_0, i32 4294967295, i32 0, i32 0"   --->   Operation 7 'specinterface' 'specinterface_ln0' <Predicate = true> <Delay = 0.00>
ST_1 : Operation 8 [1/1] (0.00ns)   --->   "%specbitsmap_ln0 = specbitsmap void @_ssdm_op_SpecBitsMap, i128 %A"   --->   Operation 8 'specbitsmap' 'specbitsmap_ln0' <Predicate = true> <Delay = 0.00>
ST_1 : Operation 9 [1/1] (0.00ns)   --->   "%specinterface_ln0 = specinterface void @_ssdm_op_SpecInterface, i128 %B, void @empty, i32 0, i32 0, void @empty_0, i32 4294967295, i32 0, void @empty_0, void @empty_0, void @empty_0, i32 0, i32 0, i32 0, i32 0, void @empty_0, void @empty_0, i32 4294967295, i32 0, i32 0"   --->   Operation 9 'specinterface' 'specinterface_ln0' <Predicate = true> <Delay = 0.00>
ST_1 : Operation 10 [1/1] (0.00ns)   --->   "%specbitsmap_ln0 = specbitsmap void @_ssdm_op_SpecBitsMap, i128 %B"   --->   Operation 10 'specbitsmap' 'specbitsmap_ln0' <Predicate = true> <Delay = 0.00>
ST_1 : Operation 11 [1/1] (0.00ns)   --->   "%specinterface_ln0 = specinterface void @_ssdm_op_SpecInterface, i128 %C, void @empty, i32 0, i32 0, void @empty_0, i32 4294967295, i32 0, void @empty_0, void @empty_0, void @empty_0, i32 0, i32 0, i32 0, i32 0, void @empty_0, void @empty_0, i32 4294967295, i32 0, i32 0"   --->   Operation 11 'specinterface' 'specinterface_ln0' <Predicate = true> <Delay = 0.00>
ST_1 : Operation 12 [1/1] (0.00ns)   --->   "%specbitsmap_ln0 = specbitsmap void @_ssdm_op_SpecBitsMap, i128 %C"   --->   Operation 12 'specbitsmap' 'specbitsmap_ln0' <Predicate = true> <Delay = 0.00>
ST_1 : Operation 13 [1/1] (0.00ns)   --->   "%specinterface_ln0 = specinterface void @_ssdm_op_SpecInterface, i128 %D, void @empty, i32 0, i32 0, void @empty_0, i32 4294967295, i32 0, void @empty_0, void @empty_0, void @empty_0, i32 0, i32 0, i32 0, i32 0, void @empty_0, void @empty_0, i32 4294967295, i32 0, i32 0"   --->   Operation 13 'specinterface' 'specinterface_ln0' <Predicate = true> <Delay = 0.00>
ST_1 : Operation 14 [1/1] (0.00ns)   --->   "%specbitsmap_ln0 = specbitsmap void @_ssdm_op_SpecBitsMap, i128 %D"   --->   Operation 14 'specbitsmap' 'specbitsmap_ln0' <Predicate = true> <Delay = 0.00>
ST_1 : Operation 15 [1/1] (0.00ns)   --->   "%specinterface_ln0 = specinterface void @_ssdm_op_SpecInterface, i128 %E, void @empty, i32 0, i32 0, void @empty_0, i32 4294967295, i32 0, void @empty_0, void @empty_0, void @empty_0, i32 0, i32 0, i32 0, i32 0, void @empty_0, void @empty_0, i32 4294967295, i32 0, i32 0"   --->   Operation 15 'specinterface' 'specinterface_ln0' <Predicate = true> <Delay = 0.00>
ST_1 : Operation 16 [1/1] (0.00ns)   --->   "%specbitsmap_ln0 = specbitsmap void @_ssdm_op_SpecBitsMap, i128 %E"   --->   Operation 16 'specbitsmap' 'specbitsmap_ln0' <Predicate = true> <Delay = 0.00>
ST_1 : Operation 17 [1/1] (0.00ns)   --->   "%specinterface_ln0 = specinterface void @_ssdm_op_SpecInterface, i32 0, void @empty_1, i32 0, i32 0, void @empty_0, i32 0, i32 0, void @empty_2, void @empty_0, void @empty_0, i32 0, i32 0, i32 0, i32 0, void @empty_0, void @empty_0, i32 4294967295, i32 0, i32 0"   --->   Operation 17 'specinterface' 'specinterface_ln0' <Predicate = true> <Delay = 0.00>
ST_1 : Operation 18 [1/1] (0.38ns)   --->   "%store_ln0 = store i7 0, i7 %i1"   --->   Operation 18 'store' 'store_ln0' <Predicate = true> <Delay = 0.38>
ST_1 : Operation 19 [1/1] (0.00ns)   --->   "%br_ln171 = br void %for.inc.split" [q5_kernel.cpp:171]   --->   Operation 19 'br' 'br_ln171' <Predicate = true> <Delay = 0.00>
ST_1 : Operation 20 [1/1] (0.00ns)   --->   "%i1_load = load i7 %i1" [q5_kernel.cpp:171]   --->   Operation 20 'load' 'i1_load' <Predicate = true> <Delay = 0.00>
ST_1 : Operation 21 [1/1] (0.00ns)   --->   "%lshr_ln = partselect i4 @_ssdm_op_PartSelect.i4.i7.i32.i32, i7 %i1_load, i32 2, i32 5" [q5_kernel.cpp:171]   --->   Operation 21 'partselect' 'lshr_ln' <Predicate = true> <Delay = 0.00>
ST_1 : Operation 22 [1/1] (0.00ns)   --->   "%zext_ln171 = zext i4 %lshr_ln" [q5_kernel.cpp:171]   --->   Operation 22 'zext' 'zext_ln171' <Predicate = true> <Delay = 0.00>
ST_1 : Operation 23 [1/1] (0.00ns)   --->   "%A_addr = getelementptr i128 %A, i64 0, i64 %zext_ln171" [q5_kernel.cpp:174]   --->   Operation 23 'getelementptr' 'A_addr' <Predicate = true> <Delay = 0.00>
ST_1 : Operation 24 [2/2] (0.73ns)   --->   "%A_load = load i4 %A_addr" [q5_kernel.cpp:174]   --->   Operation 24 'load' 'A_load' <Predicate = true> <Delay = 0.73> <CoreInst = "RAM">   --->   Core 82 'RAM' <Latency = 1> <II = 1> <Delay = 0.73> <Storage> <Opcode : 'load' 'store'> <Ports = 2> <Width = 128> <Depth = 16> <RAM>
ST_1 : Operation 25 [1/1] (0.00ns)   --->   "%B_addr = getelementptr i128 %B, i64 0, i64 %zext_ln171" [q5_kernel.cpp:174]   --->   Operation 25 'getelementptr' 'B_addr' <Predicate = true> <Delay = 0.00>
ST_1 : Operation 26 [2/2] (0.73ns)   --->   "%B_load = load i4 %B_addr" [q5_kernel.cpp:174]   --->   Operation 26 'load' 'B_load' <Predicate = true> <Delay = 0.73> <CoreInst = "RAM">   --->   Core 82 'RAM' <Latency = 1> <II = 1> <Delay = 0.73> <Storage> <Opcode : 'load' 'store'> <Ports = 2> <Width = 128> <Depth = 16> <RAM>
ST_1 : Operation 27 [1/1] (0.70ns)   --->   "%i = add i7 %i1_load, i7 4" [q5_kernel.cpp:171]   --->   Operation 27 'add' 'i' <Predicate = true> <Delay = 0.70> <CoreInst = "Adder">   --->   Core 1 'Adder' <Latency = 0> <II = 1> <Delay = 0.70> <FuncUnit> <Opcode : 'add' 'sub'> <InPorts = 2> <OutPorts = 1>
ST_1 : Operation 28 [1/1] (0.00ns)   --->   "%tmp = bitselect i1 @_ssdm_op_BitSelect.i1.i7.i32, i7 %i, i32 6" [q5_kernel.cpp:171]   --->   Operation 28 'bitselect' 'tmp' <Predicate = true> <Delay = 0.00>
ST_1 : Operation 29 [1/1] (0.38ns)   --->   "%store_ln171 = store i7 %i, i7 %i1" [q5_kernel.cpp:171]   --->   Operation 29 'store' 'store_ln171' <Predicate = true> <Delay = 0.38>
ST_1 : Operation 30 [1/1] (0.00ns)   --->   "%br_ln171 = br i1 %tmp, void %for.inc.split, void %for.end" [q5_kernel.cpp:171]   --->   Operation 30 'br' 'br_ln171' <Predicate = true> <Delay = 0.00>

State 2 <SV = 1> <Delay = 5.51>
ST_2 : Operation 31 [1/1] (0.00ns)   --->   "%specpipeline_ln172 = specpipeline void @_ssdm_op_SpecPipeline, i32 1, i32 0, i32 0, i32 0, void @empty_0" [q5_kernel.cpp:172]   --->   Operation 31 'specpipeline' 'specpipeline_ln172' <Predicate = true> <Delay = 0.00>
ST_2 : Operation 32 [1/1] (0.00ns)   --->   "%speclooptripcount_ln171 = speclooptripcount void @_ssdm_op_SpecLoopTripCount, i64 16, i64 16, i64 16" [q5_kernel.cpp:171]   --->   Operation 32 'speclooptripcount' 'speclooptripcount_ln171' <Predicate = true> <Delay = 0.00>
ST_2 : Operation 33 [1/1] (0.00ns)   --->   "%specloopname_ln171 = specloopname void @_ssdm_op_SpecLoopName, void @empty_4" [q5_kernel.cpp:171]   --->   Operation 33 'specloopname' 'specloopname_ln171' <Predicate = true> <Delay = 0.00>
ST_2 : Operation 34 [1/2] (0.73ns)   --->   "%A_load = load i4 %A_addr" [q5_kernel.cpp:174]   --->   Operation 34 'load' 'A_load' <Predicate = true> <Delay = 0.73> <CoreInst = "RAM">   --->   Core 82 'RAM' <Latency = 1> <II = 1> <Delay = 0.73> <Storage> <Opcode : 'load' 'store'> <Ports = 2> <Width = 128> <Depth = 16> <RAM>
ST_2 : Operation 35 [1/1] (0.00ns)   --->   "%trunc_ln174 = trunc i128 %A_load" [q5_kernel.cpp:174]   --->   Operation 35 'trunc' 'trunc_ln174' <Predicate = true> <Delay = 0.00>
ST_2 : Operation 36 [1/2] (0.73ns)   --->   "%B_load = load i4 %B_addr" [q5_kernel.cpp:174]   --->   Operation 36 'load' 'B_load' <Predicate = true> <Delay = 0.73> <CoreInst = "RAM">   --->   Core 82 'RAM' <Latency = 1> <II = 1> <Delay = 0.73> <Storage> <Opcode : 'load' 'store'> <Ports = 2> <Width = 128> <Depth = 16> <RAM>
ST_2 : Operation 37 [1/1] (0.00ns)   --->   "%trunc_ln174_1 = trunc i128 %B_load" [q5_kernel.cpp:174]   --->   Operation 37 'trunc' 'trunc_ln174_1' <Predicate = true> <Delay = 0.00>
ST_2 : Operation 38 [1/1] (0.88ns)   --->   "%sum = add i32 %trunc_ln174_1, i32 %trunc_ln174" [q5_kernel.cpp:174]   --->   Operation 38 'add' 'sum' <Predicate = true> <Delay = 0.88> <CoreInst = "Adder">   --->   Core 1 'Adder' <Latency = 0> <II = 1> <Delay = 0.88> <FuncUnit> <Opcode : 'add' 'sub'> <InPorts = 2> <OutPorts = 1>
ST_2 : Operation 39 [1/1] (0.88ns)   --->   "%diff = sub i32 %trunc_ln174, i32 %trunc_ln174_1" [q5_kernel.cpp:175]   --->   Operation 39 'sub' 'diff' <Predicate = true> <Delay = 0.88> <CoreInst = "Adder">   --->   Core 1 'Adder' <Latency = 0> <II = 1> <Delay = 0.88> <FuncUnit> <Opcode : 'add' 'sub'> <InPorts = 2> <OutPorts = 1>
ST_2 : Operation 40 [1/1] (3.17ns)   --->   "%mul_ln178 = mul i32 %trunc_ln174_1, i32 %trunc_ln174" [q5_kernel.cpp:178]   --->   Operation 40 'mul' 'mul_ln178' <Predicate = true> <Delay = 3.17> <CoreInst = "Multiplier">   --->   Core 3 'Multiplier' <Latency = 0> <II = 1> <Delay = 3.17> <FuncUnit> <Opcode : 'mul'> <InPorts = 2> <OutPorts = 1>
ST_2 : Operation 41 [1/1] (3.17ns)   --->   "%mul_ln179 = mul i32 %sum, i32 %diff" [q5_kernel.cpp:179]   --->   Operation 41 'mul' 'mul_ln179' <Predicate = true> <Delay = 3.17> <CoreInst = "Multiplier">   --->   Core 3 'Multiplier' <Latency = 0> <II = 1> <Delay = 3.17> <FuncUnit> <Opcode : 'mul'> <InPorts = 2> <OutPorts = 1>
ST_2 : Operation 42 [1/1] (0.00ns)   --->   "%tmp_1 = partselect i32 @_ssdm_op_PartSelect.i32.i128.i32.i32, i128 %A_load, i32 32, i32 63" [q5_kernel.cpp:174]   --->   Operation 42 'partselect' 'tmp_1' <Predicate = true> <Delay = 0.00>
ST_2 : Operation 43 [1/1] (0.00ns)   --->   "%tmp_2 = partselect i32 @_ssdm_op_PartSelect.i32.i128.i32.i32, i128 %B_load, i32 32, i32 63" [q5_kernel.cpp:174]   --->   Operation 43 'partselect' 'tmp_2' <Predicate = true> <Delay = 0.00>
ST_2 : Operation 44 [1/1] (0.88ns)   --->   "%sum_1 = add i32 %tmp_2, i32 %tmp_1" [q5_kernel.cpp:174]   --->   Operation 44 'add' 'sum_1' <Predicate = true> <Delay = 0.88> <CoreInst = "Adder">   --->   Core 1 'Adder' <Latency = 0> <II = 1> <Delay = 0.88> <FuncUnit> <Opcode : 'add' 'sub'> <InPorts = 2> <OutPorts = 1>
ST_2 : Operation 45 [1/1] (0.88ns)   --->   "%diff_1 = sub i32 %tmp_1, i32 %tmp_2" [q5_kernel.cpp:175]   --->   Operation 45 'sub' 'diff_1' <Predicate = true> <Delay = 0.88> <CoreInst = "Adder">   --->   Core 1 'Adder' <Latency = 0> <II = 1> <Delay = 0.88> <FuncUnit> <Opcode : 'add' 'sub'> <InPorts = 2> <OutPorts = 1>
ST_2 : Operation 46 [1/1] (3.17ns)   --->   "%mul_ln178_1 = mul i32 %tmp_2, i32 %tmp_1" [q5_kernel.cpp:178]   --->   Operation 46 'mul' 'mul_ln178_1' <Predicate = true> <Delay = 3.17> <CoreInst = "Multiplier">   --->   Core 3 'Multiplier' <Latency = 0> <II = 1> <Delay = 3.17> <FuncUnit> <Opcode : 'mul'> <InPorts = 2> <OutPorts = 1>
ST_2 : Operation 47 [1/1] (3.17ns)   --->   "%mul_ln179_1 = mul i32 %sum_1, i32 %diff_1" [q5_kernel.cpp:179]   --->   Operation 47 'mul' 'mul_ln179_1' <Predicate = true> <Delay = 3.17> <CoreInst = "Multiplier">   --->   Core 3 'Multiplier' <Latency = 0> <II = 1> <Delay = 3.17> <FuncUnit> <Opcode : 'mul'> <InPorts = 2> <OutPorts = 1>
ST_2 : Operation 48 [1/1] (0.00ns)   --->   "%tmp_3 = partselect i32 @_ssdm_op_PartSelect.i32.i128.i32.i32, i128 %A_load, i32 64, i32 95" [q5_kernel.cpp:174]   --->   Operation 48 'partselect' 'tmp_3' <Predicate = true> <Delay = 0.00>
ST_2 : Operation 49 [1/1] (0.00ns)   --->   "%tmp_4 = partselect i32 @_ssdm_op_PartSelect.i32.i128.i32.i32, i128 %B_load, i32 64, i32 95" [q5_kernel.cpp:174]   --->   Operation 49 'partselect' 'tmp_4' <Predicate = true> <Delay = 0.00>
ST_2 : Operation 50 [1/1] (0.88ns)   --->   "%sum_2 = add i32 %tmp_4, i32 %tmp_3" [q5_kernel.cpp:174]   --->   Operation 50 'add' 'sum_2' <Predicate = true> <Delay = 0.88> <CoreInst = "Adder">   --->   Core 1 'Adder' <Latency = 0> <II = 1> <Delay = 0.88> <FuncUnit> <Opcode : 'add' 'sub'> <InPorts = 2> <OutPorts = 1>
ST_2 : Operation 51 [1/1] (0.88ns)   --->   "%diff_2 = sub i32 %tmp_3, i32 %tmp_4" [q5_kernel.cpp:175]   --->   Operation 51 'sub' 'diff_2' <Predicate = true> <Delay = 0.88> <CoreInst = "Adder">   --->   Core 1 'Adder' <Latency = 0> <II = 1> <Delay = 0.88> <FuncUnit> <Opcode : 'add' 'sub'> <InPorts = 2> <OutPorts = 1>
ST_2 : Operation 52 [1/1] (3.17ns)   --->   "%mul_ln178_2 = mul i32 %tmp_4, i32 %tmp_3" [q5_kernel.cpp:178]   --->   Operation 52 'mul' 'mul_ln178_2' <Predicate = true> <Delay = 3.17> <CoreInst = "Multiplier">   --->   Core 3 'Multiplier' <Latency = 0> <II = 1> <Delay = 3.17> <FuncUnit> <Opcode : 'mul'> <InPorts = 2> <OutPorts = 1>
ST_2 : Operation 53 [1/1] (3.17ns)   --->   "%mul_ln179_2 = mul i32 %sum_2, i32 %diff_2" [q5_kernel.cpp:179]   --->   Operation 53 'mul' 'mul_ln179_2' <Predicate = true> <Delay = 3.17> <CoreInst = "Multiplier">   --->   Core 3 'Multiplier' <Latency = 0> <II = 1> <Delay = 3.17> <FuncUnit> <Opcode : 'mul'> <InPorts = 2> <OutPorts = 1>
ST_2 : Operation 54 [1/1] (0.00ns)   --->   "%tmp_5 = partselect i32 @_ssdm_op_PartSelect.i32.i128.i32.i32, i128 %A_load, i32 96, i32 127" [q5_kernel.cpp:174]   --->   Operation 54 'partselect' 'tmp_5' <Predicate = true> <Delay = 0.00>
ST_2 : Operation 55 [1/1] (0.00ns)   --->   "%tmp_6 = partselect i32 @_ssdm_op_PartSelect.i32.i128.i32.i32, i128 %B_load, i32 96, i32 127" [q5_kernel.cpp:174]   --->   Operation 55 'partselect' 'tmp_6' <Predicate = true> <Delay = 0.00>
ST_2 : Operation 56 [1/1] (0.88ns)   --->   "%sum_3 = add i32 %tmp_6, i32 %tmp_5" [q5_kernel.cpp:174]   --->   Operation 56 'add' 'sum_3' <Predicate = true> <Delay = 0.88> <CoreInst = "Adder">   --->   Core 1 'Adder' <Latency = 0> <II = 1> <Delay = 0.88> <FuncUnit> <Opcode : 'add' 'sub'> <InPorts = 2> <OutPorts = 1>
ST_2 : Operation 57 [1/1] (0.88ns)   --->   "%diff_3 = sub i32 %tmp_5, i32 %tmp_6" [q5_kernel.cpp:175]   --->   Operation 57 'sub' 'diff_3' <Predicate = true> <Delay = 0.88> <CoreInst = "Adder">   --->   Core 1 'Adder' <Latency = 0> <II = 1> <Delay = 0.88> <FuncUnit> <Opcode : 'add' 'sub'> <InPorts = 2> <OutPorts = 1>
ST_2 : Operation 58 [1/1] (0.00ns)   --->   "%tmp_8 = bitconcatenate i128 @_ssdm_op_BitConcatenate.i128.i32.i32.i32.i32, i32 %sum_3, i32 %sum_2, i32 %sum_1, i32 %sum" [q5_kernel.cpp:177]   --->   Operation 58 'bitconcatenate' 'tmp_8' <Predicate = true> <Delay = 0.00>
ST_2 : Operation 59 [1/1] (0.00ns)   --->   "%C_addr = getelementptr i128 %C, i64 0, i64 %zext_ln171" [q5_kernel.cpp:177]   --->   Operation 59 'getelementptr' 'C_addr' <Predicate = true> <Delay = 0.00>
ST_2 : Operation 60 [1/1] (0.73ns)   --->   "%store_ln177 = store i128 %tmp_8, i4 %C_addr" [q5_kernel.cpp:177]   --->   Operation 60 'store' 'store_ln177' <Predicate = true> <Delay = 0.73> <CoreInst = "RAM">   --->   Core 82 'RAM' <Latency = 1> <II = 1> <Delay = 0.73> <Storage> <Opcode : 'load' 'store'> <Ports = 2> <Width = 128> <Depth = 16> <RAM>
ST_2 : Operation 61 [1/1] (3.17ns)   --->   "%mul_ln178_3 = mul i32 %tmp_6, i32 %tmp_5" [q5_kernel.cpp:178]   --->   Operation 61 'mul' 'mul_ln178_3' <Predicate = true> <Delay = 3.17> <CoreInst = "Multiplier">   --->   Core 3 'Multiplier' <Latency = 0> <II = 1> <Delay = 3.17> <FuncUnit> <Opcode : 'mul'> <InPorts = 2> <OutPorts = 1>
ST_2 : Operation 62 [1/1] (0.00ns)   --->   "%tmp_9 = bitconcatenate i128 @_ssdm_op_BitConcatenate.i128.i32.i32.i32.i32, i32 %mul_ln178_3, i32 %mul_ln178_2, i32 %mul_ln178_1, i32 %mul_ln178" [q5_kernel.cpp:178]   --->   Operation 62 'bitconcatenate' 'tmp_9' <Predicate = true> <Delay = 0.00>
ST_2 : Operation 63 [1/1] (0.00ns)   --->   "%D_addr = getelementptr i128 %D, i64 0, i64 %zext_ln171" [q5_kernel.cpp:178]   --->   Operation 63 'getelementptr' 'D_addr' <Predicate = true> <Delay = 0.00>
ST_2 : Operation 64 [1/1] (0.73ns)   --->   "%store_ln178 = store i128 %tmp_9, i4 %D_addr" [q5_kernel.cpp:178]   --->   Operation 64 'store' 'store_ln178' <Predicate = true> <Delay = 0.73> <CoreInst = "RAM">   --->   Core 82 'RAM' <Latency = 1> <II = 1> <Delay = 0.73> <Storage> <Opcode : 'load' 'store'> <Ports = 2> <Width = 128> <Depth = 16> <RAM>
ST_2 : Operation 65 [1/1] (3.17ns)   --->   "%mul_ln179_3 = mul i32 %sum_3, i32 %diff_3" [q5_kernel.cpp:179]   --->   Operation 65 'mul' 'mul_ln179_3' <Predicate = true> <Delay = 3.17> <CoreInst = "Multiplier">   --->   Core 3 'Multiplier' <Latency = 0> <II = 1> <Delay = 3.17> <FuncUnit> <Opcode : 'mul'> <InPorts = 2> <OutPorts = 1>
ST_2 : Operation 66 [1/1] (0.00ns)   --->   "%tmp_s = bitconcatenate i128 @_ssdm_op_BitConcatenate.i128.i32.i32.i32.i32, i32 %mul_ln179_3, i32 %mul_ln179_2, i32 %mul_ln179_1, i32 %mul_ln179" [q5_kernel.cpp:179]   --->   Operation 66 'bitconcatenate' 'tmp_s' <Predicate = true> <Delay = 0.00>
ST_2 : Operation 67 [1/1] (0.00ns)   --->   "%E_addr = getelementptr i128 %E, i64 0, i64 %zext_ln171" [q5_kernel.cpp:179]   --->   Operation 67 'getelementptr' 'E_addr' <Predicate = true> <Delay = 0.00>
ST_2 : Operation 68 [1/1] (0.73ns)   --->   "%store_ln179 = store i128 %tmp_s, i4 %E_addr" [q5_kernel.cpp:179]   --->   Operation 68 'store' 'store_ln179' <Predicate = true> <Delay = 0.73> <CoreInst = "RAM">   --->   Core 82 'RAM' <Latency = 1> <II = 1> <Delay = 0.73> <Storage> <Opcode : 'load' 'store'> <Ports = 2> <Width = 128> <Depth = 16> <RAM>
ST_2 : Operation 69 [1/1] (0.38ns)   --->   "%ret_ln181 = ret" [q5_kernel.cpp:181]   --->   Operation 69 'ret' 'ret_ln181' <Predicate = (tmp)> <Delay = 0.38>


============================================================
+ Verbose Summary: Binding
============================================================
STG Binding: 
---------------- STG Properties BEGIN ----------------
- Is combinational: 0
- Is one-state seq: 0
- Is datapath-only: 0
- Is pipelined: 0
- Is top level: 1
Port [ Return ] is wired: 1; IO mode=ap_ctrl_hs:ce=0
Port [ A]:  wired=1; compound=1; hidden=0; nouse=0; global=0; static=0; extern=0; dir=0; type=1; pingpong=0; private_global=0; MemPort=[13]; IO mode=ap_memory:ce=0
Port [ B]:  wired=1; compound=1; hidden=0; nouse=0; global=0; static=0; extern=0; dir=0; type=1; pingpong=0; private_global=0; MemPort=[13]; IO mode=ap_memory:ce=0
Port [ C]:  wired=1; compound=1; hidden=0; nouse=0; global=0; static=0; extern=0; dir=1; type=1; pingpong=0; private_global=0; MemPort=[03]; IO mode=ap_memory:ce=0
Port [ D]:  wired=1; compound=1; hidden=0; nouse=0; global=0; static=0; extern=0; dir=1; type=1; pingpong=0; private_global=0; MemPort=[03]; IO mode=ap_memory:ce=0
Port [ E]:  wired=1; compound=1; hidden=0; nouse=0; global=0; static=0; extern=0; dir=1; type=1; pingpong=0; private_global=0; MemPort=[03]; IO mode=ap_memory:ce=0
---------------- STG Properties END ------------------

---------------- Datapath Model BEGIN ----------------

<LifeTime>
<method=bitvector/>
i1                      (alloca           ) [ 010]
spectopmodule_ln0       (spectopmodule    ) [ 000]
specinterface_ln0       (specinterface    ) [ 000]
specbitsmap_ln0         (specbitsmap      ) [ 000]
specinterface_ln0       (specinterface    ) [ 000]
specbitsmap_ln0         (specbitsmap      ) [ 000]
specinterface_ln0       (specinterface    ) [ 000]
specbitsmap_ln0         (specbitsmap      ) [ 000]
specinterface_ln0       (specinterface    ) [ 000]
specbitsmap_ln0         (specbitsmap      ) [ 000]
specinterface_ln0       (specinterface    ) [ 000]
specbitsmap_ln0         (specbitsmap      ) [ 000]
specinterface_ln0       (specinterface    ) [ 000]
store_ln0               (store            ) [ 000]
br_ln171                (br               ) [ 000]
i1_load                 (load             ) [ 000]
lshr_ln                 (partselect       ) [ 000]
zext_ln171              (zext             ) [ 011]
A_addr                  (getelementptr    ) [ 011]
B_addr                  (getelementptr    ) [ 011]
i                       (add              ) [ 000]
tmp                     (bitselect        ) [ 011]
store_ln171             (store            ) [ 000]
br_ln171                (br               ) [ 000]
specpipeline_ln172      (specpipeline     ) [ 000]
speclooptripcount_ln171 (speclooptripcount) [ 000]
specloopname_ln171      (specloopname     ) [ 000]
A_load                  (load             ) [ 000]
trunc_ln174             (trunc            ) [ 000]
B_load                  (load             ) [ 000]
trunc_ln174_1           (trunc            ) [ 000]
sum                     (add              ) [ 000]
diff                    (sub              ) [ 000]
mul_ln178               (mul              ) [ 000]
mul_ln179               (mul              ) [ 000]
tmp_1                   (partselect       ) [ 000]
tmp_2                   (partselect       ) [ 000]
sum_1                   (add              ) [ 000]
diff_1                  (sub              ) [ 000]
mul_ln178_1             (mul              ) [ 000]
mul_ln179_1             (mul              ) [ 000]
tmp_3                   (partselect       ) [ 000]
tmp_4                   (partselect       ) [ 000]
sum_2                   (add              ) [ 000]
diff_2                  (sub              ) [ 000]
mul_ln178_2             (mul              ) [ 000]
mul_ln179_2             (mul              ) [ 000]
tmp_5                   (partselect       ) [ 000]
tmp_6                   (partselect       ) [ 000]
sum_3                   (add              ) [ 000]
diff_3                  (sub              ) [ 000]
tmp_8                   (bitconcatenate   ) [ 000]
C_addr                  (getelementptr    ) [ 000]
store_ln177             (store            ) [ 000]
mul_ln178_3             (mul              ) [ 000]
tmp_9                   (bitconcatenate   ) [ 000]
D_addr                  (getelementptr    ) [ 000]
store_ln178             (store            ) [ 000]
mul_ln179_3             (mul              ) [ 000]
tmp_s                   (bitconcatenate   ) [ 000]
E_addr                  (getelementptr    ) [ 000]
store_ln179             (store            ) [ 000]
ret_ln181               (ret              ) [ 000]
</LifeTime>

<model>

<comp_list>
<comp id="0" class="1000" name="A">
<pin_list>
<pin id="1" dir="1" index="0" bw="1" slack="0"/>
</pin_list>
<bind>
<StgValue><ssdm name="A"/><MemPortTyVec>1 3 </MemPortTyVec>
</StgValue>
</bind>
</comp>

<comp id="2" class="1000" name="B">
<pin_list>
<pin id="3" dir="1" index="0" bw="1" slack="0"/>
</pin_list>
<bind>
<StgValue><ssdm name="B"/><MemPortTyVec>1 3 </MemPortTyVec>
</StgValue>
</bind>
</comp>

<comp id="4" class="1000" name="C">
<pin_list>
<pin id="5" dir="1" index="0" bw="1" slack="0"/>
</pin_list>
<bind>
<StgValue><ssdm name="C"/><MemPortTyVec>0 3 </MemPortTyVec>
</StgValue>
</bind>
</comp>

<comp id="6" class="1000" name="D">
<pin_list>
<pin id="7" dir="1" index="0" bw="1" slack="0"/>
</pin_list>
<bind>
<StgValue><ssdm name="D"/><MemPortTyVec>0 3 </MemPortTyVec>
</StgValue>
</bind>
</comp>

<comp id="8" class="1000" name="E">
<pin_list>
<pin id="9" dir="1" index="0" bw="1" slack="0"/>
</pin_list>
<bind>
<StgValue><ssdm name="E"/><MemPortTyVec>0 3 </MemPortTyVec>
</StgValue>
</bind>
</comp>

<comp id="10" class="1001" name="const_10">
<pin_list>
<pin id="11" dir="1" index="0" bw="1" slack="0"/>
</pin_list>
<bind>
<StgValue><ssdm name=""/></StgValue>
</bind>
</comp>

<comp id="12" class="1001" name="const_12">
<pin_list>
<pin id="13" dir="1" index="0" bw="1" slack="2147483647"/>
</pin_list>
<bind>
<StgValue><ssdm name="_ssdm_op_SpecTopModule"/></StgValue>
</bind>
</comp>

<comp id="14" class="1001" name="const_14">
<pin_list>
<pin id="15" dir="1" index="0" bw="1" slack="2147483647"/>
</pin_list>
<bind>
<StgValue><ssdm name="empty_3"/></StgValue>
</bind>
</comp>

<comp id="16" class="1001" name="const_16">
<pin_list>
<pin id="17" dir="1" index="0" bw="1" slack="2147483647"/>
</pin_list>
<bind>
<StgValue><ssdm name="_ssdm_op_SpecInterface"/></StgValue>
</bind>
</comp>

<comp id="18" class="1001" name="const_18">
<pin_list>
<pin id="19" dir="1" index="0" bw="1" slack="2147483647"/>
</pin_list>
<bind>
<StgValue><ssdm name="empty"/></StgValue>
</bind>
</comp>

<comp id="20" class="1001" name="const_20">
<pin_list>
<pin id="21" dir="1" index="0" bw="1" slack="2147483647"/>
</pin_list>
<bind>
<StgValue><ssdm name=""/></StgValue>
</bind>
</comp>

<comp id="22" class="1001" name="const_22">
<pin_list>
<pin id="23" dir="1" index="0" bw="1" slack="2147483647"/>
</pin_list>
<bind>
<StgValue><ssdm name="empty_0"/></StgValue>
</bind>
</comp>

<comp id="24" class="1001" name="const_24">
<pin_list>
<pin id="25" dir="1" index="0" bw="1" slack="2147483647"/>
</pin_list>
<bind>
<StgValue><ssdm name=""/></StgValue>
</bind>
</comp>

<comp id="26" class="1001" name="const_26">
<pin_list>
<pin id="27" dir="1" index="0" bw="1" slack="2147483647"/>
</pin_list>
<bind>
<StgValue><ssdm name="_ssdm_op_SpecBitsMap"/></StgValue>
</bind>
</comp>

<comp id="28" class="1001" name="const_28">
<pin_list>
<pin id="29" dir="1" index="0" bw="1" slack="2147483647"/>
</pin_list>
<bind>
<StgValue><ssdm name="empty_1"/></StgValue>
</bind>
</comp>

<comp id="30" class="1001" name="const_30">
<pin_list>
<pin id="31" dir="1" index="0" bw="1" slack="2147483647"/>
</pin_list>
<bind>
<StgValue><ssdm name="empty_2"/></StgValue>
</bind>
</comp>

<comp id="32" class="1001" name="const_32">
<pin_list>
<pin id="33" dir="1" index="0" bw="1" slack="0"/>
</pin_list>
<bind>
<StgValue><ssdm name=""/></StgValue>
</bind>
</comp>

<comp id="34" class="1001" name="const_34">
<pin_list>
<pin id="35" dir="1" index="0" bw="1" slack="0"/>
</pin_list>
<bind>
<StgValue><ssdm name="_ssdm_op_PartSelect.i4.i7.i32.i32"/></StgValue>
</bind>
</comp>

<comp id="36" class="1001" name="const_36">
<pin_list>
<pin id="37" dir="1" index="0" bw="1" slack="0"/>
</pin_list>
<bind>
<StgValue><ssdm name=""/></StgValue>
</bind>
</comp>

<comp id="38" class="1001" name="const_38">
<pin_list>
<pin id="39" dir="1" index="0" bw="1" slack="0"/>
</pin_list>
<bind>
<StgValue><ssdm name=""/></StgValue>
</bind>
</comp>

<comp id="40" class="1001" name="const_40">
<pin_list>
<pin id="41" dir="1" index="0" bw="1" slack="0"/>
</pin_list>
<bind>
<StgValue><ssdm name=""/></StgValue>
</bind>
</comp>

<comp id="42" class="1001" name="const_42">
<pin_list>
<pin id="43" dir="1" index="0" bw="1" slack="0"/>
</pin_list>
<bind>
<StgValue><ssdm name=""/></StgValue>
</bind>
</comp>

<comp id="44" class="1001" name="const_44">
<pin_list>
<pin id="45" dir="1" index="0" bw="1" slack="0"/>
</pin_list>
<bind>
<StgValue><ssdm name="_ssdm_op_BitSelect.i1.i7.i32"/></StgValue>
</bind>
</comp>

<comp id="46" class="1001" name="const_46">
<pin_list>
<pin id="47" dir="1" index="0" bw="1" slack="0"/>
</pin_list>
<bind>
<StgValue><ssdm name=""/></StgValue>
</bind>
</comp>

<comp id="48" class="1001" name="const_48">
<pin_list>
<pin id="49" dir="1" index="0" bw="1" slack="2147483647"/>
</pin_list>
<bind>
<StgValue><ssdm name="_ssdm_op_SpecPipeline"/></StgValue>
</bind>
</comp>

<comp id="50" class="1001" name="const_50">
<pin_list>
<pin id="51" dir="1" index="0" bw="1" slack="2147483647"/>
</pin_list>
<bind>
<StgValue><ssdm name="_ssdm_op_SpecLoopTripCount"/></StgValue>
</bind>
</comp>

<comp id="52" class="1001" name="const_52">
<pin_list>
<pin id="53" dir="1" index="0" bw="1" slack="2147483647"/>
</pin_list>
<bind>
<StgValue><ssdm name=""/></StgValue>
</bind>
</comp>

<comp id="54" class="1001" name="const_54">
<pin_list>
<pin id="55" dir="1" index="0" bw="1" slack="2147483647"/>
</pin_list>
<bind>
<StgValue><ssdm name="_ssdm_op_SpecLoopName"/></StgValue>
</bind>
</comp>

<comp id="56" class="1001" name="const_56">
<pin_list>
<pin id="57" dir="1" index="0" bw="1" slack="2147483647"/>
</pin_list>
<bind>
<StgValue><ssdm name="empty_4"/></StgValue>
</bind>
</comp>

<comp id="58" class="1001" name="const_58">
<pin_list>
<pin id="59" dir="1" index="0" bw="1" slack="0"/>
</pin_list>
<bind>
<StgValue><ssdm name="_ssdm_op_PartSelect.i32.i128.i32.i32"/></StgValue>
</bind>
</comp>

<comp id="60" class="1001" name="const_60">
<pin_list>
<pin id="61" dir="1" index="0" bw="1" slack="0"/>
</pin_list>
<bind>
<StgValue><ssdm name=""/></StgValue>
</bind>
</comp>

<comp id="62" class="1001" name="const_62">
<pin_list>
<pin id="63" dir="1" index="0" bw="1" slack="0"/>
</pin_list>
<bind>
<StgValue><ssdm name=""/></StgValue>
</bind>
</comp>

<comp id="64" class="1001" name="const_64">
<pin_list>
<pin id="65" dir="1" index="0" bw="1" slack="0"/>
</pin_list>
<bind>
<StgValue><ssdm name=""/></StgValue>
</bind>
</comp>

<comp id="66" class="1001" name="const_66">
<pin_list>
<pin id="67" dir="1" index="0" bw="1" slack="0"/>
</pin_list>
<bind>
<StgValue><ssdm name=""/></StgValue>
</bind>
</comp>

<comp id="68" class="1001" name="const_68">
<pin_list>
<pin id="69" dir="1" index="0" bw="1" slack="0"/>
</pin_list>
<bind>
<StgValue><ssdm name=""/></StgValue>
</bind>
</comp>

<comp id="70" class="1001" name="const_70">
<pin_list>
<pin id="71" dir="1" index="0" bw="1" slack="0"/>
</pin_list>
<bind>
<StgValue><ssdm name=""/></StgValue>
</bind>
</comp>

<comp id="72" class="1001" name="const_72">
<pin_list>
<pin id="73" dir="1" index="0" bw="1" slack="0"/>
</pin_list>
<bind>
<StgValue><ssdm name="_ssdm_op_BitConcatenate.i128.i32.i32.i32.i32"/></StgValue>
</bind>
</comp>

<comp id="74" class="1004" name="i1_fu_74">
<pin_list>
<pin id="75" dir="0" index="0" bw="1" slack="0"/>
<pin id="76" dir="1" index="1" bw="7" slack="0"/>
</pin_list>
<bind>
<opcode="alloca(26) " fcode="alloca"/>
<opset="i1/1 "/>
</bind>
</comp>

<comp id="78" class="1004" name="A_addr_gep_fu_78">
<pin_list>
<pin id="79" dir="0" index="0" bw="128" slack="0"/>
<pin id="80" dir="0" index="1" bw="1" slack="0"/>
<pin id="81" dir="0" index="2" bw="4" slack="0"/>
<pin id="82" dir="1" index="3" bw="4" slack="0"/>
</pin_list>
<bind>
<opcode="getelementptr(29) " fcode="getelementptr"/>
<opset="A_addr/1 "/>
</bind>
</comp>

<comp id="85" class="1004" name="grp_access_fu_85">
<pin_list>
<pin id="86" dir="0" index="0" bw="4" slack="0"/>
<pin id="87" dir="0" index="1" bw="128" slack="2147483647"/>
<pin id="88" dir="0" index="2" bw="0" slack="2147483647"/>
<pin id="89" dir="1" index="3" bw="128" slack="0"/>
</pin_list>
<bind>
<opcode="load(27) " fcode="load"/>
<opset="A_load/1 "/>
</bind>
</comp>

<comp id="91" class="1004" name="B_addr_gep_fu_91">
<pin_list>
<pin id="92" dir="0" index="0" bw="128" slack="0"/>
<pin id="93" dir="0" index="1" bw="1" slack="0"/>
<pin id="94" dir="0" index="2" bw="4" slack="0"/>
<pin id="95" dir="1" index="3" bw="4" slack="0"/>
</pin_list>
<bind>
<opcode="getelementptr(29) " fcode="getelementptr"/>
<opset="B_addr/1 "/>
</bind>
</comp>

<comp id="98" class="1004" name="grp_access_fu_98">
<pin_list>
<pin id="99" dir="0" index="0" bw="4" slack="0"/>
<pin id="100" dir="0" index="1" bw="128" slack="2147483647"/>
<pin id="101" dir="0" index="2" bw="0" slack="2147483647"/>
<pin id="102" dir="1" index="3" bw="128" slack="0"/>
</pin_list>
<bind>
<opcode="load(27) " fcode="load"/>
<opset="B_load/1 "/>
</bind>
</comp>

<comp id="104" class="1004" name="C_addr_gep_fu_104">
<pin_list>
<pin id="105" dir="0" index="0" bw="128" slack="0"/>
<pin id="106" dir="0" index="1" bw="1" slack="0"/>
<pin id="107" dir="0" index="2" bw="4" slack="1"/>
<pin id="108" dir="1" index="3" bw="4" slack="0"/>
</pin_list>
<bind>
<opcode="getelementptr(29) " fcode="getelementptr"/>
<opset="C_addr/2 "/>
</bind>
</comp>

<comp id="111" class="1004" name="store_ln177_access_fu_111">
<pin_list>
<pin id="112" dir="0" index="0" bw="4" slack="0"/>
<pin id="113" dir="0" index="1" bw="128" slack="0"/>
<pin id="114" dir="0" index="2" bw="0" slack="2147483647"/>
<pin id="115" dir="1" index="3" bw="128" slack="2147483647"/>
</pin_list>
<bind>
<opcode="store(28) " fcode="store"/>
<opset="store_ln177/2 "/>
</bind>
</comp>

<comp id="117" class="1004" name="D_addr_gep_fu_117">
<pin_list>
<pin id="118" dir="0" index="0" bw="128" slack="0"/>
<pin id="119" dir="0" index="1" bw="1" slack="0"/>
<pin id="120" dir="0" index="2" bw="4" slack="1"/>
<pin id="121" dir="1" index="3" bw="4" slack="0"/>
</pin_list>
<bind>
<opcode="getelementptr(29) " fcode="getelementptr"/>
<opset="D_addr/2 "/>
</bind>
</comp>

<comp id="124" class="1004" name="store_ln178_access_fu_124">
<pin_list>
<pin id="125" dir="0" index="0" bw="4" slack="0"/>
<pin id="126" dir="0" index="1" bw="128" slack="0"/>
<pin id="127" dir="0" index="2" bw="0" slack="2147483647"/>
<pin id="128" dir="1" index="3" bw="128" slack="2147483647"/>
</pin_list>
<bind>
<opcode="store(28) " fcode="store"/>
<opset="store_ln178/2 "/>
</bind>
</comp>

<comp id="130" class="1004" name="E_addr_gep_fu_130">
<pin_list>
<pin id="131" dir="0" index="0" bw="128" slack="0"/>
<pin id="132" dir="0" index="1" bw="1" slack="0"/>
<pin id="133" dir="0" index="2" bw="4" slack="1"/>
<pin id="134" dir="1" index="3" bw="4" slack="0"/>
</pin_list>
<bind>
<opcode="getelementptr(29) " fcode="getelementptr"/>
<opset="E_addr/2 "/>
</bind>
</comp>

<comp id="137" class="1004" name="store_ln179_access_fu_137">
<pin_list>
<pin id="138" dir="0" index="0" bw="4" slack="0"/>
<pin id="139" dir="0" index="1" bw="128" slack="0"/>
<pin id="140" dir="0" index="2" bw="0" slack="2147483647"/>
<pin id="141" dir="1" index="3" bw="128" slack="2147483647"/>
</pin_list>
<bind>
<opcode="store(28) " fcode="store"/>
<opset="store_ln179/2 "/>
</bind>
</comp>

<comp id="143" class="1004" name="mul_ln178_fu_143">
<pin_list>
<pin id="144" dir="0" index="0" bw="32" slack="0"/>
<pin id="145" dir="0" index="1" bw="32" slack="0"/>
<pin id="146" dir="1" index="2" bw="32" slack="0"/>
</pin_list>
<bind>
<opcode="mul(12) " fcode="mul"/>
<opset="mul_ln178/2 "/>
</bind>
</comp>

<comp id="147" class="1004" name="mul_ln179_fu_147">
<pin_list>
<pin id="148" dir="0" index="0" bw="32" slack="0"/>
<pin id="149" dir="0" index="1" bw="32" slack="0"/>
<pin id="150" dir="1" index="2" bw="32" slack="0"/>
</pin_list>
<bind>
<opcode="mul(12) " fcode="mul"/>
<opset="mul_ln179/2 "/>
</bind>
</comp>

<comp id="151" class="1004" name="mul_ln178_1_fu_151">
<pin_list>
<pin id="152" dir="0" index="0" bw="32" slack="0"/>
<pin id="153" dir="0" index="1" bw="32" slack="0"/>
<pin id="154" dir="1" index="2" bw="32" slack="0"/>
</pin_list>
<bind>
<opcode="mul(12) " fcode="mul"/>
<opset="mul_ln178_1/2 "/>
</bind>
</comp>

<comp id="155" class="1004" name="mul_ln179_1_fu_155">
<pin_list>
<pin id="156" dir="0" index="0" bw="32" slack="0"/>
<pin id="157" dir="0" index="1" bw="32" slack="0"/>
<pin id="158" dir="1" index="2" bw="32" slack="0"/>
</pin_list>
<bind>
<opcode="mul(12) " fcode="mul"/>
<opset="mul_ln179_1/2 "/>
</bind>
</comp>

<comp id="159" class="1004" name="mul_ln178_2_fu_159">
<pin_list>
<pin id="160" dir="0" index="0" bw="32" slack="0"/>
<pin id="161" dir="0" index="1" bw="32" slack="0"/>
<pin id="162" dir="1" index="2" bw="32" slack="0"/>
</pin_list>
<bind>
<opcode="mul(12) " fcode="mul"/>
<opset="mul_ln178_2/2 "/>
</bind>
</comp>

<comp id="163" class="1004" name="mul_ln179_2_fu_163">
<pin_list>
<pin id="164" dir="0" index="0" bw="32" slack="0"/>
<pin id="165" dir="0" index="1" bw="32" slack="0"/>
<pin id="166" dir="1" index="2" bw="32" slack="0"/>
</pin_list>
<bind>
<opcode="mul(12) " fcode="mul"/>
<opset="mul_ln179_2/2 "/>
</bind>
</comp>

<comp id="167" class="1004" name="mul_ln178_3_fu_167">
<pin_list>
<pin id="168" dir="0" index="0" bw="32" slack="0"/>
<pin id="169" dir="0" index="1" bw="32" slack="0"/>
<pin id="170" dir="1" index="2" bw="32" slack="0"/>
</pin_list>
<bind>
<opcode="mul(12) " fcode="mul"/>
<opset="mul_ln178_3/2 "/>
</bind>
</comp>

<comp id="171" class="1004" name="mul_ln179_3_fu_171">
<pin_list>
<pin id="172" dir="0" index="0" bw="32" slack="0"/>
<pin id="173" dir="0" index="1" bw="32" slack="0"/>
<pin id="174" dir="1" index="2" bw="32" slack="0"/>
</pin_list>
<bind>
<opcode="mul(12) " fcode="mul"/>
<opset="mul_ln179_3/2 "/>
</bind>
</comp>

<comp id="175" class="1004" name="store_ln0_store_fu_175">
<pin_list>
<pin id="176" dir="0" index="0" bw="1" slack="0"/>
<pin id="177" dir="0" index="1" bw="7" slack="0"/>
<pin id="178" dir="1" index="2" bw="0" slack="2147483647"/>
</pin_list>
<bind>
<opcode="store(28) " fcode="store"/>
<opset="store_ln0/1 "/>
</bind>
</comp>

<comp id="180" class="1004" name="i1_load_load_fu_180">
<pin_list>
<pin id="181" dir="0" index="0" bw="7" slack="0"/>
<pin id="182" dir="1" index="1" bw="7" slack="0"/>
</pin_list>
<bind>
<opcode="load(27) " fcode="load"/>
<opset="i1_load/1 "/>
</bind>
</comp>

<comp id="183" class="1004" name="lshr_ln_fu_183">
<pin_list>
<pin id="184" dir="0" index="0" bw="4" slack="0"/>
<pin id="185" dir="0" index="1" bw="7" slack="0"/>
<pin id="186" dir="0" index="2" bw="3" slack="0"/>
<pin id="187" dir="0" index="3" bw="4" slack="0"/>
<pin id="188" dir="1" index="4" bw="4" slack="0"/>
</pin_list>
<bind>
<opcode="partselect(1002) " fcode="partselect"/>
<opset="lshr_ln/1 "/>
</bind>
</comp>

<comp id="193" class="1004" name="zext_ln171_fu_193">
<pin_list>
<pin id="194" dir="0" index="0" bw="4" slack="0"/>
<pin id="195" dir="1" index="1" bw="64" slack="0"/>
</pin_list>
<bind>
<opcode="zext(34) " fcode="zext"/>
<opset="zext_ln171/1 "/>
</bind>
</comp>

<comp id="199" class="1004" name="i_fu_199">
<pin_list>
<pin id="200" dir="0" index="0" bw="7" slack="0"/>
<pin id="201" dir="0" index="1" bw="4" slack="0"/>
<pin id="202" dir="1" index="2" bw="7" slack="0"/>
</pin_list>
<bind>
<opcode="add(8) " fcode="add"/>
<opset="i/1 "/>
</bind>
</comp>

<comp id="205" class="1004" name="tmp_fu_205">
<pin_list>
<pin id="206" dir="0" index="0" bw="1" slack="0"/>
<pin id="207" dir="0" index="1" bw="7" slack="0"/>
<pin id="208" dir="0" index="2" bw="4" slack="0"/>
<pin id="209" dir="1" index="3" bw="1" slack="1"/>
</pin_list>
<bind>
<opcode="bitselect(1000) " fcode="bitselect"/>
<opset="tmp/1 "/>
</bind>
</comp>

<comp id="213" class="1004" name="store_ln171_store_fu_213">
<pin_list>
<pin id="214" dir="0" index="0" bw="7" slack="0"/>
<pin id="215" dir="0" index="1" bw="7" slack="0"/>
<pin id="216" dir="1" index="2" bw="0" slack="2147483647"/>
</pin_list>
<bind>
<opcode="store(28) " fcode="store"/>
<opset="store_ln171/1 "/>
</bind>
</comp>

<comp id="218" class="1004" name="trunc_ln174_fu_218">
<pin_list>
<pin id="219" dir="0" index="0" bw="128" slack="0"/>
<pin id="220" dir="1" index="1" bw="32" slack="0"/>
</pin_list>
<bind>
<opcode="trunc(33) " fcode="trunc"/>
<opset="trunc_ln174/2 "/>
</bind>
</comp>

<comp id="223" class="1004" name="trunc_ln174_1_fu_223">
<pin_list>
<pin id="224" dir="0" index="0" bw="128" slack="0"/>
<pin id="225" dir="1" index="1" bw="32" slack="0"/>
</pin_list>
<bind>
<opcode="trunc(33) " fcode="trunc"/>
<opset="trunc_ln174_1/2 "/>
</bind>
</comp>

<comp id="228" class="1004" name="sum_fu_228">
<pin_list>
<pin id="229" dir="0" index="0" bw="32" slack="0"/>
<pin id="230" dir="0" index="1" bw="32" slack="0"/>
<pin id="231" dir="1" index="2" bw="32" slack="0"/>
</pin_list>
<bind>
<opcode="add(8) " fcode="add"/>
<opset="sum/2 "/>
</bind>
</comp>

<comp id="235" class="1004" name="diff_fu_235">
<pin_list>
<pin id="236" dir="0" index="0" bw="32" slack="0"/>
<pin id="237" dir="0" index="1" bw="32" slack="0"/>
<pin id="238" dir="1" index="2" bw="32" slack="0"/>
</pin_list>
<bind>
<opcode="sub(10) " fcode="sub"/>
<opset="diff/2 "/>
</bind>
</comp>

<comp id="242" class="1004" name="tmp_1_fu_242">
<pin_list>
<pin id="243" dir="0" index="0" bw="32" slack="0"/>
<pin id="244" dir="0" index="1" bw="128" slack="0"/>
<pin id="245" dir="0" index="2" bw="7" slack="0"/>
<pin id="246" dir="0" index="3" bw="7" slack="0"/>
<pin id="247" dir="1" index="4" bw="32" slack="0"/>
</pin_list>
<bind>
<opcode="partselect(1002) " fcode="partselect"/>
<opset="tmp_1/2 "/>
</bind>
</comp>

<comp id="253" class="1004" name="tmp_2_fu_253">
<pin_list>
<pin id="254" dir="0" index="0" bw="32" slack="0"/>
<pin id="255" dir="0" index="1" bw="128" slack="0"/>
<pin id="256" dir="0" index="2" bw="7" slack="0"/>
<pin id="257" dir="0" index="3" bw="7" slack="0"/>
<pin id="258" dir="1" index="4" bw="32" slack="0"/>
</pin_list>
<bind>
<opcode="partselect(1002) " fcode="partselect"/>
<opset="tmp_2/2 "/>
</bind>
</comp>

<comp id="264" class="1004" name="sum_1_fu_264">
<pin_list>
<pin id="265" dir="0" index="0" bw="32" slack="0"/>
<pin id="266" dir="0" index="1" bw="32" slack="0"/>
<pin id="267" dir="1" index="2" bw="32" slack="0"/>
</pin_list>
<bind>
<opcode="add(8) " fcode="add"/>
<opset="sum_1/2 "/>
</bind>
</comp>

<comp id="271" class="1004" name="diff_1_fu_271">
<pin_list>
<pin id="272" dir="0" index="0" bw="32" slack="0"/>
<pin id="273" dir="0" index="1" bw="32" slack="0"/>
<pin id="274" dir="1" index="2" bw="32" slack="0"/>
</pin_list>
<bind>
<opcode="sub(10) " fcode="sub"/>
<opset="diff_1/2 "/>
</bind>
</comp>

<comp id="278" class="1004" name="tmp_3_fu_278">
<pin_list>
<pin id="279" dir="0" index="0" bw="32" slack="0"/>
<pin id="280" dir="0" index="1" bw="128" slack="0"/>
<pin id="281" dir="0" index="2" bw="8" slack="0"/>
<pin id="282" dir="0" index="3" bw="8" slack="0"/>
<pin id="283" dir="1" index="4" bw="32" slack="0"/>
</pin_list>
<bind>
<opcode="partselect(1002) " fcode="partselect"/>
<opset="tmp_3/2 "/>
</bind>
</comp>

<comp id="289" class="1004" name="tmp_4_fu_289">
<pin_list>
<pin id="290" dir="0" index="0" bw="32" slack="0"/>
<pin id="291" dir="0" index="1" bw="128" slack="0"/>
<pin id="292" dir="0" index="2" bw="8" slack="0"/>
<pin id="293" dir="0" index="3" bw="8" slack="0"/>
<pin id="294" dir="1" index="4" bw="32" slack="0"/>
</pin_list>
<bind>
<opcode="partselect(1002) " fcode="partselect"/>
<opset="tmp_4/2 "/>
</bind>
</comp>

<comp id="300" class="1004" name="sum_2_fu_300">
<pin_list>
<pin id="301" dir="0" index="0" bw="32" slack="0"/>
<pin id="302" dir="0" index="1" bw="32" slack="0"/>
<pin id="303" dir="1" index="2" bw="32" slack="0"/>
</pin_list>
<bind>
<opcode="add(8) " fcode="add"/>
<opset="sum_2/2 "/>
</bind>
</comp>

<comp id="307" class="1004" name="diff_2_fu_307">
<pin_list>
<pin id="308" dir="0" index="0" bw="32" slack="0"/>
<pin id="309" dir="0" index="1" bw="32" slack="0"/>
<pin id="310" dir="1" index="2" bw="32" slack="0"/>
</pin_list>
<bind>
<opcode="sub(10) " fcode="sub"/>
<opset="diff_2/2 "/>
</bind>
</comp>

<comp id="314" class="1004" name="tmp_5_fu_314">
<pin_list>
<pin id="315" dir="0" index="0" bw="32" slack="0"/>
<pin id="316" dir="0" index="1" bw="128" slack="0"/>
<pin id="317" dir="0" index="2" bw="8" slack="0"/>
<pin id="318" dir="0" index="3" bw="8" slack="0"/>
<pin id="319" dir="1" index="4" bw="32" slack="0"/>
</pin_list>
<bind>
<opcode="partselect(1002) " fcode="partselect"/>
<opset="tmp_5/2 "/>
</bind>
</comp>

<comp id="325" class="1004" name="tmp_6_fu_325">
<pin_list>
<pin id="326" dir="0" index="0" bw="32" slack="0"/>
<pin id="327" dir="0" index="1" bw="128" slack="0"/>
<pin id="328" dir="0" index="2" bw="8" slack="0"/>
<pin id="329" dir="0" index="3" bw="8" slack="0"/>
<pin id="330" dir="1" index="4" bw="32" slack="0"/>
</pin_list>
<bind>
<opcode="partselect(1002) " fcode="partselect"/>
<opset="tmp_6/2 "/>
</bind>
</comp>

<comp id="336" class="1004" name="sum_3_fu_336">
<pin_list>
<pin id="337" dir="0" index="0" bw="32" slack="0"/>
<pin id="338" dir="0" index="1" bw="32" slack="0"/>
<pin id="339" dir="1" index="2" bw="32" slack="0"/>
</pin_list>
<bind>
<opcode="add(8) " fcode="add"/>
<opset="sum_3/2 "/>
</bind>
</comp>

<comp id="343" class="1004" name="diff_3_fu_343">
<pin_list>
<pin id="344" dir="0" index="0" bw="32" slack="0"/>
<pin id="345" dir="0" index="1" bw="32" slack="0"/>
<pin id="346" dir="1" index="2" bw="32" slack="0"/>
</pin_list>
<bind>
<opcode="sub(10) " fcode="sub"/>
<opset="diff_3/2 "/>
</bind>
</comp>

<comp id="350" class="1004" name="tmp_8_fu_350">
<pin_list>
<pin id="351" dir="0" index="0" bw="128" slack="0"/>
<pin id="352" dir="0" index="1" bw="32" slack="0"/>
<pin id="353" dir="0" index="2" bw="32" slack="0"/>
<pin id="354" dir="0" index="3" bw="32" slack="0"/>
<pin id="355" dir="0" index="4" bw="32" slack="0"/>
<pin id="356" dir="1" index="5" bw="128" slack="0"/>
</pin_list>
<bind>
<opcode="bitconcatenate(1004) " fcode="bitconcatenate"/>
<opset="tmp_8/2 "/>
</bind>
</comp>

<comp id="363" class="1004" name="tmp_9_fu_363">
<pin_list>
<pin id="364" dir="0" index="0" bw="128" slack="0"/>
<pin id="365" dir="0" index="1" bw="32" slack="0"/>
<pin id="366" dir="0" index="2" bw="32" slack="0"/>
<pin id="367" dir="0" index="3" bw="32" slack="0"/>
<pin id="368" dir="0" index="4" bw="32" slack="0"/>
<pin id="369" dir="1" index="5" bw="128" slack="0"/>
</pin_list>
<bind>
<opcode="bitconcatenate(1004) " fcode="bitconcatenate"/>
<opset="tmp_9/2 "/>
</bind>
</comp>

<comp id="376" class="1004" name="tmp_s_fu_376">
<pin_list>
<pin id="377" dir="0" index="0" bw="128" slack="0"/>
<pin id="378" dir="0" index="1" bw="32" slack="0"/>
<pin id="379" dir="0" index="2" bw="32" slack="0"/>
<pin id="380" dir="0" index="3" bw="32" slack="0"/>
<pin id="381" dir="0" index="4" bw="32" slack="0"/>
<pin id="382" dir="1" index="5" bw="128" slack="0"/>
</pin_list>
<bind>
<opcode="bitconcatenate(1004) " fcode="bitconcatenate"/>
<opset="tmp_s/2 "/>
</bind>
</comp>

<comp id="389" class="1005" name="i1_reg_389">
<pin_list>
<pin id="390" dir="0" index="0" bw="7" slack="0"/>
<pin id="391" dir="1" index="1" bw="7" slack="0"/>
</pin_list>
<bind>
<opset="i1 "/>
</bind>
</comp>

<comp id="396" class="1005" name="zext_ln171_reg_396">
<pin_list>
<pin id="397" dir="0" index="0" bw="64" slack="1"/>
<pin id="398" dir="1" index="1" bw="64" slack="1"/>
</pin_list>
<bind>
<opset="zext_ln171 "/>
</bind>
</comp>

<comp id="403" class="1005" name="A_addr_reg_403">
<pin_list>
<pin id="404" dir="0" index="0" bw="4" slack="1"/>
<pin id="405" dir="1" index="1" bw="4" slack="1"/>
</pin_list>
<bind>
<opset="A_addr "/>
</bind>
</comp>

<comp id="408" class="1005" name="B_addr_reg_408">
<pin_list>
<pin id="409" dir="0" index="0" bw="4" slack="1"/>
<pin id="410" dir="1" index="1" bw="4" slack="1"/>
</pin_list>
<bind>
<opset="B_addr "/>
</bind>
</comp>

<comp id="413" class="1005" name="tmp_reg_413">
<pin_list>
<pin id="414" dir="0" index="0" bw="1" slack="1"/>
<pin id="415" dir="1" index="1" bw="1" slack="2147483647"/>
</pin_list>
<bind>
<opset="tmp "/>
</bind>
</comp>

</comp_list>

<net_list>
<net id="77"><net_src comp="10" pin="0"/><net_sink comp="74" pin=0"/></net>

<net id="83"><net_src comp="0" pin="0"/><net_sink comp="78" pin=0"/></net>

<net id="84"><net_src comp="40" pin="0"/><net_sink comp="78" pin=1"/></net>

<net id="90"><net_src comp="78" pin="3"/><net_sink comp="85" pin=0"/></net>

<net id="96"><net_src comp="2" pin="0"/><net_sink comp="91" pin=0"/></net>

<net id="97"><net_src comp="40" pin="0"/><net_sink comp="91" pin=1"/></net>

<net id="103"><net_src comp="91" pin="3"/><net_sink comp="98" pin=0"/></net>

<net id="109"><net_src comp="4" pin="0"/><net_sink comp="104" pin=0"/></net>

<net id="110"><net_src comp="40" pin="0"/><net_sink comp="104" pin=1"/></net>

<net id="116"><net_src comp="104" pin="3"/><net_sink comp="111" pin=0"/></net>

<net id="122"><net_src comp="6" pin="0"/><net_sink comp="117" pin=0"/></net>

<net id="123"><net_src comp="40" pin="0"/><net_sink comp="117" pin=1"/></net>

<net id="129"><net_src comp="117" pin="3"/><net_sink comp="124" pin=0"/></net>

<net id="135"><net_src comp="8" pin="0"/><net_sink comp="130" pin=0"/></net>

<net id="136"><net_src comp="40" pin="0"/><net_sink comp="130" pin=1"/></net>

<net id="142"><net_src comp="130" pin="3"/><net_sink comp="137" pin=0"/></net>

<net id="179"><net_src comp="32" pin="0"/><net_sink comp="175" pin=0"/></net>

<net id="189"><net_src comp="34" pin="0"/><net_sink comp="183" pin=0"/></net>

<net id="190"><net_src comp="180" pin="1"/><net_sink comp="183" pin=1"/></net>

<net id="191"><net_src comp="36" pin="0"/><net_sink comp="183" pin=2"/></net>

<net id="192"><net_src comp="38" pin="0"/><net_sink comp="183" pin=3"/></net>

<net id="196"><net_src comp="183" pin="4"/><net_sink comp="193" pin=0"/></net>

<net id="197"><net_src comp="193" pin="1"/><net_sink comp="78" pin=2"/></net>

<net id="198"><net_src comp="193" pin="1"/><net_sink comp="91" pin=2"/></net>

<net id="203"><net_src comp="180" pin="1"/><net_sink comp="199" pin=0"/></net>

<net id="204"><net_src comp="42" pin="0"/><net_sink comp="199" pin=1"/></net>

<net id="210"><net_src comp="44" pin="0"/><net_sink comp="205" pin=0"/></net>

<net id="211"><net_src comp="199" pin="2"/><net_sink comp="205" pin=1"/></net>

<net id="212"><net_src comp="46" pin="0"/><net_sink comp="205" pin=2"/></net>

<net id="217"><net_src comp="199" pin="2"/><net_sink comp="213" pin=0"/></net>

<net id="221"><net_src comp="85" pin="3"/><net_sink comp="218" pin=0"/></net>

<net id="222"><net_src comp="218" pin="1"/><net_sink comp="143" pin=1"/></net>

<net id="226"><net_src comp="98" pin="3"/><net_sink comp="223" pin=0"/></net>

<net id="227"><net_src comp="223" pin="1"/><net_sink comp="143" pin=0"/></net>

<net id="232"><net_src comp="223" pin="1"/><net_sink comp="228" pin=0"/></net>

<net id="233"><net_src comp="218" pin="1"/><net_sink comp="228" pin=1"/></net>

<net id="234"><net_src comp="228" pin="2"/><net_sink comp="147" pin=0"/></net>

<net id="239"><net_src comp="218" pin="1"/><net_sink comp="235" pin=0"/></net>

<net id="240"><net_src comp="223" pin="1"/><net_sink comp="235" pin=1"/></net>

<net id="241"><net_src comp="235" pin="2"/><net_sink comp="147" pin=1"/></net>

<net id="248"><net_src comp="58" pin="0"/><net_sink comp="242" pin=0"/></net>

<net id="249"><net_src comp="85" pin="3"/><net_sink comp="242" pin=1"/></net>

<net id="250"><net_src comp="60" pin="0"/><net_sink comp="242" pin=2"/></net>

<net id="251"><net_src comp="62" pin="0"/><net_sink comp="242" pin=3"/></net>

<net id="252"><net_src comp="242" pin="4"/><net_sink comp="151" pin=1"/></net>

<net id="259"><net_src comp="58" pin="0"/><net_sink comp="253" pin=0"/></net>

<net id="260"><net_src comp="98" pin="3"/><net_sink comp="253" pin=1"/></net>

<net id="261"><net_src comp="60" pin="0"/><net_sink comp="253" pin=2"/></net>

<net id="262"><net_src comp="62" pin="0"/><net_sink comp="253" pin=3"/></net>

<net id="263"><net_src comp="253" pin="4"/><net_sink comp="151" pin=0"/></net>

<net id="268"><net_src comp="253" pin="4"/><net_sink comp="264" pin=0"/></net>

<net id="269"><net_src comp="242" pin="4"/><net_sink comp="264" pin=1"/></net>

<net id="270"><net_src comp="264" pin="2"/><net_sink comp="155" pin=0"/></net>

<net id="275"><net_src comp="242" pin="4"/><net_sink comp="271" pin=0"/></net>

<net id="276"><net_src comp="253" pin="4"/><net_sink comp="271" pin=1"/></net>

<net id="277"><net_src comp="271" pin="2"/><net_sink comp="155" pin=1"/></net>

<net id="284"><net_src comp="58" pin="0"/><net_sink comp="278" pin=0"/></net>

<net id="285"><net_src comp="85" pin="3"/><net_sink comp="278" pin=1"/></net>

<net id="286"><net_src comp="64" pin="0"/><net_sink comp="278" pin=2"/></net>

<net id="287"><net_src comp="66" pin="0"/><net_sink comp="278" pin=3"/></net>

<net id="288"><net_src comp="278" pin="4"/><net_sink comp="159" pin=1"/></net>

<net id="295"><net_src comp="58" pin="0"/><net_sink comp="289" pin=0"/></net>

<net id="296"><net_src comp="98" pin="3"/><net_sink comp="289" pin=1"/></net>

<net id="297"><net_src comp="64" pin="0"/><net_sink comp="289" pin=2"/></net>

<net id="298"><net_src comp="66" pin="0"/><net_sink comp="289" pin=3"/></net>

<net id="299"><net_src comp="289" pin="4"/><net_sink comp="159" pin=0"/></net>

<net id="304"><net_src comp="289" pin="4"/><net_sink comp="300" pin=0"/></net>

<net id="305"><net_src comp="278" pin="4"/><net_sink comp="300" pin=1"/></net>

<net id="306"><net_src comp="300" pin="2"/><net_sink comp="163" pin=0"/></net>

<net id="311"><net_src comp="278" pin="4"/><net_sink comp="307" pin=0"/></net>

<net id="312"><net_src comp="289" pin="4"/><net_sink comp="307" pin=1"/></net>

<net id="313"><net_src comp="307" pin="2"/><net_sink comp="163" pin=1"/></net>

<net id="320"><net_src comp="58" pin="0"/><net_sink comp="314" pin=0"/></net>

<net id="321"><net_src comp="85" pin="3"/><net_sink comp="314" pin=1"/></net>

<net id="322"><net_src comp="68" pin="0"/><net_sink comp="314" pin=2"/></net>

<net id="323"><net_src comp="70" pin="0"/><net_sink comp="314" pin=3"/></net>

<net id="324"><net_src comp="314" pin="4"/><net_sink comp="167" pin=1"/></net>

<net id="331"><net_src comp="58" pin="0"/><net_sink comp="325" pin=0"/></net>

<net id="332"><net_src comp="98" pin="3"/><net_sink comp="325" pin=1"/></net>

<net id="333"><net_src comp="68" pin="0"/><net_sink comp="325" pin=2"/></net>

<net id="334"><net_src comp="70" pin="0"/><net_sink comp="325" pin=3"/></net>

<net id="335"><net_src comp="325" pin="4"/><net_sink comp="167" pin=0"/></net>

<net id="340"><net_src comp="325" pin="4"/><net_sink comp="336" pin=0"/></net>

<net id="341"><net_src comp="314" pin="4"/><net_sink comp="336" pin=1"/></net>

<net id="342"><net_src comp="336" pin="2"/><net_sink comp="171" pin=0"/></net>

<net id="347"><net_src comp="314" pin="4"/><net_sink comp="343" pin=0"/></net>

<net id="348"><net_src comp="325" pin="4"/><net_sink comp="343" pin=1"/></net>

<net id="349"><net_src comp="343" pin="2"/><net_sink comp="171" pin=1"/></net>

<net id="357"><net_src comp="72" pin="0"/><net_sink comp="350" pin=0"/></net>

<net id="358"><net_src comp="336" pin="2"/><net_sink comp="350" pin=1"/></net>

<net id="359"><net_src comp="300" pin="2"/><net_sink comp="350" pin=2"/></net>

<net id="360"><net_src comp="264" pin="2"/><net_sink comp="350" pin=3"/></net>

<net id="361"><net_src comp="228" pin="2"/><net_sink comp="350" pin=4"/></net>

<net id="362"><net_src comp="350" pin="5"/><net_sink comp="111" pin=1"/></net>

<net id="370"><net_src comp="72" pin="0"/><net_sink comp="363" pin=0"/></net>

<net id="371"><net_src comp="167" pin="2"/><net_sink comp="363" pin=1"/></net>

<net id="372"><net_src comp="159" pin="2"/><net_sink comp="363" pin=2"/></net>

<net id="373"><net_src comp="151" pin="2"/><net_sink comp="363" pin=3"/></net>

<net id="374"><net_src comp="143" pin="2"/><net_sink comp="363" pin=4"/></net>

<net id="375"><net_src comp="363" pin="5"/><net_sink comp="124" pin=1"/></net>

<net id="383"><net_src comp="72" pin="0"/><net_sink comp="376" pin=0"/></net>

<net id="384"><net_src comp="171" pin="2"/><net_sink comp="376" pin=1"/></net>

<net id="385"><net_src comp="163" pin="2"/><net_sink comp="376" pin=2"/></net>

<net id="386"><net_src comp="155" pin="2"/><net_sink comp="376" pin=3"/></net>

<net id="387"><net_src comp="147" pin="2"/><net_sink comp="376" pin=4"/></net>

<net id="388"><net_src comp="376" pin="5"/><net_sink comp="137" pin=1"/></net>

<net id="392"><net_src comp="74" pin="1"/><net_sink comp="389" pin=0"/></net>

<net id="393"><net_src comp="389" pin="1"/><net_sink comp="175" pin=1"/></net>

<net id="394"><net_src comp="389" pin="1"/><net_sink comp="180" pin=0"/></net>

<net id="395"><net_src comp="389" pin="1"/><net_sink comp="213" pin=1"/></net>

<net id="399"><net_src comp="193" pin="1"/><net_sink comp="396" pin=0"/></net>

<net id="400"><net_src comp="396" pin="1"/><net_sink comp="104" pin=2"/></net>

<net id="401"><net_src comp="396" pin="1"/><net_sink comp="117" pin=2"/></net>

<net id="402"><net_src comp="396" pin="1"/><net_sink comp="130" pin=2"/></net>

<net id="406"><net_src comp="78" pin="3"/><net_sink comp="403" pin=0"/></net>

<net id="407"><net_src comp="403" pin="1"/><net_sink comp="85" pin=0"/></net>

<net id="411"><net_src comp="91" pin="3"/><net_sink comp="408" pin=0"/></net>

<net id="412"><net_src comp="408" pin="1"/><net_sink comp="98" pin=0"/></net>

<net id="416"><net_src comp="205" pin="3"/><net_sink comp="413" pin=0"/></net>

</net_list>

</model> 
---------------- Datapath Model END ------------------

* FSMD analyzer results:
  - Output states:
	Port: C | {2 }
	Port: D | {2 }
	Port: E | {2 }
 - Input state : 
	Port: q5_reshape : A | {1 2 }
	Port: q5_reshape : B | {1 2 }
  - Chain level:
	State 1
		store_ln0 : 1
		i1_load : 1
		lshr_ln : 2
		zext_ln171 : 3
		A_addr : 4
		A_load : 5
		B_addr : 4
		B_load : 5
		i : 2
		tmp : 3
		store_ln171 : 3
		br_ln171 : 4
	State 2
		trunc_ln174 : 1
		trunc_ln174_1 : 1
		sum : 2
		diff : 2
		mul_ln178 : 2
		mul_ln179 : 3
		tmp_1 : 1
		tmp_2 : 1
		sum_1 : 2
		diff_1 : 2
		mul_ln178_1 : 2
		mul_ln179_1 : 3
		tmp_3 : 1
		tmp_4 : 1
		sum_2 : 2
		diff_2 : 2
		mul_ln178_2 : 2
		mul_ln179_2 : 3
		tmp_5 : 1
		tmp_6 : 1
		sum_3 : 2
		diff_3 : 2
		tmp_8 : 3
		store_ln177 : 4
		mul_ln178_3 : 2
		tmp_9 : 3
		store_ln178 : 4
		mul_ln179_3 : 3
		tmp_s : 4
		store_ln179 : 5


============================================================
+ Verbose Summary: Datapath Resource usage 
============================================================

* Functional unit list:
|----------|----------------------|---------|---------|---------|
| Operation|    Functional Unit   |   DSP   |    FF   |   LUT   |
|----------|----------------------|---------|---------|---------|
|          |   mul_ln178_fu_143   |    3    |    0    |    20   |
|          |   mul_ln179_fu_147   |    3    |    0    |    20   |
|          |  mul_ln178_1_fu_151  |    3    |    0    |    20   |
|    mul   |  mul_ln179_1_fu_155  |    3    |    0    |    20   |
|          |  mul_ln178_2_fu_159  |    3    |    0    |    20   |
|          |  mul_ln179_2_fu_163  |    3    |    0    |    20   |
|          |  mul_ln178_3_fu_167  |    3    |    0    |    20   |
|          |  mul_ln179_3_fu_171  |    3    |    0    |    20   |
|----------|----------------------|---------|---------|---------|
|          |       i_fu_199       |    0    |    0    |    14   |
|          |      sum_fu_228      |    0    |    0    |    39   |
|    add   |     sum_1_fu_264     |    0    |    0    |    39   |
|          |     sum_2_fu_300     |    0    |    0    |    39   |
|          |     sum_3_fu_336     |    0    |    0    |    39   |
|----------|----------------------|---------|---------|---------|
|          |      diff_fu_235     |    0    |    0    |    39   |
|    sub   |     diff_1_fu_271    |    0    |    0    |    39   |
|          |     diff_2_fu_307    |    0    |    0    |    39   |
|          |     diff_3_fu_343    |    0    |    0    |    39   |
|----------|----------------------|---------|---------|---------|
|          |    lshr_ln_fu_183    |    0    |    0    |    0    |
|          |     tmp_1_fu_242     |    0    |    0    |    0    |
|          |     tmp_2_fu_253     |    0    |    0    |    0    |
|partselect|     tmp_3_fu_278     |    0    |    0    |    0    |
|          |     tmp_4_fu_289     |    0    |    0    |    0    |
|          |     tmp_5_fu_314     |    0    |    0    |    0    |
|          |     tmp_6_fu_325     |    0    |    0    |    0    |
|----------|----------------------|---------|---------|---------|
|   zext   |   zext_ln171_fu_193  |    0    |    0    |    0    |
|----------|----------------------|---------|---------|---------|
| bitselect|      tmp_fu_205      |    0    |    0    |    0    |
|----------|----------------------|---------|---------|---------|
|   trunc  |  trunc_ln174_fu_218  |    0    |    0    |    0    |
|          | trunc_ln174_1_fu_223 |    0    |    0    |    0    |
|----------|----------------------|---------|---------|---------|
|          |     tmp_8_fu_350     |    0    |    0    |    0    |
|bitconcatenate|     tmp_9_fu_363     |    0    |    0    |    0    |
|          |     tmp_s_fu_376     |    0    |    0    |    0    |
|----------|----------------------|---------|---------|---------|
|   Total  |                      |    24   |    0    |   486   |
|----------|----------------------|---------|---------|---------|

Memories:
N/A

* Register list:
+------------------+--------+
|                  |   FF   |
+------------------+--------+
|  A_addr_reg_403  |    4   |
|  B_addr_reg_408  |    4   |
|    i1_reg_389    |    7   |
|    tmp_reg_413   |    1   |
|zext_ln171_reg_396|   64   |
+------------------+--------+
|       Total      |   80   |
+------------------+--------+

* Multiplexer (MUX) list: 
|------------------|------|------|------|--------||---------||---------||---------|
|       Comp       |  Pin | Size |  BW  | S x BW ||  Delay  ||    FF   ||   LUT   |
|------------------|------|------|------|--------||---------||---------||---------|
| grp_access_fu_85 |  p0  |   2  |   4  |    8   ||    0    ||    9    |
| grp_access_fu_98 |  p0  |   2  |   4  |    8   ||    0    ||    9    |
|------------------|------|------|------|--------||---------||---------||---------|
|       Total      |      |      |      |   16   ||  0.774  ||    0    ||    18   |
|------------------|------|------|------|--------||---------||---------||---------|



* Summary:
+-----------+--------+--------+--------+--------+
|           |   DSP  |  Delay |   FF   |   LUT  |
+-----------+--------+--------+--------+--------+
|  Function |   24   |    -   |    0   |   486  |
|   Memory  |    -   |    -   |    -   |    -   |
|Multiplexer|    -   |    0   |    0   |   18   |
|  Register |    -   |    -   |   80   |    -   |
+-----------+--------+--------+--------+--------+
|   Total   |   24   |    0   |   80   |   504  |
+-----------+--------+--------+--------+--------+
