

================================================================
== Vitis HLS Report for 'q5_reshape'
================================================================
* Date:           Sun May  3 16:03:58 2026

* Version:        2024.1 (Build 5069499 on May 21 2024)
* Project:        hw4_q5_reshape
* Solution:       solution1 (Vivado IP Flow Target)
* Product family: virtexuplus
* Target device:  xcvu13p-fsga2577-2-e


================================================================
== Performance Estimates
================================================================
+ Timing: 
    * Summary: 
    +--------+----------+----------+------------+
    |  Clock |  Target  | Estimated| Uncertainty|
    +--------+----------+----------+------------+
    |ap_clk  |  25.00 ns|  5.510 ns|     6.75 ns|
    +--------+----------+----------+------------+

+ Latency: 
    * Summary: 
    +---------+---------+----------+----------+-----+-----+-----------------------------------------------+
    |  Latency (cycles) |  Latency (absolute) |  Interval |                    Pipeline                   |
    |   min   |   max   |    min   |    max   | min | max |                      Type                     |
    +---------+---------+----------+----------+-----+-----+-----------------------------------------------+
    |       18|       18|  0.450 us|  0.450 us|   16|   16|  loop auto-rewind stp(delay=0 clock cycles(s))|
    +---------+---------+----------+----------+-----+-----+-----------------------------------------------+

    + Detail: 
        * Instance: 
        N/A

        * Loop: 
        +--------------------+---------+---------+----------+-----------+-----------+------+----------+
        |                    |  Latency (cycles) | Iteration|  Initiation Interval  | Trip |          |
        |      Loop Name     |   min   |   max   |  Latency |  achieved |   target  | Count| Pipelined|
        +--------------------+---------+---------+----------+-----------+-----------+------+----------+
        |- VITIS_LOOP_171_1  |       16|       16|         2|          1|          1|    16|       yes|
        +--------------------+---------+---------+----------+-----------+-----------+------+----------+

============================================================
+ Verbose Summary: Synthesis Manager
============================================================
InlineROM: 1
ExposeGlobal: 0
============================================================
+ Verbose Summary: CDFG Model
============================================================
IsTopModel: 1
ResetActiveHigh: 1
IsCombinational: 0
IsDatapathOnly: 0
HasWiredReturn: 1
HasMFsm: 2
HasVarLatency: 1
IsPipeline: 0
IsRtlPipelined: 0
IsInstanceOverlapped: 0
IsDontTouch: 0
HasImplIP: 0
IsGatedGlobalClock: 0

+ Individual pipeline summary: 
  * Pipeline-0: initiation interval (II) = 1, depth = 2


============================================================
+ Verbose Summary: Schedule
============================================================
* Number of FSM states : 2
* Pipeline : 1
  Pipeline-0 : II = 1, D = 2, States = { 1 2 }
* Dataflow Pipeline: 0

* FSM state transitions: 
1 --> 2 
2 --> 

* FSM state operations: 

State 1 <SV = 0> <Delay = 1.47>
ST_1 : Operation 5 [1/1] (0.00ns)   --->   "%i1 = alloca i32 1"   --->   Operation 5 'alloca' 'i1' <Predicate = true> <Delay = 0.00>
ST_1 : Operation 6 [1/1] (0.00ns)   --->   "%spectopmodule_ln0 = spectopmodule void @_ssdm_op_SpecTopModule, void @empty_3"   --->   Operation 6 'spectopmodule' 'spectopmodule_ln0' <Predicate = true> <Delay = 0.00>
ST_1 : Operation 7 [1/1] (0.00ns)   --->   "%specinterface_ln0 = specinterface void @_ssdm_op_SpecInterface, i128 %A, void @empty, i32 0, i32 0, void @empty_0, i32 4294967295, i32 0, void @empty_0, void @empty_0, void @empty_0, i32 0, i32 0, i32 0, i32 0, void @empty_0, void @empty_0, i32 4294967295, i32 0, i32 0"   --->   Operation 7 'specinterface' 'specinterface_ln0' <Predicate = true> <Delay = 0.00>
ST_1 : Operation 8 [1/1] (0.00ns)   --->   "%specbitsmap_ln0 = specbitsmap void @_ssdm_op_SpecBitsMap, i128 %A"   --->   Operation 8 'specbitsmap' 'specbitsmap_ln0' <Predicate = true> <Delay = 0.00>
ST_1 : Operation 9 [1/1] (0.00ns)   --->   "%specinterface_ln0 = specinterface void @_ssdm_op_SpecInterface, i128 %B, void @empty, i32 0, i32 0, void @empty_0, i32 4294967295, i32 0, void @empty_0, void @empty_0, void @empty_0, i32 0, i32 0, i32 0, i32 0, void @empty_0, void @empty_0, i32 4294967295, i32 0, i32 0"   --->   Operation 9 'specinterface' 'specinterface_ln0' <Predicate = true> <Delay = 0.00>
ST_1 : Operation 10 [1/1] (0.00ns)   --->   "%specbitsmap_ln0 = specbitsmap void @_ssdm_op_SpecBitsMap, i128 %B"   --->   Operation 10 'specbitsmap' 'specbitsmap_ln0' <Predicate = true> <Delay = 0.00>
ST_1 : Operation 11 [1/1] (0.00ns)   --->   "%specinterface_ln0 = specinterface void @_ssdm_op_SpecInterface, i128 %C, void @empty, i32 0, i32 0, void @empty_0, i32 4294967295, i32 0, void @empty_0, void @empty_0, void @empty_0, i32 0, i32 0, i32 0, i32 0, void @empty_0, void @empty_0, i32 4294967295, i32 0, i32 0"   --->   Operation 11 'specinterface' 'specinterface_ln0' <Predicate = true> <Delay = 0.00>
ST_1 : Operation 12 [1/1] (0.00ns)   --->   "%specbitsmap_ln0 = specbitsmap void @_ssdm_op_SpecBitsMap, i128 %C"   --->   Operation 12 'specbitsmap' 'specbitsmap_ln0' <Predicate = true> <Delay = 0.00>
ST_1 : Operation 13 [1/1] (0.00ns)   --->   "%specinterface_ln0 = specinterface void @_ssdm_op_SpecInterface, i128 %D, void @empty, i32 0, i32 0, void @empty_0, i32 4294967295, i32 0, void @empty_0, void @empty_0, void @empty_0, i32 0, i32 0, i32 0, i32 0, void @empty_0, void @empty_0, i32 4294967295, i32 0, i32 0"   --->   Operation 13 'specinterface' 'specinterface_ln0' <Predicate = true> <Delay = 0.00>
ST_1 : Operation 14 [1/1] (0.00ns)   --->   "%specbitsmap_ln0 = specbitsmap void @_ssdm_op_SpecBitsMap, i128 %D"   --->   Operation 14 'specbitsmap' 'specbitsmap_ln0' <Predicate = true> <Delay = 0.00>
ST_1 : Operation 15 [1/1] (0.00ns)   --->   "%specinterface_ln0 = specinterface void @_ssdm_op_SpecInterface, i128 %E, void @empty, i32 0, i32 0, void @empty_0, i32 4294967295, i32 0, void @empty_0, void @empty_0, void @empty_0, i32 0, i32 0, i32 0, i32 0, void @empty_0, void @empty_0, i32 4294967295, i32 0, i32 0"   --->   Operation 15 'specinterface' 'specinterface_ln0' <Predicate = true> <Delay = 0.00>
ST_1 : Operation 16 [1/1] (0.00ns)   --->   "%specbitsmap_ln0 = specbitsmap void @_ssdm_op_SpecBitsMap, i128 %E"   --->   Operation 16 'specbitsmap' 'specbitsmap_ln0' <Predicate = true> <Delay = 0.00>
ST_1 : Operation 17 [1/1] (0.00ns)   --->   "%specinterface_ln0 = specinterface void @_ssdm_op_SpecInterface, i32 0, void @empty_1, i32 0, i32 0, void @empty_0, i32 0, i32 0, void @empty_2, void @empty_0, void @empty_0, i32 0, i32 0, i32 0, i32 0, void @empty_0, void @empty_0, i32 4294967295, i32 0, i32 0"   --->   Operation 17 'specinterface' 'specinterface_ln0' <Predicate = true> <Delay = 0.00>
ST_1 : Operation 18 [1/1] (0.38ns)   --->   "%store_ln0 = store i7 0, i7 %i1"   --->   Operation 18 'store' 'store_ln0' <Predicate = true> <Delay = 0.38>
ST_1 : Operation 19 [1/1] (0.00ns)   --->   "%br_ln171 = br void %for.inc.split" [q5_kernel.cpp:171]   --->   Operation 19 'br' 'br_ln171' <Predicate = true> <Delay = 0.00>
ST_1 : Operation 20 [1/1] (0.00ns)   --->   "%i1_load = load i7 %i1" [q5_kernel.cpp:171]   --->   Operation 20 'load' 'i1_load' <Predicate = true> <Delay = 0.00>
ST_1 : Operation 21 [1/1] (0.00ns)   --->   "%lshr_ln = partselect i4 @_ssdm_op_PartSelect.i4.i7.i32.i32, i7 %i1_load, i32 2, i32 5" [q5_kernel.cpp:171]   --->   Operation 21 'partselect' 'lshr_ln' <Predicate = true> <Delay = 0.00>
ST_1 : Operation 22 [1/1] (0.00ns)   --->   "%zext_ln171 = zext i4 %lshr_ln" [q5_kernel.cpp:171]   --->   Operation 22 'zext' 'zext_ln171' <Predicate = true> <Delay = 0.00>
ST_1 : Operation 23 [1/1] (0.00ns)   --->   "%A_addr = getelementptr i128 %A, i64 0, i64 %zext_ln171" [q5_kernel.cpp:174]   --->   Operation 23 'getelementptr' 'A_addr' <Predicate = true> <Delay = 0.00>
ST_1 : Operation 24 [2/2] (0.73ns)   --->   "%A_load = load i4 %A_addr" [q5_kernel.cpp:174]   --->   Operation 24 'load' 'A_load' <Predicate = true> <Delay = 0.73> <CoreInst = "RAM">   --->   Core 82 'RAM' <Latency = 1> <II = 1> <Delay = 0.73> <Storage> <Opcode : 'load' 'store'> <Ports = 2> <Width = 128> <Depth = 16> <RAM>
ST_1 : Operation 25 [1/1] (0.00ns)   --->   "%B_addr = getelementptr i128 %B, i64 0, i64 %zext_ln171" [q5_kernel.cpp:174]   --->   Operation 25 'getelementptr' 'B_addr' <Predicate = true> <Delay = 0.00>
ST_1 : Operation 26 [2/2] (0.73ns)   --->   "%B_load = load i4 %B_addr" [q5_kernel.cpp:174]   --->   Operation 26 'load' 'B_load' <Predicate = true> <Delay = 0.73> <CoreInst = "RAM">   --->   Core 82 'RAM' <Latency = 1> <II = 1> <Delay = 0.73> <Storage> <Opcode : 'load' 'store'> <Ports = 2> <Width = 128> <Depth = 16> <RAM>
ST_1 : Operation 27 [1/1] (0.70ns)   --->   "%i = add i7 %i1_load, i7 4" [q5_kernel.cpp:171]   --->   Operation 27 'add' 'i' <Predicate = true> <Delay = 0.70> <CoreInst = "Adder">   --->   Core 1 'Adder' <Latency = 0> <II = 1> <Delay = 0.70> <FuncUnit> <Opcode : 'add' 'sub'> <InPorts = 2> <OutPorts = 1>
ST_1 : Operation 28 [1/1] (0.00ns)   --->   "%tmp = bitselect i1 @_ssdm_op_BitSelect.i1.i7.i32, i7 %i, i32 6" [q5_kernel.cpp:171]   --->   Operation 28 'bitselect' 'tmp' <Predicate = true> <Delay = 0.00>
ST_1 : Operation 29 [1/1] (0.38ns)   --->   "%store_ln171 = store i7 %i, i7 %i1" [q5_kernel.cpp:171]   --->   Operation 29 'store' 'store_ln171' <Predicate = true> <Delay = 0.38>
ST_1 : Operation 30 [1/1] (0.00ns)   --->   "%br_ln171 = br i1 %tmp, void %for.inc.split, void %for.end" [q5_kernel.cpp:171]   --->   Operation 30 'br' 'br_ln171' <Predicate = true> <Delay = 0.00>

State 2 <SV = 1> <Delay = 5.51>
ST_2 : Operation 31 [1/1] (0.00ns)   --->   "%specpipeline_ln172 = specpipeline void @_ssdm_op_SpecPipeline, i32 1, i32 0, i32 0, i32 0, void @empty_0" [q5_kernel.cpp:172]   --->   Operation 31 'specpipeline' 'specpipeline_ln172' <Predicate = true> <Delay = 0.00>
ST_2 : Operation 32 [1/1] (0.00ns)   --->   "%speclooptripcount_ln171 = speclooptripcount void @_ssdm_op_SpecLoopTripCount, i64 16, i64 16, i64 16" [q5_kernel.cpp:171]   --->   Operation 32 'speclooptripcount' 'speclooptripcount_ln171' <Predicate = true> <Delay = 0.00>
ST_2 : Operation 33 [1/1] (0.00ns)   --->   "%specloopname_ln171 = specloopname void @_ssdm_op_SpecLoopName, void @empty_4" [q5_kernel.cpp:171]   --->   Operation 33 'specloopname' 'specloopname_ln171' <Predicate = true> <Delay = 0.00>
ST_2 : Operation 34 [1/2] (0.73ns)   --->   "%A_load = load i4 %A_addr" [q5_kernel.cpp:174]   --->   Operation 34 'load' 'A_load' <Predicate = true> <Delay = 0.73> <CoreInst = "RAM">   --->   Core 82 'RAM' <Latency = 1> <II = 1> <Delay = 0.73> <Storage> <Opcode : 'load' 'store'> <Ports = 2> <Width = 128> <Depth = 16> <RAM>
ST_2 : Operation 35 [1/1] (0.00ns)   --->   "%trunc_ln174 = trunc i128 %A_load" [q5_kernel.cpp:174]   --->   Operation 35 'trunc' 'trunc_ln174' <Predicate = true> <Delay = 0.00>
ST_2 : Operation 36 [1/2] (0.73ns)   --->   "%B_load = load i4 %B_addr" [q5_kernel.cpp:174]   --->   Operation 36 'load' 'B_load' <Predicate = true> <Delay = 0.73> <CoreInst = "RAM">   --->   Core 82 'RAM' <Latency = 1> <II = 1> <Delay = 0.73> <Storage> <Opcode : 'load' 'store'> <Ports = 2> <Width = 128> <Depth = 16> <RAM>
ST_2 : Operation 37 [1/1] (0.00ns)   --->   "%trunc_ln174_1 = trunc i128 %B_load" [q5_kernel.cpp:174]   --->   Operation 37 'trunc' 'trunc_ln174_1' <Predicate = true> <Delay = 0.00>
ST_2 : Operation 38 [1/1] (0.88ns)   --->   "%sum = add i32 %trunc_ln174_1, i32 %trunc_ln174" [q5_kernel.cpp:174]   --->   Operation 38 'add' 'sum' <Predicate = true> <Delay = 0.88> <CoreInst = "Adder">   --->   Core 1 'Adder' <Latency = 0> <II = 1> <Delay = 0.88> <FuncUnit> <Opcode : 'add' 'sub'> <InPorts = 2> <OutPorts = 1>
ST_2 : Operation 39 [1/1] (0.88ns)   --->   "%diff = sub i32 %trunc_ln174, i32 %trunc_ln174_1" [q5_kernel.cpp:175]   --->   Operation 39 'sub' 'diff' <Predicate = true> <Delay = 0.88> <CoreInst = "Adder">   --->   Core 1 'Adder' <Latency = 0> <II = 1> <Delay = 0.88> <FuncUnit> <Opcode : 'add' 'sub'> <InPorts = 2> <OutPorts = 1>
ST_2 : Operation 40 [1/1] (3.17ns)   --->   "%mul_ln178 = mul i32 %trunc_ln174_1, i32 %trunc_ln174" [q5_kernel.cpp:178]   --->   Operation 40 'mul' 'mul_ln178' <Predicate = true> <Delay = 3.17> <CoreInst = "Multiplier">   --->   Core 3 'Multiplier' <Latency = 0> <II = 1> <Delay = 3.17> <FuncUnit> <Opcode : 'mul'> <InPorts = 2> <OutPorts = 1>
ST_2 : Operation 41 [1/1] (3.17ns)   --->   "%mul_ln179 = mul i32 %sum, i32 %diff" [q5_kernel.cpp:179]   --->   Operation 41 'mul' 'mul_ln179' <Predicate = true> <Delay = 3.17> <CoreInst = "Multiplier">   --->   Core 3 'Multiplier' <Latency = 0> <II = 1> <Delay = 3.17> <FuncUnit> <Opcode : 'mul'> <InPorts = 2> <OutPorts = 1>
ST_2 : Operation 42 [1/1] (0.00ns)   --->   "%tmp_1 = partselect i32 @_ssdm_op_PartSelect.i32.i128.i32.i32, i128 %A_load, i32 32, i32 63" [q5_kernel.cpp:174]   --->   Operation 42 'partselect' 'tmp_1' <Predicate = true> <Delay = 0.00>
ST_2 : Operation 43 [1/1] (0.00ns)   --->   "%tmp_2 = partselect i32 @_ssdm_op_PartSelect.i32.i128.i32.i32, i128 %B_load, i32 32, i32 63" [q5_kernel.cpp:174]   --->   Operation 43 'partselect' 'tmp_2' <Predicate = true> <Delay = 0.00>
ST_2 : Operation 44 [1/1] (0.88ns)   --->   "%sum_1 = add i32 %tmp_2, i32 %tmp_1" [q5_kernel.cpp:174]   --->   Operation 44 'add' 'sum_1' <Predicate = true> <Delay = 0.88> <CoreInst = "Adder">   --->   Core 1 'Adder' <Latency = 0> <II = 1> <Delay = 0.88> <FuncUnit> <Opcode : 'add' 'sub'> <InPorts = 2> <OutPorts = 1>
ST_2 : Operation 45 [1/1] (0.88ns)   --->   "%diff_1 = sub i32 %tmp_1, i32 %tmp_2" [q5_kernel.cpp:175]   --->   Operation 45 'sub' 'diff_1' <Predicate = true> <Delay = 0.88> <CoreInst = "Adder">   --->   Core 1 'Adder' <Latency = 0> <II = 1> <Delay = 0.88> <FuncUnit> <Opcode : 'add' 'sub'> <InPorts = 2> <OutPorts = 1>
ST_2 : Operation 46 [1/1] (3.17ns)   --->   "%mul_ln178_1 = mul i32 %tmp_2, i32 %tmp_1" [q5_kernel.cpp:178]   --->   Operation 46 'mul' 'mul_ln178_1' <Predicate = true> <Delay = 3.17> <CoreInst = "Multiplier">   --->   Core 3 'Multiplier' <Latency = 0> <II = 1> <Delay = 3.17> <FuncUnit> <Opcode : 'mul'> <InPorts = 2> <OutPorts = 1>
ST_2 : Operation 47 [1/1] (3.17ns)   --->   "%mul_ln179_1 = mul i32 %sum_1, i32 %diff_1" [q5_kernel.cpp:179]   --->   Operation 47 'mul' 'mul_ln179_1' <Predicate = true> <Delay = 3.17> <CoreInst = "Multiplier">   --->   Core 3 'Multiplier' <Latency = 0> <II = 1> <Delay = 3.17> <FuncUnit> <Opcode : 'mul'> <InPorts = 2> <OutPorts = 1>
ST_2 : Operation 48 [1/1] (0.00ns)   --->   "%tmp_3 = partselect i32 @_ssdm_op_PartSelect.i32.i128.i32.i32, i128 %A_load, i32 64, i32 95" [q5_kernel.cpp:174]   --->   Operation 48 'partselect' 'tmp_3' <Predicate = true> <Delay = 0.00>
ST_2 : Operation 49 [1/1] (0.00ns)   --->   "%tmp_4 = partselect i32 @_ssdm_op_PartSelect.i32.i128.i32.i32, i128 %B_load, i32 64, i32 95" [q5_kernel.cpp:174]   --->   Operation 49 'partselect' 'tmp_4' <Predicate = true> <Delay = 0.00>
ST_2 : Operation 50 [1/1] (0.88ns)   --->   "%sum_2 = add i32 %tmp_4, i32 %tmp_3" [q5_kernel.cpp:174]   --->   Operation 50 'add' 'sum_2' <Predicate = true> <Delay = 0.88> <CoreInst = "Adder">   --->   Core 1 'Adder' <Latency = 0> <II = 1> <Delay = 0.88> <FuncUnit> <Opcode : 'add' 'sub'> <InPorts = 2> <OutPorts = 1>
ST_2 : Operation 51 [1/1] (0.88ns)   --->   "%diff_2 = sub i32 %tmp_3, i32 %tmp_4" [q5_kernel.cpp:175]   --->   Operation 51 'sub' 'diff_2' <Predicate = true> <Delay = 0.88> <CoreInst = "Adder">   --->   Core 1 'Adder' <Latency = 0> <II = 1> <Delay = 0.88> <FuncUnit> <Opcode : 'add' 'sub'> <InPorts = 2> <OutPorts = 1>
ST_2 : Operation 52 [1/1] (3.17ns)   --->   "%mul_ln178_2 = mul i32 %tmp_4, i32 %tmp_3" [q5_kernel.cpp:178]   --->   Operation 52 'mul' 'mul_ln178_2' <Predicate = true> <Delay = 3.17> <CoreInst = "Multiplier">   --->   Core 3 'Multiplier' <Latency = 0> <II = 1> <Delay = 3.17> <FuncUnit> <Opcode : 'mul'> <InPorts = 2> <OutPorts = 1>
ST_2 : Operation 53 [1/1] (3.17ns)   --->   "%mul_ln179_2 = mul i32 %sum_2, i32 %diff_2" [q5_kernel.cpp:179]   --->   Operation 53 'mul' 'mul_ln179_2' <Predicate = true> <Delay = 3.17> <CoreInst = "Multiplier">   --->   Core 3 'Multiplier' <Latency = 0> <II = 1> <Delay = 3.17> <FuncUnit> <Opcode : 'mul'> <InPorts = 2> <OutPorts = 1>
ST_2 : Operation 54 [1/1] (0.00ns)   --->   "%tmp_5 = partselect i32 @_ssdm_op_PartSelect.i32.i128.i32.i32, i128 %A_load, i32 96, i32 127" [q5_kernel.cpp:174]   --->   Operation 54 'partselect' 'tmp_5' <Predicate = true> <Delay = 0.00>
ST_2 : Operation 55 [1/1] (0.00ns)   --->   "%tmp_6 = partselect i32 @_ssdm_op_PartSelect.i32.i128.i32.i32, i128 %B_load, i32 96, i32 127" [q5_kernel.cpp:174]   --->   Operation 55 'partselect' 'tmp_6' <Predicate = true> <Delay = 0.00>
ST_2 : Operation 56 [1/1] (0.88ns)   --->   "%sum_3 = add i32 %tmp_6, i32 %tmp_5" [q5_kernel.cpp:174]   --->   Operation 56 'add' 'sum_3' <Predicate = true> <Delay = 0.88> <CoreInst = "Adder">   --->   Core 1 'Adder' <Latency = 0> <II = 1> <Delay = 0.88> <FuncUnit> <Opcode : 'add' 'sub'> <InPorts = 2> <OutPorts = 1>
ST_2 : Operation 57 [1/1] (0.88ns)   --->   "%diff_3 = sub i32 %tmp_5, i32 %tmp_6" [q5_kernel.cpp:175]   --->   Operation 57 'sub' 'diff_3' <Predicate = true> <Delay = 0.88> <CoreInst = "Adder">   --->   Core 1 'Adder' <Latency = 0> <II = 1> <Delay = 0.88> <FuncUnit> <Opcode : 'add' 'sub'> <InPorts = 2> <OutPorts = 1>
ST_2 : Operation 58 [1/1] (0.00ns)   --->   "%tmp_8 = bitconcatenate i128 @_ssdm_op_BitConcatenate.i128.i32.i32.i32.i32, i32 %sum_3, i32 %sum_2, i32 %sum_1, i32 %sum" [q5_kernel.cpp:177]   --->   Operation 58 'bitconcatenate' 'tmp_8' <Predicate = true> <Delay = 0.00>
ST_2 : Operation 59 [1/1] (0.00ns)   --->   "%C_addr = getelementptr i128 %C, i64 0, i64 %zext_ln171" [q5_kernel.cpp:177]   --->   Operation 59 'getelementptr' 'C_addr' <Predicate = true> <Delay = 0.00>
ST_2 : Operation 60 [1/1] (0.73ns)   --->   "%store_ln177 = store i128 %tmp_8, i4 %C_addr" [q5_kernel.cpp:177]   --->   Operation 60 'store' 'store_ln177' <Predicate = true> <Delay = 0.73> <CoreInst = "RAM">   --->   Core 82 'RAM' <Latency = 1> <II = 1> <Delay = 0.73> <Storage> <Opcode : 'load' 'store'> <Ports = 2> <Width = 128> <Depth = 16> <RAM>
ST_2 : Operation 61 [1/1] (3.17ns)   --->   "%mul_ln178_3 = mul i32 %tmp_6, i32 %tmp_5" [q5_kernel.cpp:178]   --->   Operation 61 'mul' 'mul_ln178_3' <Predicate = true> <Delay = 3.17> <CoreInst = "Multiplier">   --->   Core 3 'Multiplier' <Latency = 0> <II = 1> <Delay = 3.17> <FuncUnit> <Opcode : 'mul'> <InPorts = 2> <OutPorts = 1>
ST_2 : Operation 62 [1/1] (0.00ns)   --->   "%tmp_9 = bitconcatenate i128 @_ssdm_op_BitConcatenate.i128.i32.i32.i32.i32, i32 %mul_ln178_3, i32 %mul_ln178_2, i32 %mul_ln178_1, i32 %mul_ln178" [q5_kernel.cpp:178]   --->   Operation 62 'bitconcatenate' 'tmp_9' <Predicate = true> <Delay = 0.00>
ST_2 : Operation 63 [1/1] (0.00ns)   --->   "%D_addr = getelementptr i128 %D, i64 0, i64 %zext_ln171" [q5_kernel.cpp:178]   --->   Operation 63 'getelementptr' 'D_addr' <Predicate = true> <Delay = 0.00>
ST_2 : Operation 64 [1/1] (0.73ns)   --->   "%store_ln178 = store i128 %tmp_9, i4 %D_addr" [q5_kernel.cpp:178]   --->   Operation 64 'store' 'store_ln178' <Predicate = true> <Delay = 0.73> <CoreInst = "RAM">   --->   Core 82 'RAM' <Latency = 1> <II = 1> <Delay = 0.73> <Storage> <Opcode : 'load' 'store'> <Ports = 2> <Width = 128> <Depth = 16> <RAM>
ST_2 : Operation 65 [1/1] (3.17ns)   --->   "%mul_ln179_3 = mul i32 %sum_3, i32 %diff_3" [q5_kernel.cpp:179]   --->   Operation 65 'mul' 'mul_ln179_3' <Predicate = true> <Delay = 3.17> <CoreInst = "Multiplier">   --->   Core 3 'Multiplier' <Latency = 0> <II = 1> <Delay = 3.17> <FuncUnit> <Opcode : 'mul'> <InPorts = 2> <OutPorts = 1>
ST_2 : Operation 66 [1/1] (0.00ns)   --->   "%tmp_s = bitconcatenate i128 @_ssdm_op_BitConcatenate.i128.i32.i32.i32.i32, i32 %mul_ln179_3, i32 %mul_ln179_2, i32 %mul_ln179_1, i32 %mul_ln179" [q5_kernel.cpp:179]   --->   Operation 66 'bitconcatenate' 'tmp_s' <Predicate = true> <Delay = 0.00>
ST_2 : Operation 67 [1/1] (0.00ns)   --->   "%E_addr = getelementptr i128 %E, i64 0, i64 %zext_ln171" [q5_kernel.cpp:179]   --->   Operation 67 'getelementptr' 'E_addr' <Predicate = true> <Delay = 0.00>
ST_2 : Operation 68 [1/1] (0.73ns)   --->   "%store_ln179 = store i128 %tmp_s, i4 %E_addr" [q5_kernel.cpp:179]   --->   Operation 68 'store' 'store_ln179' <Predicate = true> <Delay = 0.73> <CoreInst = "RAM">   --->   Core 82 'RAM' <Latency = 1> <II = 1> <Delay = 0.73> <Storage> <Opcode : 'load' 'store'> <Ports = 2> <Width = 128> <Depth = 16> <RAM>
ST_2 : Operation 69 [1/1] (0.38ns)   --->   "%ret_ln181 = ret" [q5_kernel.cpp:181]   --->   Operation 69 'ret' 'ret_ln181' <Predicate = (tmp)> <Delay = 0.38>


============================================================
+ Verbose Summary: Timing violations
============================================================
Target clock period: 25.000ns, clock uncertainty: 6.750ns.

 <State 1>: 1.480ns
The critical path consists of the following:
	'store' operation 0 bit ('store_ln0') of constant 0 on local variable 'i1' [19]  (0.387 ns)
	'load' operation 7 bit ('i1_load', q5_kernel.cpp:171) on local variable 'i1' [22]  (0.000 ns)
	'add' operation 7 bit ('i', q5_kernel.cpp:171) [65]  (0.706 ns)
	'store' operation 0 bit ('store_ln171', q5_kernel.cpp:171) of variable 'i', q5_kernel.cpp:171 on local variable 'i1' [67]  (0.387 ns)

 <State 2>: 5.510ns
The critical path consists of the following:
	'load' operation 128 bit ('A_load', q5_kernel.cpp:174) on array 'A' [29]  (0.730 ns)
	'sub' operation 32 bit ('diff', q5_kernel.cpp:175) [35]  (0.880 ns)
	'mul' operation 32 bit ('mul_ln179', q5_kernel.cpp:179) [37]  (3.170 ns)
	'store' operation 0 bit ('store_ln179', q5_kernel.cpp:179) of variable 'tmp_s', q5_kernel.cpp:179 on array 'E' [64]  (0.730 ns)


============================================================
+ Verbose Summary: Binding
============================================================
N/A
* FSMD analyzer results:
  - Output states:
 - Input state : 
  - Chain level:
	State 1
	State 2


============================================================
+ Verbose Summary: Datapath Resource usage 
============================================================
N/A
