

================================================================
== Vitis HLS Report for 'q5_no_partition'
================================================================
* Date:           Sun May  3 16:02:04 2026

* Version:        2024.1 (Build 5069499 on May 21 2024)
* Project:        hw4_q5_no_partition
* Solution:       solution1 (Vivado IP Flow Target)
* Product family: virtexuplus
* Target device:  xcvu13p-fsga2577-2-e


================================================================
== Performance Estimates
================================================================
+ Timing: 
    * Summary: 
    +--------+----------+----------+------------+
    |  Clock |  Target  | Estimated| Uncertainty|
    +--------+----------+----------+------------+
    |ap_clk  |  25.00 ns|  5.448 ns|     6.75 ns|
    +--------+----------+----------+------------+

+ Latency: 
    * Summary: 
    +---------+---------+----------+----------+-----+-----+-----------------------------------------------+
    |  Latency (cycles) |  Latency (absolute) |  Interval |                    Pipeline                   |
    |   min   |   max   |    min   |    max   | min | max |                      Type                     |
    +---------+---------+----------+----------+-----+-----+-----------------------------------------------+
    |       34|       34|  0.850 us|  0.850 us|   32|   32|  loop auto-rewind stp(delay=0 clock cycles(s))|
    +---------+---------+----------+----------+-----+-----+-----------------------------------------------+

    + Detail: 
        * Instance: 
        N/A

        * Loop: 
        +-------------------+---------+---------+----------+-----------+-----------+------+----------+
        |                   |  Latency (cycles) | Iteration|  Initiation Interval  | Trip |          |
        |     Loop Name     |   min   |   max   |  Latency |  achieved |   target  | Count| Pipelined|
        +-------------------+---------+---------+----------+-----------+-----------+------+----------+
        |- VITIS_LOOP_63_1  |       32|       32|         3|          2|          1|    16|       yes|
        +-------------------+---------+---------+----------+-----------+-----------+------+----------+



================================================================
== Utilization Estimates
================================================================
* Summary: 
+---------------------+---------+-------+---------+---------+------+
|         Name        | BRAM_18K|  DSP  |    FF   |   LUT   | URAM |
+---------------------+---------+-------+---------+---------+------+
|DSP                  |        -|      -|        -|        -|     -|
|Expression           |        -|      -|        0|      174|     -|
|FIFO                 |        -|      -|        -|        -|     -|
|Instance             |        0|     12|       36|      120|     0|
|Memory               |        -|      -|        -|        -|     -|
|Multiplexer          |        -|      -|        0|      208|     -|
|Register             |        -|      -|       38|        -|     -|
+---------------------+---------+-------+---------+---------+------+
|Total                |        0|     12|       74|      502|     0|
+---------------------+---------+-------+---------+---------+------+
|Available SLR        |     1344|   3072|   864000|   432000|   320|
+---------------------+---------+-------+---------+---------+------+
|Utilization SLR (%)  |        0|     ~0|       ~0|       ~0|     0|
+---------------------+---------+-------+---------+---------+------+
|Available            |     5376|  12288|  3456000|  1728000|  1280|
+---------------------+---------+-------+---------+---------+------+
|Utilization (%)      |        0|     ~0|       ~0|       ~0|     0|
+---------------------+---------+-------+---------+---------+------+

+ Detail: 
    * Instance: 
    +-----------------------+--------------------+---------+----+----+----+-----+
    |        Instance       |       Module       | BRAM_18K| DSP| FF | LUT| URAM|
    +-----------------------+--------------------+---------+----+----+----+-----+
    |control_s_axi_U        |control_s_axi       |        0|   0|  36|  40|    0|
    |mul_32s_32s_32_1_1_U1  |mul_32s_32s_32_1_1  |        0|   3|   0|  20|    0|
    |mul_32s_32s_32_1_1_U2  |mul_32s_32s_32_1_1  |        0|   3|   0|  20|    0|
    |mul_32s_32s_32_1_1_U3  |mul_32s_32s_32_1_1  |        0|   3|   0|  20|    0|
    |mul_32s_32s_32_1_1_U4  |mul_32s_32s_32_1_1  |        0|   3|   0|  20|    0|
    +-----------------------+--------------------+---------+----+----+----+-----+
    |Total                  |                    |        0|  12|  36| 120|    0|
    +-----------------------+--------------------+---------+----+----+----+-----+

    * DSP: 
    N/A

    * Memory: 
    N/A

    * FIFO: 
    N/A

    * Expression: 
    +------------------+----------+----+---+----+------------+------------+
    |   Variable Name  | Operation| DSP| FF| LUT| Bitwidth P0| Bitwidth P1|
    +------------------+----------+----+---+----+------------+------------+
    |grp_fu_303_p2     |         +|   0|  0|  39|          32|          32|
    |grp_fu_318_p2     |         +|   0|  0|  39|          32|          32|
    |i_fu_381_p2       |         +|   0|  0|  14|           7|           3|
    |grp_fu_286_p1     |         -|   0|  0|  39|          32|          32|
    |grp_fu_298_p1     |         -|   0|  0|  39|          32|          32|
    |ap_condition_211  |       and|   0|  0|   2|           1|           1|
    |ap_enable_pp0     |       xor|   0|  0|   2|           1|           2|
    +------------------+----------+----+---+----+------------+------------+
    |Total             |          |   0|  0| 174|         137|         134|
    +------------------+----------+----+---+----+------------+------------+

    * Multiplexer: 
    +----------------------------------+----+-----------+-----+-----------+
    |               Name               | LUT| Input Size| Bits| Total Bits|
    +----------------------------------+----+-----------+-----+-----------+
    |A_address0_local                  |  14|          3|    6|         18|
    |A_address1_local                  |  14|          3|    6|         18|
    |B_address0_local                  |  14|          3|    6|         18|
    |B_address1_local                  |  14|          3|    6|         18|
    |C_address0_local                  |  14|          3|    6|         18|
    |C_address1_local                  |  14|          3|    6|         18|
    |D_address0_local                  |  14|          3|    6|         18|
    |D_address1_local                  |  14|          3|    6|         18|
    |E_address0_local                  |  14|          3|    6|         18|
    |E_address1_local                  |  14|          3|    6|         18|
    |ap_NS_fsm                         |  14|          3|    1|          3|
    |ap_done_int                       |   9|          2|    1|          2|
    |ap_enable_reg_pp0_iter0           |   9|          2|    1|          2|
    |ap_enable_reg_pp0_iter1           |   9|          2|    1|          2|
    |ap_loop_exit_ready_pp0_iter1_reg  |   9|          2|    1|          2|
    |ap_sig_allocacmp_i1_load          |   9|          2|    7|         14|
    |i1_fu_70                          |   9|          2|    7|         14|
    +----------------------------------+----+-----------+-----+-----------+
    |Total                             | 208|         45|   79|        219|
    +----------------------------------+----+-----------+-----+-----------+

    * Register: 
    +----------------------------------+---+----+-----+-----------+
    |               Name               | FF| LUT| Bits| Const Bits|
    +----------------------------------+---+----+-----+-----------+
    |ap_CS_fsm                         |  2|   0|    2|          0|
    |ap_done_reg                       |  1|   0|    1|          0|
    |ap_enable_reg_pp0_iter0_reg       |  1|   0|    1|          0|
    |ap_enable_reg_pp0_iter1           |  1|   0|    1|          0|
    |ap_loop_exit_ready_pp0_iter1_reg  |  1|   0|    1|          0|
    |i1_fu_70                          |  7|   0|    7|          0|
    |tmp_1_reg_467                     |  4|   0|    4|          0|
    |tmp_2_reg_473                     |  1|   0|    1|          0|
    |zext_ln63_reg_433                 |  7|   0|   64|         57|
    |zext_ln66_1_reg_477               |  4|   0|   64|         60|
    |zext_ln66_2_reg_494               |  4|   0|   64|         60|
    |zext_ln66_reg_450                 |  5|   0|   64|         59|
    +----------------------------------+---+----+-----+-----------+
    |Total                             | 38|   0|  274|        236|
    +----------------------------------+---+----+-----+-----------+



================================================================
== Interface
================================================================
* Summary: 
+-----------------------+-----+-----+------------+-----------------+--------------+
|       RTL Ports       | Dir | Bits|  Protocol  |  Source Object  |    C Type    |
+-----------------------+-----+-----+------------+-----------------+--------------+
|s_axi_control_AWVALID  |   in|    1|       s_axi|          control|   return void|
|s_axi_control_AWREADY  |  out|    1|       s_axi|          control|   return void|
|s_axi_control_AWADDR   |   in|    4|       s_axi|          control|   return void|
|s_axi_control_WVALID   |   in|    1|       s_axi|          control|   return void|
|s_axi_control_WREADY   |  out|    1|       s_axi|          control|   return void|
|s_axi_control_WDATA    |   in|   32|       s_axi|          control|   return void|
|s_axi_control_WSTRB    |   in|    4|       s_axi|          control|   return void|
|s_axi_control_ARVALID  |   in|    1|       s_axi|          control|   return void|
|s_axi_control_ARREADY  |  out|    1|       s_axi|          control|   return void|
|s_axi_control_ARADDR   |   in|    4|       s_axi|          control|   return void|
|s_axi_control_RVALID   |  out|    1|       s_axi|          control|   return void|
|s_axi_control_RREADY   |   in|    1|       s_axi|          control|   return void|
|s_axi_control_RDATA    |  out|   32|       s_axi|          control|   return void|
|s_axi_control_RRESP    |  out|    2|       s_axi|          control|   return void|
|s_axi_control_BVALID   |  out|    1|       s_axi|          control|   return void|
|s_axi_control_BREADY   |   in|    1|       s_axi|          control|   return void|
|s_axi_control_BRESP    |  out|    2|       s_axi|          control|   return void|
|ap_clk                 |   in|    1|  ap_ctrl_hs|  q5_no_partition|  return value|
|ap_rst_n               |   in|    1|  ap_ctrl_hs|  q5_no_partition|  return value|
|interrupt              |  out|    1|  ap_ctrl_hs|  q5_no_partition|  return value|
|A_address0             |  out|    6|   ap_memory|                A|         array|
|A_ce0                  |  out|    1|   ap_memory|                A|         array|
|A_q0                   |   in|   32|   ap_memory|                A|         array|
|A_address1             |  out|    6|   ap_memory|                A|         array|
|A_ce1                  |  out|    1|   ap_memory|                A|         array|
|A_q1                   |   in|   32|   ap_memory|                A|         array|
|B_address0             |  out|    6|   ap_memory|                B|         array|
|B_ce0                  |  out|    1|   ap_memory|                B|         array|
|B_q0                   |   in|   32|   ap_memory|                B|         array|
|B_address1             |  out|    6|   ap_memory|                B|         array|
|B_ce1                  |  out|    1|   ap_memory|                B|         array|
|B_q1                   |   in|   32|   ap_memory|                B|         array|
|C_address0             |  out|    6|   ap_memory|                C|         array|
|C_ce0                  |  out|    1|   ap_memory|                C|         array|
|C_we0                  |  out|    1|   ap_memory|                C|         array|
|C_d0                   |  out|   32|   ap_memory|                C|         array|
|C_address1             |  out|    6|   ap_memory|                C|         array|
|C_ce1                  |  out|    1|   ap_memory|                C|         array|
|C_we1                  |  out|    1|   ap_memory|                C|         array|
|C_d1                   |  out|   32|   ap_memory|                C|         array|
|D_address0             |  out|    6|   ap_memory|                D|         array|
|D_ce0                  |  out|    1|   ap_memory|                D|         array|
|D_we0                  |  out|    1|   ap_memory|                D|         array|
|D_d0                   |  out|   32|   ap_memory|                D|         array|
|D_address1             |  out|    6|   ap_memory|                D|         array|
|D_ce1                  |  out|    1|   ap_memory|                D|         array|
|D_we1                  |  out|    1|   ap_memory|                D|         array|
|D_d1                   |  out|   32|   ap_memory|                D|         array|
|E_address0             |  out|    6|   ap_memory|                E|         array|
|E_ce0                  |  out|    1|   ap_memory|                E|         array|
|E_we0                  |  out|    1|   ap_memory|                E|         array|
|E_d0                   |  out|   32|   ap_memory|                E|         array|
|E_address1             |  out|    6|   ap_memory|                E|         array|
|E_ce1                  |  out|    1|   ap_memory|                E|         array|
|E_we1                  |  out|    1|   ap_memory|                E|         array|
|E_d1                   |  out|   32|   ap_memory|                E|         array|
+-----------------------+-----+-----+------------+-----------------+--------------+

============================================================
+ Verbose Summary: Synthesis Manager
============================================================
InlineROM: 1
ExposeGlobal: 0
============================================================
+ Verbose Summary: CDFG Model
============================================================
IsTopModel: 1
ResetActiveHigh: 1
IsCombinational: 2
IsDatapathOnly: 2
HasWiredReturn: 1
HasMFsm: 2
HasVarLatency: 1
IsPipeline: 0
IsRtlPipelined: 0
IsInstanceOverlapped: 0
IsDontTouch: 0
HasImplIP: 0
IsGatedGlobalClock: 0

+ Individual pipeline summary: 
  * Pipeline-0: initiation interval (II) = 2, depth = 3


============================================================
+ Verbose Summary: Schedule
============================================================
* Number of FSM states : 3
* Pipeline : 1
  Pipeline-0 : II = 2, D = 3, States = { 1 2 3 }
* Dataflow Pipeline: 0

* FSM state transitions: 
1 --> 2 
2 --> 3 
3 --> 

* FSM state operations: 

State 1 <SV = 0> <Delay = 1.47>
ST_1 : Operation 6 [1/1] (0.00ns)   --->   "%i1 = alloca i32 1"   --->   Operation 6 'alloca' 'i1' <Predicate = true> <Delay = 0.00>
ST_1 : Operation 7 [1/1] (0.00ns)   --->   "%spectopmodule_ln54 = spectopmodule void @_ssdm_op_SpecTopModule, void @empty_3" [q5_kernel.cpp:54]   --->   Operation 7 'spectopmodule' 'spectopmodule_ln54' <Predicate = true> <Delay = 0.00>
ST_1 : Operation 8 [1/1] (0.00ns)   --->   "%specinterface_ln0 = specinterface void @_ssdm_op_SpecInterface, i32 %A, void @empty, i32 0, i32 0, void @empty_0, i32 4294967295, i32 0, void @empty_0, void @empty_0, void @empty_0, i32 0, i32 0, i32 0, i32 0, void @empty_0, void @empty_0, i32 4294967295, i32 0, i32 0"   --->   Operation 8 'specinterface' 'specinterface_ln0' <Predicate = true> <Delay = 0.00>
ST_1 : Operation 9 [1/1] (0.00ns)   --->   "%specbitsmap_ln0 = specbitsmap void @_ssdm_op_SpecBitsMap, i32 %A"   --->   Operation 9 'specbitsmap' 'specbitsmap_ln0' <Predicate = true> <Delay = 0.00>
ST_1 : Operation 10 [1/1] (0.00ns)   --->   "%specinterface_ln0 = specinterface void @_ssdm_op_SpecInterface, i32 %B, void @empty, i32 0, i32 0, void @empty_0, i32 4294967295, i32 0, void @empty_0, void @empty_0, void @empty_0, i32 0, i32 0, i32 0, i32 0, void @empty_0, void @empty_0, i32 4294967295, i32 0, i32 0"   --->   Operation 10 'specinterface' 'specinterface_ln0' <Predicate = true> <Delay = 0.00>
ST_1 : Operation 11 [1/1] (0.00ns)   --->   "%specbitsmap_ln0 = specbitsmap void @_ssdm_op_SpecBitsMap, i32 %B"   --->   Operation 11 'specbitsmap' 'specbitsmap_ln0' <Predicate = true> <Delay = 0.00>
ST_1 : Operation 12 [1/1] (0.00ns)   --->   "%specinterface_ln0 = specinterface void @_ssdm_op_SpecInterface, i32 %C, void @empty, i32 0, i32 0, void @empty_0, i32 4294967295, i32 0, void @empty_0, void @empty_0, void @empty_0, i32 0, i32 0, i32 0, i32 0, void @empty_0, void @empty_0, i32 4294967295, i32 0, i32 0"   --->   Operation 12 'specinterface' 'specinterface_ln0' <Predicate = true> <Delay = 0.00>
ST_1 : Operation 13 [1/1] (0.00ns)   --->   "%specbitsmap_ln0 = specbitsmap void @_ssdm_op_SpecBitsMap, i32 %C"   --->   Operation 13 'specbitsmap' 'specbitsmap_ln0' <Predicate = true> <Delay = 0.00>
ST_1 : Operation 14 [1/1] (0.00ns)   --->   "%specinterface_ln0 = specinterface void @_ssdm_op_SpecInterface, i32 %D, void @empty, i32 0, i32 0, void @empty_0, i32 4294967295, i32 0, void @empty_0, void @empty_0, void @empty_0, i32 0, i32 0, i32 0, i32 0, void @empty_0, void @empty_0, i32 4294967295, i32 0, i32 0"   --->   Operation 14 'specinterface' 'specinterface_ln0' <Predicate = true> <Delay = 0.00>
ST_1 : Operation 15 [1/1] (0.00ns)   --->   "%specbitsmap_ln0 = specbitsmap void @_ssdm_op_SpecBitsMap, i32 %D"   --->   Operation 15 'specbitsmap' 'specbitsmap_ln0' <Predicate = true> <Delay = 0.00>
ST_1 : Operation 16 [1/1] (0.00ns)   --->   "%specinterface_ln0 = specinterface void @_ssdm_op_SpecInterface, i32 %E, void @empty, i32 0, i32 0, void @empty_0, i32 4294967295, i32 0, void @empty_0, void @empty_0, void @empty_0, i32 0, i32 0, i32 0, i32 0, void @empty_0, void @empty_0, i32 4294967295, i32 0, i32 0"   --->   Operation 16 'specinterface' 'specinterface_ln0' <Predicate = true> <Delay = 0.00>
ST_1 : Operation 17 [1/1] (0.00ns)   --->   "%specbitsmap_ln0 = specbitsmap void @_ssdm_op_SpecBitsMap, i32 %E"   --->   Operation 17 'specbitsmap' 'specbitsmap_ln0' <Predicate = true> <Delay = 0.00>
ST_1 : Operation 18 [1/1] (0.00ns)   --->   "%specinterface_ln0 = specinterface void @_ssdm_op_SpecInterface, i32 0, void @empty_1, i32 0, i32 0, void @empty_0, i32 0, i32 0, void @empty_2, void @empty_0, void @empty_0, i32 0, i32 0, i32 0, i32 0, void @empty_0, void @empty_0, i32 4294967295, i32 0, i32 0"   --->   Operation 18 'specinterface' 'specinterface_ln0' <Predicate = true> <Delay = 0.00>
ST_1 : Operation 19 [1/1] (0.38ns)   --->   "%store_ln0 = store i7 0, i7 %i1"   --->   Operation 19 'store' 'store_ln0' <Predicate = true> <Delay = 0.38>
ST_1 : Operation 20 [1/1] (0.00ns)   --->   "%br_ln63 = br void %for.inc.split" [q5_kernel.cpp:63]   --->   Operation 20 'br' 'br_ln63' <Predicate = true> <Delay = 0.00>
ST_1 : Operation 21 [1/1] (0.00ns)   --->   "%i1_load = load i7 %i1" [q5_kernel.cpp:63]   --->   Operation 21 'load' 'i1_load' <Predicate = true> <Delay = 0.00>
ST_1 : Operation 22 [1/1] (0.00ns)   --->   "%zext_ln63 = zext i7 %i1_load" [q5_kernel.cpp:63]   --->   Operation 22 'zext' 'zext_ln63' <Predicate = true> <Delay = 0.00>
ST_1 : Operation 23 [1/1] (0.00ns)   --->   "%A_addr = getelementptr i32 %A, i64 0, i64 %zext_ln63" [q5_kernel.cpp:66]   --->   Operation 23 'getelementptr' 'A_addr' <Predicate = true> <Delay = 0.00>
ST_1 : Operation 24 [2/2] (0.69ns)   --->   "%A_load = load i6 %A_addr" [q5_kernel.cpp:66]   --->   Operation 24 'load' 'A_load' <Predicate = true> <Delay = 0.69> <CoreInst = "RAM">   --->   Core 82 'RAM' <Latency = 1> <II = 1> <Delay = 0.69> <Storage> <Opcode : 'load' 'store'> <Ports = 2> <Width = 32> <Depth = 64> <RAM>
ST_1 : Operation 25 [1/1] (0.00ns)   --->   "%B_addr = getelementptr i32 %B, i64 0, i64 %zext_ln63" [q5_kernel.cpp:66]   --->   Operation 25 'getelementptr' 'B_addr' <Predicate = true> <Delay = 0.00>
ST_1 : Operation 26 [2/2] (0.69ns)   --->   "%B_load = load i6 %B_addr" [q5_kernel.cpp:66]   --->   Operation 26 'load' 'B_load' <Predicate = true> <Delay = 0.69> <CoreInst = "RAM">   --->   Core 82 'RAM' <Latency = 1> <II = 1> <Delay = 0.69> <Storage> <Opcode : 'load' 'store'> <Ports = 2> <Width = 32> <Depth = 64> <RAM>
ST_1 : Operation 27 [1/1] (0.00ns)   --->   "%tmp = partselect i5 @_ssdm_op_PartSelect.i5.i7.i32.i32, i7 %i1_load, i32 1, i32 5" [q5_kernel.cpp:63]   --->   Operation 27 'partselect' 'tmp' <Predicate = true> <Delay = 0.00>
ST_1 : Operation 28 [1/1] (0.00ns)   --->   "%or_ln = bitconcatenate i6 @_ssdm_op_BitConcatenate.i6.i5.i1, i5 %tmp, i1 1" [q5_kernel.cpp:63]   --->   Operation 28 'bitconcatenate' 'or_ln' <Predicate = true> <Delay = 0.00>
ST_1 : Operation 29 [1/1] (0.00ns)   --->   "%zext_ln66 = zext i6 %or_ln" [q5_kernel.cpp:66]   --->   Operation 29 'zext' 'zext_ln66' <Predicate = true> <Delay = 0.00>
ST_1 : Operation 30 [1/1] (0.00ns)   --->   "%A_addr_1 = getelementptr i32 %A, i64 0, i64 %zext_ln66" [q5_kernel.cpp:66]   --->   Operation 30 'getelementptr' 'A_addr_1' <Predicate = true> <Delay = 0.00>
ST_1 : Operation 31 [2/2] (0.69ns)   --->   "%A_load_1 = load i6 %A_addr_1" [q5_kernel.cpp:66]   --->   Operation 31 'load' 'A_load_1' <Predicate = true> <Delay = 0.69> <CoreInst = "RAM">   --->   Core 82 'RAM' <Latency = 1> <II = 1> <Delay = 0.69> <Storage> <Opcode : 'load' 'store'> <Ports = 2> <Width = 32> <Depth = 64> <RAM>
ST_1 : Operation 32 [1/1] (0.00ns)   --->   "%B_addr_1 = getelementptr i32 %B, i64 0, i64 %zext_ln66" [q5_kernel.cpp:66]   --->   Operation 32 'getelementptr' 'B_addr_1' <Predicate = true> <Delay = 0.00>
ST_1 : Operation 33 [2/2] (0.69ns)   --->   "%B_load_1 = load i6 %B_addr_1" [q5_kernel.cpp:66]   --->   Operation 33 'load' 'B_load_1' <Predicate = true> <Delay = 0.69> <CoreInst = "RAM">   --->   Core 82 'RAM' <Latency = 1> <II = 1> <Delay = 0.69> <Storage> <Opcode : 'load' 'store'> <Ports = 2> <Width = 32> <Depth = 64> <RAM>
ST_1 : Operation 34 [1/1] (0.00ns)   --->   "%tmp_1 = partselect i4 @_ssdm_op_PartSelect.i4.i7.i32.i32, i7 %i1_load, i32 2, i32 5" [q5_kernel.cpp:63]   --->   Operation 34 'partselect' 'tmp_1' <Predicate = true> <Delay = 0.00>
ST_1 : Operation 35 [1/1] (0.70ns)   --->   "%i = add i7 %i1_load, i7 4" [q5_kernel.cpp:63]   --->   Operation 35 'add' 'i' <Predicate = true> <Delay = 0.70> <CoreInst = "Adder">   --->   Core 1 'Adder' <Latency = 0> <II = 1> <Delay = 0.70> <FuncUnit> <Opcode : 'add' 'sub'> <InPorts = 2> <OutPorts = 1>
ST_1 : Operation 36 [1/1] (0.00ns)   --->   "%tmp_2 = bitselect i1 @_ssdm_op_BitSelect.i1.i7.i32, i7 %i, i32 6" [q5_kernel.cpp:63]   --->   Operation 36 'bitselect' 'tmp_2' <Predicate = true> <Delay = 0.00>
ST_1 : Operation 37 [1/1] (0.38ns)   --->   "%store_ln63 = store i7 %i, i7 %i1" [q5_kernel.cpp:63]   --->   Operation 37 'store' 'store_ln63' <Predicate = true> <Delay = 0.38>
ST_1 : Operation 38 [1/1] (0.00ns)   --->   "%br_ln63 = br i1 %tmp_2, void %for.inc.split, void %for.end" [q5_kernel.cpp:63]   --->   Operation 38 'br' 'br_ln63' <Predicate = true> <Delay = 0.00>

State 2 <SV = 1> <Delay = 5.44>
ST_2 : Operation 39 [1/2] (0.69ns)   --->   "%A_load = load i6 %A_addr" [q5_kernel.cpp:66]   --->   Operation 39 'load' 'A_load' <Predicate = true> <Delay = 0.69> <CoreInst = "RAM">   --->   Core 82 'RAM' <Latency = 1> <II = 1> <Delay = 0.69> <Storage> <Opcode : 'load' 'store'> <Ports = 2> <Width = 32> <Depth = 64> <RAM>
ST_2 : Operation 40 [1/2] (0.69ns)   --->   "%B_load = load i6 %B_addr" [q5_kernel.cpp:66]   --->   Operation 40 'load' 'B_load' <Predicate = true> <Delay = 0.69> <CoreInst = "RAM">   --->   Core 82 'RAM' <Latency = 1> <II = 1> <Delay = 0.69> <Storage> <Opcode : 'load' 'store'> <Ports = 2> <Width = 32> <Depth = 64> <RAM>
ST_2 : Operation 41 [1/1] (0.88ns)   --->   "%sum = add i32 %B_load, i32 %A_load" [q5_kernel.cpp:66]   --->   Operation 41 'add' 'sum' <Predicate = true> <Delay = 0.88> <CoreInst = "Adder">   --->   Core 1 'Adder' <Latency = 0> <II = 1> <Delay = 0.88> <FuncUnit> <Opcode : 'add' 'sub'> <InPorts = 2> <OutPorts = 1>
ST_2 : Operation 42 [1/1] (0.88ns)   --->   "%diff = sub i32 %A_load, i32 %B_load" [q5_kernel.cpp:67]   --->   Operation 42 'sub' 'diff' <Predicate = true> <Delay = 0.88> <CoreInst = "Adder">   --->   Core 1 'Adder' <Latency = 0> <II = 1> <Delay = 0.88> <FuncUnit> <Opcode : 'add' 'sub'> <InPorts = 2> <OutPorts = 1>
ST_2 : Operation 43 [1/1] (0.00ns)   --->   "%C_addr = getelementptr i32 %C, i64 0, i64 %zext_ln63" [q5_kernel.cpp:69]   --->   Operation 43 'getelementptr' 'C_addr' <Predicate = true> <Delay = 0.00>
ST_2 : Operation 44 [1/1] (0.69ns)   --->   "%store_ln69 = store i32 %sum, i6 %C_addr" [q5_kernel.cpp:69]   --->   Operation 44 'store' 'store_ln69' <Predicate = true> <Delay = 0.69> <CoreInst = "RAM">   --->   Core 82 'RAM' <Latency = 1> <II = 1> <Delay = 0.69> <Storage> <Opcode : 'load' 'store'> <Ports = 2> <Width = 32> <Depth = 64> <RAM>
ST_2 : Operation 45 [1/1] (3.17ns)   --->   "%mul_ln70 = mul i32 %B_load, i32 %A_load" [q5_kernel.cpp:70]   --->   Operation 45 'mul' 'mul_ln70' <Predicate = true> <Delay = 3.17> <CoreInst = "Multiplier">   --->   Core 3 'Multiplier' <Latency = 0> <II = 1> <Delay = 3.17> <FuncUnit> <Opcode : 'mul'> <InPorts = 2> <OutPorts = 1>
ST_2 : Operation 46 [1/1] (0.00ns)   --->   "%D_addr = getelementptr i32 %D, i64 0, i64 %zext_ln63" [q5_kernel.cpp:70]   --->   Operation 46 'getelementptr' 'D_addr' <Predicate = true> <Delay = 0.00>
ST_2 : Operation 47 [1/1] (0.69ns)   --->   "%store_ln70 = store i32 %mul_ln70, i6 %D_addr" [q5_kernel.cpp:70]   --->   Operation 47 'store' 'store_ln70' <Predicate = true> <Delay = 0.69> <CoreInst = "RAM">   --->   Core 82 'RAM' <Latency = 1> <II = 1> <Delay = 0.69> <Storage> <Opcode : 'load' 'store'> <Ports = 2> <Width = 32> <Depth = 64> <RAM>
ST_2 : Operation 48 [1/1] (3.17ns)   --->   "%mul_ln71 = mul i32 %sum, i32 %diff" [q5_kernel.cpp:71]   --->   Operation 48 'mul' 'mul_ln71' <Predicate = true> <Delay = 3.17> <CoreInst = "Multiplier">   --->   Core 3 'Multiplier' <Latency = 0> <II = 1> <Delay = 3.17> <FuncUnit> <Opcode : 'mul'> <InPorts = 2> <OutPorts = 1>
ST_2 : Operation 49 [1/1] (0.00ns)   --->   "%E_addr = getelementptr i32 %E, i64 0, i64 %zext_ln63" [q5_kernel.cpp:71]   --->   Operation 49 'getelementptr' 'E_addr' <Predicate = true> <Delay = 0.00>
ST_2 : Operation 50 [1/1] (0.69ns)   --->   "%store_ln71 = store i32 %mul_ln71, i6 %E_addr" [q5_kernel.cpp:71]   --->   Operation 50 'store' 'store_ln71' <Predicate = true> <Delay = 0.69> <CoreInst = "RAM">   --->   Core 82 'RAM' <Latency = 1> <II = 1> <Delay = 0.69> <Storage> <Opcode : 'load' 'store'> <Ports = 2> <Width = 32> <Depth = 64> <RAM>
ST_2 : Operation 51 [1/2] (0.69ns)   --->   "%A_load_1 = load i6 %A_addr_1" [q5_kernel.cpp:66]   --->   Operation 51 'load' 'A_load_1' <Predicate = true> <Delay = 0.69> <CoreInst = "RAM">   --->   Core 82 'RAM' <Latency = 1> <II = 1> <Delay = 0.69> <Storage> <Opcode : 'load' 'store'> <Ports = 2> <Width = 32> <Depth = 64> <RAM>
ST_2 : Operation 52 [1/2] (0.69ns)   --->   "%B_load_1 = load i6 %B_addr_1" [q5_kernel.cpp:66]   --->   Operation 52 'load' 'B_load_1' <Predicate = true> <Delay = 0.69> <CoreInst = "RAM">   --->   Core 82 'RAM' <Latency = 1> <II = 1> <Delay = 0.69> <Storage> <Opcode : 'load' 'store'> <Ports = 2> <Width = 32> <Depth = 64> <RAM>
ST_2 : Operation 53 [1/1] (0.88ns)   --->   "%sum_1 = add i32 %B_load_1, i32 %A_load_1" [q5_kernel.cpp:66]   --->   Operation 53 'add' 'sum_1' <Predicate = true> <Delay = 0.88> <CoreInst = "Adder">   --->   Core 1 'Adder' <Latency = 0> <II = 1> <Delay = 0.88> <FuncUnit> <Opcode : 'add' 'sub'> <InPorts = 2> <OutPorts = 1>
ST_2 : Operation 54 [1/1] (0.88ns)   --->   "%diff_1 = sub i32 %A_load_1, i32 %B_load_1" [q5_kernel.cpp:67]   --->   Operation 54 'sub' 'diff_1' <Predicate = true> <Delay = 0.88> <CoreInst = "Adder">   --->   Core 1 'Adder' <Latency = 0> <II = 1> <Delay = 0.88> <FuncUnit> <Opcode : 'add' 'sub'> <InPorts = 2> <OutPorts = 1>
ST_2 : Operation 55 [1/1] (0.00ns)   --->   "%C_addr_1 = getelementptr i32 %C, i64 0, i64 %zext_ln66" [q5_kernel.cpp:69]   --->   Operation 55 'getelementptr' 'C_addr_1' <Predicate = true> <Delay = 0.00>
ST_2 : Operation 56 [1/1] (0.69ns)   --->   "%store_ln69 = store i32 %sum_1, i6 %C_addr_1" [q5_kernel.cpp:69]   --->   Operation 56 'store' 'store_ln69' <Predicate = true> <Delay = 0.69> <CoreInst = "RAM">   --->   Core 82 'RAM' <Latency = 1> <II = 1> <Delay = 0.69> <Storage> <Opcode : 'load' 'store'> <Ports = 2> <Width = 32> <Depth = 64> <RAM>
ST_2 : Operation 57 [1/1] (3.17ns)   --->   "%mul_ln70_1 = mul i32 %B_load_1, i32 %A_load_1" [q5_kernel.cpp:70]   --->   Operation 57 'mul' 'mul_ln70_1' <Predicate = true> <Delay = 3.17> <CoreInst = "Multiplier">   --->   Core 3 'Multiplier' <Latency = 0> <II = 1> <Delay = 3.17> <FuncUnit> <Opcode : 'mul'> <InPorts = 2> <OutPorts = 1>
ST_2 : Operation 58 [1/1] (0.00ns)   --->   "%D_addr_1 = getelementptr i32 %D, i64 0, i64 %zext_ln66" [q5_kernel.cpp:70]   --->   Operation 58 'getelementptr' 'D_addr_1' <Predicate = true> <Delay = 0.00>
ST_2 : Operation 59 [1/1] (0.69ns)   --->   "%store_ln70 = store i32 %mul_ln70_1, i6 %D_addr_1" [q5_kernel.cpp:70]   --->   Operation 59 'store' 'store_ln70' <Predicate = true> <Delay = 0.69> <CoreInst = "RAM">   --->   Core 82 'RAM' <Latency = 1> <II = 1> <Delay = 0.69> <Storage> <Opcode : 'load' 'store'> <Ports = 2> <Width = 32> <Depth = 64> <RAM>
ST_2 : Operation 60 [1/1] (3.17ns)   --->   "%mul_ln71_1 = mul i32 %sum_1, i32 %diff_1" [q5_kernel.cpp:71]   --->   Operation 60 'mul' 'mul_ln71_1' <Predicate = true> <Delay = 3.17> <CoreInst = "Multiplier">   --->   Core 3 'Multiplier' <Latency = 0> <II = 1> <Delay = 3.17> <FuncUnit> <Opcode : 'mul'> <InPorts = 2> <OutPorts = 1>
ST_2 : Operation 61 [1/1] (0.00ns)   --->   "%E_addr_1 = getelementptr i32 %E, i64 0, i64 %zext_ln66" [q5_kernel.cpp:71]   --->   Operation 61 'getelementptr' 'E_addr_1' <Predicate = true> <Delay = 0.00>
ST_2 : Operation 62 [1/1] (0.69ns)   --->   "%store_ln71 = store i32 %mul_ln71_1, i6 %E_addr_1" [q5_kernel.cpp:71]   --->   Operation 62 'store' 'store_ln71' <Predicate = true> <Delay = 0.69> <CoreInst = "RAM">   --->   Core 82 'RAM' <Latency = 1> <II = 1> <Delay = 0.69> <Storage> <Opcode : 'load' 'store'> <Ports = 2> <Width = 32> <Depth = 64> <RAM>
ST_2 : Operation 63 [1/1] (0.00ns)   --->   "%or_ln63_1 = bitconcatenate i6 @_ssdm_op_BitConcatenate.i6.i4.i2, i4 %tmp_1, i2 2" [q5_kernel.cpp:63]   --->   Operation 63 'bitconcatenate' 'or_ln63_1' <Predicate = true> <Delay = 0.00>
ST_2 : Operation 64 [1/1] (0.00ns)   --->   "%zext_ln66_1 = zext i6 %or_ln63_1" [q5_kernel.cpp:66]   --->   Operation 64 'zext' 'zext_ln66_1' <Predicate = true> <Delay = 0.00>
ST_2 : Operation 65 [1/1] (0.00ns)   --->   "%A_addr_2 = getelementptr i32 %A, i64 0, i64 %zext_ln66_1" [q5_kernel.cpp:66]   --->   Operation 65 'getelementptr' 'A_addr_2' <Predicate = true> <Delay = 0.00>
ST_2 : Operation 66 [2/2] (0.69ns)   --->   "%A_load_2 = load i6 %A_addr_2" [q5_kernel.cpp:66]   --->   Operation 66 'load' 'A_load_2' <Predicate = true> <Delay = 0.69> <CoreInst = "RAM">   --->   Core 82 'RAM' <Latency = 1> <II = 1> <Delay = 0.69> <Storage> <Opcode : 'load' 'store'> <Ports = 2> <Width = 32> <Depth = 64> <RAM>
ST_2 : Operation 67 [1/1] (0.00ns)   --->   "%B_addr_2 = getelementptr i32 %B, i64 0, i64 %zext_ln66_1" [q5_kernel.cpp:66]   --->   Operation 67 'getelementptr' 'B_addr_2' <Predicate = true> <Delay = 0.00>
ST_2 : Operation 68 [2/2] (0.69ns)   --->   "%B_load_2 = load i6 %B_addr_2" [q5_kernel.cpp:66]   --->   Operation 68 'load' 'B_load_2' <Predicate = true> <Delay = 0.69> <CoreInst = "RAM">   --->   Core 82 'RAM' <Latency = 1> <II = 1> <Delay = 0.69> <Storage> <Opcode : 'load' 'store'> <Ports = 2> <Width = 32> <Depth = 64> <RAM>
ST_2 : Operation 69 [1/1] (0.00ns)   --->   "%or_ln63_2 = bitconcatenate i6 @_ssdm_op_BitConcatenate.i6.i4.i2, i4 %tmp_1, i2 3" [q5_kernel.cpp:63]   --->   Operation 69 'bitconcatenate' 'or_ln63_2' <Predicate = true> <Delay = 0.00>
ST_2 : Operation 70 [1/1] (0.00ns)   --->   "%zext_ln66_2 = zext i6 %or_ln63_2" [q5_kernel.cpp:66]   --->   Operation 70 'zext' 'zext_ln66_2' <Predicate = true> <Delay = 0.00>
ST_2 : Operation 71 [1/1] (0.00ns)   --->   "%A_addr_3 = getelementptr i32 %A, i64 0, i64 %zext_ln66_2" [q5_kernel.cpp:66]   --->   Operation 71 'getelementptr' 'A_addr_3' <Predicate = true> <Delay = 0.00>
ST_2 : Operation 72 [2/2] (0.69ns)   --->   "%A_load_3 = load i6 %A_addr_3" [q5_kernel.cpp:66]   --->   Operation 72 'load' 'A_load_3' <Predicate = true> <Delay = 0.69> <CoreInst = "RAM">   --->   Core 82 'RAM' <Latency = 1> <II = 1> <Delay = 0.69> <Storage> <Opcode : 'load' 'store'> <Ports = 2> <Width = 32> <Depth = 64> <RAM>
ST_2 : Operation 73 [1/1] (0.00ns)   --->   "%B_addr_3 = getelementptr i32 %B, i64 0, i64 %zext_ln66_2" [q5_kernel.cpp:66]   --->   Operation 73 'getelementptr' 'B_addr_3' <Predicate = true> <Delay = 0.00>
ST_2 : Operation 74 [2/2] (0.69ns)   --->   "%B_load_3 = load i6 %B_addr_3" [q5_kernel.cpp:66]   --->   Operation 74 'load' 'B_load_3' <Predicate = true> <Delay = 0.69> <CoreInst = "RAM">   --->   Core 82 'RAM' <Latency = 1> <II = 1> <Delay = 0.69> <Storage> <Opcode : 'load' 'store'> <Ports = 2> <Width = 32> <Depth = 64> <RAM>

State 3 <SV = 2> <Delay = 5.44>
ST_3 : Operation 75 [1/1] (0.00ns)   --->   "%specpipeline_ln64 = specpipeline void @_ssdm_op_SpecPipeline, i32 1, i32 0, i32 0, i32 0, void @empty_0" [q5_kernel.cpp:64]   --->   Operation 75 'specpipeline' 'specpipeline_ln64' <Predicate = true> <Delay = 0.00>
ST_3 : Operation 76 [1/1] (0.00ns)   --->   "%speclooptripcount_ln63 = speclooptripcount void @_ssdm_op_SpecLoopTripCount, i64 16, i64 16, i64 16" [q5_kernel.cpp:63]   --->   Operation 76 'speclooptripcount' 'speclooptripcount_ln63' <Predicate = true> <Delay = 0.00>
ST_3 : Operation 77 [1/1] (0.00ns)   --->   "%specloopname_ln63 = specloopname void @_ssdm_op_SpecLoopName, void @empty_4" [q5_kernel.cpp:63]   --->   Operation 77 'specloopname' 'specloopname_ln63' <Predicate = true> <Delay = 0.00>
ST_3 : Operation 78 [1/2] (0.69ns)   --->   "%A_load_2 = load i6 %A_addr_2" [q5_kernel.cpp:66]   --->   Operation 78 'load' 'A_load_2' <Predicate = true> <Delay = 0.69> <CoreInst = "RAM">   --->   Core 82 'RAM' <Latency = 1> <II = 1> <Delay = 0.69> <Storage> <Opcode : 'load' 'store'> <Ports = 2> <Width = 32> <Depth = 64> <RAM>
ST_3 : Operation 79 [1/2] (0.69ns)   --->   "%B_load_2 = load i6 %B_addr_2" [q5_kernel.cpp:66]   --->   Operation 79 'load' 'B_load_2' <Predicate = true> <Delay = 0.69> <CoreInst = "RAM">   --->   Core 82 'RAM' <Latency = 1> <II = 1> <Delay = 0.69> <Storage> <Opcode : 'load' 'store'> <Ports = 2> <Width = 32> <Depth = 64> <RAM>
ST_3 : Operation 80 [1/1] (0.88ns)   --->   "%sum_2 = add i32 %B_load_2, i32 %A_load_2" [q5_kernel.cpp:66]   --->   Operation 80 'add' 'sum_2' <Predicate = true> <Delay = 0.88> <CoreInst = "Adder">   --->   Core 1 'Adder' <Latency = 0> <II = 1> <Delay = 0.88> <FuncUnit> <Opcode : 'add' 'sub'> <InPorts = 2> <OutPorts = 1>
ST_3 : Operation 81 [1/1] (0.88ns)   --->   "%diff_2 = sub i32 %A_load_2, i32 %B_load_2" [q5_kernel.cpp:67]   --->   Operation 81 'sub' 'diff_2' <Predicate = true> <Delay = 0.88> <CoreInst = "Adder">   --->   Core 1 'Adder' <Latency = 0> <II = 1> <Delay = 0.88> <FuncUnit> <Opcode : 'add' 'sub'> <InPorts = 2> <OutPorts = 1>
ST_3 : Operation 82 [1/1] (0.00ns)   --->   "%C_addr_2 = getelementptr i32 %C, i64 0, i64 %zext_ln66_1" [q5_kernel.cpp:69]   --->   Operation 82 'getelementptr' 'C_addr_2' <Predicate = true> <Delay = 0.00>
ST_3 : Operation 83 [1/1] (0.69ns)   --->   "%store_ln69 = store i32 %sum_2, i6 %C_addr_2" [q5_kernel.cpp:69]   --->   Operation 83 'store' 'store_ln69' <Predicate = true> <Delay = 0.69> <CoreInst = "RAM">   --->   Core 82 'RAM' <Latency = 1> <II = 1> <Delay = 0.69> <Storage> <Opcode : 'load' 'store'> <Ports = 2> <Width = 32> <Depth = 64> <RAM>
ST_3 : Operation 84 [1/1] (3.17ns)   --->   "%mul_ln70_2 = mul i32 %B_load_2, i32 %A_load_2" [q5_kernel.cpp:70]   --->   Operation 84 'mul' 'mul_ln70_2' <Predicate = true> <Delay = 3.17> <CoreInst = "Multiplier">   --->   Core 3 'Multiplier' <Latency = 0> <II = 1> <Delay = 3.17> <FuncUnit> <Opcode : 'mul'> <InPorts = 2> <OutPorts = 1>
ST_3 : Operation 85 [1/1] (0.00ns)   --->   "%D_addr_2 = getelementptr i32 %D, i64 0, i64 %zext_ln66_1" [q5_kernel.cpp:70]   --->   Operation 85 'getelementptr' 'D_addr_2' <Predicate = true> <Delay = 0.00>
ST_3 : Operation 86 [1/1] (0.69ns)   --->   "%store_ln70 = store i32 %mul_ln70_2, i6 %D_addr_2" [q5_kernel.cpp:70]   --->   Operation 86 'store' 'store_ln70' <Predicate = true> <Delay = 0.69> <CoreInst = "RAM">   --->   Core 82 'RAM' <Latency = 1> <II = 1> <Delay = 0.69> <Storage> <Opcode : 'load' 'store'> <Ports = 2> <Width = 32> <Depth = 64> <RAM>
ST_3 : Operation 87 [1/1] (3.17ns)   --->   "%mul_ln71_2 = mul i32 %sum_2, i32 %diff_2" [q5_kernel.cpp:71]   --->   Operation 87 'mul' 'mul_ln71_2' <Predicate = true> <Delay = 3.17> <CoreInst = "Multiplier">   --->   Core 3 'Multiplier' <Latency = 0> <II = 1> <Delay = 3.17> <FuncUnit> <Opcode : 'mul'> <InPorts = 2> <OutPorts = 1>
ST_3 : Operation 88 [1/1] (0.00ns)   --->   "%E_addr_2 = getelementptr i32 %E, i64 0, i64 %zext_ln66_1" [q5_kernel.cpp:71]   --->   Operation 88 'getelementptr' 'E_addr_2' <Predicate = true> <Delay = 0.00>
ST_3 : Operation 89 [1/1] (0.69ns)   --->   "%store_ln71 = store i32 %mul_ln71_2, i6 %E_addr_2" [q5_kernel.cpp:71]   --->   Operation 89 'store' 'store_ln71' <Predicate = true> <Delay = 0.69> <CoreInst = "RAM">   --->   Core 82 'RAM' <Latency = 1> <II = 1> <Delay = 0.69> <Storage> <Opcode : 'load' 'store'> <Ports = 2> <Width = 32> <Depth = 64> <RAM>
ST_3 : Operation 90 [1/2] (0.69ns)   --->   "%A_load_3 = load i6 %A_addr_3" [q5_kernel.cpp:66]   --->   Operation 90 'load' 'A_load_3' <Predicate = true> <Delay = 0.69> <CoreInst = "RAM">   --->   Core 82 'RAM' <Latency = 1> <II = 1> <Delay = 0.69> <Storage> <Opcode : 'load' 'store'> <Ports = 2> <Width = 32> <Depth = 64> <RAM>
ST_3 : Operation 91 [1/2] (0.69ns)   --->   "%B_load_3 = load i6 %B_addr_3" [q5_kernel.cpp:66]   --->   Operation 91 'load' 'B_load_3' <Predicate = true> <Delay = 0.69> <CoreInst = "RAM">   --->   Core 82 'RAM' <Latency = 1> <II = 1> <Delay = 0.69> <Storage> <Opcode : 'load' 'store'> <Ports = 2> <Width = 32> <Depth = 64> <RAM>
ST_3 : Operation 92 [1/1] (0.88ns)   --->   "%sum_3 = add i32 %B_load_3, i32 %A_load_3" [q5_kernel.cpp:66]   --->   Operation 92 'add' 'sum_3' <Predicate = true> <Delay = 0.88> <CoreInst = "Adder">   --->   Core 1 'Adder' <Latency = 0> <II = 1> <Delay = 0.88> <FuncUnit> <Opcode : 'add' 'sub'> <InPorts = 2> <OutPorts = 1>
ST_3 : Operation 93 [1/1] (0.88ns)   --->   "%diff_3 = sub i32 %A_load_3, i32 %B_load_3" [q5_kernel.cpp:67]   --->   Operation 93 'sub' 'diff_3' <Predicate = true> <Delay = 0.88> <CoreInst = "Adder">   --->   Core 1 'Adder' <Latency = 0> <II = 1> <Delay = 0.88> <FuncUnit> <Opcode : 'add' 'sub'> <InPorts = 2> <OutPorts = 1>
ST_3 : Operation 94 [1/1] (0.00ns)   --->   "%C_addr_3 = getelementptr i32 %C, i64 0, i64 %zext_ln66_2" [q5_kernel.cpp:69]   --->   Operation 94 'getelementptr' 'C_addr_3' <Predicate = true> <Delay = 0.00>
ST_3 : Operation 95 [1/1] (0.69ns)   --->   "%store_ln69 = store i32 %sum_3, i6 %C_addr_3" [q5_kernel.cpp:69]   --->   Operation 95 'store' 'store_ln69' <Predicate = true> <Delay = 0.69> <CoreInst = "RAM">   --->   Core 82 'RAM' <Latency = 1> <II = 1> <Delay = 0.69> <Storage> <Opcode : 'load' 'store'> <Ports = 2> <Width = 32> <Depth = 64> <RAM>
ST_3 : Operation 96 [1/1] (3.17ns)   --->   "%mul_ln70_3 = mul i32 %B_load_3, i32 %A_load_3" [q5_kernel.cpp:70]   --->   Operation 96 'mul' 'mul_ln70_3' <Predicate = true> <Delay = 3.17> <CoreInst = "Multiplier">   --->   Core 3 'Multiplier' <Latency = 0> <II = 1> <Delay = 3.17> <FuncUnit> <Opcode : 'mul'> <InPorts = 2> <OutPorts = 1>
ST_3 : Operation 97 [1/1] (0.00ns)   --->   "%D_addr_3 = getelementptr i32 %D, i64 0, i64 %zext_ln66_2" [q5_kernel.cpp:70]   --->   Operation 97 'getelementptr' 'D_addr_3' <Predicate = true> <Delay = 0.00>
ST_3 : Operation 98 [1/1] (0.69ns)   --->   "%store_ln70 = store i32 %mul_ln70_3, i6 %D_addr_3" [q5_kernel.cpp:70]   --->   Operation 98 'store' 'store_ln70' <Predicate = true> <Delay = 0.69> <CoreInst = "RAM">   --->   Core 82 'RAM' <Latency = 1> <II = 1> <Delay = 0.69> <Storage> <Opcode : 'load' 'store'> <Ports = 2> <Width = 32> <Depth = 64> <RAM>
ST_3 : Operation 99 [1/1] (3.17ns)   --->   "%mul_ln71_3 = mul i32 %sum_3, i32 %diff_3" [q5_kernel.cpp:71]   --->   Operation 99 'mul' 'mul_ln71_3' <Predicate = true> <Delay = 3.17> <CoreInst = "Multiplier">   --->   Core 3 'Multiplier' <Latency = 0> <II = 1> <Delay = 3.17> <FuncUnit> <Opcode : 'mul'> <InPorts = 2> <OutPorts = 1>
ST_3 : Operation 100 [1/1] (0.00ns)   --->   "%E_addr_3 = getelementptr i32 %E, i64 0, i64 %zext_ln66_2" [q5_kernel.cpp:71]   --->   Operation 100 'getelementptr' 'E_addr_3' <Predicate = true> <Delay = 0.00>
ST_3 : Operation 101 [1/1] (0.69ns)   --->   "%store_ln71 = store i32 %mul_ln71_3, i6 %E_addr_3" [q5_kernel.cpp:71]   --->   Operation 101 'store' 'store_ln71' <Predicate = true> <Delay = 0.69> <CoreInst = "RAM">   --->   Core 82 'RAM' <Latency = 1> <II = 1> <Delay = 0.69> <Storage> <Opcode : 'load' 'store'> <Ports = 2> <Width = 32> <Depth = 64> <RAM>
ST_3 : Operation 102 [1/1] (0.38ns)   --->   "%ret_ln73 = ret" [q5_kernel.cpp:73]   --->   Operation 102 'ret' 'ret_ln73' <Predicate = (tmp_2)> <Delay = 0.38>


============================================================
+ Verbose Summary: Binding
============================================================
STG Binding: 
---------------- STG Properties BEGIN ----------------
- Is combinational: 0
- Is one-state seq: 0
- Is datapath-only: 0
- Is pipelined: 0
- Is top level: 1
Port [ Return ] is wired: 1; IO mode=ap_ctrl_hs:ce=0
Port [ A]:  wired=1; compound=1; hidden=0; nouse=0; global=0; static=0; extern=0; dir=0; type=1; pingpong=0; private_global=0; MemPort=[11]; IO mode=ap_memory:ce=0
Port [ B]:  wired=1; compound=1; hidden=0; nouse=0; global=0; static=0; extern=0; dir=0; type=1; pingpong=0; private_global=0; MemPort=[11]; IO mode=ap_memory:ce=0
Port [ C]:  wired=1; compound=1; hidden=0; nouse=0; global=0; static=0; extern=0; dir=1; type=1; pingpong=0; private_global=0; MemPort=[00]; IO mode=ap_memory:ce=0
Port [ D]:  wired=1; compound=1; hidden=0; nouse=0; global=0; static=0; extern=0; dir=1; type=1; pingpong=0; private_global=0; MemPort=[00]; IO mode=ap_memory:ce=0
Port [ E]:  wired=1; compound=1; hidden=0; nouse=0; global=0; static=0; extern=0; dir=1; type=1; pingpong=0; private_global=0; MemPort=[00]; IO mode=ap_memory:ce=0
---------------- STG Properties END ------------------

---------------- Datapath Model BEGIN ----------------

<LifeTime>
<method=bitvector/>
i1                     (alloca           ) [ 0100]
spectopmodule_ln54     (spectopmodule    ) [ 0000]
specinterface_ln0      (specinterface    ) [ 0000]
specbitsmap_ln0        (specbitsmap      ) [ 0000]
specinterface_ln0      (specinterface    ) [ 0000]
specbitsmap_ln0        (specbitsmap      ) [ 0000]
specinterface_ln0      (specinterface    ) [ 0000]
specbitsmap_ln0        (specbitsmap      ) [ 0000]
specinterface_ln0      (specinterface    ) [ 0000]
specbitsmap_ln0        (specbitsmap      ) [ 0000]
specinterface_ln0      (specinterface    ) [ 0000]
specbitsmap_ln0        (specbitsmap      ) [ 0000]
specinterface_ln0      (specinterface    ) [ 0000]
store_ln0              (store            ) [ 0000]
br_ln63                (br               ) [ 0000]
i1_load                (load             ) [ 0000]
zext_ln63              (zext             ) [ 0010]
A_addr                 (getelementptr    ) [ 0010]
B_addr                 (getelementptr    ) [ 0010]
tmp                    (partselect       ) [ 0000]
or_ln                  (bitconcatenate   ) [ 0000]
zext_ln66              (zext             ) [ 0010]
A_addr_1               (getelementptr    ) [ 0010]
B_addr_1               (getelementptr    ) [ 0010]
tmp_1                  (partselect       ) [ 0010]
i                      (add              ) [ 0000]
tmp_2                  (bitselect        ) [ 0111]
store_ln63             (store            ) [ 0000]
br_ln63                (br               ) [ 0000]
A_load                 (load             ) [ 0000]
B_load                 (load             ) [ 0000]
sum                    (add              ) [ 0000]
diff                   (sub              ) [ 0000]
C_addr                 (getelementptr    ) [ 0000]
store_ln69             (store            ) [ 0000]
mul_ln70               (mul              ) [ 0000]
D_addr                 (getelementptr    ) [ 0000]
store_ln70             (store            ) [ 0000]
mul_ln71               (mul              ) [ 0000]
E_addr                 (getelementptr    ) [ 0000]
store_ln71             (store            ) [ 0000]
A_load_1               (load             ) [ 0000]
B_load_1               (load             ) [ 0000]
sum_1                  (add              ) [ 0000]
diff_1                 (sub              ) [ 0000]
C_addr_1               (getelementptr    ) [ 0000]
store_ln69             (store            ) [ 0000]
mul_ln70_1             (mul              ) [ 0000]
D_addr_1               (getelementptr    ) [ 0000]
store_ln70             (store            ) [ 0000]
mul_ln71_1             (mul              ) [ 0000]
E_addr_1               (getelementptr    ) [ 0000]
store_ln71             (store            ) [ 0000]
or_ln63_1              (bitconcatenate   ) [ 0000]
zext_ln66_1            (zext             ) [ 0101]
A_addr_2               (getelementptr    ) [ 0101]
B_addr_2               (getelementptr    ) [ 0101]
or_ln63_2              (bitconcatenate   ) [ 0000]
zext_ln66_2            (zext             ) [ 0101]
A_addr_3               (getelementptr    ) [ 0101]
B_addr_3               (getelementptr    ) [ 0101]
specpipeline_ln64      (specpipeline     ) [ 0000]
speclooptripcount_ln63 (speclooptripcount) [ 0000]
specloopname_ln63      (specloopname     ) [ 0000]
A_load_2               (load             ) [ 0000]
B_load_2               (load             ) [ 0000]
sum_2                  (add              ) [ 0000]
diff_2                 (sub              ) [ 0000]
C_addr_2               (getelementptr    ) [ 0000]
store_ln69             (store            ) [ 0000]
mul_ln70_2             (mul              ) [ 0000]
D_addr_2               (getelementptr    ) [ 0000]
store_ln70             (store            ) [ 0000]
mul_ln71_2             (mul              ) [ 0000]
E_addr_2               (getelementptr    ) [ 0000]
store_ln71             (store            ) [ 0000]
A_load_3               (load             ) [ 0000]
B_load_3               (load             ) [ 0000]
sum_3                  (add              ) [ 0000]
diff_3                 (sub              ) [ 0000]
C_addr_3               (getelementptr    ) [ 0000]
store_ln69             (store            ) [ 0000]
mul_ln70_3             (mul              ) [ 0000]
D_addr_3               (getelementptr    ) [ 0000]
store_ln70             (store            ) [ 0000]
mul_ln71_3             (mul              ) [ 0000]
E_addr_3               (getelementptr    ) [ 0000]
store_ln71             (store            ) [ 0000]
ret_ln73               (ret              ) [ 0000]
</LifeTime>

<model>

<comp_list>
<comp id="0" class="1000" name="A">
<pin_list>
<pin id="1" dir="1" index="0" bw="1" slack="0"/>
</pin_list>
<bind>
<StgValue><ssdm name="A"/><MemPortTyVec>1 1 </MemPortTyVec>
</StgValue>
</bind>
</comp>

<comp id="2" class="1000" name="B">
<pin_list>
<pin id="3" dir="1" index="0" bw="1" slack="0"/>
</pin_list>
<bind>
<StgValue><ssdm name="B"/><MemPortTyVec>1 1 </MemPortTyVec>
</StgValue>
</bind>
</comp>

<comp id="4" class="1000" name="C">
<pin_list>
<pin id="5" dir="1" index="0" bw="1" slack="0"/>
</pin_list>
<bind>
<StgValue><ssdm name="C"/><MemPortTyVec>0 0 </MemPortTyVec>
</StgValue>
</bind>
</comp>

<comp id="6" class="1000" name="D">
<pin_list>
<pin id="7" dir="1" index="0" bw="1" slack="0"/>
</pin_list>
<bind>
<StgValue><ssdm name="D"/><MemPortTyVec>0 0 </MemPortTyVec>
</StgValue>
</bind>
</comp>

<comp id="8" class="1000" name="E">
<pin_list>
<pin id="9" dir="1" index="0" bw="1" slack="0"/>
</pin_list>
<bind>
<StgValue><ssdm name="E"/><MemPortTyVec>0 0 </MemPortTyVec>
</StgValue>
</bind>
</comp>

<comp id="10" class="1001" name="const_10">
<pin_list>
<pin id="11" dir="1" index="0" bw="1" slack="0"/>
</pin_list>
<bind>
<StgValue><ssdm name=""/></StgValue>
</bind>
</comp>

<comp id="12" class="1001" name="const_12">
<pin_list>
<pin id="13" dir="1" index="0" bw="1" slack="2147483647"/>
</pin_list>
<bind>
<StgValue><ssdm name="_ssdm_op_SpecTopModule"/></StgValue>
</bind>
</comp>

<comp id="14" class="1001" name="const_14">
<pin_list>
<pin id="15" dir="1" index="0" bw="1" slack="2147483647"/>
</pin_list>
<bind>
<StgValue><ssdm name="empty_3"/></StgValue>
</bind>
</comp>

<comp id="16" class="1001" name="const_16">
<pin_list>
<pin id="17" dir="1" index="0" bw="1" slack="2147483647"/>
</pin_list>
<bind>
<StgValue><ssdm name="_ssdm_op_SpecInterface"/></StgValue>
</bind>
</comp>

<comp id="18" class="1001" name="const_18">
<pin_list>
<pin id="19" dir="1" index="0" bw="1" slack="2147483647"/>
</pin_list>
<bind>
<StgValue><ssdm name="empty"/></StgValue>
</bind>
</comp>

<comp id="20" class="1001" name="const_20">
<pin_list>
<pin id="21" dir="1" index="0" bw="1" slack="2147483647"/>
</pin_list>
<bind>
<StgValue><ssdm name=""/></StgValue>
</bind>
</comp>

<comp id="22" class="1001" name="const_22">
<pin_list>
<pin id="23" dir="1" index="0" bw="1" slack="2147483647"/>
</pin_list>
<bind>
<StgValue><ssdm name="empty_0"/></StgValue>
</bind>
</comp>

<comp id="24" class="1001" name="const_24">
<pin_list>
<pin id="25" dir="1" index="0" bw="1" slack="2147483647"/>
</pin_list>
<bind>
<StgValue><ssdm name=""/></StgValue>
</bind>
</comp>

<comp id="26" class="1001" name="const_26">
<pin_list>
<pin id="27" dir="1" index="0" bw="1" slack="2147483647"/>
</pin_list>
<bind>
<StgValue><ssdm name="_ssdm_op_SpecBitsMap"/></StgValue>
</bind>
</comp>

<comp id="28" class="1001" name="const_28">
<pin_list>
<pin id="29" dir="1" index="0" bw="1" slack="2147483647"/>
</pin_list>
<bind>
<StgValue><ssdm name="empty_1"/></StgValue>
</bind>
</comp>

<comp id="30" class="1001" name="const_30">
<pin_list>
<pin id="31" dir="1" index="0" bw="1" slack="2147483647"/>
</pin_list>
<bind>
<StgValue><ssdm name="empty_2"/></StgValue>
</bind>
</comp>

<comp id="32" class="1001" name="const_32">
<pin_list>
<pin id="33" dir="1" index="0" bw="1" slack="0"/>
</pin_list>
<bind>
<StgValue><ssdm name=""/></StgValue>
</bind>
</comp>

<comp id="34" class="1001" name="const_34">
<pin_list>
<pin id="35" dir="1" index="0" bw="1" slack="0"/>
</pin_list>
<bind>
<StgValue><ssdm name=""/></StgValue>
</bind>
</comp>

<comp id="36" class="1001" name="const_36">
<pin_list>
<pin id="37" dir="1" index="0" bw="1" slack="0"/>
</pin_list>
<bind>
<StgValue><ssdm name="_ssdm_op_PartSelect.i5.i7.i32.i32"/></StgValue>
</bind>
</comp>

<comp id="38" class="1001" name="const_38">
<pin_list>
<pin id="39" dir="1" index="0" bw="1" slack="0"/>
</pin_list>
<bind>
<StgValue><ssdm name=""/></StgValue>
</bind>
</comp>

<comp id="40" class="1001" name="const_40">
<pin_list>
<pin id="41" dir="1" index="0" bw="1" slack="0"/>
</pin_list>
<bind>
<StgValue><ssdm name="_ssdm_op_BitConcatenate.i6.i5.i1"/></StgValue>
</bind>
</comp>

<comp id="42" class="1001" name="const_42">
<pin_list>
<pin id="43" dir="1" index="0" bw="1" slack="0"/>
</pin_list>
<bind>
<StgValue><ssdm name=""/></StgValue>
</bind>
</comp>

<comp id="44" class="1001" name="const_44">
<pin_list>
<pin id="45" dir="1" index="0" bw="1" slack="0"/>
</pin_list>
<bind>
<StgValue><ssdm name="_ssdm_op_PartSelect.i4.i7.i32.i32"/></StgValue>
</bind>
</comp>

<comp id="46" class="1001" name="const_46">
<pin_list>
<pin id="47" dir="1" index="0" bw="1" slack="0"/>
</pin_list>
<bind>
<StgValue><ssdm name=""/></StgValue>
</bind>
</comp>

<comp id="48" class="1001" name="const_48">
<pin_list>
<pin id="49" dir="1" index="0" bw="1" slack="0"/>
</pin_list>
<bind>
<StgValue><ssdm name=""/></StgValue>
</bind>
</comp>

<comp id="50" class="1001" name="const_50">
<pin_list>
<pin id="51" dir="1" index="0" bw="1" slack="0"/>
</pin_list>
<bind>
<StgValue><ssdm name="_ssdm_op_BitSelect.i1.i7.i32"/></StgValue>
</bind>
</comp>

<comp id="52" class="1001" name="const_52">
<pin_list>
<pin id="53" dir="1" index="0" bw="1" slack="0"/>
</pin_list>
<bind>
<StgValue><ssdm name=""/></StgValue>
</bind>
</comp>

<comp id="54" class="1001" name="const_54">
<pin_list>
<pin id="55" dir="1" index="0" bw="1" slack="0"/>
</pin_list>
<bind>
<StgValue><ssdm name="_ssdm_op_BitConcatenate.i6.i4.i2"/></StgValue>
</bind>
</comp>

<comp id="56" class="1001" name="const_56">
<pin_list>
<pin id="57" dir="1" index="0" bw="1" slack="0"/>
</pin_list>
<bind>
<StgValue><ssdm name=""/></StgValue>
</bind>
</comp>

<comp id="58" class="1001" name="const_58">
<pin_list>
<pin id="59" dir="1" index="0" bw="1" slack="0"/>
</pin_list>
<bind>
<StgValue><ssdm name=""/></StgValue>
</bind>
</comp>

<comp id="60" class="1001" name="const_60">
<pin_list>
<pin id="61" dir="1" index="0" bw="1" slack="2147483647"/>
</pin_list>
<bind>
<StgValue><ssdm name="_ssdm_op_SpecPipeline"/></StgValue>
</bind>
</comp>

<comp id="62" class="1001" name="const_62">
<pin_list>
<pin id="63" dir="1" index="0" bw="1" slack="2147483647"/>
</pin_list>
<bind>
<StgValue><ssdm name="_ssdm_op_SpecLoopTripCount"/></StgValue>
</bind>
</comp>

<comp id="64" class="1001" name="const_64">
<pin_list>
<pin id="65" dir="1" index="0" bw="1" slack="2147483647"/>
</pin_list>
<bind>
<StgValue><ssdm name=""/></StgValue>
</bind>
</comp>

<comp id="66" class="1001" name="const_66">
<pin_list>
<pin id="67" dir="1" index="0" bw="1" slack="2147483647"/>
</pin_list>
<bind>
<StgValue><ssdm name="_ssdm_op_SpecLoopName"/></StgValue>
</bind>
</comp>

<comp id="68" class="1001" name="const_68">
<pin_list>
<pin id="69" dir="1" index="0" bw="1" slack="2147483647"/>
</pin_list>
<bind>
<StgValue><ssdm name="empty_4"/></StgValue>
</bind>
</comp>

<comp id="70" class="1004" name="i1_fu_70">
<pin_list>
<pin id="71" dir="0" index="0" bw="1" slack="0"/>
<pin id="72" dir="1" index="1" bw="7" slack="0"/>
</pin_list>
<bind>
<opcode="alloca(26) " fcode="alloca"/>
<opset="i1/1 "/>
</bind>
</comp>

<comp id="74" class="1004" name="A_addr_gep_fu_74">
<pin_list>
<pin id="75" dir="0" index="0" bw="32" slack="0"/>
<pin id="76" dir="0" index="1" bw="1" slack="0"/>
<pin id="77" dir="0" index="2" bw="7" slack="0"/>
<pin id="78" dir="1" index="3" bw="6" slack="0"/>
</pin_list>
<bind>
<opcode="getelementptr(29) " fcode="getelementptr"/>
<opset="A_addr/1 "/>
</bind>
</comp>

<comp id="81" class="1004" name="grp_access_fu_81">
<pin_list>
<pin id="82" dir="0" index="0" bw="6" slack="0"/>
<pin id="83" dir="0" index="1" bw="32" slack="2147483647"/>
<pin id="84" dir="0" index="2" bw="0" slack="0"/>
<pin id="86" dir="0" index="4" bw="6" slack="2147483647"/>
<pin id="87" dir="0" index="5" bw="32" slack="2147483647"/>
<pin id="88" dir="0" index="6" bw="0" slack="2147483647"/>
<pin id="85" dir="1" index="3" bw="32" slack="0"/>
<pin id="89" dir="1" index="7" bw="32" slack="0"/>
</pin_list>
<bind>
<opcode="load(27) " fcode="load"/>
<opset="A_load/1 A_load_1/1 A_load_2/2 A_load_3/2 "/>
</bind>
</comp>

<comp id="91" class="1004" name="B_addr_gep_fu_91">
<pin_list>
<pin id="92" dir="0" index="0" bw="32" slack="0"/>
<pin id="93" dir="0" index="1" bw="1" slack="0"/>
<pin id="94" dir="0" index="2" bw="7" slack="0"/>
<pin id="95" dir="1" index="3" bw="6" slack="0"/>
</pin_list>
<bind>
<opcode="getelementptr(29) " fcode="getelementptr"/>
<opset="B_addr/1 "/>
</bind>
</comp>

<comp id="98" class="1004" name="grp_access_fu_98">
<pin_list>
<pin id="99" dir="0" index="0" bw="6" slack="0"/>
<pin id="100" dir="0" index="1" bw="32" slack="2147483647"/>
<pin id="101" dir="0" index="2" bw="0" slack="0"/>
<pin id="103" dir="0" index="4" bw="6" slack="2147483647"/>
<pin id="104" dir="0" index="5" bw="32" slack="2147483647"/>
<pin id="105" dir="0" index="6" bw="0" slack="2147483647"/>
<pin id="102" dir="1" index="3" bw="32" slack="0"/>
<pin id="106" dir="1" index="7" bw="32" slack="0"/>
</pin_list>
<bind>
<opcode="load(27) " fcode="load"/>
<opset="B_load/1 B_load_1/1 B_load_2/2 B_load_3/2 "/>
</bind>
</comp>

<comp id="108" class="1004" name="A_addr_1_gep_fu_108">
<pin_list>
<pin id="109" dir="0" index="0" bw="32" slack="0"/>
<pin id="110" dir="0" index="1" bw="1" slack="0"/>
<pin id="111" dir="0" index="2" bw="6" slack="0"/>
<pin id="112" dir="1" index="3" bw="6" slack="0"/>
</pin_list>
<bind>
<opcode="getelementptr(29) " fcode="getelementptr"/>
<opset="A_addr_1/1 "/>
</bind>
</comp>

<comp id="116" class="1004" name="B_addr_1_gep_fu_116">
<pin_list>
<pin id="117" dir="0" index="0" bw="32" slack="0"/>
<pin id="118" dir="0" index="1" bw="1" slack="0"/>
<pin id="119" dir="0" index="2" bw="6" slack="0"/>
<pin id="120" dir="1" index="3" bw="6" slack="0"/>
</pin_list>
<bind>
<opcode="getelementptr(29) " fcode="getelementptr"/>
<opset="B_addr_1/1 "/>
</bind>
</comp>

<comp id="124" class="1004" name="C_addr_gep_fu_124">
<pin_list>
<pin id="125" dir="0" index="0" bw="32" slack="0"/>
<pin id="126" dir="0" index="1" bw="1" slack="0"/>
<pin id="127" dir="0" index="2" bw="7" slack="1"/>
<pin id="128" dir="1" index="3" bw="6" slack="0"/>
</pin_list>
<bind>
<opcode="getelementptr(29) " fcode="getelementptr"/>
<opset="C_addr/2 "/>
</bind>
</comp>

<comp id="131" class="1004" name="grp_access_fu_131">
<pin_list>
<pin id="132" dir="0" index="0" bw="6" slack="0"/>
<pin id="133" dir="0" index="1" bw="32" slack="0"/>
<pin id="134" dir="0" index="2" bw="0" slack="0"/>
<pin id="136" dir="0" index="4" bw="6" slack="0"/>
<pin id="137" dir="0" index="5" bw="32" slack="2147483647"/>
<pin id="138" dir="0" index="6" bw="0" slack="2147483647"/>
<pin id="135" dir="1" index="3" bw="32" slack="2147483647"/>
<pin id="139" dir="1" index="7" bw="32" slack="2147483647"/>
</pin_list>
<bind>
<opcode="store(28) " fcode="store"/>
<opset="store_ln69/2 store_ln69/2 store_ln69/3 store_ln69/3 "/>
</bind>
</comp>

<comp id="141" class="1004" name="D_addr_gep_fu_141">
<pin_list>
<pin id="142" dir="0" index="0" bw="32" slack="0"/>
<pin id="143" dir="0" index="1" bw="1" slack="0"/>
<pin id="144" dir="0" index="2" bw="7" slack="1"/>
<pin id="145" dir="1" index="3" bw="6" slack="0"/>
</pin_list>
<bind>
<opcode="getelementptr(29) " fcode="getelementptr"/>
<opset="D_addr/2 "/>
</bind>
</comp>

<comp id="148" class="1004" name="grp_access_fu_148">
<pin_list>
<pin id="149" dir="0" index="0" bw="6" slack="0"/>
<pin id="150" dir="0" index="1" bw="32" slack="0"/>
<pin id="151" dir="0" index="2" bw="0" slack="0"/>
<pin id="153" dir="0" index="4" bw="6" slack="0"/>
<pin id="154" dir="0" index="5" bw="32" slack="2147483647"/>
<pin id="155" dir="0" index="6" bw="0" slack="2147483647"/>
<pin id="152" dir="1" index="3" bw="32" slack="2147483647"/>
<pin id="156" dir="1" index="7" bw="32" slack="2147483647"/>
</pin_list>
<bind>
<opcode="store(28) " fcode="store"/>
<opset="store_ln70/2 store_ln70/2 store_ln70/3 store_ln70/3 "/>
</bind>
</comp>

<comp id="158" class="1004" name="E_addr_gep_fu_158">
<pin_list>
<pin id="159" dir="0" index="0" bw="32" slack="0"/>
<pin id="160" dir="0" index="1" bw="1" slack="0"/>
<pin id="161" dir="0" index="2" bw="7" slack="1"/>
<pin id="162" dir="1" index="3" bw="6" slack="0"/>
</pin_list>
<bind>
<opcode="getelementptr(29) " fcode="getelementptr"/>
<opset="E_addr/2 "/>
</bind>
</comp>

<comp id="165" class="1004" name="grp_access_fu_165">
<pin_list>
<pin id="166" dir="0" index="0" bw="6" slack="0"/>
<pin id="167" dir="0" index="1" bw="32" slack="0"/>
<pin id="168" dir="0" index="2" bw="0" slack="0"/>
<pin id="170" dir="0" index="4" bw="6" slack="0"/>
<pin id="171" dir="0" index="5" bw="32" slack="2147483647"/>
<pin id="172" dir="0" index="6" bw="0" slack="2147483647"/>
<pin id="169" dir="1" index="3" bw="32" slack="2147483647"/>
<pin id="173" dir="1" index="7" bw="32" slack="2147483647"/>
</pin_list>
<bind>
<opcode="store(28) " fcode="store"/>
<opset="store_ln71/2 store_ln71/2 store_ln71/3 store_ln71/3 "/>
</bind>
</comp>

<comp id="175" class="1004" name="C_addr_1_gep_fu_175">
<pin_list>
<pin id="176" dir="0" index="0" bw="32" slack="0"/>
<pin id="177" dir="0" index="1" bw="1" slack="0"/>
<pin id="178" dir="0" index="2" bw="6" slack="1"/>
<pin id="179" dir="1" index="3" bw="6" slack="0"/>
</pin_list>
<bind>
<opcode="getelementptr(29) " fcode="getelementptr"/>
<opset="C_addr_1/2 "/>
</bind>
</comp>

<comp id="183" class="1004" name="D_addr_1_gep_fu_183">
<pin_list>
<pin id="184" dir="0" index="0" bw="32" slack="0"/>
<pin id="185" dir="0" index="1" bw="1" slack="0"/>
<pin id="186" dir="0" index="2" bw="6" slack="1"/>
<pin id="187" dir="1" index="3" bw="6" slack="0"/>
</pin_list>
<bind>
<opcode="getelementptr(29) " fcode="getelementptr"/>
<opset="D_addr_1/2 "/>
</bind>
</comp>

<comp id="191" class="1004" name="E_addr_1_gep_fu_191">
<pin_list>
<pin id="192" dir="0" index="0" bw="32" slack="0"/>
<pin id="193" dir="0" index="1" bw="1" slack="0"/>
<pin id="194" dir="0" index="2" bw="6" slack="1"/>
<pin id="195" dir="1" index="3" bw="6" slack="0"/>
</pin_list>
<bind>
<opcode="getelementptr(29) " fcode="getelementptr"/>
<opset="E_addr_1/2 "/>
</bind>
</comp>

<comp id="199" class="1004" name="A_addr_2_gep_fu_199">
<pin_list>
<pin id="200" dir="0" index="0" bw="32" slack="0"/>
<pin id="201" dir="0" index="1" bw="1" slack="0"/>
<pin id="202" dir="0" index="2" bw="6" slack="0"/>
<pin id="203" dir="1" index="3" bw="6" slack="0"/>
</pin_list>
<bind>
<opcode="getelementptr(29) " fcode="getelementptr"/>
<opset="A_addr_2/2 "/>
</bind>
</comp>

<comp id="207" class="1004" name="B_addr_2_gep_fu_207">
<pin_list>
<pin id="208" dir="0" index="0" bw="32" slack="0"/>
<pin id="209" dir="0" index="1" bw="1" slack="0"/>
<pin id="210" dir="0" index="2" bw="6" slack="0"/>
<pin id="211" dir="1" index="3" bw="6" slack="0"/>
</pin_list>
<bind>
<opcode="getelementptr(29) " fcode="getelementptr"/>
<opset="B_addr_2/2 "/>
</bind>
</comp>

<comp id="215" class="1004" name="A_addr_3_gep_fu_215">
<pin_list>
<pin id="216" dir="0" index="0" bw="32" slack="0"/>
<pin id="217" dir="0" index="1" bw="1" slack="0"/>
<pin id="218" dir="0" index="2" bw="6" slack="0"/>
<pin id="219" dir="1" index="3" bw="6" slack="0"/>
</pin_list>
<bind>
<opcode="getelementptr(29) " fcode="getelementptr"/>
<opset="A_addr_3/2 "/>
</bind>
</comp>

<comp id="223" class="1004" name="B_addr_3_gep_fu_223">
<pin_list>
<pin id="224" dir="0" index="0" bw="32" slack="0"/>
<pin id="225" dir="0" index="1" bw="1" slack="0"/>
<pin id="226" dir="0" index="2" bw="6" slack="0"/>
<pin id="227" dir="1" index="3" bw="6" slack="0"/>
</pin_list>
<bind>
<opcode="getelementptr(29) " fcode="getelementptr"/>
<opset="B_addr_3/2 "/>
</bind>
</comp>

<comp id="231" class="1004" name="C_addr_2_gep_fu_231">
<pin_list>
<pin id="232" dir="0" index="0" bw="32" slack="0"/>
<pin id="233" dir="0" index="1" bw="1" slack="0"/>
<pin id="234" dir="0" index="2" bw="6" slack="1"/>
<pin id="235" dir="1" index="3" bw="6" slack="0"/>
</pin_list>
<bind>
<opcode="getelementptr(29) " fcode="getelementptr"/>
<opset="C_addr_2/3 "/>
</bind>
</comp>

<comp id="239" class="1004" name="D_addr_2_gep_fu_239">
<pin_list>
<pin id="240" dir="0" index="0" bw="32" slack="0"/>
<pin id="241" dir="0" index="1" bw="1" slack="0"/>
<pin id="242" dir="0" index="2" bw="6" slack="1"/>
<pin id="243" dir="1" index="3" bw="6" slack="0"/>
</pin_list>
<bind>
<opcode="getelementptr(29) " fcode="getelementptr"/>
<opset="D_addr_2/3 "/>
</bind>
</comp>

<comp id="247" class="1004" name="E_addr_2_gep_fu_247">
<pin_list>
<pin id="248" dir="0" index="0" bw="32" slack="0"/>
<pin id="249" dir="0" index="1" bw="1" slack="0"/>
<pin id="250" dir="0" index="2" bw="6" slack="1"/>
<pin id="251" dir="1" index="3" bw="6" slack="0"/>
</pin_list>
<bind>
<opcode="getelementptr(29) " fcode="getelementptr"/>
<opset="E_addr_2/3 "/>
</bind>
</comp>

<comp id="255" class="1004" name="C_addr_3_gep_fu_255">
<pin_list>
<pin id="256" dir="0" index="0" bw="32" slack="0"/>
<pin id="257" dir="0" index="1" bw="1" slack="0"/>
<pin id="258" dir="0" index="2" bw="6" slack="1"/>
<pin id="259" dir="1" index="3" bw="6" slack="0"/>
</pin_list>
<bind>
<opcode="getelementptr(29) " fcode="getelementptr"/>
<opset="C_addr_3/3 "/>
</bind>
</comp>

<comp id="263" class="1004" name="D_addr_3_gep_fu_263">
<pin_list>
<pin id="264" dir="0" index="0" bw="32" slack="0"/>
<pin id="265" dir="0" index="1" bw="1" slack="0"/>
<pin id="266" dir="0" index="2" bw="6" slack="1"/>
<pin id="267" dir="1" index="3" bw="6" slack="0"/>
</pin_list>
<bind>
<opcode="getelementptr(29) " fcode="getelementptr"/>
<opset="D_addr_3/3 "/>
</bind>
</comp>

<comp id="271" class="1004" name="E_addr_3_gep_fu_271">
<pin_list>
<pin id="272" dir="0" index="0" bw="32" slack="0"/>
<pin id="273" dir="0" index="1" bw="1" slack="0"/>
<pin id="274" dir="0" index="2" bw="6" slack="1"/>
<pin id="275" dir="1" index="3" bw="6" slack="0"/>
</pin_list>
<bind>
<opcode="getelementptr(29) " fcode="getelementptr"/>
<opset="E_addr_3/3 "/>
</bind>
</comp>

<comp id="279" class="1004" name="grp_fu_279">
<pin_list>
<pin id="280" dir="0" index="0" bw="32" slack="0"/>
<pin id="281" dir="0" index="1" bw="32" slack="0"/>
<pin id="282" dir="1" index="2" bw="32" slack="0"/>
</pin_list>
<bind>
<opcode="mul(12) " fcode="mul"/>
<opset="mul_ln70/2 mul_ln70_2/3 "/>
</bind>
</comp>

<comp id="286" class="1004" name="grp_fu_286">
<pin_list>
<pin id="287" dir="0" index="0" bw="32" slack="0"/>
<pin id="288" dir="0" index="1" bw="32" slack="0"/>
<pin id="289" dir="1" index="2" bw="32" slack="0"/>
</pin_list>
<bind>
<opcode="mul(12) " fcode="mul"/>
<opset="mul_ln71/2 mul_ln71_2/3 "/>
</bind>
</comp>

<comp id="291" class="1004" name="grp_fu_291">
<pin_list>
<pin id="292" dir="0" index="0" bw="32" slack="0"/>
<pin id="293" dir="0" index="1" bw="32" slack="0"/>
<pin id="294" dir="1" index="2" bw="32" slack="0"/>
</pin_list>
<bind>
<opcode="mul(12) " fcode="mul"/>
<opset="mul_ln70_1/2 mul_ln70_3/3 "/>
</bind>
</comp>

<comp id="298" class="1004" name="grp_fu_298">
<pin_list>
<pin id="299" dir="0" index="0" bw="32" slack="0"/>
<pin id="300" dir="0" index="1" bw="32" slack="0"/>
<pin id="301" dir="1" index="2" bw="32" slack="0"/>
</pin_list>
<bind>
<opcode="mul(12) " fcode="mul"/>
<opset="mul_ln71_1/2 mul_ln71_3/3 "/>
</bind>
</comp>

<comp id="303" class="1004" name="grp_fu_303">
<pin_list>
<pin id="304" dir="0" index="0" bw="32" slack="0"/>
<pin id="305" dir="0" index="1" bw="32" slack="0"/>
<pin id="306" dir="1" index="2" bw="32" slack="0"/>
</pin_list>
<bind>
<opcode="add(8) " fcode="add"/>
<opset="sum/2 sum_2/3 "/>
</bind>
</comp>

<comp id="311" class="1004" name="grp_fu_311">
<pin_list>
<pin id="312" dir="0" index="0" bw="32" slack="0"/>
<pin id="313" dir="0" index="1" bw="32" slack="0"/>
<pin id="314" dir="1" index="2" bw="32" slack="0"/>
</pin_list>
<bind>
<opcode="sub(10) " fcode="sub"/>
<opset="diff/2 diff_2/3 "/>
</bind>
</comp>

<comp id="318" class="1004" name="grp_fu_318">
<pin_list>
<pin id="319" dir="0" index="0" bw="32" slack="0"/>
<pin id="320" dir="0" index="1" bw="32" slack="0"/>
<pin id="321" dir="1" index="2" bw="32" slack="0"/>
</pin_list>
<bind>
<opcode="add(8) " fcode="add"/>
<opset="sum_1/2 sum_3/3 "/>
</bind>
</comp>

<comp id="326" class="1004" name="grp_fu_326">
<pin_list>
<pin id="327" dir="0" index="0" bw="32" slack="0"/>
<pin id="328" dir="0" index="1" bw="32" slack="0"/>
<pin id="329" dir="1" index="2" bw="32" slack="0"/>
</pin_list>
<bind>
<opcode="sub(10) " fcode="sub"/>
<opset="diff_1/2 diff_3/3 "/>
</bind>
</comp>

<comp id="333" class="1004" name="store_ln0_store_fu_333">
<pin_list>
<pin id="334" dir="0" index="0" bw="1" slack="0"/>
<pin id="335" dir="0" index="1" bw="7" slack="0"/>
<pin id="336" dir="1" index="2" bw="0" slack="2147483647"/>
</pin_list>
<bind>
<opcode="store(28) " fcode="store"/>
<opset="store_ln0/1 "/>
</bind>
</comp>

<comp id="338" class="1004" name="i1_load_load_fu_338">
<pin_list>
<pin id="339" dir="0" index="0" bw="7" slack="0"/>
<pin id="340" dir="1" index="1" bw="7" slack="0"/>
</pin_list>
<bind>
<opcode="load(27) " fcode="load"/>
<opset="i1_load/1 "/>
</bind>
</comp>

<comp id="341" class="1004" name="zext_ln63_fu_341">
<pin_list>
<pin id="342" dir="0" index="0" bw="7" slack="0"/>
<pin id="343" dir="1" index="1" bw="64" slack="0"/>
</pin_list>
<bind>
<opcode="zext(34) " fcode="zext"/>
<opset="zext_ln63/1 "/>
</bind>
</comp>

<comp id="347" class="1004" name="tmp_fu_347">
<pin_list>
<pin id="348" dir="0" index="0" bw="5" slack="0"/>
<pin id="349" dir="0" index="1" bw="7" slack="0"/>
<pin id="350" dir="0" index="2" bw="1" slack="0"/>
<pin id="351" dir="0" index="3" bw="4" slack="0"/>
<pin id="352" dir="1" index="4" bw="5" slack="0"/>
</pin_list>
<bind>
<opcode="partselect(1002) " fcode="partselect"/>
<opset="tmp/1 "/>
</bind>
</comp>

<comp id="357" class="1004" name="or_ln_fu_357">
<pin_list>
<pin id="358" dir="0" index="0" bw="6" slack="0"/>
<pin id="359" dir="0" index="1" bw="5" slack="0"/>
<pin id="360" dir="0" index="2" bw="1" slack="0"/>
<pin id="361" dir="1" index="3" bw="6" slack="0"/>
</pin_list>
<bind>
<opcode="bitconcatenate(1004) " fcode="bitconcatenate"/>
<opset="or_ln/1 "/>
</bind>
</comp>

<comp id="365" class="1004" name="zext_ln66_fu_365">
<pin_list>
<pin id="366" dir="0" index="0" bw="6" slack="0"/>
<pin id="367" dir="1" index="1" bw="64" slack="0"/>
</pin_list>
<bind>
<opcode="zext(34) " fcode="zext"/>
<opset="zext_ln66/1 "/>
</bind>
</comp>

<comp id="371" class="1004" name="tmp_1_fu_371">
<pin_list>
<pin id="372" dir="0" index="0" bw="4" slack="0"/>
<pin id="373" dir="0" index="1" bw="7" slack="0"/>
<pin id="374" dir="0" index="2" bw="3" slack="0"/>
<pin id="375" dir="0" index="3" bw="4" slack="0"/>
<pin id="376" dir="1" index="4" bw="4" slack="1"/>
</pin_list>
<bind>
<opcode="partselect(1002) " fcode="partselect"/>
<opset="tmp_1/1 "/>
</bind>
</comp>

<comp id="381" class="1004" name="i_fu_381">
<pin_list>
<pin id="382" dir="0" index="0" bw="7" slack="0"/>
<pin id="383" dir="0" index="1" bw="4" slack="0"/>
<pin id="384" dir="1" index="2" bw="7" slack="0"/>
</pin_list>
<bind>
<opcode="add(8) " fcode="add"/>
<opset="i/1 "/>
</bind>
</comp>

<comp id="387" class="1004" name="tmp_2_fu_387">
<pin_list>
<pin id="388" dir="0" index="0" bw="1" slack="0"/>
<pin id="389" dir="0" index="1" bw="7" slack="0"/>
<pin id="390" dir="0" index="2" bw="4" slack="0"/>
<pin id="391" dir="1" index="3" bw="1" slack="2"/>
</pin_list>
<bind>
<opcode="bitselect(1000) " fcode="bitselect"/>
<opset="tmp_2/1 "/>
</bind>
</comp>

<comp id="395" class="1004" name="store_ln63_store_fu_395">
<pin_list>
<pin id="396" dir="0" index="0" bw="7" slack="0"/>
<pin id="397" dir="0" index="1" bw="7" slack="0"/>
<pin id="398" dir="1" index="2" bw="0" slack="2147483647"/>
</pin_list>
<bind>
<opcode="store(28) " fcode="store"/>
<opset="store_ln63/1 "/>
</bind>
</comp>

<comp id="400" class="1004" name="or_ln63_1_fu_400">
<pin_list>
<pin id="401" dir="0" index="0" bw="6" slack="0"/>
<pin id="402" dir="0" index="1" bw="4" slack="1"/>
<pin id="403" dir="0" index="2" bw="2" slack="0"/>
<pin id="404" dir="1" index="3" bw="6" slack="0"/>
</pin_list>
<bind>
<opcode="bitconcatenate(1004) " fcode="bitconcatenate"/>
<opset="or_ln63_1/2 "/>
</bind>
</comp>

<comp id="407" class="1004" name="zext_ln66_1_fu_407">
<pin_list>
<pin id="408" dir="0" index="0" bw="6" slack="0"/>
<pin id="409" dir="1" index="1" bw="64" slack="0"/>
</pin_list>
<bind>
<opcode="zext(34) " fcode="zext"/>
<opset="zext_ln66_1/2 "/>
</bind>
</comp>

<comp id="413" class="1004" name="or_ln63_2_fu_413">
<pin_list>
<pin id="414" dir="0" index="0" bw="6" slack="0"/>
<pin id="415" dir="0" index="1" bw="4" slack="1"/>
<pin id="416" dir="0" index="2" bw="1" slack="0"/>
<pin id="417" dir="1" index="3" bw="6" slack="0"/>
</pin_list>
<bind>
<opcode="bitconcatenate(1004) " fcode="bitconcatenate"/>
<opset="or_ln63_2/2 "/>
</bind>
</comp>

<comp id="420" class="1004" name="zext_ln66_2_fu_420">
<pin_list>
<pin id="421" dir="0" index="0" bw="6" slack="0"/>
<pin id="422" dir="1" index="1" bw="64" slack="0"/>
</pin_list>
<bind>
<opcode="zext(34) " fcode="zext"/>
<opset="zext_ln66_2/2 "/>
</bind>
</comp>

<comp id="426" class="1005" name="i1_reg_426">
<pin_list>
<pin id="427" dir="0" index="0" bw="7" slack="0"/>
<pin id="428" dir="1" index="1" bw="7" slack="0"/>
</pin_list>
<bind>
<opset="i1 "/>
</bind>
</comp>

<comp id="433" class="1005" name="zext_ln63_reg_433">
<pin_list>
<pin id="434" dir="0" index="0" bw="64" slack="1"/>
<pin id="435" dir="1" index="1" bw="64" slack="1"/>
</pin_list>
<bind>
<opset="zext_ln63 "/>
</bind>
</comp>

<comp id="440" class="1005" name="A_addr_reg_440">
<pin_list>
<pin id="441" dir="0" index="0" bw="6" slack="1"/>
<pin id="442" dir="1" index="1" bw="6" slack="1"/>
</pin_list>
<bind>
<opset="A_addr "/>
</bind>
</comp>

<comp id="445" class="1005" name="B_addr_reg_445">
<pin_list>
<pin id="446" dir="0" index="0" bw="6" slack="1"/>
<pin id="447" dir="1" index="1" bw="6" slack="1"/>
</pin_list>
<bind>
<opset="B_addr "/>
</bind>
</comp>

<comp id="450" class="1005" name="zext_ln66_reg_450">
<pin_list>
<pin id="451" dir="0" index="0" bw="64" slack="1"/>
<pin id="452" dir="1" index="1" bw="64" slack="1"/>
</pin_list>
<bind>
<opset="zext_ln66 "/>
</bind>
</comp>

<comp id="457" class="1005" name="A_addr_1_reg_457">
<pin_list>
<pin id="458" dir="0" index="0" bw="6" slack="1"/>
<pin id="459" dir="1" index="1" bw="6" slack="1"/>
</pin_list>
<bind>
<opset="A_addr_1 "/>
</bind>
</comp>

<comp id="462" class="1005" name="B_addr_1_reg_462">
<pin_list>
<pin id="463" dir="0" index="0" bw="6" slack="1"/>
<pin id="464" dir="1" index="1" bw="6" slack="1"/>
</pin_list>
<bind>
<opset="B_addr_1 "/>
</bind>
</comp>

<comp id="467" class="1005" name="tmp_1_reg_467">
<pin_list>
<pin id="468" dir="0" index="0" bw="4" slack="1"/>
<pin id="469" dir="1" index="1" bw="4" slack="1"/>
</pin_list>
<bind>
<opset="tmp_1 "/>
</bind>
</comp>

<comp id="473" class="1005" name="tmp_2_reg_473">
<pin_list>
<pin id="474" dir="0" index="0" bw="1" slack="2"/>
<pin id="475" dir="1" index="1" bw="1" slack="2147483647"/>
</pin_list>
<bind>
<opset="tmp_2 "/>
</bind>
</comp>

<comp id="477" class="1005" name="zext_ln66_1_reg_477">
<pin_list>
<pin id="478" dir="0" index="0" bw="64" slack="1"/>
<pin id="479" dir="1" index="1" bw="64" slack="1"/>
</pin_list>
<bind>
<opset="zext_ln66_1 "/>
</bind>
</comp>

<comp id="484" class="1005" name="A_addr_2_reg_484">
<pin_list>
<pin id="485" dir="0" index="0" bw="6" slack="1"/>
<pin id="486" dir="1" index="1" bw="6" slack="1"/>
</pin_list>
<bind>
<opset="A_addr_2 "/>
</bind>
</comp>

<comp id="489" class="1005" name="B_addr_2_reg_489">
<pin_list>
<pin id="490" dir="0" index="0" bw="6" slack="1"/>
<pin id="491" dir="1" index="1" bw="6" slack="1"/>
</pin_list>
<bind>
<opset="B_addr_2 "/>
</bind>
</comp>

<comp id="494" class="1005" name="zext_ln66_2_reg_494">
<pin_list>
<pin id="495" dir="0" index="0" bw="64" slack="1"/>
<pin id="496" dir="1" index="1" bw="64" slack="1"/>
</pin_list>
<bind>
<opset="zext_ln66_2 "/>
</bind>
</comp>

<comp id="501" class="1005" name="A_addr_3_reg_501">
<pin_list>
<pin id="502" dir="0" index="0" bw="6" slack="1"/>
<pin id="503" dir="1" index="1" bw="6" slack="1"/>
</pin_list>
<bind>
<opset="A_addr_3 "/>
</bind>
</comp>

<comp id="506" class="1005" name="B_addr_3_reg_506">
<pin_list>
<pin id="507" dir="0" index="0" bw="6" slack="1"/>
<pin id="508" dir="1" index="1" bw="6" slack="1"/>
</pin_list>
<bind>
<opset="B_addr_3 "/>
</bind>
</comp>

</comp_list>

<net_list>
<net id="73"><net_src comp="10" pin="0"/><net_sink comp="70" pin=0"/></net>

<net id="79"><net_src comp="0" pin="0"/><net_sink comp="74" pin=0"/></net>

<net id="80"><net_src comp="34" pin="0"/><net_sink comp="74" pin=1"/></net>

<net id="90"><net_src comp="74" pin="3"/><net_sink comp="81" pin=2"/></net>

<net id="96"><net_src comp="2" pin="0"/><net_sink comp="91" pin=0"/></net>

<net id="97"><net_src comp="34" pin="0"/><net_sink comp="91" pin=1"/></net>

<net id="107"><net_src comp="91" pin="3"/><net_sink comp="98" pin=2"/></net>

<net id="113"><net_src comp="0" pin="0"/><net_sink comp="108" pin=0"/></net>

<net id="114"><net_src comp="34" pin="0"/><net_sink comp="108" pin=1"/></net>

<net id="115"><net_src comp="108" pin="3"/><net_sink comp="81" pin=0"/></net>

<net id="121"><net_src comp="2" pin="0"/><net_sink comp="116" pin=0"/></net>

<net id="122"><net_src comp="34" pin="0"/><net_sink comp="116" pin=1"/></net>

<net id="123"><net_src comp="116" pin="3"/><net_sink comp="98" pin=0"/></net>

<net id="129"><net_src comp="4" pin="0"/><net_sink comp="124" pin=0"/></net>

<net id="130"><net_src comp="34" pin="0"/><net_sink comp="124" pin=1"/></net>

<net id="140"><net_src comp="124" pin="3"/><net_sink comp="131" pin=2"/></net>

<net id="146"><net_src comp="6" pin="0"/><net_sink comp="141" pin=0"/></net>

<net id="147"><net_src comp="34" pin="0"/><net_sink comp="141" pin=1"/></net>

<net id="157"><net_src comp="141" pin="3"/><net_sink comp="148" pin=2"/></net>

<net id="163"><net_src comp="8" pin="0"/><net_sink comp="158" pin=0"/></net>

<net id="164"><net_src comp="34" pin="0"/><net_sink comp="158" pin=1"/></net>

<net id="174"><net_src comp="158" pin="3"/><net_sink comp="165" pin=2"/></net>

<net id="180"><net_src comp="4" pin="0"/><net_sink comp="175" pin=0"/></net>

<net id="181"><net_src comp="34" pin="0"/><net_sink comp="175" pin=1"/></net>

<net id="182"><net_src comp="175" pin="3"/><net_sink comp="131" pin=0"/></net>

<net id="188"><net_src comp="6" pin="0"/><net_sink comp="183" pin=0"/></net>

<net id="189"><net_src comp="34" pin="0"/><net_sink comp="183" pin=1"/></net>

<net id="190"><net_src comp="183" pin="3"/><net_sink comp="148" pin=0"/></net>

<net id="196"><net_src comp="8" pin="0"/><net_sink comp="191" pin=0"/></net>

<net id="197"><net_src comp="34" pin="0"/><net_sink comp="191" pin=1"/></net>

<net id="198"><net_src comp="191" pin="3"/><net_sink comp="165" pin=0"/></net>

<net id="204"><net_src comp="0" pin="0"/><net_sink comp="199" pin=0"/></net>

<net id="205"><net_src comp="34" pin="0"/><net_sink comp="199" pin=1"/></net>

<net id="206"><net_src comp="199" pin="3"/><net_sink comp="81" pin=2"/></net>

<net id="212"><net_src comp="2" pin="0"/><net_sink comp="207" pin=0"/></net>

<net id="213"><net_src comp="34" pin="0"/><net_sink comp="207" pin=1"/></net>

<net id="214"><net_src comp="207" pin="3"/><net_sink comp="98" pin=2"/></net>

<net id="220"><net_src comp="0" pin="0"/><net_sink comp="215" pin=0"/></net>

<net id="221"><net_src comp="34" pin="0"/><net_sink comp="215" pin=1"/></net>

<net id="222"><net_src comp="215" pin="3"/><net_sink comp="81" pin=0"/></net>

<net id="228"><net_src comp="2" pin="0"/><net_sink comp="223" pin=0"/></net>

<net id="229"><net_src comp="34" pin="0"/><net_sink comp="223" pin=1"/></net>

<net id="230"><net_src comp="223" pin="3"/><net_sink comp="98" pin=0"/></net>

<net id="236"><net_src comp="4" pin="0"/><net_sink comp="231" pin=0"/></net>

<net id="237"><net_src comp="34" pin="0"/><net_sink comp="231" pin=1"/></net>

<net id="238"><net_src comp="231" pin="3"/><net_sink comp="131" pin=2"/></net>

<net id="244"><net_src comp="6" pin="0"/><net_sink comp="239" pin=0"/></net>

<net id="245"><net_src comp="34" pin="0"/><net_sink comp="239" pin=1"/></net>

<net id="246"><net_src comp="239" pin="3"/><net_sink comp="148" pin=2"/></net>

<net id="252"><net_src comp="8" pin="0"/><net_sink comp="247" pin=0"/></net>

<net id="253"><net_src comp="34" pin="0"/><net_sink comp="247" pin=1"/></net>

<net id="254"><net_src comp="247" pin="3"/><net_sink comp="165" pin=2"/></net>

<net id="260"><net_src comp="4" pin="0"/><net_sink comp="255" pin=0"/></net>

<net id="261"><net_src comp="34" pin="0"/><net_sink comp="255" pin=1"/></net>

<net id="262"><net_src comp="255" pin="3"/><net_sink comp="131" pin=0"/></net>

<net id="268"><net_src comp="6" pin="0"/><net_sink comp="263" pin=0"/></net>

<net id="269"><net_src comp="34" pin="0"/><net_sink comp="263" pin=1"/></net>

<net id="270"><net_src comp="263" pin="3"/><net_sink comp="148" pin=0"/></net>

<net id="276"><net_src comp="8" pin="0"/><net_sink comp="271" pin=0"/></net>

<net id="277"><net_src comp="34" pin="0"/><net_sink comp="271" pin=1"/></net>

<net id="278"><net_src comp="271" pin="3"/><net_sink comp="165" pin=0"/></net>

<net id="283"><net_src comp="98" pin="7"/><net_sink comp="279" pin=0"/></net>

<net id="284"><net_src comp="81" pin="7"/><net_sink comp="279" pin=1"/></net>

<net id="285"><net_src comp="279" pin="2"/><net_sink comp="148" pin=4"/></net>

<net id="290"><net_src comp="286" pin="2"/><net_sink comp="165" pin=4"/></net>

<net id="295"><net_src comp="98" pin="3"/><net_sink comp="291" pin=0"/></net>

<net id="296"><net_src comp="81" pin="3"/><net_sink comp="291" pin=1"/></net>

<net id="297"><net_src comp="291" pin="2"/><net_sink comp="148" pin=1"/></net>

<net id="302"><net_src comp="298" pin="2"/><net_sink comp="165" pin=1"/></net>

<net id="307"><net_src comp="98" pin="7"/><net_sink comp="303" pin=0"/></net>

<net id="308"><net_src comp="81" pin="7"/><net_sink comp="303" pin=1"/></net>

<net id="309"><net_src comp="303" pin="2"/><net_sink comp="131" pin=4"/></net>

<net id="310"><net_src comp="303" pin="2"/><net_sink comp="286" pin=0"/></net>

<net id="315"><net_src comp="81" pin="7"/><net_sink comp="311" pin=0"/></net>

<net id="316"><net_src comp="98" pin="7"/><net_sink comp="311" pin=1"/></net>

<net id="317"><net_src comp="311" pin="2"/><net_sink comp="286" pin=1"/></net>

<net id="322"><net_src comp="98" pin="3"/><net_sink comp="318" pin=0"/></net>

<net id="323"><net_src comp="81" pin="3"/><net_sink comp="318" pin=1"/></net>

<net id="324"><net_src comp="318" pin="2"/><net_sink comp="131" pin=1"/></net>

<net id="325"><net_src comp="318" pin="2"/><net_sink comp="298" pin=0"/></net>

<net id="330"><net_src comp="81" pin="3"/><net_sink comp="326" pin=0"/></net>

<net id="331"><net_src comp="98" pin="3"/><net_sink comp="326" pin=1"/></net>

<net id="332"><net_src comp="326" pin="2"/><net_sink comp="298" pin=1"/></net>

<net id="337"><net_src comp="32" pin="0"/><net_sink comp="333" pin=0"/></net>

<net id="344"><net_src comp="338" pin="1"/><net_sink comp="341" pin=0"/></net>

<net id="345"><net_src comp="341" pin="1"/><net_sink comp="74" pin=2"/></net>

<net id="346"><net_src comp="341" pin="1"/><net_sink comp="91" pin=2"/></net>

<net id="353"><net_src comp="36" pin="0"/><net_sink comp="347" pin=0"/></net>

<net id="354"><net_src comp="338" pin="1"/><net_sink comp="347" pin=1"/></net>

<net id="355"><net_src comp="10" pin="0"/><net_sink comp="347" pin=2"/></net>

<net id="356"><net_src comp="38" pin="0"/><net_sink comp="347" pin=3"/></net>

<net id="362"><net_src comp="40" pin="0"/><net_sink comp="357" pin=0"/></net>

<net id="363"><net_src comp="347" pin="4"/><net_sink comp="357" pin=1"/></net>

<net id="364"><net_src comp="42" pin="0"/><net_sink comp="357" pin=2"/></net>

<net id="368"><net_src comp="357" pin="3"/><net_sink comp="365" pin=0"/></net>

<net id="369"><net_src comp="365" pin="1"/><net_sink comp="108" pin=2"/></net>

<net id="370"><net_src comp="365" pin="1"/><net_sink comp="116" pin=2"/></net>

<net id="377"><net_src comp="44" pin="0"/><net_sink comp="371" pin=0"/></net>

<net id="378"><net_src comp="338" pin="1"/><net_sink comp="371" pin=1"/></net>

<net id="379"><net_src comp="46" pin="0"/><net_sink comp="371" pin=2"/></net>

<net id="380"><net_src comp="38" pin="0"/><net_sink comp="371" pin=3"/></net>

<net id="385"><net_src comp="338" pin="1"/><net_sink comp="381" pin=0"/></net>

<net id="386"><net_src comp="48" pin="0"/><net_sink comp="381" pin=1"/></net>

<net id="392"><net_src comp="50" pin="0"/><net_sink comp="387" pin=0"/></net>

<net id="393"><net_src comp="381" pin="2"/><net_sink comp="387" pin=1"/></net>

<net id="394"><net_src comp="52" pin="0"/><net_sink comp="387" pin=2"/></net>

<net id="399"><net_src comp="381" pin="2"/><net_sink comp="395" pin=0"/></net>

<net id="405"><net_src comp="54" pin="0"/><net_sink comp="400" pin=0"/></net>

<net id="406"><net_src comp="56" pin="0"/><net_sink comp="400" pin=2"/></net>

<net id="410"><net_src comp="400" pin="3"/><net_sink comp="407" pin=0"/></net>

<net id="411"><net_src comp="407" pin="1"/><net_sink comp="199" pin=2"/></net>

<net id="412"><net_src comp="407" pin="1"/><net_sink comp="207" pin=2"/></net>

<net id="418"><net_src comp="54" pin="0"/><net_sink comp="413" pin=0"/></net>

<net id="419"><net_src comp="58" pin="0"/><net_sink comp="413" pin=2"/></net>

<net id="423"><net_src comp="413" pin="3"/><net_sink comp="420" pin=0"/></net>

<net id="424"><net_src comp="420" pin="1"/><net_sink comp="215" pin=2"/></net>

<net id="425"><net_src comp="420" pin="1"/><net_sink comp="223" pin=2"/></net>

<net id="429"><net_src comp="70" pin="1"/><net_sink comp="426" pin=0"/></net>

<net id="430"><net_src comp="426" pin="1"/><net_sink comp="333" pin=1"/></net>

<net id="431"><net_src comp="426" pin="1"/><net_sink comp="338" pin=0"/></net>

<net id="432"><net_src comp="426" pin="1"/><net_sink comp="395" pin=1"/></net>

<net id="436"><net_src comp="341" pin="1"/><net_sink comp="433" pin=0"/></net>

<net id="437"><net_src comp="433" pin="1"/><net_sink comp="124" pin=2"/></net>

<net id="438"><net_src comp="433" pin="1"/><net_sink comp="141" pin=2"/></net>

<net id="439"><net_src comp="433" pin="1"/><net_sink comp="158" pin=2"/></net>

<net id="443"><net_src comp="74" pin="3"/><net_sink comp="440" pin=0"/></net>

<net id="444"><net_src comp="440" pin="1"/><net_sink comp="81" pin=2"/></net>

<net id="448"><net_src comp="91" pin="3"/><net_sink comp="445" pin=0"/></net>

<net id="449"><net_src comp="445" pin="1"/><net_sink comp="98" pin=2"/></net>

<net id="453"><net_src comp="365" pin="1"/><net_sink comp="450" pin=0"/></net>

<net id="454"><net_src comp="450" pin="1"/><net_sink comp="175" pin=2"/></net>

<net id="455"><net_src comp="450" pin="1"/><net_sink comp="183" pin=2"/></net>

<net id="456"><net_src comp="450" pin="1"/><net_sink comp="191" pin=2"/></net>

<net id="460"><net_src comp="108" pin="3"/><net_sink comp="457" pin=0"/></net>

<net id="461"><net_src comp="457" pin="1"/><net_sink comp="81" pin=0"/></net>

<net id="465"><net_src comp="116" pin="3"/><net_sink comp="462" pin=0"/></net>

<net id="466"><net_src comp="462" pin="1"/><net_sink comp="98" pin=0"/></net>

<net id="470"><net_src comp="371" pin="4"/><net_sink comp="467" pin=0"/></net>

<net id="471"><net_src comp="467" pin="1"/><net_sink comp="400" pin=1"/></net>

<net id="472"><net_src comp="467" pin="1"/><net_sink comp="413" pin=1"/></net>

<net id="476"><net_src comp="387" pin="3"/><net_sink comp="473" pin=0"/></net>

<net id="480"><net_src comp="407" pin="1"/><net_sink comp="477" pin=0"/></net>

<net id="481"><net_src comp="477" pin="1"/><net_sink comp="231" pin=2"/></net>

<net id="482"><net_src comp="477" pin="1"/><net_sink comp="239" pin=2"/></net>

<net id="483"><net_src comp="477" pin="1"/><net_sink comp="247" pin=2"/></net>

<net id="487"><net_src comp="199" pin="3"/><net_sink comp="484" pin=0"/></net>

<net id="488"><net_src comp="484" pin="1"/><net_sink comp="81" pin=2"/></net>

<net id="492"><net_src comp="207" pin="3"/><net_sink comp="489" pin=0"/></net>

<net id="493"><net_src comp="489" pin="1"/><net_sink comp="98" pin=2"/></net>

<net id="497"><net_src comp="420" pin="1"/><net_sink comp="494" pin=0"/></net>

<net id="498"><net_src comp="494" pin="1"/><net_sink comp="255" pin=2"/></net>

<net id="499"><net_src comp="494" pin="1"/><net_sink comp="263" pin=2"/></net>

<net id="500"><net_src comp="494" pin="1"/><net_sink comp="271" pin=2"/></net>

<net id="504"><net_src comp="215" pin="3"/><net_sink comp="501" pin=0"/></net>

<net id="505"><net_src comp="501" pin="1"/><net_sink comp="81" pin=0"/></net>

<net id="509"><net_src comp="223" pin="3"/><net_sink comp="506" pin=0"/></net>

<net id="510"><net_src comp="506" pin="1"/><net_sink comp="98" pin=0"/></net>

</net_list>

</model> 
---------------- Datapath Model END ------------------

* FSMD analyzer results:
  - Output states:
	Port: C | {2 3 }
	Port: D | {2 3 }
	Port: E | {2 3 }
 - Input state : 
	Port: q5_no_partition : A | {1 2 3 }
	Port: q5_no_partition : B | {1 2 3 }
  - Chain level:
	State 1
		store_ln0 : 1
		i1_load : 1
		zext_ln63 : 2
		A_addr : 3
		A_load : 4
		B_addr : 3
		B_load : 4
		tmp : 2
		or_ln : 3
		zext_ln66 : 4
		A_addr_1 : 5
		A_load_1 : 6
		B_addr_1 : 5
		B_load_1 : 6
		tmp_1 : 2
		i : 2
		tmp_2 : 3
		store_ln63 : 3
		br_ln63 : 4
	State 2
		sum : 1
		diff : 1
		store_ln69 : 2
		mul_ln70 : 1
		store_ln70 : 2
		mul_ln71 : 2
		store_ln71 : 3
		sum_1 : 1
		diff_1 : 1
		store_ln69 : 2
		mul_ln70_1 : 1
		store_ln70 : 2
		mul_ln71_1 : 2
		store_ln71 : 3
		zext_ln66_1 : 1
		A_addr_2 : 2
		A_load_2 : 3
		B_addr_2 : 2
		B_load_2 : 3
		zext_ln66_2 : 1
		A_addr_3 : 2
		A_load_3 : 3
		B_addr_3 : 2
		B_load_3 : 3
	State 3
		sum_2 : 1
		diff_2 : 1
		store_ln69 : 2
		mul_ln70_2 : 1
		store_ln70 : 2
		mul_ln71_2 : 2
		store_ln71 : 3
		sum_3 : 1
		diff_3 : 1
		store_ln69 : 2
		mul_ln70_3 : 1
		store_ln70 : 2
		mul_ln71_3 : 2
		store_ln71 : 3


============================================================
+ Verbose Summary: Datapath Resource usage 
============================================================

* Functional unit list:
|----------|--------------------|---------|---------|---------|
| Operation|   Functional Unit  |   DSP   |    FF   |   LUT   |
|----------|--------------------|---------|---------|---------|
|          |     grp_fu_279     |    3    |    0    |    20   |
|    mul   |     grp_fu_286     |    3    |    0    |    20   |
|          |     grp_fu_291     |    3    |    0    |    20   |
|          |     grp_fu_298     |    3    |    0    |    20   |
|----------|--------------------|---------|---------|---------|
|          |     grp_fu_303     |    0    |    0    |    39   |
|    add   |     grp_fu_318     |    0    |    0    |    39   |
|          |      i_fu_381      |    0    |    0    |    14   |
|----------|--------------------|---------|---------|---------|
|    sub   |     grp_fu_311     |    0    |    0    |    39   |
|          |     grp_fu_326     |    0    |    0    |    39   |
|----------|--------------------|---------|---------|---------|
|          |  zext_ln63_fu_341  |    0    |    0    |    0    |
|   zext   |  zext_ln66_fu_365  |    0    |    0    |    0    |
|          | zext_ln66_1_fu_407 |    0    |    0    |    0    |
|          | zext_ln66_2_fu_420 |    0    |    0    |    0    |
|----------|--------------------|---------|---------|---------|
|partselect|     tmp_fu_347     |    0    |    0    |    0    |
|          |    tmp_1_fu_371    |    0    |    0    |    0    |
|----------|--------------------|---------|---------|---------|
|          |    or_ln_fu_357    |    0    |    0    |    0    |
|bitconcatenate|  or_ln63_1_fu_400  |    0    |    0    |    0    |
|          |  or_ln63_2_fu_413  |    0    |    0    |    0    |
|----------|--------------------|---------|---------|---------|
| bitselect|    tmp_2_fu_387    |    0    |    0    |    0    |
|----------|--------------------|---------|---------|---------|
|   Total  |                    |    12   |    0    |   250   |
|----------|--------------------|---------|---------|---------|

Memories:
N/A

* Register list:
+-------------------+--------+
|                   |   FF   |
+-------------------+--------+
|  A_addr_1_reg_457 |    6   |
|  A_addr_2_reg_484 |    6   |
|  A_addr_3_reg_501 |    6   |
|   A_addr_reg_440  |    6   |
|  B_addr_1_reg_462 |    6   |
|  B_addr_2_reg_489 |    6   |
|  B_addr_3_reg_506 |    6   |
|   B_addr_reg_445  |    6   |
|     i1_reg_426    |    7   |
|   tmp_1_reg_467   |    4   |
|   tmp_2_reg_473   |    1   |
| zext_ln63_reg_433 |   64   |
|zext_ln66_1_reg_477|   64   |
|zext_ln66_2_reg_494|   64   |
| zext_ln66_reg_450 |   64   |
+-------------------+--------+
|       Total       |   316  |
+-------------------+--------+

* Multiplexer (MUX) list: 
|-------------------|------|------|------|--------||---------||---------||---------|
|        Comp       |  Pin | Size |  BW  | S x BW ||  Delay  ||    FF   ||   LUT   |
|-------------------|------|------|------|--------||---------||---------||---------|
|  grp_access_fu_81 |  p0  |   4  |   6  |   24   ||    0    ||    20   |
|  grp_access_fu_81 |  p2  |   4  |   0  |    0   ||    0    ||    20   |
|  grp_access_fu_98 |  p0  |   4  |   6  |   24   ||    0    ||    20   |
|  grp_access_fu_98 |  p2  |   4  |   0  |    0   ||    0    ||    20   |
| grp_access_fu_131 |  p0  |   2  |   6  |   12   ||    0    ||    9    |
| grp_access_fu_131 |  p2  |   2  |   0  |    0   ||    0    ||    9    |
| grp_access_fu_148 |  p0  |   2  |   6  |   12   ||    0    ||    9    |
| grp_access_fu_148 |  p2  |   2  |   0  |    0   ||    0    ||    9    |
| grp_access_fu_165 |  p0  |   2  |   6  |   12   ||    0    ||    9    |
| grp_access_fu_165 |  p2  |   2  |   0  |    0   ||    0    ||    9    |
|-------------------|------|------|------|--------||---------||---------||---------|
|       Total       |      |      |      |   84   || 4.13286 ||    0    ||   134   |
|-------------------|------|------|------|--------||---------||---------||---------|



* Summary:
+-----------+--------+--------+--------+--------+
|           |   DSP  |  Delay |   FF   |   LUT  |
+-----------+--------+--------+--------+--------+
|  Function |   12   |    -   |    0   |   250  |
|   Memory  |    -   |    -   |    -   |    -   |
|Multiplexer|    -   |    4   |    0   |   134  |
|  Register |    -   |    -   |   316  |    -   |
+-----------+--------+--------+--------+--------+
|   Total   |   12   |    4   |   316  |   384  |
+-----------+--------+--------+--------+--------+
