

================================================================
== Vitis HLS Report for 'q5_no_partition'
================================================================
* Date:           Sun May  3 16:02:04 2026

* Version:        2024.1 (Build 5069499 on May 21 2024)
* Project:        hw4_q5_no_partition
* Solution:       solution1 (Vivado IP Flow Target)
* Product family: virtexuplus
* Target device:  xcvu13p-fsga2577-2-e


================================================================
== Performance Estimates
================================================================
+ Timing: 
    * Summary: 
    +--------+----------+----------+------------+
    |  Clock |  Target  | Estimated| Uncertainty|
    +--------+----------+----------+------------+
    |ap_clk  |  25.00 ns|  5.448 ns|     6.75 ns|
    +--------+----------+----------+------------+

+ Latency: 
    * Summary: 
    +---------+---------+----------+----------+-----+-----+-----------------------------------------------+
    |  Latency (cycles) |  Latency (absolute) |  Interval |                    Pipeline                   |
    |   min   |   max   |    min   |    max   | min | max |                      Type                     |
    +---------+---------+----------+----------+-----+-----+-----------------------------------------------+
    |       34|       34|  0.850 us|  0.850 us|   32|   32|  loop auto-rewind stp(delay=0 clock cycles(s))|
    +---------+---------+----------+----------+-----+-----+-----------------------------------------------+

    + Detail: 
        * Instance: 
        N/A

        * Loop: 
        +-------------------+---------+---------+----------+-----------+-----------+------+----------+
        |                   |  Latency (cycles) | Iteration|  Initiation Interval  | Trip |          |
        |     Loop Name     |   min   |   max   |  Latency |  achieved |   target  | Count| Pipelined|
        +-------------------+---------+---------+----------+-----------+-----------+------+----------+
        |- VITIS_LOOP_63_1  |       32|       32|         3|          2|          1|    16|       yes|
        +-------------------+---------+---------+----------+-----------+-----------+------+----------+

============================================================
+ Verbose Summary: Synthesis Manager
============================================================
InlineROM: 1
ExposeGlobal: 0
============================================================
+ Verbose Summary: CDFG Model
============================================================
IsTopModel: 1
ResetActiveHigh: 1
IsCombinational: 0
IsDatapathOnly: 0
HasWiredReturn: 1
HasMFsm: 2
HasVarLatency: 1
IsPipeline: 0
IsRtlPipelined: 0
IsInstanceOverlapped: 0
IsDontTouch: 0
HasImplIP: 0
IsGatedGlobalClock: 0

+ Individual pipeline summary: 
  * Pipeline-0: initiation interval (II) = 2, depth = 3


============================================================
+ Verbose Summary: Schedule
============================================================
* Number of FSM states : 3
* Pipeline : 1
  Pipeline-0 : II = 2, D = 3, States = { 1 2 3 }
* Dataflow Pipeline: 0

* FSM state transitions: 
1 --> 2 
2 --> 3 
3 --> 

* FSM state operations: 

State 1 <SV = 0> <Delay = 1.47>
ST_1 : Operation 6 [1/1] (0.00ns)   --->   "%i1 = alloca i32 1"   --->   Operation 6 'alloca' 'i1' <Predicate = true> <Delay = 0.00>
ST_1 : Operation 7 [1/1] (0.00ns)   --->   "%spectopmodule_ln54 = spectopmodule void @_ssdm_op_SpecTopModule, void @empty_3" [q5_kernel.cpp:54]   --->   Operation 7 'spectopmodule' 'spectopmodule_ln54' <Predicate = true> <Delay = 0.00>
ST_1 : Operation 8 [1/1] (0.00ns)   --->   "%specinterface_ln0 = specinterface void @_ssdm_op_SpecInterface, i32 %A, void @empty, i32 0, i32 0, void @empty_0, i32 4294967295, i32 0, void @empty_0, void @empty_0, void @empty_0, i32 0, i32 0, i32 0, i32 0, void @empty_0, void @empty_0, i32 4294967295, i32 0, i32 0"   --->   Operation 8 'specinterface' 'specinterface_ln0' <Predicate = true> <Delay = 0.00>
ST_1 : Operation 9 [1/1] (0.00ns)   --->   "%specbitsmap_ln0 = specbitsmap void @_ssdm_op_SpecBitsMap, i32 %A"   --->   Operation 9 'specbitsmap' 'specbitsmap_ln0' <Predicate = true> <Delay = 0.00>
ST_1 : Operation 10 [1/1] (0.00ns)   --->   "%specinterface_ln0 = specinterface void @_ssdm_op_SpecInterface, i32 %B, void @empty, i32 0, i32 0, void @empty_0, i32 4294967295, i32 0, void @empty_0, void @empty_0, void @empty_0, i32 0, i32 0, i32 0, i32 0, void @empty_0, void @empty_0, i32 4294967295, i32 0, i32 0"   --->   Operation 10 'specinterface' 'specinterface_ln0' <Predicate = true> <Delay = 0.00>
ST_1 : Operation 11 [1/1] (0.00ns)   --->   "%specbitsmap_ln0 = specbitsmap void @_ssdm_op_SpecBitsMap, i32 %B"   --->   Operation 11 'specbitsmap' 'specbitsmap_ln0' <Predicate = true> <Delay = 0.00>
ST_1 : Operation 12 [1/1] (0.00ns)   --->   "%specinterface_ln0 = specinterface void @_ssdm_op_SpecInterface, i32 %C, void @empty, i32 0, i32 0, void @empty_0, i32 4294967295, i32 0, void @empty_0, void @empty_0, void @empty_0, i32 0, i32 0, i32 0, i32 0, void @empty_0, void @empty_0, i32 4294967295, i32 0, i32 0"   --->   Operation 12 'specinterface' 'specinterface_ln0' <Predicate = true> <Delay = 0.00>
ST_1 : Operation 13 [1/1] (0.00ns)   --->   "%specbitsmap_ln0 = specbitsmap void @_ssdm_op_SpecBitsMap, i32 %C"   --->   Operation 13 'specbitsmap' 'specbitsmap_ln0' <Predicate = true> <Delay = 0.00>
ST_1 : Operation 14 [1/1] (0.00ns)   --->   "%specinterface_ln0 = specinterface void @_ssdm_op_SpecInterface, i32 %D, void @empty, i32 0, i32 0, void @empty_0, i32 4294967295, i32 0, void @empty_0, void @empty_0, void @empty_0, i32 0, i32 0, i32 0, i32 0, void @empty_0, void @empty_0, i32 4294967295, i32 0, i32 0"   --->   Operation 14 'specinterface' 'specinterface_ln0' <Predicate = true> <Delay = 0.00>
ST_1 : Operation 15 [1/1] (0.00ns)   --->   "%specbitsmap_ln0 = specbitsmap void @_ssdm_op_SpecBitsMap, i32 %D"   --->   Operation 15 'specbitsmap' 'specbitsmap_ln0' <Predicate = true> <Delay = 0.00>
ST_1 : Operation 16 [1/1] (0.00ns)   --->   "%specinterface_ln0 = specinterface void @_ssdm_op_SpecInterface, i32 %E, void @empty, i32 0, i32 0, void @empty_0, i32 4294967295, i32 0, void @empty_0, void @empty_0, void @empty_0, i32 0, i32 0, i32 0, i32 0, void @empty_0, void @empty_0, i32 4294967295, i32 0, i32 0"   --->   Operation 16 'specinterface' 'specinterface_ln0' <Predicate = true> <Delay = 0.00>
ST_1 : Operation 17 [1/1] (0.00ns)   --->   "%specbitsmap_ln0 = specbitsmap void @_ssdm_op_SpecBitsMap, i32 %E"   --->   Operation 17 'specbitsmap' 'specbitsmap_ln0' <Predicate = true> <Delay = 0.00>
ST_1 : Operation 18 [1/1] (0.00ns)   --->   "%specinterface_ln0 = specinterface void @_ssdm_op_SpecInterface, i32 0, void @empty_1, i32 0, i32 0, void @empty_0, i32 0, i32 0, void @empty_2, void @empty_0, void @empty_0, i32 0, i32 0, i32 0, i32 0, void @empty_0, void @empty_0, i32 4294967295, i32 0, i32 0"   --->   Operation 18 'specinterface' 'specinterface_ln0' <Predicate = true> <Delay = 0.00>
ST_1 : Operation 19 [1/1] (0.38ns)   --->   "%store_ln0 = store i7 0, i7 %i1"   --->   Operation 19 'store' 'store_ln0' <Predicate = true> <Delay = 0.38>
ST_1 : Operation 20 [1/1] (0.00ns)   --->   "%br_ln63 = br void %for.inc.split" [q5_kernel.cpp:63]   --->   Operation 20 'br' 'br_ln63' <Predicate = true> <Delay = 0.00>
ST_1 : Operation 21 [1/1] (0.00ns)   --->   "%i1_load = load i7 %i1" [q5_kernel.cpp:63]   --->   Operation 21 'load' 'i1_load' <Predicate = true> <Delay = 0.00>
ST_1 : Operation 22 [1/1] (0.00ns)   --->   "%zext_ln63 = zext i7 %i1_load" [q5_kernel.cpp:63]   --->   Operation 22 'zext' 'zext_ln63' <Predicate = true> <Delay = 0.00>
ST_1 : Operation 23 [1/1] (0.00ns)   --->   "%A_addr = getelementptr i32 %A, i64 0, i64 %zext_ln63" [q5_kernel.cpp:66]   --->   Operation 23 'getelementptr' 'A_addr' <Predicate = true> <Delay = 0.00>
ST_1 : Operation 24 [2/2] (0.69ns)   --->   "%A_load = load i6 %A_addr" [q5_kernel.cpp:66]   --->   Operation 24 'load' 'A_load' <Predicate = true> <Delay = 0.69> <CoreInst = "RAM">   --->   Core 82 'RAM' <Latency = 1> <II = 1> <Delay = 0.69> <Storage> <Opcode : 'load' 'store'> <Ports = 2> <Width = 32> <Depth = 64> <RAM>
ST_1 : Operation 25 [1/1] (0.00ns)   --->   "%B_addr = getelementptr i32 %B, i64 0, i64 %zext_ln63" [q5_kernel.cpp:66]   --->   Operation 25 'getelementptr' 'B_addr' <Predicate = true> <Delay = 0.00>
ST_1 : Operation 26 [2/2] (0.69ns)   --->   "%B_load = load i6 %B_addr" [q5_kernel.cpp:66]   --->   Operation 26 'load' 'B_load' <Predicate = true> <Delay = 0.69> <CoreInst = "RAM">   --->   Core 82 'RAM' <Latency = 1> <II = 1> <Delay = 0.69> <Storage> <Opcode : 'load' 'store'> <Ports = 2> <Width = 32> <Depth = 64> <RAM>
ST_1 : Operation 27 [1/1] (0.00ns)   --->   "%tmp = partselect i5 @_ssdm_op_PartSelect.i5.i7.i32.i32, i7 %i1_load, i32 1, i32 5" [q5_kernel.cpp:63]   --->   Operation 27 'partselect' 'tmp' <Predicate = true> <Delay = 0.00>
ST_1 : Operation 28 [1/1] (0.00ns)   --->   "%or_ln = bitconcatenate i6 @_ssdm_op_BitConcatenate.i6.i5.i1, i5 %tmp, i1 1" [q5_kernel.cpp:63]   --->   Operation 28 'bitconcatenate' 'or_ln' <Predicate = true> <Delay = 0.00>
ST_1 : Operation 29 [1/1] (0.00ns)   --->   "%zext_ln66 = zext i6 %or_ln" [q5_kernel.cpp:66]   --->   Operation 29 'zext' 'zext_ln66' <Predicate = true> <Delay = 0.00>
ST_1 : Operation 30 [1/1] (0.00ns)   --->   "%A_addr_1 = getelementptr i32 %A, i64 0, i64 %zext_ln66" [q5_kernel.cpp:66]   --->   Operation 30 'getelementptr' 'A_addr_1' <Predicate = true> <Delay = 0.00>
ST_1 : Operation 31 [2/2] (0.69ns)   --->   "%A_load_1 = load i6 %A_addr_1" [q5_kernel.cpp:66]   --->   Operation 31 'load' 'A_load_1' <Predicate = true> <Delay = 0.69> <CoreInst = "RAM">   --->   Core 82 'RAM' <Latency = 1> <II = 1> <Delay = 0.69> <Storage> <Opcode : 'load' 'store'> <Ports = 2> <Width = 32> <Depth = 64> <RAM>
ST_1 : Operation 32 [1/1] (0.00ns)   --->   "%B_addr_1 = getelementptr i32 %B, i64 0, i64 %zext_ln66" [q5_kernel.cpp:66]   --->   Operation 32 'getelementptr' 'B_addr_1' <Predicate = true> <Delay = 0.00>
ST_1 : Operation 33 [2/2] (0.69ns)   --->   "%B_load_1 = load i6 %B_addr_1" [q5_kernel.cpp:66]   --->   Operation 33 'load' 'B_load_1' <Predicate = true> <Delay = 0.69> <CoreInst = "RAM">   --->   Core 82 'RAM' <Latency = 1> <II = 1> <Delay = 0.69> <Storage> <Opcode : 'load' 'store'> <Ports = 2> <Width = 32> <Depth = 64> <RAM>
ST_1 : Operation 34 [1/1] (0.00ns)   --->   "%tmp_1 = partselect i4 @_ssdm_op_PartSelect.i4.i7.i32.i32, i7 %i1_load, i32 2, i32 5" [q5_kernel.cpp:63]   --->   Operation 34 'partselect' 'tmp_1' <Predicate = true> <Delay = 0.00>
ST_1 : Operation 35 [1/1] (0.70ns)   --->   "%i = add i7 %i1_load, i7 4" [q5_kernel.cpp:63]   --->   Operation 35 'add' 'i' <Predicate = true> <Delay = 0.70> <CoreInst = "Adder">   --->   Core 1 'Adder' <Latency = 0> <II = 1> <Delay = 0.70> <FuncUnit> <Opcode : 'add' 'sub'> <InPorts = 2> <OutPorts = 1>
ST_1 : Operation 36 [1/1] (0.00ns)   --->   "%tmp_2 = bitselect i1 @_ssdm_op_BitSelect.i1.i7.i32, i7 %i, i32 6" [q5_kernel.cpp:63]   --->   Operation 36 'bitselect' 'tmp_2' <Predicate = true> <Delay = 0.00>
ST_1 : Operation 37 [1/1] (0.38ns)   --->   "%store_ln63 = store i7 %i, i7 %i1" [q5_kernel.cpp:63]   --->   Operation 37 'store' 'store_ln63' <Predicate = true> <Delay = 0.38>
ST_1 : Operation 38 [1/1] (0.00ns)   --->   "%br_ln63 = br i1 %tmp_2, void %for.inc.split, void %for.end" [q5_kernel.cpp:63]   --->   Operation 38 'br' 'br_ln63' <Predicate = true> <Delay = 0.00>

State 2 <SV = 1> <Delay = 5.44>
ST_2 : Operation 39 [1/2] (0.69ns)   --->   "%A_load = load i6 %A_addr" [q5_kernel.cpp:66]   --->   Operation 39 'load' 'A_load' <Predicate = true> <Delay = 0.69> <CoreInst = "RAM">   --->   Core 82 'RAM' <Latency = 1> <II = 1> <Delay = 0.69> <Storage> <Opcode : 'load' 'store'> <Ports = 2> <Width = 32> <Depth = 64> <RAM>
ST_2 : Operation 40 [1/2] (0.69ns)   --->   "%B_load = load i6 %B_addr" [q5_kernel.cpp:66]   --->   Operation 40 'load' 'B_load' <Predicate = true> <Delay = 0.69> <CoreInst = "RAM">   --->   Core 82 'RAM' <Latency = 1> <II = 1> <Delay = 0.69> <Storage> <Opcode : 'load' 'store'> <Ports = 2> <Width = 32> <Depth = 64> <RAM>
ST_2 : Operation 41 [1/1] (0.88ns)   --->   "%sum = add i32 %B_load, i32 %A_load" [q5_kernel.cpp:66]   --->   Operation 41 'add' 'sum' <Predicate = true> <Delay = 0.88> <CoreInst = "Adder">   --->   Core 1 'Adder' <Latency = 0> <II = 1> <Delay = 0.88> <FuncUnit> <Opcode : 'add' 'sub'> <InPorts = 2> <OutPorts = 1>
ST_2 : Operation 42 [1/1] (0.88ns)   --->   "%diff = sub i32 %A_load, i32 %B_load" [q5_kernel.cpp:67]   --->   Operation 42 'sub' 'diff' <Predicate = true> <Delay = 0.88> <CoreInst = "Adder">   --->   Core 1 'Adder' <Latency = 0> <II = 1> <Delay = 0.88> <FuncUnit> <Opcode : 'add' 'sub'> <InPorts = 2> <OutPorts = 1>
ST_2 : Operation 43 [1/1] (0.00ns)   --->   "%C_addr = getelementptr i32 %C, i64 0, i64 %zext_ln63" [q5_kernel.cpp:69]   --->   Operation 43 'getelementptr' 'C_addr' <Predicate = true> <Delay = 0.00>
ST_2 : Operation 44 [1/1] (0.69ns)   --->   "%store_ln69 = store i32 %sum, i6 %C_addr" [q5_kernel.cpp:69]   --->   Operation 44 'store' 'store_ln69' <Predicate = true> <Delay = 0.69> <CoreInst = "RAM">   --->   Core 82 'RAM' <Latency = 1> <II = 1> <Delay = 0.69> <Storage> <Opcode : 'load' 'store'> <Ports = 2> <Width = 32> <Depth = 64> <RAM>
ST_2 : Operation 45 [1/1] (3.17ns)   --->   "%mul_ln70 = mul i32 %B_load, i32 %A_load" [q5_kernel.cpp:70]   --->   Operation 45 'mul' 'mul_ln70' <Predicate = true> <Delay = 3.17> <CoreInst = "Multiplier">   --->   Core 3 'Multiplier' <Latency = 0> <II = 1> <Delay = 3.17> <FuncUnit> <Opcode : 'mul'> <InPorts = 2> <OutPorts = 1>
ST_2 : Operation 46 [1/1] (0.00ns)   --->   "%D_addr = getelementptr i32 %D, i64 0, i64 %zext_ln63" [q5_kernel.cpp:70]   --->   Operation 46 'getelementptr' 'D_addr' <Predicate = true> <Delay = 0.00>
ST_2 : Operation 47 [1/1] (0.69ns)   --->   "%store_ln70 = store i32 %mul_ln70, i6 %D_addr" [q5_kernel.cpp:70]   --->   Operation 47 'store' 'store_ln70' <Predicate = true> <Delay = 0.69> <CoreInst = "RAM">   --->   Core 82 'RAM' <Latency = 1> <II = 1> <Delay = 0.69> <Storage> <Opcode : 'load' 'store'> <Ports = 2> <Width = 32> <Depth = 64> <RAM>
ST_2 : Operation 48 [1/1] (3.17ns)   --->   "%mul_ln71 = mul i32 %sum, i32 %diff" [q5_kernel.cpp:71]   --->   Operation 48 'mul' 'mul_ln71' <Predicate = true> <Delay = 3.17> <CoreInst = "Multiplier">   --->   Core 3 'Multiplier' <Latency = 0> <II = 1> <Delay = 3.17> <FuncUnit> <Opcode : 'mul'> <InPorts = 2> <OutPorts = 1>
ST_2 : Operation 49 [1/1] (0.00ns)   --->   "%E_addr = getelementptr i32 %E, i64 0, i64 %zext_ln63" [q5_kernel.cpp:71]   --->   Operation 49 'getelementptr' 'E_addr' <Predicate = true> <Delay = 0.00>
ST_2 : Operation 50 [1/1] (0.69ns)   --->   "%store_ln71 = store i32 %mul_ln71, i6 %E_addr" [q5_kernel.cpp:71]   --->   Operation 50 'store' 'store_ln71' <Predicate = true> <Delay = 0.69> <CoreInst = "RAM">   --->   Core 82 'RAM' <Latency = 1> <II = 1> <Delay = 0.69> <Storage> <Opcode : 'load' 'store'> <Ports = 2> <Width = 32> <Depth = 64> <RAM>
ST_2 : Operation 51 [1/2] (0.69ns)   --->   "%A_load_1 = load i6 %A_addr_1" [q5_kernel.cpp:66]   --->   Operation 51 'load' 'A_load_1' <Predicate = true> <Delay = 0.69> <CoreInst = "RAM">   --->   Core 82 'RAM' <Latency = 1> <II = 1> <Delay = 0.69> <Storage> <Opcode : 'load' 'store'> <Ports = 2> <Width = 32> <Depth = 64> <RAM>
ST_2 : Operation 52 [1/2] (0.69ns)   --->   "%B_load_1 = load i6 %B_addr_1" [q5_kernel.cpp:66]   --->   Operation 52 'load' 'B_load_1' <Predicate = true> <Delay = 0.69> <CoreInst = "RAM">   --->   Core 82 'RAM' <Latency = 1> <II = 1> <Delay = 0.69> <Storage> <Opcode : 'load' 'store'> <Ports = 2> <Width = 32> <Depth = 64> <RAM>
ST_2 : Operation 53 [1/1] (0.88ns)   --->   "%sum_1 = add i32 %B_load_1, i32 %A_load_1" [q5_kernel.cpp:66]   --->   Operation 53 'add' 'sum_1' <Predicate = true> <Delay = 0.88> <CoreInst = "Adder">   --->   Core 1 'Adder' <Latency = 0> <II = 1> <Delay = 0.88> <FuncUnit> <Opcode : 'add' 'sub'> <InPorts = 2> <OutPorts = 1>
ST_2 : Operation 54 [1/1] (0.88ns)   --->   "%diff_1 = sub i32 %A_load_1, i32 %B_load_1" [q5_kernel.cpp:67]   --->   Operation 54 'sub' 'diff_1' <Predicate = true> <Delay = 0.88> <CoreInst = "Adder">   --->   Core 1 'Adder' <Latency = 0> <II = 1> <Delay = 0.88> <FuncUnit> <Opcode : 'add' 'sub'> <InPorts = 2> <OutPorts = 1>
ST_2 : Operation 55 [1/1] (0.00ns)   --->   "%C_addr_1 = getelementptr i32 %C, i64 0, i64 %zext_ln66" [q5_kernel.cpp:69]   --->   Operation 55 'getelementptr' 'C_addr_1' <Predicate = true> <Delay = 0.00>
ST_2 : Operation 56 [1/1] (0.69ns)   --->   "%store_ln69 = store i32 %sum_1, i6 %C_addr_1" [q5_kernel.cpp:69]   --->   Operation 56 'store' 'store_ln69' <Predicate = true> <Delay = 0.69> <CoreInst = "RAM">   --->   Core 82 'RAM' <Latency = 1> <II = 1> <Delay = 0.69> <Storage> <Opcode : 'load' 'store'> <Ports = 2> <Width = 32> <Depth = 64> <RAM>
ST_2 : Operation 57 [1/1] (3.17ns)   --->   "%mul_ln70_1 = mul i32 %B_load_1, i32 %A_load_1" [q5_kernel.cpp:70]   --->   Operation 57 'mul' 'mul_ln70_1' <Predicate = true> <Delay = 3.17> <CoreInst = "Multiplier">   --->   Core 3 'Multiplier' <Latency = 0> <II = 1> <Delay = 3.17> <FuncUnit> <Opcode : 'mul'> <InPorts = 2> <OutPorts = 1>
ST_2 : Operation 58 [1/1] (0.00ns)   --->   "%D_addr_1 = getelementptr i32 %D, i64 0, i64 %zext_ln66" [q5_kernel.cpp:70]   --->   Operation 58 'getelementptr' 'D_addr_1' <Predicate = true> <Delay = 0.00>
ST_2 : Operation 59 [1/1] (0.69ns)   --->   "%store_ln70 = store i32 %mul_ln70_1, i6 %D_addr_1" [q5_kernel.cpp:70]   --->   Operation 59 'store' 'store_ln70' <Predicate = true> <Delay = 0.69> <CoreInst = "RAM">   --->   Core 82 'RAM' <Latency = 1> <II = 1> <Delay = 0.69> <Storage> <Opcode : 'load' 'store'> <Ports = 2> <Width = 32> <Depth = 64> <RAM>
ST_2 : Operation 60 [1/1] (3.17ns)   --->   "%mul_ln71_1 = mul i32 %sum_1, i32 %diff_1" [q5_kernel.cpp:71]   --->   Operation 60 'mul' 'mul_ln71_1' <Predicate = true> <Delay = 3.17> <CoreInst = "Multiplier">   --->   Core 3 'Multiplier' <Latency = 0> <II = 1> <Delay = 3.17> <FuncUnit> <Opcode : 'mul'> <InPorts = 2> <OutPorts = 1>
ST_2 : Operation 61 [1/1] (0.00ns)   --->   "%E_addr_1 = getelementptr i32 %E, i64 0, i64 %zext_ln66" [q5_kernel.cpp:71]   --->   Operation 61 'getelementptr' 'E_addr_1' <Predicate = true> <Delay = 0.00>
ST_2 : Operation 62 [1/1] (0.69ns)   --->   "%store_ln71 = store i32 %mul_ln71_1, i6 %E_addr_1" [q5_kernel.cpp:71]   --->   Operation 62 'store' 'store_ln71' <Predicate = true> <Delay = 0.69> <CoreInst = "RAM">   --->   Core 82 'RAM' <Latency = 1> <II = 1> <Delay = 0.69> <Storage> <Opcode : 'load' 'store'> <Ports = 2> <Width = 32> <Depth = 64> <RAM>
ST_2 : Operation 63 [1/1] (0.00ns)   --->   "%or_ln63_1 = bitconcatenate i6 @_ssdm_op_BitConcatenate.i6.i4.i2, i4 %tmp_1, i2 2" [q5_kernel.cpp:63]   --->   Operation 63 'bitconcatenate' 'or_ln63_1' <Predicate = true> <Delay = 0.00>
ST_2 : Operation 64 [1/1] (0.00ns)   --->   "%zext_ln66_1 = zext i6 %or_ln63_1" [q5_kernel.cpp:66]   --->   Operation 64 'zext' 'zext_ln66_1' <Predicate = true> <Delay = 0.00>
ST_2 : Operation 65 [1/1] (0.00ns)   --->   "%A_addr_2 = getelementptr i32 %A, i64 0, i64 %zext_ln66_1" [q5_kernel.cpp:66]   --->   Operation 65 'getelementptr' 'A_addr_2' <Predicate = true> <Delay = 0.00>
ST_2 : Operation 66 [2/2] (0.69ns)   --->   "%A_load_2 = load i6 %A_addr_2" [q5_kernel.cpp:66]   --->   Operation 66 'load' 'A_load_2' <Predicate = true> <Delay = 0.69> <CoreInst = "RAM">   --->   Core 82 'RAM' <Latency = 1> <II = 1> <Delay = 0.69> <Storage> <Opcode : 'load' 'store'> <Ports = 2> <Width = 32> <Depth = 64> <RAM>
ST_2 : Operation 67 [1/1] (0.00ns)   --->   "%B_addr_2 = getelementptr i32 %B, i64 0, i64 %zext_ln66_1" [q5_kernel.cpp:66]   --->   Operation 67 'getelementptr' 'B_addr_2' <Predicate = true> <Delay = 0.00>
ST_2 : Operation 68 [2/2] (0.69ns)   --->   "%B_load_2 = load i6 %B_addr_2" [q5_kernel.cpp:66]   --->   Operation 68 'load' 'B_load_2' <Predicate = true> <Delay = 0.69> <CoreInst = "RAM">   --->   Core 82 'RAM' <Latency = 1> <II = 1> <Delay = 0.69> <Storage> <Opcode : 'load' 'store'> <Ports = 2> <Width = 32> <Depth = 64> <RAM>
ST_2 : Operation 69 [1/1] (0.00ns)   --->   "%or_ln63_2 = bitconcatenate i6 @_ssdm_op_BitConcatenate.i6.i4.i2, i4 %tmp_1, i2 3" [q5_kernel.cpp:63]   --->   Operation 69 'bitconcatenate' 'or_ln63_2' <Predicate = true> <Delay = 0.00>
ST_2 : Operation 70 [1/1] (0.00ns)   --->   "%zext_ln66_2 = zext i6 %or_ln63_2" [q5_kernel.cpp:66]   --->   Operation 70 'zext' 'zext_ln66_2' <Predicate = true> <Delay = 0.00>
ST_2 : Operation 71 [1/1] (0.00ns)   --->   "%A_addr_3 = getelementptr i32 %A, i64 0, i64 %zext_ln66_2" [q5_kernel.cpp:66]   --->   Operation 71 'getelementptr' 'A_addr_3' <Predicate = true> <Delay = 0.00>
ST_2 : Operation 72 [2/2] (0.69ns)   --->   "%A_load_3 = load i6 %A_addr_3" [q5_kernel.cpp:66]   --->   Operation 72 'load' 'A_load_3' <Predicate = true> <Delay = 0.69> <CoreInst = "RAM">   --->   Core 82 'RAM' <Latency = 1> <II = 1> <Delay = 0.69> <Storage> <Opcode : 'load' 'store'> <Ports = 2> <Width = 32> <Depth = 64> <RAM>
ST_2 : Operation 73 [1/1] (0.00ns)   --->   "%B_addr_3 = getelementptr i32 %B, i64 0, i64 %zext_ln66_2" [q5_kernel.cpp:66]   --->   Operation 73 'getelementptr' 'B_addr_3' <Predicate = true> <Delay = 0.00>
ST_2 : Operation 74 [2/2] (0.69ns)   --->   "%B_load_3 = load i6 %B_addr_3" [q5_kernel.cpp:66]   --->   Operation 74 'load' 'B_load_3' <Predicate = true> <Delay = 0.69> <CoreInst = "RAM">   --->   Core 82 'RAM' <Latency = 1> <II = 1> <Delay = 0.69> <Storage> <Opcode : 'load' 'store'> <Ports = 2> <Width = 32> <Depth = 64> <RAM>

State 3 <SV = 2> <Delay = 5.44>
ST_3 : Operation 75 [1/1] (0.00ns)   --->   "%specpipeline_ln64 = specpipeline void @_ssdm_op_SpecPipeline, i32 1, i32 0, i32 0, i32 0, void @empty_0" [q5_kernel.cpp:64]   --->   Operation 75 'specpipeline' 'specpipeline_ln64' <Predicate = true> <Delay = 0.00>
ST_3 : Operation 76 [1/1] (0.00ns)   --->   "%speclooptripcount_ln63 = speclooptripcount void @_ssdm_op_SpecLoopTripCount, i64 16, i64 16, i64 16" [q5_kernel.cpp:63]   --->   Operation 76 'speclooptripcount' 'speclooptripcount_ln63' <Predicate = true> <Delay = 0.00>
ST_3 : Operation 77 [1/1] (0.00ns)   --->   "%specloopname_ln63 = specloopname void @_ssdm_op_SpecLoopName, void @empty_4" [q5_kernel.cpp:63]   --->   Operation 77 'specloopname' 'specloopname_ln63' <Predicate = true> <Delay = 0.00>
ST_3 : Operation 78 [1/2] (0.69ns)   --->   "%A_load_2 = load i6 %A_addr_2" [q5_kernel.cpp:66]   --->   Operation 78 'load' 'A_load_2' <Predicate = true> <Delay = 0.69> <CoreInst = "RAM">   --->   Core 82 'RAM' <Latency = 1> <II = 1> <Delay = 0.69> <Storage> <Opcode : 'load' 'store'> <Ports = 2> <Width = 32> <Depth = 64> <RAM>
ST_3 : Operation 79 [1/2] (0.69ns)   --->   "%B_load_2 = load i6 %B_addr_2" [q5_kernel.cpp:66]   --->   Operation 79 'load' 'B_load_2' <Predicate = true> <Delay = 0.69> <CoreInst = "RAM">   --->   Core 82 'RAM' <Latency = 1> <II = 1> <Delay = 0.69> <Storage> <Opcode : 'load' 'store'> <Ports = 2> <Width = 32> <Depth = 64> <RAM>
ST_3 : Operation 80 [1/1] (0.88ns)   --->   "%sum_2 = add i32 %B_load_2, i32 %A_load_2" [q5_kernel.cpp:66]   --->   Operation 80 'add' 'sum_2' <Predicate = true> <Delay = 0.88> <CoreInst = "Adder">   --->   Core 1 'Adder' <Latency = 0> <II = 1> <Delay = 0.88> <FuncUnit> <Opcode : 'add' 'sub'> <InPorts = 2> <OutPorts = 1>
ST_3 : Operation 81 [1/1] (0.88ns)   --->   "%diff_2 = sub i32 %A_load_2, i32 %B_load_2" [q5_kernel.cpp:67]   --->   Operation 81 'sub' 'diff_2' <Predicate = true> <Delay = 0.88> <CoreInst = "Adder">   --->   Core 1 'Adder' <Latency = 0> <II = 1> <Delay = 0.88> <FuncUnit> <Opcode : 'add' 'sub'> <InPorts = 2> <OutPorts = 1>
ST_3 : Operation 82 [1/1] (0.00ns)   --->   "%C_addr_2 = getelementptr i32 %C, i64 0, i64 %zext_ln66_1" [q5_kernel.cpp:69]   --->   Operation 82 'getelementptr' 'C_addr_2' <Predicate = true> <Delay = 0.00>
ST_3 : Operation 83 [1/1] (0.69ns)   --->   "%store_ln69 = store i32 %sum_2, i6 %C_addr_2" [q5_kernel.cpp:69]   --->   Operation 83 'store' 'store_ln69' <Predicate = true> <Delay = 0.69> <CoreInst = "RAM">   --->   Core 82 'RAM' <Latency = 1> <II = 1> <Delay = 0.69> <Storage> <Opcode : 'load' 'store'> <Ports = 2> <Width = 32> <Depth = 64> <RAM>
ST_3 : Operation 84 [1/1] (3.17ns)   --->   "%mul_ln70_2 = mul i32 %B_load_2, i32 %A_load_2" [q5_kernel.cpp:70]   --->   Operation 84 'mul' 'mul_ln70_2' <Predicate = true> <Delay = 3.17> <CoreInst = "Multiplier">   --->   Core 3 'Multiplier' <Latency = 0> <II = 1> <Delay = 3.17> <FuncUnit> <Opcode : 'mul'> <InPorts = 2> <OutPorts = 1>
ST_3 : Operation 85 [1/1] (0.00ns)   --->   "%D_addr_2 = getelementptr i32 %D, i64 0, i64 %zext_ln66_1" [q5_kernel.cpp:70]   --->   Operation 85 'getelementptr' 'D_addr_2' <Predicate = true> <Delay = 0.00>
ST_3 : Operation 86 [1/1] (0.69ns)   --->   "%store_ln70 = store i32 %mul_ln70_2, i6 %D_addr_2" [q5_kernel.cpp:70]   --->   Operation 86 'store' 'store_ln70' <Predicate = true> <Delay = 0.69> <CoreInst = "RAM">   --->   Core 82 'RAM' <Latency = 1> <II = 1> <Delay = 0.69> <Storage> <Opcode : 'load' 'store'> <Ports = 2> <Width = 32> <Depth = 64> <RAM>
ST_3 : Operation 87 [1/1] (3.17ns)   --->   "%mul_ln71_2 = mul i32 %sum_2, i32 %diff_2" [q5_kernel.cpp:71]   --->   Operation 87 'mul' 'mul_ln71_2' <Predicate = true> <Delay = 3.17> <CoreInst = "Multiplier">   --->   Core 3 'Multiplier' <Latency = 0> <II = 1> <Delay = 3.17> <FuncUnit> <Opcode : 'mul'> <InPorts = 2> <OutPorts = 1>
ST_3 : Operation 88 [1/1] (0.00ns)   --->   "%E_addr_2 = getelementptr i32 %E, i64 0, i64 %zext_ln66_1" [q5_kernel.cpp:71]   --->   Operation 88 'getelementptr' 'E_addr_2' <Predicate = true> <Delay = 0.00>
ST_3 : Operation 89 [1/1] (0.69ns)   --->   "%store_ln71 = store i32 %mul_ln71_2, i6 %E_addr_2" [q5_kernel.cpp:71]   --->   Operation 89 'store' 'store_ln71' <Predicate = true> <Delay = 0.69> <CoreInst = "RAM">   --->   Core 82 'RAM' <Latency = 1> <II = 1> <Delay = 0.69> <Storage> <Opcode : 'load' 'store'> <Ports = 2> <Width = 32> <Depth = 64> <RAM>
ST_3 : Operation 90 [1/2] (0.69ns)   --->   "%A_load_3 = load i6 %A_addr_3" [q5_kernel.cpp:66]   --->   Operation 90 'load' 'A_load_3' <Predicate = true> <Delay = 0.69> <CoreInst = "RAM">   --->   Core 82 'RAM' <Latency = 1> <II = 1> <Delay = 0.69> <Storage> <Opcode : 'load' 'store'> <Ports = 2> <Width = 32> <Depth = 64> <RAM>
ST_3 : Operation 91 [1/2] (0.69ns)   --->   "%B_load_3 = load i6 %B_addr_3" [q5_kernel.cpp:66]   --->   Operation 91 'load' 'B_load_3' <Predicate = true> <Delay = 0.69> <CoreInst = "RAM">   --->   Core 82 'RAM' <Latency = 1> <II = 1> <Delay = 0.69> <Storage> <Opcode : 'load' 'store'> <Ports = 2> <Width = 32> <Depth = 64> <RAM>
ST_3 : Operation 92 [1/1] (0.88ns)   --->   "%sum_3 = add i32 %B_load_3, i32 %A_load_3" [q5_kernel.cpp:66]   --->   Operation 92 'add' 'sum_3' <Predicate = true> <Delay = 0.88> <CoreInst = "Adder">   --->   Core 1 'Adder' <Latency = 0> <II = 1> <Delay = 0.88> <FuncUnit> <Opcode : 'add' 'sub'> <InPorts = 2> <OutPorts = 1>
ST_3 : Operation 93 [1/1] (0.88ns)   --->   "%diff_3 = sub i32 %A_load_3, i32 %B_load_3" [q5_kernel.cpp:67]   --->   Operation 93 'sub' 'diff_3' <Predicate = true> <Delay = 0.88> <CoreInst = "Adder">   --->   Core 1 'Adder' <Latency = 0> <II = 1> <Delay = 0.88> <FuncUnit> <Opcode : 'add' 'sub'> <InPorts = 2> <OutPorts = 1>
ST_3 : Operation 94 [1/1] (0.00ns)   --->   "%C_addr_3 = getelementptr i32 %C, i64 0, i64 %zext_ln66_2" [q5_kernel.cpp:69]   --->   Operation 94 'getelementptr' 'C_addr_3' <Predicate = true> <Delay = 0.00>
ST_3 : Operation 95 [1/1] (0.69ns)   --->   "%store_ln69 = store i32 %sum_3, i6 %C_addr_3" [q5_kernel.cpp:69]   --->   Operation 95 'store' 'store_ln69' <Predicate = true> <Delay = 0.69> <CoreInst = "RAM">   --->   Core 82 'RAM' <Latency = 1> <II = 1> <Delay = 0.69> <Storage> <Opcode : 'load' 'store'> <Ports = 2> <Width = 32> <Depth = 64> <RAM>
ST_3 : Operation 96 [1/1] (3.17ns)   --->   "%mul_ln70_3 = mul i32 %B_load_3, i32 %A_load_3" [q5_kernel.cpp:70]   --->   Operation 96 'mul' 'mul_ln70_3' <Predicate = true> <Delay = 3.17> <CoreInst = "Multiplier">   --->   Core 3 'Multiplier' <Latency = 0> <II = 1> <Delay = 3.17> <FuncUnit> <Opcode : 'mul'> <InPorts = 2> <OutPorts = 1>
ST_3 : Operation 97 [1/1] (0.00ns)   --->   "%D_addr_3 = getelementptr i32 %D, i64 0, i64 %zext_ln66_2" [q5_kernel.cpp:70]   --->   Operation 97 'getelementptr' 'D_addr_3' <Predicate = true> <Delay = 0.00>
ST_3 : Operation 98 [1/1] (0.69ns)   --->   "%store_ln70 = store i32 %mul_ln70_3, i6 %D_addr_3" [q5_kernel.cpp:70]   --->   Operation 98 'store' 'store_ln70' <Predicate = true> <Delay = 0.69> <CoreInst = "RAM">   --->   Core 82 'RAM' <Latency = 1> <II = 1> <Delay = 0.69> <Storage> <Opcode : 'load' 'store'> <Ports = 2> <Width = 32> <Depth = 64> <RAM>
ST_3 : Operation 99 [1/1] (3.17ns)   --->   "%mul_ln71_3 = mul i32 %sum_3, i32 %diff_3" [q5_kernel.cpp:71]   --->   Operation 99 'mul' 'mul_ln71_3' <Predicate = true> <Delay = 3.17> <CoreInst = "Multiplier">   --->   Core 3 'Multiplier' <Latency = 0> <II = 1> <Delay = 3.17> <FuncUnit> <Opcode : 'mul'> <InPorts = 2> <OutPorts = 1>
ST_3 : Operation 100 [1/1] (0.00ns)   --->   "%E_addr_3 = getelementptr i32 %E, i64 0, i64 %zext_ln66_2" [q5_kernel.cpp:71]   --->   Operation 100 'getelementptr' 'E_addr_3' <Predicate = true> <Delay = 0.00>
ST_3 : Operation 101 [1/1] (0.69ns)   --->   "%store_ln71 = store i32 %mul_ln71_3, i6 %E_addr_3" [q5_kernel.cpp:71]   --->   Operation 101 'store' 'store_ln71' <Predicate = true> <Delay = 0.69> <CoreInst = "RAM">   --->   Core 82 'RAM' <Latency = 1> <II = 1> <Delay = 0.69> <Storage> <Opcode : 'load' 'store'> <Ports = 2> <Width = 32> <Depth = 64> <RAM>
ST_3 : Operation 102 [1/1] (0.38ns)   --->   "%ret_ln73 = ret" [q5_kernel.cpp:73]   --->   Operation 102 'ret' 'ret_ln73' <Predicate = (tmp_2)> <Delay = 0.38>


============================================================
+ Verbose Summary: Timing violations
============================================================
Target clock period: 25.000ns, clock uncertainty: 6.750ns.

 <State 1>: 1.480ns
The critical path consists of the following:
	'store' operation 0 bit ('store_ln0') of constant 0 on local variable 'i1' [19]  (0.387 ns)
	'load' operation 7 bit ('i1_load', q5_kernel.cpp:63) on local variable 'i1' [22]  (0.000 ns)
	'add' operation 7 bit ('i', q5_kernel.cpp:63) [91]  (0.706 ns)
	'store' operation 0 bit ('store_ln63', q5_kernel.cpp:63) of variable 'i', q5_kernel.cpp:63 on local variable 'i1' [93]  (0.387 ns)

 <State 2>: 5.448ns
The critical path consists of the following:
	'load' operation 32 bit ('A_load', q5_kernel.cpp:66) on array 'A' [28]  (0.699 ns)
	'add' operation 32 bit ('sum', q5_kernel.cpp:66) [31]  (0.880 ns)
	'mul' operation 32 bit ('mul_ln71', q5_kernel.cpp:71) [38]  (3.170 ns)
	'store' operation 0 bit ('store_ln71', q5_kernel.cpp:71) of variable 'mul_ln71', q5_kernel.cpp:71 on array 'E' [40]  (0.699 ns)

 <State 3>: 5.448ns
The critical path consists of the following:
	'load' operation 32 bit ('A_load_2', q5_kernel.cpp:66) on array 'A' [62]  (0.699 ns)
	'add' operation 32 bit ('sum', q5_kernel.cpp:66) [65]  (0.880 ns)
	'mul' operation 32 bit ('mul_ln71_2', q5_kernel.cpp:71) [72]  (3.170 ns)
	'store' operation 0 bit ('store_ln71', q5_kernel.cpp:71) of variable 'mul_ln71_2', q5_kernel.cpp:71 on array 'E' [74]  (0.699 ns)


============================================================
+ Verbose Summary: Binding
============================================================
N/A
* FSMD analyzer results:
  - Output states:
 - Input state : 
  - Chain level:
	State 1
	State 2
	State 3


============================================================
+ Verbose Summary: Datapath Resource usage 
============================================================
N/A
