================================================================
== Design Size Report
================================================================

* Total Instructions per Compilation Phase
+---------------+-----------------------------+--------------+----------------------------------------------------------------------------------------+
| Phase         | Step                        | Instructions | Description                                                                            |
+---------------+-----------------------------+--------------+----------------------------------------------------------------------------------------+
| Compile/Link  |                             |    41        | After all functions are compiled and linked into a single design                       |
|               |                             |              |                                                                                        |
| Unroll/Inline |                             |              | After user unroll and inline pragmas are applied                                       |
|               | (1) unroll                  | 1,403        | user unroll pragmas are applied                                                        |
|               | (2) simplification          |   892        | simplification of applied user unroll pragmas                                          |
|               | (3) inline                  |   892        | user inline pragmas are applied                                                        |
|               | (4) simplification          |   892        | simplification of applied user inline pragmas                                          |
|               |                             |              |                                                                                        |
| Array/Struct  |                             |              | After user array partition and struct aggregate/disaggregate pragmas are applied       |
|               | (1) array partition         |   897        | user array partition pragmas are applied                                               |
|               | (2) simplification          |   897        | simplification of applied user array partition & struct aggregate/disaggregate pragmas |
|               | (3) aggregate/disaggregate  |   897        | user struct aggregate/disaggregate pragmas are applied                                 |
|               | (4) array reshape           |   897        | apply array reshape pragmas                                                            |
|               | (5) access patterns         |   897        | array access pattern optmizations                                                      |
|               |                             |              |                                                                                        |
| Performance   |                             |              | After transformations are applied to meet performance pragma targets                   |
|               | (1) loop simplification     |   897        | loop and instruction simplification                                                    |
|               | (2) parallelization         |   897        | loops are unrolled or pipelined to meet performance targets                            |
|               | (3) array partition         |   897        | arrays are partitioned to meet performance targets                                     |
|               | (4) simplification          |   897        | simplification of design after performance transformations                             |
|               |                             |              |                                                                                        |
| HW Transforms |                             |              | After hardware transfomations                                                          |
|               | (1) lowering                |   907        | initial conversion to HW specific instructions                                         |
|               | (2) optimizations           |   908        | high level synthesis optimizations                                                     |
+---------------+-----------------------------+--------------+----------------------------------------------------------------------------------------+

* Instructions per Function for each Compilation Phase
+-------------+------------------+--------------+---------------+--------------+-------------+---------------+
| Function    | Location         | Compile/Link | Unroll/Inline | Array/Struct | Performance | HW Transforms |
+-------------+------------------+--------------+---------------+--------------+-------------+---------------+
|   q5_unroll | q5_kernel.cpp:21 | 41           | 892           | 897          | 897         | 908           |
+-------------+------------------+--------------+---------------+--------------+-------------+---------------+

* Design Size Message Settings
+---------------------------------------------+--------+------------------------------------------------------------------+
| Message Setting                             | Value  | Description                                                      |
+---------------------------------------------+--------+------------------------------------------------------------------+
| config_compile -design_size_maximum_warning | 100000 | Show a warning when total design instructions exceeds this value |
+---------------------------------------------+--------+------------------------------------------------------------------+


