

================================================================
== Synthesis Summary Report of 'q5_unroll'
================================================================
+ General Information: 
    * Date:           Sat May  9 11:05:54 2026
    * Version:        2024.1 (Build 5069499 on May 21 2024)
    * Project:        q5_unroll_proj
    * Solution:       solution1 (Vivado IP Flow Target)
    * Product family: virtexuplus
    * Target device:  xcvu13p-fsga2577-2-e
    

+ Performance & Resource Estimates: 
    
    PS: '+' for module; 'o' for loop; '*' for dataflow
    +-------------+------+-------+---------+---------+----------+---------+------+----------+------+----------+----------+------------+-----+
    |   Modules   | Issue|       | Latency | Latency | Iteration|         | Trip |          |      |          |          |            |     |
    |   & Loops   | Type | Slack | (cycles)|   (ns)  |  Latency | Interval| Count| Pipelined| BRAM |    DSP   |    FF    |     LUT    | URAM|
    +-------------+------+-------+---------+---------+----------+---------+------+----------+------+----------+----------+------------+-----+
    |+ q5_unroll  |     -|  12.80|       32|  800.000|         -|       33|     -|        no|     -|  12 (~0%)|  33 (~0%)|  1911 (~0%)|    -|
    +-------------+------+-------+---------+---------+----------+---------+------+----------+------+----------+----------+------------+-----+


================================================================
== HW Interfaces
================================================================
* AP_MEMORY
+------------+-----------+----------+
| Port       | Direction | Bitwidth |
+------------+-----------+----------+
| A_address0 | out       | 6        |
| A_address1 | out       | 6        |
| A_q0       | in        | 32       |
| A_q1       | in        | 32       |
| B_address0 | out       | 6        |
| B_address1 | out       | 6        |
| B_q0       | in        | 32       |
| B_q1       | in        | 32       |
| C_address0 | out       | 6        |
| C_address1 | out       | 6        |
| C_d0       | out       | 32       |
| C_d1       | out       | 32       |
| D_address0 | out       | 6        |
| D_address1 | out       | 6        |
| D_d0       | out       | 32       |
| D_d1       | out       | 32       |
| E_address0 | out       | 6        |
| E_address1 | out       | 6        |
| E_d0       | out       | 32       |
| E_d1       | out       | 32       |
+------------+-----------+----------+

* TOP LEVEL CONTROL
+-----------+------------+-----------------------------------+
| Interface | Type       | Ports                             |
+-----------+------------+-----------------------------------+
| ap_clk    | clock      | ap_clk                            |
| ap_rst    | reset      | ap_rst                            |
| ap_ctrl   | ap_ctrl_hs | ap_done ap_idle ap_ready ap_start |
+-----------+------------+-----------------------------------+


================================================================
== SW I/O Information
================================================================
* Top Function Arguments
+----------+-----------+----------+
| Argument | Direction | Datatype |
+----------+-----------+----------+
| A        | in        | int*     |
| B        | in        | int*     |
| C        | out       | int*     |
| D        | out       | int*     |
| E        | out       | int*     |
+----------+-----------+----------+

* SW-to-HW Mapping
+----------+--------------+---------+----------+
| Argument | HW Interface | HW Type | HW Usage |
+----------+--------------+---------+----------+
| A        | A_address0   | port    | offset   |
| A        | A_ce0        | port    |          |
| A        | A_q0         | port    |          |
| A        | A_address1   | port    | offset   |
| A        | A_ce1        | port    |          |
| A        | A_q1         | port    |          |
| B        | B_address0   | port    | offset   |
| B        | B_ce0        | port    |          |
| B        | B_q0         | port    |          |
| B        | B_address1   | port    | offset   |
| B        | B_ce1        | port    |          |
| B        | B_q1         | port    |          |
| C        | C_address0   | port    | offset   |
| C        | C_ce0        | port    |          |
| C        | C_we0        | port    |          |
| C        | C_d0         | port    |          |
| C        | C_address1   | port    | offset   |
| C        | C_ce1        | port    |          |
| C        | C_we1        | port    |          |
| C        | C_d1         | port    |          |
| D        | D_address0   | port    | offset   |
| D        | D_ce0        | port    |          |
| D        | D_we0        | port    |          |
| D        | D_d0         | port    |          |
| D        | D_address1   | port    | offset   |
| D        | D_ce1        | port    |          |
| D        | D_we1        | port    |          |
| D        | D_d1         | port    |          |
| E        | E_address0   | port    | offset   |
| E        | E_ce0        | port    |          |
| E        | E_we0        | port    |          |
| E        | E_d0         | port    |          |
| E        | E_address1   | port    | offset   |
| E        | E_ce1        | port    |          |
| E        | E_we1        | port    |          |
| E        | E_d1         | port    |          |
+----------+--------------+---------+----------+


================================================================
== Bind Op Report
================================================================
+-------------------------+-----+--------+-------------+-----+--------+---------+
| Name                    | DSP | Pragma | Variable    | Op  | Impl   | Latency |
+-------------------------+-----+--------+-------------+-----+--------+---------+
| + q5_unroll             | 12  |        |             |     |        |         |
|   grp_fu_3103_p2        |     |        | sum         | add | fabric | 0       |
|   grp_fu_3086_p1        |     |        | diff        | sub | fabric | 0       |
|   mul_32s_32s_32_1_1_U1 | 3   |        | mul_ln34    | mul | auto   | 0       |
|   mul_32s_32s_32_1_1_U2 | 3   |        | mul_ln35    | mul | auto   | 0       |
|   grp_fu_3118_p2        |     |        | sum_1       | add | fabric | 0       |
|   grp_fu_3098_p1        |     |        | diff_1      | sub | fabric | 0       |
|   mul_32s_32s_32_1_1_U3 | 3   |        | mul_ln34_1  | mul | auto   | 0       |
|   mul_32s_32s_32_1_1_U4 | 3   |        | mul_ln35_1  | mul | auto   | 0       |
|   grp_fu_3103_p2        |     |        | sum_2       | add | fabric | 0       |
|   grp_fu_3086_p1        |     |        | diff_2      | sub | fabric | 0       |
|   mul_32s_32s_32_1_1_U1 | 3   |        | mul_ln34_2  | mul | auto   | 0       |
|   mul_32s_32s_32_1_1_U2 | 3   |        | mul_ln35_2  | mul | auto   | 0       |
|   grp_fu_3118_p2        |     |        | sum_3       | add | fabric | 0       |
|   grp_fu_3098_p1        |     |        | diff_3      | sub | fabric | 0       |
|   mul_32s_32s_32_1_1_U3 | 3   |        | mul_ln34_3  | mul | auto   | 0       |
|   mul_32s_32s_32_1_1_U4 | 3   |        | mul_ln35_3  | mul | auto   | 0       |
|   grp_fu_3103_p2        |     |        | sum_4       | add | fabric | 0       |
|   grp_fu_3086_p1        |     |        | diff_4      | sub | fabric | 0       |
|   mul_32s_32s_32_1_1_U1 | 3   |        | mul_ln34_4  | mul | auto   | 0       |
|   mul_32s_32s_32_1_1_U2 | 3   |        | mul_ln35_4  | mul | auto   | 0       |
|   grp_fu_3118_p2        |     |        | sum_5       | add | fabric | 0       |
|   grp_fu_3098_p1        |     |        | diff_5      | sub | fabric | 0       |
|   mul_32s_32s_32_1_1_U3 | 3   |        | mul_ln34_5  | mul | auto   | 0       |
|   mul_32s_32s_32_1_1_U4 | 3   |        | mul_ln35_5  | mul | auto   | 0       |
|   grp_fu_3103_p2        |     |        | sum_6       | add | fabric | 0       |
|   grp_fu_3086_p1        |     |        | diff_6      | sub | fabric | 0       |
|   mul_32s_32s_32_1_1_U1 | 3   |        | mul_ln34_6  | mul | auto   | 0       |
|   mul_32s_32s_32_1_1_U2 | 3   |        | mul_ln35_6  | mul | auto   | 0       |
|   grp_fu_3118_p2        |     |        | sum_7       | add | fabric | 0       |
|   grp_fu_3098_p1        |     |        | diff_7      | sub | fabric | 0       |
|   mul_32s_32s_32_1_1_U3 | 3   |        | mul_ln34_7  | mul | auto   | 0       |
|   mul_32s_32s_32_1_1_U4 | 3   |        | mul_ln35_7  | mul | auto   | 0       |
|   grp_fu_3103_p2        |     |        | sum_8       | add | fabric | 0       |
|   grp_fu_3086_p1        |     |        | diff_8      | sub | fabric | 0       |
|   mul_32s_32s_32_1_1_U1 | 3   |        | mul_ln34_8  | mul | auto   | 0       |
|   mul_32s_32s_32_1_1_U2 | 3   |        | mul_ln35_8  | mul | auto   | 0       |
|   grp_fu_3118_p2        |     |        | sum_9       | add | fabric | 0       |
|   grp_fu_3098_p1        |     |        | diff_9      | sub | fabric | 0       |
|   mul_32s_32s_32_1_1_U3 | 3   |        | mul_ln34_9  | mul | auto   | 0       |
|   mul_32s_32s_32_1_1_U4 | 3   |        | mul_ln35_9  | mul | auto   | 0       |
|   grp_fu_3103_p2        |     |        | sum_10      | add | fabric | 0       |
|   grp_fu_3086_p1        |     |        | diff_10     | sub | fabric | 0       |
|   mul_32s_32s_32_1_1_U1 | 3   |        | mul_ln34_10 | mul | auto   | 0       |
|   mul_32s_32s_32_1_1_U2 | 3   |        | mul_ln35_10 | mul | auto   | 0       |
|   grp_fu_3118_p2        |     |        | sum_11      | add | fabric | 0       |
|   grp_fu_3098_p1        |     |        | diff_11     | sub | fabric | 0       |
|   mul_32s_32s_32_1_1_U3 | 3   |        | mul_ln34_11 | mul | auto   | 0       |
|   mul_32s_32s_32_1_1_U4 | 3   |        | mul_ln35_11 | mul | auto   | 0       |
|   grp_fu_3103_p2        |     |        | sum_12      | add | fabric | 0       |
|   grp_fu_3086_p1        |     |        | diff_12     | sub | fabric | 0       |
|   mul_32s_32s_32_1_1_U1 | 3   |        | mul_ln34_12 | mul | auto   | 0       |
|   mul_32s_32s_32_1_1_U2 | 3   |        | mul_ln35_12 | mul | auto   | 0       |
|   grp_fu_3118_p2        |     |        | sum_13      | add | fabric | 0       |
|   grp_fu_3098_p1        |     |        | diff_13     | sub | fabric | 0       |
|   mul_32s_32s_32_1_1_U3 | 3   |        | mul_ln34_13 | mul | auto   | 0       |
|   mul_32s_32s_32_1_1_U4 | 3   |        | mul_ln35_13 | mul | auto   | 0       |
|   grp_fu_3103_p2        |     |        | sum_14      | add | fabric | 0       |
|   grp_fu_3086_p1        |     |        | diff_14     | sub | fabric | 0       |
|   mul_32s_32s_32_1_1_U1 | 3   |        | mul_ln34_14 | mul | auto   | 0       |
|   mul_32s_32s_32_1_1_U2 | 3   |        | mul_ln35_14 | mul | auto   | 0       |
|   grp_fu_3118_p2        |     |        | sum_15      | add | fabric | 0       |
|   grp_fu_3098_p1        |     |        | diff_15     | sub | fabric | 0       |
|   mul_32s_32s_32_1_1_U3 | 3   |        | mul_ln34_15 | mul | auto   | 0       |
|   mul_32s_32s_32_1_1_U4 | 3   |        | mul_ln35_15 | mul | auto   | 0       |
|   grp_fu_3103_p2        |     |        | sum_16      | add | fabric | 0       |
|   grp_fu_3086_p1        |     |        | diff_16     | sub | fabric | 0       |
|   mul_32s_32s_32_1_1_U1 | 3   |        | mul_ln34_16 | mul | auto   | 0       |
|   mul_32s_32s_32_1_1_U2 | 3   |        | mul_ln35_16 | mul | auto   | 0       |
|   grp_fu_3118_p2        |     |        | sum_17      | add | fabric | 0       |
|   grp_fu_3098_p1        |     |        | diff_17     | sub | fabric | 0       |
|   mul_32s_32s_32_1_1_U3 | 3   |        | mul_ln34_17 | mul | auto   | 0       |
|   mul_32s_32s_32_1_1_U4 | 3   |        | mul_ln35_17 | mul | auto   | 0       |
|   grp_fu_3103_p2        |     |        | sum_18      | add | fabric | 0       |
|   grp_fu_3086_p1        |     |        | diff_18     | sub | fabric | 0       |
|   mul_32s_32s_32_1_1_U1 | 3   |        | mul_ln34_18 | mul | auto   | 0       |
|   mul_32s_32s_32_1_1_U2 | 3   |        | mul_ln35_18 | mul | auto   | 0       |
|   grp_fu_3118_p2        |     |        | sum_19      | add | fabric | 0       |
|   grp_fu_3098_p1        |     |        | diff_19     | sub | fabric | 0       |
|   mul_32s_32s_32_1_1_U3 | 3   |        | mul_ln34_19 | mul | auto   | 0       |
|   mul_32s_32s_32_1_1_U4 | 3   |        | mul_ln35_19 | mul | auto   | 0       |
|   grp_fu_3103_p2        |     |        | sum_20      | add | fabric | 0       |
|   grp_fu_3086_p1        |     |        | diff_20     | sub | fabric | 0       |
|   mul_32s_32s_32_1_1_U1 | 3   |        | mul_ln34_20 | mul | auto   | 0       |
|   mul_32s_32s_32_1_1_U2 | 3   |        | mul_ln35_20 | mul | auto   | 0       |
|   grp_fu_3118_p2        |     |        | sum_21      | add | fabric | 0       |
|   grp_fu_3098_p1        |     |        | diff_21     | sub | fabric | 0       |
|   mul_32s_32s_32_1_1_U3 | 3   |        | mul_ln34_21 | mul | auto   | 0       |
|   mul_32s_32s_32_1_1_U4 | 3   |        | mul_ln35_21 | mul | auto   | 0       |
|   grp_fu_3103_p2        |     |        | sum_22      | add | fabric | 0       |
|   grp_fu_3086_p1        |     |        | diff_22     | sub | fabric | 0       |
|   mul_32s_32s_32_1_1_U1 | 3   |        | mul_ln34_22 | mul | auto   | 0       |
|   mul_32s_32s_32_1_1_U2 | 3   |        | mul_ln35_22 | mul | auto   | 0       |
|   grp_fu_3118_p2        |     |        | sum_23      | add | fabric | 0       |
|   grp_fu_3098_p1        |     |        | diff_23     | sub | fabric | 0       |
|   mul_32s_32s_32_1_1_U3 | 3   |        | mul_ln34_23 | mul | auto   | 0       |
|   mul_32s_32s_32_1_1_U4 | 3   |        | mul_ln35_23 | mul | auto   | 0       |
|   grp_fu_3103_p2        |     |        | sum_24      | add | fabric | 0       |
|   grp_fu_3086_p1        |     |        | diff_24     | sub | fabric | 0       |
|   mul_32s_32s_32_1_1_U1 | 3   |        | mul_ln34_24 | mul | auto   | 0       |
|   mul_32s_32s_32_1_1_U2 | 3   |        | mul_ln35_24 | mul | auto   | 0       |
|   grp_fu_3118_p2        |     |        | sum_25      | add | fabric | 0       |
|   grp_fu_3098_p1        |     |        | diff_25     | sub | fabric | 0       |
|   mul_32s_32s_32_1_1_U3 | 3   |        | mul_ln34_25 | mul | auto   | 0       |
|   mul_32s_32s_32_1_1_U4 | 3   |        | mul_ln35_25 | mul | auto   | 0       |
|   grp_fu_3103_p2        |     |        | sum_26      | add | fabric | 0       |
|   grp_fu_3086_p1        |     |        | diff_26     | sub | fabric | 0       |
|   mul_32s_32s_32_1_1_U1 | 3   |        | mul_ln34_26 | mul | auto   | 0       |
|   mul_32s_32s_32_1_1_U2 | 3   |        | mul_ln35_26 | mul | auto   | 0       |
|   grp_fu_3118_p2        |     |        | sum_27      | add | fabric | 0       |
|   grp_fu_3098_p1        |     |        | diff_27     | sub | fabric | 0       |
|   mul_32s_32s_32_1_1_U3 | 3   |        | mul_ln34_27 | mul | auto   | 0       |
|   mul_32s_32s_32_1_1_U4 | 3   |        | mul_ln35_27 | mul | auto   | 0       |
|   grp_fu_3103_p2        |     |        | sum_28      | add | fabric | 0       |
|   grp_fu_3086_p1        |     |        | diff_28     | sub | fabric | 0       |
|   mul_32s_32s_32_1_1_U1 | 3   |        | mul_ln34_28 | mul | auto   | 0       |
|   mul_32s_32s_32_1_1_U2 | 3   |        | mul_ln35_28 | mul | auto   | 0       |
|   grp_fu_3118_p2        |     |        | sum_29      | add | fabric | 0       |
|   grp_fu_3098_p1        |     |        | diff_29     | sub | fabric | 0       |
|   mul_32s_32s_32_1_1_U3 | 3   |        | mul_ln34_29 | mul | auto   | 0       |
|   mul_32s_32s_32_1_1_U4 | 3   |        | mul_ln35_29 | mul | auto   | 0       |
|   grp_fu_3103_p2        |     |        | sum_30      | add | fabric | 0       |
|   grp_fu_3086_p1        |     |        | diff_30     | sub | fabric | 0       |
|   mul_32s_32s_32_1_1_U1 | 3   |        | mul_ln34_30 | mul | auto   | 0       |
|   mul_32s_32s_32_1_1_U2 | 3   |        | mul_ln35_30 | mul | auto   | 0       |
|   grp_fu_3118_p2        |     |        | sum_31      | add | fabric | 0       |
|   grp_fu_3098_p1        |     |        | diff_31     | sub | fabric | 0       |
|   mul_32s_32s_32_1_1_U3 | 3   |        | mul_ln34_31 | mul | auto   | 0       |
|   mul_32s_32s_32_1_1_U4 | 3   |        | mul_ln35_31 | mul | auto   | 0       |
|   grp_fu_3103_p2        |     |        | sum_32      | add | fabric | 0       |
|   grp_fu_3086_p1        |     |        | diff_32     | sub | fabric | 0       |
|   mul_32s_32s_32_1_1_U1 | 3   |        | mul_ln34_32 | mul | auto   | 0       |
|   mul_32s_32s_32_1_1_U2 | 3   |        | mul_ln35_32 | mul | auto   | 0       |
|   grp_fu_3118_p2        |     |        | sum_33      | add | fabric | 0       |
|   grp_fu_3098_p1        |     |        | diff_33     | sub | fabric | 0       |
|   mul_32s_32s_32_1_1_U3 | 3   |        | mul_ln34_33 | mul | auto   | 0       |
|   mul_32s_32s_32_1_1_U4 | 3   |        | mul_ln35_33 | mul | auto   | 0       |
|   grp_fu_3103_p2        |     |        | sum_34      | add | fabric | 0       |
|   grp_fu_3086_p1        |     |        | diff_34     | sub | fabric | 0       |
|   mul_32s_32s_32_1_1_U1 | 3   |        | mul_ln34_34 | mul | auto   | 0       |
|   mul_32s_32s_32_1_1_U2 | 3   |        | mul_ln35_34 | mul | auto   | 0       |
|   grp_fu_3118_p2        |     |        | sum_35      | add | fabric | 0       |
|   grp_fu_3098_p1        |     |        | diff_35     | sub | fabric | 0       |
|   mul_32s_32s_32_1_1_U3 | 3   |        | mul_ln34_35 | mul | auto   | 0       |
|   mul_32s_32s_32_1_1_U4 | 3   |        | mul_ln35_35 | mul | auto   | 0       |
|   grp_fu_3103_p2        |     |        | sum_36      | add | fabric | 0       |
|   grp_fu_3086_p1        |     |        | diff_36     | sub | fabric | 0       |
|   mul_32s_32s_32_1_1_U1 | 3   |        | mul_ln34_36 | mul | auto   | 0       |
|   mul_32s_32s_32_1_1_U2 | 3   |        | mul_ln35_36 | mul | auto   | 0       |
|   grp_fu_3118_p2        |     |        | sum_37      | add | fabric | 0       |
|   grp_fu_3098_p1        |     |        | diff_37     | sub | fabric | 0       |
|   mul_32s_32s_32_1_1_U3 | 3   |        | mul_ln34_37 | mul | auto   | 0       |
|   mul_32s_32s_32_1_1_U4 | 3   |        | mul_ln35_37 | mul | auto   | 0       |
|   grp_fu_3103_p2        |     |        | sum_38      | add | fabric | 0       |
|   grp_fu_3086_p1        |     |        | diff_38     | sub | fabric | 0       |
|   mul_32s_32s_32_1_1_U1 | 3   |        | mul_ln34_38 | mul | auto   | 0       |
|   mul_32s_32s_32_1_1_U2 | 3   |        | mul_ln35_38 | mul | auto   | 0       |
|   grp_fu_3118_p2        |     |        | sum_39      | add | fabric | 0       |
|   grp_fu_3098_p1        |     |        | diff_39     | sub | fabric | 0       |
|   mul_32s_32s_32_1_1_U3 | 3   |        | mul_ln34_39 | mul | auto   | 0       |
|   mul_32s_32s_32_1_1_U4 | 3   |        | mul_ln35_39 | mul | auto   | 0       |
|   grp_fu_3103_p2        |     |        | sum_40      | add | fabric | 0       |
|   grp_fu_3086_p1        |     |        | diff_40     | sub | fabric | 0       |
|   mul_32s_32s_32_1_1_U1 | 3   |        | mul_ln34_40 | mul | auto   | 0       |
|   mul_32s_32s_32_1_1_U2 | 3   |        | mul_ln35_40 | mul | auto   | 0       |
|   grp_fu_3118_p2        |     |        | sum_41      | add | fabric | 0       |
|   grp_fu_3098_p1        |     |        | diff_41     | sub | fabric | 0       |
|   mul_32s_32s_32_1_1_U3 | 3   |        | mul_ln34_41 | mul | auto   | 0       |
|   mul_32s_32s_32_1_1_U4 | 3   |        | mul_ln35_41 | mul | auto   | 0       |
|   grp_fu_3103_p2        |     |        | sum_42      | add | fabric | 0       |
|   grp_fu_3086_p1        |     |        | diff_42     | sub | fabric | 0       |
|   mul_32s_32s_32_1_1_U1 | 3   |        | mul_ln34_42 | mul | auto   | 0       |
|   mul_32s_32s_32_1_1_U2 | 3   |        | mul_ln35_42 | mul | auto   | 0       |
|   grp_fu_3118_p2        |     |        | sum_43      | add | fabric | 0       |
|   grp_fu_3098_p1        |     |        | diff_43     | sub | fabric | 0       |
|   mul_32s_32s_32_1_1_U3 | 3   |        | mul_ln34_43 | mul | auto   | 0       |
|   mul_32s_32s_32_1_1_U4 | 3   |        | mul_ln35_43 | mul | auto   | 0       |
|   grp_fu_3103_p2        |     |        | sum_44      | add | fabric | 0       |
|   grp_fu_3086_p1        |     |        | diff_44     | sub | fabric | 0       |
|   mul_32s_32s_32_1_1_U1 | 3   |        | mul_ln34_44 | mul | auto   | 0       |
|   mul_32s_32s_32_1_1_U2 | 3   |        | mul_ln35_44 | mul | auto   | 0       |
|   grp_fu_3118_p2        |     |        | sum_45      | add | fabric | 0       |
|   grp_fu_3098_p1        |     |        | diff_45     | sub | fabric | 0       |
|   mul_32s_32s_32_1_1_U3 | 3   |        | mul_ln34_45 | mul | auto   | 0       |
|   mul_32s_32s_32_1_1_U4 | 3   |        | mul_ln35_45 | mul | auto   | 0       |
|   grp_fu_3103_p2        |     |        | sum_46      | add | fabric | 0       |
|   grp_fu_3086_p1        |     |        | diff_46     | sub | fabric | 0       |
|   mul_32s_32s_32_1_1_U1 | 3   |        | mul_ln34_46 | mul | auto   | 0       |
|   mul_32s_32s_32_1_1_U2 | 3   |        | mul_ln35_46 | mul | auto   | 0       |
|   grp_fu_3118_p2        |     |        | sum_47      | add | fabric | 0       |
|   grp_fu_3098_p1        |     |        | diff_47     | sub | fabric | 0       |
|   mul_32s_32s_32_1_1_U3 | 3   |        | mul_ln34_47 | mul | auto   | 0       |
|   mul_32s_32s_32_1_1_U4 | 3   |        | mul_ln35_47 | mul | auto   | 0       |
|   grp_fu_3103_p2        |     |        | sum_48      | add | fabric | 0       |
|   grp_fu_3086_p1        |     |        | diff_48     | sub | fabric | 0       |
|   mul_32s_32s_32_1_1_U1 | 3   |        | mul_ln34_48 | mul | auto   | 0       |
|   mul_32s_32s_32_1_1_U2 | 3   |        | mul_ln35_48 | mul | auto   | 0       |
|   grp_fu_3118_p2        |     |        | sum_49      | add | fabric | 0       |
|   grp_fu_3098_p1        |     |        | diff_49     | sub | fabric | 0       |
|   mul_32s_32s_32_1_1_U3 | 3   |        | mul_ln34_49 | mul | auto   | 0       |
|   mul_32s_32s_32_1_1_U4 | 3   |        | mul_ln35_49 | mul | auto   | 0       |
|   grp_fu_3103_p2        |     |        | sum_50      | add | fabric | 0       |
|   grp_fu_3086_p1        |     |        | diff_50     | sub | fabric | 0       |
|   mul_32s_32s_32_1_1_U1 | 3   |        | mul_ln34_50 | mul | auto   | 0       |
|   mul_32s_32s_32_1_1_U2 | 3   |        | mul_ln35_50 | mul | auto   | 0       |
|   grp_fu_3118_p2        |     |        | sum_51      | add | fabric | 0       |
|   grp_fu_3098_p1        |     |        | diff_51     | sub | fabric | 0       |
|   mul_32s_32s_32_1_1_U3 | 3   |        | mul_ln34_51 | mul | auto   | 0       |
|   mul_32s_32s_32_1_1_U4 | 3   |        | mul_ln35_51 | mul | auto   | 0       |
|   grp_fu_3103_p2        |     |        | sum_52      | add | fabric | 0       |
|   grp_fu_3086_p1        |     |        | diff_52     | sub | fabric | 0       |
|   mul_32s_32s_32_1_1_U1 | 3   |        | mul_ln34_52 | mul | auto   | 0       |
|   mul_32s_32s_32_1_1_U2 | 3   |        | mul_ln35_52 | mul | auto   | 0       |
|   grp_fu_3118_p2        |     |        | sum_53      | add | fabric | 0       |
|   grp_fu_3098_p1        |     |        | diff_53     | sub | fabric | 0       |
|   mul_32s_32s_32_1_1_U3 | 3   |        | mul_ln34_53 | mul | auto   | 0       |
|   mul_32s_32s_32_1_1_U4 | 3   |        | mul_ln35_53 | mul | auto   | 0       |
|   grp_fu_3103_p2        |     |        | sum_54      | add | fabric | 0       |
|   grp_fu_3086_p1        |     |        | diff_54     | sub | fabric | 0       |
|   mul_32s_32s_32_1_1_U1 | 3   |        | mul_ln34_54 | mul | auto   | 0       |
|   mul_32s_32s_32_1_1_U2 | 3   |        | mul_ln35_54 | mul | auto   | 0       |
|   grp_fu_3118_p2        |     |        | sum_55      | add | fabric | 0       |
|   grp_fu_3098_p1        |     |        | diff_55     | sub | fabric | 0       |
|   mul_32s_32s_32_1_1_U3 | 3   |        | mul_ln34_55 | mul | auto   | 0       |
|   mul_32s_32s_32_1_1_U4 | 3   |        | mul_ln35_55 | mul | auto   | 0       |
|   grp_fu_3103_p2        |     |        | sum_56      | add | fabric | 0       |
|   grp_fu_3086_p1        |     |        | diff_56     | sub | fabric | 0       |
|   mul_32s_32s_32_1_1_U1 | 3   |        | mul_ln34_56 | mul | auto   | 0       |
|   mul_32s_32s_32_1_1_U2 | 3   |        | mul_ln35_56 | mul | auto   | 0       |
|   grp_fu_3118_p2        |     |        | sum_57      | add | fabric | 0       |
|   grp_fu_3098_p1        |     |        | diff_57     | sub | fabric | 0       |
|   mul_32s_32s_32_1_1_U3 | 3   |        | mul_ln34_57 | mul | auto   | 0       |
|   mul_32s_32s_32_1_1_U4 | 3   |        | mul_ln35_57 | mul | auto   | 0       |
|   grp_fu_3103_p2        |     |        | sum_58      | add | fabric | 0       |
|   grp_fu_3086_p1        |     |        | diff_58     | sub | fabric | 0       |
|   mul_32s_32s_32_1_1_U1 | 3   |        | mul_ln34_58 | mul | auto   | 0       |
|   mul_32s_32s_32_1_1_U2 | 3   |        | mul_ln35_58 | mul | auto   | 0       |
|   grp_fu_3118_p2        |     |        | sum_59      | add | fabric | 0       |
|   grp_fu_3098_p1        |     |        | diff_59     | sub | fabric | 0       |
|   mul_32s_32s_32_1_1_U3 | 3   |        | mul_ln34_59 | mul | auto   | 0       |
|   mul_32s_32s_32_1_1_U4 | 3   |        | mul_ln35_59 | mul | auto   | 0       |
|   grp_fu_3103_p2        |     |        | sum_60      | add | fabric | 0       |
|   grp_fu_3086_p1        |     |        | diff_60     | sub | fabric | 0       |
|   mul_32s_32s_32_1_1_U1 | 3   |        | mul_ln34_60 | mul | auto   | 0       |
|   mul_32s_32s_32_1_1_U2 | 3   |        | mul_ln35_60 | mul | auto   | 0       |
|   grp_fu_3118_p2        |     |        | sum_61      | add | fabric | 0       |
|   grp_fu_3098_p1        |     |        | diff_61     | sub | fabric | 0       |
|   mul_32s_32s_32_1_1_U3 | 3   |        | mul_ln34_61 | mul | auto   | 0       |
|   mul_32s_32s_32_1_1_U4 | 3   |        | mul_ln35_61 | mul | auto   | 0       |
|   grp_fu_3103_p2        |     |        | sum_62      | add | fabric | 0       |
|   grp_fu_3086_p1        |     |        | diff_62     | sub | fabric | 0       |
|   mul_32s_32s_32_1_1_U1 | 3   |        | mul_ln34_62 | mul | auto   | 0       |
|   mul_32s_32s_32_1_1_U2 | 3   |        | mul_ln35_62 | mul | auto   | 0       |
|   grp_fu_3118_p2        |     |        | sum_63      | add | fabric | 0       |
|   grp_fu_3098_p1        |     |        | diff_63     | sub | fabric | 0       |
|   mul_32s_32s_32_1_1_U3 | 3   |        | mul_ln34_63 | mul | auto   | 0       |
|   mul_32s_32s_32_1_1_U4 | 3   |        | mul_ln35_63 | mul | auto   | 0       |
+-------------------------+-----+--------+-------------+-----+--------+---------+


================================================================
== Storage Report
================================================================
  No bind storage info in design

================================================================
== Pragma Report
================================================================
* Valid Pragma Syntax
+-----------------+---------------------------+--------------------------------------------+
| Type            | Options                   | Location                                   |
+-----------------+---------------------------+--------------------------------------------+
| unroll          |                           | q5_kernel.cpp:29 in q5_unroll              |
| array_partition | variable=A complete dim=1 | q5_kernel.cpp:46 in q5_partition_unroll, A |
| array_partition | variable=B complete dim=1 | q5_kernel.cpp:47 in q5_partition_unroll, B |
| array_partition | variable=C complete dim=1 | q5_kernel.cpp:48 in q5_partition_unroll, C |
| array_partition | variable=D complete dim=1 | q5_kernel.cpp:49 in q5_partition_unroll, D |
| array_partition | variable=E complete dim=1 | q5_kernel.cpp:50 in q5_partition_unroll, E |
| unroll          |                           | q5_kernel.cpp:52 in q5_partition_unroll    |
+-----------------+---------------------------+--------------------------------------------+


