

================================================================
== Synthesis Summary Report of 'matrix_add'
================================================================
+ General Information: 
    * Date:           Sat May  2 23:34:03 2026
    * Version:        2024.1 (Build 5069499 on May 21 2024)
    * Project:        hw1_matrix_add
    * Solution:       solution1 (Vivado IP Flow Target)
    * Product family: virtexuplus
    * Target device:  xcvu13p-fsga2577-2-e
    

+ Performance & Resource Estimates: 
    
    PS: '+' for module; 'o' for loop; '*' for dataflow
    +------------------------------------+------+-------+---------+-----------+----------+---------+------+----------+------+----+----------+-----------+-----+
    |               Modules              | Issue|       | Latency |  Latency  | Iteration|         | Trip |          |      |    |          |           |     |
    |               & Loops              | Type | Slack | (cycles)|    (ns)   |  Latency | Interval| Count| Pipelined| BRAM | DSP|    FF    |    LUT    | URAM|
    +------------------------------------+------+-------+---------+-----------+----------+---------+------+----------+------+----+----------+-----------+-----+
    |+ matrix_add                        |    II|  15.48|      102|  2.550e+03|         -|      100|     -|    rewind|     -|   -|  28 (~0%)|  230 (~0%)|    -|
    | o VITIS_LOOP_19_1_VITIS_LOOP_20_2  |     -|  18.25|      100|  2.500e+03|         2|        1|   100|       yes|     -|   -|         -|          -|    -|
    +------------------------------------+------+-------+---------+-----------+----------+---------+------+----------+------+----+----------+-----------+-----+


================================================================
== HW Interfaces
================================================================
* AP_MEMORY
+------------+-----------+----------+
| Port       | Direction | Bitwidth |
+------------+-----------+----------+
| A_address0 | out       | 7        |
| A_q0       | in        | 32       |
| B_address0 | out       | 7        |
| B_q0       | in        | 32       |
| C_address0 | out       | 7        |
| C_d0       | out       | 32       |
+------------+-----------+----------+

* TOP LEVEL CONTROL
+-----------+------------+-----------------------------------+
| Interface | Type       | Ports                             |
+-----------+------------+-----------------------------------+
| ap_clk    | clock      | ap_clk                            |
| ap_rst    | reset      | ap_rst                            |
| ap_ctrl   | ap_ctrl_hs | ap_done ap_idle ap_ready ap_start |
+-----------+------------+-----------------------------------+


================================================================
== SW I/O Information
================================================================
* Top Function Arguments
+----------+-----------+----------+
| Argument | Direction | Datatype |
+----------+-----------+----------+
| A        | in        | int*     |
| B        | in        | int*     |
| C        | out       | int*     |
+----------+-----------+----------+

* SW-to-HW Mapping
+----------+--------------+---------+----------+
| Argument | HW Interface | HW Type | HW Usage |
+----------+--------------+---------+----------+
| A        | A_address0   | port    | offset   |
| A        | A_ce0        | port    |          |
| A        | A_q0         | port    |          |
| B        | B_address0   | port    | offset   |
| B        | B_ce0        | port    |          |
| B        | B_q0         | port    |          |
| C        | C_address0   | port    | offset   |
| C        | C_ce0        | port    |          |
| C        | C_we0        | port    |          |
| C        | C_d0         | port    |          |
+----------+--------------+---------+----------+


================================================================
== Bind Op Report
================================================================
+-------------------------+-----+--------+-------------+--------+----------+---------+
| Name                    | DSP | Pragma | Variable    | Op     | Impl     | Latency |
+-------------------------+-----+--------+-------------+--------+----------+---------+
| + matrix_add            | 0   |        |             |        |          |         |
|   add_ln19_fu_141_p2    |     |        | add_ln19    | add    | fabric   | 0       |
|   select_ln19_fu_147_p3 |     |        | select_ln19 | select | auto_sel | 0       |
|   i_fu_155_p3           |     |        | i           | select | auto_sel | 0       |
|   add_ln21_fu_244_p2    |     |        | add_ln21    | add    | fabric   | 0       |
|   j_fu_205_p2           |     |        | j           | add    | fabric   | 0       |
|   add_ln19_1_fu_211_p2  |     |        | add_ln19_1  | add    | fabric   | 0       |
|   icmp_ln20_fu_217_p2   |     |        | icmp_ln20   | seteq  | auto     | 0       |
|   icmp_ln19_fu_223_p2   |     |        | icmp_ln19   | seteq  | auto     | 0       |
+-------------------------+-----+--------+-------------+--------+----------+---------+


================================================================
== Storage Report
================================================================
  No bind storage info in design

================================================================
== Pragma Report
================================================================
* Valid Pragma Syntax
+----------+---------+-----------------------------+
| Type     | Options | Location                    |
+----------+---------+-----------------------------+
| pipeline | II=1    | hw1_ops.cpp:6 in vector_add |
+----------+---------+-----------------------------+


