

================================================================
== Vitis HLS Report for 'sorter_Pipeline_VITIS_LOOP_6_2'
================================================================
* Date:           Sat May  2 23:58:33 2026

* Version:        2024.1 (Build 5069499 on May 21 2024)
* Project:        hw2_q2_sorter
* Solution:       solution1 (Vivado IP Flow Target)
* Product family: virtexuplus
* Target device:  xcvu13p-fsga2577-2-e


================================================================
== Performance Estimates
================================================================
+ Timing: 
    * Summary: 
    +--------+----------+----------+------------+
    |  Clock |  Target  | Estimated| Uncertainty|
    +--------+----------+----------+------------+
    |ap_clk  |  25.00 ns|  2.278 ns|     6.75 ns|
    +--------+----------+----------+------------+

+ Latency: 
    * Summary: 
    +---------+---------+----------+----------+-----+-----+-----------------------------------------------+
    |  Latency (cycles) |  Latency (absolute) |  Interval |                    Pipeline                   |
    |   min   |   max   |    min   |    max   | min | max |                      Type                     |
    +---------+---------+----------+----------+-----+-----+-----------------------------------------------+
    |        4|       32|  0.100 us|  0.800 us|    3|   31|  loop auto-rewind stp(delay=0 clock cycles(s))|
    +---------+---------+----------+----------+-----+-----+-----------------------------------------------+

    + Detail: 
        * Instance: 
        N/A

        * Loop: 
        +------------------+---------+---------+----------+-----------+-----------+--------+----------+
        |                  |  Latency (cycles) | Iteration|  Initiation Interval  |  Trip  |          |
        |     Loop Name    |   min   |   max   |  Latency |  achieved |   target  |  Count | Pipelined|
        +------------------+---------+---------+----------+-----------+-----------+--------+----------+
        |- VITIS_LOOP_6_2  |        2|       30|         2|          2|          1|  1 ~ 15|       yes|
        +------------------+---------+---------+----------+-----------+-----------+--------+----------+



================================================================
== Utilization Estimates
================================================================
* Summary: 
+---------------------+---------+-------+---------+---------+------+
|         Name        | BRAM_18K|  DSP  |    FF   |   LUT   | URAM |
+---------------------+---------+-------+---------+---------+------+
|DSP                  |        -|      -|        -|        -|     -|
|Expression           |        -|      -|        0|       63|     -|
|FIFO                 |        -|      -|        -|        -|     -|
|Instance             |        -|      -|        -|        -|     -|
|Memory               |        -|      -|        -|        -|     -|
|Multiplexer          |        -|      -|        0|       69|     -|
|Register             |        -|      -|       19|        -|     -|
+---------------------+---------+-------+---------+---------+------+
|Total                |        0|      0|       19|      132|     0|
+---------------------+---------+-------+---------+---------+------+
|Available SLR        |     1344|   3072|   864000|   432000|   320|
+---------------------+---------+-------+---------+---------+------+
|Utilization SLR (%)  |        0|      0|       ~0|       ~0|     0|
+---------------------+---------+-------+---------+---------+------+
|Available            |     5376|  12288|  3456000|  1728000|  1280|
+---------------------+---------+-------+---------+---------+------+
|Utilization (%)      |        0|      0|       ~0|       ~0|     0|
+---------------------+---------+-------+---------+---------+------+

+ Detail: 
    * Instance: 
    N/A

    * DSP: 
    N/A

    * Memory: 
    N/A

    * FIFO: 
    N/A

    * Expression: 
    +--------------------+----------+----+---+----+------------+------------+
    |    Variable Name   | Operation| DSP| FF| LUT| Bitwidth P0| Bitwidth P1|
    +--------------------+----------+----+---+----+------------+------------+
    |add_ln7_fu_89_p2    |         +|   0|  0|  12|           4|           1|
    |icmp_ln6_fu_83_p2   |      icmp|   0|  0|  12|           4|           4|
    |icmp_ln7_fu_105_p2  |      icmp|   0|  0|  39|          32|          32|
    +--------------------+----------+----+---+----+------------+------------+
    |Total               |          |   0|  0|  63|          40|          37|
    +--------------------+----------+----+---+----+------------+------------+

    * Multiplexer: 
    +----------------------+----+-----------+-----+-----------+
    |         Name         | LUT| Input Size| Bits| Total Bits|
    +----------------------+----+-----------+-----+-----------+
    |a_address0_local      |  14|          3|    4|         12|
    |a_address1_local      |  14|          3|    4|         12|
    |ap_NS_fsm             |  14|          3|    1|          3|
    |ap_done_int           |   9|          2|    1|          2|
    |ap_sig_allocacmp_j_1  |   9|          2|    4|          8|
    |j_fu_38               |   9|          2|    4|          8|
    +----------------------+----+-----------+-----+-----------+
    |Total                 |  69|         15|   18|         45|
    +----------------------+----+-----------+-----+-----------+

    * Register: 
    +------------------+---+----+-----+-----------+
    |       Name       | FF| LUT| Bits| Const Bits|
    +------------------+---+----+-----+-----------+
    |a_addr_1_reg_135  |  4|   0|    4|          0|
    |a_addr_reg_130    |  4|   0|    4|          0|
    |add_ln7_reg_125   |  4|   0|    4|          0|
    |ap_CS_fsm         |  2|   0|    2|          0|
    |ap_done_reg       |  1|   0|    1|          0|
    |j_fu_38           |  4|   0|    4|          0|
    +------------------+---+----+-----+-----------+
    |Total             | 19|   0|   19|          0|
    +------------------+---+----+-----+-----------+



================================================================
== Interface
================================================================
* Summary: 
+-------------+-----+-----+------------+--------------------------------+--------------+
|  RTL Ports  | Dir | Bits|  Protocol  |          Source Object         |    C Type    |
+-------------+-----+-----+------------+--------------------------------+--------------+
|ap_clk       |   in|    1|  ap_ctrl_hs|  sorter_Pipeline_VITIS_LOOP_6_2|  return value|
|ap_rst       |   in|    1|  ap_ctrl_hs|  sorter_Pipeline_VITIS_LOOP_6_2|  return value|
|ap_start     |   in|    1|  ap_ctrl_hs|  sorter_Pipeline_VITIS_LOOP_6_2|  return value|
|ap_done      |  out|    1|  ap_ctrl_hs|  sorter_Pipeline_VITIS_LOOP_6_2|  return value|
|ap_idle      |  out|    1|  ap_ctrl_hs|  sorter_Pipeline_VITIS_LOOP_6_2|  return value|
|ap_ready     |  out|    1|  ap_ctrl_hs|  sorter_Pipeline_VITIS_LOOP_6_2|  return value|
|indvars_iv6  |   in|    4|     ap_none|                     indvars_iv6|        scalar|
|a_address0   |  out|    4|   ap_memory|                               a|         array|
|a_ce0        |  out|    1|   ap_memory|                               a|         array|
|a_we0        |  out|    1|   ap_memory|                               a|         array|
|a_d0         |  out|   32|   ap_memory|                               a|         array|
|a_q0         |   in|   32|   ap_memory|                               a|         array|
|a_address1   |  out|    4|   ap_memory|                               a|         array|
|a_ce1        |  out|    1|   ap_memory|                               a|         array|
|a_we1        |  out|    1|   ap_memory|                               a|         array|
|a_d1         |  out|   32|   ap_memory|                               a|         array|
|a_q1         |   in|   32|   ap_memory|                               a|         array|
+-------------+-----+-----+------------+--------------------------------+--------------+

============================================================
+ Verbose Summary: Synthesis Manager
============================================================
InlineROM: 1
ExposeGlobal: 0
============================================================
+ Verbose Summary: CDFG Model
============================================================
IsTopModel: 0
ResetActiveHigh: 1
IsCombinational: 2
IsDatapathOnly: 2
HasWiredReturn: 1
HasMFsm: 2
HasVarLatency: 1
IsPipeline: 0
IsRtlPipelined: 0
IsInstanceOverlapped: 0
IsDontTouch: 0
HasImplIP: 0
IsGatedGlobalClock: 0

+ Individual pipeline summary: 
  * Pipeline-0: initiation interval (II) = 2, depth = 2


============================================================
+ Verbose Summary: Schedule
============================================================
* Number of FSM states : 2
* Pipeline : 1
  Pipeline-0 : II = 2, D = 2, States = { 1 2 }
* Dataflow Pipeline: 0

* FSM state transitions: 
1 --> 2 
2 --> 

* FSM state operations: 

State 1 <SV = 0> <Delay = 1.79>
ST_1 : Operation 5 [1/1] (0.00ns)   --->   "%j = alloca i32 1" [sorter.cpp:6]   --->   Operation 5 'alloca' 'j' <Predicate = true> <Delay = 0.00>
ST_1 : Operation 6 [1/1] (0.00ns)   --->   "%specinterface_ln0 = specinterface void @_ssdm_op_SpecInterface, i32 %a, void @empty, i32 0, i32 0, void @empty_0, i32 4294967295, i32 0, void @empty_0, void @empty_0, void @empty_0, i32 0, i32 0, i32 0, i32 0, void @empty_0, void @empty_0, i32 4294967295, i32 0, i32 0"   --->   Operation 6 'specinterface' 'specinterface_ln0' <Predicate = true> <Delay = 0.00>
ST_1 : Operation 7 [1/1] (0.00ns)   --->   "%indvars_iv6_read = read i4 @_ssdm_op_Read.ap_auto.i4, i4 %indvars_iv6"   --->   Operation 7 'read' 'indvars_iv6_read' <Predicate = true> <Delay = 0.00>
ST_1 : Operation 8 [1/1] (0.38ns)   --->   "%store_ln6 = store i4 0, i4 %j" [sorter.cpp:6]   --->   Operation 8 'store' 'store_ln6' <Predicate = true> <Delay = 0.38>
ST_1 : Operation 9 [1/1] (0.00ns)   --->   "%br_ln0 = br void %for.body5"   --->   Operation 9 'br' 'br_ln0' <Predicate = true> <Delay = 0.00>
ST_1 : Operation 10 [1/1] (0.00ns)   --->   "%j_1 = load i4 %j" [sorter.cpp:7]   --->   Operation 10 'load' 'j_1' <Predicate = true> <Delay = 0.00>
ST_1 : Operation 11 [1/1] (0.70ns)   --->   "%icmp_ln6 = icmp_eq  i4 %j_1, i4 %indvars_iv6_read" [sorter.cpp:6]   --->   Operation 11 'icmp' 'icmp_ln6' <Predicate = true> <Delay = 0.70> <CoreInst = "Cmp">   --->   Core 9 'Cmp' <Latency = 0> <II = 1> <Delay = 0.70> <FuncUnit> <Opcode : 'seteq' 'setne' 'setle' 'setge' 'setlt' 'setgt'> <InPorts = 2> <OutPorts = 1>
ST_1 : Operation 12 [1/1] (0.70ns)   --->   "%add_ln7 = add i4 %j_1, i4 1" [sorter.cpp:7]   --->   Operation 12 'add' 'add_ln7' <Predicate = true> <Delay = 0.70> <CoreInst = "Adder">   --->   Core 1 'Adder' <Latency = 0> <II = 1> <Delay = 0.70> <FuncUnit> <Opcode : 'add' 'sub'> <InPorts = 2> <OutPorts = 1>
ST_1 : Operation 13 [1/1] (0.00ns)   --->   "%br_ln6 = br i1 %icmp_ln6, void %for.body5.split, void %for.inc19.exitStub" [sorter.cpp:6]   --->   Operation 13 'br' 'br_ln6' <Predicate = true> <Delay = 0.00>
ST_1 : Operation 14 [1/1] (0.00ns)   --->   "%zext_ln6 = zext i4 %j_1" [sorter.cpp:6]   --->   Operation 14 'zext' 'zext_ln6' <Predicate = (!icmp_ln6)> <Delay = 0.00>
ST_1 : Operation 15 [1/1] (0.00ns)   --->   "%a_addr = getelementptr i32 %a, i64 0, i64 %zext_ln6" [sorter.cpp:7]   --->   Operation 15 'getelementptr' 'a_addr' <Predicate = (!icmp_ln6)> <Delay = 0.00>
ST_1 : Operation 16 [2/2] (0.69ns)   --->   "%temp = load i4 %a_addr" [sorter.cpp:7]   --->   Operation 16 'load' 'temp' <Predicate = (!icmp_ln6)> <Delay = 0.69> <CoreInst = "RAM">   --->   Core 82 'RAM' <Latency = 1> <II = 1> <Delay = 0.69> <Storage> <Opcode : 'load' 'store'> <Ports = 2> <Width = 32> <Depth = 16> <RAM>
ST_1 : Operation 17 [1/1] (0.00ns)   --->   "%zext_ln7 = zext i4 %add_ln7" [sorter.cpp:7]   --->   Operation 17 'zext' 'zext_ln7' <Predicate = (!icmp_ln6)> <Delay = 0.00>
ST_1 : Operation 18 [1/1] (0.00ns)   --->   "%a_addr_1 = getelementptr i32 %a, i64 0, i64 %zext_ln7" [sorter.cpp:7]   --->   Operation 18 'getelementptr' 'a_addr_1' <Predicate = (!icmp_ln6)> <Delay = 0.00>
ST_1 : Operation 19 [2/2] (0.69ns)   --->   "%a_load_1 = load i4 %a_addr_1" [sorter.cpp:7]   --->   Operation 19 'load' 'a_load_1' <Predicate = (!icmp_ln6)> <Delay = 0.69> <CoreInst = "RAM">   --->   Core 82 'RAM' <Latency = 1> <II = 1> <Delay = 0.69> <Storage> <Opcode : 'load' 'store'> <Ports = 2> <Width = 32> <Depth = 16> <RAM>
ST_1 : Operation 32 [1/1] (0.38ns)   --->   "%ret_ln0 = ret"   --->   Operation 32 'ret' 'ret_ln0' <Predicate = (icmp_ln6)> <Delay = 0.38>

State 2 <SV = 1> <Delay = 2.27>
ST_2 : Operation 20 [1/1] (0.00ns)   --->   "%specpipeline_ln6 = specpipeline void @_ssdm_op_SpecPipeline, i32 4294967295, i32 0, i32 0, i32 0, void @empty_0" [sorter.cpp:6]   --->   Operation 20 'specpipeline' 'specpipeline_ln6' <Predicate = true> <Delay = 0.00>
ST_2 : Operation 21 [1/1] (0.00ns)   --->   "%speclooptripcount_ln6 = speclooptripcount void @_ssdm_op_SpecLoopTripCount, i64 1, i64 15, i64 8" [sorter.cpp:6]   --->   Operation 21 'speclooptripcount' 'speclooptripcount_ln6' <Predicate = true> <Delay = 0.00>
ST_2 : Operation 22 [1/1] (0.00ns)   --->   "%specloopname_ln6 = specloopname void @_ssdm_op_SpecLoopName, void @empty_2" [sorter.cpp:6]   --->   Operation 22 'specloopname' 'specloopname_ln6' <Predicate = true> <Delay = 0.00>
ST_2 : Operation 23 [1/2] (0.69ns)   --->   "%temp = load i4 %a_addr" [sorter.cpp:7]   --->   Operation 23 'load' 'temp' <Predicate = true> <Delay = 0.69> <CoreInst = "RAM">   --->   Core 82 'RAM' <Latency = 1> <II = 1> <Delay = 0.69> <Storage> <Opcode : 'load' 'store'> <Ports = 2> <Width = 32> <Depth = 16> <RAM>
ST_2 : Operation 24 [1/2] (0.69ns)   --->   "%a_load_1 = load i4 %a_addr_1" [sorter.cpp:7]   --->   Operation 24 'load' 'a_load_1' <Predicate = true> <Delay = 0.69> <CoreInst = "RAM">   --->   Core 82 'RAM' <Latency = 1> <II = 1> <Delay = 0.69> <Storage> <Opcode : 'load' 'store'> <Ports = 2> <Width = 32> <Depth = 16> <RAM>
ST_2 : Operation 25 [1/1] (0.88ns)   --->   "%icmp_ln7 = icmp_sgt  i32 %temp, i32 %a_load_1" [sorter.cpp:7]   --->   Operation 25 'icmp' 'icmp_ln7' <Predicate = true> <Delay = 0.88> <CoreInst = "Cmp">   --->   Core 9 'Cmp' <Latency = 0> <II = 1> <Delay = 0.88> <FuncUnit> <Opcode : 'seteq' 'setne' 'setle' 'setge' 'setlt' 'setgt'> <InPorts = 2> <OutPorts = 1>
ST_2 : Operation 26 [1/1] (0.00ns)   --->   "%br_ln7 = br i1 %icmp_ln7, void %for.inc, void %if.then" [sorter.cpp:7]   --->   Operation 26 'br' 'br_ln7' <Predicate = true> <Delay = 0.00>
ST_2 : Operation 27 [1/1] (0.69ns)   --->   "%store_ln9 = store i32 %a_load_1, i4 %a_addr" [sorter.cpp:9]   --->   Operation 27 'store' 'store_ln9' <Predicate = (icmp_ln7)> <Delay = 0.69> <CoreInst = "RAM">   --->   Core 82 'RAM' <Latency = 1> <II = 1> <Delay = 0.69> <Storage> <Opcode : 'load' 'store'> <Ports = 2> <Width = 32> <Depth = 16> <RAM>
ST_2 : Operation 28 [1/1] (0.69ns)   --->   "%store_ln10 = store i32 %temp, i4 %a_addr_1" [sorter.cpp:10]   --->   Operation 28 'store' 'store_ln10' <Predicate = (icmp_ln7)> <Delay = 0.69> <CoreInst = "RAM">   --->   Core 82 'RAM' <Latency = 1> <II = 1> <Delay = 0.69> <Storage> <Opcode : 'load' 'store'> <Ports = 2> <Width = 32> <Depth = 16> <RAM>
ST_2 : Operation 29 [1/1] (0.00ns)   --->   "%br_ln11 = br void %for.inc" [sorter.cpp:11]   --->   Operation 29 'br' 'br_ln11' <Predicate = (icmp_ln7)> <Delay = 0.00>
ST_2 : Operation 30 [1/1] (0.38ns)   --->   "%store_ln6 = store i4 %add_ln7, i4 %j" [sorter.cpp:6]   --->   Operation 30 'store' 'store_ln6' <Predicate = true> <Delay = 0.38>
ST_2 : Operation 31 [1/1] (0.00ns)   --->   "%br_ln6 = br void %for.body5" [sorter.cpp:6]   --->   Operation 31 'br' 'br_ln6' <Predicate = true> <Delay = 0.00>


============================================================
+ Verbose Summary: Binding
============================================================
STG Binding: 
---------------- STG Properties BEGIN ----------------
- Is combinational: 0
- Is one-state seq: 0
- Is datapath-only: 0
- Is pipelined: 0
- Is top level: 0
Port [ Return ] is wired: 1; IO mode=ap_ctrl_hs:ce=0
Port [ indvars_iv6]:  wired=1; compound=0; hidden=0; nouse=0; global=0; static=0; extern=0; dir=0; type=0; pingpong=0; private_global=0; IO mode=ap_none:ce=0
Port [ a]:  wired=1; compound=1; hidden=0; nouse=0; global=0; static=0; extern=0; dir=2; type=1; pingpong=0; private_global=0; MemPort=[22]; IO mode=ap_memory:ce=0
---------------- STG Properties END ------------------

---------------- Datapath Model BEGIN ----------------

<LifeTime>
<method=bitvector/>
j                     (alloca           ) [ 011]
specinterface_ln0     (specinterface    ) [ 000]
indvars_iv6_read      (read             ) [ 000]
store_ln6             (store            ) [ 000]
br_ln0                (br               ) [ 000]
j_1                   (load             ) [ 000]
icmp_ln6              (icmp             ) [ 010]
add_ln7               (add              ) [ 001]
br_ln6                (br               ) [ 000]
zext_ln6              (zext             ) [ 000]
a_addr                (getelementptr    ) [ 001]
zext_ln7              (zext             ) [ 000]
a_addr_1              (getelementptr    ) [ 001]
specpipeline_ln6      (specpipeline     ) [ 000]
speclooptripcount_ln6 (speclooptripcount) [ 000]
specloopname_ln6      (specloopname     ) [ 000]
temp                  (load             ) [ 000]
a_load_1              (load             ) [ 000]
icmp_ln7              (icmp             ) [ 001]
br_ln7                (br               ) [ 000]
store_ln9             (store            ) [ 000]
store_ln10            (store            ) [ 000]
br_ln11               (br               ) [ 000]
store_ln6             (store            ) [ 000]
br_ln6                (br               ) [ 000]
ret_ln0               (ret              ) [ 000]
</LifeTime>

<model>

<comp_list>
<comp id="0" class="1000" name="indvars_iv6">
<pin_list>
<pin id="1" dir="1" index="0" bw="1" slack="0"/>
</pin_list>
<bind>
<StgValue><ssdm name="indvars_iv6"/></StgValue>
</bind>
</comp>

<comp id="2" class="1000" name="a">
<pin_list>
<pin id="3" dir="1" index="0" bw="1" slack="0"/>
</pin_list>
<bind>
<StgValue><ssdm name="a"/><MemPortTyVec>2 2 </MemPortTyVec>
</StgValue>
</bind>
</comp>

<comp id="4" class="1001" name="const_4">
<pin_list>
<pin id="5" dir="1" index="0" bw="1" slack="0"/>
</pin_list>
<bind>
<StgValue><ssdm name=""/></StgValue>
</bind>
</comp>

<comp id="6" class="1001" name="const_6">
<pin_list>
<pin id="7" dir="1" index="0" bw="1" slack="2147483647"/>
</pin_list>
<bind>
<StgValue><ssdm name="_ssdm_op_SpecInterface"/></StgValue>
</bind>
</comp>

<comp id="8" class="1001" name="const_8">
<pin_list>
<pin id="9" dir="1" index="0" bw="1" slack="2147483647"/>
</pin_list>
<bind>
<StgValue><ssdm name="empty"/></StgValue>
</bind>
</comp>

<comp id="10" class="1001" name="const_10">
<pin_list>
<pin id="11" dir="1" index="0" bw="1" slack="2147483647"/>
</pin_list>
<bind>
<StgValue><ssdm name=""/></StgValue>
</bind>
</comp>

<comp id="12" class="1001" name="const_12">
<pin_list>
<pin id="13" dir="1" index="0" bw="1" slack="2147483647"/>
</pin_list>
<bind>
<StgValue><ssdm name="empty_0"/></StgValue>
</bind>
</comp>

<comp id="14" class="1001" name="const_14">
<pin_list>
<pin id="15" dir="1" index="0" bw="1" slack="2147483647"/>
</pin_list>
<bind>
<StgValue><ssdm name=""/></StgValue>
</bind>
</comp>

<comp id="16" class="1001" name="const_16">
<pin_list>
<pin id="17" dir="1" index="0" bw="1" slack="0"/>
</pin_list>
<bind>
<StgValue><ssdm name="_ssdm_op_Read.ap_auto.i4"/></StgValue>
</bind>
</comp>

<comp id="18" class="1001" name="const_18">
<pin_list>
<pin id="19" dir="1" index="0" bw="1" slack="0"/>
</pin_list>
<bind>
<StgValue><ssdm name=""/></StgValue>
</bind>
</comp>

<comp id="20" class="1001" name="const_20">
<pin_list>
<pin id="21" dir="1" index="0" bw="1" slack="0"/>
</pin_list>
<bind>
<StgValue><ssdm name=""/></StgValue>
</bind>
</comp>

<comp id="22" class="1001" name="const_22">
<pin_list>
<pin id="23" dir="1" index="0" bw="1" slack="0"/>
</pin_list>
<bind>
<StgValue><ssdm name=""/></StgValue>
</bind>
</comp>

<comp id="24" class="1001" name="const_24">
<pin_list>
<pin id="25" dir="1" index="0" bw="1" slack="2147483647"/>
</pin_list>
<bind>
<StgValue><ssdm name="_ssdm_op_SpecPipeline"/></StgValue>
</bind>
</comp>

<comp id="26" class="1001" name="const_26">
<pin_list>
<pin id="27" dir="1" index="0" bw="1" slack="2147483647"/>
</pin_list>
<bind>
<StgValue><ssdm name="_ssdm_op_SpecLoopTripCount"/></StgValue>
</bind>
</comp>

<comp id="28" class="1001" name="const_28">
<pin_list>
<pin id="29" dir="1" index="0" bw="1" slack="2147483647"/>
</pin_list>
<bind>
<StgValue><ssdm name=""/></StgValue>
</bind>
</comp>

<comp id="30" class="1001" name="const_30">
<pin_list>
<pin id="31" dir="1" index="0" bw="1" slack="2147483647"/>
</pin_list>
<bind>
<StgValue><ssdm name=""/></StgValue>
</bind>
</comp>

<comp id="32" class="1001" name="const_32">
<pin_list>
<pin id="33" dir="1" index="0" bw="1" slack="2147483647"/>
</pin_list>
<bind>
<StgValue><ssdm name=""/></StgValue>
</bind>
</comp>

<comp id="34" class="1001" name="const_34">
<pin_list>
<pin id="35" dir="1" index="0" bw="1" slack="2147483647"/>
</pin_list>
<bind>
<StgValue><ssdm name="_ssdm_op_SpecLoopName"/></StgValue>
</bind>
</comp>

<comp id="36" class="1001" name="const_36">
<pin_list>
<pin id="37" dir="1" index="0" bw="1" slack="2147483647"/>
</pin_list>
<bind>
<StgValue><ssdm name="empty_2"/></StgValue>
</bind>
</comp>

<comp id="38" class="1004" name="j_fu_38">
<pin_list>
<pin id="39" dir="0" index="0" bw="1" slack="0"/>
<pin id="40" dir="1" index="1" bw="4" slack="0"/>
</pin_list>
<bind>
<opcode="alloca(26) " fcode="alloca"/>
<opset="j/1 "/>
</bind>
</comp>

<comp id="42" class="1004" name="indvars_iv6_read_read_fu_42">
<pin_list>
<pin id="43" dir="0" index="0" bw="4" slack="0"/>
<pin id="44" dir="0" index="1" bw="4" slack="0"/>
<pin id="45" dir="1" index="2" bw="4" slack="0"/>
</pin_list>
<bind>
<opcode="read(1150) " fcode="read"/>
<opset="indvars_iv6_read/1 "/>
</bind>
</comp>

<comp id="48" class="1004" name="a_addr_gep_fu_48">
<pin_list>
<pin id="49" dir="0" index="0" bw="32" slack="0"/>
<pin id="50" dir="0" index="1" bw="1" slack="0"/>
<pin id="51" dir="0" index="2" bw="4" slack="0"/>
<pin id="52" dir="1" index="3" bw="4" slack="0"/>
</pin_list>
<bind>
<opcode="getelementptr(29) " fcode="getelementptr"/>
<opset="a_addr/1 "/>
</bind>
</comp>

<comp id="55" class="1004" name="grp_access_fu_55">
<pin_list>
<pin id="56" dir="0" index="0" bw="4" slack="0"/>
<pin id="57" dir="0" index="1" bw="32" slack="0"/>
<pin id="58" dir="0" index="2" bw="0" slack="0"/>
<pin id="60" dir="0" index="4" bw="4" slack="0"/>
<pin id="61" dir="0" index="5" bw="32" slack="2147483647"/>
<pin id="62" dir="0" index="6" bw="0" slack="2147483647"/>
<pin id="59" dir="1" index="3" bw="32" slack="0"/>
<pin id="63" dir="1" index="7" bw="32" slack="0"/>
</pin_list>
<bind>
<opcode="load(27) store(28) " fcode="store"/>
<opset="temp/1 a_load_1/1 store_ln9/2 store_ln10/2 "/>
</bind>
</comp>

<comp id="65" class="1004" name="a_addr_1_gep_fu_65">
<pin_list>
<pin id="66" dir="0" index="0" bw="32" slack="0"/>
<pin id="67" dir="0" index="1" bw="1" slack="0"/>
<pin id="68" dir="0" index="2" bw="4" slack="0"/>
<pin id="69" dir="1" index="3" bw="4" slack="0"/>
</pin_list>
<bind>
<opcode="getelementptr(29) " fcode="getelementptr"/>
<opset="a_addr_1/1 "/>
</bind>
</comp>

<comp id="75" class="1004" name="store_ln6_store_fu_75">
<pin_list>
<pin id="76" dir="0" index="0" bw="1" slack="0"/>
<pin id="77" dir="0" index="1" bw="4" slack="0"/>
<pin id="78" dir="1" index="2" bw="0" slack="2147483647"/>
</pin_list>
<bind>
<opcode="store(28) " fcode="store"/>
<opset="store_ln6/1 "/>
</bind>
</comp>

<comp id="80" class="1004" name="j_1_load_fu_80">
<pin_list>
<pin id="81" dir="0" index="0" bw="4" slack="0"/>
<pin id="82" dir="1" index="1" bw="4" slack="0"/>
</pin_list>
<bind>
<opcode="load(27) " fcode="load"/>
<opset="j_1/1 "/>
</bind>
</comp>

<comp id="83" class="1004" name="icmp_ln6_fu_83">
<pin_list>
<pin id="84" dir="0" index="0" bw="4" slack="0"/>
<pin id="85" dir="0" index="1" bw="4" slack="0"/>
<pin id="86" dir="1" index="2" bw="1" slack="2147483647"/>
</pin_list>
<bind>
<opcode="icmp(45) " fcode="icmp"/>
<opset="icmp_ln6/1 "/>
</bind>
</comp>

<comp id="89" class="1004" name="add_ln7_fu_89">
<pin_list>
<pin id="90" dir="0" index="0" bw="4" slack="0"/>
<pin id="91" dir="0" index="1" bw="1" slack="0"/>
<pin id="92" dir="1" index="2" bw="4" slack="0"/>
</pin_list>
<bind>
<opcode="add(8) " fcode="add"/>
<opset="add_ln7/1 "/>
</bind>
</comp>

<comp id="95" class="1004" name="zext_ln6_fu_95">
<pin_list>
<pin id="96" dir="0" index="0" bw="4" slack="0"/>
<pin id="97" dir="1" index="1" bw="64" slack="0"/>
</pin_list>
<bind>
<opcode="zext(34) " fcode="zext"/>
<opset="zext_ln6/1 "/>
</bind>
</comp>

<comp id="100" class="1004" name="zext_ln7_fu_100">
<pin_list>
<pin id="101" dir="0" index="0" bw="4" slack="0"/>
<pin id="102" dir="1" index="1" bw="64" slack="0"/>
</pin_list>
<bind>
<opcode="zext(34) " fcode="zext"/>
<opset="zext_ln7/1 "/>
</bind>
</comp>

<comp id="105" class="1004" name="icmp_ln7_fu_105">
<pin_list>
<pin id="106" dir="0" index="0" bw="32" slack="0"/>
<pin id="107" dir="0" index="1" bw="32" slack="0"/>
<pin id="108" dir="1" index="2" bw="1" slack="2147483647"/>
</pin_list>
<bind>
<opcode="icmp(45) " fcode="icmp"/>
<opset="icmp_ln7/2 "/>
</bind>
</comp>

<comp id="111" class="1004" name="store_ln6_store_fu_111">
<pin_list>
<pin id="112" dir="0" index="0" bw="4" slack="1"/>
<pin id="113" dir="0" index="1" bw="4" slack="1"/>
<pin id="114" dir="1" index="2" bw="0" slack="2147483647"/>
</pin_list>
<bind>
<opcode="store(28) " fcode="store"/>
<opset="store_ln6/2 "/>
</bind>
</comp>

<comp id="115" class="1005" name="j_reg_115">
<pin_list>
<pin id="116" dir="0" index="0" bw="4" slack="0"/>
<pin id="117" dir="1" index="1" bw="4" slack="0"/>
</pin_list>
<bind>
<opset="j "/>
</bind>
</comp>

<comp id="125" class="1005" name="add_ln7_reg_125">
<pin_list>
<pin id="126" dir="0" index="0" bw="4" slack="1"/>
<pin id="127" dir="1" index="1" bw="4" slack="1"/>
</pin_list>
<bind>
<opset="add_ln7 "/>
</bind>
</comp>

<comp id="130" class="1005" name="a_addr_reg_130">
<pin_list>
<pin id="131" dir="0" index="0" bw="4" slack="1"/>
<pin id="132" dir="1" index="1" bw="4" slack="1"/>
</pin_list>
<bind>
<opset="a_addr "/>
</bind>
</comp>

<comp id="135" class="1005" name="a_addr_1_reg_135">
<pin_list>
<pin id="136" dir="0" index="0" bw="4" slack="1"/>
<pin id="137" dir="1" index="1" bw="4" slack="1"/>
</pin_list>
<bind>
<opset="a_addr_1 "/>
</bind>
</comp>

</comp_list>

<net_list>
<net id="41"><net_src comp="4" pin="0"/><net_sink comp="38" pin=0"/></net>

<net id="46"><net_src comp="16" pin="0"/><net_sink comp="42" pin=0"/></net>

<net id="47"><net_src comp="0" pin="0"/><net_sink comp="42" pin=1"/></net>

<net id="53"><net_src comp="2" pin="0"/><net_sink comp="48" pin=0"/></net>

<net id="54"><net_src comp="22" pin="0"/><net_sink comp="48" pin=1"/></net>

<net id="64"><net_src comp="48" pin="3"/><net_sink comp="55" pin=2"/></net>

<net id="70"><net_src comp="2" pin="0"/><net_sink comp="65" pin=0"/></net>

<net id="71"><net_src comp="22" pin="0"/><net_sink comp="65" pin=1"/></net>

<net id="72"><net_src comp="65" pin="3"/><net_sink comp="55" pin=0"/></net>

<net id="73"><net_src comp="55" pin="3"/><net_sink comp="55" pin=4"/></net>

<net id="74"><net_src comp="55" pin="7"/><net_sink comp="55" pin=1"/></net>

<net id="79"><net_src comp="18" pin="0"/><net_sink comp="75" pin=0"/></net>

<net id="87"><net_src comp="80" pin="1"/><net_sink comp="83" pin=0"/></net>

<net id="88"><net_src comp="42" pin="2"/><net_sink comp="83" pin=1"/></net>

<net id="93"><net_src comp="80" pin="1"/><net_sink comp="89" pin=0"/></net>

<net id="94"><net_src comp="20" pin="0"/><net_sink comp="89" pin=1"/></net>

<net id="98"><net_src comp="80" pin="1"/><net_sink comp="95" pin=0"/></net>

<net id="99"><net_src comp="95" pin="1"/><net_sink comp="48" pin=2"/></net>

<net id="103"><net_src comp="89" pin="2"/><net_sink comp="100" pin=0"/></net>

<net id="104"><net_src comp="100" pin="1"/><net_sink comp="65" pin=2"/></net>

<net id="109"><net_src comp="55" pin="7"/><net_sink comp="105" pin=0"/></net>

<net id="110"><net_src comp="55" pin="3"/><net_sink comp="105" pin=1"/></net>

<net id="118"><net_src comp="38" pin="1"/><net_sink comp="115" pin=0"/></net>

<net id="119"><net_src comp="115" pin="1"/><net_sink comp="75" pin=1"/></net>

<net id="120"><net_src comp="115" pin="1"/><net_sink comp="80" pin=0"/></net>

<net id="121"><net_src comp="115" pin="1"/><net_sink comp="111" pin=1"/></net>

<net id="128"><net_src comp="89" pin="2"/><net_sink comp="125" pin=0"/></net>

<net id="129"><net_src comp="125" pin="1"/><net_sink comp="111" pin=0"/></net>

<net id="133"><net_src comp="48" pin="3"/><net_sink comp="130" pin=0"/></net>

<net id="134"><net_src comp="130" pin="1"/><net_sink comp="55" pin=2"/></net>

<net id="138"><net_src comp="65" pin="3"/><net_sink comp="135" pin=0"/></net>

<net id="139"><net_src comp="135" pin="1"/><net_sink comp="55" pin=0"/></net>

</net_list>

</model> 
---------------- Datapath Model END ------------------

* FSMD analyzer results:
  - Output states:
	Port: a | {2 }
 - Input state : 
	Port: sorter_Pipeline_VITIS_LOOP_6_2 : indvars_iv6 | {1 }
	Port: sorter_Pipeline_VITIS_LOOP_6_2 : a | {1 2 }
  - Chain level:
	State 1
		store_ln6 : 1
		j_1 : 1
		icmp_ln6 : 2
		add_ln7 : 2
		br_ln6 : 3
		zext_ln6 : 2
		a_addr : 3
		temp : 4
		zext_ln7 : 3
		a_addr_1 : 4
		a_load_1 : 5
	State 2
		icmp_ln7 : 1
		br_ln7 : 2
		store_ln9 : 1
		store_ln10 : 1


============================================================
+ Verbose Summary: Datapath Resource usage 
============================================================

* Functional unit list:
|----------|-----------------------------|---------|---------|
| Operation|       Functional Unit       |    FF   |   LUT   |
|----------|-----------------------------|---------|---------|
|   icmp   |        icmp_ln6_fu_83       |    0    |    12   |
|          |       icmp_ln7_fu_105       |    0    |    39   |
|----------|-----------------------------|---------|---------|
|    add   |        add_ln7_fu_89        |    0    |    12   |
|----------|-----------------------------|---------|---------|
|   read   | indvars_iv6_read_read_fu_42 |    0    |    0    |
|----------|-----------------------------|---------|---------|
|   zext   |        zext_ln6_fu_95       |    0    |    0    |
|          |       zext_ln7_fu_100       |    0    |    0    |
|----------|-----------------------------|---------|---------|
|   Total  |                             |    0    |    63   |
|----------|-----------------------------|---------|---------|

Memories:
N/A

* Register list:
+----------------+--------+
|                |   FF   |
+----------------+--------+
|a_addr_1_reg_135|    4   |
| a_addr_reg_130 |    4   |
| add_ln7_reg_125|    4   |
|    j_reg_115   |    4   |
+----------------+--------+
|      Total     |   16   |
+----------------+--------+

* Multiplexer (MUX) list: 
|------------------|------|------|------|--------||---------||---------||---------|
|       Comp       |  Pin | Size |  BW  | S x BW ||  Delay  ||    FF   ||   LUT   |
|------------------|------|------|------|--------||---------||---------||---------|
| grp_access_fu_55 |  p0  |   2  |   4  |    8   ||    0    ||    9    |
| grp_access_fu_55 |  p2  |   2  |   0  |    0   ||    0    ||    9    |
|------------------|------|------|------|--------||---------||---------||---------|
|       Total      |      |      |      |    8   ||  0.774  ||    0    ||    18   |
|------------------|------|------|------|--------||---------||---------||---------|



* Summary:
+-----------+--------+--------+--------+
|           |  Delay |   FF   |   LUT  |
+-----------+--------+--------+--------+
|  Function |    -   |    0   |   63   |
|   Memory  |    -   |    -   |    -   |
|Multiplexer|    0   |    0   |   18   |
|  Register |    -   |   16   |    -   |
+-----------+--------+--------+--------+
|   Total   |    0   |   16   |   81   |
+-----------+--------+--------+--------+
