

================================================================
== Vitis HLS Report for 'matrix_mult_bram'
================================================================
* Date:           Sun May  3 14:48:08 2026

* Version:        2024.1 (Build 5069499 on May 21 2024)
* Project:        hw3_matrix_mult_bram
* Solution:       solution1 (Vivado IP Flow Target)
* Product family: virtexuplus
* Target device:  xcvu13p-fsga2577-2-e


================================================================
== Performance Estimates
================================================================
+ Timing: 
    * Summary: 
    +--------+----------+----------+------------+
    |  Clock |  Target  | Estimated| Uncertainty|
    +--------+----------+----------+------------+
    |ap_clk  |  25.00 ns|  6.030 ns|     6.75 ns|
    +--------+----------+----------+------------+

+ Latency: 
    * Summary: 
    +---------+---------+----------+----------+-----+-----+-----------------------------------------------+
    |  Latency (cycles) |  Latency (absolute) |  Interval |                    Pipeline                   |
    |   min   |   max   |    min   |    max   | min | max |                      Type                     |
    +---------+---------+----------+----------+-----+-----+-----------------------------------------------+
    |      110|      110|  2.750 us|  2.750 us|  108|  108|  loop auto-rewind stp(delay=0 clock cycles(s))|
    +---------+---------+----------+----------+-----+-----+-----------------------------------------------+

    + Detail: 
        * Instance: 
        N/A

        * Loop: 
        +-----------------------------------+---------+---------+----------+-----------+-----------+------+----------+
        |                                   |  Latency (cycles) | Iteration|  Initiation Interval  | Trip |          |
        |             Loop Name             |   min   |   max   |  Latency |  achieved |   target  | Count| Pipelined|
        +-----------------------------------+---------+---------+----------+-----------+-----------+------+----------+
        |- VITIS_LOOP_37_1_VITIS_LOOP_38_2  |      108|      108|         4|          3|          1|    36|       yes|
        +-----------------------------------+---------+---------+----------+-----------+-----------+------+----------+

============================================================
+ Verbose Summary: Synthesis Manager
============================================================
InlineROM: 1
ExposeGlobal: 0
============================================================
+ Verbose Summary: CDFG Model
============================================================
IsTopModel: 1
ResetActiveHigh: 1
IsCombinational: 0
IsDatapathOnly: 0
HasWiredReturn: 1
HasMFsm: 2
HasVarLatency: 1
IsPipeline: 0
IsRtlPipelined: 0
IsInstanceOverlapped: 0
IsDontTouch: 0
HasImplIP: 0
IsGatedGlobalClock: 0

+ Individual pipeline summary: 
  * Pipeline-0: initiation interval (II) = 3, depth = 4


============================================================
+ Verbose Summary: Schedule
============================================================
* Number of FSM states : 4
* Pipeline : 1
  Pipeline-0 : II = 3, D = 4, States = { 1 2 3 4 }
* Dataflow Pipeline: 0

* FSM state transitions: 
1 --> 2 
2 --> 3 
3 --> 4 
4 --> 

* FSM state operations: 

State 1 <SV = 0> <Delay = 2.64>
ST_1 : Operation 7 [1/1] (0.00ns)   --->   "%indvar_flatten1 = alloca i32 1"   --->   Operation 7 'alloca' 'indvar_flatten1' <Predicate = true> <Delay = 0.00>
ST_1 : Operation 8 [1/1] (0.00ns)   --->   "%i2 = alloca i32 1"   --->   Operation 8 'alloca' 'i2' <Predicate = true> <Delay = 0.00>
ST_1 : Operation 9 [1/1] (0.00ns)   --->   "%j3 = alloca i32 1"   --->   Operation 9 'alloca' 'j3' <Predicate = true> <Delay = 0.00>
ST_1 : Operation 10 [1/1] (0.00ns)   --->   "%spectopmodule_ln28 = spectopmodule void @_ssdm_op_SpecTopModule, void @empty_1" [hw3_kernels.cpp:28]   --->   Operation 10 'spectopmodule' 'spectopmodule_ln28' <Predicate = true> <Delay = 0.00>
ST_1 : Operation 11 [1/1] (0.00ns)   --->   "%specinterface_ln0 = specinterface void @_ssdm_op_SpecInterface, i32 %A, void @empty, i32 0, i32 0, void @empty_0, i32 4294967295, i32 0, void @empty_0, void @empty_0, void @empty_0, i32 0, i32 0, i32 0, i32 0, void @empty_0, void @empty_0, i32 4294967295, i32 0, i32 0"   --->   Operation 11 'specinterface' 'specinterface_ln0' <Predicate = true> <Delay = 0.00>
ST_1 : Operation 12 [1/1] (0.00ns)   --->   "%specbitsmap_ln0 = specbitsmap void @_ssdm_op_SpecBitsMap, i32 %A"   --->   Operation 12 'specbitsmap' 'specbitsmap_ln0' <Predicate = true> <Delay = 0.00>
ST_1 : Operation 13 [1/1] (0.00ns)   --->   "%specinterface_ln0 = specinterface void @_ssdm_op_SpecInterface, i32 %B, void @empty, i32 0, i32 0, void @empty_0, i32 4294967295, i32 0, void @empty_0, void @empty_0, void @empty_0, i32 0, i32 0, i32 0, i32 0, void @empty_0, void @empty_0, i32 4294967295, i32 0, i32 0"   --->   Operation 13 'specinterface' 'specinterface_ln0' <Predicate = true> <Delay = 0.00>
ST_1 : Operation 14 [1/1] (0.00ns)   --->   "%specbitsmap_ln0 = specbitsmap void @_ssdm_op_SpecBitsMap, i32 %B"   --->   Operation 14 'specbitsmap' 'specbitsmap_ln0' <Predicate = true> <Delay = 0.00>
ST_1 : Operation 15 [1/1] (0.00ns)   --->   "%specinterface_ln0 = specinterface void @_ssdm_op_SpecInterface, i32 %C, void @empty, i32 0, i32 0, void @empty_0, i32 4294967295, i32 0, void @empty_0, void @empty_0, void @empty_0, i32 0, i32 0, i32 0, i32 0, void @empty_0, void @empty_0, i32 4294967295, i32 0, i32 0"   --->   Operation 15 'specinterface' 'specinterface_ln0' <Predicate = true> <Delay = 0.00>
ST_1 : Operation 16 [1/1] (0.00ns)   --->   "%specbitsmap_ln0 = specbitsmap void @_ssdm_op_SpecBitsMap, i32 %C"   --->   Operation 16 'specbitsmap' 'specbitsmap_ln0' <Predicate = true> <Delay = 0.00>
ST_1 : Operation 17 [1/1] (0.38ns)   --->   "%store_ln0 = store i3 0, i3 %j3"   --->   Operation 17 'store' 'store_ln0' <Predicate = true> <Delay = 0.38>
ST_1 : Operation 18 [1/1] (0.38ns)   --->   "%store_ln0 = store i3 0, i3 %i2"   --->   Operation 18 'store' 'store_ln0' <Predicate = true> <Delay = 0.38>
ST_1 : Operation 19 [1/1] (0.38ns)   --->   "%store_ln0 = store i6 0, i6 %indvar_flatten1"   --->   Operation 19 'store' 'store_ln0' <Predicate = true> <Delay = 0.38>
ST_1 : Operation 20 [1/1] (0.38ns)   --->   "%br_ln0 = br void %for.inc22"   --->   Operation 20 'br' 'br_ln0' <Predicate = true> <Delay = 0.38>
ST_1 : Operation 21 [1/1] (0.00ns)   --->   "%icmp_ln384 = phi i1 0, void %entry, i1 %icmp_ln38, void %for.inc22" [hw3_kernels.cpp:38]   --->   Operation 21 'phi' 'icmp_ln384' <Predicate = true> <Delay = 0.00>
ST_1 : Operation 22 [1/1] (0.00ns)   --->   "%i2_load = load i3 %i2" [hw3_kernels.cpp:37]   --->   Operation 22 'load' 'i2_load' <Predicate = true> <Delay = 0.00>
ST_1 : Operation 23 [1/1] (0.00ns)   --->   "%j3_load = load i3 %j3" [hw3_kernels.cpp:37]   --->   Operation 23 'load' 'j3_load' <Predicate = true> <Delay = 0.00>
ST_1 : Operation 24 [1/1] (0.57ns)   --->   "%add_ln37 = add i3 %i2_load, i3 1" [hw3_kernels.cpp:37]   --->   Operation 24 'add' 'add_ln37' <Predicate = true> <Delay = 0.57> <CoreInst = "Adder">   --->   Core 1 'Adder' <Latency = 0> <II = 1> <Delay = 0.57> <FuncUnit> <Opcode : 'add' 'sub'> <InPorts = 2> <OutPorts = 1>
ST_1 : Operation 25 [1/1] (0.27ns)   --->   "%select_ln37 = select i1 %icmp_ln384, i3 0, i3 %j3_load" [hw3_kernels.cpp:37]   --->   Operation 25 'select' 'select_ln37' <Predicate = true> <Delay = 0.27> <CoreInst = "Sel">   --->   Core 73 'Sel' <Latency = 0> <II = 1> <Delay = 0.27> <FuncUnit> <Opcode : 'select'> <InPorts = 3> <OutPorts = 1>
ST_1 : Operation 26 [1/1] (0.27ns)   --->   "%i = select i1 %icmp_ln384, i3 %add_ln37, i3 %i2_load" [hw3_kernels.cpp:37]   --->   Operation 26 'select' 'i' <Predicate = true> <Delay = 0.27> <CoreInst = "Sel">   --->   Core 73 'Sel' <Latency = 0> <II = 1> <Delay = 0.27> <FuncUnit> <Opcode : 'select'> <InPorts = 3> <OutPorts = 1>
ST_1 : Operation 27 [1/1] (0.00ns)   --->   "%p_shl = bitconcatenate i6 @_ssdm_op_BitConcatenate.i6.i3.i3, i3 %i, i3 0" [hw3_kernels.cpp:37]   --->   Operation 27 'bitconcatenate' 'p_shl' <Predicate = true> <Delay = 0.00>
ST_1 : Operation 28 [1/1] (0.00ns)   --->   "%tmp = bitconcatenate i4 @_ssdm_op_BitConcatenate.i4.i3.i1, i3 %i, i1 0" [hw3_kernels.cpp:37]   --->   Operation 28 'bitconcatenate' 'tmp' <Predicate = true> <Delay = 0.00>
ST_1 : Operation 29 [1/1] (0.00ns)   --->   "%p_shl30 = zext i4 %tmp" [hw3_kernels.cpp:37]   --->   Operation 29 'zext' 'p_shl30' <Predicate = true> <Delay = 0.00>
ST_1 : Operation 30 [1/1] (0.70ns)   --->   "%empty = sub i6 %p_shl, i6 %p_shl30" [hw3_kernels.cpp:37]   --->   Operation 30 'sub' 'empty' <Predicate = true> <Delay = 0.70> <CoreInst = "Adder">   --->   Core 1 'Adder' <Latency = 0> <II = 1> <Delay = 0.70> <FuncUnit> <Opcode : 'add' 'sub'> <InPorts = 2> <OutPorts = 1>
ST_1 : Operation 31 [1/1] (0.00ns)   --->   "%p_cast = zext i6 %empty" [hw3_kernels.cpp:37]   --->   Operation 31 'zext' 'p_cast' <Predicate = true> <Delay = 0.00>
ST_1 : Operation 32 [1/1] (0.00ns)   --->   "%A_addr = getelementptr i32 %A, i64 0, i64 %p_cast" [hw3_kernels.cpp:37]   --->   Operation 32 'getelementptr' 'A_addr' <Predicate = true> <Delay = 0.00>
ST_1 : Operation 33 [1/1] (0.00ns)   --->   "%tmp_cast = partselect i5 @_ssdm_op_PartSelect.i5.i6.i32.i32, i6 %empty, i32 1, i32 5" [hw3_kernels.cpp:37]   --->   Operation 33 'partselect' 'tmp_cast' <Predicate = true> <Delay = 0.00>
ST_1 : Operation 34 [1/1] (0.00ns)   --->   "%tmp_1 = bitconcatenate i6 @_ssdm_op_BitConcatenate.i6.i5.i1, i5 %tmp_cast, i1 1" [hw3_kernels.cpp:37]   --->   Operation 34 'bitconcatenate' 'tmp_1' <Predicate = true> <Delay = 0.00>
ST_1 : Operation 35 [1/1] (0.00ns)   --->   "%tmp_1_cast = zext i6 %tmp_1" [hw3_kernels.cpp:37]   --->   Operation 35 'zext' 'tmp_1_cast' <Predicate = true> <Delay = 0.00>
ST_1 : Operation 36 [1/1] (0.00ns)   --->   "%A_addr_1 = getelementptr i32 %A, i64 0, i64 %tmp_1_cast" [hw3_kernels.cpp:37]   --->   Operation 36 'getelementptr' 'A_addr_1' <Predicate = true> <Delay = 0.00>
ST_1 : Operation 37 [2/2] (0.69ns)   --->   "%A_load = load i6 %A_addr" [hw3_kernels.cpp:37]   --->   Operation 37 'load' 'A_load' <Predicate = true> <Delay = 0.69> <CoreInst = "RAM">   --->   Core 82 'RAM' <Latency = 1> <II = 1> <Delay = 0.69> <Storage> <Opcode : 'load' 'store'> <Ports = 2> <Width = 32> <Depth = 36> <RAM>
ST_1 : Operation 38 [2/2] (0.69ns)   --->   "%A_load_1 = load i6 %A_addr_1" [hw3_kernels.cpp:37]   --->   Operation 38 'load' 'A_load_1' <Predicate = true> <Delay = 0.69> <CoreInst = "RAM">   --->   Core 82 'RAM' <Latency = 1> <II = 1> <Delay = 0.69> <Storage> <Opcode : 'load' 'store'> <Ports = 2> <Width = 32> <Depth = 36> <RAM>
ST_1 : Operation 39 [1/1] (0.00ns)   --->   "%zext_ln38 = zext i3 %select_ln37" [hw3_kernels.cpp:38]   --->   Operation 39 'zext' 'zext_ln38' <Predicate = true> <Delay = 0.00>
ST_1 : Operation 40 [1/1] (0.00ns)   --->   "%zext_ln42_2 = zext i3 %select_ln37" [hw3_kernels.cpp:42]   --->   Operation 40 'zext' 'zext_ln42_2' <Predicate = true> <Delay = 0.00>
ST_1 : Operation 41 [1/1] (0.00ns)   --->   "%B_addr = getelementptr i32 %B, i64 0, i64 %zext_ln38" [hw3_kernels.cpp:42]   --->   Operation 41 'getelementptr' 'B_addr' <Predicate = true> <Delay = 0.00>
ST_1 : Operation 42 [1/1] (0.70ns)   --->   "%add_ln42_4 = add i4 %zext_ln42_2, i4 6" [hw3_kernels.cpp:42]   --->   Operation 42 'add' 'add_ln42_4' <Predicate = true> <Delay = 0.70> <CoreInst = "Adder">   --->   Core 1 'Adder' <Latency = 0> <II = 1> <Delay = 0.70> <FuncUnit> <Opcode : 'add' 'sub'> <InPorts = 2> <OutPorts = 1>
ST_1 : Operation 43 [1/1] (0.00ns)   --->   "%zext_ln42_3 = zext i4 %add_ln42_4" [hw3_kernels.cpp:42]   --->   Operation 43 'zext' 'zext_ln42_3' <Predicate = true> <Delay = 0.00>
ST_1 : Operation 44 [1/1] (0.00ns)   --->   "%B_addr_1 = getelementptr i32 %B, i64 0, i64 %zext_ln42_3" [hw3_kernels.cpp:42]   --->   Operation 44 'getelementptr' 'B_addr_1' <Predicate = true> <Delay = 0.00>
ST_1 : Operation 45 [2/2] (0.69ns)   --->   "%B_load = load i6 %B_addr" [hw3_kernels.cpp:42]   --->   Operation 45 'load' 'B_load' <Predicate = true> <Delay = 0.69> <CoreInst = "RAM">   --->   Core 82 'RAM' <Latency = 1> <II = 1> <Delay = 0.69> <Storage> <Opcode : 'load' 'store'> <Ports = 2> <Width = 32> <Depth = 36> <RAM>
ST_1 : Operation 46 [2/2] (0.69ns)   --->   "%B_load_1 = load i6 %B_addr_1" [hw3_kernels.cpp:42]   --->   Operation 46 'load' 'B_load_1' <Predicate = true> <Delay = 0.69> <CoreInst = "RAM">   --->   Core 82 'RAM' <Latency = 1> <II = 1> <Delay = 0.69> <Storage> <Opcode : 'load' 'store'> <Ports = 2> <Width = 32> <Depth = 36> <RAM>
ST_1 : Operation 47 [1/1] (0.38ns)   --->   "%store_ln37 = store i3 %i, i3 %i2" [hw3_kernels.cpp:37]   --->   Operation 47 'store' 'store_ln37' <Predicate = true> <Delay = 0.38>

State 2 <SV = 1> <Delay = 3.86>
ST_2 : Operation 48 [1/1] (0.70ns)   --->   "%empty_6 = add i6 %empty, i6 2" [hw3_kernels.cpp:37]   --->   Operation 48 'add' 'empty_6' <Predicate = true> <Delay = 0.70> <CoreInst = "Adder">   --->   Core 1 'Adder' <Latency = 0> <II = 1> <Delay = 0.70> <FuncUnit> <Opcode : 'add' 'sub'> <InPorts = 2> <OutPorts = 1>
ST_2 : Operation 49 [1/1] (0.00ns)   --->   "%p_cast7 = zext i6 %empty_6" [hw3_kernels.cpp:37]   --->   Operation 49 'zext' 'p_cast7' <Predicate = true> <Delay = 0.00>
ST_2 : Operation 50 [1/1] (0.00ns)   --->   "%A_addr_2 = getelementptr i32 %A, i64 0, i64 %p_cast7" [hw3_kernels.cpp:37]   --->   Operation 50 'getelementptr' 'A_addr_2' <Predicate = true> <Delay = 0.00>
ST_2 : Operation 51 [1/1] (0.70ns)   --->   "%empty_7 = add i6 %empty, i6 3" [hw3_kernels.cpp:37]   --->   Operation 51 'add' 'empty_7' <Predicate = true> <Delay = 0.70> <CoreInst = "Adder">   --->   Core 1 'Adder' <Latency = 0> <II = 1> <Delay = 0.70> <FuncUnit> <Opcode : 'add' 'sub'> <InPorts = 2> <OutPorts = 1>
ST_2 : Operation 52 [1/1] (0.00ns)   --->   "%p_cast8 = zext i6 %empty_7" [hw3_kernels.cpp:37]   --->   Operation 52 'zext' 'p_cast8' <Predicate = true> <Delay = 0.00>
ST_2 : Operation 53 [1/1] (0.00ns)   --->   "%A_addr_3 = getelementptr i32 %A, i64 0, i64 %p_cast8" [hw3_kernels.cpp:37]   --->   Operation 53 'getelementptr' 'A_addr_3' <Predicate = true> <Delay = 0.00>
ST_2 : Operation 54 [1/2] (0.69ns)   --->   "%A_load = load i6 %A_addr" [hw3_kernels.cpp:37]   --->   Operation 54 'load' 'A_load' <Predicate = true> <Delay = 0.69> <CoreInst = "RAM">   --->   Core 82 'RAM' <Latency = 1> <II = 1> <Delay = 0.69> <Storage> <Opcode : 'load' 'store'> <Ports = 2> <Width = 32> <Depth = 36> <RAM>
ST_2 : Operation 55 [1/2] (0.69ns)   --->   "%A_load_1 = load i6 %A_addr_1" [hw3_kernels.cpp:37]   --->   Operation 55 'load' 'A_load_1' <Predicate = true> <Delay = 0.69> <CoreInst = "RAM">   --->   Core 82 'RAM' <Latency = 1> <II = 1> <Delay = 0.69> <Storage> <Opcode : 'load' 'store'> <Ports = 2> <Width = 32> <Depth = 36> <RAM>
ST_2 : Operation 56 [2/2] (0.69ns)   --->   "%A_load_2 = load i6 %A_addr_2" [hw3_kernels.cpp:37]   --->   Operation 56 'load' 'A_load_2' <Predicate = true> <Delay = 0.69> <CoreInst = "RAM">   --->   Core 82 'RAM' <Latency = 1> <II = 1> <Delay = 0.69> <Storage> <Opcode : 'load' 'store'> <Ports = 2> <Width = 32> <Depth = 36> <RAM>
ST_2 : Operation 57 [2/2] (0.69ns)   --->   "%A_load_3 = load i6 %A_addr_3" [hw3_kernels.cpp:37]   --->   Operation 57 'load' 'A_load_3' <Predicate = true> <Delay = 0.69> <CoreInst = "RAM">   --->   Core 82 'RAM' <Latency = 1> <II = 1> <Delay = 0.69> <Storage> <Opcode : 'load' 'store'> <Ports = 2> <Width = 32> <Depth = 36> <RAM>
ST_2 : Operation 58 [1/1] (0.00ns)   --->   "%zext_ln42_1 = zext i3 %select_ln37" [hw3_kernels.cpp:42]   --->   Operation 58 'zext' 'zext_ln42_1' <Predicate = true> <Delay = 0.00>
ST_2 : Operation 59 [1/1] (0.70ns)   --->   "%add_ln42_5 = add i5 %zext_ln42_1, i5 12" [hw3_kernels.cpp:42]   --->   Operation 59 'add' 'add_ln42_5' <Predicate = true> <Delay = 0.70> <CoreInst = "Adder">   --->   Core 1 'Adder' <Latency = 0> <II = 1> <Delay = 0.70> <FuncUnit> <Opcode : 'add' 'sub'> <InPorts = 2> <OutPorts = 1>
ST_2 : Operation 60 [1/1] (0.00ns)   --->   "%zext_ln42_4 = zext i5 %add_ln42_5" [hw3_kernels.cpp:42]   --->   Operation 60 'zext' 'zext_ln42_4' <Predicate = true> <Delay = 0.00>
ST_2 : Operation 61 [1/1] (0.00ns)   --->   "%B_addr_2 = getelementptr i32 %B, i64 0, i64 %zext_ln42_4" [hw3_kernels.cpp:42]   --->   Operation 61 'getelementptr' 'B_addr_2' <Predicate = true> <Delay = 0.00>
ST_2 : Operation 62 [1/1] (0.70ns)   --->   "%add_ln42_6 = add i5 %zext_ln42_1, i5 18" [hw3_kernels.cpp:42]   --->   Operation 62 'add' 'add_ln42_6' <Predicate = true> <Delay = 0.70> <CoreInst = "Adder">   --->   Core 1 'Adder' <Latency = 0> <II = 1> <Delay = 0.70> <FuncUnit> <Opcode : 'add' 'sub'> <InPorts = 2> <OutPorts = 1>
ST_2 : Operation 63 [1/1] (0.00ns)   --->   "%zext_ln42_5 = zext i5 %add_ln42_6" [hw3_kernels.cpp:42]   --->   Operation 63 'zext' 'zext_ln42_5' <Predicate = true> <Delay = 0.00>
ST_2 : Operation 64 [1/1] (0.00ns)   --->   "%B_addr_3 = getelementptr i32 %B, i64 0, i64 %zext_ln42_5" [hw3_kernels.cpp:42]   --->   Operation 64 'getelementptr' 'B_addr_3' <Predicate = true> <Delay = 0.00>
ST_2 : Operation 65 [1/2] (0.69ns)   --->   "%B_load = load i6 %B_addr" [hw3_kernels.cpp:42]   --->   Operation 65 'load' 'B_load' <Predicate = true> <Delay = 0.69> <CoreInst = "RAM">   --->   Core 82 'RAM' <Latency = 1> <II = 1> <Delay = 0.69> <Storage> <Opcode : 'load' 'store'> <Ports = 2> <Width = 32> <Depth = 36> <RAM>
ST_2 : Operation 66 [1/2] (0.69ns)   --->   "%B_load_1 = load i6 %B_addr_1" [hw3_kernels.cpp:42]   --->   Operation 66 'load' 'B_load_1' <Predicate = true> <Delay = 0.69> <CoreInst = "RAM">   --->   Core 82 'RAM' <Latency = 1> <II = 1> <Delay = 0.69> <Storage> <Opcode : 'load' 'store'> <Ports = 2> <Width = 32> <Depth = 36> <RAM>
ST_2 : Operation 67 [2/2] (0.69ns)   --->   "%B_load_2 = load i6 %B_addr_2" [hw3_kernels.cpp:42]   --->   Operation 67 'load' 'B_load_2' <Predicate = true> <Delay = 0.69> <CoreInst = "RAM">   --->   Core 82 'RAM' <Latency = 1> <II = 1> <Delay = 0.69> <Storage> <Opcode : 'load' 'store'> <Ports = 2> <Width = 32> <Depth = 36> <RAM>
ST_2 : Operation 68 [2/2] (0.69ns)   --->   "%B_load_3 = load i6 %B_addr_3" [hw3_kernels.cpp:42]   --->   Operation 68 'load' 'B_load_3' <Predicate = true> <Delay = 0.69> <CoreInst = "RAM">   --->   Core 82 'RAM' <Latency = 1> <II = 1> <Delay = 0.69> <Storage> <Opcode : 'load' 'store'> <Ports = 2> <Width = 32> <Depth = 36> <RAM>
ST_2 : Operation 69 [1/1] (3.17ns)   --->   "%mul_ln42 = mul i32 %B_load, i32 %A_load" [hw3_kernels.cpp:42]   --->   Operation 69 'mul' 'mul_ln42' <Predicate = true> <Delay = 3.17> <CoreInst = "Multiplier">   --->   Core 3 'Multiplier' <Latency = 0> <II = 1> <Delay = 3.17> <FuncUnit> <Opcode : 'mul'> <InPorts = 2> <OutPorts = 1>
ST_2 : Operation 70 [1/1] (3.17ns)   --->   "%mul_ln42_2 = mul i32 %B_load_1, i32 %A_load_1" [hw3_kernels.cpp:42]   --->   Operation 70 'mul' 'mul_ln42_2' <Predicate = true> <Delay = 3.17> <CoreInst = "Multiplier">   --->   Core 3 'Multiplier' <Latency = 0> <II = 1> <Delay = 3.17> <FuncUnit> <Opcode : 'mul'> <InPorts = 2> <OutPorts = 1>

State 3 <SV = 2> <Delay = 4.74>
ST_3 : Operation 71 [1/1] (0.00ns)   --->   "%indvar_flatten1_load = load i6 %indvar_flatten1" [hw3_kernels.cpp:37]   --->   Operation 71 'load' 'indvar_flatten1_load' <Predicate = true> <Delay = 0.00>
ST_3 : Operation 72 [1/1] (0.70ns)   --->   "%empty_8 = add i6 %empty, i6 4" [hw3_kernels.cpp:37]   --->   Operation 72 'add' 'empty_8' <Predicate = true> <Delay = 0.70> <CoreInst = "Adder">   --->   Core 1 'Adder' <Latency = 0> <II = 1> <Delay = 0.70> <FuncUnit> <Opcode : 'add' 'sub'> <InPorts = 2> <OutPorts = 1>
ST_3 : Operation 73 [1/1] (0.00ns)   --->   "%p_cast9 = zext i6 %empty_8" [hw3_kernels.cpp:37]   --->   Operation 73 'zext' 'p_cast9' <Predicate = true> <Delay = 0.00>
ST_3 : Operation 74 [1/1] (0.00ns)   --->   "%A_addr_4 = getelementptr i32 %A, i64 0, i64 %p_cast9" [hw3_kernels.cpp:37]   --->   Operation 74 'getelementptr' 'A_addr_4' <Predicate = true> <Delay = 0.00>
ST_3 : Operation 75 [1/1] (0.70ns)   --->   "%empty_9 = add i6 %empty, i6 5" [hw3_kernels.cpp:37]   --->   Operation 75 'add' 'empty_9' <Predicate = true> <Delay = 0.70> <CoreInst = "Adder">   --->   Core 1 'Adder' <Latency = 0> <II = 1> <Delay = 0.70> <FuncUnit> <Opcode : 'add' 'sub'> <InPorts = 2> <OutPorts = 1>
ST_3 : Operation 76 [1/1] (0.00ns)   --->   "%p_cast10 = zext i6 %empty_9" [hw3_kernels.cpp:37]   --->   Operation 76 'zext' 'p_cast10' <Predicate = true> <Delay = 0.00>
ST_3 : Operation 77 [1/1] (0.00ns)   --->   "%A_addr_5 = getelementptr i32 %A, i64 0, i64 %p_cast10" [hw3_kernels.cpp:37]   --->   Operation 77 'getelementptr' 'A_addr_5' <Predicate = true> <Delay = 0.00>
ST_3 : Operation 78 [1/2] (0.69ns)   --->   "%A_load_2 = load i6 %A_addr_2" [hw3_kernels.cpp:37]   --->   Operation 78 'load' 'A_load_2' <Predicate = true> <Delay = 0.69> <CoreInst = "RAM">   --->   Core 82 'RAM' <Latency = 1> <II = 1> <Delay = 0.69> <Storage> <Opcode : 'load' 'store'> <Ports = 2> <Width = 32> <Depth = 36> <RAM>
ST_3 : Operation 79 [1/2] (0.69ns)   --->   "%A_load_3 = load i6 %A_addr_3" [hw3_kernels.cpp:37]   --->   Operation 79 'load' 'A_load_3' <Predicate = true> <Delay = 0.69> <CoreInst = "RAM">   --->   Core 82 'RAM' <Latency = 1> <II = 1> <Delay = 0.69> <Storage> <Opcode : 'load' 'store'> <Ports = 2> <Width = 32> <Depth = 36> <RAM>
ST_3 : Operation 80 [2/2] (0.69ns)   --->   "%A_load_4 = load i6 %A_addr_4" [hw3_kernels.cpp:37]   --->   Operation 80 'load' 'A_load_4' <Predicate = true> <Delay = 0.69> <CoreInst = "RAM">   --->   Core 82 'RAM' <Latency = 1> <II = 1> <Delay = 0.69> <Storage> <Opcode : 'load' 'store'> <Ports = 2> <Width = 32> <Depth = 36> <RAM>
ST_3 : Operation 81 [2/2] (0.69ns)   --->   "%A_load_5 = load i6 %A_addr_5" [hw3_kernels.cpp:37]   --->   Operation 81 'load' 'A_load_5' <Predicate = true> <Delay = 0.69> <CoreInst = "RAM">   --->   Core 82 'RAM' <Latency = 1> <II = 1> <Delay = 0.69> <Storage> <Opcode : 'load' 'store'> <Ports = 2> <Width = 32> <Depth = 36> <RAM>
ST_3 : Operation 82 [1/1] (0.00ns)   --->   "%zext_ln42 = zext i3 %select_ln37" [hw3_kernels.cpp:42]   --->   Operation 82 'zext' 'zext_ln42' <Predicate = true> <Delay = 0.00>
ST_3 : Operation 83 [1/1] (0.00ns)   --->   "%tmp_2 = bitconcatenate i4 @_ssdm_op_BitConcatenate.i4.i1.i3, i1 1, i3 %select_ln37" [hw3_kernels.cpp:42]   --->   Operation 83 'bitconcatenate' 'tmp_2' <Predicate = true> <Delay = 0.00>
ST_3 : Operation 84 [1/1] (0.00ns)   --->   "%sext_ln42 = sext i4 %tmp_2" [hw3_kernels.cpp:42]   --->   Operation 84 'sext' 'sext_ln42' <Predicate = true> <Delay = 0.00>
ST_3 : Operation 85 [1/1] (0.00ns)   --->   "%zext_ln42_6 = zext i5 %sext_ln42" [hw3_kernels.cpp:42]   --->   Operation 85 'zext' 'zext_ln42_6' <Predicate = true> <Delay = 0.00>
ST_3 : Operation 86 [1/1] (0.00ns)   --->   "%B_addr_4 = getelementptr i32 %B, i64 0, i64 %zext_ln42_6" [hw3_kernels.cpp:42]   --->   Operation 86 'getelementptr' 'B_addr_4' <Predicate = true> <Delay = 0.00>
ST_3 : Operation 87 [1/1] (0.70ns)   --->   "%add_ln42_7 = add i6 %zext_ln42, i6 30" [hw3_kernels.cpp:42]   --->   Operation 87 'add' 'add_ln42_7' <Predicate = true> <Delay = 0.70> <CoreInst = "Adder">   --->   Core 1 'Adder' <Latency = 0> <II = 1> <Delay = 0.70> <FuncUnit> <Opcode : 'add' 'sub'> <InPorts = 2> <OutPorts = 1>
ST_3 : Operation 88 [1/1] (0.00ns)   --->   "%zext_ln42_7 = zext i6 %add_ln42_7" [hw3_kernels.cpp:42]   --->   Operation 88 'zext' 'zext_ln42_7' <Predicate = true> <Delay = 0.00>
ST_3 : Operation 89 [1/1] (0.00ns)   --->   "%B_addr_5 = getelementptr i32 %B, i64 0, i64 %zext_ln42_7" [hw3_kernels.cpp:42]   --->   Operation 89 'getelementptr' 'B_addr_5' <Predicate = true> <Delay = 0.00>
ST_3 : Operation 90 [1/1] (0.70ns)   --->   "%add_ln45 = add i6 %empty, i6 %zext_ln42" [hw3_kernels.cpp:45]   --->   Operation 90 'add' 'add_ln45' <Predicate = true> <Delay = 0.70> <CoreInst = "Adder">   --->   Core 1 'Adder' <Latency = 0> <II = 1> <Delay = 0.70> <FuncUnit> <Opcode : 'add' 'sub'> <InPorts = 2> <OutPorts = 1>
ST_3 : Operation 91 [1/2] (0.69ns)   --->   "%B_load_2 = load i6 %B_addr_2" [hw3_kernels.cpp:42]   --->   Operation 91 'load' 'B_load_2' <Predicate = true> <Delay = 0.69> <CoreInst = "RAM">   --->   Core 82 'RAM' <Latency = 1> <II = 1> <Delay = 0.69> <Storage> <Opcode : 'load' 'store'> <Ports = 2> <Width = 32> <Depth = 36> <RAM>
ST_3 : Operation 92 [1/2] (0.69ns)   --->   "%B_load_3 = load i6 %B_addr_3" [hw3_kernels.cpp:42]   --->   Operation 92 'load' 'B_load_3' <Predicate = true> <Delay = 0.69> <CoreInst = "RAM">   --->   Core 82 'RAM' <Latency = 1> <II = 1> <Delay = 0.69> <Storage> <Opcode : 'load' 'store'> <Ports = 2> <Width = 32> <Depth = 36> <RAM>
ST_3 : Operation 93 [2/2] (0.69ns)   --->   "%B_load_4 = load i6 %B_addr_4" [hw3_kernels.cpp:42]   --->   Operation 93 'load' 'B_load_4' <Predicate = true> <Delay = 0.69> <CoreInst = "RAM">   --->   Core 82 'RAM' <Latency = 1> <II = 1> <Delay = 0.69> <Storage> <Opcode : 'load' 'store'> <Ports = 2> <Width = 32> <Depth = 36> <RAM>
ST_3 : Operation 94 [2/2] (0.69ns)   --->   "%B_load_5 = load i6 %B_addr_5" [hw3_kernels.cpp:42]   --->   Operation 94 'load' 'B_load_5' <Predicate = true> <Delay = 0.69> <CoreInst = "RAM">   --->   Core 82 'RAM' <Latency = 1> <II = 1> <Delay = 0.69> <Storage> <Opcode : 'load' 'store'> <Ports = 2> <Width = 32> <Depth = 36> <RAM>
ST_3 : Operation 95 [1/1] (3.17ns)   --->   "%mul_ln42_1 = mul i32 %B_load_2, i32 %A_load_2" [hw3_kernels.cpp:42]   --->   Operation 95 'mul' 'mul_ln42_1' <Predicate = true> <Delay = 3.17> <CoreInst = "Multiplier">   --->   Core 3 'Multiplier' <Latency = 0> <II = 1> <Delay = 3.17> <FuncUnit> <Opcode : 'mul'> <InPorts = 2> <OutPorts = 1>
ST_3 : Operation 96 [1/1] (3.17ns)   --->   "%mul_ln42_4 = mul i32 %B_load_3, i32 %A_load_3" [hw3_kernels.cpp:42]   --->   Operation 96 'mul' 'mul_ln42_4' <Predicate = true> <Delay = 3.17> <CoreInst = "Multiplier">   --->   Core 3 'Multiplier' <Latency = 0> <II = 1> <Delay = 3.17> <FuncUnit> <Opcode : 'mul'> <InPorts = 2> <OutPorts = 1>
ST_3 : Operation 97 [1/1] (0.88ns)   --->   "%add_ln42 = add i32 %mul_ln42, i32 %mul_ln42_1" [hw3_kernels.cpp:42]   --->   Operation 97 'add' 'add_ln42' <Predicate = true> <Delay = 0.88> <CoreInst = "Adder">   --->   Core 1 'Adder' <Latency = 0> <II = 1> <Delay = 0.88> <FuncUnit> <Opcode : 'add' 'sub'> <InPorts = 2> <OutPorts = 1>
ST_3 : Operation 98 [1/1] (0.57ns)   --->   "%j = add i3 %select_ln37, i3 1" [hw3_kernels.cpp:38]   --->   Operation 98 'add' 'j' <Predicate = true> <Delay = 0.57> <CoreInst = "Adder">   --->   Core 1 'Adder' <Latency = 0> <II = 1> <Delay = 0.57> <FuncUnit> <Opcode : 'add' 'sub'> <InPorts = 2> <OutPorts = 1>
ST_3 : Operation 99 [1/1] (0.70ns)   --->   "%add_ln37_1 = add i6 %indvar_flatten1_load, i6 1" [hw3_kernels.cpp:37]   --->   Operation 99 'add' 'add_ln37_1' <Predicate = true> <Delay = 0.70> <CoreInst = "Adder">   --->   Core 1 'Adder' <Latency = 0> <II = 1> <Delay = 0.70> <FuncUnit> <Opcode : 'add' 'sub'> <InPorts = 2> <OutPorts = 1>
ST_3 : Operation 100 [1/1] (0.57ns)   --->   "%icmp_ln38 = icmp_eq  i3 %j, i3 6" [hw3_kernels.cpp:38]   --->   Operation 100 'icmp' 'icmp_ln38' <Predicate = true> <Delay = 0.57> <CoreInst = "Cmp">   --->   Core 9 'Cmp' <Latency = 0> <II = 1> <Delay = 0.57> <FuncUnit> <Opcode : 'seteq' 'setne' 'setle' 'setge' 'setlt' 'setgt'> <InPorts = 2> <OutPorts = 1>
ST_3 : Operation 101 [1/1] (0.70ns)   --->   "%icmp_ln37 = icmp_eq  i6 %indvar_flatten1_load, i6 35" [hw3_kernels.cpp:37]   --->   Operation 101 'icmp' 'icmp_ln37' <Predicate = true> <Delay = 0.70> <CoreInst = "Cmp">   --->   Core 9 'Cmp' <Latency = 0> <II = 1> <Delay = 0.70> <FuncUnit> <Opcode : 'seteq' 'setne' 'setle' 'setge' 'setlt' 'setgt'> <InPorts = 2> <OutPorts = 1>
ST_3 : Operation 102 [1/1] (0.38ns)   --->   "%store_ln38 = store i3 %j, i3 %j3" [hw3_kernels.cpp:38]   --->   Operation 102 'store' 'store_ln38' <Predicate = true> <Delay = 0.38>
ST_3 : Operation 103 [1/1] (0.38ns)   --->   "%store_ln37 = store i6 %add_ln37_1, i6 %indvar_flatten1" [hw3_kernels.cpp:37]   --->   Operation 103 'store' 'store_ln37' <Predicate = true> <Delay = 0.38>
ST_3 : Operation 104 [1/1] (0.00ns)   --->   "%br_ln37 = br i1 %icmp_ln37, void %for.inc22, void %for.end24" [hw3_kernels.cpp:37]   --->   Operation 104 'br' 'br_ln37' <Predicate = true> <Delay = 0.00>

State 4 <SV = 3> <Delay = 6.03>
ST_4 : Operation 105 [1/1] (0.00ns)   --->   "%specloopname_ln0 = specloopname void @_ssdm_op_SpecLoopName, void @VITIS_LOOP_37_1_VITIS_LOOP_38_2_str"   --->   Operation 105 'specloopname' 'specloopname_ln0' <Predicate = true> <Delay = 0.00>
ST_4 : Operation 106 [1/1] (0.00ns)   --->   "%speclooptripcount_ln0 = speclooptripcount void @_ssdm_op_SpecLoopTripCount, i64 36, i64 36, i64 36"   --->   Operation 106 'speclooptripcount' 'speclooptripcount_ln0' <Predicate = true> <Delay = 0.00>
ST_4 : Operation 107 [1/2] (0.69ns)   --->   "%A_load_4 = load i6 %A_addr_4" [hw3_kernels.cpp:37]   --->   Operation 107 'load' 'A_load_4' <Predicate = true> <Delay = 0.69> <CoreInst = "RAM">   --->   Core 82 'RAM' <Latency = 1> <II = 1> <Delay = 0.69> <Storage> <Opcode : 'load' 'store'> <Ports = 2> <Width = 32> <Depth = 36> <RAM>
ST_4 : Operation 108 [1/2] (0.69ns)   --->   "%A_load_5 = load i6 %A_addr_5" [hw3_kernels.cpp:37]   --->   Operation 108 'load' 'A_load_5' <Predicate = true> <Delay = 0.69> <CoreInst = "RAM">   --->   Core 82 'RAM' <Latency = 1> <II = 1> <Delay = 0.69> <Storage> <Opcode : 'load' 'store'> <Ports = 2> <Width = 32> <Depth = 36> <RAM>
ST_4 : Operation 109 [1/1] (0.00ns)   --->   "%zext_ln45 = zext i6 %add_ln45" [hw3_kernels.cpp:45]   --->   Operation 109 'zext' 'zext_ln45' <Predicate = true> <Delay = 0.00>
ST_4 : Operation 110 [1/1] (0.00ns)   --->   "%C_addr = getelementptr i32 %C, i64 0, i64 %zext_ln45" [hw3_kernels.cpp:45]   --->   Operation 110 'getelementptr' 'C_addr' <Predicate = true> <Delay = 0.00>
ST_4 : Operation 111 [1/1] (0.00ns)   --->   "%specpipeline_ln38 = specpipeline void @_ssdm_op_SpecPipeline, i32 4294967295, i32 0, i32 0, i32 0, void @empty_0" [hw3_kernels.cpp:38]   --->   Operation 111 'specpipeline' 'specpipeline_ln38' <Predicate = true> <Delay = 0.00>
ST_4 : Operation 112 [1/2] (0.69ns)   --->   "%B_load_4 = load i6 %B_addr_4" [hw3_kernels.cpp:42]   --->   Operation 112 'load' 'B_load_4' <Predicate = true> <Delay = 0.69> <CoreInst = "RAM">   --->   Core 82 'RAM' <Latency = 1> <II = 1> <Delay = 0.69> <Storage> <Opcode : 'load' 'store'> <Ports = 2> <Width = 32> <Depth = 36> <RAM>
ST_4 : Operation 113 [1/2] (0.69ns)   --->   "%B_load_5 = load i6 %B_addr_5" [hw3_kernels.cpp:42]   --->   Operation 113 'load' 'B_load_5' <Predicate = true> <Delay = 0.69> <CoreInst = "RAM">   --->   Core 82 'RAM' <Latency = 1> <II = 1> <Delay = 0.69> <Storage> <Opcode : 'load' 'store'> <Ports = 2> <Width = 32> <Depth = 36> <RAM>
ST_4 : Operation 114 [1/1] (3.17ns)   --->   "%mul_ln42_3 = mul i32 %B_load_5, i32 %A_load_5" [hw3_kernels.cpp:42]   --->   Operation 114 'mul' 'mul_ln42_3' <Predicate = true> <Delay = 3.17> <CoreInst = "Multiplier">   --->   Core 3 'Multiplier' <Latency = 0> <II = 1> <Delay = 3.17> <FuncUnit> <Opcode : 'mul'> <InPorts = 2> <OutPorts = 1>
ST_4 : Operation 115 [1/1] (3.17ns)   --->   "%mul_ln42_5 = mul i32 %B_load_4, i32 %A_load_4" [hw3_kernels.cpp:42]   --->   Operation 115 'mul' 'mul_ln42_5' <Predicate = true> <Delay = 3.17> <CoreInst = "Multiplier">   --->   Core 3 'Multiplier' <Latency = 0> <II = 1> <Delay = 3.17> <FuncUnit> <Opcode : 'mul'> <InPorts = 2> <OutPorts = 1>
ST_4 : Operation 116 [1/1] (0.00ns) (grouped into TernaryAdder)   --->   "%add_ln42_1 = add i32 %add_ln42, i32 %mul_ln42_2" [hw3_kernels.cpp:42]   --->   Operation 116 'add' 'add_ln42_1' <Predicate = true> <Delay = 0.00> <CoreInst = "TAddSub">   --->   Core 10 'TAddSub' <Latency = 0> <II = 1> <Delay = 0.36> <IPBlock> <Opcode : '' 'add' 'sub'> <InPorts = 3> <OutPorts = 1> <Sync> <CReg>
ST_4 : Operation 117 [1/1] (0.00ns) (grouped into TernaryAdder)   --->   "%add_ln42_2 = add i32 %mul_ln42_5, i32 %mul_ln42_3" [hw3_kernels.cpp:42]   --->   Operation 117 'add' 'add_ln42_2' <Predicate = true> <Delay = 0.00> <CoreInst = "TAddSub">   --->   Core 10 'TAddSub' <Latency = 0> <II = 1> <Delay = 0.36> <IPBlock> <Opcode : '' 'add' 'sub'> <InPorts = 3> <OutPorts = 1> <Sync> <CReg>
ST_4 : Operation 118 [1/1] (0.73ns) (root node of TernaryAdder)   --->   "%add_ln42_3 = add i32 %add_ln42_2, i32 %mul_ln42_4" [hw3_kernels.cpp:42]   --->   Operation 118 'add' 'add_ln42_3' <Predicate = true> <Delay = 0.73> <CoreInst = "TAddSub">   --->   Core 10 'TAddSub' <Latency = 0> <II = 1> <Delay = 0.36> <IPBlock> <Opcode : '' 'add' 'sub'> <InPorts = 3> <OutPorts = 1> <Sync> <CReg>
ST_4 : Operation 119 [1/1] (0.73ns) (root node of TernaryAdder)   --->   "%sum = add i32 %add_ln42_3, i32 %add_ln42_1" [hw3_kernels.cpp:42]   --->   Operation 119 'add' 'sum' <Predicate = true> <Delay = 0.73> <CoreInst = "TAddSub">   --->   Core 10 'TAddSub' <Latency = 0> <II = 1> <Delay = 0.36> <IPBlock> <Opcode : '' 'add' 'sub'> <InPorts = 3> <OutPorts = 1> <Sync> <CReg>
ST_4 : Operation 120 [1/1] (0.69ns)   --->   "%store_ln45 = store i32 %sum, i6 %C_addr" [hw3_kernels.cpp:45]   --->   Operation 120 'store' 'store_ln45' <Predicate = true> <Delay = 0.69> <CoreInst = "RAM">   --->   Core 82 'RAM' <Latency = 1> <II = 1> <Delay = 0.69> <Storage> <Opcode : 'load' 'store'> <Ports = 2> <Width = 32> <Depth = 36> <RAM>
ST_4 : Operation 121 [1/1] (0.38ns)   --->   "%ret_ln48 = ret" [hw3_kernels.cpp:48]   --->   Operation 121 'ret' 'ret_ln48' <Predicate = (icmp_ln37)> <Delay = 0.38>


============================================================
+ Verbose Summary: Timing violations
============================================================
Target clock period: 25.000ns, clock uncertainty: 6.750ns.

 <State 1>: 2.643ns
The critical path consists of the following:
	'store' operation 0 bit ('store_ln0') of constant 0 on local variable 'i2' [15]  (0.387 ns)
	'load' operation 3 bit ('i2_load', hw3_kernels.cpp:37) on local variable 'i2' [21]  (0.000 ns)
	'add' operation 3 bit ('add_ln37', hw3_kernels.cpp:37) [23]  (0.572 ns)
	'select' operation 3 bit ('i', hw3_kernels.cpp:37) [27]  (0.278 ns)
	'sub' operation 6 bit ('empty', hw3_kernels.cpp:37) [31]  (0.706 ns)
	'getelementptr' operation 6 bit ('A_addr', hw3_kernels.cpp:37) [33]  (0.000 ns)
	'load' operation 32 bit ('A_load', hw3_kernels.cpp:37) on array 'A' [50]  (0.699 ns)

 <State 2>: 3.869ns
The critical path consists of the following:
	'load' operation 32 bit ('A_load', hw3_kernels.cpp:37) on array 'A' [50]  (0.699 ns)
	'mul' operation 32 bit ('mul_ln42', hw3_kernels.cpp:42) [87]  (3.170 ns)

 <State 3>: 4.749ns
The critical path consists of the following:
	'load' operation 32 bit ('A_load_2', hw3_kernels.cpp:37) on array 'A' [52]  (0.699 ns)
	'mul' operation 32 bit ('mul_ln42_1', hw3_kernels.cpp:42) [88]  (3.170 ns)
	'add' operation 32 bit ('add_ln42', hw3_kernels.cpp:42) [93]  (0.880 ns)

 <State 4>: 6.030ns
The critical path consists of the following:
	'load' operation 32 bit ('A_load_4', hw3_kernels.cpp:37) on array 'A' [54]  (0.699 ns)
	'mul' operation 32 bit ('mul_ln42_5', hw3_kernels.cpp:42) [92]  (3.170 ns)
	'add' operation 32 bit ('add_ln42_2', hw3_kernels.cpp:42) [95]  (0.000 ns)
	'add' operation 32 bit ('add_ln42_3', hw3_kernels.cpp:42) [96]  (0.731 ns)
	'add' operation 32 bit ('sum', hw3_kernels.cpp:42) [97]  (0.731 ns)
	'store' operation 0 bit ('store_ln45', hw3_kernels.cpp:45) of variable 'sum', hw3_kernels.cpp:42 on array 'C' [98]  (0.699 ns)


============================================================
+ Verbose Summary: Binding
============================================================
N/A
* FSMD analyzer results:
  - Output states:
 - Input state : 
  - Chain level:
	State 1
	State 2
	State 3
	State 4


============================================================
+ Verbose Summary: Datapath Resource usage 
============================================================
N/A
