==============================================================
Vitis HLS - High-Level Synthesis from C, C++ and OpenCL v2024.1 (64-bit)
Tool Version Limit: 2024.05
Copyright 1986-2022 Xilinx, Inc. All Rights Reserved.
Copyright 2022-2024 Advanced Micro Devices, Inc. All Rights Reserved.

==============================================================
INFO: [HLS 200-1505] Using flow_target 'vivado'
INFO: [HLS 200-1510] Running: set_part xcvu13p-fsga2577-2-e 
INFO: [HLS 200-1510] Running: create_clock -period 25 -name default 
INFO: [SYN 201-201] Setting up clock 'default' with a period of 25ns.
INFO: [HLS 200-1510] Running: csim_design 
INFO: [SIM 211-2] *************** CSIM start ***************
INFO: [SIM 211-4] CSIM will launch CLANG as the compiler.
INFO: [HLS 200-2036] Building debug C Simulation binaries
INFO: [SIM 211-1] CSim done with 0 errors.
INFO: [SIM 211-3] *************** CSIM finish ***************
INFO: [HLS 200-2161] Finished Command csim_design Elapsed time: 00:00:01; Allocated memory: 0.000 MB.
INFO: [HLS 200-1510] Running: csynth_design 
INFO: [HLS 200-111] Finished File checks and directory preparation: CPU user time: 0.16 seconds. CPU system time: 0.03 seconds. Elapsed time: 0.19 seconds; current allocated memory: 516.715 MB.
INFO: [HLS 200-10] Analyzing design file 'hw3_kernels.cpp' ... 
INFO: [HLS 200-111] Finished Source Code Analysis and Preprocessing: CPU user time: 0.72 seconds. CPU system time: 0.89 seconds. Elapsed time: 1.72 seconds; current allocated memory: 516.715 MB.
INFO: [HLS 200-777] Using interface defaults for 'Vivado' flow target.
INFO: [HLS 200-1995] There were 51 instructions in the design after the 'Compile/Link' phase of compilation. See the Design Size Report for more details: /scratch/emettner/fpga-tachep-studies/HW3/hw3_matrix_mult_partition_one_dim/solution1/syn/report/csynth_design_size.rpt
INFO: [HLS 200-1995] There were 58 instructions in the design after the 'Unroll/Inline (step 1)' phase of compilation. See the Design Size Report for more details: /scratch/emettner/fpga-tachep-studies/HW3/hw3_matrix_mult_partition_one_dim/solution1/syn/report/csynth_design_size.rpt
INFO: [HLS 200-1995] There were 53 instructions in the design after the 'Unroll/Inline (step 2)' phase of compilation. See the Design Size Report for more details: /scratch/emettner/fpga-tachep-studies/HW3/hw3_matrix_mult_partition_one_dim/solution1/syn/report/csynth_design_size.rpt
INFO: [HLS 200-1995] There were 51 instructions in the design after the 'Unroll/Inline (step 3)' phase of compilation. See the Design Size Report for more details: /scratch/emettner/fpga-tachep-studies/HW3/hw3_matrix_mult_partition_one_dim/solution1/syn/report/csynth_design_size.rpt
INFO: [HLS 200-1995] There were 51 instructions in the design after the 'Unroll/Inline (step 4)' phase of compilation. See the Design Size Report for more details: /scratch/emettner/fpga-tachep-studies/HW3/hw3_matrix_mult_partition_one_dim/solution1/syn/report/csynth_design_size.rpt
INFO: [HLS 200-1995] There were 128 instructions in the design after the 'Array/Struct (step 1)' phase of compilation. See the Design Size Report for more details: /scratch/emettner/fpga-tachep-studies/HW3/hw3_matrix_mult_partition_one_dim/solution1/syn/report/csynth_design_size.rpt
INFO: [HLS 200-1995] There were 62 instructions in the design after the 'Array/Struct (step 2)' phase of compilation. See the Design Size Report for more details: /scratch/emettner/fpga-tachep-studies/HW3/hw3_matrix_mult_partition_one_dim/solution1/syn/report/csynth_design_size.rpt
INFO: [HLS 200-1995] There were 62 instructions in the design after the 'Array/Struct (step 3)' phase of compilation. See the Design Size Report for more details: /scratch/emettner/fpga-tachep-studies/HW3/hw3_matrix_mult_partition_one_dim/solution1/syn/report/csynth_design_size.rpt
INFO: [HLS 200-1995] There were 62 instructions in the design after the 'Array/Struct (step 4)' phase of compilation. See the Design Size Report for more details: /scratch/emettner/fpga-tachep-studies/HW3/hw3_matrix_mult_partition_one_dim/solution1/syn/report/csynth_design_size.rpt
INFO: [HLS 200-1995] There were 62 instructions in the design after the 'Array/Struct (step 5)' phase of compilation. See the Design Size Report for more details: /scratch/emettner/fpga-tachep-studies/HW3/hw3_matrix_mult_partition_one_dim/solution1/syn/report/csynth_design_size.rpt
INFO: [HLS 200-1995] There were 62 instructions in the design after the 'Performance (step 1)' phase of compilation. See the Design Size Report for more details: /scratch/emettner/fpga-tachep-studies/HW3/hw3_matrix_mult_partition_one_dim/solution1/syn/report/csynth_design_size.rpt
INFO: [HLS 200-1995] There were 182 instructions in the design after the 'Performance (step 2)' phase of compilation. See the Design Size Report for more details: /scratch/emettner/fpga-tachep-studies/HW3/hw3_matrix_mult_partition_one_dim/solution1/syn/report/csynth_design_size.rpt
INFO: [HLS 200-1995] There were 182 instructions in the design after the 'Performance (step 3)' phase of compilation. See the Design Size Report for more details: /scratch/emettner/fpga-tachep-studies/HW3/hw3_matrix_mult_partition_one_dim/solution1/syn/report/csynth_design_size.rpt
INFO: [HLS 200-1995] There were 182 instructions in the design after the 'Performance (step 4)' phase of compilation. See the Design Size Report for more details: /scratch/emettner/fpga-tachep-studies/HW3/hw3_matrix_mult_partition_one_dim/solution1/syn/report/csynth_design_size.rpt
INFO: [HLS 200-1995] There were 194 instructions in the design after the 'HW Transforms (step 1)' phase of compilation. See the Design Size Report for more details: /scratch/emettner/fpga-tachep-studies/HW3/hw3_matrix_mult_partition_one_dim/solution1/syn/report/csynth_design_size.rpt
INFO: [HLS 200-1995] There were 199 instructions in the design after the 'HW Transforms (step 2)' phase of compilation. See the Design Size Report for more details: /scratch/emettner/fpga-tachep-studies/HW3/hw3_matrix_mult_partition_one_dim/solution1/syn/report/csynth_design_size.rpt
INFO: [HLS 214-186] Unrolling loop 'VITIS_LOOP_66_3' (hw3_kernels.cpp:66:30) in function 'matrix_mult_partition_one_dim' completely with a factor of 6 (hw3_kernels.cpp:54:0)
INFO: [HLS 214-248] Applying array_partition to 'A': Complete partitioning on dimension 2. (hw3_kernels.cpp:54:0)
INFO: [HLS 214-248] Applying array_partition to 'B': Complete partitioning on dimension 1. (hw3_kernels.cpp:54:0)
INFO: [HLS 214-376] automatically set the pipeline for Loop< VITIS_LOOP_62_1> at hw3_kernels.cpp:62:19 
INFO: [HLS 214-291] Loop 'VITIS_LOOP_63_2' is marked as complete unroll implied by the pipeline pragma (hw3_kernels.cpp:63:26)
INFO: [HLS 214-186] Unrolling loop 'VITIS_LOOP_63_2' (hw3_kernels.cpp:63:26) in function 'matrix_mult_partition_one_dim' completely with a factor of 6 (hw3_kernels.cpp:54:0)
INFO: [HLS 200-111] Finished Compiling Optimization and Transform: CPU user time: 3.89 seconds. CPU system time: 0.87 seconds. Elapsed time: 9.05 seconds; current allocated memory: 516.715 MB.
INFO: [HLS 200-111] Finished Checking Pragmas: CPU user time: 0 seconds. CPU system time: 0 seconds. Elapsed time: 0 seconds; current allocated memory: 516.715 MB.
INFO: [HLS 200-10] Starting code transformations ...
INFO: [HLS 200-111] Finished Standard Transforms: CPU user time: 0.02 seconds. CPU system time: 0 seconds. Elapsed time: 0.02 seconds; current allocated memory: 516.715 MB.
INFO: [HLS 200-10] Checking synthesizability ...
INFO: [HLS 200-111] Finished Checking Synthesizability: CPU user time: 0.03 seconds. CPU system time: 0.01 seconds. Elapsed time: 0.02 seconds; current allocated memory: 516.715 MB.
INFO: [XFORM 203-11] Balancing expressions in function 'matrix_mult_partition_one_dim' (hw3_kernels.cpp:50:19)...30 expression(s) balanced.
INFO: [HLS 200-111] Finished Loop, function and other optimizations: CPU user time: 0.07 seconds. CPU system time: 0.01 seconds. Elapsed time: 0.09 seconds; current allocated memory: 536.578 MB.
INFO: [HLS 200-111] Finished Architecture Synthesis: CPU user time: 0.09 seconds. CPU system time: 0 seconds. Elapsed time: 0.09 seconds; current allocated memory: 536.078 MB.
INFO: [HLS 200-10] Starting hardware synthesis ...
INFO: [HLS 200-10] Synthesizing 'matrix_mult_partition_one_dim' ...
INFO: [HLS 200-10] ----------------------------------------------------------------
INFO: [HLS 200-42] -- Implementing module 'matrix_mult_partition_one_dim_Pipeline_VITIS_LOOP_62_1' 
INFO: [HLS 200-10] ----------------------------------------------------------------
INFO: [SCHED 204-11] Starting scheduling ...
INFO: [SCHED 204-61] Pipelining loop 'VITIS_LOOP_62_1'.
WARNING: [HLS 200-885] The II Violation in module 'matrix_mult_partition_one_dim_Pipeline_VITIS_LOOP_62_1' (loop 'VITIS_LOOP_62_1'): Unable to schedule 'store' operation 0 bit ('C_addr_1_write_ln71', hw3_kernels.cpp:71) of variable 'sum', hw3_kernels.cpp:68 on array 'C' due to limited memory ports (II = 1). Please consider using a memory core with more ports or partitioning the array 'C'.
WARNING: [HLS 200-885] The II Violation in module 'matrix_mult_partition_one_dim_Pipeline_VITIS_LOOP_62_1' (loop 'VITIS_LOOP_62_1'): Unable to schedule 'store' operation 0 bit ('C_addr_3_write_ln71', hw3_kernels.cpp:71) of variable 'sum', hw3_kernels.cpp:68 on array 'C' due to limited memory ports (II = 2). Please consider using a memory core with more ports or partitioning the array 'C'.
INFO: [HLS 200-1470] Pipelining result : Target II = NA, Final II = 3, Depth = 4, loop 'VITIS_LOOP_62_1'
INFO: [SCHED 204-11] Finished scheduling.
INFO: [HLS 200-111] Finished Scheduling: CPU user time: 0.6 seconds. CPU system time: 0.03 seconds. Elapsed time: 0.66 seconds; current allocated memory: 536.961 MB.
INFO: [BIND 205-100] Starting micro-architecture generation ...
INFO: [BIND 205-101] Performing variable lifetime analysis.
INFO: [BIND 205-101] Exploring resource sharing.
INFO: [BIND 205-101] Binding ...
INFO: [BIND 205-100] Finished micro-architecture generation.
INFO: [HLS 200-111] Finished Binding: CPU user time: 0.05 seconds. CPU system time: 0.02 seconds. Elapsed time: 0.08 seconds; current allocated memory: 536.961 MB.
INFO: [HLS 200-10] ----------------------------------------------------------------
INFO: [HLS 200-42] -- Implementing module 'matrix_mult_partition_one_dim' 
INFO: [HLS 200-10] ----------------------------------------------------------------
INFO: [SCHED 204-11] Starting scheduling ...
INFO: [SCHED 204-11] Finished scheduling.
INFO: [HLS 200-111] Finished Scheduling: CPU user time: 0.13 seconds. CPU system time: 0.01 seconds. Elapsed time: 0.16 seconds; current allocated memory: 536.961 MB.
INFO: [BIND 205-100] Starting micro-architecture generation ...
INFO: [BIND 205-101] Performing variable lifetime analysis.
INFO: [BIND 205-101] Exploring resource sharing.
INFO: [BIND 205-101] Binding ...
INFO: [BIND 205-100] Finished micro-architecture generation.
INFO: [HLS 200-111] Finished Binding: CPU user time: 0.04 seconds. CPU system time: 0 seconds. Elapsed time: 0.06 seconds; current allocated memory: 536.961 MB.
INFO: [HLS 200-10] ----------------------------------------------------------------
INFO: [HLS 200-10] -- Generating RTL for module 'matrix_mult_partition_one_dim_Pipeline_VITIS_LOOP_62_1' 
INFO: [HLS 200-10] ----------------------------------------------------------------
INFO: [HLS 200-1030] Apply Unified Pipeline Control on module 'matrix_mult_partition_one_dim_Pipeline_VITIS_LOOP_62_1' pipeline 'VITIS_LOOP_62_1' pipeline type 'loop pipeline'
WARNING: [RTGEN 206-101] Setting dangling out port 'matrix_mult_partition_one_dim_Pipeline_VITIS_LOOP_62_1/A_0_WEN_A' to 0.
WARNING: [RTGEN 206-101] Setting dangling out port 'matrix_mult_partition_one_dim_Pipeline_VITIS_LOOP_62_1/A_0_Din_A' to 0.
WARNING: [RTGEN 206-101] Setting dangling out port 'matrix_mult_partition_one_dim_Pipeline_VITIS_LOOP_62_1/A_1_WEN_A' to 0.
WARNING: [RTGEN 206-101] Setting dangling out port 'matrix_mult_partition_one_dim_Pipeline_VITIS_LOOP_62_1/A_1_Din_A' to 0.
WARNING: [RTGEN 206-101] Setting dangling out port 'matrix_mult_partition_one_dim_Pipeline_VITIS_LOOP_62_1/A_2_WEN_A' to 0.
WARNING: [RTGEN 206-101] Setting dangling out port 'matrix_mult_partition_one_dim_Pipeline_VITIS_LOOP_62_1/A_2_Din_A' to 0.
WARNING: [RTGEN 206-101] Setting dangling out port 'matrix_mult_partition_one_dim_Pipeline_VITIS_LOOP_62_1/A_3_WEN_A' to 0.
WARNING: [RTGEN 206-101] Setting dangling out port 'matrix_mult_partition_one_dim_Pipeline_VITIS_LOOP_62_1/A_3_Din_A' to 0.
WARNING: [RTGEN 206-101] Setting dangling out port 'matrix_mult_partition_one_dim_Pipeline_VITIS_LOOP_62_1/A_4_WEN_A' to 0.
WARNING: [RTGEN 206-101] Setting dangling out port 'matrix_mult_partition_one_dim_Pipeline_VITIS_LOOP_62_1/A_4_Din_A' to 0.
WARNING: [RTGEN 206-101] Setting dangling out port 'matrix_mult_partition_one_dim_Pipeline_VITIS_LOOP_62_1/A_5_WEN_A' to 0.
WARNING: [RTGEN 206-101] Setting dangling out port 'matrix_mult_partition_one_dim_Pipeline_VITIS_LOOP_62_1/A_5_Din_A' to 0.
INFO: [RTGEN 206-100] Generating core module 'mul_32s_32s_32_1_1': 12 instance(s).
INFO: [RTGEN 206-100] Finished creating RTL model for 'matrix_mult_partition_one_dim_Pipeline_VITIS_LOOP_62_1'.
INFO: [HLS 200-111] Finished Creating RTL model: CPU user time: 0.11 seconds. CPU system time: 0.01 seconds. Elapsed time: 0.24 seconds; current allocated memory: 536.961 MB.
INFO: [HLS 200-10] ----------------------------------------------------------------
INFO: [HLS 200-10] -- Generating RTL for module 'matrix_mult_partition_one_dim' 
INFO: [HLS 200-10] ----------------------------------------------------------------
INFO: [RTGEN 206-500] Setting interface mode on port 'matrix_mult_partition_one_dim/A_0' to 'bram'.
INFO: [RTGEN 206-500] Setting interface mode on port 'matrix_mult_partition_one_dim/A_1' to 'bram'.
INFO: [RTGEN 206-500] Setting interface mode on port 'matrix_mult_partition_one_dim/A_2' to 'bram'.
INFO: [RTGEN 206-500] Setting interface mode on port 'matrix_mult_partition_one_dim/A_3' to 'bram'.
INFO: [RTGEN 206-500] Setting interface mode on port 'matrix_mult_partition_one_dim/A_4' to 'bram'.
INFO: [RTGEN 206-500] Setting interface mode on port 'matrix_mult_partition_one_dim/A_5' to 'bram'.
INFO: [RTGEN 206-500] Setting interface mode on port 'matrix_mult_partition_one_dim/B_0' to 'bram'.
INFO: [RTGEN 206-500] Setting interface mode on port 'matrix_mult_partition_one_dim/B_1' to 'bram'.
INFO: [RTGEN 206-500] Setting interface mode on port 'matrix_mult_partition_one_dim/B_2' to 'bram'.
INFO: [RTGEN 206-500] Setting interface mode on port 'matrix_mult_partition_one_dim/B_3' to 'bram'.
INFO: [RTGEN 206-500] Setting interface mode on port 'matrix_mult_partition_one_dim/B_4' to 'bram'.
INFO: [RTGEN 206-500] Setting interface mode on port 'matrix_mult_partition_one_dim/B_5' to 'bram'.
INFO: [RTGEN 206-500] Setting interface mode on port 'matrix_mult_partition_one_dim/C' to 'bram'.
INFO: [RTGEN 206-500] Setting interface mode on function 'matrix_mult_partition_one_dim' to 'ap_ctrl_hs'.
WARNING: [RTGEN 206-101] Setting dangling out port 'matrix_mult_partition_one_dim/A_0_WEN_A' to 0.
WARNING: [RTGEN 206-101] Setting dangling out port 'matrix_mult_partition_one_dim/A_0_Din_A' to 0.
WARNING: [RTGEN 206-101] Setting dangling out port 'matrix_mult_partition_one_dim/A_1_WEN_A' to 0.
WARNING: [RTGEN 206-101] Setting dangling out port 'matrix_mult_partition_one_dim/A_1_Din_A' to 0.
WARNING: [RTGEN 206-101] Setting dangling out port 'matrix_mult_partition_one_dim/A_2_WEN_A' to 0.
WARNING: [RTGEN 206-101] Setting dangling out port 'matrix_mult_partition_one_dim/A_2_Din_A' to 0.
WARNING: [RTGEN 206-101] Setting dangling out port 'matrix_mult_partition_one_dim/A_3_WEN_A' to 0.
WARNING: [RTGEN 206-101] Setting dangling out port 'matrix_mult_partition_one_dim/A_3_Din_A' to 0.
WARNING: [RTGEN 206-101] Setting dangling out port 'matrix_mult_partition_one_dim/A_4_WEN_A' to 0.
WARNING: [RTGEN 206-101] Setting dangling out port 'matrix_mult_partition_one_dim/A_4_Din_A' to 0.
WARNING: [RTGEN 206-101] Setting dangling out port 'matrix_mult_partition_one_dim/A_5_WEN_A' to 0.
WARNING: [RTGEN 206-101] Setting dangling out port 'matrix_mult_partition_one_dim/A_5_Din_A' to 0.
WARNING: [RTGEN 206-101] Setting dangling out port 'matrix_mult_partition_one_dim/B_0_WEN_A' to 0.
WARNING: [RTGEN 206-101] Setting dangling out port 'matrix_mult_partition_one_dim/B_0_Din_A' to 0.
WARNING: [RTGEN 206-101] Setting dangling out port 'matrix_mult_partition_one_dim/B_0_WEN_B' to 0.
WARNING: [RTGEN 206-101] Setting dangling out port 'matrix_mult_partition_one_dim/B_0_Din_B' to 0.
WARNING: [RTGEN 206-101] Setting dangling out port 'matrix_mult_partition_one_dim/B_1_WEN_A' to 0.
WARNING: [RTGEN 206-101] Setting dangling out port 'matrix_mult_partition_one_dim/B_1_Din_A' to 0.
WARNING: [RTGEN 206-101] Setting dangling out port 'matrix_mult_partition_one_dim/B_1_WEN_B' to 0.
WARNING: [RTGEN 206-101] Setting dangling out port 'matrix_mult_partition_one_dim/B_1_Din_B' to 0.
WARNING: [RTGEN 206-101] Setting dangling out port 'matrix_mult_partition_one_dim/B_2_WEN_A' to 0.
WARNING: [RTGEN 206-101] Setting dangling out port 'matrix_mult_partition_one_dim/B_2_Din_A' to 0.
WARNING: [RTGEN 206-101] Setting dangling out port 'matrix_mult_partition_one_dim/B_2_WEN_B' to 0.
WARNING: [RTGEN 206-101] Setting dangling out port 'matrix_mult_partition_one_dim/B_2_Din_B' to 0.
WARNING: [RTGEN 206-101] Setting dangling out port 'matrix_mult_partition_one_dim/B_3_WEN_A' to 0.
WARNING: [RTGEN 206-101] Setting dangling out port 'matrix_mult_partition_one_dim/B_3_Din_A' to 0.
WARNING: [RTGEN 206-101] Setting dangling out port 'matrix_mult_partition_one_dim/B_3_WEN_B' to 0.
WARNING: [RTGEN 206-101] Setting dangling out port 'matrix_mult_partition_one_dim/B_3_Din_B' to 0.
WARNING: [RTGEN 206-101] Setting dangling out port 'matrix_mult_partition_one_dim/B_4_WEN_A' to 0.
WARNING: [RTGEN 206-101] Setting dangling out port 'matrix_mult_partition_one_dim/B_4_Din_A' to 0.
WARNING: [RTGEN 206-101] Setting dangling out port 'matrix_mult_partition_one_dim/B_4_WEN_B' to 0.
WARNING: [RTGEN 206-101] Setting dangling out port 'matrix_mult_partition_one_dim/B_4_Din_B' to 0.
WARNING: [RTGEN 206-101] Setting dangling out port 'matrix_mult_partition_one_dim/B_5_WEN_A' to 0.
WARNING: [RTGEN 206-101] Setting dangling out port 'matrix_mult_partition_one_dim/B_5_Din_A' to 0.
WARNING: [RTGEN 206-101] Setting dangling out port 'matrix_mult_partition_one_dim/B_5_WEN_B' to 0.
WARNING: [RTGEN 206-101] Setting dangling out port 'matrix_mult_partition_one_dim/B_5_Din_B' to 0.
INFO: [RTGEN 206-100] Finished creating RTL model for 'matrix_mult_partition_one_dim'.
INFO: [HLS 200-111] Finished Creating RTL model: CPU user time: 0.27 seconds. CPU system time: 0.05 seconds. Elapsed time: 0.72 seconds; current allocated memory: 539.641 MB.
INFO: [HLS 200-111] Finished Generating all RTL models: CPU user time: 0.31 seconds. CPU system time: 0.04 seconds. Elapsed time: 0.35 seconds; current allocated memory: 542.676 MB.
INFO: [HLS 200-111] Finished Updating report files: CPU user time: 3.17 seconds. CPU system time: 0.07 seconds. Elapsed time: 3.26 seconds; current allocated memory: 546.996 MB.
INFO: [VHDL 208-304] Generating VHDL RTL for matrix_mult_partition_one_dim.
INFO: [VLOG 209-307] Generating Verilog RTL for matrix_mult_partition_one_dim.
INFO: [HLS 200-790] **** Loop Constraint Status: All loop constraints were NOT satisfied.
INFO: [HLS 200-789] **** Estimated Fmax: 161.84 MHz
INFO: [HLS 200-2161] Finished Command csynth_design Elapsed time: 00:00:16; Allocated memory: 30.355 MB.
INFO: [HLS 200-1510] Running: close_project 
