

================================================================
== Vitis HLS Report for 'matrix_mult_partition_both_dims'
================================================================
* Date:           Sun May  3 14:48:46 2026

* Version:        2024.1 (Build 5069499 on May 21 2024)
* Project:        hw3_matrix_mult_partition_both_dims
* Solution:       solution1 (Vivado IP Flow Target)
* Product family: virtexuplus
* Target device:  xcvu13p-fsga2577-2-e


================================================================
== Performance Estimates
================================================================
+ Timing: 
    * Summary: 
    +--------+----------+----------+------------+
    |  Clock |  Target  | Estimated| Uncertainty|
    +--------+----------+----------+------------+
    |ap_clk  |  25.00 ns|  5.964 ns|     6.75 ns|
    +--------+----------+----------+------------+

+ Latency: 
    * Summary: 
    +---------+---------+----------+----------+-----+-----+-----------------------------------------------+
    |  Latency (cycles) |  Latency (absolute) |  Interval |                    Pipeline                   |
    |   min   |   max   |    min   |    max   | min | max |                      Type                     |
    +---------+---------+----------+----------+-----+-----+-----------------------------------------------+
    |       37|       37|  0.925 us|  0.925 us|   36|   36|  loop auto-rewind stp(delay=0 clock cycles(s))|
    +---------+---------+----------+----------+-----+-----+-----------------------------------------------+

    + Detail: 
        * Instance: 
        N/A

        * Loop: 
        +-----------------------------------+---------+---------+----------+-----------+-----------+------+----------+
        |                                   |  Latency (cycles) | Iteration|  Initiation Interval  | Trip |          |
        |             Loop Name             |   min   |   max   |  Latency |  achieved |   target  | Count| Pipelined|
        +-----------------------------------+---------+---------+----------+-----------+-----------+------+----------+
        |- VITIS_LOOP_89_1_VITIS_LOOP_90_2  |       35|       35|         1|          1|          1|    36|       yes|
        +-----------------------------------+---------+---------+----------+-----------+-----------+------+----------+



================================================================
== Utilization Estimates
================================================================
* Summary: 
+---------------------+---------+-------+---------+---------+------+
|         Name        | BRAM_18K|  DSP  |    FF   |   LUT   | URAM |
+---------------------+---------+-------+---------+---------+------+
|DSP                  |        -|      -|        -|        -|     -|
|Expression           |        -|      -|        0|      229|     -|
|FIFO                 |        -|      -|        -|        -|     -|
|Instance             |        -|     18|        0|      492|     -|
|Memory               |        -|      -|        -|        -|     -|
|Multiplexer          |        -|      -|        0|       90|     -|
|Register             |        -|      -|       18|        -|     -|
+---------------------+---------+-------+---------+---------+------+
|Total                |        0|     18|       18|      811|     0|
+---------------------+---------+-------+---------+---------+------+
|Available SLR        |     1344|   3072|   864000|   432000|   320|
+---------------------+---------+-------+---------+---------+------+
|Utilization SLR (%)  |        0|     ~0|       ~0|       ~0|     0|
+---------------------+---------+-------+---------+---------+------+
|Available            |     5376|  12288|  3456000|  1728000|  1280|
+---------------------+---------+-------+---------+---------+------+
|Utilization (%)      |        0|     ~0|       ~0|       ~0|     0|
+---------------------+---------+-------+---------+---------+------+

+ Detail: 
    * Instance: 
    +---------------------------+-----------------------+---------+----+---+----+-----+
    |          Instance         |         Module        | BRAM_18K| DSP| FF| LUT| URAM|
    +---------------------------+-----------------------+---------+----+---+----+-----+
    |mul_32s_32s_32_1_1_U1      |mul_32s_32s_32_1_1     |        0|   3|  0|  20|    0|
    |mul_32s_32s_32_1_1_U2      |mul_32s_32s_32_1_1     |        0|   3|  0|  20|    0|
    |mul_32s_32s_32_1_1_U3      |mul_32s_32s_32_1_1     |        0|   3|  0|  20|    0|
    |mul_32s_32s_32_1_1_U4      |mul_32s_32s_32_1_1     |        0|   3|  0|  20|    0|
    |mul_32s_32s_32_1_1_U5      |mul_32s_32s_32_1_1     |        0|   3|  0|  20|    0|
    |mul_32s_32s_32_1_1_U6      |mul_32s_32s_32_1_1     |        0|   3|  0|  20|    0|
    |sparsemux_13_3_32_1_1_U7   |sparsemux_13_3_32_1_1  |        0|   0|  0|  31|    0|
    |sparsemux_13_3_32_1_1_U8   |sparsemux_13_3_32_1_1  |        0|   0|  0|  31|    0|
    |sparsemux_13_3_32_1_1_U9   |sparsemux_13_3_32_1_1  |        0|   0|  0|  31|    0|
    |sparsemux_13_3_32_1_1_U10  |sparsemux_13_3_32_1_1  |        0|   0|  0|  31|    0|
    |sparsemux_13_3_32_1_1_U11  |sparsemux_13_3_32_1_1  |        0|   0|  0|  31|    0|
    |sparsemux_13_3_32_1_1_U12  |sparsemux_13_3_32_1_1  |        0|   0|  0|  31|    0|
    |sparsemux_13_3_32_1_1_U13  |sparsemux_13_3_32_1_1  |        0|   0|  0|  31|    0|
    |sparsemux_13_3_32_1_1_U14  |sparsemux_13_3_32_1_1  |        0|   0|  0|  31|    0|
    |sparsemux_13_3_32_1_1_U15  |sparsemux_13_3_32_1_1  |        0|   0|  0|  31|    0|
    |sparsemux_13_3_32_1_1_U16  |sparsemux_13_3_32_1_1  |        0|   0|  0|  31|    0|
    |sparsemux_13_3_32_1_1_U17  |sparsemux_13_3_32_1_1  |        0|   0|  0|  31|    0|
    |sparsemux_13_3_32_1_1_U18  |sparsemux_13_3_32_1_1  |        0|   0|  0|  31|    0|
    +---------------------------+-----------------------+---------+----+---+----+-----+
    |Total                      |                       |        0|  18|  0| 492|    0|
    +---------------------------+-----------------------+---------+----+---+----+-----+

    * DSP: 
    N/A

    * Memory: 
    N/A

    * FIFO: 
    N/A

    * Expression: 
    +------------------------+----------+----+---+----+------------+------------+
    |      Variable Name     | Operation| DSP| FF| LUT| Bitwidth P0| Bitwidth P1|
    +------------------------+----------+----+---+----+------------+------------+
    |add_ln89_1_fu_1518_p2   |         +|   0|  0|  13|           6|           1|
    |add_ln89_fu_1536_p2     |         +|   0|  0|  10|           3|           1|
    |add_ln95_1_fu_1458_p2   |         +|   0|  0|  32|          32|          32|
    |add_ln95_2_fu_1464_p2   |         +|   0|  0|  32|          32|          32|
    |add_ln95_3_fu_1470_p2   |         +|   0|  0|  32|          32|          32|
    |add_ln95_fu_1452_p2     |         +|   0|  0|  39|          32|          32|
    |j_fu_1524_p2            |         +|   0|  0|  10|           3|           1|
    |sum_fu_1476_p2          |         +|   0|  0|  32|          32|          32|
    |icmp_ln89_fu_1542_p2    |      icmp|   0|  0|  13|           6|           6|
    |icmp_ln90_fu_1530_p2    |      icmp|   0|  0|  10|           3|           3|
    |i_fu_1048_p3            |    select|   0|  0|   3|           1|           3|
    |select_ln89_fu_1040_p3  |    select|   0|  0|   3|           1|           1|
    +------------------------+----------+----+---+----+------------+------------+
    |Total                   |          |   0|  0| 229|         183|         176|
    +------------------------+----------+----+---+----+------------+------------+

    * Multiplexer: 
    +---------------------------------------+----+-----------+-----+-----------+
    |                  Name                 | LUT| Input Size| Bits| Total Bits|
    +---------------------------------------+----+-----------+-----+-----------+
    |add_ln896_fu_286                       |   9|          2|    3|          6|
    |ap_done_int                            |   9|          2|    1|          2|
    |ap_phi_mux_icmp_ln905_phi_fu_977_p4    |   9|          2|    1|          2|
    |ap_sig_allocacmp_add_ln896_load        |   9|          2|    3|          6|
    |ap_sig_allocacmp_i3_load               |   9|          2|    3|          6|
    |ap_sig_allocacmp_indvar_flatten2_load  |   9|          2|    6|         12|
    |ap_sig_allocacmp_j4_load               |   9|          2|    3|          6|
    |i3_fu_278                              |   9|          2|    3|          6|
    |indvar_flatten2_fu_274                 |   9|          2|    6|         12|
    |j4_fu_282                              |   9|          2|    3|          6|
    +---------------------------------------+----+-----------+-----+-----------+
    |Total                                  |  90|         20|   32|         64|
    +---------------------------------------+----+-----------+-----+-----------+

    * Register: 
    +------------------------+---+----+-----+-----------+
    |          Name          | FF| LUT| Bits| Const Bits|
    +------------------------+---+----+-----+-----------+
    |add_ln896_fu_286        |  3|   0|    3|          0|
    |ap_CS_fsm               |  1|   0|    1|          0|
    |ap_done_reg             |  1|   0|    1|          0|
    |i3_fu_278               |  3|   0|    3|          0|
    |icmp_ln905_reg_974      |  1|   0|    1|          0|
    |indvar_flatten2_fu_274  |  6|   0|    6|          0|
    |j4_fu_282               |  3|   0|    3|          0|
    +------------------------+---+----+-----+-----------+
    |Total                   | 18|   0|   18|          0|
    +------------------------+---+----+-----+-----------+



================================================================
== Interface
================================================================
* Summary: 
+--------------+-----+-----+------------+---------------------------------+--------------+
|   RTL Ports  | Dir | Bits|  Protocol  |          Source Object          |    C Type    |
+--------------+-----+-----+------------+---------------------------------+--------------+
|ap_clk        |   in|    1|  ap_ctrl_hs|  matrix_mult_partition_both_dims|  return value|
|ap_rst        |   in|    1|  ap_ctrl_hs|  matrix_mult_partition_both_dims|  return value|
|ap_start      |   in|    1|  ap_ctrl_hs|  matrix_mult_partition_both_dims|  return value|
|ap_done       |  out|    1|  ap_ctrl_hs|  matrix_mult_partition_both_dims|  return value|
|ap_idle       |  out|    1|  ap_ctrl_hs|  matrix_mult_partition_both_dims|  return value|
|ap_ready      |  out|    1|  ap_ctrl_hs|  matrix_mult_partition_both_dims|  return value|
|A_0_0         |   in|   32|     ap_none|                            A_0_0|       pointer|
|A_0_1         |   in|   32|     ap_none|                            A_0_1|       pointer|
|A_0_2         |   in|   32|     ap_none|                            A_0_2|       pointer|
|A_0_3         |   in|   32|     ap_none|                            A_0_3|       pointer|
|A_0_4         |   in|   32|     ap_none|                            A_0_4|       pointer|
|A_0_5         |   in|   32|     ap_none|                            A_0_5|       pointer|
|A_1_0         |   in|   32|     ap_none|                            A_1_0|       pointer|
|A_1_1         |   in|   32|     ap_none|                            A_1_1|       pointer|
|A_1_2         |   in|   32|     ap_none|                            A_1_2|       pointer|
|A_1_3         |   in|   32|     ap_none|                            A_1_3|       pointer|
|A_1_4         |   in|   32|     ap_none|                            A_1_4|       pointer|
|A_1_5         |   in|   32|     ap_none|                            A_1_5|       pointer|
|A_2_0         |   in|   32|     ap_none|                            A_2_0|       pointer|
|A_2_1         |   in|   32|     ap_none|                            A_2_1|       pointer|
|A_2_2         |   in|   32|     ap_none|                            A_2_2|       pointer|
|A_2_3         |   in|   32|     ap_none|                            A_2_3|       pointer|
|A_2_4         |   in|   32|     ap_none|                            A_2_4|       pointer|
|A_2_5         |   in|   32|     ap_none|                            A_2_5|       pointer|
|A_3_0         |   in|   32|     ap_none|                            A_3_0|       pointer|
|A_3_1         |   in|   32|     ap_none|                            A_3_1|       pointer|
|A_3_2         |   in|   32|     ap_none|                            A_3_2|       pointer|
|A_3_3         |   in|   32|     ap_none|                            A_3_3|       pointer|
|A_3_4         |   in|   32|     ap_none|                            A_3_4|       pointer|
|A_3_5         |   in|   32|     ap_none|                            A_3_5|       pointer|
|A_4_0         |   in|   32|     ap_none|                            A_4_0|       pointer|
|A_4_1         |   in|   32|     ap_none|                            A_4_1|       pointer|
|A_4_2         |   in|   32|     ap_none|                            A_4_2|       pointer|
|A_4_3         |   in|   32|     ap_none|                            A_4_3|       pointer|
|A_4_4         |   in|   32|     ap_none|                            A_4_4|       pointer|
|A_4_5         |   in|   32|     ap_none|                            A_4_5|       pointer|
|A_5_0         |   in|   32|     ap_none|                            A_5_0|       pointer|
|A_5_1         |   in|   32|     ap_none|                            A_5_1|       pointer|
|A_5_2         |   in|   32|     ap_none|                            A_5_2|       pointer|
|A_5_3         |   in|   32|     ap_none|                            A_5_3|       pointer|
|A_5_4         |   in|   32|     ap_none|                            A_5_4|       pointer|
|A_5_5         |   in|   32|     ap_none|                            A_5_5|       pointer|
|B_0_0         |   in|   32|     ap_none|                            B_0_0|       pointer|
|B_0_1         |   in|   32|     ap_none|                            B_0_1|       pointer|
|B_0_2         |   in|   32|     ap_none|                            B_0_2|       pointer|
|B_0_3         |   in|   32|     ap_none|                            B_0_3|       pointer|
|B_0_4         |   in|   32|     ap_none|                            B_0_4|       pointer|
|B_0_5         |   in|   32|     ap_none|                            B_0_5|       pointer|
|B_1_0         |   in|   32|     ap_none|                            B_1_0|       pointer|
|B_1_1         |   in|   32|     ap_none|                            B_1_1|       pointer|
|B_1_2         |   in|   32|     ap_none|                            B_1_2|       pointer|
|B_1_3         |   in|   32|     ap_none|                            B_1_3|       pointer|
|B_1_4         |   in|   32|     ap_none|                            B_1_4|       pointer|
|B_1_5         |   in|   32|     ap_none|                            B_1_5|       pointer|
|B_2_0         |   in|   32|     ap_none|                            B_2_0|       pointer|
|B_2_1         |   in|   32|     ap_none|                            B_2_1|       pointer|
|B_2_2         |   in|   32|     ap_none|                            B_2_2|       pointer|
|B_2_3         |   in|   32|     ap_none|                            B_2_3|       pointer|
|B_2_4         |   in|   32|     ap_none|                            B_2_4|       pointer|
|B_2_5         |   in|   32|     ap_none|                            B_2_5|       pointer|
|B_3_0         |   in|   32|     ap_none|                            B_3_0|       pointer|
|B_3_1         |   in|   32|     ap_none|                            B_3_1|       pointer|
|B_3_2         |   in|   32|     ap_none|                            B_3_2|       pointer|
|B_3_3         |   in|   32|     ap_none|                            B_3_3|       pointer|
|B_3_4         |   in|   32|     ap_none|                            B_3_4|       pointer|
|B_3_5         |   in|   32|     ap_none|                            B_3_5|       pointer|
|B_4_0         |   in|   32|     ap_none|                            B_4_0|       pointer|
|B_4_1         |   in|   32|     ap_none|                            B_4_1|       pointer|
|B_4_2         |   in|   32|     ap_none|                            B_4_2|       pointer|
|B_4_3         |   in|   32|     ap_none|                            B_4_3|       pointer|
|B_4_4         |   in|   32|     ap_none|                            B_4_4|       pointer|
|B_4_5         |   in|   32|     ap_none|                            B_4_5|       pointer|
|B_5_0         |   in|   32|     ap_none|                            B_5_0|       pointer|
|B_5_1         |   in|   32|     ap_none|                            B_5_1|       pointer|
|B_5_2         |   in|   32|     ap_none|                            B_5_2|       pointer|
|B_5_3         |   in|   32|     ap_none|                            B_5_3|       pointer|
|B_5_4         |   in|   32|     ap_none|                            B_5_4|       pointer|
|B_5_5         |   in|   32|     ap_none|                            B_5_5|       pointer|
|C_0_0         |  out|   32|      ap_vld|                            C_0_0|       pointer|
|C_0_0_ap_vld  |  out|    1|      ap_vld|                            C_0_0|       pointer|
|C_0_1         |  out|   32|      ap_vld|                            C_0_1|       pointer|
|C_0_1_ap_vld  |  out|    1|      ap_vld|                            C_0_1|       pointer|
|C_0_2         |  out|   32|      ap_vld|                            C_0_2|       pointer|
|C_0_2_ap_vld  |  out|    1|      ap_vld|                            C_0_2|       pointer|
|C_0_3         |  out|   32|      ap_vld|                            C_0_3|       pointer|
|C_0_3_ap_vld  |  out|    1|      ap_vld|                            C_0_3|       pointer|
|C_0_4         |  out|   32|      ap_vld|                            C_0_4|       pointer|
|C_0_4_ap_vld  |  out|    1|      ap_vld|                            C_0_4|       pointer|
|C_0_5         |  out|   32|      ap_vld|                            C_0_5|       pointer|
|C_0_5_ap_vld  |  out|    1|      ap_vld|                            C_0_5|       pointer|
|C_1_0         |  out|   32|      ap_vld|                            C_1_0|       pointer|
|C_1_0_ap_vld  |  out|    1|      ap_vld|                            C_1_0|       pointer|
|C_1_1         |  out|   32|      ap_vld|                            C_1_1|       pointer|
|C_1_1_ap_vld  |  out|    1|      ap_vld|                            C_1_1|       pointer|
|C_1_2         |  out|   32|      ap_vld|                            C_1_2|       pointer|
|C_1_2_ap_vld  |  out|    1|      ap_vld|                            C_1_2|       pointer|
|C_1_3         |  out|   32|      ap_vld|                            C_1_3|       pointer|
|C_1_3_ap_vld  |  out|    1|      ap_vld|                            C_1_3|       pointer|
|C_1_4         |  out|   32|      ap_vld|                            C_1_4|       pointer|
|C_1_4_ap_vld  |  out|    1|      ap_vld|                            C_1_4|       pointer|
|C_1_5         |  out|   32|      ap_vld|                            C_1_5|       pointer|
|C_1_5_ap_vld  |  out|    1|      ap_vld|                            C_1_5|       pointer|
|C_2_0         |  out|   32|      ap_vld|                            C_2_0|       pointer|
|C_2_0_ap_vld  |  out|    1|      ap_vld|                            C_2_0|       pointer|
|C_2_1         |  out|   32|      ap_vld|                            C_2_1|       pointer|
|C_2_1_ap_vld  |  out|    1|      ap_vld|                            C_2_1|       pointer|
|C_2_2         |  out|   32|      ap_vld|                            C_2_2|       pointer|
|C_2_2_ap_vld  |  out|    1|      ap_vld|                            C_2_2|       pointer|
|C_2_3         |  out|   32|      ap_vld|                            C_2_3|       pointer|
|C_2_3_ap_vld  |  out|    1|      ap_vld|                            C_2_3|       pointer|
|C_2_4         |  out|   32|      ap_vld|                            C_2_4|       pointer|
|C_2_4_ap_vld  |  out|    1|      ap_vld|                            C_2_4|       pointer|
|C_2_5         |  out|   32|      ap_vld|                            C_2_5|       pointer|
|C_2_5_ap_vld  |  out|    1|      ap_vld|                            C_2_5|       pointer|
|C_3_0         |  out|   32|      ap_vld|                            C_3_0|       pointer|
|C_3_0_ap_vld  |  out|    1|      ap_vld|                            C_3_0|       pointer|
|C_3_1         |  out|   32|      ap_vld|                            C_3_1|       pointer|
|C_3_1_ap_vld  |  out|    1|      ap_vld|                            C_3_1|       pointer|
|C_3_2         |  out|   32|      ap_vld|                            C_3_2|       pointer|
|C_3_2_ap_vld  |  out|    1|      ap_vld|                            C_3_2|       pointer|
|C_3_3         |  out|   32|      ap_vld|                            C_3_3|       pointer|
|C_3_3_ap_vld  |  out|    1|      ap_vld|                            C_3_3|       pointer|
|C_3_4         |  out|   32|      ap_vld|                            C_3_4|       pointer|
|C_3_4_ap_vld  |  out|    1|      ap_vld|                            C_3_4|       pointer|
|C_3_5         |  out|   32|      ap_vld|                            C_3_5|       pointer|
|C_3_5_ap_vld  |  out|    1|      ap_vld|                            C_3_5|       pointer|
|C_4_0         |  out|   32|      ap_vld|                            C_4_0|       pointer|
|C_4_0_ap_vld  |  out|    1|      ap_vld|                            C_4_0|       pointer|
|C_4_1         |  out|   32|      ap_vld|                            C_4_1|       pointer|
|C_4_1_ap_vld  |  out|    1|      ap_vld|                            C_4_1|       pointer|
|C_4_2         |  out|   32|      ap_vld|                            C_4_2|       pointer|
|C_4_2_ap_vld  |  out|    1|      ap_vld|                            C_4_2|       pointer|
|C_4_3         |  out|   32|      ap_vld|                            C_4_3|       pointer|
|C_4_3_ap_vld  |  out|    1|      ap_vld|                            C_4_3|       pointer|
|C_4_4         |  out|   32|      ap_vld|                            C_4_4|       pointer|
|C_4_4_ap_vld  |  out|    1|      ap_vld|                            C_4_4|       pointer|
|C_4_5         |  out|   32|      ap_vld|                            C_4_5|       pointer|
|C_4_5_ap_vld  |  out|    1|      ap_vld|                            C_4_5|       pointer|
|C_5_0         |  out|   32|      ap_vld|                            C_5_0|       pointer|
|C_5_0_ap_vld  |  out|    1|      ap_vld|                            C_5_0|       pointer|
|C_5_1         |  out|   32|      ap_vld|                            C_5_1|       pointer|
|C_5_1_ap_vld  |  out|    1|      ap_vld|                            C_5_1|       pointer|
|C_5_2         |  out|   32|      ap_vld|                            C_5_2|       pointer|
|C_5_2_ap_vld  |  out|    1|      ap_vld|                            C_5_2|       pointer|
|C_5_3         |  out|   32|      ap_vld|                            C_5_3|       pointer|
|C_5_3_ap_vld  |  out|    1|      ap_vld|                            C_5_3|       pointer|
|C_5_4         |  out|   32|      ap_vld|                            C_5_4|       pointer|
|C_5_4_ap_vld  |  out|    1|      ap_vld|                            C_5_4|       pointer|
|C_5_5         |  out|   32|      ap_vld|                            C_5_5|       pointer|
|C_5_5_ap_vld  |  out|    1|      ap_vld|                            C_5_5|       pointer|
+--------------+-----+-----+------------+---------------------------------+--------------+

