/scratch/emettner/fpga-tachep-studies/HW4/hw4_q5_simple/solution1/.autopilot/db/q5_kernel.pp.0.cpp:193:5: warning: Added loop label VITIS_LOOP_5_1:   [xilinx-label-all-loops]
    for (int i = 0; i < 64; i++) {
    ^~~
    VITIS_LOOP_5_1: 
/scratch/emettner/fpga-tachep-studies/HW4/hw4_q5_simple/solution1/.autopilot/db/q5_kernel.pp.0.cpp:193:5: note: FIX-IT applied suggested code changes
/scratch/emettner/fpga-tachep-studies/HW4/hw4_q5_simple/solution1/.autopilot/db/q5_kernel.pp.0.cpp:212:2: warning: Added loop label VITIS_LOOP_24_1:   [xilinx-label-all-loops]
 for (int i = 0; i < 64; i++) {
 ^~~
 VITIS_LOOP_24_1: 
/scratch/emettner/fpga-tachep-studies/HW4/hw4_q5_simple/solution1/.autopilot/db/q5_kernel.pp.0.cpp:212:2: note: FIX-IT applied suggested code changes
/scratch/emettner/fpga-tachep-studies/HW4/hw4_q5_simple/solution1/.autopilot/db/q5_kernel.pp.0.cpp:231:2: warning: Added loop label VITIS_LOOP_43_1:   [xilinx-label-all-loops]
 for (int i = 0; i < 64; i++) {
 ^~~
 VITIS_LOOP_43_1: 
/scratch/emettner/fpga-tachep-studies/HW4/hw4_q5_simple/solution1/.autopilot/db/q5_kernel.pp.0.cpp:231:2: note: FIX-IT applied suggested code changes
/scratch/emettner/fpga-tachep-studies/HW4/hw4_q5_simple/solution1/.autopilot/db/q5_kernel.pp.0.cpp:251:2: warning: Added loop label VITIS_LOOP_63_1:   [xilinx-label-all-loops]
 for (int i = 0; i < 64; i++) {
 ^~~
 VITIS_LOOP_63_1: 
/scratch/emettner/fpga-tachep-studies/HW4/hw4_q5_simple/solution1/.autopilot/db/q5_kernel.pp.0.cpp:251:2: note: FIX-IT applied suggested code changes
/scratch/emettner/fpga-tachep-studies/HW4/hw4_q5_simple/solution1/.autopilot/db/q5_kernel.pp.0.cpp:278:2: warning: Added loop label VITIS_LOOP_90_1:   [xilinx-label-all-loops]
 for (int i = 0; i < 64; i++) {
 ^~~
 VITIS_LOOP_90_1: 
/scratch/emettner/fpga-tachep-studies/HW4/hw4_q5_simple/solution1/.autopilot/db/q5_kernel.pp.0.cpp:278:2: note: FIX-IT applied suggested code changes
/scratch/emettner/fpga-tachep-studies/HW4/hw4_q5_simple/solution1/.autopilot/db/q5_kernel.pp.0.cpp:305:2: warning: Added loop label VITIS_LOOP_117_1:   [xilinx-label-all-loops]
 for (int i = 0; i < 64; i++) {
 ^~~
 VITIS_LOOP_117_1: 
/scratch/emettner/fpga-tachep-studies/HW4/hw4_q5_simple/solution1/.autopilot/db/q5_kernel.pp.0.cpp:305:2: note: FIX-IT applied suggested code changes
/scratch/emettner/fpga-tachep-studies/HW4/hw4_q5_simple/solution1/.autopilot/db/q5_kernel.pp.0.cpp:332:2: warning: Added loop label VITIS_LOOP_144_1:   [xilinx-label-all-loops]
 for (int i = 0; i < 64; i++) {
 ^~~
 VITIS_LOOP_144_1: 
/scratch/emettner/fpga-tachep-studies/HW4/hw4_q5_simple/solution1/.autopilot/db/q5_kernel.pp.0.cpp:332:2: note: FIX-IT applied suggested code changes
/scratch/emettner/fpga-tachep-studies/HW4/hw4_q5_simple/solution1/.autopilot/db/q5_kernel.pp.0.cpp:359:2: warning: Added loop label VITIS_LOOP_171_1:   [xilinx-label-all-loops]
 for (int i = 0; i < 64; i++) {
 ^~~
 VITIS_LOOP_171_1: 
/scratch/emettner/fpga-tachep-studies/HW4/hw4_q5_simple/solution1/.autopilot/db/q5_kernel.pp.0.cpp:359:2: note: FIX-IT applied suggested code changes
