

================================================================
== Synthesis Summary Report of 'vec_add'
================================================================
+ General Information: 
    * Date:           Sat May  9 10:49:07 2026
    * Version:        2024.1 (Build 5069499 on May 21 2024)
    * Project:        vec_add_project
    * Solution:       solution1 (Vivado IP Flow Target)
    * Product family: virtexuplus
    * Target device:  xcvu13p-fsga2577-2-e
    

+ Performance & Resource Estimates: 
    
    PS: '+' for module; 'o' for loop; '*' for dataflow
    +-----------+------+-------+---------+---------+----------+---------+------+----------+------+----+---------+-----------+-----+
    |  Modules  | Issue|       | Latency | Latency | Iteration|         | Trip |          |      |    |         |           |     |
    |  & Loops  | Type | Slack | (cycles)|   (ns)  |  Latency | Interval| Count| Pipelined| BRAM | DSP|    FF   |    LUT    | URAM|
    +-----------+------+-------+---------+---------+----------+---------+------+----------+------+----+---------+-----------+-----+
    |+ vec_add  |     -|  16.10|        8|  200.000|         -|        9|     -|        no|     -|   -|  9 (~0%)|  376 (~0%)|    -|
    +-----------+------+-------+---------+---------+----------+---------+------+----------+------+----+---------+-----------+-----+


================================================================
== HW Interfaces
================================================================
* AP_MEMORY
+------------+-----------+----------+
| Port       | Direction | Bitwidth |
+------------+-----------+----------+
| A_address0 | out       | 4        |
| A_address1 | out       | 4        |
| A_q0       | in        | 16       |
| A_q1       | in        | 16       |
| B_address0 | out       | 4        |
| B_address1 | out       | 4        |
| B_q0       | in        | 16       |
| B_q1       | in        | 16       |
| C_address0 | out       | 4        |
| C_address1 | out       | 4        |
| C_d0       | out       | 16       |
| C_d1       | out       | 16       |
+------------+-----------+----------+

* TOP LEVEL CONTROL
+-----------+------------+-----------------------------------+
| Interface | Type       | Ports                             |
+-----------+------------+-----------------------------------+
| ap_clk    | clock      | ap_clk                            |
| ap_rst    | reset      | ap_rst                            |
| ap_ctrl   | ap_ctrl_hs | ap_done ap_idle ap_ready ap_start |
+-----------+------------+-----------------------------------+


================================================================
== SW I/O Information
================================================================
* Top Function Arguments
+----------+-----------+--------------+
| Argument | Direction | Datatype     |
+----------+-----------+--------------+
| A        | in        | ap_uint<16>* |
| B        | in        | ap_uint<16>* |
| C        | out       | ap_uint<16>* |
+----------+-----------+--------------+

* SW-to-HW Mapping
+----------+--------------+---------+----------+
| Argument | HW Interface | HW Type | HW Usage |
+----------+--------------+---------+----------+
| A        | A_address0   | port    | offset   |
| A        | A_ce0        | port    |          |
| A        | A_q0         | port    |          |
| A        | A_address1   | port    | offset   |
| A        | A_ce1        | port    |          |
| A        | A_q1         | port    |          |
| B        | B_address0   | port    | offset   |
| B        | B_ce0        | port    |          |
| B        | B_q0         | port    |          |
| B        | B_address1   | port    | offset   |
| B        | B_ce1        | port    |          |
| B        | B_q1         | port    |          |
| C        | C_address0   | port    | offset   |
| C        | C_ce0        | port    |          |
| C        | C_we0        | port    |          |
| C        | C_d0         | port    |          |
| C        | C_address1   | port    | offset   |
| C        | C_ce1        | port    |          |
| C        | C_we1        | port    |          |
| C        | C_d1         | port    |          |
+----------+--------------+---------+----------+


================================================================
== Bind Op Report
================================================================
+-----------------+-----+--------+------------+-----+--------+---------+
| Name            | DSP | Pragma | Variable   | Op  | Impl   | Latency |
+-----------------+-----+--------+------------+-----+--------+---------+
| + vec_add       | 0   |        |            |     |        |         |
|   grp_fu_484_p2 |     |        | add_ln6    | add | fabric | 0       |
|   grp_fu_491_p2 |     |        | add_ln6_1  | add | fabric | 0       |
|   grp_fu_484_p2 |     |        | add_ln6_2  | add | fabric | 0       |
|   grp_fu_491_p2 |     |        | add_ln6_3  | add | fabric | 0       |
|   grp_fu_484_p2 |     |        | add_ln6_4  | add | fabric | 0       |
|   grp_fu_491_p2 |     |        | add_ln6_5  | add | fabric | 0       |
|   grp_fu_484_p2 |     |        | add_ln6_6  | add | fabric | 0       |
|   grp_fu_491_p2 |     |        | add_ln6_7  | add | fabric | 0       |
|   grp_fu_484_p2 |     |        | add_ln6_8  | add | fabric | 0       |
|   grp_fu_491_p2 |     |        | add_ln6_9  | add | fabric | 0       |
|   grp_fu_484_p2 |     |        | add_ln6_10 | add | fabric | 0       |
|   grp_fu_491_p2 |     |        | add_ln6_11 | add | fabric | 0       |
|   grp_fu_491_p2 |     |        | add_ln6_12 | add | fabric | 0       |
|   grp_fu_491_p2 |     |        | add_ln6_13 | add | fabric | 0       |
|   grp_fu_484_p2 |     |        | add_ln6_14 | add | fabric | 0       |
+-----------------+-----+--------+------------+-----+--------+---------+


================================================================
== Storage Report
================================================================
  No bind storage info in design

================================================================
== Pragma Report
================================================================
* Valid Pragma Syntax
+--------+---------+--------------------------+
| Type   | Options | Location                 |
+--------+---------+--------------------------+
| unroll |         | vec_add.cpp:5 in vec_add |
+--------+---------+--------------------------+


