================================================================
== Design Size Report
================================================================

* Total Instructions per Compilation Phase
+---------------+-----------------------------+--------------+----------------------------------------------------------------------------------------+
| Phase         | Step                        | Instructions | Description                                                                            |
+---------------+-----------------------------+--------------+----------------------------------------------------------------------------------------+
| Compile/Link  |                             |  47          | After all functions are compiled and linked into a single design                       |
|               |                             |              |                                                                                        |
| Unroll/Inline |                             |              | After user unroll and inline pragmas are applied                                       |
|               | (1) unroll                  | 141          | user unroll pragmas are applied                                                        |
|               | (2) simplification          |  75          | simplification of applied user unroll pragmas                                          |
|               | (3) inline                  |  71          | user inline pragmas are applied                                                        |
|               | (4) simplification          |  71          | simplification of applied user inline pragmas                                          |
|               |                             |              |                                                                                        |
| Array/Struct  |                             |              | After user array partition and struct aggregate/disaggregate pragmas are applied       |
|               | (1) array partition         |  76          | user array partition pragmas are applied                                               |
|               | (2) simplification          |  76          | simplification of applied user array partition & struct aggregate/disaggregate pragmas |
|               | (3) aggregate/disaggregate  |  76          | user struct aggregate/disaggregate pragmas are applied                                 |
|               | (4) array reshape           |  76          | apply array reshape pragmas                                                            |
|               | (5) access patterns         |  76          | array access pattern optmizations                                                      |
|               |                             |              |                                                                                        |
| Performance   |                             |              | After transformations are applied to meet performance pragma targets                   |
|               | (1) loop simplification     |  76          | loop and instruction simplification                                                    |
|               | (2) parallelization         |  76          | loops are unrolled or pipelined to meet performance targets                            |
|               | (3) array partition         |  76          | arrays are partitioned to meet performance targets                                     |
|               | (4) simplification          |  76          | simplification of design after performance transformations                             |
|               |                             |              |                                                                                        |
| HW Transforms |                             |              | After hardware transfomations                                                          |
|               | (1) lowering                |  76          | initial conversion to HW specific instructions                                         |
|               | (2) optimizations           |  81          | high level synthesis optimizations                                                     |
+---------------+-----------------------------+--------------+----------------------------------------------------------------------------------------+

* Instructions per Function for each Compilation Phase
+-------------------+------------------+--------------+---------------+--------------+-------------+---------------+
| Function          | Location         | Compile/Link | Unroll/Inline | Array/Struct | Performance | HW Transforms |
+-------------------+------------------+--------------+---------------+--------------+-------------+---------------+
|   q5_no_partition | q5_kernel.cpp:54 | 47           | 71            | 76           | 76          | 81            |
+-------------------+------------------+--------------+---------------+--------------+-------------+---------------+

* Design Size Message Settings
+---------------------------------------------+--------+------------------------------------------------------------------+
| Message Setting                             | Value  | Description                                                      |
+---------------------------------------------+--------+------------------------------------------------------------------+
| config_compile -design_size_maximum_warning | 100000 | Show a warning when total design instructions exceeds this value |
+---------------------------------------------+--------+------------------------------------------------------------------+


