

================================================================
== Vitis HLS Report for 'q5_no_partition'
================================================================
* Date:           Sun May  3 16:02:04 2026

* Version:        2024.1 (Build 5069499 on May 21 2024)
* Project:        hw4_q5_no_partition
* Solution:       solution1 (Vivado IP Flow Target)
* Product family: virtexuplus
* Target device:  xcvu13p-fsga2577-2-e


================================================================
== Performance Estimates
================================================================
+ Timing: 
    * Summary: 
    +--------+----------+----------+------------+
    |  Clock |  Target  | Estimated| Uncertainty|
    +--------+----------+----------+------------+
    |ap_clk  |  25.00 ns|  5.448 ns|     6.75 ns|
    +--------+----------+----------+------------+

+ Latency: 
    * Summary: 
    +---------+---------+----------+----------+-----+-----+-----------------------------------------------+
    |  Latency (cycles) |  Latency (absolute) |  Interval |                    Pipeline                   |
    |   min   |   max   |    min   |    max   | min | max |                      Type                     |
    +---------+---------+----------+----------+-----+-----+-----------------------------------------------+
    |       34|       34|  0.850 us|  0.850 us|   32|   32|  loop auto-rewind stp(delay=0 clock cycles(s))|
    +---------+---------+----------+----------+-----+-----+-----------------------------------------------+

    + Detail: 
        * Instance: 
        N/A

        * Loop: 
        +-------------------+---------+---------+----------+-----------+-----------+------+----------+
        |                   |  Latency (cycles) | Iteration|  Initiation Interval  | Trip |          |
        |     Loop Name     |   min   |   max   |  Latency |  achieved |   target  | Count| Pipelined|
        +-------------------+---------+---------+----------+-----------+-----------+------+----------+
        |- VITIS_LOOP_63_1  |       32|       32|         3|          2|          1|    16|       yes|
        +-------------------+---------+---------+----------+-----------+-----------+------+----------+



================================================================
== Utilization Estimates
================================================================
* Summary: 
+---------------------+---------+-------+---------+---------+------+
|         Name        | BRAM_18K|  DSP  |    FF   |   LUT   | URAM |
+---------------------+---------+-------+---------+---------+------+
|DSP                  |        -|      -|        -|        -|     -|
|Expression           |        -|      -|        0|      174|     -|
|FIFO                 |        -|      -|        -|        -|     -|
|Instance             |        0|     12|       36|      120|     0|
|Memory               |        -|      -|        -|        -|     -|
|Multiplexer          |        -|      -|        0|      208|     -|
|Register             |        -|      -|       38|        -|     -|
+---------------------+---------+-------+---------+---------+------+
|Total                |        0|     12|       74|      502|     0|
+---------------------+---------+-------+---------+---------+------+
|Available SLR        |     1344|   3072|   864000|   432000|   320|
+---------------------+---------+-------+---------+---------+------+
|Utilization SLR (%)  |        0|     ~0|       ~0|       ~0|     0|
+---------------------+---------+-------+---------+---------+------+
|Available            |     5376|  12288|  3456000|  1728000|  1280|
+---------------------+---------+-------+---------+---------+------+
|Utilization (%)      |        0|     ~0|       ~0|       ~0|     0|
+---------------------+---------+-------+---------+---------+------+

+ Detail: 
    * Instance: 
    +-----------------------+--------------------+---------+----+----+----+-----+
    |        Instance       |       Module       | BRAM_18K| DSP| FF | LUT| URAM|
    +-----------------------+--------------------+---------+----+----+----+-----+
    |control_s_axi_U        |control_s_axi       |        0|   0|  36|  40|    0|
    |mul_32s_32s_32_1_1_U1  |mul_32s_32s_32_1_1  |        0|   3|   0|  20|    0|
    |mul_32s_32s_32_1_1_U2  |mul_32s_32s_32_1_1  |        0|   3|   0|  20|    0|
    |mul_32s_32s_32_1_1_U3  |mul_32s_32s_32_1_1  |        0|   3|   0|  20|    0|
    |mul_32s_32s_32_1_1_U4  |mul_32s_32s_32_1_1  |        0|   3|   0|  20|    0|
    +-----------------------+--------------------+---------+----+----+----+-----+
    |Total                  |                    |        0|  12|  36| 120|    0|
    +-----------------------+--------------------+---------+----+----+----+-----+

    * DSP: 
    N/A

    * Memory: 
    N/A

    * FIFO: 
    N/A

    * Expression: 
    +------------------+----------+----+---+----+------------+------------+
    |   Variable Name  | Operation| DSP| FF| LUT| Bitwidth P0| Bitwidth P1|
    +------------------+----------+----+---+----+------------+------------+
    |grp_fu_303_p2     |         +|   0|  0|  39|          32|          32|
    |grp_fu_318_p2     |         +|   0|  0|  39|          32|          32|
    |i_fu_381_p2       |         +|   0|  0|  14|           7|           3|
    |grp_fu_286_p1     |         -|   0|  0|  39|          32|          32|
    |grp_fu_298_p1     |         -|   0|  0|  39|          32|          32|
    |ap_condition_211  |       and|   0|  0|   2|           1|           1|
    |ap_enable_pp0     |       xor|   0|  0|   2|           1|           2|
    +------------------+----------+----+---+----+------------+------------+
    |Total             |          |   0|  0| 174|         137|         134|
    +------------------+----------+----+---+----+------------+------------+

    * Multiplexer: 
    +----------------------------------+----+-----------+-----+-----------+
    |               Name               | LUT| Input Size| Bits| Total Bits|
    +----------------------------------+----+-----------+-----+-----------+
    |A_address0_local                  |  14|          3|    6|         18|
    |A_address1_local                  |  14|          3|    6|         18|
    |B_address0_local                  |  14|          3|    6|         18|
    |B_address1_local                  |  14|          3|    6|         18|
    |C_address0_local                  |  14|          3|    6|         18|
    |C_address1_local                  |  14|          3|    6|         18|
    |D_address0_local                  |  14|          3|    6|         18|
    |D_address1_local                  |  14|          3|    6|         18|
    |E_address0_local                  |  14|          3|    6|         18|
    |E_address1_local                  |  14|          3|    6|         18|
    |ap_NS_fsm                         |  14|          3|    1|          3|
    |ap_done_int                       |   9|          2|    1|          2|
    |ap_enable_reg_pp0_iter0           |   9|          2|    1|          2|
    |ap_enable_reg_pp0_iter1           |   9|          2|    1|          2|
    |ap_loop_exit_ready_pp0_iter1_reg  |   9|          2|    1|          2|
    |ap_sig_allocacmp_i1_load          |   9|          2|    7|         14|
    |i1_fu_70                          |   9|          2|    7|         14|
    +----------------------------------+----+-----------+-----+-----------+
    |Total                             | 208|         45|   79|        219|
    +----------------------------------+----+-----------+-----+-----------+

    * Register: 
    +----------------------------------+---+----+-----+-----------+
    |               Name               | FF| LUT| Bits| Const Bits|
    +----------------------------------+---+----+-----+-----------+
    |ap_CS_fsm                         |  2|   0|    2|          0|
    |ap_done_reg                       |  1|   0|    1|          0|
    |ap_enable_reg_pp0_iter0_reg       |  1|   0|    1|          0|
    |ap_enable_reg_pp0_iter1           |  1|   0|    1|          0|
    |ap_loop_exit_ready_pp0_iter1_reg  |  1|   0|    1|          0|
    |i1_fu_70                          |  7|   0|    7|          0|
    |tmp_1_reg_467                     |  4|   0|    4|          0|
    |tmp_2_reg_473                     |  1|   0|    1|          0|
    |zext_ln63_reg_433                 |  7|   0|   64|         57|
    |zext_ln66_1_reg_477               |  4|   0|   64|         60|
    |zext_ln66_2_reg_494               |  4|   0|   64|         60|
    |zext_ln66_reg_450                 |  5|   0|   64|         59|
    +----------------------------------+---+----+-----+-----------+
    |Total                             | 38|   0|  274|        236|
    +----------------------------------+---+----+-----+-----------+



================================================================
== Interface
================================================================
* Summary: 
+-----------------------+-----+-----+------------+-----------------+--------------+
|       RTL Ports       | Dir | Bits|  Protocol  |  Source Object  |    C Type    |
+-----------------------+-----+-----+------------+-----------------+--------------+
|s_axi_control_AWVALID  |   in|    1|       s_axi|          control|   return void|
|s_axi_control_AWREADY  |  out|    1|       s_axi|          control|   return void|
|s_axi_control_AWADDR   |   in|    4|       s_axi|          control|   return void|
|s_axi_control_WVALID   |   in|    1|       s_axi|          control|   return void|
|s_axi_control_WREADY   |  out|    1|       s_axi|          control|   return void|
|s_axi_control_WDATA    |   in|   32|       s_axi|          control|   return void|
|s_axi_control_WSTRB    |   in|    4|       s_axi|          control|   return void|
|s_axi_control_ARVALID  |   in|    1|       s_axi|          control|   return void|
|s_axi_control_ARREADY  |  out|    1|       s_axi|          control|   return void|
|s_axi_control_ARADDR   |   in|    4|       s_axi|          control|   return void|
|s_axi_control_RVALID   |  out|    1|       s_axi|          control|   return void|
|s_axi_control_RREADY   |   in|    1|       s_axi|          control|   return void|
|s_axi_control_RDATA    |  out|   32|       s_axi|          control|   return void|
|s_axi_control_RRESP    |  out|    2|       s_axi|          control|   return void|
|s_axi_control_BVALID   |  out|    1|       s_axi|          control|   return void|
|s_axi_control_BREADY   |   in|    1|       s_axi|          control|   return void|
|s_axi_control_BRESP    |  out|    2|       s_axi|          control|   return void|
|ap_clk                 |   in|    1|  ap_ctrl_hs|  q5_no_partition|  return value|
|ap_rst_n               |   in|    1|  ap_ctrl_hs|  q5_no_partition|  return value|
|interrupt              |  out|    1|  ap_ctrl_hs|  q5_no_partition|  return value|
|A_address0             |  out|    6|   ap_memory|                A|         array|
|A_ce0                  |  out|    1|   ap_memory|                A|         array|
|A_q0                   |   in|   32|   ap_memory|                A|         array|
|A_address1             |  out|    6|   ap_memory|                A|         array|
|A_ce1                  |  out|    1|   ap_memory|                A|         array|
|A_q1                   |   in|   32|   ap_memory|                A|         array|
|B_address0             |  out|    6|   ap_memory|                B|         array|
|B_ce0                  |  out|    1|   ap_memory|                B|         array|
|B_q0                   |   in|   32|   ap_memory|                B|         array|
|B_address1             |  out|    6|   ap_memory|                B|         array|
|B_ce1                  |  out|    1|   ap_memory|                B|         array|
|B_q1                   |   in|   32|   ap_memory|                B|         array|
|C_address0             |  out|    6|   ap_memory|                C|         array|
|C_ce0                  |  out|    1|   ap_memory|                C|         array|
|C_we0                  |  out|    1|   ap_memory|                C|         array|
|C_d0                   |  out|   32|   ap_memory|                C|         array|
|C_address1             |  out|    6|   ap_memory|                C|         array|
|C_ce1                  |  out|    1|   ap_memory|                C|         array|
|C_we1                  |  out|    1|   ap_memory|                C|         array|
|C_d1                   |  out|   32|   ap_memory|                C|         array|
|D_address0             |  out|    6|   ap_memory|                D|         array|
|D_ce0                  |  out|    1|   ap_memory|                D|         array|
|D_we0                  |  out|    1|   ap_memory|                D|         array|
|D_d0                   |  out|   32|   ap_memory|                D|         array|
|D_address1             |  out|    6|   ap_memory|                D|         array|
|D_ce1                  |  out|    1|   ap_memory|                D|         array|
|D_we1                  |  out|    1|   ap_memory|                D|         array|
|D_d1                   |  out|   32|   ap_memory|                D|         array|
|E_address0             |  out|    6|   ap_memory|                E|         array|
|E_ce0                  |  out|    1|   ap_memory|                E|         array|
|E_we0                  |  out|    1|   ap_memory|                E|         array|
|E_d0                   |  out|   32|   ap_memory|                E|         array|
|E_address1             |  out|    6|   ap_memory|                E|         array|
|E_ce1                  |  out|    1|   ap_memory|                E|         array|
|E_we1                  |  out|    1|   ap_memory|                E|         array|
|E_d1                   |  out|   32|   ap_memory|                E|         array|
+-----------------------+-----+-----+------------+-----------------+--------------+

