/scratch/emettner/fpga-tachep-studies/HW2/Q3/hw2_q3_add_long/solution1/.autopilot/db/q3_kernels.pp.0.cpp:1315:7: warning: Added loop label VITIS_LOOP_1223_1:   [xilinx-label-all-loops]
      for (i = 0; i < __N - 1; ++i) {
      ^~~
      VITIS_LOOP_1223_1: 
/scratch/emettner/fpga-tachep-studies/HW2/Q3/hw2_q3_add_long/solution1/.autopilot/db/q3_kernels.pp.0.cpp:1315:7: note: FIX-IT applied suggested code changes
/scratch/emettner/fpga-tachep-studies/HW2/Q3/hw2_q3_add_long/solution1/.autopilot/db/q3_kernels.pp.0.cpp:2289:5: warning: Added loop label VITIS_LOOP_676_1:   [xilinx-label-all-loops]
    for (unsigned i = low; i != high; ++i) {
    ^~~
    VITIS_LOOP_676_1: 
/scratch/emettner/fpga-tachep-studies/HW2/Q3/hw2_q3_add_long/solution1/.autopilot/db/q3_kernels.pp.0.cpp:2289:5: note: FIX-IT applied suggested code changes
/scratch/emettner/fpga-tachep-studies/HW2/Q3/hw2_q3_add_long/solution1/.autopilot/db/q3_kernels.pp.0.cpp:2303:5: warning: Added loop label VITIS_LOOP_690_1:   [xilinx-label-all-loops]
    for (unsigned i = low; i != high; ++i) {
    ^~~
    VITIS_LOOP_690_1: 
/scratch/emettner/fpga-tachep-studies/HW2/Q3/hw2_q3_add_long/solution1/.autopilot/db/q3_kernels.pp.0.cpp:2303:5: note: FIX-IT applied suggested code changes
/scratch/emettner/fpga-tachep-studies/HW2/Q3/hw2_q3_add_long/solution1/.autopilot/db/q3_kernels.pp.0.cpp:2317:5: warning: Added loop label VITIS_LOOP_704_1:   [xilinx-label-all-loops]
    for (unsigned i = low; i != high; ++i) {
    ^~~
    VITIS_LOOP_704_1: 
/scratch/emettner/fpga-tachep-studies/HW2/Q3/hw2_q3_add_long/solution1/.autopilot/db/q3_kernels.pp.0.cpp:2317:5: note: FIX-IT applied suggested code changes
/scratch/emettner/fpga-tachep-studies/HW2/Q3/hw2_q3_add_long/solution1/.autopilot/db/q3_kernels.pp.0.cpp:3946:7: warning: Added loop label VITIS_LOOP_1247_1:   [xilinx-label-all-loops]
      for (i = 0; i < __N - 1; ++i) {
      ^~~
      VITIS_LOOP_1247_1: 
/scratch/emettner/fpga-tachep-studies/HW2/Q3/hw2_q3_add_long/solution1/.autopilot/db/q3_kernels.pp.0.cpp:3946:7: note: FIX-IT applied suggested code changes
/scratch/emettner/fpga-tachep-studies/HW2/Q3/hw2_q3_add_long/solution1/.autopilot/db/q3_kernels.pp.0.cpp:5739:5: warning: Added loop label VITIS_LOOP_4_1:   [xilinx-label-all-loops]
    for (int i = 0; i < 16; i++) {
    ^~~
    VITIS_LOOP_4_1: 
/scratch/emettner/fpga-tachep-studies/HW2/Q3/hw2_q3_add_long/solution1/.autopilot/db/q3_kernels.pp.0.cpp:5739:5: note: FIX-IT applied suggested code changes
/scratch/emettner/fpga-tachep-studies/HW2/Q3/hw2_q3_add_long/solution1/.autopilot/db/q3_kernels.pp.0.cpp:5749:5: warning: Added loop label VITIS_LOOP_10_1:   [xilinx-label-all-loops]
    for (int i = 0; i < 16; i++) {
    ^~~
    VITIS_LOOP_10_1: 
/scratch/emettner/fpga-tachep-studies/HW2/Q3/hw2_q3_add_long/solution1/.autopilot/db/q3_kernels.pp.0.cpp:5749:5: note: FIX-IT applied suggested code changes
/scratch/emettner/fpga-tachep-studies/HW2/Q3/hw2_q3_add_long/solution1/.autopilot/db/q3_kernels.pp.0.cpp:5755:5: warning: Added loop label VITIS_LOOP_16_1:   [xilinx-label-all-loops]
    for (int i = 0; i < 16; i++) {
    ^~~
    VITIS_LOOP_16_1: 
/scratch/emettner/fpga-tachep-studies/HW2/Q3/hw2_q3_add_long/solution1/.autopilot/db/q3_kernels.pp.0.cpp:5755:5: note: FIX-IT applied suggested code changes
/scratch/emettner/fpga-tachep-studies/HW2/Q3/hw2_q3_add_long/solution1/.autopilot/db/q3_kernels.pp.0.cpp:5761:5: warning: Added loop label VITIS_LOOP_22_1:   [xilinx-label-all-loops]
    for (int i = 0; i < 16; i++) {
    ^~~
    VITIS_LOOP_22_1: 
/scratch/emettner/fpga-tachep-studies/HW2/Q3/hw2_q3_add_long/solution1/.autopilot/db/q3_kernels.pp.0.cpp:5761:5: note: FIX-IT applied suggested code changes
/scratch/emettner/fpga-tachep-studies/HW2/Q3/hw2_q3_add_long/solution1/.autopilot/db/q3_kernels.pp.0.cpp:5767:5: warning: Added loop label VITIS_LOOP_28_1:   [xilinx-label-all-loops]
    for (int i = 0; i < 16; i++) {
    ^~~
    VITIS_LOOP_28_1: 
/scratch/emettner/fpga-tachep-studies/HW2/Q3/hw2_q3_add_long/solution1/.autopilot/db/q3_kernels.pp.0.cpp:5767:5: note: FIX-IT applied suggested code changes
/scratch/emettner/fpga-tachep-studies/HW2/Q3/hw2_q3_add_long/solution1/.autopilot/db/q3_kernels.pp.0.cpp:5773:5: warning: Added loop label VITIS_LOOP_34_1:   [xilinx-label-all-loops]
    for (int i = 0; i < 16; i++) {
    ^~~
    VITIS_LOOP_34_1: 
/scratch/emettner/fpga-tachep-studies/HW2/Q3/hw2_q3_add_long/solution1/.autopilot/db/q3_kernels.pp.0.cpp:5773:5: note: FIX-IT applied suggested code changes
