INFO-FLOW: Workspace /scratch/emettner/fpga-tachep-studies/HW3/hw3_matrix_mult_partition_one_dim/solution1 opened at Sun May 03 14:48:10 CDT 2026
Execute       send_msg_by_id INFO @200-1505@%s%s  vivado 
INFO: [HLS 200-1505] Using flow_target 'vivado'
Execute     set_part xcvu13p-fsga2577-2-e 
INFO: [HLS 200-1510] Running: set_part xcvu13p-fsga2577-2-e 
Execute       create_platform xcvu13p-fsga2577-2-e -board  
Command       create_platform done; 0.24 sec.
Execute       source /opt/Xilinx/Vitis_HLS/2024.1/common/technology/xilinx/common/xilinx.gen 
Execute         source /opt/Xilinx/Vitis_HLS/2024.1/common/technology/xilinx/interface/plb46.gen 
Execute         source /opt/Xilinx/Vitis_HLS/2024.1/common/technology/xilinx/interface/axi4.gen 
Execute         source /opt/Xilinx/Vitis_HLS/2024.1/common/technology/xilinx/interface/nativeAXI4.gen 
Execute           source /opt/Xilinx/Vitis_HLS/2024.1/common/technology/xilinx/interface/saxilite.gen 
Execute         source /opt/Xilinx/Vitis_HLS/2024.1/common/technology/xilinx/scripts/xilinxcoregen.gen 
Execute         source /opt/Xilinx/Vitis_HLS/2024.1/common/technology/xilinx/interface/XilEDKCoreGen.gen 
Execute         source /opt/Xilinx/Vitis_HLS/2024.1/common/technology/xilinx/ip/util.gen 
Execute         source /opt/Xilinx/Vitis_HLS/2024.1/common/technology/xilinx/ip/xfft.gen 
Command         ap_source done; 0.13 sec.
Execute         source /opt/Xilinx/Vitis_HLS/2024.1/common/technology/xilinx/ip/xfir.gen 
Execute         source /opt/Xilinx/Vitis_HLS/2024.1/common/technology/xilinx/ip/dds_compiler.gen 
Execute         source /opt/Xilinx/Vitis_HLS/2024.1/common/technology/xilinx/DSP48/dsp48.gen 
Command       ap_source done; 0.16 sec.
Execute       ap_part_info -name xcvu13p-fsga2577-2-e -data info 
Execute       config_compile -quiet -complex-mul-dsp=0 
Command     set_part done; 0.45 sec.
Execute     create_clock -period 25 -name default 
INFO: [HLS 200-1510] Running: create_clock -period 25 -name default 
Execute       ap_set_clock -name default -period 25 -unit ns -default=false 
INFO: [SYN 201-201] Setting up clock 'default' with a period of 25ns.
Execute     csim_design 
INFO: [HLS 200-1510] Running: csim_design 
INFO-FLOW: Running SLX 'csim' proc: ::SLX::run_csim
INFO: [SIM 211-2] *************** CSIM start ***************
INFO: [SIM 211-4] CSIM will launch CLANG as the compiler.
Execute       send_msg_by_id INFO @200-2036@%s debug 
INFO: [HLS 200-2036] Building debug C Simulation binaries
Execute       ap_part_info -name xcvu13p-fsga2577-2-e -data info 
Execute       source run_sim.tcl 
INFO: [SIM 211-1] CSim done with 0 errors.
INFO: [SIM 211-3] *************** CSIM finish ***************
Command     csim_design done; 1.49 sec.
INFO: [HLS 200-2161] Finished Command csim_design Elapsed time: 00:00:01; Allocated memory: 0.000 MB.
Execute     csynth_design 
INFO: [HLS 200-1510] Running: csynth_design 
INFO-FLOW: Running SLX 'csynth' proc: ::SLX::run_csynth
Execute       elaborate -effort=medium -skip_syncheck=0 -keep_printf=0 -skip_cdt=0 -skip_transform=0 -ng=0 -g=0 -opt_fp=0 -from_csynth_design=1 
INFO: [HLS 200-111] Finished File checks and directory preparation: CPU user time: 0.16 seconds. CPU system time: 0.03 seconds. Elapsed time: 0.19 seconds; current allocated memory: 516.715 MB.
Execute         set_directive_top matrix_mult_partition_one_dim -name=matrix_mult_partition_one_dim 
INFO: [HLS 200-10] Analyzing design file 'hw3_kernels.cpp' ... 
INFO-FLOW: Compiling one TU...
INFO-FLOW: Handling hw3_kernels.cpp as C++
Execute         ap_part_info -name xcvu13p-fsga2577-2-e -data info 
INFO-FLOW: Running: GCC PP 39
INFO-FLOW: Source preprocessing
INFO-FLOW: run_clang exec: /opt/Xilinx/Vitis_HLS/2024.1/lnx64/tools/clang-3.9-csynth/bin/clang hw3_kernels.cpp -foptimization-record-file=/scratch/emettner/fpga-tachep-studies/HW3/hw3_matrix_mult_partition_one_dim/solution1/.autopilot/db/hw3_kernels.cpp.clang.diag.yml -mllvm -pass-remarks-missed=reflow|pasta|unroll -mllvm -pass-remarks=reflow|pasta|unroll|inline -fno-limit-debug-info -gcc-toolchain /opt/Xilinx/Vitis_HLS/2024.1/tps/lnx64/gcc-8.3.0 -fhls -fno-exceptions -insert-hls-directive=/scratch/emettner/fpga-tachep-studies/HW3/hw3_matrix_mult_partition_one_dim/solution1/.autopilot/db/all.directive.json -E -fno-math-errno -c -emit-llvm -mllvm -disable-llvm-optzns -Werror=implicit-function-declaration -Werror=implicit-hls-streams -Werror=return-type -Wpragmas -Wunused-parameter -Wdump-hls-pragmas -Wno-error=dump-hls-pragmas -hls-clock-period=25 -fno-threadsafe-statics -fno-use-cxa-atexit -std=gnu++14 -target fpga64-xilinx-linux-gnu -fno-threadsafe-statics -fno-use-cxa-atexit -D__VITIS_HLS__ -DAESL_SYN -D__SYNTHESIS__ -D__HLS_SYN__ -I /opt/Xilinx/Vitis_HLS/2024.1/common/technology/autopilot -I /opt/Xilinx/Vitis_HLS/2024.1/common/technology/autopilot/ap_sysc -include etc/autopilot_ssdm_op.h -D__DSP48E2__ -I /usr/include/x86_64-linux-gnu -o /scratch/emettner/fpga-tachep-studies/HW3/hw3_matrix_mult_partition_one_dim/solution1/.autopilot/db/hw3_kernels.pp.0.cpp -hls-platform-db-name=/opt/Xilinx/Vitis_HLS/2024.1/common/technology/xilinx/common/platform.db -hls-platform-name=virtexuplus_medium -device-resource-info=BRAM_5376.000000_DSP_12288.000000_FF_3456000.000000_LUT_1728000.000000_SLICE_216000.000000_SLR_4.000000_URAM_1280.000000 -device-name-info=xcvu13p-fsga2577-2-e > /scratch/emettner/fpga-tachep-studies/HW3/hw3_matrix_mult_partition_one_dim/solution1/.autopilot/db/hw3_kernels.cpp.clang.out.log 2> /scratch/emettner/fpga-tachep-studies/HW3/hw3_matrix_mult_partition_one_dim/solution1/.autopilot/db/hw3_kernels.cpp.clang.err.log
INFO-FLOW: Done: GCC PP 39 time: 0.4 seconds per iteration
INFO-FLOW: Source syntax check for synthesis
INFO-FLOW: run_clang exec: /opt/Xilinx/Vitis_HLS/2024.1/lnx64/tools/clang-3.9-csynth/bin/clang -foptimization-record-file=/scratch/emettner/fpga-tachep-studies/HW3/hw3_matrix_mult_partition_one_dim/solution1/.autopilot/db/clang.diag.yml -mllvm -pass-remarks-missed=reflow|pasta|unroll -mllvm -pass-remarks=reflow|pasta|unroll|inline -fsyntax-only -fhls -target fpga64-xilinx-linux-gnu /scratch/emettner/fpga-tachep-studies/HW3/hw3_matrix_mult_partition_one_dim/solution1/.autopilot/db/hw3_kernels.pp.0.cpp -hls-platform-db-name=/opt/Xilinx/Vitis_HLS/2024.1/common/technology/xilinx/common/platform.db -hls-platform-name=virtexuplus_medium -device-resource-info=BRAM_5376.000000_DSP_12288.000000_FF_3456000.000000_LUT_1728000.000000_SLICE_216000.000000_SLR_4.000000_URAM_1280.000000 -device-name-info=xcvu13p-fsga2577-2-e > /scratch/emettner/fpga-tachep-studies/HW3/hw3_matrix_mult_partition_one_dim/solution1/.autopilot/db/clang.out.log 2> /scratch/emettner/fpga-tachep-studies/HW3/hw3_matrix_mult_partition_one_dim/solution1/.autopilot/db/clang.err.log
Execute         clang_tidy xilinx-systemc-detector -desc systemc-detector /scratch/emettner/fpga-tachep-studies/HW3/hw3_matrix_mult_partition_one_dim/solution1/.autopilot/db/hw3_kernels.pp.0.cpp std=gnu++14 -target fpga  -directive=/scratch/emettner/fpga-tachep-studies/HW3/hw3_matrix_mult_partition_one_dim/solution1/.autopilot/db/.systemc_flag 
INFO-FLOW: exec /opt/Xilinx/Vitis_HLS/2024.1/lnx64/tools/clang-3.9-csynth/bin/clang-tidy -header-filter=.* --checks=-*,xilinx-systemc-detector -import-directive=/scratch/emettner/fpga-tachep-studies/HW3/hw3_matrix_mult_partition_one_dim/solution1/.autopilot/db/.systemc_flag -fix-errors /scratch/emettner/fpga-tachep-studies/HW3/hw3_matrix_mult_partition_one_dim/solution1/.autopilot/db/hw3_kernels.pp.0.cpp -- -std=gnu++14 -target fpga -fhls -ferror-limit=0
INFO-FLOW: Running: clang-tidy CDT preprocess 39
Execute         clang_tidy xilinx-directive2pragma -desc directive2pragma /scratch/emettner/fpga-tachep-studies/HW3/hw3_matrix_mult_partition_one_dim/solution1/.autopilot/db/hw3_kernels.pp.0.cpp std=gnu++14 -target fpga  -directive=/scratch/emettner/fpga-tachep-studies/HW3/hw3_matrix_mult_partition_one_dim/solution1/.autopilot/db/all.directive.json 
INFO-FLOW: exec /opt/Xilinx/Vitis_HLS/2024.1/lnx64/tools/clang-3.9-csynth/bin/clang-tidy -header-filter=.* --checks=-*,xilinx-directive2pragma -import-directive=/scratch/emettner/fpga-tachep-studies/HW3/hw3_matrix_mult_partition_one_dim/solution1/.autopilot/db/all.directive.json -fix-errors /scratch/emettner/fpga-tachep-studies/HW3/hw3_matrix_mult_partition_one_dim/solution1/.autopilot/db/hw3_kernels.pp.0.cpp -- -std=gnu++14 -target fpga -fhls -ferror-limit=0
INFO-FLOW: Done: clang-tidy CDT preprocess 39 time: 0.1 seconds per iteration
INFO-FLOW: Calling xilinx-label-all-loops ... 
INFO-FLOW: Calling xilinx-aggregate-on-hls-vector ... 
Execute         clang_tidy -errorcheck -desc loop-label xilinx-label-all-loops,xilinx-aggregate-on-hls-vector,,xilinx-warn-mayneed-no-ctor-attribute /scratch/emettner/fpga-tachep-studies/HW3/hw3_matrix_mult_partition_one_dim/solution1/.autopilot/db/hw3_kernels.pp.0.cpp std=gnu++14 -target fpga  
INFO-FLOW: run_clang exec: /opt/Xilinx/Vitis_HLS/2024.1/lnx64/tools/clang-3.9-csynth/bin/clang-tidy -export-fixes=/scratch/emettner/fpga-tachep-studies/HW3/hw3_matrix_mult_partition_one_dim/solution1/.autopilot/db/hw3_kernels.pp.0.cpp.clang-tidy.loop-label.diag.yml -header-filter=.* --checks=-*,xilinx-label-all-loops,xilinx-aggregate-on-hls-vector,,xilinx-warn-mayneed-no-ctor-attribute -fix-errors /scratch/emettner/fpga-tachep-studies/HW3/hw3_matrix_mult_partition_one_dim/solution1/.autopilot/db/hw3_kernels.pp.0.cpp -- -std=gnu++14 -target fpga -fhls -ferror-limit=0 > /scratch/emettner/fpga-tachep-studies/HW3/hw3_matrix_mult_partition_one_dim/solution1/.autopilot/db/hw3_kernels.pp.0.cpp.clang-tidy.loop-label.out.log 2> /scratch/emettner/fpga-tachep-studies/HW3/hw3_matrix_mult_partition_one_dim/solution1/.autopilot/db/hw3_kernels.pp.0.cpp.clang-tidy.loop-label.err.log
Command         clang_tidy done; 0.16 sec.
INFO-FLOW: run_clang exec: /opt/Xilinx/Vitis_HLS/2024.1/lnx64/tools/clang-3.9-csynth/bin/xilinx-dataflow-lawyer -export-fixes=/scratch/emettner/fpga-tachep-studies/HW3/hw3_matrix_mult_partition_one_dim/solution1/.autopilot/db/hw3_kernels.pp.0.cpp.xilinx-dataflow-lawyer.diag.yml /scratch/emettner/fpga-tachep-studies/HW3/hw3_matrix_mult_partition_one_dim/solution1/.autopilot/db/hw3_kernels.pp.0.cpp -- -std=gnu++14 -target fpga -fhls -ferror-limit=0 -fstrict-dataflow > /scratch/emettner/fpga-tachep-studies/HW3/hw3_matrix_mult_partition_one_dim/solution1/.autopilot/db/hw3_kernels.pp.0.cpp.xilinx-dataflow-lawyer.out.log 2> /scratch/emettner/fpga-tachep-studies/HW3/hw3_matrix_mult_partition_one_dim/solution1/.autopilot/db/hw3_kernels.pp.0.cpp.xilinx-dataflow-lawyer.err.log
Execute         ap_part_info -name xcvu13p-fsga2577-2-e -data info 
INFO-FLOW: compiling source code to llvm bc
INFO-FLOW: run_clang exec: /opt/Xilinx/Vitis_HLS/2024.1/lnx64/tools/clang-3.9-csynth/bin/clang -foptimization-record-file=/scratch/emettner/fpga-tachep-studies/HW3/hw3_matrix_mult_partition_one_dim/solution1/.autopilot/db/hw3_kernels.pp.0.cpp.clang.diag.yml -mllvm -pass-remarks-missed=reflow|pasta|unroll -mllvm -pass-remarks=reflow|pasta|unroll|inline -fno-limit-debug-info -fhls -flto -fno-exceptions -Wno-error=c++11-narrowing -hls-emit-hint-scope /scratch/emettner/fpga-tachep-studies/HW3/hw3_matrix_mult_partition_one_dim/solution1/.autopilot/db/hw3_kernels.pp.0.cpp -fno-math-errno -c -emit-llvm -mllvm -disable-llvm-optzns -Werror=implicit-function-declaration -Werror=implicit-hls-streams -Werror=return-type -Wpragmas -Wunused-parameter -Wdump-hls-pragmas -Wno-error=dump-hls-pragmas -hls-clock-period=25 -fno-threadsafe-statics -fno-use-cxa-atexit -std=gnu++14 -target fpga64-xilinx-linux-gnu -D__VITIS_HLS__ -DAESL_SYN -D__SYNTHESIS__ -D__HLS_SYN__ -I /opt/Xilinx/Vitis_HLS/2024.1/common/technology/autopilot -I /opt/Xilinx/Vitis_HLS/2024.1/common/technology/autopilot/ap_sysc -include etc/autopilot_ssdm_op.h -D__DSP48E2__ -g -o /scratch/emettner/fpga-tachep-studies/HW3/hw3_matrix_mult_partition_one_dim/solution1/.autopilot/db/hw3_kernels.bc -hls-platform-db-name=/opt/Xilinx/Vitis_HLS/2024.1/common/technology/xilinx/common/platform.db -hls-platform-name=virtexuplus_medium -device-resource-info=BRAM_5376.000000_DSP_12288.000000_FF_3456000.000000_LUT_1728000.000000_SLICE_216000.000000_SLR_4.000000_URAM_1280.000000 -device-name-info=xcvu13p-fsga2577-2-e > /scratch/emettner/fpga-tachep-studies/HW3/hw3_matrix_mult_partition_one_dim/solution1/.autopilot/db/hw3_kernels.pp.0.cpp.clang.out.log 2> /scratch/emettner/fpga-tachep-studies/HW3/hw3_matrix_mult_partition_one_dim/solution1/.autopilot/db/hw3_kernels.pp.0.cpp.clang.err.log
INFO: [HLS 200-111] Finished Source Code Analysis and Preprocessing: CPU user time: 0.72 seconds. CPU system time: 0.89 seconds. Elapsed time: 1.72 seconds; current allocated memory: 516.715 MB.
INFO-FLOW: Linking Debug ...
INFO-FLOW: Linking dut bc code.
Execute         run_link_or_opt -out /scratch/emettner/fpga-tachep-studies/HW3/hw3_matrix_mult_partition_one_dim/solution1/.autopilot/db/a.g.ld.0.bc -args  "/scratch/emettner/fpga-tachep-studies/HW3/hw3_matrix_mult_partition_one_dim/solution1/.autopilot/db/hw3_kernels.g.bc"  
INFO-FLOW: run_clang exec: /opt/Xilinx/Vitis_HLS/2024.1/lnx64/tools/clang-3.9-csynth/bin/llvm-link /scratch/emettner/fpga-tachep-studies/HW3/hw3_matrix_mult_partition_one_dim/solution1/.autopilot/db/hw3_kernels.g.bc -o /scratch/emettner/fpga-tachep-studies/HW3/hw3_matrix_mult_partition_one_dim/solution1/.autopilot/db/a.g.ld.0.bc > /scratch/emettner/fpga-tachep-studies/HW3/hw3_matrix_mult_partition_one_dim/solution1/.autopilot/db/a.g.ld.0.bc.llvm-link.out.log 2> /scratch/emettner/fpga-tachep-studies/HW3/hw3_matrix_mult_partition_one_dim/solution1/.autopilot/db/a.g.ld.0.bc.llvm-link.err.log
INFO-FLOW: 
Execute         run_link_or_opt -opt -out /scratch/emettner/fpga-tachep-studies/HW3/hw3_matrix_mult_partition_one_dim/solution1/.autopilot/db/a.g.ld.1.lower.bc -args /scratch/emettner/fpga-tachep-studies/HW3/hw3_matrix_mult_partition_one_dim/solution1/.autopilot/db/a.g.ld.0.bc -reflow-lower-math-intrinsics 
INFO-FLOW: run_clang exec: /opt/Xilinx/Vitis_HLS/2024.1/lnx64/tools/clang-3.9-csynth/bin/opt -pass-remarks-missed=reflow|pasta|unroll -pass-remarks=reflow|pasta|unroll|inline -pass-remarks-output=/scratch/emettner/fpga-tachep-studies/HW3/hw3_matrix_mult_partition_one_dim/solution1/.autopilot/db/a.g.ld.1.lower.bc.opt.diag.yml /scratch/emettner/fpga-tachep-studies/HW3/hw3_matrix_mult_partition_one_dim/solution1/.autopilot/db/a.g.ld.0.bc -reflow-lower-math-intrinsics -o /scratch/emettner/fpga-tachep-studies/HW3/hw3_matrix_mult_partition_one_dim/solution1/.autopilot/db/a.g.ld.1.lower.bc > /scratch/emettner/fpga-tachep-studies/HW3/hw3_matrix_mult_partition_one_dim/solution1/.autopilot/db/a.g.ld.1.lower.bc.opt.out.log 2> /scratch/emettner/fpga-tachep-studies/HW3/hw3_matrix_mult_partition_one_dim/solution1/.autopilot/db/a.g.ld.1.lower.bc.opt.err.log
INFO-FLOW: 
INFO-FLOW: Running: gen_design_size_report post-opt
INFO-FLOW: Done: gen_design_size_report post-opt time: 0 seconds per iteration
INFO-FLOW: Linking math bc lib
Execute         run_link_or_opt -out /scratch/emettner/fpga-tachep-studies/HW3/hw3_matrix_mult_partition_one_dim/solution1/.autopilot/db/a.g.ld.2.m1.bc -args /scratch/emettner/fpga-tachep-studies/HW3/hw3_matrix_mult_partition_one_dim/solution1/.autopilot/db/a.g.ld.1.lower.bc -only-needed /opt/Xilinx/Vitis_HLS/2024.1/lnx64/lib/libhlsm_39.bc /opt/Xilinx/Vitis_HLS/2024.1/lnx64/lib/libhlsmc++_39.bc 
INFO-FLOW: run_clang exec: /opt/Xilinx/Vitis_HLS/2024.1/lnx64/tools/clang-3.9-csynth/bin/llvm-link /scratch/emettner/fpga-tachep-studies/HW3/hw3_matrix_mult_partition_one_dim/solution1/.autopilot/db/a.g.ld.1.lower.bc -only-needed /opt/Xilinx/Vitis_HLS/2024.1/lnx64/lib/libhlsm_39.bc /opt/Xilinx/Vitis_HLS/2024.1/lnx64/lib/libhlsmc++_39.bc -o /scratch/emettner/fpga-tachep-studies/HW3/hw3_matrix_mult_partition_one_dim/solution1/.autopilot/db/a.g.ld.2.m1.bc > /scratch/emettner/fpga-tachep-studies/HW3/hw3_matrix_mult_partition_one_dim/solution1/.autopilot/db/a.g.ld.2.m1.bc.llvm-link.out.log 2> /scratch/emettner/fpga-tachep-studies/HW3/hw3_matrix_mult_partition_one_dim/solution1/.autopilot/db/a.g.ld.2.m1.bc.llvm-link.err.log
INFO-FLOW: 
Command         run_link_or_opt done; 2.35 sec.
Execute         run_link_or_opt -opt -out /scratch/emettner/fpga-tachep-studies/HW3/hw3_matrix_mult_partition_one_dim/solution1/.autopilot/db/a.g.ld.3.fpc.bc -args /scratch/emettner/fpga-tachep-studies/HW3/hw3_matrix_mult_partition_one_dim/solution1/.autopilot/db/a.g.ld.2.m1.bc -reflow-globaldce -hls-top-function-name=matrix_mult_partition_one_dim -reflow-float-conversion 
INFO-FLOW: run_clang exec: /opt/Xilinx/Vitis_HLS/2024.1/lnx64/tools/clang-3.9-csynth/bin/opt -pass-remarks-missed=reflow|pasta|unroll -pass-remarks=reflow|pasta|unroll|inline -pass-remarks-output=/scratch/emettner/fpga-tachep-studies/HW3/hw3_matrix_mult_partition_one_dim/solution1/.autopilot/db/a.g.ld.3.fpc.bc.opt.diag.yml /scratch/emettner/fpga-tachep-studies/HW3/hw3_matrix_mult_partition_one_dim/solution1/.autopilot/db/a.g.ld.2.m1.bc -reflow-globaldce -hls-top-function-name=matrix_mult_partition_one_dim -reflow-float-conversion -o /scratch/emettner/fpga-tachep-studies/HW3/hw3_matrix_mult_partition_one_dim/solution1/.autopilot/db/a.g.ld.3.fpc.bc > /scratch/emettner/fpga-tachep-studies/HW3/hw3_matrix_mult_partition_one_dim/solution1/.autopilot/db/a.g.ld.3.fpc.bc.opt.out.log 2> /scratch/emettner/fpga-tachep-studies/HW3/hw3_matrix_mult_partition_one_dim/solution1/.autopilot/db/a.g.ld.3.fpc.bc.opt.err.log
INFO-FLOW: 
INFO-FLOW: Running: gen_design_size_report post-opt
INFO-FLOW: Done: gen_design_size_report post-opt time: 0 seconds per iteration
Command         run_link_or_opt done; 1.04 sec.
Execute         run_link_or_opt -out /scratch/emettner/fpga-tachep-studies/HW3/hw3_matrix_mult_partition_one_dim/solution1/.autopilot/db/a.g.ld.4.m2.bc -args /scratch/emettner/fpga-tachep-studies/HW3/hw3_matrix_mult_partition_one_dim/solution1/.autopilot/db/a.g.ld.3.fpc.bc -only-needed /opt/Xilinx/Vitis_HLS/2024.1/lnx64/lib/libfloatconversion_39.bc 
INFO-FLOW: run_clang exec: /opt/Xilinx/Vitis_HLS/2024.1/lnx64/tools/clang-3.9-csynth/bin/llvm-link /scratch/emettner/fpga-tachep-studies/HW3/hw3_matrix_mult_partition_one_dim/solution1/.autopilot/db/a.g.ld.3.fpc.bc -only-needed /opt/Xilinx/Vitis_HLS/2024.1/lnx64/lib/libfloatconversion_39.bc -o /scratch/emettner/fpga-tachep-studies/HW3/hw3_matrix_mult_partition_one_dim/solution1/.autopilot/db/a.g.ld.4.m2.bc > /scratch/emettner/fpga-tachep-studies/HW3/hw3_matrix_mult_partition_one_dim/solution1/.autopilot/db/a.g.ld.4.m2.bc.llvm-link.out.log 2> /scratch/emettner/fpga-tachep-studies/HW3/hw3_matrix_mult_partition_one_dim/solution1/.autopilot/db/a.g.ld.4.m2.bc.llvm-link.err.log
INFO-FLOW: 
Execute         run_link_or_opt -opt -out /scratch/emettner/fpga-tachep-studies/HW3/hw3_matrix_mult_partition_one_dim/solution1/.autopilot/db/a.g.ld.5.gdce.bc -args /scratch/emettner/fpga-tachep-studies/HW3/hw3_matrix_mult_partition_one_dim/solution1/.autopilot/db/a.g.ld.4.m2.bc -reflow-globaldce -hls-top-function-name=matrix_mult_partition_one_dim 
INFO-FLOW: run_clang exec: /opt/Xilinx/Vitis_HLS/2024.1/lnx64/tools/clang-3.9-csynth/bin/opt -pass-remarks-missed=reflow|pasta|unroll -pass-remarks=reflow|pasta|unroll|inline -pass-remarks-output=/scratch/emettner/fpga-tachep-studies/HW3/hw3_matrix_mult_partition_one_dim/solution1/.autopilot/db/a.g.ld.5.gdce.bc.opt.diag.yml /scratch/emettner/fpga-tachep-studies/HW3/hw3_matrix_mult_partition_one_dim/solution1/.autopilot/db/a.g.ld.4.m2.bc -reflow-globaldce -hls-top-function-name=matrix_mult_partition_one_dim -o /scratch/emettner/fpga-tachep-studies/HW3/hw3_matrix_mult_partition_one_dim/solution1/.autopilot/db/a.g.ld.5.gdce.bc > /scratch/emettner/fpga-tachep-studies/HW3/hw3_matrix_mult_partition_one_dim/solution1/.autopilot/db/a.g.ld.5.gdce.bc.opt.out.log 2> /scratch/emettner/fpga-tachep-studies/HW3/hw3_matrix_mult_partition_one_dim/solution1/.autopilot/db/a.g.ld.5.gdce.bc.opt.err.log
INFO-FLOW: 
INFO-FLOW: Running: gen_design_size_report post-opt
INFO-FLOW: Done: gen_design_size_report post-opt time: 0 seconds per iteration
Execute         send_msg_by_id INFO @200-777@%s Vivado 
INFO: [HLS 200-777] Using interface defaults for 'Vivado' flow target.
Execute         is_m_axi_addr64 
INFO-FLOW: Doing LTO.
INFO-FLOW: run_clang (background poll_ms 5000) exec: /opt/Xilinx/Vitis_HLS/2024.1/lnx64/tools/clang-3.9-csynth/bin/clang -foptimization-record-file=/scratch/emettner/fpga-tachep-studies/HW3/hw3_matrix_mult_partition_one_dim/solution1/.autopilot/db/a.g.ld.0.bc.clang.reflow.diag.yml -mllvm -pass-remarks-missed=reflow|pasta|unroll -mllvm -pass-remarks=reflow|pasta|unroll|inline -fhls -mllvm -hls-top-function-name=matrix_mult_partition_one_dim -mllvm -hls-db-dir -mllvm /scratch/emettner/fpga-tachep-studies/HW3/hw3_matrix_mult_partition_one_dim/solution1/.autopilot/db -emit-llvm -c -target fpga64-xilinx-none -mllvm -xcl-xmlinfo=/scratch/emettner/fpga-tachep-studies/HW3/hw3_matrix_mult_partition_one_dim/solution1/.autopilot/db/kernel.internal.xml -mllvm -top-io-mapping-info=/scratch/emettner/fpga-tachep-studies/HW3/hw3_matrix_mult_partition_one_dim/solution1/.autopilot/db/top-io-fe.xml -mllvm -hls-bitcode-version=3.1 -mllvm -reflow-enable-slave-interface-default-setting=true -mllvm -gen-kernel-xml=false -mllvm -default-maxi-offset=slave -mllvm -maxi-latency=0 -mllvm -hls-maxi-data-size-in-bits=8 -mllvm -hls-maxi-max-data-size-in-bits=1024 -mllvm -hls-max-widen-size-in-bits=0 -mllvm -xcl-kernel-max-mem-ports=0 -mllvm -maxi-read-trans=16 -mllvm -maxi-write-trans=16 -mllvm -maxi-read-burst-len=16 -mllvm -maxi-write-burst-len=16 -mllvm -reflow-enable-saxi-64bits=0 -mllvm -reflow-basic-block-instr-threshold=200000 -mllvm -reflow-auto-pipeline-threshold=64 -mllvm -reflow-enable-maxi-auto-id-channel=0 -mllvm -enable-fp-thr=0 -mllvm -reflow-bdd-simplify-threshold=1048576 -mllvm -reflow-fanout-threshold=16 -mllvm -reflow-complete-threshold=4 -mllvm -reflow-array-promotion-threshold=64 -mllvm -assume-maxi-align=1 -mllvm -reflow-enable-dataflow-strict-mode-checking=1 -ftime-report -mllvm -time-passes -mllvm -reflow-auto-array-partition-mode=default -mllvm -reflow-enable-auto-small-array-partition=true -mllvm -reflow-enable-auto-array-partition-for-flatten=true -mllvm -reflow-enable-auto-parallel-performance-driven=true -mllvm -reflow-enable-partition-for-automation=true -mllvm -reflow-aggregate-bitwidth-threshold=4096 -mllvm -reflow-reserved-saxilite-registers=0 -mllvm -enable-reflow-auto-loop-pipeline -mllvm -reflow-max-unroll-threshold=409600 -mllvm -auto-unroll-tripcount-threshold=0 -mllvm -reflow-assume-no-address-wrap=true -mllvm -reflow-enable-occurrence-inference=true -mllvm -reflow-emit-hint-scope=true -mllvm -reflow-enable-codegen-with-if=true -mllvm -hls -mllvm -disable-inlined-alloca-merging=true -mllvm -default-clock-period=25 -mllvm -use_read_first_ram_in_loop=1 -mllvm -default-clock-uncertainty=6.75 -x ir /scratch/emettner/fpga-tachep-studies/HW3/hw3_matrix_mult_partition_one_dim/solution1/.autopilot/db/a.g.ld.5.gdce.bc -o /scratch/emettner/fpga-tachep-studies/HW3/hw3_matrix_mult_partition_one_dim/solution1/.autopilot/db/a.g.lto.bc -hls-platform-db-name=/opt/Xilinx/Vitis_HLS/2024.1/common/technology/xilinx/common/platform.db -hls-platform-name=virtexuplus_medium -device-resource-info=BRAM_5376.000000_DSP_12288.000000_FF_3456000.000000_LUT_1728000.000000_SLICE_216000.000000_SLR_4.000000_URAM_1280.000000 -device-name-info=xcvu13p-fsga2577-2-e 2> /scratch/emettner/fpga-tachep-studies/HW3/hw3_matrix_mult_partition_one_dim/solution1/.autopilot/db/a.g.ld.0.bc.clang.reflow.err.log bg_poll_cmd: ::AP::poll_clang_39_closed_source
Execute         send_msg_by_id INFO @200-1995@%s%s%s 51 Compile/Link /scratch/emettner/fpga-tachep-studies/HW3/hw3_matrix_mult_partition_one_dim/solution1/syn/report/csynth_design_size.rpt 
INFO: [HLS 200-1995] There were 51 instructions in the design after the 'Compile/Link' phase of compilation. See the Design Size Report for more details: /scratch/emettner/fpga-tachep-studies/HW3/hw3_matrix_mult_partition_one_dim/solution1/syn/report/csynth_design_size.rpt
Execute         send_msg_by_id INFO @200-1995@%s%s%s 58 Unroll/Inline (step 1) /scratch/emettner/fpga-tachep-studies/HW3/hw3_matrix_mult_partition_one_dim/solution1/syn/report/csynth_design_size.rpt 
INFO: [HLS 200-1995] There were 58 instructions in the design after the 'Unroll/Inline (step 1)' phase of compilation. See the Design Size Report for more details: /scratch/emettner/fpga-tachep-studies/HW3/hw3_matrix_mult_partition_one_dim/solution1/syn/report/csynth_design_size.rpt
Execute         send_msg_by_id INFO @200-1995@%s%s%s 53 Unroll/Inline (step 2) /scratch/emettner/fpga-tachep-studies/HW3/hw3_matrix_mult_partition_one_dim/solution1/syn/report/csynth_design_size.rpt 
INFO: [HLS 200-1995] There were 53 instructions in the design after the 'Unroll/Inline (step 2)' phase of compilation. See the Design Size Report for more details: /scratch/emettner/fpga-tachep-studies/HW3/hw3_matrix_mult_partition_one_dim/solution1/syn/report/csynth_design_size.rpt
Execute         send_msg_by_id INFO @200-1995@%s%s%s 51 Unroll/Inline (step 3) /scratch/emettner/fpga-tachep-studies/HW3/hw3_matrix_mult_partition_one_dim/solution1/syn/report/csynth_design_size.rpt 
INFO: [HLS 200-1995] There were 51 instructions in the design after the 'Unroll/Inline (step 3)' phase of compilation. See the Design Size Report for more details: /scratch/emettner/fpga-tachep-studies/HW3/hw3_matrix_mult_partition_one_dim/solution1/syn/report/csynth_design_size.rpt
Execute         send_msg_by_id INFO @200-1995@%s%s%s 51 Unroll/Inline (step 4) /scratch/emettner/fpga-tachep-studies/HW3/hw3_matrix_mult_partition_one_dim/solution1/syn/report/csynth_design_size.rpt 
INFO: [HLS 200-1995] There were 51 instructions in the design after the 'Unroll/Inline (step 4)' phase of compilation. See the Design Size Report for more details: /scratch/emettner/fpga-tachep-studies/HW3/hw3_matrix_mult_partition_one_dim/solution1/syn/report/csynth_design_size.rpt
Execute         send_msg_by_id INFO @200-1995@%s%s%s 128 Array/Struct (step 1) /scratch/emettner/fpga-tachep-studies/HW3/hw3_matrix_mult_partition_one_dim/solution1/syn/report/csynth_design_size.rpt 
INFO: [HLS 200-1995] There were 128 instructions in the design after the 'Array/Struct (step 1)' phase of compilation. See the Design Size Report for more details: /scratch/emettner/fpga-tachep-studies/HW3/hw3_matrix_mult_partition_one_dim/solution1/syn/report/csynth_design_size.rpt
Execute         send_msg_by_id INFO @200-1995@%s%s%s 62 Array/Struct (step 2) /scratch/emettner/fpga-tachep-studies/HW3/hw3_matrix_mult_partition_one_dim/solution1/syn/report/csynth_design_size.rpt 
INFO: [HLS 200-1995] There were 62 instructions in the design after the 'Array/Struct (step 2)' phase of compilation. See the Design Size Report for more details: /scratch/emettner/fpga-tachep-studies/HW3/hw3_matrix_mult_partition_one_dim/solution1/syn/report/csynth_design_size.rpt
Execute         send_msg_by_id INFO @200-1995@%s%s%s 62 Array/Struct (step 3) /scratch/emettner/fpga-tachep-studies/HW3/hw3_matrix_mult_partition_one_dim/solution1/syn/report/csynth_design_size.rpt 
INFO: [HLS 200-1995] There were 62 instructions in the design after the 'Array/Struct (step 3)' phase of compilation. See the Design Size Report for more details: /scratch/emettner/fpga-tachep-studies/HW3/hw3_matrix_mult_partition_one_dim/solution1/syn/report/csynth_design_size.rpt
Execute         send_msg_by_id INFO @200-1995@%s%s%s 62 Array/Struct (step 4) /scratch/emettner/fpga-tachep-studies/HW3/hw3_matrix_mult_partition_one_dim/solution1/syn/report/csynth_design_size.rpt 
INFO: [HLS 200-1995] There were 62 instructions in the design after the 'Array/Struct (step 4)' phase of compilation. See the Design Size Report for more details: /scratch/emettner/fpga-tachep-studies/HW3/hw3_matrix_mult_partition_one_dim/solution1/syn/report/csynth_design_size.rpt
Execute         send_msg_by_id INFO @200-1995@%s%s%s 62 Array/Struct (step 5) /scratch/emettner/fpga-tachep-studies/HW3/hw3_matrix_mult_partition_one_dim/solution1/syn/report/csynth_design_size.rpt 
INFO: [HLS 200-1995] There were 62 instructions in the design after the 'Array/Struct (step 5)' phase of compilation. See the Design Size Report for more details: /scratch/emettner/fpga-tachep-studies/HW3/hw3_matrix_mult_partition_one_dim/solution1/syn/report/csynth_design_size.rpt
Execute         send_msg_by_id INFO @200-1995@%s%s%s 62 Performance (step 1) /scratch/emettner/fpga-tachep-studies/HW3/hw3_matrix_mult_partition_one_dim/solution1/syn/report/csynth_design_size.rpt 
INFO: [HLS 200-1995] There were 62 instructions in the design after the 'Performance (step 1)' phase of compilation. See the Design Size Report for more details: /scratch/emettner/fpga-tachep-studies/HW3/hw3_matrix_mult_partition_one_dim/solution1/syn/report/csynth_design_size.rpt
Execute         send_msg_by_id INFO @200-1995@%s%s%s 182 Performance (step 2) /scratch/emettner/fpga-tachep-studies/HW3/hw3_matrix_mult_partition_one_dim/solution1/syn/report/csynth_design_size.rpt 
INFO: [HLS 200-1995] There were 182 instructions in the design after the 'Performance (step 2)' phase of compilation. See the Design Size Report for more details: /scratch/emettner/fpga-tachep-studies/HW3/hw3_matrix_mult_partition_one_dim/solution1/syn/report/csynth_design_size.rpt
Execute         send_msg_by_id INFO @200-1995@%s%s%s 182 Performance (step 3) /scratch/emettner/fpga-tachep-studies/HW3/hw3_matrix_mult_partition_one_dim/solution1/syn/report/csynth_design_size.rpt 
INFO: [HLS 200-1995] There were 182 instructions in the design after the 'Performance (step 3)' phase of compilation. See the Design Size Report for more details: /scratch/emettner/fpga-tachep-studies/HW3/hw3_matrix_mult_partition_one_dim/solution1/syn/report/csynth_design_size.rpt
Execute         send_msg_by_id INFO @200-1995@%s%s%s 182 Performance (step 4) /scratch/emettner/fpga-tachep-studies/HW3/hw3_matrix_mult_partition_one_dim/solution1/syn/report/csynth_design_size.rpt 
INFO: [HLS 200-1995] There were 182 instructions in the design after the 'Performance (step 4)' phase of compilation. See the Design Size Report for more details: /scratch/emettner/fpga-tachep-studies/HW3/hw3_matrix_mult_partition_one_dim/solution1/syn/report/csynth_design_size.rpt
Execute         send_msg_by_id INFO @200-1995@%s%s%s 194 HW Transforms (step 1) /scratch/emettner/fpga-tachep-studies/HW3/hw3_matrix_mult_partition_one_dim/solution1/syn/report/csynth_design_size.rpt 
INFO: [HLS 200-1995] There were 194 instructions in the design after the 'HW Transforms (step 1)' phase of compilation. See the Design Size Report for more details: /scratch/emettner/fpga-tachep-studies/HW3/hw3_matrix_mult_partition_one_dim/solution1/syn/report/csynth_design_size.rpt
Execute         send_msg_by_id INFO @200-1995@%s%s%s 199 HW Transforms (step 2) /scratch/emettner/fpga-tachep-studies/HW3/hw3_matrix_mult_partition_one_dim/solution1/syn/report/csynth_design_size.rpt 
INFO: [HLS 200-1995] There were 199 instructions in the design after the 'HW Transforms (step 2)' phase of compilation. See the Design Size Report for more details: /scratch/emettner/fpga-tachep-studies/HW3/hw3_matrix_mult_partition_one_dim/solution1/syn/report/csynth_design_size.rpt
INFO: [HLS 214-186] Unrolling loop 'VITIS_LOOP_66_3' (hw3_kernels.cpp:66:30) in function 'matrix_mult_partition_one_dim' completely with a factor of 6 (hw3_kernels.cpp:54:0)
INFO: [HLS 214-248] Applying array_partition to 'A': Complete partitioning on dimension 2. (hw3_kernels.cpp:54:0)
INFO: [HLS 214-248] Applying array_partition to 'B': Complete partitioning on dimension 1. (hw3_kernels.cpp:54:0)
INFO: [HLS 214-376] automatically set the pipeline for Loop< VITIS_LOOP_62_1> at hw3_kernels.cpp:62:19 
INFO: [HLS 214-291] Loop 'VITIS_LOOP_63_2' is marked as complete unroll implied by the pipeline pragma (hw3_kernels.cpp:63:26)
INFO: [HLS 214-186] Unrolling loop 'VITIS_LOOP_63_2' (hw3_kernels.cpp:63:26) in function 'matrix_mult_partition_one_dim' completely with a factor of 6 (hw3_kernels.cpp:54:0)
INFO-FLOW: DBG:PUTS: copy_raw_kernel_xml ap_link_39: kernel.xml not generated: /scratch/emettner/fpga-tachep-studies/HW3/hw3_matrix_mult_partition_one_dim/solution1/.autopilot/db/kernel.internal.xml
INFO: [HLS 200-111] Finished Compiling Optimization and Transform: CPU user time: 3.89 seconds. CPU system time: 0.87 seconds. Elapsed time: 9.05 seconds; current allocated memory: 516.715 MB.
INFO: [HLS 200-111] Finished Checking Pragmas: CPU user time: 0 seconds. CPU system time: 0 seconds. Elapsed time: 0 seconds; current allocated memory: 516.715 MB.
Execute         opt_and_import_c a -opt_level=2 -skip_syncheck=0 -ng=0 -keep_printf=0 
Execute           cleanup_all_models 
INFO: [HLS 200-10] Starting code transformations ...
INFO-FLOW: Running Standard Transforms...
Execute           transform -hls -share-std-xform -demangle-name -inline-byval-memcpy -always-inline -promote-dbg-pointer -interface-preproc -mem2reg -scalarrepl -mem2reg -keep-read-access -instcombine -dce -promote-dbg-pointer -bitop-raise -loop-simplify -indvarspre -indvars -loop-simplify -constprop -instcombine -simplifycfg -indvars -simplifycfg -dce -globaldce -basicaa -simplifycfg -mem2reg -globalopt -global-constprop -deadargelim -instcombine -simplifycfg -scalarrepl -instcombine -reassociate -licm -simplifycfg -loop-simplify -indvars -instcombine -simplifycfg -mem2reg -loop-simplify -indvars -instcombine -gvn -gvn -instcombine -adce -break-crit-edges -simplifycfg -loop-delete -global-array-opt -dce -dse -adce -find-syn-modules -top matrix_mult_partition_one_dim -deadargelim -mem2reg -instcombine -dce -presyn-prepare -interface-preproc -syn-check -check-rec-only -find-region -simplifycfg -func-extr -function-inline -globaldce -mem2reg -instcombine -dce -gvn -globaldce -adce -adse -constprop -instcombine -bit-constprop -instcombine -dce -simplifycfg -bitop-raise -simplifycfg -dce -loop-delete -reassociate -globalopt -global-privatize -mem2reg -dce -global-constprop -pointer-simplify -constprop -dce -promote-dbg-pointer -norm-name /scratch/emettner/fpga-tachep-studies/HW3/hw3_matrix_mult_partition_one_dim/solution1/.autopilot/db/a.g.0.bc -o /scratch/emettner/fpga-tachep-studies/HW3/hw3_matrix_mult_partition_one_dim/solution1/.autopilot/db/a.g.1.bc -f -phase std-opt 
INFO: [HLS 200-111] Finished Standard Transforms: CPU user time: 0.02 seconds. CPU system time: 0 seconds. Elapsed time: 0.02 seconds; current allocated memory: 516.715 MB.
INFO: [HLS 200-10] Checking synthesizability ...
INFO-FLOW: Checking Synthesizability 1/2..
Execute           transform -hls -syn-check -check-rec-only -scalarrepl -norm-name -dce -mem2reg -instcombine -directive-preproc -mem2reg -dse -dce -dce -pag -array-normalize -instcombine -dce -array-seg-normalize -instcombine -dce -data-pack -instcombine -dce -inst-simplify -array-flatten -instcombine -dce -array-burst -dce -deadargelim -promote-global-argument -simplifycfg -mem2reg -globaldce -dce -deadargelim -dce -instcombine -function-inline -globaldce -dce -doublePtrSimplify -doublePtrElim -dce -doublePtrSimplify -promote-dbg-pointer -dce -scalarrepl -dse -adse -instcombine -ptrLegalization -simplifycfg -dce -instcombine -pointer-simplify -ptrArgReplace -dce -instcombine -resolve-double-ptr -scalarrepl -norm-name -dce -mem2reg -instcombine -ptrLegalization -simplifycfg -deadargelim -instcombine -dce -inst-simplify -directive-preproc -mem2reg -dse -dce -globaldce /scratch/emettner/fpga-tachep-studies/HW3/hw3_matrix_mult_partition_one_dim/solution1/.autopilot/db/a.g.1.bc -o /scratch/emettner/fpga-tachep-studies/HW3/hw3_matrix_mult_partition_one_dim/solution1/.autopilot/db/a.g.2.prechk.bc -f 
INFO-FLOW: Checking Synthesizability 2/2..
Execute           transform -syn-check /scratch/emettner/fpga-tachep-studies/HW3/hw3_matrix_mult_partition_one_dim/solution1/.autopilot/db/a.g.2.prechk.bc -o /scratch/emettner/fpga-tachep-studies/HW3/hw3_matrix_mult_partition_one_dim/solution1/.autopilot/db/a.g.2.bc -f -phase syn-check 
INFO: [HLS 200-111] Finished Checking Synthesizability: CPU user time: 0.03 seconds. CPU system time: 0.01 seconds. Elapsed time: 0.02 seconds; current allocated memory: 516.715 MB.
INFO-FLOW: Compiler optimizing ...
INFO-FLOW: Share syncheck's 1.bc for syn flow: copy /scratch/emettner/fpga-tachep-studies/HW3/hw3_matrix_mult_partition_one_dim/solution1/.autopilot/db/a.g.1.bc to /scratch/emettner/fpga-tachep-studies/HW3/hw3_matrix_mult_partition_one_dim/solution1/.autopilot/db/a.o.1.bc
INFO-FLOW: Presyn 1...
Execute           transform -hls -tmp /scratch/emettner/fpga-tachep-studies/HW3/hw3_matrix_mult_partition_one_dim/solution1/.autopilot/db -interface-port-rename -directive-preproc -mem2reg -dse -dce -scalarrepl -norm-name -deadargelim -mem2reg -instcombine -dce -simplifycfg -dce -resource-proc -clib-intrinsic-prepare -dce -func-buffer -dce -pag -array-normalize -func-legal -instcombine -gvn -constprop -dce -simplifycfg -mem2reg -globaldce -resolve-double-ptr -dce -deadargelim -dce -instcombine -ptrArgReplace -mem2reg -dce -array-seg-normalize -deadargelim -instcombine -dce -directive-preproc -mem2reg -dse -dce -pointer-simplify -dce -port-alignment -dce -interface-preproc -data-pack -instcombine -dce -basicaa -aggr-aa -aggrmodref-aa -aggr-aa -gvn -gvn -basicaa -aggr-aa -aggrmodref-aa -aggr-aa -dse -adse -adce -loop-simplify -indvars -instcombine -gvn -loop-simplify -mem2reg -dce -find-region -instcombine -inst-simplify -interface-preproc -cfgopt -instcombine -indvars -loop-simplify -loop-bound -constprop -instcombine -simplifycfg -indvars -simplifycfg -dce -globaldce -clean-region -attach-range -gvn -inst-simplify -constprop -simplifycfg -dce -pointer-simplify -dce -globalopt -constprop -dce -array-promote -constprop -dce -ptrArgReplace -mem2reg -simplifycfg -dce -instcombine -dce -array-transform-check -array-reshape -instcombine -simplifycfg -dce -ptrArgReplace -deadargelim -mem2reg -instcombine -simplifycfg -dce -indvars -loop-simplify -loop-bound -constprop -instcombine -simplifycfg -indvars -simplifycfg -dce -globaldce -basicaa -aggr-aa -aggrmodref-aa -aggr-aa -dse -duplicate-dataflow-processes -globaldce -instcombine -array-partition -prepare-dynamic-array-partition -instcombine -simplifycfg -dce -ptrArgReplace -global-constprop -deadargelim -mem2reg -func-legal -dce -global-constprop -deadargelim -mem2reg -simplifycfg -dce -merge-param -deadargelim -globalopt -constprop -dce -array-promote -constprop -dce -ptrArgReplace -mem2reg -simplifycfg -dce -mem-intrinsic-preproc -dce -global-internalize -global-privatize -mem2reg -globaldce -lcssa -loop-simplify -phi-select-elim -promote-global-argument -ptrArgReplace -mem2reg -dce -globalopt -mergereturn -simplify-global-access -mem2reg -dce -pointer-simplify -dce -basicaa -aggr-aa -aggrmodref-aa -aggr-aa -functionattrs -basicaa -aggr-aa -aggrmodref-aa -aggr-aa -gvn -gvn -basicaa -aggr-aa -aggrmodref-aa -aggr-aa -dse -adse -adce -dce -norm-name -basicaa -aggr-aa -aggrmodref-aa -aggr-aa -accesses-merge -function-inline -complex-op-raise -inst-simplify -globaldce -func-legal -dce -loop-bound -arraycheck -bitwidthmin2 -bitwidthmin2 -on-by-dataflow -loop-delete -instcombine -simplifycfg -globaldce -dce -gvn -deadargelim -dce -loop-simplify -clean-region -simplifycfg -propagate-stable-arguments -loop-stream -instcombine -simplifycfg -dce -globaldce -duplicate-dataflow-processes -stream-intrinsic-preproc -dce -check-ap-stream -loop-simplify -eliminate-keepreads -extract-dataflow-in-loop -loop-simplify -dce -gvn -deadargelim -dse -duplicate-dataflow-processes -check-dataflow-syntax -legalize-stream-variable -globaldce -legalize-global -extract-subproc -dce -dead-channel-elimination -canonicalize-gep -globaldce -dce -gvn -hls-dead-arg-elim -deadargelim -directive-preproc -canonicalize-dataflow -dce -globaldce -scalar-preprocessing -scalar-propagation2 -scalar-stream -deadargelim -globaldce -mem2reg -check-dataflow-channels -function-stream -dce -globaldce -prop-fifo-spec -internal-stream-gen -canonicalize-gep -globaldce -dce -gvn -deadargelim -mergereturn -indvars -loop-simplify -instcombine -array-stream -array-seg-normalize -array-partition -clean-array-spec -func-legal -instcombine -simplifycfg -dce -bundle-memfifo-ops -deadargelim -directive-preproc -mem2reg -dse -dce -group-axi-access -licm -simplifycfg -dce -loop-delete -hls-display -norm-name /scratch/emettner/fpga-tachep-studies/HW3/hw3_matrix_mult_partition_one_dim/solution1/.autopilot/db/a.o.1.bc -o /scratch/emettner/fpga-tachep-studies/HW3/hw3_matrix_mult_partition_one_dim/solution1/.autopilot/db/a.o.1.tmp.bc -f 
INFO-FLOW: Presyn 2...
Execute           transform -hls -keep-callgraph -scalarrepl -mem2reg -port-alignment -attach-range -dce -pipe-mux-gen -indvars -loop-bound -inst-simplify -instcombine -dce -merge-array-access -mem2reg -dce -clean-region -mergereturn -if-conv -instcombine -dce -constprop -basicaa -aggr-aa -aggrmodref-aa -aggr-aa -gvn -gvn -basicaa -aggr-aa -aggrmodref-aa -aggr-aa -dse -adse -adce -scalarrepl -mem2reg -global-constprop -deadargelim -deadargelim -instcombine -dce -simplifycfg -ptrArgReplace -mem2reg -function-inline -globaldce -mem2reg -instcombine -dce -expr-balance -instcombine -dce -bitwidthmin2 -bitwidthmin2 -interface-preproc -directive-preproc -inst-rectify -instcombine -dce -basicaa -aggr-aa -aggrmodref-aa -aggr-aa -functionattrs -constprop -instcombine -bit-constprop -simplify-global-access -globalopt -globaldce -inst-simplify -instcombine -elimdeaddata -dce -loop-delete -simplifycfg -loop-simplify -barrier -norm-name /scratch/emettner/fpga-tachep-studies/HW3/hw3_matrix_mult_partition_one_dim/solution1/.autopilot/db/a.o.1.tmp.bc -o /scratch/emettner/fpga-tachep-studies/HW3/hw3_matrix_mult_partition_one_dim/solution1/.autopilot/db/a.o.2.bc -f -phase presyn 
INFO: [XFORM 203-11] Balancing expressions in function 'matrix_mult_partition_one_dim' (hw3_kernels.cpp:50:19)...30 expression(s) balanced.
INFO: [HLS 200-111] Finished Loop, function and other optimizations: CPU user time: 0.07 seconds. CPU system time: 0.01 seconds. Elapsed time: 0.09 seconds; current allocated memory: 536.578 MB.
Execute           transform -hls -auto-function-inline -globaldce -ptrArgReplace -mem2reg -dce -reset-lda -loop-simplify -indvars -aggr-aa -licm -loop-dep -loop-bound -licm -loop-simplify -loop-sink-hoist -flattenloopnest -array-flatten -gvn -instcombine -dce -array-map -dce -func-legal -gvn -adce -instcombine -cfgopt -simplifycfg-lite -loop-simplify -array-burst -promote-global-argument -dce -array-seg-normalize -basicaa -aggrmodref-aa -globalsmodref-aa -aggr-aa -gvn -gvn -basicaa -aggrmodref-aa -globalsmodref-aa -aggr-aa -dse -adse -adce -licm -inst-simplify -dce -globaldce -instcombine -array-stream -eliminate-keepreads -instcombine -dce -deadargelim -doublePtrSimplify -doublePtrElim -dce -doublePtrSimplify -promote-dbg-pointer -dce -scalarrepl -mem2reg -norm-name -mem2reg -instcombine -dse -adse -adce -ptrLegalization -dce -array-flatten -dce -instcombine -check-doubleptr -loop-rot -constprop -inst-simplify -cfgopt -simplifycfg-lite -loop-simplify -indvars -pointer-simplify -dce -loop-bound -loop-simplify -loop-preproc -constprop -global-constprop -gvn -mem2reg -instcombine -dce -loop-bound -loop-merge -dce -deadargelim -dce -canonicalize-dataflow -dce -deadargelim -globaldce -mem2reg -bram-byte-enable -inst-simplify -inst-rectify -instcombine -adce -deadargelim -load-elim -read-loop-dep -loop-simplify -loop-extract-inner -directive-preproc -bitwidthmin2 -bitwidthmin2 -read-loop-dep -interface-preproc -directive-preproc -interface-gen -bram-byte-enable-spec-prop -mul2addshift -deadargelim -inst-simplify -dce -mem2reg -instcombine -gvn -dce -adse -loop-bound -instcombine -cfgopt -simplifycfg-lite -loop-simplify -clean-region -io-protocol -find-region -mem2reg -bitop-raise -complex-op-raise -inst-simplify -inst-rectify -instcombine -adce -deadargelim -float-op-raise -loop-simplify -phi-opt -bitop-raise -cfgopt -simplifycfg-lite -strip-dead-prototypes -interface-lower -bitop-lower -intrinsic-lower -auto-function-inline -basicaa -aggrmodref-aa -globalsmodref-aa -aggr-aa -inst-simplify -simplifycfg-lite -loop-simplify -mergereturn -inst-simplify -inst-rectify -globaldce -dce -load-elim -bitop-lower -float-op-raise -fma-raise -loop-rewind -pointer-simplify -dce -cfgopt -dce -loop-bound -loop-dep -read-loop-dep -dce -dyn-mem-reuse -dce -recurrence-min -dce -share-scalar-alloca -deadargelim -dce -check-stream -norm-name -legalize -inst-clarity -bitwidth -dce -validate-dataflow -dump-loop-dep-to-ir -check-all-ssdm -dump-complexity-metric /scratch/emettner/fpga-tachep-studies/HW3/hw3_matrix_mult_partition_one_dim/solution1/.autopilot/db/a.o.2.bc -o /scratch/emettner/fpga-tachep-studies/HW3/hw3_matrix_mult_partition_one_dim/solution1/.autopilot/db/a.o.3.bc -f -phase build-ssdm 
Execute             auto_get_db
INFO-FLOW: Building ssdm...
Execute           transform -hls -cdfg-build /scratch/emettner/fpga-tachep-studies/HW3/hw3_matrix_mult_partition_one_dim/solution1/.autopilot/db/a.o.3.bc -o /scratch/emettner/fpga-tachep-studies/HW3/hw3_matrix_mult_partition_one_dim/solution1/.autopilot/db/a.o.3.bc -f -phase build-ssdm 
INFO: [HLS 200-111] Finished Architecture Synthesis: CPU user time: 0.09 seconds. CPU system time: 0 seconds. Elapsed time: 0.09 seconds; current allocated memory: 536.078 MB.
INFO-FLOW: Finish building internal data model.
Command         opt_and_import_c done; 0.23 sec.
Command       elaborate done; 11.02 sec.
Execute       ap_eval exec zip -j /scratch/emettner/fpga-tachep-studies/HW3/hw3_matrix_mult_partition_one_dim/solution1/.autopilot/db/dut.hcp $dbDir/a.o.3.bc $dbDir/${topname}.rtl_wrap.cfg.tcl $dbDir/apatb_${topname}.cpp $dbDir/apatb_${topname}_util.cpp $dbDir/apatb_${topname}_ir.ll $dbDir/mapper_${topname}.cpp $dbDir/top-io-fe.xml $dbDir/kernel.internal.xml $workdir/../hls.app 
Execute       autosyn -from_csynth_design=1 
INFO: [HLS 200-10] Starting hardware synthesis ...
INFO-FLOW: Synthesizing C/C++ design ...
INFO: [HLS 200-10] Synthesizing 'matrix_mult_partition_one_dim' ...
Execute         ap_set_top_model matrix_mult_partition_one_dim 
Execute         get_model_list matrix_mult_partition_one_dim -filter all-wo-channel -topdown 
Execute         preproc_iomode -model matrix_mult_partition_one_dim 
Execute         preproc_iomode -model matrix_mult_partition_one_dim_Pipeline_VITIS_LOOP_62_1 
Execute         get_model_list matrix_mult_partition_one_dim -filter all-wo-channel 
INFO-FLOW: Model list for configure: matrix_mult_partition_one_dim_Pipeline_VITIS_LOOP_62_1 matrix_mult_partition_one_dim
INFO-FLOW: Configuring Module : matrix_mult_partition_one_dim_Pipeline_VITIS_LOOP_62_1 ...
Execute         set_default_model matrix_mult_partition_one_dim_Pipeline_VITIS_LOOP_62_1 
Execute         apply_spec_resource_limit matrix_mult_partition_one_dim_Pipeline_VITIS_LOOP_62_1 
INFO-FLOW: Configuring Module : matrix_mult_partition_one_dim ...
Execute         set_default_model matrix_mult_partition_one_dim 
Execute         apply_spec_resource_limit matrix_mult_partition_one_dim 
INFO-FLOW: Model list for preprocess: matrix_mult_partition_one_dim_Pipeline_VITIS_LOOP_62_1 matrix_mult_partition_one_dim
INFO-FLOW: Preprocessing Module: matrix_mult_partition_one_dim_Pipeline_VITIS_LOOP_62_1 ...
Execute         set_default_model matrix_mult_partition_one_dim_Pipeline_VITIS_LOOP_62_1 
Execute         cdfg_preprocess -model matrix_mult_partition_one_dim_Pipeline_VITIS_LOOP_62_1 
Execute         rtl_gen_preprocess matrix_mult_partition_one_dim_Pipeline_VITIS_LOOP_62_1 
INFO-FLOW: Preprocessing Module: matrix_mult_partition_one_dim ...
Execute         set_default_model matrix_mult_partition_one_dim 
Execute         cdfg_preprocess -model matrix_mult_partition_one_dim 
Execute         rtl_gen_preprocess matrix_mult_partition_one_dim 
INFO-FLOW: Model list for synthesis: matrix_mult_partition_one_dim_Pipeline_VITIS_LOOP_62_1 matrix_mult_partition_one_dim
INFO: [HLS 200-10] ----------------------------------------------------------------
INFO: [HLS 200-42] -- Implementing module 'matrix_mult_partition_one_dim_Pipeline_VITIS_LOOP_62_1' 
INFO: [HLS 200-10] ----------------------------------------------------------------
Execute         set_default_model matrix_mult_partition_one_dim_Pipeline_VITIS_LOOP_62_1 
Execute         schedule -model matrix_mult_partition_one_dim_Pipeline_VITIS_LOOP_62_1 
INFO: [SCHED 204-11] Starting scheduling ...
INFO: [SCHED 204-61] Pipelining loop 'VITIS_LOOP_62_1'.
WARNING: [HLS 200-885] The II Violation in module 'matrix_mult_partition_one_dim_Pipeline_VITIS_LOOP_62_1' (loop 'VITIS_LOOP_62_1'): Unable to schedule 'store' operation 0 bit ('C_addr_1_write_ln71', hw3_kernels.cpp:71) of variable 'sum', hw3_kernels.cpp:68 on array 'C' due to limited memory ports (II = 1). Please consider using a memory core with more ports or partitioning the array 'C'.
WARNING: [HLS 200-885] The II Violation in module 'matrix_mult_partition_one_dim_Pipeline_VITIS_LOOP_62_1' (loop 'VITIS_LOOP_62_1'): Unable to schedule 'store' operation 0 bit ('C_addr_3_write_ln71', hw3_kernels.cpp:71) of variable 'sum', hw3_kernels.cpp:68 on array 'C' due to limited memory ports (II = 2). Please consider using a memory core with more ports or partitioning the array 'C'.
INFO: [HLS 200-1470] Pipelining result : Target II = NA, Final II = 3, Depth = 4, loop 'VITIS_LOOP_62_1'
INFO: [SCHED 204-11] Finished scheduling.
Command         schedule done; 0.59 sec.
INFO: [HLS 200-111] Finished Scheduling: CPU user time: 0.6 seconds. CPU system time: 0.03 seconds. Elapsed time: 0.66 seconds; current allocated memory: 536.961 MB.
Execute         syn_report -verbosereport -o /scratch/emettner/fpga-tachep-studies/HW3/hw3_matrix_mult_partition_one_dim/solution1/.autopilot/db/matrix_mult_partition_one_dim_Pipeline_VITIS_LOOP_62_1.verbose.sched.rpt 
Execute           list_part -family xcvu13p-fsga2577-2-e 
Execute             ap_family_info -name xcvu13p-fsga2577-2-e -data names 
Execute             ap_part_info -quiet -name xcvu13p-fsga2577-2-e -data family 
Execute         db_write -o /scratch/emettner/fpga-tachep-studies/HW3/hw3_matrix_mult_partition_one_dim/solution1/.autopilot/db/matrix_mult_partition_one_dim_Pipeline_VITIS_LOOP_62_1.sched.adb -f 
INFO-FLOW: Finish scheduling matrix_mult_partition_one_dim_Pipeline_VITIS_LOOP_62_1.
Execute         set_default_model matrix_mult_partition_one_dim_Pipeline_VITIS_LOOP_62_1 
Execute         bind -model matrix_mult_partition_one_dim_Pipeline_VITIS_LOOP_62_1 
INFO: [BIND 205-100] Starting micro-architecture generation ...
INFO: [BIND 205-101] Performing variable lifetime analysis.
INFO: [BIND 205-101] Exploring resource sharing.
INFO: [BIND 205-101] Binding ...
INFO: [BIND 205-100] Finished micro-architecture generation.
INFO: [HLS 200-111] Finished Binding: CPU user time: 0.05 seconds. CPU system time: 0.02 seconds. Elapsed time: 0.08 seconds; current allocated memory: 536.961 MB.
Execute         syn_report -verbosereport -o /scratch/emettner/fpga-tachep-studies/HW3/hw3_matrix_mult_partition_one_dim/solution1/.autopilot/db/matrix_mult_partition_one_dim_Pipeline_VITIS_LOOP_62_1.verbose.bind.rpt 
Execute           list_part -family xcvu13p-fsga2577-2-e 
Execute             ap_family_info -name xcvu13p-fsga2577-2-e -data names 
Execute             ap_part_info -quiet -name xcvu13p-fsga2577-2-e -data family 
Execute         db_write -o /scratch/emettner/fpga-tachep-studies/HW3/hw3_matrix_mult_partition_one_dim/solution1/.autopilot/db/matrix_mult_partition_one_dim_Pipeline_VITIS_LOOP_62_1.bind.adb -f 
INFO-FLOW: Finish binding matrix_mult_partition_one_dim_Pipeline_VITIS_LOOP_62_1.
INFO: [HLS 200-10] ----------------------------------------------------------------
INFO: [HLS 200-42] -- Implementing module 'matrix_mult_partition_one_dim' 
INFO: [HLS 200-10] ----------------------------------------------------------------
Execute         set_default_model matrix_mult_partition_one_dim 
Execute         schedule -model matrix_mult_partition_one_dim 
INFO: [SCHED 204-11] Starting scheduling ...
INFO: [SCHED 204-11] Finished scheduling.
INFO: [HLS 200-111] Finished Scheduling: CPU user time: 0.13 seconds. CPU system time: 0.01 seconds. Elapsed time: 0.16 seconds; current allocated memory: 536.961 MB.
Execute         syn_report -verbosereport -o /scratch/emettner/fpga-tachep-studies/HW3/hw3_matrix_mult_partition_one_dim/solution1/.autopilot/db/matrix_mult_partition_one_dim.verbose.sched.rpt 
Execute           list_part -family xcvu13p-fsga2577-2-e 
Execute             ap_family_info -name xcvu13p-fsga2577-2-e -data names 
Execute             ap_part_info -quiet -name xcvu13p-fsga2577-2-e -data family 
Execute         db_write -o /scratch/emettner/fpga-tachep-studies/HW3/hw3_matrix_mult_partition_one_dim/solution1/.autopilot/db/matrix_mult_partition_one_dim.sched.adb -f 
INFO-FLOW: Finish scheduling matrix_mult_partition_one_dim.
Execute         set_default_model matrix_mult_partition_one_dim 
Execute         bind -model matrix_mult_partition_one_dim 
INFO: [BIND 205-100] Starting micro-architecture generation ...
INFO: [BIND 205-101] Performing variable lifetime analysis.
INFO: [BIND 205-101] Exploring resource sharing.
INFO: [BIND 205-101] Binding ...
INFO: [BIND 205-100] Finished micro-architecture generation.
INFO: [HLS 200-111] Finished Binding: CPU user time: 0.04 seconds. CPU system time: 0 seconds. Elapsed time: 0.06 seconds; current allocated memory: 536.961 MB.
Execute         syn_report -verbosereport -o /scratch/emettner/fpga-tachep-studies/HW3/hw3_matrix_mult_partition_one_dim/solution1/.autopilot/db/matrix_mult_partition_one_dim.verbose.bind.rpt 
Execute           list_part -family xcvu13p-fsga2577-2-e 
Execute             ap_family_info -name xcvu13p-fsga2577-2-e -data names 
Execute             ap_part_info -quiet -name xcvu13p-fsga2577-2-e -data family 
Execute         db_write -o /scratch/emettner/fpga-tachep-studies/HW3/hw3_matrix_mult_partition_one_dim/solution1/.autopilot/db/matrix_mult_partition_one_dim.bind.adb -f 
INFO-FLOW: Finish binding matrix_mult_partition_one_dim.
Execute         get_model_list matrix_mult_partition_one_dim -filter all-wo-channel 
INFO-FLOW: Preprocessing for RTLGen ...
Execute         rtl_gen_preprocess matrix_mult_partition_one_dim_Pipeline_VITIS_LOOP_62_1 
Execute         rtl_gen_preprocess matrix_mult_partition_one_dim 
INFO-FLOW: Model list for RTL generation: matrix_mult_partition_one_dim_Pipeline_VITIS_LOOP_62_1 matrix_mult_partition_one_dim
INFO: [HLS 200-10] ----------------------------------------------------------------
INFO: [HLS 200-10] -- Generating RTL for module 'matrix_mult_partition_one_dim_Pipeline_VITIS_LOOP_62_1' 
INFO: [HLS 200-10] ----------------------------------------------------------------
Execute         create_rtl_model matrix_mult_partition_one_dim_Pipeline_VITIS_LOOP_62_1 -top_prefix matrix_mult_partition_one_dim_ -sub_prefix matrix_mult_partition_one_dim_ -mg_file /scratch/emettner/fpga-tachep-studies/HW3/hw3_matrix_mult_partition_one_dim/solution1/.autopilot/db/matrix_mult_partition_one_dim_Pipeline_VITIS_LOOP_62_1.compgen.tcl 
INFO: [HLS 200-1030] Apply Unified Pipeline Control on module 'matrix_mult_partition_one_dim_Pipeline_VITIS_LOOP_62_1' pipeline 'VITIS_LOOP_62_1' pipeline type 'loop pipeline'
WARNING: [RTGEN 206-101] Setting dangling out port 'matrix_mult_partition_one_dim_Pipeline_VITIS_LOOP_62_1/A_0_WEN_A' to 0.
WARNING: [RTGEN 206-101] Setting dangling out port 'matrix_mult_partition_one_dim_Pipeline_VITIS_LOOP_62_1/A_0_Din_A' to 0.
WARNING: [RTGEN 206-101] Setting dangling out port 'matrix_mult_partition_one_dim_Pipeline_VITIS_LOOP_62_1/A_1_WEN_A' to 0.
WARNING: [RTGEN 206-101] Setting dangling out port 'matrix_mult_partition_one_dim_Pipeline_VITIS_LOOP_62_1/A_1_Din_A' to 0.
WARNING: [RTGEN 206-101] Setting dangling out port 'matrix_mult_partition_one_dim_Pipeline_VITIS_LOOP_62_1/A_2_WEN_A' to 0.
WARNING: [RTGEN 206-101] Setting dangling out port 'matrix_mult_partition_one_dim_Pipeline_VITIS_LOOP_62_1/A_2_Din_A' to 0.
WARNING: [RTGEN 206-101] Setting dangling out port 'matrix_mult_partition_one_dim_Pipeline_VITIS_LOOP_62_1/A_3_WEN_A' to 0.
WARNING: [RTGEN 206-101] Setting dangling out port 'matrix_mult_partition_one_dim_Pipeline_VITIS_LOOP_62_1/A_3_Din_A' to 0.
WARNING: [RTGEN 206-101] Setting dangling out port 'matrix_mult_partition_one_dim_Pipeline_VITIS_LOOP_62_1/A_4_WEN_A' to 0.
WARNING: [RTGEN 206-101] Setting dangling out port 'matrix_mult_partition_one_dim_Pipeline_VITIS_LOOP_62_1/A_4_Din_A' to 0.
WARNING: [RTGEN 206-101] Setting dangling out port 'matrix_mult_partition_one_dim_Pipeline_VITIS_LOOP_62_1/A_5_WEN_A' to 0.
WARNING: [RTGEN 206-101] Setting dangling out port 'matrix_mult_partition_one_dim_Pipeline_VITIS_LOOP_62_1/A_5_Din_A' to 0.
INFO: [RTGEN 206-100] Generating core module 'mul_32s_32s_32_1_1': 12 instance(s).
INFO: [RTGEN 206-100] Finished creating RTL model for 'matrix_mult_partition_one_dim_Pipeline_VITIS_LOOP_62_1'.
Command         create_rtl_model done; 0.18 sec.
INFO: [HLS 200-111] Finished Creating RTL model: CPU user time: 0.11 seconds. CPU system time: 0.01 seconds. Elapsed time: 0.24 seconds; current allocated memory: 536.961 MB.
Execute         source /scratch/emettner/fpga-tachep-studies/HW3/hw3_matrix_mult_partition_one_dim/solution1/.autopilot/db/matrix_mult_partition_one_dim.rtl_wrap.cfg.tcl 
Execute         gen_rtl matrix_mult_partition_one_dim_Pipeline_VITIS_LOOP_62_1 -style xilinx -f -lang vhdl -o /scratch/emettner/fpga-tachep-studies/HW3/hw3_matrix_mult_partition_one_dim/solution1/syn/vhdl/matrix_mult_partition_one_dim_matrix_mult_partition_one_dim_Pipeline_VITIS_LOOP_62_1 
Execute         gen_rtl matrix_mult_partition_one_dim_Pipeline_VITIS_LOOP_62_1 -style xilinx -f -lang vlog -o /scratch/emettner/fpga-tachep-studies/HW3/hw3_matrix_mult_partition_one_dim/solution1/syn/verilog/matrix_mult_partition_one_dim_matrix_mult_partition_one_dim_Pipeline_VITIS_LOOP_62_1 
Execute         syn_report -csynth -model matrix_mult_partition_one_dim_Pipeline_VITIS_LOOP_62_1 -o /scratch/emettner/fpga-tachep-studies/HW3/hw3_matrix_mult_partition_one_dim/solution1/syn/report/matrix_mult_partition_one_dim_Pipeline_VITIS_LOOP_62_1_csynth.rpt 
Execute           list_part -family xcvu13p-fsga2577-2-e 
Execute             ap_family_info -name xcvu13p-fsga2577-2-e -data names 
Execute             ap_part_info -quiet -name xcvu13p-fsga2577-2-e -data family 
Execute         syn_report -rtlxml -model matrix_mult_partition_one_dim_Pipeline_VITIS_LOOP_62_1 -o /scratch/emettner/fpga-tachep-studies/HW3/hw3_matrix_mult_partition_one_dim/solution1/syn/report/matrix_mult_partition_one_dim_Pipeline_VITIS_LOOP_62_1_csynth.xml 
Execute           list_part -family xcvu13p-fsga2577-2-e 
Execute             ap_family_info -name xcvu13p-fsga2577-2-e -data names 
Execute             ap_part_info -quiet -name xcvu13p-fsga2577-2-e -data family 
Execute         syn_report -verbosereport -model matrix_mult_partition_one_dim_Pipeline_VITIS_LOOP_62_1 -o /scratch/emettner/fpga-tachep-studies/HW3/hw3_matrix_mult_partition_one_dim/solution1/.autopilot/db/matrix_mult_partition_one_dim_Pipeline_VITIS_LOOP_62_1.verbose.rpt 
Execute           list_part -family xcvu13p-fsga2577-2-e 
Execute             ap_family_info -name xcvu13p-fsga2577-2-e -data names 
Execute             ap_part_info -quiet -name xcvu13p-fsga2577-2-e -data family 
Execute         db_write -model matrix_mult_partition_one_dim_Pipeline_VITIS_LOOP_62_1 -f -o /scratch/emettner/fpga-tachep-studies/HW3/hw3_matrix_mult_partition_one_dim/solution1/.autopilot/db/matrix_mult_partition_one_dim_Pipeline_VITIS_LOOP_62_1.adb 
Execute         db_write -model matrix_mult_partition_one_dim_Pipeline_VITIS_LOOP_62_1 -bindview -o /scratch/emettner/fpga-tachep-studies/HW3/hw3_matrix_mult_partition_one_dim/solution1/.autopilot/db/design.bindinfo.xml 
Execute         gen_tb_info matrix_mult_partition_one_dim_Pipeline_VITIS_LOOP_62_1 -p /scratch/emettner/fpga-tachep-studies/HW3/hw3_matrix_mult_partition_one_dim/solution1/.autopilot/db -o /scratch/emettner/fpga-tachep-studies/HW3/hw3_matrix_mult_partition_one_dim/solution1/.autopilot/db/matrix_mult_partition_one_dim_Pipeline_VITIS_LOOP_62_1 
INFO: [HLS 200-10] ----------------------------------------------------------------
INFO: [HLS 200-10] -- Generating RTL for module 'matrix_mult_partition_one_dim' 
INFO: [HLS 200-10] ----------------------------------------------------------------
Execute         create_rtl_model matrix_mult_partition_one_dim -top_prefix  -sub_prefix matrix_mult_partition_one_dim_ -mg_file /scratch/emettner/fpga-tachep-studies/HW3/hw3_matrix_mult_partition_one_dim/solution1/.autopilot/db/matrix_mult_partition_one_dim.compgen.tcl 
INFO: [RTGEN 206-500] Setting interface mode on port 'matrix_mult_partition_one_dim/A_0' to 'bram'.
INFO: [RTGEN 206-500] Setting interface mode on port 'matrix_mult_partition_one_dim/A_1' to 'bram'.
INFO: [RTGEN 206-500] Setting interface mode on port 'matrix_mult_partition_one_dim/A_2' to 'bram'.
INFO: [RTGEN 206-500] Setting interface mode on port 'matrix_mult_partition_one_dim/A_3' to 'bram'.
INFO: [RTGEN 206-500] Setting interface mode on port 'matrix_mult_partition_one_dim/A_4' to 'bram'.
INFO: [RTGEN 206-500] Setting interface mode on port 'matrix_mult_partition_one_dim/A_5' to 'bram'.
INFO: [RTGEN 206-500] Setting interface mode on port 'matrix_mult_partition_one_dim/B_0' to 'bram'.
INFO: [RTGEN 206-500] Setting interface mode on port 'matrix_mult_partition_one_dim/B_1' to 'bram'.
INFO: [RTGEN 206-500] Setting interface mode on port 'matrix_mult_partition_one_dim/B_2' to 'bram'.
INFO: [RTGEN 206-500] Setting interface mode on port 'matrix_mult_partition_one_dim/B_3' to 'bram'.
INFO: [RTGEN 206-500] Setting interface mode on port 'matrix_mult_partition_one_dim/B_4' to 'bram'.
INFO: [RTGEN 206-500] Setting interface mode on port 'matrix_mult_partition_one_dim/B_5' to 'bram'.
INFO: [RTGEN 206-500] Setting interface mode on port 'matrix_mult_partition_one_dim/C' to 'bram'.
INFO: [RTGEN 206-500] Setting interface mode on function 'matrix_mult_partition_one_dim' to 'ap_ctrl_hs'.
WARNING: [RTGEN 206-101] Setting dangling out port 'matrix_mult_partition_one_dim/A_0_WEN_A' to 0.
WARNING: [RTGEN 206-101] Setting dangling out port 'matrix_mult_partition_one_dim/A_0_Din_A' to 0.
WARNING: [RTGEN 206-101] Setting dangling out port 'matrix_mult_partition_one_dim/A_1_WEN_A' to 0.
WARNING: [RTGEN 206-101] Setting dangling out port 'matrix_mult_partition_one_dim/A_1_Din_A' to 0.
WARNING: [RTGEN 206-101] Setting dangling out port 'matrix_mult_partition_one_dim/A_2_WEN_A' to 0.
WARNING: [RTGEN 206-101] Setting dangling out port 'matrix_mult_partition_one_dim/A_2_Din_A' to 0.
WARNING: [RTGEN 206-101] Setting dangling out port 'matrix_mult_partition_one_dim/A_3_WEN_A' to 0.
WARNING: [RTGEN 206-101] Setting dangling out port 'matrix_mult_partition_one_dim/A_3_Din_A' to 0.
WARNING: [RTGEN 206-101] Setting dangling out port 'matrix_mult_partition_one_dim/A_4_WEN_A' to 0.
WARNING: [RTGEN 206-101] Setting dangling out port 'matrix_mult_partition_one_dim/A_4_Din_A' to 0.
WARNING: [RTGEN 206-101] Setting dangling out port 'matrix_mult_partition_one_dim/A_5_WEN_A' to 0.
WARNING: [RTGEN 206-101] Setting dangling out port 'matrix_mult_partition_one_dim/A_5_Din_A' to 0.
WARNING: [RTGEN 206-101] Setting dangling out port 'matrix_mult_partition_one_dim/B_0_WEN_A' to 0.
WARNING: [RTGEN 206-101] Setting dangling out port 'matrix_mult_partition_one_dim/B_0_Din_A' to 0.
WARNING: [RTGEN 206-101] Setting dangling out port 'matrix_mult_partition_one_dim/B_0_WEN_B' to 0.
WARNING: [RTGEN 206-101] Setting dangling out port 'matrix_mult_partition_one_dim/B_0_Din_B' to 0.
WARNING: [RTGEN 206-101] Setting dangling out port 'matrix_mult_partition_one_dim/B_1_WEN_A' to 0.
WARNING: [RTGEN 206-101] Setting dangling out port 'matrix_mult_partition_one_dim/B_1_Din_A' to 0.
WARNING: [RTGEN 206-101] Setting dangling out port 'matrix_mult_partition_one_dim/B_1_WEN_B' to 0.
WARNING: [RTGEN 206-101] Setting dangling out port 'matrix_mult_partition_one_dim/B_1_Din_B' to 0.
WARNING: [RTGEN 206-101] Setting dangling out port 'matrix_mult_partition_one_dim/B_2_WEN_A' to 0.
WARNING: [RTGEN 206-101] Setting dangling out port 'matrix_mult_partition_one_dim/B_2_Din_A' to 0.
WARNING: [RTGEN 206-101] Setting dangling out port 'matrix_mult_partition_one_dim/B_2_WEN_B' to 0.
WARNING: [RTGEN 206-101] Setting dangling out port 'matrix_mult_partition_one_dim/B_2_Din_B' to 0.
WARNING: [RTGEN 206-101] Setting dangling out port 'matrix_mult_partition_one_dim/B_3_WEN_A' to 0.
WARNING: [RTGEN 206-101] Setting dangling out port 'matrix_mult_partition_one_dim/B_3_Din_A' to 0.
WARNING: [RTGEN 206-101] Setting dangling out port 'matrix_mult_partition_one_dim/B_3_WEN_B' to 0.
WARNING: [RTGEN 206-101] Setting dangling out port 'matrix_mult_partition_one_dim/B_3_Din_B' to 0.
WARNING: [RTGEN 206-101] Setting dangling out port 'matrix_mult_partition_one_dim/B_4_WEN_A' to 0.
WARNING: [RTGEN 206-101] Setting dangling out port 'matrix_mult_partition_one_dim/B_4_Din_A' to 0.
WARNING: [RTGEN 206-101] Setting dangling out port 'matrix_mult_partition_one_dim/B_4_WEN_B' to 0.
WARNING: [RTGEN 206-101] Setting dangling out port 'matrix_mult_partition_one_dim/B_4_Din_B' to 0.
WARNING: [RTGEN 206-101] Setting dangling out port 'matrix_mult_partition_one_dim/B_5_WEN_A' to 0.
WARNING: [RTGEN 206-101] Setting dangling out port 'matrix_mult_partition_one_dim/B_5_Din_A' to 0.
WARNING: [RTGEN 206-101] Setting dangling out port 'matrix_mult_partition_one_dim/B_5_WEN_B' to 0.
WARNING: [RTGEN 206-101] Setting dangling out port 'matrix_mult_partition_one_dim/B_5_Din_B' to 0.
INFO: [RTGEN 206-100] Finished creating RTL model for 'matrix_mult_partition_one_dim'.
Command         create_rtl_model done; 0.44 sec.
INFO: [HLS 200-111] Finished Creating RTL model: CPU user time: 0.27 seconds. CPU system time: 0.05 seconds. Elapsed time: 0.72 seconds; current allocated memory: 539.641 MB.
Execute         source /scratch/emettner/fpga-tachep-studies/HW3/hw3_matrix_mult_partition_one_dim/solution1/.autopilot/db/matrix_mult_partition_one_dim.rtl_wrap.cfg.tcl 
Execute         gen_rtl matrix_mult_partition_one_dim -istop -style xilinx -f -lang vhdl -o /scratch/emettner/fpga-tachep-studies/HW3/hw3_matrix_mult_partition_one_dim/solution1/syn/vhdl/matrix_mult_partition_one_dim 
Execute         gen_rtl matrix_mult_partition_one_dim -istop -style xilinx -f -lang vlog -o /scratch/emettner/fpga-tachep-studies/HW3/hw3_matrix_mult_partition_one_dim/solution1/syn/verilog/matrix_mult_partition_one_dim 
Execute         syn_report -csynth -model matrix_mult_partition_one_dim -o /scratch/emettner/fpga-tachep-studies/HW3/hw3_matrix_mult_partition_one_dim/solution1/syn/report/matrix_mult_partition_one_dim_csynth.rpt 
Execute           list_part -family xcvu13p-fsga2577-2-e 
Execute             ap_family_info -name xcvu13p-fsga2577-2-e -data names 
Execute             ap_part_info -quiet -name xcvu13p-fsga2577-2-e -data family 
Execute         syn_report -rtlxml -model matrix_mult_partition_one_dim -o /scratch/emettner/fpga-tachep-studies/HW3/hw3_matrix_mult_partition_one_dim/solution1/syn/report/matrix_mult_partition_one_dim_csynth.xml 
Execute           list_part -family xcvu13p-fsga2577-2-e 
Execute             ap_family_info -name xcvu13p-fsga2577-2-e -data names 
Execute             ap_part_info -quiet -name xcvu13p-fsga2577-2-e -data family 
Execute         syn_report -verbosereport -model matrix_mult_partition_one_dim -o /scratch/emettner/fpga-tachep-studies/HW3/hw3_matrix_mult_partition_one_dim/solution1/.autopilot/db/matrix_mult_partition_one_dim.verbose.rpt 
Execute           list_part -family xcvu13p-fsga2577-2-e 
Execute             ap_family_info -name xcvu13p-fsga2577-2-e -data names 
Execute             ap_part_info -quiet -name xcvu13p-fsga2577-2-e -data family 
Execute         db_write -model matrix_mult_partition_one_dim -f -o /scratch/emettner/fpga-tachep-studies/HW3/hw3_matrix_mult_partition_one_dim/solution1/.autopilot/db/matrix_mult_partition_one_dim.adb 
Execute         db_write -model matrix_mult_partition_one_dim -bindview -o /scratch/emettner/fpga-tachep-studies/HW3/hw3_matrix_mult_partition_one_dim/solution1/.autopilot/db/design.bindinfo.xml 
Execute         gen_tb_info matrix_mult_partition_one_dim -p /scratch/emettner/fpga-tachep-studies/HW3/hw3_matrix_mult_partition_one_dim/solution1/.autopilot/db -o /scratch/emettner/fpga-tachep-studies/HW3/hw3_matrix_mult_partition_one_dim/solution1/.autopilot/db/matrix_mult_partition_one_dim 
Execute         export_constraint_db -f -tool general -o /scratch/emettner/fpga-tachep-studies/HW3/hw3_matrix_mult_partition_one_dim/solution1/.autopilot/db/matrix_mult_partition_one_dim.constraint.tcl 
Execute         syn_report -designview -model matrix_mult_partition_one_dim -o /scratch/emettner/fpga-tachep-studies/HW3/hw3_matrix_mult_partition_one_dim/solution1/.autopilot/db/matrix_mult_partition_one_dim.design.xml 
Execute         syn_report -csynthDesign -model matrix_mult_partition_one_dim -o /scratch/emettner/fpga-tachep-studies/HW3/hw3_matrix_mult_partition_one_dim/solution1/syn/report/csynth.rpt -MHOut /scratch/emettner/fpga-tachep-studies/HW3/hw3_matrix_mult_partition_one_dim/solution1/.autopilot/db/kernel_module_hierarchy.tcl 
Execute           list_part -family xcvu13p-fsga2577-2-e 
Execute             ap_family_info -name xcvu13p-fsga2577-2-e -data names 
Execute             ap_part_info -quiet -name xcvu13p-fsga2577-2-e -data family 
Execute         syn_report -wcfg -model matrix_mult_partition_one_dim -o /scratch/emettner/fpga-tachep-studies/HW3/hw3_matrix_mult_partition_one_dim/solution1/.autopilot/db/matrix_mult_partition_one_dim_dataflow_ana.wcfg 
Execute         syn_report -protoinst -model matrix_mult_partition_one_dim -o /scratch/emettner/fpga-tachep-studies/HW3/hw3_matrix_mult_partition_one_dim/solution1/.autopilot/db/matrix_mult_partition_one_dim.protoinst 
Execute         sc_get_clocks matrix_mult_partition_one_dim 
Execute         sc_get_portdomain matrix_mult_partition_one_dim 
INFO-FLOW: Model list for RTL component generation: matrix_mult_partition_one_dim_Pipeline_VITIS_LOOP_62_1 matrix_mult_partition_one_dim
INFO-FLOW: Handling components in module [matrix_mult_partition_one_dim_Pipeline_VITIS_LOOP_62_1] ... 
Execute         source /scratch/emettner/fpga-tachep-studies/HW3/hw3_matrix_mult_partition_one_dim/solution1/.autopilot/db/matrix_mult_partition_one_dim_Pipeline_VITIS_LOOP_62_1.compgen.tcl 
INFO-FLOW: Found component matrix_mult_partition_one_dim_mul_32s_32s_32_1_1.
INFO-FLOW: Append model matrix_mult_partition_one_dim_mul_32s_32s_32_1_1
INFO-FLOW: Found component matrix_mult_partition_one_dim_flow_control_loop_pipe_sequential_init.
INFO-FLOW: Append model matrix_mult_partition_one_dim_flow_control_loop_pipe_sequential_init
INFO-FLOW: Handling components in module [matrix_mult_partition_one_dim] ... 
Execute         source /scratch/emettner/fpga-tachep-studies/HW3/hw3_matrix_mult_partition_one_dim/solution1/.autopilot/db/matrix_mult_partition_one_dim.compgen.tcl 
INFO-FLOW: Append model matrix_mult_partition_one_dim_Pipeline_VITIS_LOOP_62_1
INFO-FLOW: Append model matrix_mult_partition_one_dim
INFO-FLOW: Generating RTL model list ...
INFO-FLOW: All models in this session: matrix_mult_partition_one_dim_mul_32s_32s_32_1_1 matrix_mult_partition_one_dim_flow_control_loop_pipe_sequential_init matrix_mult_partition_one_dim_Pipeline_VITIS_LOOP_62_1 matrix_mult_partition_one_dim
INFO-FLOW: Generating /scratch/emettner/fpga-tachep-studies/HW3/hw3_matrix_mult_partition_one_dim/solution1/.autopilot/db/autopilot.rtl.models.txt file...
INFO-FLOW: To file: write model matrix_mult_partition_one_dim_mul_32s_32s_32_1_1
INFO-FLOW: To file: write model matrix_mult_partition_one_dim_flow_control_loop_pipe_sequential_init
INFO-FLOW: To file: write model matrix_mult_partition_one_dim_Pipeline_VITIS_LOOP_62_1
INFO-FLOW: To file: write model matrix_mult_partition_one_dim
INFO-FLOW: Generating /scratch/emettner/fpga-tachep-studies/HW3/hw3_matrix_mult_partition_one_dim/solution1/.autopilot/db/autopilot.rtl.models.tcl file...
INFO-FLOW: Finished generating RTL model list.


INFO-FLOW: RTL Generation done.
INFO-FLOW: CAS Generation done.
INFO-FLOW: CBC Generation done.
INFO-FLOW: DBG:PROC: ::AESL_AUTOMG::auto_generate_csynth_design
INFO-FLOW: DBG:PUTS: read_platform_lib /scratch/emettner/fpga-tachep-studies/HW3/hw3_matrix_mult_partition_one_dim/solution1/.autopilot/db/global.setting.tcl
Execute         source /opt/Xilinx/Vitis_HLS/2024.1/common/technology/generic/autopilot/common.gen 
Execute           source /opt/Xilinx/Vitis_HLS/2024.1/common/technology/generic/autopilot/APCoreGen.gen 
Execute         source /opt/Xilinx/Vitis_HLS/2024.1/common/technology/generic/autopilot/op.gen 
Execute         source /opt/Xilinx/Vitis_HLS/2024.1/common/technology/generic/autopilot/op_simcore.gen 
Execute         source /opt/Xilinx/Vitis_HLS/2024.1/common/technology/generic/autopilot/interface.gen 
Execute         source /scratch/emettner/fpga-tachep-studies/HW3/hw3_matrix_mult_partition_one_dim/solution1/.autopilot/db/global.setting.tcl 
Execute         source /opt/Xilinx/Vitis_HLS/2024.1/common/technology/xilinx/common/xilinx.gen 
Execute           source /opt/Xilinx/Vitis_HLS/2024.1/common/technology/xilinx/interface/plb46.gen 
Execute           source /opt/Xilinx/Vitis_HLS/2024.1/common/technology/xilinx/interface/axi4.gen 
Execute           source /opt/Xilinx/Vitis_HLS/2024.1/common/technology/xilinx/interface/nativeAXI4.gen 
Execute             source /opt/Xilinx/Vitis_HLS/2024.1/common/technology/xilinx/interface/saxilite.gen 
Execute           source /opt/Xilinx/Vitis_HLS/2024.1/common/technology/xilinx/scripts/xilinxcoregen.gen 
Execute           source /opt/Xilinx/Vitis_HLS/2024.1/common/technology/xilinx/interface/XilEDKCoreGen.gen 
Execute           source /opt/Xilinx/Vitis_HLS/2024.1/common/technology/xilinx/ip/util.gen 
Execute           source /opt/Xilinx/Vitis_HLS/2024.1/common/technology/xilinx/ip/xfft.gen 
Command           ap_source done; 0.12 sec.
Execute           source /opt/Xilinx/Vitis_HLS/2024.1/common/technology/xilinx/ip/xfir.gen 
Execute           source /opt/Xilinx/Vitis_HLS/2024.1/common/technology/xilinx/ip/dds_compiler.gen 
Execute           source /opt/Xilinx/Vitis_HLS/2024.1/common/technology/xilinx/DSP48/dsp48.gen 
Command         ap_source done; 0.16 sec.
INFO-FLOW: DBG:PROC: ::AESL_AUTOMG::generate_ip_cores gen_sim_model='1' gen_fp_models='0' gen_for_export='0' dstSCDir='' dstVhdlDir='/scratch/emettner/fpga-tachep-studies/HW3/hw3_matrix_mult_partition_one_dim/solution1/.autopilot/db/vhdl' dstVlogDir='/scratch/emettner/fpga-tachep-studies/HW3/hw3_matrix_mult_partition_one_dim/solution1/.autopilot/db/vlog' tclDir='/scratch/emettner/fpga-tachep-studies/HW3/hw3_matrix_mult_partition_one_dim/solution1/.autopilot/db' modelList='matrix_mult_partition_one_dim_mul_32s_32s_32_1_1
matrix_mult_partition_one_dim_flow_control_loop_pipe_sequential_init
matrix_mult_partition_one_dim_Pipeline_VITIS_LOOP_62_1
matrix_mult_partition_one_dim
' expOnly='0'
Execute         source /scratch/emettner/fpga-tachep-studies/HW3/hw3_matrix_mult_partition_one_dim/solution1/.autopilot/db/global.setting.tcl 
Execute         source /scratch/emettner/fpga-tachep-studies/HW3/hw3_matrix_mult_partition_one_dim/solution1/.autopilot/db/global.setting.tcl 
Execute         source /scratch/emettner/fpga-tachep-studies/HW3/hw3_matrix_mult_partition_one_dim/solution1/.autopilot/db/matrix_mult_partition_one_dim_Pipeline_VITIS_LOOP_62_1.compgen.tcl 
Execute         source /scratch/emettner/fpga-tachep-studies/HW3/hw3_matrix_mult_partition_one_dim/solution1/.autopilot/db/matrix_mult_partition_one_dim.compgen.tcl 
INFO: [HLS 200-111] Finished Generating all RTL models: CPU user time: 0.31 seconds. CPU system time: 0.04 seconds. Elapsed time: 0.35 seconds; current allocated memory: 542.676 MB.
INFO-FLOW: DBG:PROC: ::HLSREPORTS::create_csynth_xml bind_info_var='bind_info' RtlSubPrefix='matrix_mult_partition_one_dim_' outfile=''
INFO-FLOW: Running: create_csynth_xml read xml data
INFO-FLOW: Done: create_csynth_xml read xml data time: 0 seconds per iteration
INFO-FLOW: Running: create_csynth_xml bind info
INFO-FLOW: No bind nodes found for module_name matrix_mult_partition_one_dim
INFO-FLOW: Done: create_csynth_xml bind info time: 0 seconds per iteration
INFO-FLOW: Running: create_csynth_xml config info
INFO-FLOW: Done: create_csynth_xml config info time: 0.1 seconds per iteration
INFO-FLOW: Running: create_csynth_xml write xml
INFO-FLOW: Done: create_csynth_xml write xml time: 0 seconds per iteration
INFO-FLOW: DBG:PUTS:      create_csynth_xml wrote csynth_xml=/scratch/emettner/fpga-tachep-studies/HW3/hw3_matrix_mult_partition_one_dim/solution1/syn/report/csynth.xml
INFO-FLOW: DBG:PROC: ::AP::DESIGN_DATA::generate_json generate_bd_files='0' generate_xo_files='0' modelList='matrix_mult_partition_one_dim_mul_32s_32s_32_1_1
matrix_mult_partition_one_dim_flow_control_loop_pipe_sequential_init
matrix_mult_partition_one_dim_Pipeline_VITIS_LOOP_62_1
matrix_mult_partition_one_dim
' rtl_lang='both' bootstrap_tcl='false' outdir='' outfilename=''
Execute         source /scratch/emettner/fpga-tachep-studies/HW3/hw3_matrix_mult_partition_one_dim/solution1/.autopilot/db/global.setting.tcl 
Execute         source /scratch/emettner/fpga-tachep-studies/HW3/hw3_matrix_mult_partition_one_dim/solution1/.autopilot/db/global.setting.tcl 
Execute         source /scratch/emettner/fpga-tachep-studies/HW3/hw3_matrix_mult_partition_one_dim/solution1/.autopilot/db/top-io-be.tcl 
Execute         source /scratch/emettner/fpga-tachep-studies/HW3/hw3_matrix_mult_partition_one_dim/solution1/.autopilot/db/matrix_mult_partition_one_dim.tbgen.tcl 
Execute         source /scratch/emettner/fpga-tachep-studies/HW3/hw3_matrix_mult_partition_one_dim/solution1/.autopilot/db/matrix_mult_partition_one_dim.rtl_wrap.cfg.tcl 
Execute         source /scratch/emettner/fpga-tachep-studies/HW3/hw3_matrix_mult_partition_one_dim/solution1/.autopilot/db/matrix_mult_partition_one_dim.compgen.dataonly.tcl 
Execute         source /scratch/emettner/fpga-tachep-studies/HW3/hw3_matrix_mult_partition_one_dim/solution1/.autopilot/db/matrix_mult_partition_one_dim_Pipeline_VITIS_LOOP_62_1.tbgen.tcl 
Execute         source /scratch/emettner/fpga-tachep-studies/HW3/hw3_matrix_mult_partition_one_dim/solution1/.autopilot/db/matrix_mult_partition_one_dim.tbgen.tcl 
Execute         source /scratch/emettner/fpga-tachep-studies/HW3/hw3_matrix_mult_partition_one_dim/solution1/.autopilot/db/global.setting.tcl 
Execute         ap_part_info -name xcvu13p-fsga2577-2-e -data names -quiet 
Execute         ap_part_info -name xcvu13p-fsga2577-2-e -data info -quiet 
Execute         source /scratch/emettner/fpga-tachep-studies/HW3/hw3_matrix_mult_partition_one_dim/solution1/.autopilot/db/matrix_mult_partition_one_dim.constraint.tcl 
Execute         sc_get_clocks matrix_mult_partition_one_dim 
Execute         source /scratch/emettner/fpga-tachep-studies/HW3/hw3_matrix_mult_partition_one_dim/solution1/.autopilot/db/global.setting.tcl 
INFO-FLOW: DBG:PROC: ::HLSREPORTS::add_csynth_report_sections bind_info_dict='adapter_nodes {} cache_nodes {} report_dict {TOPINST matrix_mult_partition_one_dim MODULE2INSTS {matrix_mult_partition_one_dim matrix_mult_partition_one_dim matrix_mult_partition_one_dim_Pipeline_VITIS_LOOP_62_1 grp_matrix_mult_partition_one_dim_Pipeline_VITIS_LOOP_62_1_fu_434} INST2MODULE {matrix_mult_partition_one_dim matrix_mult_partition_one_dim grp_matrix_mult_partition_one_dim_Pipeline_VITIS_LOOP_62_1_fu_434 matrix_mult_partition_one_dim_Pipeline_VITIS_LOOP_62_1} INSTDATA {matrix_mult_partition_one_dim {DEPTH 1 CHILDREN grp_matrix_mult_partition_one_dim_Pipeline_VITIS_LOOP_62_1_fu_434} grp_matrix_mult_partition_one_dim_Pipeline_VITIS_LOOP_62_1_fu_434 {DEPTH 2 CHILDREN {}}} MODULEDATA {matrix_mult_partition_one_dim_Pipeline_VITIS_LOOP_62_1 {BINDINFO {{BINDTYPE op ID {} IMPL fabric LATENCY 0 OPTYPE sub PRAGMA {} RTLNAME sub_ln71_fu_670_p2 SOURCE hw3_kernels.cpp:71 VARIABLE sub_ln71 LOOP VITIS_LOOP_62_1 BUNDLEDNAME {} DSP 0 BRAM 0 URAM 0 STORAGESUBTYPE {} DISPNAME {bind_op sub} VISIBLE true} {BINDTYPE op ID {} IMPL fabric LATENCY 0 OPTYPE add PRAGMA {} RTLNAME add_ln71_fu_704_p2 SOURCE hw3_kernels.cpp:71 VARIABLE add_ln71 LOOP VITIS_LOOP_62_1 BUNDLEDNAME {} DSP 0 BRAM 0 URAM 0 STORAGESUBTYPE {} DISPNAME {bind_op add} VISIBLE true} {BINDTYPE op ID {} IMPL fabric LATENCY 0 OPTYPE add PRAGMA {} RTLNAME add_ln71_1_fu_714_p2 SOURCE hw3_kernels.cpp:71 VARIABLE add_ln71_1 LOOP VITIS_LOOP_62_1 BUNDLEDNAME {} DSP 0 BRAM 0 URAM 0 STORAGESUBTYPE {} DISPNAME {bind_op add} VISIBLE true} {BINDTYPE op ID {} IMPL fabric LATENCY 0 OPTYPE add PRAGMA {} RTLNAME add_ln71_2_fu_724_p2 SOURCE hw3_kernels.cpp:71 VARIABLE add_ln71_2 LOOP VITIS_LOOP_62_1 BUNDLEDNAME {} DSP 0 BRAM 0 URAM 0 STORAGESUBTYPE {} DISPNAME {bind_op add} VISIBLE true} {BINDTYPE op ID {} IMPL fabric LATENCY 0 OPTYPE add PRAGMA {} RTLNAME add_ln71_3_fu_734_p2 SOURCE hw3_kernels.cpp:71 VARIABLE add_ln71_3 LOOP VITIS_LOOP_62_1 BUNDLEDNAME {} DSP 0 BRAM 0 URAM 0 STORAGESUBTYPE {} DISPNAME {bind_op add} VISIBLE true} {BINDTYPE op ID {} IMPL auto LATENCY 0 OPTYPE mul PRAGMA {} RTLNAME mul_32s_32s_32_1_1_U1 SOURCE hw3_kernels.cpp:68 VARIABLE mul_ln68 LOOP VITIS_LOOP_62_1 BUNDLEDNAME {} DSP 3 BRAM 0 URAM 0 STORAGESUBTYPE {} DISPNAME {bind_op mul} VISIBLE true} {BINDTYPE op ID {} IMPL auto LATENCY 0 OPTYPE mul PRAGMA {} RTLNAME mul_32s_32s_32_1_1_U2 SOURCE hw3_kernels.cpp:68 VARIABLE mul_ln68_1 LOOP VITIS_LOOP_62_1 BUNDLEDNAME {} DSP 3 BRAM 0 URAM 0 STORAGESUBTYPE {} DISPNAME {bind_op mul} VISIBLE true} {BINDTYPE op ID {} IMPL auto LATENCY 0 OPTYPE mul PRAGMA {} RTLNAME mul_32s_32s_32_1_1_U3 SOURCE hw3_kernels.cpp:68 VARIABLE mul_ln68_2 LOOP VITIS_LOOP_62_1 BUNDLEDNAME {} DSP 3 BRAM 0 URAM 0 STORAGESUBTYPE {} DISPNAME {bind_op mul} VISIBLE true} {BINDTYPE op ID {} IMPL auto LATENCY 0 OPTYPE mul PRAGMA {} RTLNAME mul_32s_32s_32_1_1_U4 SOURCE hw3_kernels.cpp:68 VARIABLE mul_ln68_3 LOOP VITIS_LOOP_62_1 BUNDLEDNAME {} DSP 3 BRAM 0 URAM 0 STORAGESUBTYPE {} DISPNAME {bind_op mul} VISIBLE true} {BINDTYPE op ID {} IMPL auto LATENCY 0 OPTYPE mul PRAGMA {} RTLNAME mul_32s_32s_32_1_1_U5 SOURCE hw3_kernels.cpp:68 VARIABLE mul_ln68_4 LOOP VITIS_LOOP_62_1 BUNDLEDNAME {} DSP 3 BRAM 0 URAM 0 STORAGESUBTYPE {} DISPNAME {bind_op mul} VISIBLE true} {BINDTYPE op ID {} IMPL auto LATENCY 0 OPTYPE mul PRAGMA {} RTLNAME mul_32s_32s_32_1_1_U6 SOURCE hw3_kernels.cpp:68 VARIABLE mul_ln68_5 LOOP VITIS_LOOP_62_1 BUNDLEDNAME {} DSP 3 BRAM 0 URAM 0 STORAGESUBTYPE {} DISPNAME {bind_op mul} VISIBLE true} {BINDTYPE op ID {} IMPL fabric LATENCY 0 OPTYPE add PRAGMA {} RTLNAME grp_fu_555_p2 SOURCE hw3_kernels.cpp:68 VARIABLE add_ln68 LOOP VITIS_LOOP_62_1 BUNDLEDNAME {} DSP 0 BRAM 0 URAM 0 STORAGESUBTYPE {} DISPNAME {bind_op add} VISIBLE true} {BINDTYPE op ID {} IMPL auto LATENCY 0 OPTYPE mul PRAGMA {} RTLNAME mul_32s_32s_32_1_1_U7 SOURCE hw3_kernels.cpp:68 VARIABLE mul_ln68_6 LOOP VITIS_LOOP_62_1 BUNDLEDNAME {} DSP 3 BRAM 0 URAM 0 STORAGESUBTYPE {} DISPNAME {bind_op mul} VISIBLE true} {BINDTYPE op ID {} IMPL auto LATENCY 0 OPTYPE mul PRAGMA {} RTLNAME mul_32s_32s_32_1_1_U8 SOURCE hw3_kernels.cpp:68 VARIABLE mul_ln68_7 LOOP VITIS_LOOP_62_1 BUNDLEDNAME {} DSP 3 BRAM 0 URAM 0 STORAGESUBTYPE {} DISPNAME {bind_op mul} VISIBLE true} {BINDTYPE op ID {} IMPL auto LATENCY 0 OPTYPE mul PRAGMA {} RTLNAME mul_32s_32s_32_1_1_U9 SOURCE hw3_kernels.cpp:68 VARIABLE mul_ln68_8 LOOP VITIS_LOOP_62_1 BUNDLEDNAME {} DSP 3 BRAM 0 URAM 0 STORAGESUBTYPE {} DISPNAME {bind_op mul} VISIBLE true} {BINDTYPE op ID {} IMPL auto LATENCY 0 OPTYPE mul PRAGMA {} RTLNAME mul_32s_32s_32_1_1_U10 SOURCE hw3_kernels.cpp:68 VARIABLE mul_ln68_9 LOOP VITIS_LOOP_62_1 BUNDLEDNAME {} DSP 3 BRAM 0 URAM 0 STORAGESUBTYPE {} DISPNAME {bind_op mul} VISIBLE true} {BINDTYPE op ID {} IMPL auto LATENCY 0 OPTYPE mul PRAGMA {} RTLNAME mul_32s_32s_32_1_1_U11 SOURCE hw3_kernels.cpp:68 VARIABLE mul_ln68_10 LOOP VITIS_LOOP_62_1 BUNDLEDNAME {} DSP 3 BRAM 0 URAM 0 STORAGESUBTYPE {} DISPNAME {bind_op mul} VISIBLE true} {BINDTYPE op ID {} IMPL auto LATENCY 0 OPTYPE mul PRAGMA {} RTLNAME mul_32s_32s_32_1_1_U12 SOURCE hw3_kernels.cpp:68 VARIABLE mul_ln68_11 LOOP VITIS_LOOP_62_1 BUNDLEDNAME {} DSP 3 BRAM 0 URAM 0 STORAGESUBTYPE {} DISPNAME {bind_op mul} VISIBLE true} {BINDTYPE op ID {} IMPL fabric LATENCY 0 OPTYPE add PRAGMA {} RTLNAME grp_fu_586_p2 SOURCE hw3_kernels.cpp:68 VARIABLE add_ln68_5 LOOP VITIS_LOOP_62_1 BUNDLEDNAME {} DSP 0 BRAM 0 URAM 0 STORAGESUBTYPE {} DISPNAME {bind_op add} VISIBLE true} {BINDTYPE op ID {} IMPL auto LATENCY 0 OPTYPE mul PRAGMA {} RTLNAME mul_32s_32s_32_1_1_U1 SOURCE hw3_kernels.cpp:68 VARIABLE mul_ln68_12 LOOP VITIS_LOOP_62_1 BUNDLEDNAME {} DSP 3 BRAM 0 URAM 0 STORAGESUBTYPE {} DISPNAME {bind_op mul} VISIBLE true} {BINDTYPE op ID {} IMPL auto LATENCY 0 OPTYPE mul PRAGMA {} RTLNAME mul_32s_32s_32_1_1_U2 SOURCE hw3_kernels.cpp:68 VARIABLE mul_ln68_13 LOOP VITIS_LOOP_62_1 BUNDLEDNAME {} DSP 3 BRAM 0 URAM 0 STORAGESUBTYPE {} DISPNAME {bind_op mul} VISIBLE true} {BINDTYPE op ID {} IMPL auto LATENCY 0 OPTYPE mul PRAGMA {} RTLNAME mul_32s_32s_32_1_1_U3 SOURCE hw3_kernels.cpp:68 VARIABLE mul_ln68_14 LOOP VITIS_LOOP_62_1 BUNDLEDNAME {} DSP 3 BRAM 0 URAM 0 STORAGESUBTYPE {} DISPNAME {bind_op mul} VISIBLE true} {BINDTYPE op ID {} IMPL auto LATENCY 0 OPTYPE mul PRAGMA {} RTLNAME mul_32s_32s_32_1_1_U4 SOURCE hw3_kernels.cpp:68 VARIABLE mul_ln68_15 LOOP VITIS_LOOP_62_1 BUNDLEDNAME {} DSP 3 BRAM 0 URAM 0 STORAGESUBTYPE {} DISPNAME {bind_op mul} VISIBLE true} {BINDTYPE op ID {} IMPL auto LATENCY 0 OPTYPE mul PRAGMA {} RTLNAME mul_32s_32s_32_1_1_U5 SOURCE hw3_kernels.cpp:68 VARIABLE mul_ln68_16 LOOP VITIS_LOOP_62_1 BUNDLEDNAME {} DSP 3 BRAM 0 URAM 0 STORAGESUBTYPE {} DISPNAME {bind_op mul} VISIBLE true} {BINDTYPE op ID {} IMPL auto LATENCY 0 OPTYPE mul PRAGMA {} RTLNAME mul_32s_32s_32_1_1_U6 SOURCE hw3_kernels.cpp:68 VARIABLE mul_ln68_17 LOOP VITIS_LOOP_62_1 BUNDLEDNAME {} DSP 3 BRAM 0 URAM 0 STORAGESUBTYPE {} DISPNAME {bind_op mul} VISIBLE true} {BINDTYPE op ID {} IMPL fabric LATENCY 0 OPTYPE add PRAGMA {} RTLNAME grp_fu_555_p2 SOURCE hw3_kernels.cpp:68 VARIABLE add_ln68_10 LOOP VITIS_LOOP_62_1 BUNDLEDNAME {} DSP 0 BRAM 0 URAM 0 STORAGESUBTYPE {} DISPNAME {bind_op add} VISIBLE true} {BINDTYPE op ID {} IMPL auto LATENCY 0 OPTYPE mul PRAGMA {} RTLNAME mul_32s_32s_32_1_1_U7 SOURCE hw3_kernels.cpp:68 VARIABLE mul_ln68_18 LOOP VITIS_LOOP_62_1 BUNDLEDNAME {} DSP 3 BRAM 0 URAM 0 STORAGESUBTYPE {} DISPNAME {bind_op mul} VISIBLE true} {BINDTYPE op ID {} IMPL auto LATENCY 0 OPTYPE mul PRAGMA {} RTLNAME mul_32s_32s_32_1_1_U8 SOURCE hw3_kernels.cpp:68 VARIABLE mul_ln68_19 LOOP VITIS_LOOP_62_1 BUNDLEDNAME {} DSP 3 BRAM 0 URAM 0 STORAGESUBTYPE {} DISPNAME {bind_op mul} VISIBLE true} {BINDTYPE op ID {} IMPL auto LATENCY 0 OPTYPE mul PRAGMA {} RTLNAME mul_32s_32s_32_1_1_U9 SOURCE hw3_kernels.cpp:68 VARIABLE mul_ln68_20 LOOP VITIS_LOOP_62_1 BUNDLEDNAME {} DSP 3 BRAM 0 URAM 0 STORAGESUBTYPE {} DISPNAME {bind_op mul} VISIBLE true} {BINDTYPE op ID {} IMPL auto LATENCY 0 OPTYPE mul PRAGMA {} RTLNAME mul_32s_32s_32_1_1_U10 SOURCE hw3_kernels.cpp:68 VARIABLE mul_ln68_21 LOOP VITIS_LOOP_62_1 BUNDLEDNAME {} DSP 3 BRAM 0 URAM 0 STORAGESUBTYPE {} DISPNAME {bind_op mul} VISIBLE true} {BINDTYPE op ID {} IMPL auto LATENCY 0 OPTYPE mul PRAGMA {} RTLNAME mul_32s_32s_32_1_1_U11 SOURCE hw3_kernels.cpp:68 VARIABLE mul_ln68_22 LOOP VITIS_LOOP_62_1 BUNDLEDNAME {} DSP 3 BRAM 0 URAM 0 STORAGESUBTYPE {} DISPNAME {bind_op mul} VISIBLE true} {BINDTYPE op ID {} IMPL auto LATENCY 0 OPTYPE mul PRAGMA {} RTLNAME mul_32s_32s_32_1_1_U12 SOURCE hw3_kernels.cpp:68 VARIABLE mul_ln68_23 LOOP VITIS_LOOP_62_1 BUNDLEDNAME {} DSP 3 BRAM 0 URAM 0 STORAGESUBTYPE {} DISPNAME {bind_op mul} VISIBLE true} {BINDTYPE op ID {} IMPL fabric LATENCY 0 OPTYPE add PRAGMA {} RTLNAME grp_fu_586_p2 SOURCE hw3_kernels.cpp:68 VARIABLE add_ln68_15 LOOP VITIS_LOOP_62_1 BUNDLEDNAME {} DSP 0 BRAM 0 URAM 0 STORAGESUBTYPE {} DISPNAME {bind_op add} VISIBLE true} {BINDTYPE op ID {} IMPL auto LATENCY 0 OPTYPE mul PRAGMA {} RTLNAME mul_32s_32s_32_1_1_U1 SOURCE hw3_kernels.cpp:68 VARIABLE mul_ln68_24 LOOP VITIS_LOOP_62_1 BUNDLEDNAME {} DSP 3 BRAM 0 URAM 0 STORAGESUBTYPE {} DISPNAME {bind_op mul} VISIBLE true} {BINDTYPE op ID {} IMPL auto LATENCY 0 OPTYPE mul PRAGMA {} RTLNAME mul_32s_32s_32_1_1_U2 SOURCE hw3_kernels.cpp:68 VARIABLE mul_ln68_25 LOOP VITIS_LOOP_62_1 BUNDLEDNAME {} DSP 3 BRAM 0 URAM 0 STORAGESUBTYPE {} DISPNAME {bind_op mul} VISIBLE true} {BINDTYPE op ID {} IMPL auto LATENCY 0 OPTYPE mul PRAGMA {} RTLNAME mul_32s_32s_32_1_1_U3 SOURCE hw3_kernels.cpp:68 VARIABLE mul_ln68_26 LOOP VITIS_LOOP_62_1 BUNDLEDNAME {} DSP 3 BRAM 0 URAM 0 STORAGESUBTYPE {} DISPNAME {bind_op mul} VISIBLE true} {BINDTYPE op ID {} IMPL auto LATENCY 0 OPTYPE mul PRAGMA {} RTLNAME mul_32s_32s_32_1_1_U4 SOURCE hw3_kernels.cpp:68 VARIABLE mul_ln68_27 LOOP VITIS_LOOP_62_1 BUNDLEDNAME {} DSP 3 BRAM 0 URAM 0 STORAGESUBTYPE {} DISPNAME {bind_op mul} VISIBLE true} {BINDTYPE op ID {} IMPL auto LATENCY 0 OPTYPE mul PRAGMA {} RTLNAME mul_32s_32s_32_1_1_U5 SOURCE hw3_kernels.cpp:68 VARIABLE mul_ln68_28 LOOP VITIS_LOOP_62_1 BUNDLEDNAME {} DSP 3 BRAM 0 URAM 0 STORAGESUBTYPE {} DISPNAME {bind_op mul} VISIBLE true} {BINDTYPE op ID {} IMPL auto LATENCY 0 OPTYPE mul PRAGMA {} RTLNAME mul_32s_32s_32_1_1_U6 SOURCE hw3_kernels.cpp:68 VARIABLE mul_ln68_29 LOOP VITIS_LOOP_62_1 BUNDLEDNAME {} DSP 3 BRAM 0 URAM 0 STORAGESUBTYPE {} DISPNAME {bind_op mul} VISIBLE true} {BINDTYPE op ID {} IMPL fabric LATENCY 0 OPTYPE add PRAGMA {} RTLNAME grp_fu_555_p2 SOURCE hw3_kernels.cpp:68 VARIABLE add_ln68_20 LOOP VITIS_LOOP_62_1 BUNDLEDNAME {} DSP 0 BRAM 0 URAM 0 STORAGESUBTYPE {} DISPNAME {bind_op add} VISIBLE true} {BINDTYPE op ID {} IMPL auto LATENCY 0 OPTYPE mul PRAGMA {} RTLNAME mul_32s_32s_32_1_1_U7 SOURCE hw3_kernels.cpp:68 VARIABLE mul_ln68_30 LOOP VITIS_LOOP_62_1 BUNDLEDNAME {} DSP 3 BRAM 0 URAM 0 STORAGESUBTYPE {} DISPNAME {bind_op mul} VISIBLE true} {BINDTYPE op ID {} IMPL auto LATENCY 0 OPTYPE mul PRAGMA {} RTLNAME mul_32s_32s_32_1_1_U8 SOURCE hw3_kernels.cpp:68 VARIABLE mul_ln68_31 LOOP VITIS_LOOP_62_1 BUNDLEDNAME {} DSP 3 BRAM 0 URAM 0 STORAGESUBTYPE {} DISPNAME {bind_op mul} VISIBLE true} {BINDTYPE op ID {} IMPL auto LATENCY 0 OPTYPE mul PRAGMA {} RTLNAME mul_32s_32s_32_1_1_U9 SOURCE hw3_kernels.cpp:68 VARIABLE mul_ln68_32 LOOP VITIS_LOOP_62_1 BUNDLEDNAME {} DSP 3 BRAM 0 URAM 0 STORAGESUBTYPE {} DISPNAME {bind_op mul} VISIBLE true} {BINDTYPE op ID {} IMPL auto LATENCY 0 OPTYPE mul PRAGMA {} RTLNAME mul_32s_32s_32_1_1_U10 SOURCE hw3_kernels.cpp:68 VARIABLE mul_ln68_33 LOOP VITIS_LOOP_62_1 BUNDLEDNAME {} DSP 3 BRAM 0 URAM 0 STORAGESUBTYPE {} DISPNAME {bind_op mul} VISIBLE true} {BINDTYPE op ID {} IMPL auto LATENCY 0 OPTYPE mul PRAGMA {} RTLNAME mul_32s_32s_32_1_1_U11 SOURCE hw3_kernels.cpp:68 VARIABLE mul_ln68_34 LOOP VITIS_LOOP_62_1 BUNDLEDNAME {} DSP 3 BRAM 0 URAM 0 STORAGESUBTYPE {} DISPNAME {bind_op mul} VISIBLE true} {BINDTYPE op ID {} IMPL auto LATENCY 0 OPTYPE mul PRAGMA {} RTLNAME mul_32s_32s_32_1_1_U12 SOURCE hw3_kernels.cpp:68 VARIABLE mul_ln68_35 LOOP VITIS_LOOP_62_1 BUNDLEDNAME {} DSP 3 BRAM 0 URAM 0 STORAGESUBTYPE {} DISPNAME {bind_op mul} VISIBLE true} {BINDTYPE op ID {} IMPL fabric LATENCY 0 OPTYPE add PRAGMA {} RTLNAME grp_fu_586_p2 SOURCE hw3_kernels.cpp:68 VARIABLE add_ln68_25 LOOP VITIS_LOOP_62_1 BUNDLEDNAME {} DSP 0 BRAM 0 URAM 0 STORAGESUBTYPE {} DISPNAME {bind_op add} VISIBLE true} {BINDTYPE op ID {} IMPL fabric LATENCY 0 OPTYPE add PRAGMA {} RTLNAME i_fu_635_p2 SOURCE hw3_kernels.cpp:62 VARIABLE i LOOP VITIS_LOOP_62_1 BUNDLEDNAME {} DSP 0 BRAM 0 URAM 0 STORAGESUBTYPE {} DISPNAME {bind_op add} VISIBLE true} {BINDTYPE op ID {} IMPL auto LATENCY 0 OPTYPE seteq PRAGMA {} RTLNAME icmp_ln62_fu_641_p2 SOURCE hw3_kernels.cpp:62 VARIABLE icmp_ln62 LOOP VITIS_LOOP_62_1 BUNDLEDNAME {} DSP 0 BRAM 0 URAM 0 STORAGESUBTYPE {} DISPNAME {bind_op seteq} VISIBLE false}} AREA {DSP 36 BRAM 0 URAM 0}} matrix_mult_partition_one_dim {AREA {DSP 36 BRAM 0 URAM 0}}}}'
INFO-FLOW: DBG:PUTS:      update_csynth_reports json2rpt_hw_sw_interfaces
INFO-FLOW: Running: gen_csynth_sec_pragma
INFO-FLOW: Done: gen_csynth_sec_pragma time: 0 seconds per iteration
INFO-FLOW: DBG:PUTS:      update_csynth_reports wrote xml
INFO-FLOW: DBG:PUTS:      update_csynth_reports appended to csynth rpt file
INFO: [HLS 200-111] Finished Updating report files: CPU user time: 3.17 seconds. CPU system time: 0.07 seconds. Elapsed time: 3.26 seconds; current allocated memory: 546.996 MB.
INFO: [VHDL 208-304] Generating VHDL RTL for matrix_mult_partition_one_dim.
INFO: [VLOG 209-307] Generating Verilog RTL for matrix_mult_partition_one_dim.
Execute         syn_report -model matrix_mult_partition_one_dim -printsummary 
INFO: [HLS 200-790] **** Loop Constraint Status: All loop constraints were NOT satisfied.
INFO: [HLS 200-789] **** Estimated Fmax: 161.84 MHz
Command       autosyn done; 5.6 sec.
Command     csynth_design done; 16.85 sec.
INFO: [HLS 200-2161] Finished Command csynth_design Elapsed time: 00:00:16; Allocated memory: 30.355 MB.
Execute     close_project 
INFO: [HLS 200-1510] Running: close_project 
Execute       close_solution 
Execute         cleanup_all 
Execute         cleanup_all 
