hw3_kernels.cpp:4:9: warning: HLS pragma dump _XLX_SEP_ PragmaIsValid=1_XLX_SEP_ PragmaType=interface_XLX_SEP_ PragmaContext=_XLX_SEP_ PragmaFunction=vector_mult_bram_XLX_SEP_ PragmaOptions=mode=bram port=a_XLX_SEP_ [-Wdump-hls-pragmas]
#pragma HLS INTERFACE mode=bram port=a
        ^
hw3_kernels.cpp:5:9: warning: HLS pragma dump _XLX_SEP_ PragmaIsValid=1_XLX_SEP_ PragmaType=interface_XLX_SEP_ PragmaContext=_XLX_SEP_ PragmaFunction=vector_mult_bram_XLX_SEP_ PragmaOptions=mode=bram port=b_XLX_SEP_ [-Wdump-hls-pragmas]
#pragma HLS INTERFACE mode=bram port=b
        ^
hw3_kernels.cpp:6:9: warning: HLS pragma dump _XLX_SEP_ PragmaIsValid=1_XLX_SEP_ PragmaType=interface_XLX_SEP_ PragmaContext=_XLX_SEP_ PragmaFunction=vector_mult_bram_XLX_SEP_ PragmaOptions=mode=bram port=c_XLX_SEP_ [-Wdump-hls-pragmas]
#pragma HLS INTERFACE mode=bram port=c
        ^
hw3_kernels.cpp:14:9: warning: HLS pragma dump _XLX_SEP_ PragmaIsValid=1_XLX_SEP_ PragmaType=interface_XLX_SEP_ PragmaContext=_XLX_SEP_ PragmaFunction=vector_mult_partition_XLX_SEP_ PragmaOptions=mode=bram port=a_XLX_SEP_ [-Wdump-hls-pragmas]
#pragma HLS INTERFACE mode=bram port=a
        ^
hw3_kernels.cpp:15:9: warning: HLS pragma dump _XLX_SEP_ PragmaIsValid=1_XLX_SEP_ PragmaType=interface_XLX_SEP_ PragmaContext=_XLX_SEP_ PragmaFunction=vector_mult_partition_XLX_SEP_ PragmaOptions=mode=bram port=b_XLX_SEP_ [-Wdump-hls-pragmas]
#pragma HLS INTERFACE mode=bram port=b
        ^
hw3_kernels.cpp:16:9: warning: HLS pragma dump _XLX_SEP_ PragmaIsValid=1_XLX_SEP_ PragmaType=interface_XLX_SEP_ PragmaContext=_XLX_SEP_ PragmaFunction=vector_mult_partition_XLX_SEP_ PragmaOptions=mode=bram port=c_XLX_SEP_ [-Wdump-hls-pragmas]
#pragma HLS INTERFACE mode=bram port=c
        ^
hw3_kernels.cpp:18:9: warning: HLS pragma dump _XLX_SEP_ PragmaIsValid=1_XLX_SEP_ PragmaType=array_partition_XLX_SEP_ PragmaContext=_XLX_SEP_ PragmaFunction=vector_mult_partition_XLX_SEP_ PragmaOptions=variable=a complete dim=1_XLX_SEP_ [-Wdump-hls-pragmas]
#pragma HLS ARRAY_PARTITION variable=a complete dim=1
        ^
hw3_kernels.cpp:19:9: warning: HLS pragma dump _XLX_SEP_ PragmaIsValid=1_XLX_SEP_ PragmaType=array_partition_XLX_SEP_ PragmaContext=_XLX_SEP_ PragmaFunction=vector_mult_partition_XLX_SEP_ PragmaOptions=variable=b complete dim=1_XLX_SEP_ [-Wdump-hls-pragmas]
#pragma HLS ARRAY_PARTITION variable=b complete dim=1
        ^
hw3_kernels.cpp:20:9: warning: HLS pragma dump _XLX_SEP_ PragmaIsValid=1_XLX_SEP_ PragmaType=array_partition_XLX_SEP_ PragmaContext=_XLX_SEP_ PragmaFunction=vector_mult_partition_XLX_SEP_ PragmaOptions=variable=c complete dim=1_XLX_SEP_ [-Wdump-hls-pragmas]
#pragma HLS ARRAY_PARTITION variable=c complete dim=1
        ^
hw3_kernels.cpp:23:9: warning: HLS pragma dump _XLX_SEP_ PragmaIsValid=1_XLX_SEP_ PragmaType=unroll_XLX_SEP_ PragmaContext=_XLX_SEP_ PragmaFunction=vector_mult_partition_XLX_SEP_ PragmaOptions=_XLX_SEP_ [-Wdump-hls-pragmas]
#pragma HLS UNROLL
        ^
hw3_kernels.cpp:33:9: warning: HLS pragma dump _XLX_SEP_ PragmaIsValid=1_XLX_SEP_ PragmaType=interface_XLX_SEP_ PragmaContext=_XLX_SEP_ PragmaFunction=matrix_mult_bram_XLX_SEP_ PragmaOptions=mode=bram port=A_XLX_SEP_ [-Wdump-hls-pragmas]
#pragma HLS INTERFACE mode=bram port=A
        ^
hw3_kernels.cpp:34:9: warning: HLS pragma dump _XLX_SEP_ PragmaIsValid=1_XLX_SEP_ PragmaType=interface_XLX_SEP_ PragmaContext=_XLX_SEP_ PragmaFunction=matrix_mult_bram_XLX_SEP_ PragmaOptions=mode=bram port=B_XLX_SEP_ [-Wdump-hls-pragmas]
#pragma HLS INTERFACE mode=bram port=B
        ^
hw3_kernels.cpp:35:9: warning: HLS pragma dump _XLX_SEP_ PragmaIsValid=1_XLX_SEP_ PragmaType=interface_XLX_SEP_ PragmaContext=_XLX_SEP_ PragmaFunction=matrix_mult_bram_XLX_SEP_ PragmaOptions=mode=bram port=C_XLX_SEP_ [-Wdump-hls-pragmas]
#pragma HLS INTERFACE mode=bram port=C
        ^
/scratch/emettner/fpga-tachep-studies/HW3/run_hw3.tcl:14:9: warning: HLS pragma dump _XLX_SEP_ PragmaIsValid=1_XLX_SEP_ PragmaType=top_XLX_SEP_ PragmaContext=directive_XLX_SEP_ PragmaFunction=matrix_mult_partition_one_dim_XLX_SEP_ PragmaOptions=name=matrix_mult_partition_one_dim_XLX_SEP_ [-Wdump-hls-pragmas]
#pragma HLSDIRECTIVE TOP name=matrix_mult_partition_one_dim
        ^
hw3_kernels.cpp:55:9: warning: HLS pragma dump _XLX_SEP_ PragmaIsValid=1_XLX_SEP_ PragmaType=interface_XLX_SEP_ PragmaContext=_XLX_SEP_ PragmaFunction=matrix_mult_partition_one_dim_XLX_SEP_ PragmaOptions=mode=bram port=A_XLX_SEP_ [-Wdump-hls-pragmas]
#pragma HLS INTERFACE mode=bram port=A
        ^
hw3_kernels.cpp:56:9: warning: HLS pragma dump _XLX_SEP_ PragmaIsValid=1_XLX_SEP_ PragmaType=interface_XLX_SEP_ PragmaContext=_XLX_SEP_ PragmaFunction=matrix_mult_partition_one_dim_XLX_SEP_ PragmaOptions=mode=bram port=B_XLX_SEP_ [-Wdump-hls-pragmas]
#pragma HLS INTERFACE mode=bram port=B
        ^
hw3_kernels.cpp:57:9: warning: HLS pragma dump _XLX_SEP_ PragmaIsValid=1_XLX_SEP_ PragmaType=interface_XLX_SEP_ PragmaContext=_XLX_SEP_ PragmaFunction=matrix_mult_partition_one_dim_XLX_SEP_ PragmaOptions=mode=bram port=C_XLX_SEP_ [-Wdump-hls-pragmas]
#pragma HLS INTERFACE mode=bram port=C
        ^
hw3_kernels.cpp:59:9: warning: HLS pragma dump _XLX_SEP_ PragmaIsValid=1_XLX_SEP_ PragmaType=array_partition_XLX_SEP_ PragmaContext=_XLX_SEP_ PragmaFunction=matrix_mult_partition_one_dim_XLX_SEP_ PragmaOptions=variable=A complete dim=2_XLX_SEP_ [-Wdump-hls-pragmas]
#pragma HLS ARRAY_PARTITION variable=A complete dim=2
        ^
hw3_kernels.cpp:60:9: warning: HLS pragma dump _XLX_SEP_ PragmaIsValid=1_XLX_SEP_ PragmaType=array_partition_XLX_SEP_ PragmaContext=_XLX_SEP_ PragmaFunction=matrix_mult_partition_one_dim_XLX_SEP_ PragmaOptions=variable=B complete dim=1_XLX_SEP_ [-Wdump-hls-pragmas]
#pragma HLS ARRAY_PARTITION variable=B complete dim=1
        ^
hw3_kernels.cpp:67:9: warning: HLS pragma dump _XLX_SEP_ PragmaIsValid=1_XLX_SEP_ PragmaType=unroll_XLX_SEP_ PragmaContext=_XLX_SEP_ PragmaFunction=matrix_mult_partition_one_dim_XLX_SEP_ PragmaOptions=_XLX_SEP_ [-Wdump-hls-pragmas]
#pragma HLS UNROLL
        ^
hw3_kernels.cpp:81:9: warning: HLS pragma dump _XLX_SEP_ PragmaIsValid=1_XLX_SEP_ PragmaType=interface_XLX_SEP_ PragmaContext=_XLX_SEP_ PragmaFunction=matrix_mult_partition_both_dims_XLX_SEP_ PragmaOptions=mode=bram port=A_XLX_SEP_ [-Wdump-hls-pragmas]
#pragma HLS INTERFACE mode=bram port=A
        ^
hw3_kernels.cpp:82:9: warning: HLS pragma dump _XLX_SEP_ PragmaIsValid=1_XLX_SEP_ PragmaType=interface_XLX_SEP_ PragmaContext=_XLX_SEP_ PragmaFunction=matrix_mult_partition_both_dims_XLX_SEP_ PragmaOptions=mode=bram port=B_XLX_SEP_ [-Wdump-hls-pragmas]
#pragma HLS INTERFACE mode=bram port=B
        ^
hw3_kernels.cpp:83:9: warning: HLS pragma dump _XLX_SEP_ PragmaIsValid=1_XLX_SEP_ PragmaType=interface_XLX_SEP_ PragmaContext=_XLX_SEP_ PragmaFunction=matrix_mult_partition_both_dims_XLX_SEP_ PragmaOptions=mode=bram port=C_XLX_SEP_ [-Wdump-hls-pragmas]
#pragma HLS INTERFACE mode=bram port=C
        ^
hw3_kernels.cpp:85:9: warning: HLS pragma dump _XLX_SEP_ PragmaIsValid=1_XLX_SEP_ PragmaType=array_partition_XLX_SEP_ PragmaContext=_XLX_SEP_ PragmaFunction=matrix_mult_partition_both_dims_XLX_SEP_ PragmaOptions=variable=A complete dim=0_XLX_SEP_ [-Wdump-hls-pragmas]
#pragma HLS ARRAY_PARTITION variable=A complete dim=0
        ^
hw3_kernels.cpp:86:9: warning: HLS pragma dump _XLX_SEP_ PragmaIsValid=1_XLX_SEP_ PragmaType=array_partition_XLX_SEP_ PragmaContext=_XLX_SEP_ PragmaFunction=matrix_mult_partition_both_dims_XLX_SEP_ PragmaOptions=variable=B complete dim=0_XLX_SEP_ [-Wdump-hls-pragmas]
#pragma HLS ARRAY_PARTITION variable=B complete dim=0
        ^
hw3_kernels.cpp:87:9: warning: HLS pragma dump _XLX_SEP_ PragmaIsValid=1_XLX_SEP_ PragmaType=array_partition_XLX_SEP_ PragmaContext=_XLX_SEP_ PragmaFunction=matrix_mult_partition_both_dims_XLX_SEP_ PragmaOptions=variable=C complete dim=0_XLX_SEP_ [-Wdump-hls-pragmas]
#pragma HLS ARRAY_PARTITION variable=C complete dim=0
        ^
hw3_kernels.cpp:94:9: warning: HLS pragma dump _XLX_SEP_ PragmaIsValid=1_XLX_SEP_ PragmaType=unroll_XLX_SEP_ PragmaContext=_XLX_SEP_ PragmaFunction=matrix_mult_partition_both_dims_XLX_SEP_ PragmaOptions=_XLX_SEP_ [-Wdump-hls-pragmas]
#pragma HLS UNROLL
        ^
27 warnings generated.
