

================================================================
== Vitis HLS Report for 'matrix_mult_partition_one_dim'
================================================================
* Date:           Sun May  3 14:48:24 2026

* Version:        2024.1 (Build 5069499 on May 21 2024)
* Project:        hw3_matrix_mult_partition_one_dim
* Solution:       solution1 (Vivado IP Flow Target)
* Product family: virtexuplus
* Target device:  xcvu13p-fsga2577-2-e


================================================================
== Performance Estimates
================================================================
+ Timing: 
    * Summary: 
    +--------+----------+----------+------------+
    |  Clock |  Target  | Estimated| Uncertainty|
    +--------+----------+----------+------------+
    |ap_clk  |  25.00 ns|  6.179 ns|     6.75 ns|
    +--------+----------+----------+------------+

+ Latency: 
    * Summary: 
    +---------+---------+----------+----------+-----+-----+---------+
    |  Latency (cycles) |  Latency (absolute) |  Interval | Pipeline|
    |   min   |   max   |    min   |    max   | min | max |   Type  |
    +---------+---------+----------+----------+-----+-----+---------+
    |       24|       24|  0.600 us|  0.600 us|   25|   25|       no|
    +---------+---------+----------+----------+-----+-----+---------+

    + Detail: 
        * Instance: 
        N/A

        * Loop: 
        N/A

============================================================
+ Verbose Summary: Synthesis Manager
============================================================
InlineROM: 1
ExposeGlobal: 0
============================================================
+ Verbose Summary: CDFG Model
============================================================
IsTopModel: 1
ResetActiveHigh: 1
IsCombinational: 0
IsDatapathOnly: 0
HasWiredReturn: 1
HasMFsm: 0
HasVarLatency: 1
IsPipeline: 0
IsRtlPipelined: 0
IsInstanceOverlapped: 0
IsDontTouch: 0
HasImplIP: 0
IsGatedGlobalClock: 0


============================================================
+ Verbose Summary: Schedule
============================================================
* Number of FSM states : 5
* Pipeline : 0
* Dataflow Pipeline: 0

* FSM state transitions: 
1 --> 2 
2 --> 3 
3 --> 4 
4 --> 5 
5 --> 

* FSM state operations: 

State 1 <SV = 0> <Delay = 0.69>
ST_1 : Operation 6 [1/1] (0.00ns)   --->   "%B_0_addr = getelementptr i32 %B_0, i64 0, i64 0"   --->   Operation 6 'getelementptr' 'B_0_addr' <Predicate = true> <Delay = 0.00>
ST_1 : Operation 7 [2/2] (0.69ns)   --->   "%B_0_load = load i3 %B_0_addr"   --->   Operation 7 'load' 'B_0_load' <Predicate = true> <Delay = 0.69> <CoreInst = "RAM">   --->   Core 82 'RAM' <Latency = 1> <II = 1> <Delay = 0.69> <Storage> <Opcode : 'load' 'store'> <Ports = 2> <Width = 32> <Depth = 6> <RAM>
ST_1 : Operation 8 [1/1] (0.00ns)   --->   "%B_1_addr = getelementptr i32 %B_1, i64 0, i64 0"   --->   Operation 8 'getelementptr' 'B_1_addr' <Predicate = true> <Delay = 0.00>
ST_1 : Operation 9 [2/2] (0.69ns)   --->   "%B_1_load = load i3 %B_1_addr"   --->   Operation 9 'load' 'B_1_load' <Predicate = true> <Delay = 0.69> <CoreInst = "RAM">   --->   Core 82 'RAM' <Latency = 1> <II = 1> <Delay = 0.69> <Storage> <Opcode : 'load' 'store'> <Ports = 2> <Width = 32> <Depth = 6> <RAM>
ST_1 : Operation 10 [1/1] (0.00ns)   --->   "%B_2_addr = getelementptr i32 %B_2, i64 0, i64 0"   --->   Operation 10 'getelementptr' 'B_2_addr' <Predicate = true> <Delay = 0.00>
ST_1 : Operation 11 [2/2] (0.69ns)   --->   "%B_2_load = load i3 %B_2_addr"   --->   Operation 11 'load' 'B_2_load' <Predicate = true> <Delay = 0.69> <CoreInst = "RAM">   --->   Core 82 'RAM' <Latency = 1> <II = 1> <Delay = 0.69> <Storage> <Opcode : 'load' 'store'> <Ports = 2> <Width = 32> <Depth = 6> <RAM>
ST_1 : Operation 12 [1/1] (0.00ns)   --->   "%B_3_addr = getelementptr i32 %B_3, i64 0, i64 0"   --->   Operation 12 'getelementptr' 'B_3_addr' <Predicate = true> <Delay = 0.00>
ST_1 : Operation 13 [2/2] (0.69ns)   --->   "%B_3_load = load i3 %B_3_addr"   --->   Operation 13 'load' 'B_3_load' <Predicate = true> <Delay = 0.69> <CoreInst = "RAM">   --->   Core 82 'RAM' <Latency = 1> <II = 1> <Delay = 0.69> <Storage> <Opcode : 'load' 'store'> <Ports = 2> <Width = 32> <Depth = 6> <RAM>
ST_1 : Operation 14 [1/1] (0.00ns)   --->   "%B_4_addr = getelementptr i32 %B_4, i64 0, i64 0"   --->   Operation 14 'getelementptr' 'B_4_addr' <Predicate = true> <Delay = 0.00>
ST_1 : Operation 15 [2/2] (0.69ns)   --->   "%B_4_load = load i3 %B_4_addr"   --->   Operation 15 'load' 'B_4_load' <Predicate = true> <Delay = 0.69> <CoreInst = "RAM">   --->   Core 82 'RAM' <Latency = 1> <II = 1> <Delay = 0.69> <Storage> <Opcode : 'load' 'store'> <Ports = 2> <Width = 32> <Depth = 6> <RAM>
ST_1 : Operation 16 [1/1] (0.00ns)   --->   "%B_5_addr = getelementptr i32 %B_5, i64 0, i64 0"   --->   Operation 16 'getelementptr' 'B_5_addr' <Predicate = true> <Delay = 0.00>
ST_1 : Operation 17 [2/2] (0.69ns)   --->   "%B_5_load = load i3 %B_5_addr"   --->   Operation 17 'load' 'B_5_load' <Predicate = true> <Delay = 0.69> <CoreInst = "RAM">   --->   Core 82 'RAM' <Latency = 1> <II = 1> <Delay = 0.69> <Storage> <Opcode : 'load' 'store'> <Ports = 2> <Width = 32> <Depth = 6> <RAM>
ST_1 : Operation 18 [1/1] (0.00ns)   --->   "%B_0_addr_1 = getelementptr i32 %B_0, i64 0, i64 1"   --->   Operation 18 'getelementptr' 'B_0_addr_1' <Predicate = true> <Delay = 0.00>
ST_1 : Operation 19 [2/2] (0.69ns)   --->   "%B_0_load_1 = load i3 %B_0_addr_1"   --->   Operation 19 'load' 'B_0_load_1' <Predicate = true> <Delay = 0.69> <CoreInst = "RAM">   --->   Core 82 'RAM' <Latency = 1> <II = 1> <Delay = 0.69> <Storage> <Opcode : 'load' 'store'> <Ports = 2> <Width = 32> <Depth = 6> <RAM>
ST_1 : Operation 20 [1/1] (0.00ns)   --->   "%B_1_addr_1 = getelementptr i32 %B_1, i64 0, i64 1"   --->   Operation 20 'getelementptr' 'B_1_addr_1' <Predicate = true> <Delay = 0.00>
ST_1 : Operation 21 [2/2] (0.69ns)   --->   "%B_1_load_1 = load i3 %B_1_addr_1"   --->   Operation 21 'load' 'B_1_load_1' <Predicate = true> <Delay = 0.69> <CoreInst = "RAM">   --->   Core 82 'RAM' <Latency = 1> <II = 1> <Delay = 0.69> <Storage> <Opcode : 'load' 'store'> <Ports = 2> <Width = 32> <Depth = 6> <RAM>
ST_1 : Operation 22 [1/1] (0.00ns)   --->   "%B_2_addr_1 = getelementptr i32 %B_2, i64 0, i64 1"   --->   Operation 22 'getelementptr' 'B_2_addr_1' <Predicate = true> <Delay = 0.00>
ST_1 : Operation 23 [2/2] (0.69ns)   --->   "%B_2_load_1 = load i3 %B_2_addr_1"   --->   Operation 23 'load' 'B_2_load_1' <Predicate = true> <Delay = 0.69> <CoreInst = "RAM">   --->   Core 82 'RAM' <Latency = 1> <II = 1> <Delay = 0.69> <Storage> <Opcode : 'load' 'store'> <Ports = 2> <Width = 32> <Depth = 6> <RAM>
ST_1 : Operation 24 [1/1] (0.00ns)   --->   "%B_3_addr_1 = getelementptr i32 %B_3, i64 0, i64 1"   --->   Operation 24 'getelementptr' 'B_3_addr_1' <Predicate = true> <Delay = 0.00>
ST_1 : Operation 25 [2/2] (0.69ns)   --->   "%B_3_load_1 = load i3 %B_3_addr_1"   --->   Operation 25 'load' 'B_3_load_1' <Predicate = true> <Delay = 0.69> <CoreInst = "RAM">   --->   Core 82 'RAM' <Latency = 1> <II = 1> <Delay = 0.69> <Storage> <Opcode : 'load' 'store'> <Ports = 2> <Width = 32> <Depth = 6> <RAM>
ST_1 : Operation 26 [1/1] (0.00ns)   --->   "%B_4_addr_1 = getelementptr i32 %B_4, i64 0, i64 1"   --->   Operation 26 'getelementptr' 'B_4_addr_1' <Predicate = true> <Delay = 0.00>
ST_1 : Operation 27 [2/2] (0.69ns)   --->   "%B_4_load_1 = load i3 %B_4_addr_1"   --->   Operation 27 'load' 'B_4_load_1' <Predicate = true> <Delay = 0.69> <CoreInst = "RAM">   --->   Core 82 'RAM' <Latency = 1> <II = 1> <Delay = 0.69> <Storage> <Opcode : 'load' 'store'> <Ports = 2> <Width = 32> <Depth = 6> <RAM>
ST_1 : Operation 28 [1/1] (0.00ns)   --->   "%B_5_addr_1 = getelementptr i32 %B_5, i64 0, i64 1"   --->   Operation 28 'getelementptr' 'B_5_addr_1' <Predicate = true> <Delay = 0.00>
ST_1 : Operation 29 [2/2] (0.69ns)   --->   "%B_5_load_1 = load i3 %B_5_addr_1"   --->   Operation 29 'load' 'B_5_load_1' <Predicate = true> <Delay = 0.69> <CoreInst = "RAM">   --->   Core 82 'RAM' <Latency = 1> <II = 1> <Delay = 0.69> <Storage> <Opcode : 'load' 'store'> <Ports = 2> <Width = 32> <Depth = 6> <RAM>

State 2 <SV = 1> <Delay = 0.69>
ST_2 : Operation 30 [1/2] (0.69ns)   --->   "%B_0_load = load i3 %B_0_addr"   --->   Operation 30 'load' 'B_0_load' <Predicate = true> <Delay = 0.69> <CoreInst = "RAM">   --->   Core 82 'RAM' <Latency = 1> <II = 1> <Delay = 0.69> <Storage> <Opcode : 'load' 'store'> <Ports = 2> <Width = 32> <Depth = 6> <RAM>
ST_2 : Operation 31 [1/2] (0.69ns)   --->   "%B_1_load = load i3 %B_1_addr"   --->   Operation 31 'load' 'B_1_load' <Predicate = true> <Delay = 0.69> <CoreInst = "RAM">   --->   Core 82 'RAM' <Latency = 1> <II = 1> <Delay = 0.69> <Storage> <Opcode : 'load' 'store'> <Ports = 2> <Width = 32> <Depth = 6> <RAM>
ST_2 : Operation 32 [1/2] (0.69ns)   --->   "%B_2_load = load i3 %B_2_addr"   --->   Operation 32 'load' 'B_2_load' <Predicate = true> <Delay = 0.69> <CoreInst = "RAM">   --->   Core 82 'RAM' <Latency = 1> <II = 1> <Delay = 0.69> <Storage> <Opcode : 'load' 'store'> <Ports = 2> <Width = 32> <Depth = 6> <RAM>
ST_2 : Operation 33 [1/2] (0.69ns)   --->   "%B_3_load = load i3 %B_3_addr"   --->   Operation 33 'load' 'B_3_load' <Predicate = true> <Delay = 0.69> <CoreInst = "RAM">   --->   Core 82 'RAM' <Latency = 1> <II = 1> <Delay = 0.69> <Storage> <Opcode : 'load' 'store'> <Ports = 2> <Width = 32> <Depth = 6> <RAM>
ST_2 : Operation 34 [1/2] (0.69ns)   --->   "%B_4_load = load i3 %B_4_addr"   --->   Operation 34 'load' 'B_4_load' <Predicate = true> <Delay = 0.69> <CoreInst = "RAM">   --->   Core 82 'RAM' <Latency = 1> <II = 1> <Delay = 0.69> <Storage> <Opcode : 'load' 'store'> <Ports = 2> <Width = 32> <Depth = 6> <RAM>
ST_2 : Operation 35 [1/2] (0.69ns)   --->   "%B_5_load = load i3 %B_5_addr"   --->   Operation 35 'load' 'B_5_load' <Predicate = true> <Delay = 0.69> <CoreInst = "RAM">   --->   Core 82 'RAM' <Latency = 1> <II = 1> <Delay = 0.69> <Storage> <Opcode : 'load' 'store'> <Ports = 2> <Width = 32> <Depth = 6> <RAM>
ST_2 : Operation 36 [1/2] (0.69ns)   --->   "%B_0_load_1 = load i3 %B_0_addr_1"   --->   Operation 36 'load' 'B_0_load_1' <Predicate = true> <Delay = 0.69> <CoreInst = "RAM">   --->   Core 82 'RAM' <Latency = 1> <II = 1> <Delay = 0.69> <Storage> <Opcode : 'load' 'store'> <Ports = 2> <Width = 32> <Depth = 6> <RAM>
ST_2 : Operation 37 [1/2] (0.69ns)   --->   "%B_1_load_1 = load i3 %B_1_addr_1"   --->   Operation 37 'load' 'B_1_load_1' <Predicate = true> <Delay = 0.69> <CoreInst = "RAM">   --->   Core 82 'RAM' <Latency = 1> <II = 1> <Delay = 0.69> <Storage> <Opcode : 'load' 'store'> <Ports = 2> <Width = 32> <Depth = 6> <RAM>
ST_2 : Operation 38 [1/2] (0.69ns)   --->   "%B_2_load_1 = load i3 %B_2_addr_1"   --->   Operation 38 'load' 'B_2_load_1' <Predicate = true> <Delay = 0.69> <CoreInst = "RAM">   --->   Core 82 'RAM' <Latency = 1> <II = 1> <Delay = 0.69> <Storage> <Opcode : 'load' 'store'> <Ports = 2> <Width = 32> <Depth = 6> <RAM>
ST_2 : Operation 39 [1/2] (0.69ns)   --->   "%B_3_load_1 = load i3 %B_3_addr_1"   --->   Operation 39 'load' 'B_3_load_1' <Predicate = true> <Delay = 0.69> <CoreInst = "RAM">   --->   Core 82 'RAM' <Latency = 1> <II = 1> <Delay = 0.69> <Storage> <Opcode : 'load' 'store'> <Ports = 2> <Width = 32> <Depth = 6> <RAM>
ST_2 : Operation 40 [1/2] (0.69ns)   --->   "%B_4_load_1 = load i3 %B_4_addr_1"   --->   Operation 40 'load' 'B_4_load_1' <Predicate = true> <Delay = 0.69> <CoreInst = "RAM">   --->   Core 82 'RAM' <Latency = 1> <II = 1> <Delay = 0.69> <Storage> <Opcode : 'load' 'store'> <Ports = 2> <Width = 32> <Depth = 6> <RAM>
ST_2 : Operation 41 [1/2] (0.69ns)   --->   "%B_5_load_1 = load i3 %B_5_addr_1"   --->   Operation 41 'load' 'B_5_load_1' <Predicate = true> <Delay = 0.69> <CoreInst = "RAM">   --->   Core 82 'RAM' <Latency = 1> <II = 1> <Delay = 0.69> <Storage> <Opcode : 'load' 'store'> <Ports = 2> <Width = 32> <Depth = 6> <RAM>
ST_2 : Operation 42 [1/1] (0.00ns)   --->   "%B_0_addr_2 = getelementptr i32 %B_0, i64 0, i64 2"   --->   Operation 42 'getelementptr' 'B_0_addr_2' <Predicate = true> <Delay = 0.00>
ST_2 : Operation 43 [2/2] (0.69ns)   --->   "%B_0_load_2 = load i3 %B_0_addr_2"   --->   Operation 43 'load' 'B_0_load_2' <Predicate = true> <Delay = 0.69> <CoreInst = "RAM">   --->   Core 82 'RAM' <Latency = 1> <II = 1> <Delay = 0.69> <Storage> <Opcode : 'load' 'store'> <Ports = 2> <Width = 32> <Depth = 6> <RAM>
ST_2 : Operation 44 [1/1] (0.00ns)   --->   "%B_1_addr_2 = getelementptr i32 %B_1, i64 0, i64 2"   --->   Operation 44 'getelementptr' 'B_1_addr_2' <Predicate = true> <Delay = 0.00>
ST_2 : Operation 45 [2/2] (0.69ns)   --->   "%B_1_load_2 = load i3 %B_1_addr_2"   --->   Operation 45 'load' 'B_1_load_2' <Predicate = true> <Delay = 0.69> <CoreInst = "RAM">   --->   Core 82 'RAM' <Latency = 1> <II = 1> <Delay = 0.69> <Storage> <Opcode : 'load' 'store'> <Ports = 2> <Width = 32> <Depth = 6> <RAM>
ST_2 : Operation 46 [1/1] (0.00ns)   --->   "%B_2_addr_2 = getelementptr i32 %B_2, i64 0, i64 2"   --->   Operation 46 'getelementptr' 'B_2_addr_2' <Predicate = true> <Delay = 0.00>
ST_2 : Operation 47 [2/2] (0.69ns)   --->   "%B_2_load_2 = load i3 %B_2_addr_2"   --->   Operation 47 'load' 'B_2_load_2' <Predicate = true> <Delay = 0.69> <CoreInst = "RAM">   --->   Core 82 'RAM' <Latency = 1> <II = 1> <Delay = 0.69> <Storage> <Opcode : 'load' 'store'> <Ports = 2> <Width = 32> <Depth = 6> <RAM>
ST_2 : Operation 48 [1/1] (0.00ns)   --->   "%B_3_addr_2 = getelementptr i32 %B_3, i64 0, i64 2"   --->   Operation 48 'getelementptr' 'B_3_addr_2' <Predicate = true> <Delay = 0.00>
ST_2 : Operation 49 [2/2] (0.69ns)   --->   "%B_3_load_2 = load i3 %B_3_addr_2"   --->   Operation 49 'load' 'B_3_load_2' <Predicate = true> <Delay = 0.69> <CoreInst = "RAM">   --->   Core 82 'RAM' <Latency = 1> <II = 1> <Delay = 0.69> <Storage> <Opcode : 'load' 'store'> <Ports = 2> <Width = 32> <Depth = 6> <RAM>
ST_2 : Operation 50 [1/1] (0.00ns)   --->   "%B_4_addr_2 = getelementptr i32 %B_4, i64 0, i64 2"   --->   Operation 50 'getelementptr' 'B_4_addr_2' <Predicate = true> <Delay = 0.00>
ST_2 : Operation 51 [2/2] (0.69ns)   --->   "%B_4_load_2 = load i3 %B_4_addr_2"   --->   Operation 51 'load' 'B_4_load_2' <Predicate = true> <Delay = 0.69> <CoreInst = "RAM">   --->   Core 82 'RAM' <Latency = 1> <II = 1> <Delay = 0.69> <Storage> <Opcode : 'load' 'store'> <Ports = 2> <Width = 32> <Depth = 6> <RAM>
ST_2 : Operation 52 [1/1] (0.00ns)   --->   "%B_5_addr_2 = getelementptr i32 %B_5, i64 0, i64 2"   --->   Operation 52 'getelementptr' 'B_5_addr_2' <Predicate = true> <Delay = 0.00>
ST_2 : Operation 53 [2/2] (0.69ns)   --->   "%B_5_load_2 = load i3 %B_5_addr_2"   --->   Operation 53 'load' 'B_5_load_2' <Predicate = true> <Delay = 0.69> <CoreInst = "RAM">   --->   Core 82 'RAM' <Latency = 1> <II = 1> <Delay = 0.69> <Storage> <Opcode : 'load' 'store'> <Ports = 2> <Width = 32> <Depth = 6> <RAM>
ST_2 : Operation 54 [1/1] (0.00ns)   --->   "%B_0_addr_3 = getelementptr i32 %B_0, i64 0, i64 3"   --->   Operation 54 'getelementptr' 'B_0_addr_3' <Predicate = true> <Delay = 0.00>
ST_2 : Operation 55 [2/2] (0.69ns)   --->   "%B_0_load_3 = load i3 %B_0_addr_3"   --->   Operation 55 'load' 'B_0_load_3' <Predicate = true> <Delay = 0.69> <CoreInst = "RAM">   --->   Core 82 'RAM' <Latency = 1> <II = 1> <Delay = 0.69> <Storage> <Opcode : 'load' 'store'> <Ports = 2> <Width = 32> <Depth = 6> <RAM>
ST_2 : Operation 56 [1/1] (0.00ns)   --->   "%B_1_addr_3 = getelementptr i32 %B_1, i64 0, i64 3"   --->   Operation 56 'getelementptr' 'B_1_addr_3' <Predicate = true> <Delay = 0.00>
ST_2 : Operation 57 [2/2] (0.69ns)   --->   "%B_1_load_3 = load i3 %B_1_addr_3"   --->   Operation 57 'load' 'B_1_load_3' <Predicate = true> <Delay = 0.69> <CoreInst = "RAM">   --->   Core 82 'RAM' <Latency = 1> <II = 1> <Delay = 0.69> <Storage> <Opcode : 'load' 'store'> <Ports = 2> <Width = 32> <Depth = 6> <RAM>
ST_2 : Operation 58 [1/1] (0.00ns)   --->   "%B_2_addr_3 = getelementptr i32 %B_2, i64 0, i64 3"   --->   Operation 58 'getelementptr' 'B_2_addr_3' <Predicate = true> <Delay = 0.00>
ST_2 : Operation 59 [2/2] (0.69ns)   --->   "%B_2_load_3 = load i3 %B_2_addr_3"   --->   Operation 59 'load' 'B_2_load_3' <Predicate = true> <Delay = 0.69> <CoreInst = "RAM">   --->   Core 82 'RAM' <Latency = 1> <II = 1> <Delay = 0.69> <Storage> <Opcode : 'load' 'store'> <Ports = 2> <Width = 32> <Depth = 6> <RAM>
ST_2 : Operation 60 [1/1] (0.00ns)   --->   "%B_3_addr_3 = getelementptr i32 %B_3, i64 0, i64 3"   --->   Operation 60 'getelementptr' 'B_3_addr_3' <Predicate = true> <Delay = 0.00>
ST_2 : Operation 61 [2/2] (0.69ns)   --->   "%B_3_load_3 = load i3 %B_3_addr_3"   --->   Operation 61 'load' 'B_3_load_3' <Predicate = true> <Delay = 0.69> <CoreInst = "RAM">   --->   Core 82 'RAM' <Latency = 1> <II = 1> <Delay = 0.69> <Storage> <Opcode : 'load' 'store'> <Ports = 2> <Width = 32> <Depth = 6> <RAM>
ST_2 : Operation 62 [1/1] (0.00ns)   --->   "%B_4_addr_3 = getelementptr i32 %B_4, i64 0, i64 3"   --->   Operation 62 'getelementptr' 'B_4_addr_3' <Predicate = true> <Delay = 0.00>
ST_2 : Operation 63 [2/2] (0.69ns)   --->   "%B_4_load_3 = load i3 %B_4_addr_3"   --->   Operation 63 'load' 'B_4_load_3' <Predicate = true> <Delay = 0.69> <CoreInst = "RAM">   --->   Core 82 'RAM' <Latency = 1> <II = 1> <Delay = 0.69> <Storage> <Opcode : 'load' 'store'> <Ports = 2> <Width = 32> <Depth = 6> <RAM>
ST_2 : Operation 64 [1/1] (0.00ns)   --->   "%B_5_addr_3 = getelementptr i32 %B_5, i64 0, i64 3"   --->   Operation 64 'getelementptr' 'B_5_addr_3' <Predicate = true> <Delay = 0.00>
ST_2 : Operation 65 [2/2] (0.69ns)   --->   "%B_5_load_3 = load i3 %B_5_addr_3"   --->   Operation 65 'load' 'B_5_load_3' <Predicate = true> <Delay = 0.69> <CoreInst = "RAM">   --->   Core 82 'RAM' <Latency = 1> <II = 1> <Delay = 0.69> <Storage> <Opcode : 'load' 'store'> <Ports = 2> <Width = 32> <Depth = 6> <RAM>

State 3 <SV = 2> <Delay = 0.69>
ST_3 : Operation 66 [1/2] (0.69ns)   --->   "%B_0_load_2 = load i3 %B_0_addr_2"   --->   Operation 66 'load' 'B_0_load_2' <Predicate = true> <Delay = 0.69> <CoreInst = "RAM">   --->   Core 82 'RAM' <Latency = 1> <II = 1> <Delay = 0.69> <Storage> <Opcode : 'load' 'store'> <Ports = 2> <Width = 32> <Depth = 6> <RAM>
ST_3 : Operation 67 [1/2] (0.69ns)   --->   "%B_1_load_2 = load i3 %B_1_addr_2"   --->   Operation 67 'load' 'B_1_load_2' <Predicate = true> <Delay = 0.69> <CoreInst = "RAM">   --->   Core 82 'RAM' <Latency = 1> <II = 1> <Delay = 0.69> <Storage> <Opcode : 'load' 'store'> <Ports = 2> <Width = 32> <Depth = 6> <RAM>
ST_3 : Operation 68 [1/2] (0.69ns)   --->   "%B_2_load_2 = load i3 %B_2_addr_2"   --->   Operation 68 'load' 'B_2_load_2' <Predicate = true> <Delay = 0.69> <CoreInst = "RAM">   --->   Core 82 'RAM' <Latency = 1> <II = 1> <Delay = 0.69> <Storage> <Opcode : 'load' 'store'> <Ports = 2> <Width = 32> <Depth = 6> <RAM>
ST_3 : Operation 69 [1/2] (0.69ns)   --->   "%B_3_load_2 = load i3 %B_3_addr_2"   --->   Operation 69 'load' 'B_3_load_2' <Predicate = true> <Delay = 0.69> <CoreInst = "RAM">   --->   Core 82 'RAM' <Latency = 1> <II = 1> <Delay = 0.69> <Storage> <Opcode : 'load' 'store'> <Ports = 2> <Width = 32> <Depth = 6> <RAM>
ST_3 : Operation 70 [1/2] (0.69ns)   --->   "%B_4_load_2 = load i3 %B_4_addr_2"   --->   Operation 70 'load' 'B_4_load_2' <Predicate = true> <Delay = 0.69> <CoreInst = "RAM">   --->   Core 82 'RAM' <Latency = 1> <II = 1> <Delay = 0.69> <Storage> <Opcode : 'load' 'store'> <Ports = 2> <Width = 32> <Depth = 6> <RAM>
ST_3 : Operation 71 [1/2] (0.69ns)   --->   "%B_5_load_2 = load i3 %B_5_addr_2"   --->   Operation 71 'load' 'B_5_load_2' <Predicate = true> <Delay = 0.69> <CoreInst = "RAM">   --->   Core 82 'RAM' <Latency = 1> <II = 1> <Delay = 0.69> <Storage> <Opcode : 'load' 'store'> <Ports = 2> <Width = 32> <Depth = 6> <RAM>
ST_3 : Operation 72 [1/2] (0.69ns)   --->   "%B_0_load_3 = load i3 %B_0_addr_3"   --->   Operation 72 'load' 'B_0_load_3' <Predicate = true> <Delay = 0.69> <CoreInst = "RAM">   --->   Core 82 'RAM' <Latency = 1> <II = 1> <Delay = 0.69> <Storage> <Opcode : 'load' 'store'> <Ports = 2> <Width = 32> <Depth = 6> <RAM>
ST_3 : Operation 73 [1/2] (0.69ns)   --->   "%B_1_load_3 = load i3 %B_1_addr_3"   --->   Operation 73 'load' 'B_1_load_3' <Predicate = true> <Delay = 0.69> <CoreInst = "RAM">   --->   Core 82 'RAM' <Latency = 1> <II = 1> <Delay = 0.69> <Storage> <Opcode : 'load' 'store'> <Ports = 2> <Width = 32> <Depth = 6> <RAM>
ST_3 : Operation 74 [1/2] (0.69ns)   --->   "%B_2_load_3 = load i3 %B_2_addr_3"   --->   Operation 74 'load' 'B_2_load_3' <Predicate = true> <Delay = 0.69> <CoreInst = "RAM">   --->   Core 82 'RAM' <Latency = 1> <II = 1> <Delay = 0.69> <Storage> <Opcode : 'load' 'store'> <Ports = 2> <Width = 32> <Depth = 6> <RAM>
ST_3 : Operation 75 [1/2] (0.69ns)   --->   "%B_3_load_3 = load i3 %B_3_addr_3"   --->   Operation 75 'load' 'B_3_load_3' <Predicate = true> <Delay = 0.69> <CoreInst = "RAM">   --->   Core 82 'RAM' <Latency = 1> <II = 1> <Delay = 0.69> <Storage> <Opcode : 'load' 'store'> <Ports = 2> <Width = 32> <Depth = 6> <RAM>
ST_3 : Operation 76 [1/2] (0.69ns)   --->   "%B_4_load_3 = load i3 %B_4_addr_3"   --->   Operation 76 'load' 'B_4_load_3' <Predicate = true> <Delay = 0.69> <CoreInst = "RAM">   --->   Core 82 'RAM' <Latency = 1> <II = 1> <Delay = 0.69> <Storage> <Opcode : 'load' 'store'> <Ports = 2> <Width = 32> <Depth = 6> <RAM>
ST_3 : Operation 77 [1/2] (0.69ns)   --->   "%B_5_load_3 = load i3 %B_5_addr_3"   --->   Operation 77 'load' 'B_5_load_3' <Predicate = true> <Delay = 0.69> <CoreInst = "RAM">   --->   Core 82 'RAM' <Latency = 1> <II = 1> <Delay = 0.69> <Storage> <Opcode : 'load' 'store'> <Ports = 2> <Width = 32> <Depth = 6> <RAM>
ST_3 : Operation 78 [1/1] (0.00ns)   --->   "%B_0_addr_4 = getelementptr i32 %B_0, i64 0, i64 4"   --->   Operation 78 'getelementptr' 'B_0_addr_4' <Predicate = true> <Delay = 0.00>
ST_3 : Operation 79 [2/2] (0.69ns)   --->   "%B_0_load_4 = load i3 %B_0_addr_4"   --->   Operation 79 'load' 'B_0_load_4' <Predicate = true> <Delay = 0.69> <CoreInst = "RAM">   --->   Core 82 'RAM' <Latency = 1> <II = 1> <Delay = 0.69> <Storage> <Opcode : 'load' 'store'> <Ports = 2> <Width = 32> <Depth = 6> <RAM>
ST_3 : Operation 80 [1/1] (0.00ns)   --->   "%B_1_addr_4 = getelementptr i32 %B_1, i64 0, i64 4"   --->   Operation 80 'getelementptr' 'B_1_addr_4' <Predicate = true> <Delay = 0.00>
ST_3 : Operation 81 [2/2] (0.69ns)   --->   "%B_1_load_4 = load i3 %B_1_addr_4"   --->   Operation 81 'load' 'B_1_load_4' <Predicate = true> <Delay = 0.69> <CoreInst = "RAM">   --->   Core 82 'RAM' <Latency = 1> <II = 1> <Delay = 0.69> <Storage> <Opcode : 'load' 'store'> <Ports = 2> <Width = 32> <Depth = 6> <RAM>
ST_3 : Operation 82 [1/1] (0.00ns)   --->   "%B_2_addr_4 = getelementptr i32 %B_2, i64 0, i64 4"   --->   Operation 82 'getelementptr' 'B_2_addr_4' <Predicate = true> <Delay = 0.00>
ST_3 : Operation 83 [2/2] (0.69ns)   --->   "%B_2_load_4 = load i3 %B_2_addr_4"   --->   Operation 83 'load' 'B_2_load_4' <Predicate = true> <Delay = 0.69> <CoreInst = "RAM">   --->   Core 82 'RAM' <Latency = 1> <II = 1> <Delay = 0.69> <Storage> <Opcode : 'load' 'store'> <Ports = 2> <Width = 32> <Depth = 6> <RAM>
ST_3 : Operation 84 [1/1] (0.00ns)   --->   "%B_3_addr_4 = getelementptr i32 %B_3, i64 0, i64 4"   --->   Operation 84 'getelementptr' 'B_3_addr_4' <Predicate = true> <Delay = 0.00>
ST_3 : Operation 85 [2/2] (0.69ns)   --->   "%B_3_load_4 = load i3 %B_3_addr_4"   --->   Operation 85 'load' 'B_3_load_4' <Predicate = true> <Delay = 0.69> <CoreInst = "RAM">   --->   Core 82 'RAM' <Latency = 1> <II = 1> <Delay = 0.69> <Storage> <Opcode : 'load' 'store'> <Ports = 2> <Width = 32> <Depth = 6> <RAM>
ST_3 : Operation 86 [1/1] (0.00ns)   --->   "%B_4_addr_4 = getelementptr i32 %B_4, i64 0, i64 4"   --->   Operation 86 'getelementptr' 'B_4_addr_4' <Predicate = true> <Delay = 0.00>
ST_3 : Operation 87 [2/2] (0.69ns)   --->   "%B_4_load_4 = load i3 %B_4_addr_4"   --->   Operation 87 'load' 'B_4_load_4' <Predicate = true> <Delay = 0.69> <CoreInst = "RAM">   --->   Core 82 'RAM' <Latency = 1> <II = 1> <Delay = 0.69> <Storage> <Opcode : 'load' 'store'> <Ports = 2> <Width = 32> <Depth = 6> <RAM>
ST_3 : Operation 88 [1/1] (0.00ns)   --->   "%B_5_addr_4 = getelementptr i32 %B_5, i64 0, i64 4"   --->   Operation 88 'getelementptr' 'B_5_addr_4' <Predicate = true> <Delay = 0.00>
ST_3 : Operation 89 [2/2] (0.69ns)   --->   "%B_5_load_4 = load i3 %B_5_addr_4"   --->   Operation 89 'load' 'B_5_load_4' <Predicate = true> <Delay = 0.69> <CoreInst = "RAM">   --->   Core 82 'RAM' <Latency = 1> <II = 1> <Delay = 0.69> <Storage> <Opcode : 'load' 'store'> <Ports = 2> <Width = 32> <Depth = 6> <RAM>
ST_3 : Operation 90 [1/1] (0.00ns)   --->   "%B_0_addr_5 = getelementptr i32 %B_0, i64 0, i64 5"   --->   Operation 90 'getelementptr' 'B_0_addr_5' <Predicate = true> <Delay = 0.00>
ST_3 : Operation 91 [2/2] (0.69ns)   --->   "%B_0_load_5 = load i3 %B_0_addr_5"   --->   Operation 91 'load' 'B_0_load_5' <Predicate = true> <Delay = 0.69> <CoreInst = "RAM">   --->   Core 82 'RAM' <Latency = 1> <II = 1> <Delay = 0.69> <Storage> <Opcode : 'load' 'store'> <Ports = 2> <Width = 32> <Depth = 6> <RAM>
ST_3 : Operation 92 [1/1] (0.00ns)   --->   "%B_1_addr_5 = getelementptr i32 %B_1, i64 0, i64 5"   --->   Operation 92 'getelementptr' 'B_1_addr_5' <Predicate = true> <Delay = 0.00>
ST_3 : Operation 93 [2/2] (0.69ns)   --->   "%B_1_load_5 = load i3 %B_1_addr_5"   --->   Operation 93 'load' 'B_1_load_5' <Predicate = true> <Delay = 0.69> <CoreInst = "RAM">   --->   Core 82 'RAM' <Latency = 1> <II = 1> <Delay = 0.69> <Storage> <Opcode : 'load' 'store'> <Ports = 2> <Width = 32> <Depth = 6> <RAM>
ST_3 : Operation 94 [1/1] (0.00ns)   --->   "%B_2_addr_5 = getelementptr i32 %B_2, i64 0, i64 5"   --->   Operation 94 'getelementptr' 'B_2_addr_5' <Predicate = true> <Delay = 0.00>
ST_3 : Operation 95 [2/2] (0.69ns)   --->   "%B_2_load_5 = load i3 %B_2_addr_5"   --->   Operation 95 'load' 'B_2_load_5' <Predicate = true> <Delay = 0.69> <CoreInst = "RAM">   --->   Core 82 'RAM' <Latency = 1> <II = 1> <Delay = 0.69> <Storage> <Opcode : 'load' 'store'> <Ports = 2> <Width = 32> <Depth = 6> <RAM>
ST_3 : Operation 96 [1/1] (0.00ns)   --->   "%B_3_addr_5 = getelementptr i32 %B_3, i64 0, i64 5"   --->   Operation 96 'getelementptr' 'B_3_addr_5' <Predicate = true> <Delay = 0.00>
ST_3 : Operation 97 [2/2] (0.69ns)   --->   "%B_3_load_5 = load i3 %B_3_addr_5"   --->   Operation 97 'load' 'B_3_load_5' <Predicate = true> <Delay = 0.69> <CoreInst = "RAM">   --->   Core 82 'RAM' <Latency = 1> <II = 1> <Delay = 0.69> <Storage> <Opcode : 'load' 'store'> <Ports = 2> <Width = 32> <Depth = 6> <RAM>
ST_3 : Operation 98 [1/1] (0.00ns)   --->   "%B_4_addr_5 = getelementptr i32 %B_4, i64 0, i64 5"   --->   Operation 98 'getelementptr' 'B_4_addr_5' <Predicate = true> <Delay = 0.00>
ST_3 : Operation 99 [2/2] (0.69ns)   --->   "%B_4_load_5 = load i3 %B_4_addr_5"   --->   Operation 99 'load' 'B_4_load_5' <Predicate = true> <Delay = 0.69> <CoreInst = "RAM">   --->   Core 82 'RAM' <Latency = 1> <II = 1> <Delay = 0.69> <Storage> <Opcode : 'load' 'store'> <Ports = 2> <Width = 32> <Depth = 6> <RAM>
ST_3 : Operation 100 [1/1] (0.00ns)   --->   "%B_5_addr_5 = getelementptr i32 %B_5, i64 0, i64 5"   --->   Operation 100 'getelementptr' 'B_5_addr_5' <Predicate = true> <Delay = 0.00>
ST_3 : Operation 101 [2/2] (0.69ns)   --->   "%B_5_load_5 = load i3 %B_5_addr_5"   --->   Operation 101 'load' 'B_5_load_5' <Predicate = true> <Delay = 0.69> <CoreInst = "RAM">   --->   Core 82 'RAM' <Latency = 1> <II = 1> <Delay = 0.69> <Storage> <Opcode : 'load' 'store'> <Ports = 2> <Width = 32> <Depth = 6> <RAM>

State 4 <SV = 3> <Delay = 0.69>
ST_4 : Operation 102 [1/2] (0.69ns)   --->   "%B_0_load_4 = load i3 %B_0_addr_4"   --->   Operation 102 'load' 'B_0_load_4' <Predicate = true> <Delay = 0.69> <CoreInst = "RAM">   --->   Core 82 'RAM' <Latency = 1> <II = 1> <Delay = 0.69> <Storage> <Opcode : 'load' 'store'> <Ports = 2> <Width = 32> <Depth = 6> <RAM>
ST_4 : Operation 103 [1/2] (0.69ns)   --->   "%B_1_load_4 = load i3 %B_1_addr_4"   --->   Operation 103 'load' 'B_1_load_4' <Predicate = true> <Delay = 0.69> <CoreInst = "RAM">   --->   Core 82 'RAM' <Latency = 1> <II = 1> <Delay = 0.69> <Storage> <Opcode : 'load' 'store'> <Ports = 2> <Width = 32> <Depth = 6> <RAM>
ST_4 : Operation 104 [1/2] (0.69ns)   --->   "%B_2_load_4 = load i3 %B_2_addr_4"   --->   Operation 104 'load' 'B_2_load_4' <Predicate = true> <Delay = 0.69> <CoreInst = "RAM">   --->   Core 82 'RAM' <Latency = 1> <II = 1> <Delay = 0.69> <Storage> <Opcode : 'load' 'store'> <Ports = 2> <Width = 32> <Depth = 6> <RAM>
ST_4 : Operation 105 [1/2] (0.69ns)   --->   "%B_3_load_4 = load i3 %B_3_addr_4"   --->   Operation 105 'load' 'B_3_load_4' <Predicate = true> <Delay = 0.69> <CoreInst = "RAM">   --->   Core 82 'RAM' <Latency = 1> <II = 1> <Delay = 0.69> <Storage> <Opcode : 'load' 'store'> <Ports = 2> <Width = 32> <Depth = 6> <RAM>
ST_4 : Operation 106 [1/2] (0.69ns)   --->   "%B_4_load_4 = load i3 %B_4_addr_4"   --->   Operation 106 'load' 'B_4_load_4' <Predicate = true> <Delay = 0.69> <CoreInst = "RAM">   --->   Core 82 'RAM' <Latency = 1> <II = 1> <Delay = 0.69> <Storage> <Opcode : 'load' 'store'> <Ports = 2> <Width = 32> <Depth = 6> <RAM>
ST_4 : Operation 107 [1/2] (0.69ns)   --->   "%B_5_load_4 = load i3 %B_5_addr_4"   --->   Operation 107 'load' 'B_5_load_4' <Predicate = true> <Delay = 0.69> <CoreInst = "RAM">   --->   Core 82 'RAM' <Latency = 1> <II = 1> <Delay = 0.69> <Storage> <Opcode : 'load' 'store'> <Ports = 2> <Width = 32> <Depth = 6> <RAM>
ST_4 : Operation 108 [1/2] (0.69ns)   --->   "%B_0_load_5 = load i3 %B_0_addr_5"   --->   Operation 108 'load' 'B_0_load_5' <Predicate = true> <Delay = 0.69> <CoreInst = "RAM">   --->   Core 82 'RAM' <Latency = 1> <II = 1> <Delay = 0.69> <Storage> <Opcode : 'load' 'store'> <Ports = 2> <Width = 32> <Depth = 6> <RAM>
ST_4 : Operation 109 [1/2] (0.69ns)   --->   "%B_1_load_5 = load i3 %B_1_addr_5"   --->   Operation 109 'load' 'B_1_load_5' <Predicate = true> <Delay = 0.69> <CoreInst = "RAM">   --->   Core 82 'RAM' <Latency = 1> <II = 1> <Delay = 0.69> <Storage> <Opcode : 'load' 'store'> <Ports = 2> <Width = 32> <Depth = 6> <RAM>
ST_4 : Operation 110 [1/2] (0.69ns)   --->   "%B_2_load_5 = load i3 %B_2_addr_5"   --->   Operation 110 'load' 'B_2_load_5' <Predicate = true> <Delay = 0.69> <CoreInst = "RAM">   --->   Core 82 'RAM' <Latency = 1> <II = 1> <Delay = 0.69> <Storage> <Opcode : 'load' 'store'> <Ports = 2> <Width = 32> <Depth = 6> <RAM>
ST_4 : Operation 111 [1/2] (0.69ns)   --->   "%B_3_load_5 = load i3 %B_3_addr_5"   --->   Operation 111 'load' 'B_3_load_5' <Predicate = true> <Delay = 0.69> <CoreInst = "RAM">   --->   Core 82 'RAM' <Latency = 1> <II = 1> <Delay = 0.69> <Storage> <Opcode : 'load' 'store'> <Ports = 2> <Width = 32> <Depth = 6> <RAM>
ST_4 : Operation 112 [1/2] (0.69ns)   --->   "%B_4_load_5 = load i3 %B_4_addr_5"   --->   Operation 112 'load' 'B_4_load_5' <Predicate = true> <Delay = 0.69> <CoreInst = "RAM">   --->   Core 82 'RAM' <Latency = 1> <II = 1> <Delay = 0.69> <Storage> <Opcode : 'load' 'store'> <Ports = 2> <Width = 32> <Depth = 6> <RAM>
ST_4 : Operation 113 [1/2] (0.69ns)   --->   "%B_5_load_5 = load i3 %B_5_addr_5"   --->   Operation 113 'load' 'B_5_load_5' <Predicate = true> <Delay = 0.69> <CoreInst = "RAM">   --->   Core 82 'RAM' <Latency = 1> <II = 1> <Delay = 0.69> <Storage> <Opcode : 'load' 'store'> <Ports = 2> <Width = 32> <Depth = 6> <RAM>
ST_4 : Operation 114 [2/2] (0.00ns)   --->   "%call_ln0 = call void @matrix_mult_partition_one_dim_Pipeline_VITIS_LOOP_62_1, i32 %C, i32 %A_0, i32 %A_1, i32 %A_2, i32 %A_3, i32 %A_4, i32 %A_5, i32 %B_2_load, i32 %B_0_load, i32 %B_4_load, i32 %B_3_load, i32 %B_5_load, i32 %B_1_load, i32 %B_2_load_1, i32 %B_0_load_1, i32 %B_4_load_1, i32 %B_3_load_1, i32 %B_5_load_1, i32 %B_1_load_1, i32 %B_2_load_2, i32 %B_0_load_2, i32 %B_4_load_2, i32 %B_3_load_2, i32 %B_5_load_2, i32 %B_1_load_2, i32 %B_2_load_3, i32 %B_0_load_3, i32 %B_4_load_3, i32 %B_3_load_3, i32 %B_5_load_3, i32 %B_1_load_3, i32 %B_2_load_4, i32 %B_0_load_4, i32 %B_4_load_4, i32 %B_3_load_4, i32 %B_5_load_4, i32 %B_1_load_4, i32 %B_2_load_5, i32 %B_0_load_5, i32 %B_4_load_5, i32 %B_3_load_5, i32 %B_5_load_5, i32 %B_1_load_5"   --->   Operation 114 'call' 'call_ln0' <Predicate = true> <Delay = 0.00> <CoreType = "Generic">   --->   Core 0 '' <Latency = 0> <II = 1> <Delay = 1.00> <Generic> <Opcode : >

State 5 <SV = 4> <Delay = 0.00>
ST_5 : Operation 115 [1/1] (0.00ns)   --->   "%spectopmodule_ln50 = spectopmodule void @_ssdm_op_SpecTopModule, void @empty_1" [hw3_kernels.cpp:50]   --->   Operation 115 'spectopmodule' 'spectopmodule_ln50' <Predicate = true> <Delay = 0.00>
ST_5 : Operation 116 [1/1] (0.00ns)   --->   "%specinterface_ln0 = specinterface void @_ssdm_op_SpecInterface, i32 %A_0, void @empty, i32 0, i32 0, void @empty_0, i32 4294967295, i32 0, void @empty_0, void @empty_0, void @empty_0, i32 0, i32 0, i32 0, i32 0, void @empty_0, void @empty_0, i32 4294967295, i32 0, i32 0"   --->   Operation 116 'specinterface' 'specinterface_ln0' <Predicate = true> <Delay = 0.00>
ST_5 : Operation 117 [1/1] (0.00ns)   --->   "%specbitsmap_ln0 = specbitsmap void @_ssdm_op_SpecBitsMap, i32 %A_0"   --->   Operation 117 'specbitsmap' 'specbitsmap_ln0' <Predicate = true> <Delay = 0.00>
ST_5 : Operation 118 [1/1] (0.00ns)   --->   "%specinterface_ln0 = specinterface void @_ssdm_op_SpecInterface, i32 %A_1, void @empty, i32 0, i32 0, void @empty_0, i32 4294967295, i32 0, void @empty_0, void @empty_0, void @empty_0, i32 0, i32 0, i32 0, i32 0, void @empty_0, void @empty_0, i32 4294967295, i32 0, i32 0"   --->   Operation 118 'specinterface' 'specinterface_ln0' <Predicate = true> <Delay = 0.00>
ST_5 : Operation 119 [1/1] (0.00ns)   --->   "%specbitsmap_ln0 = specbitsmap void @_ssdm_op_SpecBitsMap, i32 %A_1"   --->   Operation 119 'specbitsmap' 'specbitsmap_ln0' <Predicate = true> <Delay = 0.00>
ST_5 : Operation 120 [1/1] (0.00ns)   --->   "%specinterface_ln0 = specinterface void @_ssdm_op_SpecInterface, i32 %A_2, void @empty, i32 0, i32 0, void @empty_0, i32 4294967295, i32 0, void @empty_0, void @empty_0, void @empty_0, i32 0, i32 0, i32 0, i32 0, void @empty_0, void @empty_0, i32 4294967295, i32 0, i32 0"   --->   Operation 120 'specinterface' 'specinterface_ln0' <Predicate = true> <Delay = 0.00>
ST_5 : Operation 121 [1/1] (0.00ns)   --->   "%specbitsmap_ln0 = specbitsmap void @_ssdm_op_SpecBitsMap, i32 %A_2"   --->   Operation 121 'specbitsmap' 'specbitsmap_ln0' <Predicate = true> <Delay = 0.00>
ST_5 : Operation 122 [1/1] (0.00ns)   --->   "%specinterface_ln0 = specinterface void @_ssdm_op_SpecInterface, i32 %A_3, void @empty, i32 0, i32 0, void @empty_0, i32 4294967295, i32 0, void @empty_0, void @empty_0, void @empty_0, i32 0, i32 0, i32 0, i32 0, void @empty_0, void @empty_0, i32 4294967295, i32 0, i32 0"   --->   Operation 122 'specinterface' 'specinterface_ln0' <Predicate = true> <Delay = 0.00>
ST_5 : Operation 123 [1/1] (0.00ns)   --->   "%specbitsmap_ln0 = specbitsmap void @_ssdm_op_SpecBitsMap, i32 %A_3"   --->   Operation 123 'specbitsmap' 'specbitsmap_ln0' <Predicate = true> <Delay = 0.00>
ST_5 : Operation 124 [1/1] (0.00ns)   --->   "%specinterface_ln0 = specinterface void @_ssdm_op_SpecInterface, i32 %A_4, void @empty, i32 0, i32 0, void @empty_0, i32 4294967295, i32 0, void @empty_0, void @empty_0, void @empty_0, i32 0, i32 0, i32 0, i32 0, void @empty_0, void @empty_0, i32 4294967295, i32 0, i32 0"   --->   Operation 124 'specinterface' 'specinterface_ln0' <Predicate = true> <Delay = 0.00>
ST_5 : Operation 125 [1/1] (0.00ns)   --->   "%specbitsmap_ln0 = specbitsmap void @_ssdm_op_SpecBitsMap, i32 %A_4"   --->   Operation 125 'specbitsmap' 'specbitsmap_ln0' <Predicate = true> <Delay = 0.00>
ST_5 : Operation 126 [1/1] (0.00ns)   --->   "%specinterface_ln0 = specinterface void @_ssdm_op_SpecInterface, i32 %A_5, void @empty, i32 0, i32 0, void @empty_0, i32 4294967295, i32 0, void @empty_0, void @empty_0, void @empty_0, i32 0, i32 0, i32 0, i32 0, void @empty_0, void @empty_0, i32 4294967295, i32 0, i32 0"   --->   Operation 126 'specinterface' 'specinterface_ln0' <Predicate = true> <Delay = 0.00>
ST_5 : Operation 127 [1/1] (0.00ns)   --->   "%specbitsmap_ln0 = specbitsmap void @_ssdm_op_SpecBitsMap, i32 %A_5"   --->   Operation 127 'specbitsmap' 'specbitsmap_ln0' <Predicate = true> <Delay = 0.00>
ST_5 : Operation 128 [1/1] (0.00ns)   --->   "%specinterface_ln0 = specinterface void @_ssdm_op_SpecInterface, i32 %B_0, void @empty, i32 0, i32 0, void @empty_0, i32 4294967295, i32 0, void @empty_0, void @empty_0, void @empty_0, i32 0, i32 0, i32 0, i32 0, void @empty_0, void @empty_0, i32 4294967295, i32 0, i32 0"   --->   Operation 128 'specinterface' 'specinterface_ln0' <Predicate = true> <Delay = 0.00>
ST_5 : Operation 129 [1/1] (0.00ns)   --->   "%specbitsmap_ln0 = specbitsmap void @_ssdm_op_SpecBitsMap, i32 %B_0"   --->   Operation 129 'specbitsmap' 'specbitsmap_ln0' <Predicate = true> <Delay = 0.00>
ST_5 : Operation 130 [1/1] (0.00ns)   --->   "%specinterface_ln0 = specinterface void @_ssdm_op_SpecInterface, i32 %B_1, void @empty, i32 0, i32 0, void @empty_0, i32 4294967295, i32 0, void @empty_0, void @empty_0, void @empty_0, i32 0, i32 0, i32 0, i32 0, void @empty_0, void @empty_0, i32 4294967295, i32 0, i32 0"   --->   Operation 130 'specinterface' 'specinterface_ln0' <Predicate = true> <Delay = 0.00>
ST_5 : Operation 131 [1/1] (0.00ns)   --->   "%specbitsmap_ln0 = specbitsmap void @_ssdm_op_SpecBitsMap, i32 %B_1"   --->   Operation 131 'specbitsmap' 'specbitsmap_ln0' <Predicate = true> <Delay = 0.00>
ST_5 : Operation 132 [1/1] (0.00ns)   --->   "%specinterface_ln0 = specinterface void @_ssdm_op_SpecInterface, i32 %B_2, void @empty, i32 0, i32 0, void @empty_0, i32 4294967295, i32 0, void @empty_0, void @empty_0, void @empty_0, i32 0, i32 0, i32 0, i32 0, void @empty_0, void @empty_0, i32 4294967295, i32 0, i32 0"   --->   Operation 132 'specinterface' 'specinterface_ln0' <Predicate = true> <Delay = 0.00>
ST_5 : Operation 133 [1/1] (0.00ns)   --->   "%specbitsmap_ln0 = specbitsmap void @_ssdm_op_SpecBitsMap, i32 %B_2"   --->   Operation 133 'specbitsmap' 'specbitsmap_ln0' <Predicate = true> <Delay = 0.00>
ST_5 : Operation 134 [1/1] (0.00ns)   --->   "%specinterface_ln0 = specinterface void @_ssdm_op_SpecInterface, i32 %B_3, void @empty, i32 0, i32 0, void @empty_0, i32 4294967295, i32 0, void @empty_0, void @empty_0, void @empty_0, i32 0, i32 0, i32 0, i32 0, void @empty_0, void @empty_0, i32 4294967295, i32 0, i32 0"   --->   Operation 134 'specinterface' 'specinterface_ln0' <Predicate = true> <Delay = 0.00>
ST_5 : Operation 135 [1/1] (0.00ns)   --->   "%specbitsmap_ln0 = specbitsmap void @_ssdm_op_SpecBitsMap, i32 %B_3"   --->   Operation 135 'specbitsmap' 'specbitsmap_ln0' <Predicate = true> <Delay = 0.00>
ST_5 : Operation 136 [1/1] (0.00ns)   --->   "%specinterface_ln0 = specinterface void @_ssdm_op_SpecInterface, i32 %B_4, void @empty, i32 0, i32 0, void @empty_0, i32 4294967295, i32 0, void @empty_0, void @empty_0, void @empty_0, i32 0, i32 0, i32 0, i32 0, void @empty_0, void @empty_0, i32 4294967295, i32 0, i32 0"   --->   Operation 136 'specinterface' 'specinterface_ln0' <Predicate = true> <Delay = 0.00>
ST_5 : Operation 137 [1/1] (0.00ns)   --->   "%specbitsmap_ln0 = specbitsmap void @_ssdm_op_SpecBitsMap, i32 %B_4"   --->   Operation 137 'specbitsmap' 'specbitsmap_ln0' <Predicate = true> <Delay = 0.00>
ST_5 : Operation 138 [1/1] (0.00ns)   --->   "%specinterface_ln0 = specinterface void @_ssdm_op_SpecInterface, i32 %B_5, void @empty, i32 0, i32 0, void @empty_0, i32 4294967295, i32 0, void @empty_0, void @empty_0, void @empty_0, i32 0, i32 0, i32 0, i32 0, void @empty_0, void @empty_0, i32 4294967295, i32 0, i32 0"   --->   Operation 138 'specinterface' 'specinterface_ln0' <Predicate = true> <Delay = 0.00>
ST_5 : Operation 139 [1/1] (0.00ns)   --->   "%specbitsmap_ln0 = specbitsmap void @_ssdm_op_SpecBitsMap, i32 %B_5"   --->   Operation 139 'specbitsmap' 'specbitsmap_ln0' <Predicate = true> <Delay = 0.00>
ST_5 : Operation 140 [1/1] (0.00ns)   --->   "%specinterface_ln0 = specinterface void @_ssdm_op_SpecInterface, i32 %C, void @empty, i32 0, i32 0, void @empty_0, i32 4294967295, i32 0, void @empty_0, void @empty_0, void @empty_0, i32 0, i32 0, i32 0, i32 0, void @empty_0, void @empty_0, i32 4294967295, i32 0, i32 0"   --->   Operation 140 'specinterface' 'specinterface_ln0' <Predicate = true> <Delay = 0.00>
ST_5 : Operation 141 [1/1] (0.00ns)   --->   "%specbitsmap_ln0 = specbitsmap void @_ssdm_op_SpecBitsMap, i32 %C"   --->   Operation 141 'specbitsmap' 'specbitsmap_ln0' <Predicate = true> <Delay = 0.00>
ST_5 : Operation 142 [1/2] (0.00ns)   --->   "%call_ln0 = call void @matrix_mult_partition_one_dim_Pipeline_VITIS_LOOP_62_1, i32 %C, i32 %A_0, i32 %A_1, i32 %A_2, i32 %A_3, i32 %A_4, i32 %A_5, i32 %B_2_load, i32 %B_0_load, i32 %B_4_load, i32 %B_3_load, i32 %B_5_load, i32 %B_1_load, i32 %B_2_load_1, i32 %B_0_load_1, i32 %B_4_load_1, i32 %B_3_load_1, i32 %B_5_load_1, i32 %B_1_load_1, i32 %B_2_load_2, i32 %B_0_load_2, i32 %B_4_load_2, i32 %B_3_load_2, i32 %B_5_load_2, i32 %B_1_load_2, i32 %B_2_load_3, i32 %B_0_load_3, i32 %B_4_load_3, i32 %B_3_load_3, i32 %B_5_load_3, i32 %B_1_load_3, i32 %B_2_load_4, i32 %B_0_load_4, i32 %B_4_load_4, i32 %B_3_load_4, i32 %B_5_load_4, i32 %B_1_load_4, i32 %B_2_load_5, i32 %B_0_load_5, i32 %B_4_load_5, i32 %B_3_load_5, i32 %B_5_load_5, i32 %B_1_load_5"   --->   Operation 142 'call' 'call_ln0' <Predicate = true> <Delay = 0.00> <CoreType = "Generic">   --->   Core 0 '' <Latency = 0> <II = 1> <Delay = 1.00> <Generic> <Opcode : >
ST_5 : Operation 143 [1/1] (0.00ns)   --->   "%ret_ln74 = ret" [hw3_kernels.cpp:74]   --->   Operation 143 'ret' 'ret_ln74' <Predicate = true> <Delay = 0.00>


============================================================
+ Verbose Summary: Timing violations
============================================================
Target clock period: 25.000ns, clock uncertainty: 6.750ns.

 <State 1>: 0.699ns
The critical path consists of the following:
	'getelementptr' operation 3 bit ('B_0_addr') [41]  (0.000 ns)
	'load' operation 32 bit ('B_0_load') on array 'B_0' [42]  (0.699 ns)

 <State 2>: 0.699ns
The critical path consists of the following:
	'load' operation 32 bit ('B_0_load') on array 'B_0' [42]  (0.699 ns)

 <State 3>: 0.699ns
The critical path consists of the following:
	'load' operation 32 bit ('B_0_load_2') on array 'B_0' [66]  (0.699 ns)

 <State 4>: 0.699ns
The critical path consists of the following:
	'load' operation 32 bit ('B_0_load_4') on array 'B_0' [90]  (0.699 ns)

 <State 5>: 0.000ns
The critical path consists of the following:


============================================================
+ Verbose Summary: Binding
============================================================
N/A
* FSMD analyzer results:
  - Output states:
 - Input state : 
  - Chain level:
	State 1
	State 2
	State 3
	State 4
	State 5


============================================================
+ Verbose Summary: Datapath Resource usage 
============================================================
N/A
