

================================================================
== Synthesis Summary Report of 'matrix_mult_partition_one_dim'
================================================================
+ General Information: 
    * Date:           Sun May  3 14:48:25 2026
    * Version:        2024.1 (Build 5069499 on May 21 2024)
    * Project:        hw3_matrix_mult_partition_one_dim
    * Solution:       solution1 (Vivado IP Flow Target)
    * Product family: virtexuplus
    * Target device:  xcvu13p-fsga2577-2-e
    

+ Performance & Resource Estimates: 
    
    PS: '+' for module; 'o' for loop; '*' for dataflow
    +-----------------------------------------------------------+------+-------+---------+---------+----------+---------+------+----------+------+----------+------------+------------+-----+
    |                          Modules                          | Issue|       | Latency | Latency | Iteration|         | Trip |          |      |          |            |            |     |
    |                          & Loops                          | Type | Slack | (cycles)|   (ns)  |  Latency | Interval| Count| Pipelined| BRAM |    DSP   |     FF     |     LUT    | URAM|
    +-----------------------------------------------------------+------+-------+---------+---------+----------+---------+------+----------+------+----------+------------+------------+-----+
    |+ matrix_mult_partition_one_dim                            |     -|  12.07|       24|  600.000|         -|       25|     -|        no|     -|  36 (~0%)|  1369 (~0%)|  1472 (~0%)|    -|
    | + matrix_mult_partition_one_dim_Pipeline_VITIS_LOOP_62_1  |     -|  12.07|       20|  500.000|         -|       20|     -|        no|     -|  36 (~0%)|   211 (~0%)|  1201 (~0%)|    -|
    |  o VITIS_LOOP_62_1                                        |    II|  18.25|       18|  450.000|         4|        3|     6|       yes|     -|         -|           -|           -|    -|
    +-----------------------------------------------------------+------+-------+---------+---------+----------+---------+------+----------+------+----------+------------+------------+-----+


================================================================
== HW Interfaces
================================================================
* BRAM
+-----------+------------+---------------+
| Interface | Data Width | Address Width |
+-----------+------------+---------------+
| A_0_PORTA | 32         | 32            |
| A_1_PORTA | 32         | 32            |
| A_2_PORTA | 32         | 32            |
| A_3_PORTA | 32         | 32            |
| A_4_PORTA | 32         | 32            |
| A_5_PORTA | 32         | 32            |
| B_0_PORTA | 32         | 32            |
| B_0_PORTB | 32         | 32            |
| B_1_PORTA | 32         | 32            |
| B_1_PORTB | 32         | 32            |
| B_2_PORTA | 32         | 32            |
| B_2_PORTB | 32         | 32            |
| B_3_PORTA | 32         | 32            |
| B_3_PORTB | 32         | 32            |
| B_4_PORTA | 32         | 32            |
| B_4_PORTB | 32         | 32            |
| B_5_PORTA | 32         | 32            |
| B_5_PORTB | 32         | 32            |
| C_PORTA   | 32         | 32            |
| C_PORTB   | 32         | 32            |
+-----------+------------+---------------+

* TOP LEVEL CONTROL
+-----------+------------+-----------------------------------+
| Interface | Type       | Ports                             |
+-----------+------------+-----------------------------------+
| ap_clk    | clock      | ap_clk                            |
| ap_rst    | reset      | ap_rst                            |
| ap_ctrl   | ap_ctrl_hs | ap_done ap_idle ap_ready ap_start |
+-----------+------------+-----------------------------------+


================================================================
== SW I/O Information
================================================================
* Top Function Arguments
+----------+-----------+----------+
| Argument | Direction | Datatype |
+----------+-----------+----------+
| A        | in        | int*     |
| B        | in        | int*     |
| C        | out       | int*     |
+----------+-----------+----------+

* SW-to-HW Mapping
+----------+--------------+-----------+
| Argument | HW Interface | HW Type   |
+----------+--------------+-----------+
| A        | A_0_PORTA    | interface |
| A        | A_1_PORTA    | interface |
| A        | A_2_PORTA    | interface |
| A        | A_3_PORTA    | interface |
| A        | A_4_PORTA    | interface |
| A        | A_5_PORTA    | interface |
| B        | B_0_PORTA    | interface |
| B        | B_0_PORTB    | interface |
| B        | B_1_PORTA    | interface |
| B        | B_1_PORTB    | interface |
| B        | B_2_PORTA    | interface |
| B        | B_2_PORTB    | interface |
| B        | B_3_PORTA    | interface |
| B        | B_3_PORTB    | interface |
| B        | B_4_PORTA    | interface |
| B        | B_4_PORTB    | interface |
| B        | B_5_PORTA    | interface |
| B        | B_5_PORTB    | interface |
| C        | C_PORTA      | interface |
| C        | C_PORTB      | interface |
+----------+--------------+-----------+


================================================================
== Bind Op Report
================================================================
+-----------------------------------------------------------+-----+--------+-------------+-------+--------+---------+
| Name                                                      | DSP | Pragma | Variable    | Op    | Impl   | Latency |
+-----------------------------------------------------------+-----+--------+-------------+-------+--------+---------+
| + matrix_mult_partition_one_dim                           | 36  |        |             |       |        |         |
|  + matrix_mult_partition_one_dim_Pipeline_VITIS_LOOP_62_1 | 36  |        |             |       |        |         |
|    sub_ln71_fu_670_p2                                     |     |        | sub_ln71    | sub   | fabric | 0       |
|    add_ln71_fu_704_p2                                     |     |        | add_ln71    | add   | fabric | 0       |
|    add_ln71_1_fu_714_p2                                   |     |        | add_ln71_1  | add   | fabric | 0       |
|    add_ln71_2_fu_724_p2                                   |     |        | add_ln71_2  | add   | fabric | 0       |
|    add_ln71_3_fu_734_p2                                   |     |        | add_ln71_3  | add   | fabric | 0       |
|    mul_32s_32s_32_1_1_U1                                  | 3   |        | mul_ln68    | mul   | auto   | 0       |
|    mul_32s_32s_32_1_1_U2                                  | 3   |        | mul_ln68_1  | mul   | auto   | 0       |
|    mul_32s_32s_32_1_1_U3                                  | 3   |        | mul_ln68_2  | mul   | auto   | 0       |
|    mul_32s_32s_32_1_1_U4                                  | 3   |        | mul_ln68_3  | mul   | auto   | 0       |
|    mul_32s_32s_32_1_1_U5                                  | 3   |        | mul_ln68_4  | mul   | auto   | 0       |
|    mul_32s_32s_32_1_1_U6                                  | 3   |        | mul_ln68_5  | mul   | auto   | 0       |
|    grp_fu_555_p2                                          |     |        | add_ln68    | add   | fabric | 0       |
|    mul_32s_32s_32_1_1_U7                                  | 3   |        | mul_ln68_6  | mul   | auto   | 0       |
|    mul_32s_32s_32_1_1_U8                                  | 3   |        | mul_ln68_7  | mul   | auto   | 0       |
|    mul_32s_32s_32_1_1_U9                                  | 3   |        | mul_ln68_8  | mul   | auto   | 0       |
|    mul_32s_32s_32_1_1_U10                                 | 3   |        | mul_ln68_9  | mul   | auto   | 0       |
|    mul_32s_32s_32_1_1_U11                                 | 3   |        | mul_ln68_10 | mul   | auto   | 0       |
|    mul_32s_32s_32_1_1_U12                                 | 3   |        | mul_ln68_11 | mul   | auto   | 0       |
|    grp_fu_586_p2                                          |     |        | add_ln68_5  | add   | fabric | 0       |
|    mul_32s_32s_32_1_1_U1                                  | 3   |        | mul_ln68_12 | mul   | auto   | 0       |
|    mul_32s_32s_32_1_1_U2                                  | 3   |        | mul_ln68_13 | mul   | auto   | 0       |
|    mul_32s_32s_32_1_1_U3                                  | 3   |        | mul_ln68_14 | mul   | auto   | 0       |
|    mul_32s_32s_32_1_1_U4                                  | 3   |        | mul_ln68_15 | mul   | auto   | 0       |
|    mul_32s_32s_32_1_1_U5                                  | 3   |        | mul_ln68_16 | mul   | auto   | 0       |
|    mul_32s_32s_32_1_1_U6                                  | 3   |        | mul_ln68_17 | mul   | auto   | 0       |
|    grp_fu_555_p2                                          |     |        | add_ln68_10 | add   | fabric | 0       |
|    mul_32s_32s_32_1_1_U7                                  | 3   |        | mul_ln68_18 | mul   | auto   | 0       |
|    mul_32s_32s_32_1_1_U8                                  | 3   |        | mul_ln68_19 | mul   | auto   | 0       |
|    mul_32s_32s_32_1_1_U9                                  | 3   |        | mul_ln68_20 | mul   | auto   | 0       |
|    mul_32s_32s_32_1_1_U10                                 | 3   |        | mul_ln68_21 | mul   | auto   | 0       |
|    mul_32s_32s_32_1_1_U11                                 | 3   |        | mul_ln68_22 | mul   | auto   | 0       |
|    mul_32s_32s_32_1_1_U12                                 | 3   |        | mul_ln68_23 | mul   | auto   | 0       |
|    grp_fu_586_p2                                          |     |        | add_ln68_15 | add   | fabric | 0       |
|    mul_32s_32s_32_1_1_U1                                  | 3   |        | mul_ln68_24 | mul   | auto   | 0       |
|    mul_32s_32s_32_1_1_U2                                  | 3   |        | mul_ln68_25 | mul   | auto   | 0       |
|    mul_32s_32s_32_1_1_U3                                  | 3   |        | mul_ln68_26 | mul   | auto   | 0       |
|    mul_32s_32s_32_1_1_U4                                  | 3   |        | mul_ln68_27 | mul   | auto   | 0       |
|    mul_32s_32s_32_1_1_U5                                  | 3   |        | mul_ln68_28 | mul   | auto   | 0       |
|    mul_32s_32s_32_1_1_U6                                  | 3   |        | mul_ln68_29 | mul   | auto   | 0       |
|    grp_fu_555_p2                                          |     |        | add_ln68_20 | add   | fabric | 0       |
|    mul_32s_32s_32_1_1_U7                                  | 3   |        | mul_ln68_30 | mul   | auto   | 0       |
|    mul_32s_32s_32_1_1_U8                                  | 3   |        | mul_ln68_31 | mul   | auto   | 0       |
|    mul_32s_32s_32_1_1_U9                                  | 3   |        | mul_ln68_32 | mul   | auto   | 0       |
|    mul_32s_32s_32_1_1_U10                                 | 3   |        | mul_ln68_33 | mul   | auto   | 0       |
|    mul_32s_32s_32_1_1_U11                                 | 3   |        | mul_ln68_34 | mul   | auto   | 0       |
|    mul_32s_32s_32_1_1_U12                                 | 3   |        | mul_ln68_35 | mul   | auto   | 0       |
|    grp_fu_586_p2                                          |     |        | add_ln68_25 | add   | fabric | 0       |
|    i_fu_635_p2                                            |     |        | i           | add   | fabric | 0       |
|    icmp_ln62_fu_641_p2                                    |     |        | icmp_ln62   | seteq | auto   | 0       |
+-----------------------------------------------------------+-----+--------+-------------+-------+--------+---------+


================================================================
== Storage Report
================================================================
  No bind storage info in design

================================================================
== Pragma Report
================================================================
* Valid Pragma Syntax
+-----------------+---------------------------+----------------------------------------------------------+
| Type            | Options                   | Location                                                 |
+-----------------+---------------------------+----------------------------------------------------------+
| interface       | mode=bram port=a          | hw3_kernels.cpp:4 in vector_mult_bram, a                 |
| interface       | mode=bram port=b          | hw3_kernels.cpp:5 in vector_mult_bram, b                 |
| interface       | mode=bram port=c          | hw3_kernels.cpp:6 in vector_mult_bram, c                 |
| interface       | mode=bram port=a          | hw3_kernels.cpp:14 in vector_mult_partition, a           |
| interface       | mode=bram port=b          | hw3_kernels.cpp:15 in vector_mult_partition, b           |
| interface       | mode=bram port=c          | hw3_kernels.cpp:16 in vector_mult_partition, c           |
| array_partition | variable=a complete dim=1 | hw3_kernels.cpp:18 in vector_mult_partition, a           |
| array_partition | variable=b complete dim=1 | hw3_kernels.cpp:19 in vector_mult_partition, b           |
| array_partition | variable=c complete dim=1 | hw3_kernels.cpp:20 in vector_mult_partition, c           |
| unroll          |                           | hw3_kernels.cpp:23 in vector_mult_partition              |
| interface       | mode=bram port=A          | hw3_kernels.cpp:33 in matrix_mult_bram, A                |
| interface       | mode=bram port=B          | hw3_kernels.cpp:34 in matrix_mult_bram, B                |
| interface       | mode=bram port=C          | hw3_kernels.cpp:35 in matrix_mult_bram, C                |
| interface       | mode=bram port=A          | hw3_kernels.cpp:55 in matrix_mult_partition_one_dim, A   |
| interface       | mode=bram port=B          | hw3_kernels.cpp:56 in matrix_mult_partition_one_dim, B   |
| interface       | mode=bram port=C          | hw3_kernels.cpp:57 in matrix_mult_partition_one_dim, C   |
| array_partition | variable=A complete dim=2 | hw3_kernels.cpp:59 in matrix_mult_partition_one_dim, A   |
| array_partition | variable=B complete dim=1 | hw3_kernels.cpp:60 in matrix_mult_partition_one_dim, B   |
| unroll          |                           | hw3_kernels.cpp:67 in matrix_mult_partition_one_dim      |
| interface       | mode=bram port=A          | hw3_kernels.cpp:81 in matrix_mult_partition_both_dims, A |
| interface       | mode=bram port=B          | hw3_kernels.cpp:82 in matrix_mult_partition_both_dims, B |
| interface       | mode=bram port=C          | hw3_kernels.cpp:83 in matrix_mult_partition_both_dims, C |
| array_partition | variable=A complete dim=0 | hw3_kernels.cpp:85 in matrix_mult_partition_both_dims, A |
| array_partition | variable=B complete dim=0 | hw3_kernels.cpp:86 in matrix_mult_partition_both_dims, B |
| array_partition | variable=C complete dim=0 | hw3_kernels.cpp:87 in matrix_mult_partition_both_dims, C |
| unroll          |                           | hw3_kernels.cpp:94 in matrix_mult_partition_both_dims    |
+-----------------+---------------------------+----------------------------------------------------------+


