================================================================
== Design Size Report
================================================================

* Total Instructions per Compilation Phase
+---------------+-----------------------------+--------------+----------------------------------------------------------------------------------------+
| Phase         | Step                        | Instructions | Description                                                                            |
+---------------+-----------------------------+--------------+----------------------------------------------------------------------------------------+
| Compile/Link  |                             |  51          | After all functions are compiled and linked into a single design                       |
|               |                             |              |                                                                                        |
| Unroll/Inline |                             |              | After user unroll and inline pragmas are applied                                       |
|               | (1) unroll                  |  58          | user unroll pragmas are applied                                                        |
|               | (2) simplification          |  53          | simplification of applied user unroll pragmas                                          |
|               | (3) inline                  |  51          | user inline pragmas are applied                                                        |
|               | (4) simplification          |  51          | simplification of applied user inline pragmas                                          |
|               |                             |              |                                                                                        |
| Array/Struct  |                             |              | After user array partition and struct aggregate/disaggregate pragmas are applied       |
|               | (1) array partition         | 128          | user array partition pragmas are applied                                               |
|               | (2) simplification          |  62          | simplification of applied user array partition & struct aggregate/disaggregate pragmas |
|               | (3) aggregate/disaggregate  |  62          | user struct aggregate/disaggregate pragmas are applied                                 |
|               | (4) array reshape           |  62          | apply array reshape pragmas                                                            |
|               | (5) access patterns         |  62          | array access pattern optmizations                                                      |
|               |                             |              |                                                                                        |
| Performance   |                             |              | After transformations are applied to meet performance pragma targets                   |
|               | (1) loop simplification     |  62          | loop and instruction simplification                                                    |
|               | (2) parallelization         | 182          | loops are unrolled or pipelined to meet performance targets                            |
|               | (3) array partition         | 182          | arrays are partitioned to meet performance targets                                     |
|               | (4) simplification          | 182          | simplification of design after performance transformations                             |
|               |                             |              |                                                                                        |
| HW Transforms |                             |              | After hardware transfomations                                                          |
|               | (1) lowering                | 194          | initial conversion to HW specific instructions                                         |
|               | (2) optimizations           | 199          | high level synthesis optimizations                                                     |
+---------------+-----------------------------+--------------+----------------------------------------------------------------------------------------+

* Instructions per Function for each Compilation Phase
+-----------------------------------+--------------------+--------------+---------------+--------------+-------------+---------------+
| Function                          | Location           | Compile/Link | Unroll/Inline | Array/Struct | Performance | HW Transforms |
+-----------------------------------+--------------------+--------------+---------------+--------------+-------------+---------------+
|   matrix_mult_partition_one_di... | hw3_kernels.cpp:50 | 51           | 51            | 62           | 182         | 199           |
+-----------------------------------+--------------------+--------------+---------------+--------------+-------------+---------------+

* Design Size Message Settings
+---------------------------------------------+--------+------------------------------------------------------------------+
| Message Setting                             | Value  | Description                                                      |
+---------------------------------------------+--------+------------------------------------------------------------------+
| config_compile -design_size_maximum_warning | 100000 | Show a warning when total design instructions exceeds this value |
+---------------------------------------------+--------+------------------------------------------------------------------+


