

================================================================
== Vitis HLS Report for 'hw5_ex1_Pipeline_VITIS_LOOP_17_1'
================================================================
* Date:           Sat May  9 09:26:24 2026

* Version:        2024.1 (Build 5069499 on May 21 2024)
* Project:        hw5_ex1_proj
* Solution:       solution1 (Vivado IP Flow Target)
* Product family: virtexuplus
* Target device:  xcvu13p-fsga2577-2-e


================================================================
== Performance Estimates
================================================================
+ Timing: 
    * Summary: 
    +--------+----------+----------+------------+
    |  Clock |  Target  | Estimated| Uncertainty|
    +--------+----------+----------+------------+
    |ap_clk  |  25.00 ns|  1.481 ns|     6.75 ns|
    +--------+----------+----------+------------+

+ Latency: 
    * Summary: 
    +---------+---------+----------+----------+-----+-----+-----------------------------------------------+
    |  Latency (cycles) |  Latency (absolute) |  Interval |                    Pipeline                   |
    |   min   |   max   |    min   |    max   | min | max |                      Type                     |
    +---------+---------+----------+----------+-----+-----+-----------------------------------------------+
    |       32|       32|  0.800 us|  0.800 us|   31|   31|  loop auto-rewind stp(delay=0 clock cycles(s))|
    +---------+---------+----------+----------+-----+-----+-----------------------------------------------+

    + Detail: 
        * Instance: 
        N/A

        * Loop: 
        +-------------------+---------+---------+----------+-----------+-----------+------+----------+
        |                   |  Latency (cycles) | Iteration|  Initiation Interval  | Trip |          |
        |     Loop Name     |   min   |   max   |  Latency |  achieved |   target  | Count| Pipelined|
        +-------------------+---------+---------+----------+-----------+-----------+------+----------+
        |- VITIS_LOOP_17_1  |       30|       30|         2|          1|          1|    30|       yes|
        +-------------------+---------+---------+----------+-----------+-----------+------+----------+

============================================================
+ Verbose Summary: Synthesis Manager
============================================================
InlineROM: 1
ExposeGlobal: 0
============================================================
+ Verbose Summary: CDFG Model
============================================================
IsTopModel: 0
ResetActiveHigh: 1
IsCombinational: 0
IsDatapathOnly: 0
HasWiredReturn: 1
HasMFsm: 2
HasVarLatency: 1
IsPipeline: 0
IsRtlPipelined: 0
IsInstanceOverlapped: 0
IsDontTouch: 0
HasImplIP: 0
IsGatedGlobalClock: 0

+ Individual pipeline summary: 
  * Pipeline-0: initiation interval (II) = 1, depth = 2


============================================================
+ Verbose Summary: Schedule
============================================================
* Number of FSM states : 2
* Pipeline : 1
  Pipeline-0 : II = 1, D = 2, States = { 1 2 }
* Dataflow Pipeline: 0

* FSM state transitions: 
1 --> 2 
2 --> 

* FSM state operations: 

State 1 <SV = 0> <Delay = 1.48>
ST_1 : Operation 5 [1/1] (0.00ns)   --->   "%i = alloca i32 1" [hw5_ex1.cpp:17->hw5_ex1.cpp:30]   --->   Operation 5 'alloca' 'i' <Predicate = true> <Delay = 0.00>
ST_1 : Operation 6 [1/1] (0.00ns)   --->   "%specinterface_ln0 = specinterface void @_ssdm_op_SpecInterface, i32 %B, void @empty, i32 0, i32 0, void @empty_0, i32 4294967295, i32 0, void @empty_0, void @empty_0, void @empty_0, i32 0, i32 0, i32 0, i32 0, void @empty_0, void @empty_0, i32 4294967295, i32 0, i32 0"   --->   Operation 6 'specinterface' 'specinterface_ln0' <Predicate = true> <Delay = 0.00>
ST_1 : Operation 7 [1/1] (0.38ns)   --->   "%store_ln17 = store i5 0, i5 %i" [hw5_ex1.cpp:17->hw5_ex1.cpp:30]   --->   Operation 7 'store' 'store_ln17' <Predicate = true> <Delay = 0.38>
ST_1 : Operation 8 [1/1] (0.00ns)   --->   "%br_ln0 = br void %for.inc.i13"   --->   Operation 8 'br' 'br_ln0' <Predicate = true> <Delay = 0.00>
ST_1 : Operation 9 [1/1] (0.00ns)   --->   "%i_4 = load i5 %i" [hw5_ex1.cpp:17->hw5_ex1.cpp:30]   --->   Operation 9 'load' 'i_4' <Predicate = true> <Delay = 0.00>
ST_1 : Operation 10 [1/1] (0.70ns)   --->   "%icmp_ln17 = icmp_eq  i5 %i_4, i5 30" [hw5_ex1.cpp:17->hw5_ex1.cpp:30]   --->   Operation 10 'icmp' 'icmp_ln17' <Predicate = true> <Delay = 0.70> <CoreInst = "Cmp">   --->   Core 9 'Cmp' <Latency = 0> <II = 1> <Delay = 0.70> <FuncUnit> <Opcode : 'seteq' 'setne' 'setle' 'setge' 'setlt' 'setgt'> <InPorts = 2> <OutPorts = 1>
ST_1 : Operation 11 [1/1] (0.70ns)   --->   "%add_ln17 = add i5 %i_4, i5 1" [hw5_ex1.cpp:17->hw5_ex1.cpp:30]   --->   Operation 11 'add' 'add_ln17' <Predicate = true> <Delay = 0.70> <CoreInst = "Adder">   --->   Core 1 'Adder' <Latency = 0> <II = 1> <Delay = 0.70> <FuncUnit> <Opcode : 'add' 'sub'> <InPorts = 2> <OutPorts = 1>
ST_1 : Operation 12 [1/1] (0.00ns)   --->   "%br_ln17 = br i1 %icmp_ln17, void %for.inc.i13.split, void %_Z10write_dataPiS_.exit.exitStub" [hw5_ex1.cpp:17->hw5_ex1.cpp:30]   --->   Operation 12 'br' 'br_ln17' <Predicate = true> <Delay = 0.00>
ST_1 : Operation 13 [1/1] (0.00ns)   --->   "%zext_ln17 = zext i5 %i_4" [hw5_ex1.cpp:17->hw5_ex1.cpp:30]   --->   Operation 13 'zext' 'zext_ln17' <Predicate = (!icmp_ln17)> <Delay = 0.00>
ST_1 : Operation 14 [1/1] (0.00ns)   --->   "%temp2_addr = getelementptr i31 %temp2, i64 0, i64 %zext_ln17" [hw5_ex1.cpp:18->hw5_ex1.cpp:30]   --->   Operation 14 'getelementptr' 'temp2_addr' <Predicate = (!icmp_ln17)> <Delay = 0.00>
ST_1 : Operation 15 [2/2] (0.69ns)   --->   "%temp2_load = load i5 %temp2_addr" [hw5_ex1.cpp:18->hw5_ex1.cpp:30]   --->   Operation 15 'load' 'temp2_load' <Predicate = (!icmp_ln17)> <Delay = 0.69> <CoreInst = "RAM">   --->   Core 82 'RAM' <Latency = 1> <II = 1> <Delay = 0.69> <Storage> <Opcode : 'load' 'store'> <Ports = 2> <Width = 31> <Depth = 30> <RAM>
ST_1 : Operation 16 [1/1] (0.38ns)   --->   "%store_ln17 = store i5 %add_ln17, i5 %i" [hw5_ex1.cpp:17->hw5_ex1.cpp:30]   --->   Operation 16 'store' 'store_ln17' <Predicate = (!icmp_ln17)> <Delay = 0.38>
ST_1 : Operation 25 [1/1] (0.38ns)   --->   "%ret_ln0 = ret"   --->   Operation 25 'ret' 'ret_ln0' <Predicate = (icmp_ln17)> <Delay = 0.38>

State 2 <SV = 1> <Delay = 1.39>
ST_2 : Operation 17 [1/1] (0.00ns)   --->   "%specpipeline_ln17 = specpipeline void @_ssdm_op_SpecPipeline, i32 4294967295, i32 0, i32 0, i32 0, void @empty_0" [hw5_ex1.cpp:17->hw5_ex1.cpp:30]   --->   Operation 17 'specpipeline' 'specpipeline_ln17' <Predicate = true> <Delay = 0.00>
ST_2 : Operation 18 [1/1] (0.00ns)   --->   "%speclooptripcount_ln17 = speclooptripcount void @_ssdm_op_SpecLoopTripCount, i64 30, i64 30, i64 30" [hw5_ex1.cpp:17->hw5_ex1.cpp:30]   --->   Operation 18 'speclooptripcount' 'speclooptripcount_ln17' <Predicate = true> <Delay = 0.00>
ST_2 : Operation 19 [1/1] (0.00ns)   --->   "%specloopname_ln17 = specloopname void @_ssdm_op_SpecLoopName, void @empty_2" [hw5_ex1.cpp:17->hw5_ex1.cpp:30]   --->   Operation 19 'specloopname' 'specloopname_ln17' <Predicate = true> <Delay = 0.00>
ST_2 : Operation 20 [1/2] (0.69ns)   --->   "%temp2_load = load i5 %temp2_addr" [hw5_ex1.cpp:18->hw5_ex1.cpp:30]   --->   Operation 20 'load' 'temp2_load' <Predicate = true> <Delay = 0.69> <CoreInst = "RAM">   --->   Core 82 'RAM' <Latency = 1> <II = 1> <Delay = 0.69> <Storage> <Opcode : 'load' 'store'> <Ports = 2> <Width = 31> <Depth = 30> <RAM>
ST_2 : Operation 21 [1/1] (0.00ns)   --->   "%sext_ln18 = sext i31 %temp2_load" [hw5_ex1.cpp:18->hw5_ex1.cpp:30]   --->   Operation 21 'sext' 'sext_ln18' <Predicate = true> <Delay = 0.00>
ST_2 : Operation 22 [1/1] (0.00ns)   --->   "%B_addr = getelementptr i32 %B, i64 0, i64 %zext_ln17" [hw5_ex1.cpp:18->hw5_ex1.cpp:30]   --->   Operation 22 'getelementptr' 'B_addr' <Predicate = true> <Delay = 0.00>
ST_2 : Operation 23 [1/1] (0.69ns)   --->   "%store_ln18 = store i32 %sext_ln18, i5 %B_addr" [hw5_ex1.cpp:18->hw5_ex1.cpp:30]   --->   Operation 23 'store' 'store_ln18' <Predicate = true> <Delay = 0.69> <CoreInst = "RAM">   --->   Core 82 'RAM' <Latency = 1> <II = 1> <Delay = 0.69> <Storage> <Opcode : 'load' 'store'> <Ports = 2> <Width = 32> <Depth = 30> <RAM>
ST_2 : Operation 24 [1/1] (0.00ns)   --->   "%br_ln17 = br void %for.inc.i13" [hw5_ex1.cpp:17->hw5_ex1.cpp:30]   --->   Operation 24 'br' 'br_ln17' <Predicate = true> <Delay = 0.00>


============================================================
+ Verbose Summary: Timing violations
============================================================
Target clock period: 25.000ns, clock uncertainty: 6.750ns.

 <State 1>: 1.481ns
The critical path consists of the following:
	'store' operation 0 bit ('store_ln17', hw5_ex1.cpp:17->hw5_ex1.cpp:30) of constant 0 on local variable 'i', hw5_ex1.cpp:17->hw5_ex1.cpp:30 [5]  (0.387 ns)
	'load' operation 5 bit ('i', hw5_ex1.cpp:17->hw5_ex1.cpp:30) on local variable 'i', hw5_ex1.cpp:17->hw5_ex1.cpp:30 [8]  (0.000 ns)
	'icmp' operation 1 bit ('icmp_ln17', hw5_ex1.cpp:17->hw5_ex1.cpp:30) [9]  (0.707 ns)
	'store' operation 0 bit ('store_ln17', hw5_ex1.cpp:17->hw5_ex1.cpp:30) of variable 'add_ln17', hw5_ex1.cpp:17->hw5_ex1.cpp:30 on local variable 'i', hw5_ex1.cpp:17->hw5_ex1.cpp:30 [22]  (0.387 ns)

 <State 2>: 1.398ns
The critical path consists of the following:
	'load' operation 31 bit ('temp2_load', hw5_ex1.cpp:18->hw5_ex1.cpp:30) on array 'temp2' [18]  (0.699 ns)
	'store' operation 0 bit ('store_ln18', hw5_ex1.cpp:18->hw5_ex1.cpp:30) of variable 'sext_ln18', hw5_ex1.cpp:18->hw5_ex1.cpp:30 on array 'B' [21]  (0.699 ns)


============================================================
+ Verbose Summary: Binding
============================================================
N/A
* FSMD analyzer results:
  - Output states:
 - Input state : 
  - Chain level:
	State 1
	State 2


============================================================
+ Verbose Summary: Datapath Resource usage 
============================================================
N/A
