

================================================================
== Vitis HLS Report for 'hw5_ex1_Pipeline_VITIS_LOOP_5_1'
================================================================
* Date:           Sat May  9 09:26:24 2026

* Version:        2024.1 (Build 5069499 on May 21 2024)
* Project:        hw5_ex1_proj
* Solution:       solution1 (Vivado IP Flow Target)
* Product family: virtexuplus
* Target device:  xcvu13p-fsga2577-2-e


================================================================
== Performance Estimates
================================================================
+ Timing: 
    * Summary: 
    +--------+----------+----------+------------+
    |  Clock |  Target  | Estimated| Uncertainty|
    +--------+----------+----------+------------+
    |ap_clk  |  25.00 ns|  2.466 ns|     6.75 ns|
    +--------+----------+----------+------------+

+ Latency: 
    * Summary: 
    +---------+---------+----------+----------+-----+-----+-----------------------------------------------+
    |  Latency (cycles) |  Latency (absolute) |  Interval |                    Pipeline                   |
    |   min   |   max   |    min   |    max   | min | max |                      Type                     |
    +---------+---------+----------+----------+-----+-----+-----------------------------------------------+
    |       32|       32|  0.800 us|  0.800 us|   31|   31|  loop auto-rewind stp(delay=0 clock cycles(s))|
    +---------+---------+----------+----------+-----+-----+-----------------------------------------------+

    + Detail: 
        * Instance: 
        N/A

        * Loop: 
        +------------------+---------+---------+----------+-----------+-----------+------+----------+
        |                  |  Latency (cycles) | Iteration|  Initiation Interval  | Trip |          |
        |     Loop Name    |   min   |   max   |  Latency |  achieved |   target  | Count| Pipelined|
        +------------------+---------+---------+----------+-----------+-----------+------+----------+
        |- VITIS_LOOP_5_1  |       30|       30|         2|          1|          1|    30|       yes|
        +------------------+---------+---------+----------+-----------+-----------+------+----------+



================================================================
== Utilization Estimates
================================================================
* Summary: 
+---------------------+---------+-------+---------+---------+------+
|         Name        | BRAM_18K|  DSP  |    FF   |   LUT   | URAM |
+---------------------+---------+-------+---------+---------+------+
|DSP                  |        -|      -|        -|        -|     -|
|Expression           |        -|      -|        0|       73|     -|
|FIFO                 |        -|      -|        -|        -|     -|
|Instance             |        -|      -|        -|        -|     -|
|Memory               |        -|      -|        -|        -|     -|
|Multiplexer          |        -|      -|        0|       63|     -|
|Register             |        -|      -|       26|        -|     -|
+---------------------+---------+-------+---------+---------+------+
|Total                |        0|      0|       26|      136|     0|
+---------------------+---------+-------+---------+---------+------+
|Available SLR        |     1344|   3072|   864000|   432000|   320|
+---------------------+---------+-------+---------+---------+------+
|Utilization SLR (%)  |        0|      0|       ~0|       ~0|     0|
+---------------------+---------+-------+---------+---------+------+
|Available            |     5376|  12288|  3456000|  1728000|  1280|
+---------------------+---------+-------+---------+---------+------+
|Utilization (%)      |        0|      0|       ~0|       ~0|     0|
+---------------------+---------+-------+---------+---------+------+

+ Detail: 
    * Instance: 
    N/A

    * DSP: 
    N/A

    * Memory: 
    N/A

    * FIFO: 
    N/A

    * Expression: 
    +----------------------+----------+----+---+----+------------+------------+
    |     Variable Name    | Operation| DSP| FF| LUT| Bitwidth P0| Bitwidth P1|
    +----------------------+----------+----+---+----+------------+------------+
    |add_ln5_1_fu_196_p2   |         +|   0|  0|  18|          11|           6|
    |add_ln5_2_fu_163_p2   |         +|   0|  0|  12|           5|           1|
    |add_ln5_fu_148_p2     |         +|   0|  0|  12|           5|           1|
    |icmp_ln5_1_fu_169_p2  |      icmp|   0|  0|  12|           5|           2|
    |icmp_ln5_fu_142_p2    |      icmp|   0|  0|  12|           5|           3|
    |select_ln5_fu_175_p3  |    select|   0|  0|   5|           1|           5|
    |ap_enable_pp0         |       xor|   0|  0|   2|           1|           2|
    +----------------------+----------+----+---+----+------------+------------+
    |Total                 |          |   0|  0|  73|          33|          20|
    +----------------------+----------+----+---+----+------------+------------+

    * Multiplexer: 
    +--------------------------------+----+-----------+-----+-----------+
    |              Name              | LUT| Input Size| Bits| Total Bits|
    +--------------------------------+----+-----------+-----+-----------+
    |ap_done_int                     |   9|          2|    1|          2|
    |ap_enable_reg_pp0_iter1         |   9|          2|    1|          2|
    |ap_sig_allocacmp_i_1            |   9|          2|    5|         10|
    |ap_sig_allocacmp_phi_urem_load  |   9|          2|    5|         10|
    |i_fu_62                         |   9|          2|    5|         10|
    |phi_mul_fu_58                   |   9|          2|   11|         22|
    |phi_urem_fu_54                  |   9|          2|    5|         10|
    +--------------------------------+----+-----------+-----+-----------+
    |Total                           |  63|         14|   33|         66|
    +--------------------------------+----+-----------+-----+-----------+

    * Register: 
    +-------------------------+----+----+-----+-----------+
    |           Name          | FF | LUT| Bits| Const Bits|
    +-------------------------+----+----+-----+-----------+
    |ap_CS_fsm                |   1|   0|    1|          0|
    |ap_done_reg              |   1|   0|    1|          0|
    |ap_enable_reg_pp0_iter1  |   1|   0|    1|          0|
    |i_fu_62                  |   5|   0|    5|          0|
    |phi_mul_fu_58            |  11|   0|   11|          0|
    |phi_urem_fu_54           |   5|   0|    5|          0|
    |trunc_ln5_reg_248        |   2|   0|    2|          0|
    +-------------------------+----+----+-----+-----------+
    |Total                    |  26|   0|   26|          0|
    +-------------------------+----+----+-----+-----------+



================================================================
== Interface
================================================================
* Summary: 
+------------------+-----+-----+------------+---------------------------------+--------------+
|     RTL Ports    | Dir | Bits|  Protocol  |          Source Object          |    C Type    |
+------------------+-----+-----+------------+---------------------------------+--------------+
|ap_clk            |   in|    1|  ap_ctrl_hs|  hw5_ex1_Pipeline_VITIS_LOOP_5_1|  return value|
|ap_rst            |   in|    1|  ap_ctrl_hs|  hw5_ex1_Pipeline_VITIS_LOOP_5_1|  return value|
|ap_start          |   in|    1|  ap_ctrl_hs|  hw5_ex1_Pipeline_VITIS_LOOP_5_1|  return value|
|ap_done           |  out|    1|  ap_ctrl_hs|  hw5_ex1_Pipeline_VITIS_LOOP_5_1|  return value|
|ap_idle           |  out|    1|  ap_ctrl_hs|  hw5_ex1_Pipeline_VITIS_LOOP_5_1|  return value|
|ap_ready          |  out|    1|  ap_ctrl_hs|  hw5_ex1_Pipeline_VITIS_LOOP_5_1|  return value|
|temp1_2_address0  |  out|    4|   ap_memory|                          temp1_2|         array|
|temp1_2_ce0       |  out|    1|   ap_memory|                          temp1_2|         array|
|temp1_2_we0       |  out|    1|   ap_memory|                          temp1_2|         array|
|temp1_2_d0        |  out|   32|   ap_memory|                          temp1_2|         array|
|temp1_1_address0  |  out|    4|   ap_memory|                          temp1_1|         array|
|temp1_1_ce0       |  out|    1|   ap_memory|                          temp1_1|         array|
|temp1_1_we0       |  out|    1|   ap_memory|                          temp1_1|         array|
|temp1_1_d0        |  out|   32|   ap_memory|                          temp1_1|         array|
|temp1_address0    |  out|    4|   ap_memory|                            temp1|         array|
|temp1_ce0         |  out|    1|   ap_memory|                            temp1|         array|
|temp1_we0         |  out|    1|   ap_memory|                            temp1|         array|
|temp1_d0          |  out|   32|   ap_memory|                            temp1|         array|
|A_address0        |  out|    5|   ap_memory|                                A|         array|
|A_ce0             |  out|    1|   ap_memory|                                A|         array|
|A_q0              |   in|   32|   ap_memory|                                A|         array|
+------------------+-----+-----+------------+---------------------------------+--------------+

============================================================
+ Verbose Summary: Synthesis Manager
============================================================
InlineROM: 1
ExposeGlobal: 0
============================================================
+ Verbose Summary: CDFG Model
============================================================
IsTopModel: 0
ResetActiveHigh: 1
IsCombinational: 2
IsDatapathOnly: 2
HasWiredReturn: 1
HasMFsm: 2
HasVarLatency: 1
IsPipeline: 0
IsRtlPipelined: 0
IsInstanceOverlapped: 0
IsDontTouch: 0
HasImplIP: 0
IsGatedGlobalClock: 0

+ Individual pipeline summary: 
  * Pipeline-0: initiation interval (II) = 1, depth = 2


============================================================
+ Verbose Summary: Schedule
============================================================
* Number of FSM states : 2
* Pipeline : 1
  Pipeline-0 : II = 1, D = 2, States = { 1 2 }
* Dataflow Pipeline: 0

* FSM state transitions: 
1 --> 2 
2 --> 

* FSM state operations: 

State 1 <SV = 0> <Delay = 2.46>
ST_1 : Operation 5 [1/1] (0.00ns)   --->   "%phi_urem = alloca i32 1"   --->   Operation 5 'alloca' 'phi_urem' <Predicate = true> <Delay = 0.00>
ST_1 : Operation 6 [1/1] (0.00ns)   --->   "%phi_mul = alloca i32 1"   --->   Operation 6 'alloca' 'phi_mul' <Predicate = true> <Delay = 0.00>
ST_1 : Operation 7 [1/1] (0.00ns)   --->   "%i = alloca i32 1" [hw5_ex1.cpp:5->hw5_ex1.cpp:28]   --->   Operation 7 'alloca' 'i' <Predicate = true> <Delay = 0.00>
ST_1 : Operation 8 [1/1] (0.00ns)   --->   "%specinterface_ln0 = specinterface void @_ssdm_op_SpecInterface, i32 %A, void @empty, i32 0, i32 0, void @empty_0, i32 4294967295, i32 0, void @empty_0, void @empty_0, void @empty_0, i32 0, i32 0, i32 0, i32 0, void @empty_0, void @empty_0, i32 4294967295, i32 0, i32 0"   --->   Operation 8 'specinterface' 'specinterface_ln0' <Predicate = true> <Delay = 0.00>
ST_1 : Operation 9 [1/1] (0.38ns)   --->   "%store_ln5 = store i5 0, i5 %i" [hw5_ex1.cpp:5->hw5_ex1.cpp:28]   --->   Operation 9 'store' 'store_ln5' <Predicate = true> <Delay = 0.38>
ST_1 : Operation 10 [1/1] (0.38ns)   --->   "%store_ln0 = store i11 0, i11 %phi_mul"   --->   Operation 10 'store' 'store_ln0' <Predicate = true> <Delay = 0.38>
ST_1 : Operation 11 [1/1] (0.38ns)   --->   "%store_ln0 = store i5 0, i5 %phi_urem"   --->   Operation 11 'store' 'store_ln0' <Predicate = true> <Delay = 0.38>
ST_1 : Operation 12 [1/1] (0.00ns)   --->   "%br_ln0 = br void %for.inc.i"   --->   Operation 12 'br' 'br_ln0' <Predicate = true> <Delay = 0.00>
ST_1 : Operation 13 [1/1] (0.00ns)   --->   "%phi_urem_load = load i5 %phi_urem" [hw5_ex1.cpp:5->hw5_ex1.cpp:28]   --->   Operation 13 'load' 'phi_urem_load' <Predicate = true> <Delay = 0.00>
ST_1 : Operation 14 [1/1] (0.00ns)   --->   "%i_1 = load i5 %i" [hw5_ex1.cpp:5->hw5_ex1.cpp:28]   --->   Operation 14 'load' 'i_1' <Predicate = true> <Delay = 0.00>
ST_1 : Operation 15 [1/1] (0.70ns)   --->   "%icmp_ln5 = icmp_eq  i5 %i_1, i5 30" [hw5_ex1.cpp:5->hw5_ex1.cpp:28]   --->   Operation 15 'icmp' 'icmp_ln5' <Predicate = true> <Delay = 0.70> <CoreInst = "Cmp">   --->   Core 9 'Cmp' <Latency = 0> <II = 1> <Delay = 0.70> <FuncUnit> <Opcode : 'seteq' 'setne' 'setle' 'setge' 'setlt' 'setgt'> <InPorts = 2> <OutPorts = 1>
ST_1 : Operation 16 [1/1] (0.70ns)   --->   "%add_ln5 = add i5 %i_1, i5 1" [hw5_ex1.cpp:5->hw5_ex1.cpp:28]   --->   Operation 16 'add' 'add_ln5' <Predicate = true> <Delay = 0.70> <CoreInst = "Adder">   --->   Core 1 'Adder' <Latency = 0> <II = 1> <Delay = 0.70> <FuncUnit> <Opcode : 'add' 'sub'> <InPorts = 2> <OutPorts = 1>
ST_1 : Operation 17 [1/1] (0.00ns)   --->   "%br_ln5 = br i1 %icmp_ln5, void %for.inc.i.split, void %for.inc.i7.preheader.exitStub" [hw5_ex1.cpp:5->hw5_ex1.cpp:28]   --->   Operation 17 'br' 'br_ln5' <Predicate = true> <Delay = 0.00>
ST_1 : Operation 18 [1/1] (0.00ns)   --->   "%zext_ln5 = zext i5 %i_1" [hw5_ex1.cpp:5->hw5_ex1.cpp:28]   --->   Operation 18 'zext' 'zext_ln5' <Predicate = (!icmp_ln5)> <Delay = 0.00>
ST_1 : Operation 19 [1/1] (0.00ns)   --->   "%trunc_ln5 = trunc i5 %phi_urem_load" [hw5_ex1.cpp:5->hw5_ex1.cpp:28]   --->   Operation 19 'trunc' 'trunc_ln5' <Predicate = (!icmp_ln5)> <Delay = 0.00>
ST_1 : Operation 20 [1/1] (0.00ns)   --->   "%A_addr = getelementptr i32 %A, i64 0, i64 %zext_ln5" [hw5_ex1.cpp:6->hw5_ex1.cpp:28]   --->   Operation 20 'getelementptr' 'A_addr' <Predicate = (!icmp_ln5)> <Delay = 0.00>
ST_1 : Operation 21 [2/2] (0.69ns)   --->   "%A_load = load i5 %A_addr" [hw5_ex1.cpp:6->hw5_ex1.cpp:28]   --->   Operation 21 'load' 'A_load' <Predicate = (!icmp_ln5)> <Delay = 0.69> <CoreInst = "RAM">   --->   Core 82 'RAM' <Latency = 1> <II = 1> <Delay = 0.69> <Storage> <Opcode : 'load' 'store'> <Ports = 2> <Width = 32> <Depth = 30> <RAM>
ST_1 : Operation 22 [1/1] (0.66ns)   --->   "%switch_ln6 = switch i2 %trunc_ln5, void %arrayidx2.i14.case.2, i2 0, void %arrayidx2.i14.case.0, i2 1, void %arrayidx2.i14.case.1" [hw5_ex1.cpp:6->hw5_ex1.cpp:28]   --->   Operation 22 'switch' 'switch_ln6' <Predicate = (!icmp_ln5)> <Delay = 0.66>
ST_1 : Operation 23 [1/1] (0.70ns)   --->   "%add_ln5_2 = add i5 %phi_urem_load, i5 1" [hw5_ex1.cpp:5->hw5_ex1.cpp:28]   --->   Operation 23 'add' 'add_ln5_2' <Predicate = (!icmp_ln5)> <Delay = 0.70> <CoreInst = "Adder">   --->   Core 1 'Adder' <Latency = 0> <II = 1> <Delay = 0.70> <FuncUnit> <Opcode : 'add' 'sub'> <InPorts = 2> <OutPorts = 1>
ST_1 : Operation 24 [1/1] (0.70ns)   --->   "%icmp_ln5_1 = icmp_ult  i5 %add_ln5_2, i5 3" [hw5_ex1.cpp:5->hw5_ex1.cpp:28]   --->   Operation 24 'icmp' 'icmp_ln5_1' <Predicate = (!icmp_ln5)> <Delay = 0.70> <CoreInst = "Cmp">   --->   Core 9 'Cmp' <Latency = 0> <II = 1> <Delay = 0.70> <FuncUnit> <Opcode : 'seteq' 'setne' 'setle' 'setge' 'setlt' 'setgt'> <InPorts = 2> <OutPorts = 1>
ST_1 : Operation 25 [1/1] (0.27ns)   --->   "%select_ln5 = select i1 %icmp_ln5_1, i5 %add_ln5_2, i5 0" [hw5_ex1.cpp:5->hw5_ex1.cpp:28]   --->   Operation 25 'select' 'select_ln5' <Predicate = (!icmp_ln5)> <Delay = 0.27> <CoreInst = "Sel">   --->   Core 73 'Sel' <Latency = 0> <II = 1> <Delay = 0.27> <FuncUnit> <Opcode : 'select'> <InPorts = 3> <OutPorts = 1>
ST_1 : Operation 26 [1/1] (0.38ns)   --->   "%store_ln5 = store i5 %add_ln5, i5 %i" [hw5_ex1.cpp:5->hw5_ex1.cpp:28]   --->   Operation 26 'store' 'store_ln5' <Predicate = (!icmp_ln5)> <Delay = 0.38>
ST_1 : Operation 27 [1/1] (0.38ns)   --->   "%store_ln5 = store i5 %select_ln5, i5 %phi_urem" [hw5_ex1.cpp:5->hw5_ex1.cpp:28]   --->   Operation 27 'store' 'store_ln5' <Predicate = (!icmp_ln5)> <Delay = 0.38>
ST_1 : Operation 47 [1/1] (0.38ns)   --->   "%ret_ln0 = ret"   --->   Operation 47 'ret' 'ret_ln0' <Predicate = (icmp_ln5)> <Delay = 0.38>

State 2 <SV = 1> <Delay = 1.39>
ST_2 : Operation 28 [1/1] (0.00ns)   --->   "%phi_mul_load = load i11 %phi_mul" [hw5_ex1.cpp:5->hw5_ex1.cpp:28]   --->   Operation 28 'load' 'phi_mul_load' <Predicate = true> <Delay = 0.00>
ST_2 : Operation 29 [1/1] (0.00ns)   --->   "%specpipeline_ln5 = specpipeline void @_ssdm_op_SpecPipeline, i32 4294967295, i32 0, i32 0, i32 0, void @empty_0" [hw5_ex1.cpp:5->hw5_ex1.cpp:28]   --->   Operation 29 'specpipeline' 'specpipeline_ln5' <Predicate = true> <Delay = 0.00>
ST_2 : Operation 30 [1/1] (0.00ns)   --->   "%speclooptripcount_ln5 = speclooptripcount void @_ssdm_op_SpecLoopTripCount, i64 30, i64 30, i64 30" [hw5_ex1.cpp:5->hw5_ex1.cpp:28]   --->   Operation 30 'speclooptripcount' 'speclooptripcount_ln5' <Predicate = true> <Delay = 0.00>
ST_2 : Operation 31 [1/1] (0.00ns)   --->   "%specloopname_ln5 = specloopname void @_ssdm_op_SpecLoopName, void @empty_4" [hw5_ex1.cpp:5->hw5_ex1.cpp:28]   --->   Operation 31 'specloopname' 'specloopname_ln5' <Predicate = true> <Delay = 0.00>
ST_2 : Operation 32 [1/1] (0.73ns)   --->   "%add_ln5_1 = add i11 %phi_mul_load, i11 43" [hw5_ex1.cpp:5->hw5_ex1.cpp:28]   --->   Operation 32 'add' 'add_ln5_1' <Predicate = true> <Delay = 0.73> <CoreInst = "Adder">   --->   Core 1 'Adder' <Latency = 0> <II = 1> <Delay = 0.73> <FuncUnit> <Opcode : 'add' 'sub'> <InPorts = 2> <OutPorts = 1>
ST_2 : Operation 33 [1/1] (0.00ns)   --->   "%tmp = partselect i4 @_ssdm_op_PartSelect.i4.i11.i32.i32, i11 %phi_mul_load, i32 7, i32 10" [hw5_ex1.cpp:5->hw5_ex1.cpp:28]   --->   Operation 33 'partselect' 'tmp' <Predicate = true> <Delay = 0.00>
ST_2 : Operation 34 [1/1] (0.00ns)   --->   "%zext_ln5_1 = zext i4 %tmp" [hw5_ex1.cpp:5->hw5_ex1.cpp:28]   --->   Operation 34 'zext' 'zext_ln5_1' <Predicate = true> <Delay = 0.00>
ST_2 : Operation 35 [1/2] (0.69ns)   --->   "%A_load = load i5 %A_addr" [hw5_ex1.cpp:6->hw5_ex1.cpp:28]   --->   Operation 35 'load' 'A_load' <Predicate = true> <Delay = 0.69> <CoreInst = "RAM">   --->   Core 82 'RAM' <Latency = 1> <II = 1> <Delay = 0.69> <Storage> <Opcode : 'load' 'store'> <Ports = 2> <Width = 32> <Depth = 30> <RAM>
ST_2 : Operation 36 [1/1] (0.00ns)   --->   "%temp1_addr = getelementptr i32 %temp1, i64 0, i64 %zext_ln5_1" [hw5_ex1.cpp:6->hw5_ex1.cpp:28]   --->   Operation 36 'getelementptr' 'temp1_addr' <Predicate = true> <Delay = 0.00>
ST_2 : Operation 37 [1/1] (0.00ns)   --->   "%temp1_1_addr = getelementptr i32 %temp1_1, i64 0, i64 %zext_ln5_1" [hw5_ex1.cpp:6->hw5_ex1.cpp:28]   --->   Operation 37 'getelementptr' 'temp1_1_addr' <Predicate = true> <Delay = 0.00>
ST_2 : Operation 38 [1/1] (0.00ns)   --->   "%temp1_2_addr = getelementptr i32 %temp1_2, i64 0, i64 %zext_ln5_1" [hw5_ex1.cpp:6->hw5_ex1.cpp:28]   --->   Operation 38 'getelementptr' 'temp1_2_addr' <Predicate = true> <Delay = 0.00>
ST_2 : Operation 39 [1/1] (0.69ns)   --->   "%store_ln6 = store i32 %A_load, i4 %temp1_1_addr" [hw5_ex1.cpp:6->hw5_ex1.cpp:28]   --->   Operation 39 'store' 'store_ln6' <Predicate = (trunc_ln5 == 1)> <Delay = 0.69> <CoreInst = "RAM">   --->   Core 82 'RAM' <Latency = 1> <II = 1> <Delay = 0.69> <Storage> <Opcode : 'load' 'store'> <Ports = 2> <Width = 32> <Depth = 10> <RAM>
ST_2 : Operation 40 [1/1] (0.00ns)   --->   "%br_ln6 = br void %arrayidx2.i14.exit" [hw5_ex1.cpp:6->hw5_ex1.cpp:28]   --->   Operation 40 'br' 'br_ln6' <Predicate = (trunc_ln5 == 1)> <Delay = 0.00>
ST_2 : Operation 41 [1/1] (0.69ns)   --->   "%store_ln6 = store i32 %A_load, i4 %temp1_addr" [hw5_ex1.cpp:6->hw5_ex1.cpp:28]   --->   Operation 41 'store' 'store_ln6' <Predicate = (trunc_ln5 == 0)> <Delay = 0.69> <CoreInst = "RAM">   --->   Core 82 'RAM' <Latency = 1> <II = 1> <Delay = 0.69> <Storage> <Opcode : 'load' 'store'> <Ports = 2> <Width = 32> <Depth = 10> <RAM>
ST_2 : Operation 42 [1/1] (0.00ns)   --->   "%br_ln6 = br void %arrayidx2.i14.exit" [hw5_ex1.cpp:6->hw5_ex1.cpp:28]   --->   Operation 42 'br' 'br_ln6' <Predicate = (trunc_ln5 == 0)> <Delay = 0.00>
ST_2 : Operation 43 [1/1] (0.69ns)   --->   "%store_ln6 = store i32 %A_load, i4 %temp1_2_addr" [hw5_ex1.cpp:6->hw5_ex1.cpp:28]   --->   Operation 43 'store' 'store_ln6' <Predicate = (trunc_ln5 != 0 & trunc_ln5 != 1)> <Delay = 0.69> <CoreInst = "RAM">   --->   Core 82 'RAM' <Latency = 1> <II = 1> <Delay = 0.69> <Storage> <Opcode : 'load' 'store'> <Ports = 2> <Width = 32> <Depth = 10> <RAM>
ST_2 : Operation 44 [1/1] (0.00ns)   --->   "%br_ln6 = br void %arrayidx2.i14.exit" [hw5_ex1.cpp:6->hw5_ex1.cpp:28]   --->   Operation 44 'br' 'br_ln6' <Predicate = (trunc_ln5 != 0 & trunc_ln5 != 1)> <Delay = 0.00>
ST_2 : Operation 45 [1/1] (0.38ns)   --->   "%store_ln5 = store i11 %add_ln5_1, i11 %phi_mul" [hw5_ex1.cpp:5->hw5_ex1.cpp:28]   --->   Operation 45 'store' 'store_ln5' <Predicate = true> <Delay = 0.38>
ST_2 : Operation 46 [1/1] (0.00ns)   --->   "%br_ln5 = br void %for.inc.i" [hw5_ex1.cpp:5->hw5_ex1.cpp:28]   --->   Operation 46 'br' 'br_ln5' <Predicate = true> <Delay = 0.00>


============================================================
+ Verbose Summary: Binding
============================================================
STG Binding: 
---------------- STG Properties BEGIN ----------------
- Is combinational: 0
- Is one-state seq: 0
- Is datapath-only: 0
- Is pipelined: 0
- Is top level: 0
Port [ Return ] is wired: 1; IO mode=ap_ctrl_hs:ce=0
Port [ temp1_2]:  wired=1; compound=1; hidden=0; nouse=0; global=0; static=0; extern=0; dir=1; type=1; pingpong=0; private_global=0; MemPort=[03]; IO mode=ap_memory:ce=0
Port [ temp1_1]:  wired=1; compound=1; hidden=0; nouse=0; global=0; static=0; extern=0; dir=1; type=1; pingpong=0; private_global=0; MemPort=[03]; IO mode=ap_memory:ce=0
Port [ temp1]:  wired=1; compound=1; hidden=0; nouse=0; global=0; static=0; extern=0; dir=1; type=1; pingpong=0; private_global=0; MemPort=[03]; IO mode=ap_memory:ce=0
Port [ A]:  wired=1; compound=1; hidden=0; nouse=0; global=0; static=0; extern=0; dir=0; type=1; pingpong=0; private_global=0; MemPort=[13]; IO mode=ap_memory:ce=0
---------------- STG Properties END ------------------

---------------- Datapath Model BEGIN ----------------

<LifeTime>
<method=bitvector/>
phi_urem              (alloca           ) [ 010]
phi_mul               (alloca           ) [ 011]
i                     (alloca           ) [ 010]
specinterface_ln0     (specinterface    ) [ 000]
store_ln5             (store            ) [ 000]
store_ln0             (store            ) [ 000]
store_ln0             (store            ) [ 000]
br_ln0                (br               ) [ 000]
phi_urem_load         (load             ) [ 000]
i_1                   (load             ) [ 000]
icmp_ln5              (icmp             ) [ 010]
add_ln5               (add              ) [ 000]
br_ln5                (br               ) [ 000]
zext_ln5              (zext             ) [ 000]
trunc_ln5             (trunc            ) [ 011]
A_addr                (getelementptr    ) [ 011]
switch_ln6            (switch           ) [ 000]
add_ln5_2             (add              ) [ 000]
icmp_ln5_1            (icmp             ) [ 000]
select_ln5            (select           ) [ 000]
store_ln5             (store            ) [ 000]
store_ln5             (store            ) [ 000]
phi_mul_load          (load             ) [ 000]
specpipeline_ln5      (specpipeline     ) [ 000]
speclooptripcount_ln5 (speclooptripcount) [ 000]
specloopname_ln5      (specloopname     ) [ 000]
add_ln5_1             (add              ) [ 000]
tmp                   (partselect       ) [ 000]
zext_ln5_1            (zext             ) [ 000]
A_load                (load             ) [ 000]
temp1_addr            (getelementptr    ) [ 000]
temp1_1_addr          (getelementptr    ) [ 000]
temp1_2_addr          (getelementptr    ) [ 000]
store_ln6             (store            ) [ 000]
br_ln6                (br               ) [ 000]
store_ln6             (store            ) [ 000]
br_ln6                (br               ) [ 000]
store_ln6             (store            ) [ 000]
br_ln6                (br               ) [ 000]
store_ln5             (store            ) [ 000]
br_ln5                (br               ) [ 000]
ret_ln0               (ret              ) [ 000]
</LifeTime>

<model>

<comp_list>
<comp id="0" class="1000" name="temp1_2">
<pin_list>
<pin id="1" dir="1" index="0" bw="1" slack="0"/>
</pin_list>
<bind>
<StgValue><ssdm name="temp1_2"/><MemPortTyVec>0 3 </MemPortTyVec>
</StgValue>
</bind>
</comp>

<comp id="2" class="1000" name="temp1_1">
<pin_list>
<pin id="3" dir="1" index="0" bw="1" slack="0"/>
</pin_list>
<bind>
<StgValue><ssdm name="temp1_1"/><MemPortTyVec>0 3 </MemPortTyVec>
</StgValue>
</bind>
</comp>

<comp id="4" class="1000" name="temp1">
<pin_list>
<pin id="5" dir="1" index="0" bw="1" slack="0"/>
</pin_list>
<bind>
<StgValue><ssdm name="temp1"/><MemPortTyVec>0 3 </MemPortTyVec>
</StgValue>
</bind>
</comp>

<comp id="6" class="1000" name="A">
<pin_list>
<pin id="7" dir="1" index="0" bw="1" slack="0"/>
</pin_list>
<bind>
<StgValue><ssdm name="A"/><MemPortTyVec>1 3 </MemPortTyVec>
</StgValue>
</bind>
</comp>

<comp id="8" class="1001" name="const_8">
<pin_list>
<pin id="9" dir="1" index="0" bw="1" slack="0"/>
</pin_list>
<bind>
<StgValue><ssdm name=""/></StgValue>
</bind>
</comp>

<comp id="10" class="1001" name="const_10">
<pin_list>
<pin id="11" dir="1" index="0" bw="1" slack="2147483647"/>
</pin_list>
<bind>
<StgValue><ssdm name="_ssdm_op_SpecInterface"/></StgValue>
</bind>
</comp>

<comp id="12" class="1001" name="const_12">
<pin_list>
<pin id="13" dir="1" index="0" bw="1" slack="2147483647"/>
</pin_list>
<bind>
<StgValue><ssdm name="empty"/></StgValue>
</bind>
</comp>

<comp id="14" class="1001" name="const_14">
<pin_list>
<pin id="15" dir="1" index="0" bw="1" slack="2147483647"/>
</pin_list>
<bind>
<StgValue><ssdm name=""/></StgValue>
</bind>
</comp>

<comp id="16" class="1001" name="const_16">
<pin_list>
<pin id="17" dir="1" index="0" bw="1" slack="2147483647"/>
</pin_list>
<bind>
<StgValue><ssdm name="empty_0"/></StgValue>
</bind>
</comp>

<comp id="18" class="1001" name="const_18">
<pin_list>
<pin id="19" dir="1" index="0" bw="1" slack="2147483647"/>
</pin_list>
<bind>
<StgValue><ssdm name=""/></StgValue>
</bind>
</comp>

<comp id="20" class="1001" name="const_20">
<pin_list>
<pin id="21" dir="1" index="0" bw="1" slack="0"/>
</pin_list>
<bind>
<StgValue><ssdm name=""/></StgValue>
</bind>
</comp>

<comp id="22" class="1001" name="const_22">
<pin_list>
<pin id="23" dir="1" index="0" bw="1" slack="0"/>
</pin_list>
<bind>
<StgValue><ssdm name=""/></StgValue>
</bind>
</comp>

<comp id="24" class="1001" name="const_24">
<pin_list>
<pin id="25" dir="1" index="0" bw="1" slack="0"/>
</pin_list>
<bind>
<StgValue><ssdm name=""/></StgValue>
</bind>
</comp>

<comp id="26" class="1001" name="const_26">
<pin_list>
<pin id="27" dir="1" index="0" bw="1" slack="0"/>
</pin_list>
<bind>
<StgValue><ssdm name=""/></StgValue>
</bind>
</comp>

<comp id="28" class="1001" name="const_28">
<pin_list>
<pin id="29" dir="1" index="0" bw="1" slack="0"/>
</pin_list>
<bind>
<StgValue><ssdm name=""/></StgValue>
</bind>
</comp>

<comp id="30" class="1001" name="const_30">
<pin_list>
<pin id="31" dir="1" index="0" bw="1" slack="2147483647"/>
</pin_list>
<bind>
<StgValue><ssdm name=""/></StgValue>
</bind>
</comp>

<comp id="32" class="1001" name="const_32">
<pin_list>
<pin id="33" dir="1" index="0" bw="1" slack="2147483647"/>
</pin_list>
<bind>
<StgValue><ssdm name=""/></StgValue>
</bind>
</comp>

<comp id="34" class="1001" name="const_34">
<pin_list>
<pin id="35" dir="1" index="0" bw="1" slack="0"/>
</pin_list>
<bind>
<StgValue><ssdm name=""/></StgValue>
</bind>
</comp>

<comp id="36" class="1001" name="const_36">
<pin_list>
<pin id="37" dir="1" index="0" bw="1" slack="2147483647"/>
</pin_list>
<bind>
<StgValue><ssdm name="_ssdm_op_SpecPipeline"/></StgValue>
</bind>
</comp>

<comp id="38" class="1001" name="const_38">
<pin_list>
<pin id="39" dir="1" index="0" bw="1" slack="2147483647"/>
</pin_list>
<bind>
<StgValue><ssdm name="_ssdm_op_SpecLoopTripCount"/></StgValue>
</bind>
</comp>

<comp id="40" class="1001" name="const_40">
<pin_list>
<pin id="41" dir="1" index="0" bw="1" slack="2147483647"/>
</pin_list>
<bind>
<StgValue><ssdm name=""/></StgValue>
</bind>
</comp>

<comp id="42" class="1001" name="const_42">
<pin_list>
<pin id="43" dir="1" index="0" bw="1" slack="2147483647"/>
</pin_list>
<bind>
<StgValue><ssdm name="_ssdm_op_SpecLoopName"/></StgValue>
</bind>
</comp>

<comp id="44" class="1001" name="const_44">
<pin_list>
<pin id="45" dir="1" index="0" bw="1" slack="2147483647"/>
</pin_list>
<bind>
<StgValue><ssdm name="empty_4"/></StgValue>
</bind>
</comp>

<comp id="46" class="1001" name="const_46">
<pin_list>
<pin id="47" dir="1" index="0" bw="1" slack="0"/>
</pin_list>
<bind>
<StgValue><ssdm name=""/></StgValue>
</bind>
</comp>

<comp id="48" class="1001" name="const_48">
<pin_list>
<pin id="49" dir="1" index="0" bw="1" slack="0"/>
</pin_list>
<bind>
<StgValue><ssdm name="_ssdm_op_PartSelect.i4.i11.i32.i32"/></StgValue>
</bind>
</comp>

<comp id="50" class="1001" name="const_50">
<pin_list>
<pin id="51" dir="1" index="0" bw="1" slack="0"/>
</pin_list>
<bind>
<StgValue><ssdm name=""/></StgValue>
</bind>
</comp>

<comp id="52" class="1001" name="const_52">
<pin_list>
<pin id="53" dir="1" index="0" bw="1" slack="0"/>
</pin_list>
<bind>
<StgValue><ssdm name=""/></StgValue>
</bind>
</comp>

<comp id="54" class="1004" name="phi_urem_fu_54">
<pin_list>
<pin id="55" dir="0" index="0" bw="1" slack="0"/>
<pin id="56" dir="1" index="1" bw="5" slack="0"/>
</pin_list>
<bind>
<opcode="alloca(26) " fcode="alloca"/>
<opset="phi_urem/1 "/>
</bind>
</comp>

<comp id="58" class="1004" name="phi_mul_fu_58">
<pin_list>
<pin id="59" dir="0" index="0" bw="1" slack="0"/>
<pin id="60" dir="1" index="1" bw="11" slack="0"/>
</pin_list>
<bind>
<opcode="alloca(26) " fcode="alloca"/>
<opset="phi_mul/1 "/>
</bind>
</comp>

<comp id="62" class="1004" name="i_fu_62">
<pin_list>
<pin id="63" dir="0" index="0" bw="1" slack="0"/>
<pin id="64" dir="1" index="1" bw="5" slack="0"/>
</pin_list>
<bind>
<opcode="alloca(26) " fcode="alloca"/>
<opset="i/1 "/>
</bind>
</comp>

<comp id="66" class="1004" name="A_addr_gep_fu_66">
<pin_list>
<pin id="67" dir="0" index="0" bw="32" slack="0"/>
<pin id="68" dir="0" index="1" bw="1" slack="0"/>
<pin id="69" dir="0" index="2" bw="5" slack="0"/>
<pin id="70" dir="1" index="3" bw="5" slack="0"/>
</pin_list>
<bind>
<opcode="getelementptr(29) " fcode="getelementptr"/>
<opset="A_addr/1 "/>
</bind>
</comp>

<comp id="73" class="1004" name="grp_access_fu_73">
<pin_list>
<pin id="74" dir="0" index="0" bw="5" slack="0"/>
<pin id="75" dir="0" index="1" bw="32" slack="2147483647"/>
<pin id="76" dir="0" index="2" bw="0" slack="2147483647"/>
<pin id="77" dir="1" index="3" bw="32" slack="0"/>
</pin_list>
<bind>
<opcode="load(27) " fcode="load"/>
<opset="A_load/1 "/>
</bind>
</comp>

<comp id="79" class="1004" name="temp1_addr_gep_fu_79">
<pin_list>
<pin id="80" dir="0" index="0" bw="32" slack="0"/>
<pin id="81" dir="0" index="1" bw="1" slack="0"/>
<pin id="82" dir="0" index="2" bw="4" slack="0"/>
<pin id="83" dir="1" index="3" bw="4" slack="0"/>
</pin_list>
<bind>
<opcode="getelementptr(29) " fcode="getelementptr"/>
<opset="temp1_addr/2 "/>
</bind>
</comp>

<comp id="86" class="1004" name="temp1_1_addr_gep_fu_86">
<pin_list>
<pin id="87" dir="0" index="0" bw="32" slack="0"/>
<pin id="88" dir="0" index="1" bw="1" slack="0"/>
<pin id="89" dir="0" index="2" bw="4" slack="0"/>
<pin id="90" dir="1" index="3" bw="4" slack="0"/>
</pin_list>
<bind>
<opcode="getelementptr(29) " fcode="getelementptr"/>
<opset="temp1_1_addr/2 "/>
</bind>
</comp>

<comp id="93" class="1004" name="temp1_2_addr_gep_fu_93">
<pin_list>
<pin id="94" dir="0" index="0" bw="32" slack="0"/>
<pin id="95" dir="0" index="1" bw="1" slack="0"/>
<pin id="96" dir="0" index="2" bw="4" slack="0"/>
<pin id="97" dir="1" index="3" bw="4" slack="0"/>
</pin_list>
<bind>
<opcode="getelementptr(29) " fcode="getelementptr"/>
<opset="temp1_2_addr/2 "/>
</bind>
</comp>

<comp id="100" class="1004" name="store_ln6_access_fu_100">
<pin_list>
<pin id="101" dir="0" index="0" bw="4" slack="0"/>
<pin id="102" dir="0" index="1" bw="32" slack="0"/>
<pin id="103" dir="0" index="2" bw="0" slack="2147483647"/>
<pin id="104" dir="1" index="3" bw="32" slack="2147483647"/>
</pin_list>
<bind>
<opcode="store(28) " fcode="store"/>
<opset="store_ln6/2 "/>
</bind>
</comp>

<comp id="107" class="1004" name="store_ln6_access_fu_107">
<pin_list>
<pin id="108" dir="0" index="0" bw="4" slack="0"/>
<pin id="109" dir="0" index="1" bw="32" slack="0"/>
<pin id="110" dir="0" index="2" bw="0" slack="2147483647"/>
<pin id="111" dir="1" index="3" bw="32" slack="2147483647"/>
</pin_list>
<bind>
<opcode="store(28) " fcode="store"/>
<opset="store_ln6/2 "/>
</bind>
</comp>

<comp id="114" class="1004" name="store_ln6_access_fu_114">
<pin_list>
<pin id="115" dir="0" index="0" bw="4" slack="0"/>
<pin id="116" dir="0" index="1" bw="32" slack="0"/>
<pin id="117" dir="0" index="2" bw="0" slack="2147483647"/>
<pin id="118" dir="1" index="3" bw="32" slack="2147483647"/>
</pin_list>
<bind>
<opcode="store(28) " fcode="store"/>
<opset="store_ln6/2 "/>
</bind>
</comp>

<comp id="121" class="1004" name="store_ln5_store_fu_121">
<pin_list>
<pin id="122" dir="0" index="0" bw="1" slack="0"/>
<pin id="123" dir="0" index="1" bw="5" slack="0"/>
<pin id="124" dir="1" index="2" bw="0" slack="2147483647"/>
</pin_list>
<bind>
<opcode="store(28) " fcode="store"/>
<opset="store_ln5/1 "/>
</bind>
</comp>

<comp id="126" class="1004" name="store_ln0_store_fu_126">
<pin_list>
<pin id="127" dir="0" index="0" bw="1" slack="0"/>
<pin id="128" dir="0" index="1" bw="11" slack="0"/>
<pin id="129" dir="1" index="2" bw="0" slack="2147483647"/>
</pin_list>
<bind>
<opcode="store(28) " fcode="store"/>
<opset="store_ln0/1 "/>
</bind>
</comp>

<comp id="131" class="1004" name="store_ln0_store_fu_131">
<pin_list>
<pin id="132" dir="0" index="0" bw="1" slack="0"/>
<pin id="133" dir="0" index="1" bw="5" slack="0"/>
<pin id="134" dir="1" index="2" bw="0" slack="2147483647"/>
</pin_list>
<bind>
<opcode="store(28) " fcode="store"/>
<opset="store_ln0/1 "/>
</bind>
</comp>

<comp id="136" class="1004" name="phi_urem_load_load_fu_136">
<pin_list>
<pin id="137" dir="0" index="0" bw="5" slack="0"/>
<pin id="138" dir="1" index="1" bw="5" slack="0"/>
</pin_list>
<bind>
<opcode="load(27) " fcode="load"/>
<opset="phi_urem_load/1 "/>
</bind>
</comp>

<comp id="139" class="1004" name="i_1_load_fu_139">
<pin_list>
<pin id="140" dir="0" index="0" bw="5" slack="0"/>
<pin id="141" dir="1" index="1" bw="5" slack="0"/>
</pin_list>
<bind>
<opcode="load(27) " fcode="load"/>
<opset="i_1/1 "/>
</bind>
</comp>

<comp id="142" class="1004" name="icmp_ln5_fu_142">
<pin_list>
<pin id="143" dir="0" index="0" bw="5" slack="0"/>
<pin id="144" dir="0" index="1" bw="5" slack="0"/>
<pin id="145" dir="1" index="2" bw="1" slack="2147483647"/>
</pin_list>
<bind>
<opcode="icmp(45) " fcode="icmp"/>
<opset="icmp_ln5/1 "/>
</bind>
</comp>

<comp id="148" class="1004" name="add_ln5_fu_148">
<pin_list>
<pin id="149" dir="0" index="0" bw="5" slack="0"/>
<pin id="150" dir="0" index="1" bw="1" slack="0"/>
<pin id="151" dir="1" index="2" bw="5" slack="0"/>
</pin_list>
<bind>
<opcode="add(8) " fcode="add"/>
<opset="add_ln5/1 "/>
</bind>
</comp>

<comp id="154" class="1004" name="zext_ln5_fu_154">
<pin_list>
<pin id="155" dir="0" index="0" bw="5" slack="0"/>
<pin id="156" dir="1" index="1" bw="64" slack="0"/>
</pin_list>
<bind>
<opcode="zext(34) " fcode="zext"/>
<opset="zext_ln5/1 "/>
</bind>
</comp>

<comp id="159" class="1004" name="trunc_ln5_fu_159">
<pin_list>
<pin id="160" dir="0" index="0" bw="5" slack="0"/>
<pin id="161" dir="1" index="1" bw="2" slack="1"/>
</pin_list>
<bind>
<opcode="trunc(33) " fcode="trunc"/>
<opset="trunc_ln5/1 "/>
</bind>
</comp>

<comp id="163" class="1004" name="add_ln5_2_fu_163">
<pin_list>
<pin id="164" dir="0" index="0" bw="5" slack="0"/>
<pin id="165" dir="0" index="1" bw="1" slack="0"/>
<pin id="166" dir="1" index="2" bw="5" slack="0"/>
</pin_list>
<bind>
<opcode="add(8) " fcode="add"/>
<opset="add_ln5_2/1 "/>
</bind>
</comp>

<comp id="169" class="1004" name="icmp_ln5_1_fu_169">
<pin_list>
<pin id="170" dir="0" index="0" bw="5" slack="0"/>
<pin id="171" dir="0" index="1" bw="5" slack="0"/>
<pin id="172" dir="1" index="2" bw="1" slack="0"/>
</pin_list>
<bind>
<opcode="icmp(45) " fcode="icmp"/>
<opset="icmp_ln5_1/1 "/>
</bind>
</comp>

<comp id="175" class="1004" name="select_ln5_fu_175">
<pin_list>
<pin id="176" dir="0" index="0" bw="1" slack="0"/>
<pin id="177" dir="0" index="1" bw="5" slack="0"/>
<pin id="178" dir="0" index="2" bw="5" slack="0"/>
<pin id="179" dir="1" index="3" bw="5" slack="0"/>
</pin_list>
<bind>
<opcode="select(49) " fcode="select"/>
<opset="select_ln5/1 "/>
</bind>
</comp>

<comp id="183" class="1004" name="store_ln5_store_fu_183">
<pin_list>
<pin id="184" dir="0" index="0" bw="5" slack="0"/>
<pin id="185" dir="0" index="1" bw="5" slack="0"/>
<pin id="186" dir="1" index="2" bw="0" slack="2147483647"/>
</pin_list>
<bind>
<opcode="store(28) " fcode="store"/>
<opset="store_ln5/1 "/>
</bind>
</comp>

<comp id="188" class="1004" name="store_ln5_store_fu_188">
<pin_list>
<pin id="189" dir="0" index="0" bw="5" slack="0"/>
<pin id="190" dir="0" index="1" bw="5" slack="0"/>
<pin id="191" dir="1" index="2" bw="0" slack="2147483647"/>
</pin_list>
<bind>
<opcode="store(28) " fcode="store"/>
<opset="store_ln5/1 "/>
</bind>
</comp>

<comp id="193" class="1004" name="phi_mul_load_load_fu_193">
<pin_list>
<pin id="194" dir="0" index="0" bw="11" slack="1"/>
<pin id="195" dir="1" index="1" bw="11" slack="0"/>
</pin_list>
<bind>
<opcode="load(27) " fcode="load"/>
<opset="phi_mul_load/2 "/>
</bind>
</comp>

<comp id="196" class="1004" name="add_ln5_1_fu_196">
<pin_list>
<pin id="197" dir="0" index="0" bw="11" slack="0"/>
<pin id="198" dir="0" index="1" bw="7" slack="0"/>
<pin id="199" dir="1" index="2" bw="11" slack="0"/>
</pin_list>
<bind>
<opcode="add(8) " fcode="add"/>
<opset="add_ln5_1/2 "/>
</bind>
</comp>

<comp id="202" class="1004" name="tmp_fu_202">
<pin_list>
<pin id="203" dir="0" index="0" bw="4" slack="0"/>
<pin id="204" dir="0" index="1" bw="11" slack="0"/>
<pin id="205" dir="0" index="2" bw="4" slack="0"/>
<pin id="206" dir="0" index="3" bw="5" slack="0"/>
<pin id="207" dir="1" index="4" bw="4" slack="0"/>
</pin_list>
<bind>
<opcode="partselect(1002) " fcode="partselect"/>
<opset="tmp/2 "/>
</bind>
</comp>

<comp id="212" class="1004" name="zext_ln5_1_fu_212">
<pin_list>
<pin id="213" dir="0" index="0" bw="4" slack="0"/>
<pin id="214" dir="1" index="1" bw="64" slack="0"/>
</pin_list>
<bind>
<opcode="zext(34) " fcode="zext"/>
<opset="zext_ln5_1/2 "/>
</bind>
</comp>

<comp id="219" class="1004" name="store_ln5_store_fu_219">
<pin_list>
<pin id="220" dir="0" index="0" bw="11" slack="0"/>
<pin id="221" dir="0" index="1" bw="11" slack="1"/>
<pin id="222" dir="1" index="2" bw="0" slack="2147483647"/>
</pin_list>
<bind>
<opcode="store(28) " fcode="store"/>
<opset="store_ln5/2 "/>
</bind>
</comp>

<comp id="224" class="1005" name="phi_urem_reg_224">
<pin_list>
<pin id="225" dir="0" index="0" bw="5" slack="0"/>
<pin id="226" dir="1" index="1" bw="5" slack="0"/>
</pin_list>
<bind>
<opset="phi_urem "/>
</bind>
</comp>

<comp id="231" class="1005" name="phi_mul_reg_231">
<pin_list>
<pin id="232" dir="0" index="0" bw="11" slack="0"/>
<pin id="233" dir="1" index="1" bw="11" slack="0"/>
</pin_list>
<bind>
<opset="phi_mul "/>
</bind>
</comp>

<comp id="238" class="1005" name="i_reg_238">
<pin_list>
<pin id="239" dir="0" index="0" bw="5" slack="0"/>
<pin id="240" dir="1" index="1" bw="5" slack="0"/>
</pin_list>
<bind>
<opset="i "/>
</bind>
</comp>

<comp id="248" class="1005" name="trunc_ln5_reg_248">
<pin_list>
<pin id="249" dir="0" index="0" bw="2" slack="1"/>
<pin id="250" dir="1" index="1" bw="2" slack="2147483647"/>
</pin_list>
<bind>
<opset="trunc_ln5 "/>
</bind>
</comp>

<comp id="252" class="1005" name="A_addr_reg_252">
<pin_list>
<pin id="253" dir="0" index="0" bw="5" slack="1"/>
<pin id="254" dir="1" index="1" bw="5" slack="1"/>
</pin_list>
<bind>
<opset="A_addr "/>
</bind>
</comp>

</comp_list>

<net_list>
<net id="57"><net_src comp="8" pin="0"/><net_sink comp="54" pin=0"/></net>

<net id="61"><net_src comp="8" pin="0"/><net_sink comp="58" pin=0"/></net>

<net id="65"><net_src comp="8" pin="0"/><net_sink comp="62" pin=0"/></net>

<net id="71"><net_src comp="6" pin="0"/><net_sink comp="66" pin=0"/></net>

<net id="72"><net_src comp="28" pin="0"/><net_sink comp="66" pin=1"/></net>

<net id="78"><net_src comp="66" pin="3"/><net_sink comp="73" pin=0"/></net>

<net id="84"><net_src comp="4" pin="0"/><net_sink comp="79" pin=0"/></net>

<net id="85"><net_src comp="28" pin="0"/><net_sink comp="79" pin=1"/></net>

<net id="91"><net_src comp="2" pin="0"/><net_sink comp="86" pin=0"/></net>

<net id="92"><net_src comp="28" pin="0"/><net_sink comp="86" pin=1"/></net>

<net id="98"><net_src comp="0" pin="0"/><net_sink comp="93" pin=0"/></net>

<net id="99"><net_src comp="28" pin="0"/><net_sink comp="93" pin=1"/></net>

<net id="105"><net_src comp="73" pin="3"/><net_sink comp="100" pin=1"/></net>

<net id="106"><net_src comp="86" pin="3"/><net_sink comp="100" pin=0"/></net>

<net id="112"><net_src comp="73" pin="3"/><net_sink comp="107" pin=1"/></net>

<net id="113"><net_src comp="79" pin="3"/><net_sink comp="107" pin=0"/></net>

<net id="119"><net_src comp="73" pin="3"/><net_sink comp="114" pin=1"/></net>

<net id="120"><net_src comp="93" pin="3"/><net_sink comp="114" pin=0"/></net>

<net id="125"><net_src comp="20" pin="0"/><net_sink comp="121" pin=0"/></net>

<net id="130"><net_src comp="22" pin="0"/><net_sink comp="126" pin=0"/></net>

<net id="135"><net_src comp="20" pin="0"/><net_sink comp="131" pin=0"/></net>

<net id="146"><net_src comp="139" pin="1"/><net_sink comp="142" pin=0"/></net>

<net id="147"><net_src comp="24" pin="0"/><net_sink comp="142" pin=1"/></net>

<net id="152"><net_src comp="139" pin="1"/><net_sink comp="148" pin=0"/></net>

<net id="153"><net_src comp="26" pin="0"/><net_sink comp="148" pin=1"/></net>

<net id="157"><net_src comp="139" pin="1"/><net_sink comp="154" pin=0"/></net>

<net id="158"><net_src comp="154" pin="1"/><net_sink comp="66" pin=2"/></net>

<net id="162"><net_src comp="136" pin="1"/><net_sink comp="159" pin=0"/></net>

<net id="167"><net_src comp="136" pin="1"/><net_sink comp="163" pin=0"/></net>

<net id="168"><net_src comp="26" pin="0"/><net_sink comp="163" pin=1"/></net>

<net id="173"><net_src comp="163" pin="2"/><net_sink comp="169" pin=0"/></net>

<net id="174"><net_src comp="34" pin="0"/><net_sink comp="169" pin=1"/></net>

<net id="180"><net_src comp="169" pin="2"/><net_sink comp="175" pin=0"/></net>

<net id="181"><net_src comp="163" pin="2"/><net_sink comp="175" pin=1"/></net>

<net id="182"><net_src comp="20" pin="0"/><net_sink comp="175" pin=2"/></net>

<net id="187"><net_src comp="148" pin="2"/><net_sink comp="183" pin=0"/></net>

<net id="192"><net_src comp="175" pin="3"/><net_sink comp="188" pin=0"/></net>

<net id="200"><net_src comp="193" pin="1"/><net_sink comp="196" pin=0"/></net>

<net id="201"><net_src comp="46" pin="0"/><net_sink comp="196" pin=1"/></net>

<net id="208"><net_src comp="48" pin="0"/><net_sink comp="202" pin=0"/></net>

<net id="209"><net_src comp="193" pin="1"/><net_sink comp="202" pin=1"/></net>

<net id="210"><net_src comp="50" pin="0"/><net_sink comp="202" pin=2"/></net>

<net id="211"><net_src comp="52" pin="0"/><net_sink comp="202" pin=3"/></net>

<net id="215"><net_src comp="202" pin="4"/><net_sink comp="212" pin=0"/></net>

<net id="216"><net_src comp="212" pin="1"/><net_sink comp="79" pin=2"/></net>

<net id="217"><net_src comp="212" pin="1"/><net_sink comp="86" pin=2"/></net>

<net id="218"><net_src comp="212" pin="1"/><net_sink comp="93" pin=2"/></net>

<net id="223"><net_src comp="196" pin="2"/><net_sink comp="219" pin=0"/></net>

<net id="227"><net_src comp="54" pin="1"/><net_sink comp="224" pin=0"/></net>

<net id="228"><net_src comp="224" pin="1"/><net_sink comp="131" pin=1"/></net>

<net id="229"><net_src comp="224" pin="1"/><net_sink comp="136" pin=0"/></net>

<net id="230"><net_src comp="224" pin="1"/><net_sink comp="188" pin=1"/></net>

<net id="234"><net_src comp="58" pin="1"/><net_sink comp="231" pin=0"/></net>

<net id="235"><net_src comp="231" pin="1"/><net_sink comp="126" pin=1"/></net>

<net id="236"><net_src comp="231" pin="1"/><net_sink comp="193" pin=0"/></net>

<net id="237"><net_src comp="231" pin="1"/><net_sink comp="219" pin=1"/></net>

<net id="241"><net_src comp="62" pin="1"/><net_sink comp="238" pin=0"/></net>

<net id="242"><net_src comp="238" pin="1"/><net_sink comp="121" pin=1"/></net>

<net id="243"><net_src comp="238" pin="1"/><net_sink comp="139" pin=0"/></net>

<net id="244"><net_src comp="238" pin="1"/><net_sink comp="183" pin=1"/></net>

<net id="251"><net_src comp="159" pin="1"/><net_sink comp="248" pin=0"/></net>

<net id="255"><net_src comp="66" pin="3"/><net_sink comp="252" pin=0"/></net>

<net id="256"><net_src comp="252" pin="1"/><net_sink comp="73" pin=0"/></net>

</net_list>

</model> 
---------------- Datapath Model END ------------------

* FSMD analyzer results:
  - Output states:
	Port: temp1_2 | {2 }
	Port: temp1_1 | {2 }
	Port: temp1 | {2 }
	Port: A | {}
 - Input state : 
	Port: hw5_ex1_Pipeline_VITIS_LOOP_5_1 : A | {1 2 }
  - Chain level:
	State 1
		store_ln5 : 1
		store_ln0 : 1
		store_ln0 : 1
		phi_urem_load : 1
		i_1 : 1
		icmp_ln5 : 2
		add_ln5 : 2
		br_ln5 : 3
		zext_ln5 : 2
		trunc_ln5 : 2
		A_addr : 3
		A_load : 4
		switch_ln6 : 3
		add_ln5_2 : 2
		icmp_ln5_1 : 3
		select_ln5 : 4
		store_ln5 : 3
		store_ln5 : 5
	State 2
		add_ln5_1 : 1
		tmp : 1
		zext_ln5_1 : 2
		temp1_addr : 3
		temp1_1_addr : 3
		temp1_2_addr : 3
		store_ln6 : 4
		store_ln6 : 4
		store_ln6 : 4
		store_ln5 : 2


============================================================
+ Verbose Summary: Datapath Resource usage 
============================================================

* Functional unit list:
|----------|-------------------|---------|---------|
| Operation|  Functional Unit  |    FF   |   LUT   |
|----------|-------------------|---------|---------|
|          |   add_ln5_fu_148  |    0    |    12   |
|    add   |  add_ln5_2_fu_163 |    0    |    12   |
|          |  add_ln5_1_fu_196 |    0    |    18   |
|----------|-------------------|---------|---------|
|   icmp   |  icmp_ln5_fu_142  |    0    |    12   |
|          | icmp_ln5_1_fu_169 |    0    |    12   |
|----------|-------------------|---------|---------|
|  select  | select_ln5_fu_175 |    0    |    5    |
|----------|-------------------|---------|---------|
|   zext   |  zext_ln5_fu_154  |    0    |    0    |
|          | zext_ln5_1_fu_212 |    0    |    0    |
|----------|-------------------|---------|---------|
|   trunc  |  trunc_ln5_fu_159 |    0    |    0    |
|----------|-------------------|---------|---------|
|partselect|     tmp_fu_202    |    0    |    0    |
|----------|-------------------|---------|---------|
|   Total  |                   |    0    |    71   |
|----------|-------------------|---------|---------|

Memories:
N/A

* Register list:
+-----------------+--------+
|                 |   FF   |
+-----------------+--------+
|  A_addr_reg_252 |    5   |
|    i_reg_238    |    5   |
| phi_mul_reg_231 |   11   |
| phi_urem_reg_224|    5   |
|trunc_ln5_reg_248|    2   |
+-----------------+--------+
|      Total      |   28   |
+-----------------+--------+

* Multiplexer (MUX) list: 
|------------------|------|------|------|--------||---------||---------||---------|
|       Comp       |  Pin | Size |  BW  | S x BW ||  Delay  ||    FF   ||   LUT   |
|------------------|------|------|------|--------||---------||---------||---------|
| grp_access_fu_73 |  p0  |   2  |   5  |   10   ||    0    ||    9    |
|------------------|------|------|------|--------||---------||---------||---------|
|       Total      |      |      |      |   10   ||  0.387  ||    0    ||    9    |
|------------------|------|------|------|--------||---------||---------||---------|



* Summary:
+-----------+--------+--------+--------+
|           |  Delay |   FF   |   LUT  |
+-----------+--------+--------+--------+
|  Function |    -   |    0   |   71   |
|   Memory  |    -   |    -   |    -   |
|Multiplexer|    0   |    0   |    9   |
|  Register |    -   |   28   |    -   |
+-----------+--------+--------+--------+
|   Total   |    0   |   28   |   80   |
+-----------+--------+--------+--------+
