

================================================================
== Vitis HLS Report for 'hw5_ex1_Pipeline_VITIS_LOOP_25_1'
================================================================
* Date:           Sat May  9 09:26:23 2026

* Version:        2024.1 (Build 5069499 on May 21 2024)
* Project:        hw5_ex1_proj
* Solution:       solution1 (Vivado IP Flow Target)
* Product family: virtexuplus
* Target device:  xcvu13p-fsga2577-2-e


================================================================
== Performance Estimates
================================================================
+ Timing: 
    * Summary: 
    +--------+----------+----------+------------+
    |  Clock |  Target  | Estimated| Uncertainty|
    +--------+----------+----------+------------+
    |ap_clk  |  25.00 ns|  1.793 ns|     6.75 ns|
    +--------+----------+----------+------------+

+ Latency: 
    * Summary: 
    +---------+---------+----------+----------+-----+-----+-----------------------------------------------+
    |  Latency (cycles) |  Latency (absolute) |  Interval |                    Pipeline                   |
    |   min   |   max   |    min   |    max   | min | max |                      Type                     |
    +---------+---------+----------+----------+-----+-----+-----------------------------------------------+
    |       32|       32|  0.800 us|  0.800 us|   31|   31|  loop auto-rewind stp(delay=0 clock cycles(s))|
    +---------+---------+----------+----------+-----+-----+-----------------------------------------------+

    + Detail: 
        * Instance: 
        N/A

        * Loop: 
        +-------------------+---------+---------+----------+-----------+-----------+------+----------+
        |                   |  Latency (cycles) | Iteration|  Initiation Interval  | Trip |          |
        |     Loop Name     |   min   |   max   |  Latency |  achieved |   target  | Count| Pipelined|
        +-------------------+---------+---------+----------+-----------+-----------+------+----------+
        |- VITIS_LOOP_25_1  |       30|       30|         1|          1|          1|    30|       yes|
        +-------------------+---------+---------+----------+-----------+-----------+------+----------+

============================================================
+ Verbose Summary: Synthesis Manager
============================================================
InlineROM: 1
ExposeGlobal: 0
============================================================
+ Verbose Summary: CDFG Model
============================================================
IsTopModel: 0
ResetActiveHigh: 1
IsCombinational: 0
IsDatapathOnly: 0
HasWiredReturn: 1
HasMFsm: 2
HasVarLatency: 1
IsPipeline: 0
IsRtlPipelined: 0
IsInstanceOverlapped: 0
IsDontTouch: 0
HasImplIP: 0
IsGatedGlobalClock: 0

+ Individual pipeline summary: 
  * Pipeline-0: initiation interval (II) = 1, depth = 1


============================================================
+ Verbose Summary: Schedule
============================================================
* Number of FSM states : 1
* Pipeline : 1
  Pipeline-0 : II = 1, D = 1, States = { 1 }
* Dataflow Pipeline: 0

* FSM state transitions: 
1 --> 

* FSM state operations: 

State 1 <SV = 0> <Delay = 1.79>
ST_1 : Operation 4 [1/1] (0.00ns)   --->   "%i = alloca i32 1" [hw5_ex1.cpp:25]   --->   Operation 4 'alloca' 'i' <Predicate = true> <Delay = 0.00>
ST_1 : Operation 5 [1/1] (0.38ns)   --->   "%store_ln25 = store i5 0, i5 %i" [hw5_ex1.cpp:25]   --->   Operation 5 'store' 'store_ln25' <Predicate = true> <Delay = 0.38>
ST_1 : Operation 6 [1/1] (0.00ns)   --->   "%br_ln0 = br void %for.inc"   --->   Operation 6 'br' 'br_ln0' <Predicate = true> <Delay = 0.00>
ST_1 : Operation 7 [1/1] (0.00ns)   --->   "%i_2 = load i5 %i" [hw5_ex1.cpp:25]   --->   Operation 7 'load' 'i_2' <Predicate = true> <Delay = 0.00>
ST_1 : Operation 8 [1/1] (0.70ns)   --->   "%icmp_ln25 = icmp_eq  i5 %i_2, i5 30" [hw5_ex1.cpp:25]   --->   Operation 8 'icmp' 'icmp_ln25' <Predicate = true> <Delay = 0.70> <CoreInst = "Cmp">   --->   Core 9 'Cmp' <Latency = 0> <II = 1> <Delay = 0.70> <FuncUnit> <Opcode : 'seteq' 'setne' 'setle' 'setge' 'setlt' 'setgt'> <InPorts = 2> <OutPorts = 1>
ST_1 : Operation 9 [1/1] (0.70ns)   --->   "%i_3 = add i5 %i_2, i5 1" [hw5_ex1.cpp:25]   --->   Operation 9 'add' 'i_3' <Predicate = true> <Delay = 0.70> <CoreInst = "Adder">   --->   Core 1 'Adder' <Latency = 0> <II = 1> <Delay = 0.70> <FuncUnit> <Opcode : 'add' 'sub'> <InPorts = 2> <OutPorts = 1>
ST_1 : Operation 10 [1/1] (0.00ns)   --->   "%br_ln25 = br i1 %icmp_ln25, void %for.inc.split, void %for.inc.i.preheader.exitStub" [hw5_ex1.cpp:25]   --->   Operation 10 'br' 'br_ln25' <Predicate = true> <Delay = 0.00>
ST_1 : Operation 11 [1/1] (0.00ns)   --->   "%zext_ln25 = zext i5 %i_2" [hw5_ex1.cpp:25]   --->   Operation 11 'zext' 'zext_ln25' <Predicate = (!icmp_ln25)> <Delay = 0.00>
ST_1 : Operation 12 [1/1] (0.00ns)   --->   "%specpipeline_ln25 = specpipeline void @_ssdm_op_SpecPipeline, i32 4294967295, i32 0, i32 0, i32 0, void @empty_0" [hw5_ex1.cpp:25]   --->   Operation 12 'specpipeline' 'specpipeline_ln25' <Predicate = (!icmp_ln25)> <Delay = 0.00>
ST_1 : Operation 13 [1/1] (0.00ns)   --->   "%speclooptripcount_ln25 = speclooptripcount void @_ssdm_op_SpecLoopTripCount, i64 30, i64 30, i64 30" [hw5_ex1.cpp:25]   --->   Operation 13 'speclooptripcount' 'speclooptripcount_ln25' <Predicate = (!icmp_ln25)> <Delay = 0.00>
ST_1 : Operation 14 [1/1] (0.00ns)   --->   "%specloopname_ln25 = specloopname void @_ssdm_op_SpecLoopName, void @empty_5" [hw5_ex1.cpp:25]   --->   Operation 14 'specloopname' 'specloopname_ln25' <Predicate = (!icmp_ln25)> <Delay = 0.00>
ST_1 : Operation 15 [1/1] (0.00ns)   --->   "%temp2_addr = getelementptr i31 %temp2, i64 0, i64 %zext_ln25" [hw5_ex1.cpp:26]   --->   Operation 15 'getelementptr' 'temp2_addr' <Predicate = (!icmp_ln25)> <Delay = 0.00>
ST_1 : Operation 16 [1/1] (0.69ns)   --->   "%store_ln26 = store i31 0, i5 %temp2_addr" [hw5_ex1.cpp:26]   --->   Operation 16 'store' 'store_ln26' <Predicate = (!icmp_ln25)> <Delay = 0.69> <CoreInst = "RAM">   --->   Core 82 'RAM' <Latency = 1> <II = 1> <Delay = 0.69> <Storage> <Opcode : 'load' 'store'> <Ports = 2> <Width = 31> <Depth = 30> <RAM>
ST_1 : Operation 17 [1/1] (0.38ns)   --->   "%store_ln25 = store i5 %i_3, i5 %i" [hw5_ex1.cpp:25]   --->   Operation 17 'store' 'store_ln25' <Predicate = (!icmp_ln25)> <Delay = 0.38>
ST_1 : Operation 18 [1/1] (0.00ns)   --->   "%br_ln25 = br void %for.inc" [hw5_ex1.cpp:25]   --->   Operation 18 'br' 'br_ln25' <Predicate = (!icmp_ln25)> <Delay = 0.00>
ST_1 : Operation 19 [1/1] (0.38ns)   --->   "%ret_ln0 = ret"   --->   Operation 19 'ret' 'ret_ln0' <Predicate = (icmp_ln25)> <Delay = 0.38>


============================================================
+ Verbose Summary: Timing violations
============================================================
Target clock period: 25.000ns, clock uncertainty: 6.750ns.

 <State 1>: 1.793ns
The critical path consists of the following:
	'store' operation 0 bit ('store_ln25', hw5_ex1.cpp:25) of constant 0 on local variable 'i', hw5_ex1.cpp:25 [3]  (0.387 ns)
	'load' operation 5 bit ('i', hw5_ex1.cpp:25) on local variable 'i', hw5_ex1.cpp:25 [6]  (0.000 ns)
	'icmp' operation 1 bit ('icmp_ln25', hw5_ex1.cpp:25) [7]  (0.707 ns)
	'store' operation 0 bit ('store_ln26', hw5_ex1.cpp:26) of constant 0 on array 'temp2' [16]  (0.699 ns)


============================================================
+ Verbose Summary: Binding
============================================================
N/A
* FSMD analyzer results:
  - Output states:
 - Input state : 
  - Chain level:
	State 1


============================================================
+ Verbose Summary: Datapath Resource usage 
============================================================
N/A
