INFO: [HLS 200-10] Running '/opt/Xilinx/Vivado/2020.1/bin/unwrapped/lnx64.o/vivado_hls'
INFO: [HLS 200-10] For user 'emettner' on host 'cmstrigger02.hep.wisc.edu' (Linux_x86_64 version 6.1.166-1.el9.elrepo.x86_64) on Wed Mar 18 13:40:43 CDT 2026
INFO: [HLS 200-10] In directory '/scratch/emettner/fpga-tachep-studies/HW1'
Sourcing Tcl script '/scratch/emettner/fpga-tachep-studies/HW1/matrix_add/solution1/csynth.tcl'
INFO: [HLS 200-10] Opening project '/scratch/emettner/fpga-tachep-studies/HW1/matrix_add'.
INFO: [HLS 200-10] Adding design file 'matrix_add.cpp' to the project
INFO: [HLS 200-10] Adding test bench file 'matrix_add_tb.cpp' to the project
INFO: [HLS 200-10] Opening solution '/scratch/emettner/fpga-tachep-studies/HW1/matrix_add/solution1'.
INFO: [SYN 201-201] Setting up clock 'default' with a period of 25ns.
INFO: [HLS 200-10] Setting target device to 'xcvu13p-fsga2577-2-e'
INFO: [SYN 201-201] Setting up clock 'default' with a period of 25ns.
INFO: [SCHED 204-61] Option 'relax_ii_for_timing' is enabled, will increase II to preserve clock frequency constraints.
INFO: [HLS 200-10] Analyzing design file 'matrix_add.cpp' ... 
INFO: [HLS 200-111] Finished Linking Time (s): cpu = 00:00:17 ; elapsed = 00:00:17 . Memory (MB): peak = 1629.855 ; gain = 1228.707 ; free physical = 219449 ; free virtual = 236333
INFO: [HLS 200-111] Finished Checking Pragmas Time (s): cpu = 00:00:17 ; elapsed = 00:00:17 . Memory (MB): peak = 1629.855 ; gain = 1228.707 ; free physical = 219449 ; free virtual = 236333
INFO: [HLS 200-10] Starting code transformations ...
INFO: [HLS 200-111] Finished Standard Transforms Time (s): cpu = 00:00:19 ; elapsed = 00:00:19 . Memory (MB): peak = 1629.855 ; gain = 1228.707 ; free physical = 219446 ; free virtual = 236330
INFO: [HLS 200-10] Checking synthesizability ...
INFO: [HLS 200-111] Finished Checking Synthesizability Time (s): cpu = 00:00:19 ; elapsed = 00:00:19 . Memory (MB): peak = 1629.855 ; gain = 1228.707 ; free physical = 219446 ; free virtual = 236330
INFO: [HLS 200-111] Finished Pre-synthesis Time (s): cpu = 00:00:19 ; elapsed = 00:00:19 . Memory (MB): peak = 1629.855 ; gain = 1228.707 ; free physical = 219431 ; free virtual = 236316
INFO: [HLS 200-111] Finished Architecture Synthesis Time (s): cpu = 00:00:19 ; elapsed = 00:00:19 . Memory (MB): peak = 1629.855 ; gain = 1228.707 ; free physical = 219430 ; free virtual = 236315
INFO: [HLS 200-10] Starting hardware synthesis ...
INFO: [HLS 200-10] Synthesizing 'matrix_add' ...
INFO: [HLS 200-10] ----------------------------------------------------------------
INFO: [HLS 200-42] -- Implementing module 'matrix_add' 
INFO: [HLS 200-10] ----------------------------------------------------------------
INFO: [SCHED 204-11] Starting scheduling ...
INFO: [SCHED 204-11] Finished scheduling.
INFO: [HLS 200-111]  Elapsed time: 19.19 seconds; current allocated memory: 146.779 MB.
INFO: [BIND 205-100] Starting micro-architecture generation ...
INFO: [BIND 205-101] Performing variable lifetime analysis.
INFO: [BIND 205-101] Exploring resource sharing.
INFO: [BIND 205-101] Binding ...
INFO: [BIND 205-100] Finished micro-architecture generation.
INFO: [HLS 200-111]  Elapsed time: 0.03 seconds; current allocated memory: 146.918 MB.
INFO: [HLS 200-10] ----------------------------------------------------------------
INFO: [HLS 200-10] -- Generating RTL for module 'matrix_add' 
INFO: [HLS 200-10] ----------------------------------------------------------------
INFO: [RTGEN 206-500] Setting interface mode on port 'matrix_add/A' to 'ap_memory'.
INFO: [RTGEN 206-500] Setting interface mode on port 'matrix_add/B' to 'ap_memory'.
INFO: [RTGEN 206-500] Setting interface mode on port 'matrix_add/C' to 'ap_memory'.
INFO: [RTGEN 206-500] Setting interface mode on function 'matrix_add' to 'ap_ctrl_hs'.
INFO: [RTGEN 206-100] Finished creating RTL model for 'matrix_add'.
INFO: [HLS 200-111]  Elapsed time: 0.05 seconds; current allocated memory: 147.221 MB.
INFO: [HLS 200-790] **** Loop Constraint Status: All loop constraints were satisfied.
INFO: [HLS 200-789] **** Estimated Fmax: 312.89 MHz
INFO: [HLS 200-111] Finished generating all RTL models Time (s): cpu = 00:00:20 ; elapsed = 00:00:20 . Memory (MB): peak = 1629.855 ; gain = 1228.707 ; free physical = 219421 ; free virtual = 236307
INFO: [VHDL 208-304] Generating VHDL RTL for matrix_add.
INFO: [VLOG 209-307] Generating Verilog RTL for matrix_add.
INFO: [HLS 200-112] Total elapsed time: 20.25 seconds; peak allocated memory: 147.221 MB.
