==============================================================
Vitis HLS - High-Level Synthesis from C, C++ and OpenCL v2024.1 (64-bit)
Tool Version Limit: 2024.05
Copyright 1986-2022 Xilinx, Inc. All Rights Reserved.
Copyright 2022-2024 Advanced Micro Devices, Inc. All Rights Reserved.

==============================================================
INFO: [HLS 200-1505] Using flow_target 'vivado'
INFO: [HLS 200-1510] Running: set_part xcvu13p-fsga2577-2-e 
INFO: [HLS 200-1611] Setting target device to 'xcvu13p-fsga2577-2-e'
INFO: [HLS 200-1510] Running: create_clock -period 25 -name default 
INFO: [SYN 201-201] Setting up clock 'default' with a period of 25ns.
INFO: [HLS 200-1510] Running: csim_design 
INFO: [SIM 211-2] *************** CSIM start ***************
INFO: [SIM 211-4] CSIM will launch CLANG as the compiler.
INFO: [HLS 200-2036] Building debug C Simulation binaries
INFO: [SIM 211-1] CSim done with 0 errors.
INFO: [SIM 211-3] *************** CSIM finish ***************
INFO: [HLS 200-2161] Finished Command csim_design Elapsed time: 00:00:01; Allocated memory: 0.195 MB.
INFO: [HLS 200-1510] Running: csynth_design 
INFO: [HLS 200-111] Finished File checks and directory preparation: CPU user time: 0.19 seconds. CPU system time: 0.02 seconds. Elapsed time: 0.21 seconds; current allocated memory: 325.211 MB.
INFO: [HLS 200-10] Analyzing design file 'hw1_ops.cpp' ... 
INFO: [HLS 200-111] Finished Source Code Analysis and Preprocessing: CPU user time: 0.69 seconds. CPU system time: 0.78 seconds. Elapsed time: 2.01 seconds; current allocated memory: 327.141 MB.
INFO: [HLS 200-777] Using interface defaults for 'Vivado' flow target.
INFO: [HLS 200-1995] There were 20 instructions in the design after the 'Compile/Link' phase of compilation. See the Design Size Report for more details: /scratch/emettner/fpga-tachep-studies/HW1/hw1_vector_add/solution1/syn/report/csynth_design_size.rpt
INFO: [HLS 200-1995] There were 18 instructions in the design after the 'Unroll/Inline (step 1)' phase of compilation. See the Design Size Report for more details: /scratch/emettner/fpga-tachep-studies/HW1/hw1_vector_add/solution1/syn/report/csynth_design_size.rpt
INFO: [HLS 200-1995] There were 14 instructions in the design after the 'Unroll/Inline (step 2)' phase of compilation. See the Design Size Report for more details: /scratch/emettner/fpga-tachep-studies/HW1/hw1_vector_add/solution1/syn/report/csynth_design_size.rpt
INFO: [HLS 200-1995] There were 13 instructions in the design after the 'Unroll/Inline (step 3)' phase of compilation. See the Design Size Report for more details: /scratch/emettner/fpga-tachep-studies/HW1/hw1_vector_add/solution1/syn/report/csynth_design_size.rpt
INFO: [HLS 200-1995] There were 13 instructions in the design after the 'Unroll/Inline (step 4)' phase of compilation. See the Design Size Report for more details: /scratch/emettner/fpga-tachep-studies/HW1/hw1_vector_add/solution1/syn/report/csynth_design_size.rpt
INFO: [HLS 200-1995] There were 13 instructions in the design after the 'Array/Struct (step 1)' phase of compilation. See the Design Size Report for more details: /scratch/emettner/fpga-tachep-studies/HW1/hw1_vector_add/solution1/syn/report/csynth_design_size.rpt
INFO: [HLS 200-1995] There were 13 instructions in the design after the 'Array/Struct (step 2)' phase of compilation. See the Design Size Report for more details: /scratch/emettner/fpga-tachep-studies/HW1/hw1_vector_add/solution1/syn/report/csynth_design_size.rpt
INFO: [HLS 200-1995] There were 13 instructions in the design after the 'Array/Struct (step 3)' phase of compilation. See the Design Size Report for more details: /scratch/emettner/fpga-tachep-studies/HW1/hw1_vector_add/solution1/syn/report/csynth_design_size.rpt
INFO: [HLS 200-1995] There were 13 instructions in the design after the 'Array/Struct (step 4)' phase of compilation. See the Design Size Report for more details: /scratch/emettner/fpga-tachep-studies/HW1/hw1_vector_add/solution1/syn/report/csynth_design_size.rpt
INFO: [HLS 200-1995] There were 13 instructions in the design after the 'Array/Struct (step 5)' phase of compilation. See the Design Size Report for more details: /scratch/emettner/fpga-tachep-studies/HW1/hw1_vector_add/solution1/syn/report/csynth_design_size.rpt
INFO: [HLS 200-1995] There were 13 instructions in the design after the 'Performance (step 1)' phase of compilation. See the Design Size Report for more details: /scratch/emettner/fpga-tachep-studies/HW1/hw1_vector_add/solution1/syn/report/csynth_design_size.rpt
INFO: [HLS 200-1995] There were 13 instructions in the design after the 'Performance (step 2)' phase of compilation. See the Design Size Report for more details: /scratch/emettner/fpga-tachep-studies/HW1/hw1_vector_add/solution1/syn/report/csynth_design_size.rpt
INFO: [HLS 200-1995] There were 13 instructions in the design after the 'Performance (step 3)' phase of compilation. See the Design Size Report for more details: /scratch/emettner/fpga-tachep-studies/HW1/hw1_vector_add/solution1/syn/report/csynth_design_size.rpt
INFO: [HLS 200-1995] There were 13 instructions in the design after the 'Performance (step 4)' phase of compilation. See the Design Size Report for more details: /scratch/emettner/fpga-tachep-studies/HW1/hw1_vector_add/solution1/syn/report/csynth_design_size.rpt
INFO: [HLS 200-1995] There were 19 instructions in the design after the 'HW Transforms (step 1)' phase of compilation. See the Design Size Report for more details: /scratch/emettner/fpga-tachep-studies/HW1/hw1_vector_add/solution1/syn/report/csynth_design_size.rpt
INFO: [HLS 200-1995] There were 24 instructions in the design after the 'HW Transforms (step 2)' phase of compilation. See the Design Size Report for more details: /scratch/emettner/fpga-tachep-studies/HW1/hw1_vector_add/solution1/syn/report/csynth_design_size.rpt
INFO: [HLS 200-111] Finished Compiling Optimization and Transform: CPU user time: 3.59 seconds. CPU system time: 0.72 seconds. Elapsed time: 9.12 seconds; current allocated memory: 336.703 MB.
INFO: [HLS 200-111] Finished Checking Pragmas: CPU user time: 0 seconds. CPU system time: 0 seconds. Elapsed time: 0.01 seconds; current allocated memory: 336.703 MB.
INFO: [HLS 200-10] Starting code transformations ...
INFO: [HLS 200-111] Finished Standard Transforms: CPU user time: 0.02 seconds. CPU system time: 0.01 seconds. Elapsed time: 0.05 seconds; current allocated memory: 336.703 MB.
INFO: [HLS 200-10] Checking synthesizability ...
INFO: [HLS 200-111] Finished Checking Synthesizability: CPU user time: 0.02 seconds. CPU system time: 0 seconds. Elapsed time: 0.03 seconds; current allocated memory: 336.703 MB.
INFO: [HLS 200-111] Finished Loop, function and other optimizations: CPU user time: 0.04 seconds. CPU system time: 0.01 seconds. Elapsed time: 0.06 seconds; current allocated memory: 358.016 MB.
INFO: [HLS 200-111] Finished Architecture Synthesis: CPU user time: 0.03 seconds. CPU system time: 0 seconds. Elapsed time: 0.03 seconds; current allocated memory: 358.016 MB.
INFO: [HLS 200-10] Starting hardware synthesis ...
INFO: [HLS 200-10] Synthesizing 'vector_add' ...
INFO: [HLS 200-10] ----------------------------------------------------------------
INFO: [HLS 200-42] -- Implementing module 'vector_add' 
INFO: [HLS 200-10] ----------------------------------------------------------------
INFO: [SCHED 204-11] Starting scheduling ...
INFO: [SCHED 204-61] Pipelining loop 'VITIS_LOOP_5_1'.
INFO: [HLS 200-1470] Pipelining result : Target II = 1, Final II = 1, Depth = 2, loop 'VITIS_LOOP_5_1'
INFO: [SCHED 204-11] Finished scheduling.
INFO: [HLS 200-111] Finished Scheduling: CPU user time: 0.08 seconds. CPU system time: 0.03 seconds. Elapsed time: 0.18 seconds; current allocated memory: 358.016 MB.
INFO: [BIND 205-100] Starting micro-architecture generation ...
INFO: [BIND 205-101] Performing variable lifetime analysis.
INFO: [BIND 205-101] Exploring resource sharing.
INFO: [BIND 205-101] Binding ...
INFO: [BIND 205-100] Finished micro-architecture generation.
INFO: [HLS 200-111] Finished Binding: CPU user time: 0.03 seconds. CPU system time: 0.01 seconds. Elapsed time: 0.04 seconds; current allocated memory: 358.016 MB.
INFO: [HLS 200-10] ----------------------------------------------------------------
INFO: [HLS 200-10] -- Generating RTL for module 'vector_add' 
INFO: [HLS 200-10] ----------------------------------------------------------------
INFO: [RTGEN 206-500] Setting interface mode on port 'vector_add/A' to 'ap_memory'.
INFO: [RTGEN 206-500] Setting interface mode on port 'vector_add/B' to 'ap_memory'.
INFO: [RTGEN 206-500] Setting interface mode on port 'vector_add/C' to 'ap_memory'.
INFO: [RTGEN 206-500] Setting interface mode on function 'vector_add' to 'ap_ctrl_hs'.
INFO: [HLS 200-1030] Apply Unified Pipeline Control on module 'vector_add' pipeline 'VITIS_LOOP_5_1' pipeline type 'loop pipeline'
INFO: [RTGEN 206-100] Finished creating RTL model for 'vector_add'.
INFO: [HLS 200-111] Finished Creating RTL model: CPU user time: 0.03 seconds. CPU system time: 0 seconds. Elapsed time: 0.2 seconds; current allocated memory: 358.016 MB.
INFO: [HLS 200-111] Finished Generating all RTL models: CPU user time: 0.29 seconds. CPU system time: 0.03 seconds. Elapsed time: 0.44 seconds; current allocated memory: 358.016 MB.
INFO: [HLS 200-111] Finished Updating report files: CPU user time: 0.42 seconds. CPU system time: 0.04 seconds. Elapsed time: 0.46 seconds; current allocated memory: 358.016 MB.
INFO: [VHDL 208-304] Generating VHDL RTL for vector_add.
INFO: [VLOG 209-307] Generating Verilog RTL for vector_add.
INFO: [HLS 200-790] **** Loop Constraint Status: All loop constraints were satisfied.
INFO: [HLS 200-789] **** Estimated Fmax: 438.98 MHz
INFO: [HLS 200-2161] Finished Command csynth_design Elapsed time: 00:00:13; Allocated memory: 33.242 MB.
INFO: [HLS 200-1510] Running: close_project 
