

================================================================
== Vitis HLS Report for 'compute_blur'
================================================================
* Date:           Sat May  9 10:28:40 2026

* Version:        2024.1 (Build 5069499 on May 21 2024)
* Project:        hw5_ex1_op_proj
* Solution:       solution1 (Vivado IP Flow Target)
* Product family: virtexuplus
* Target device:  xcvu13p-fsga2577-2-e


================================================================
== Performance Estimates
================================================================
+ Timing: 
    * Summary: 
    +--------+----------+----------+------------+
    |  Clock |  Target  | Estimated| Uncertainty|
    +--------+----------+----------+------------+
    |ap_clk  |  25.00 ns|  7.914 ns|     6.75 ns|
    +--------+----------+----------+------------+

+ Latency: 
    * Summary: 
    +---------+---------+----------+----------+-----+-----+-----------------------------------------------+
    |  Latency (cycles) |  Latency (absolute) |  Interval |                    Pipeline                   |
    |   min   |   max   |    min   |    max   | min | max |                      Type                     |
    +---------+---------+----------+----------+-----+-----+-----------------------------------------------+
    |       39|       39|  0.975 us|  0.975 us|   29|   29|  loop auto-rewind stp(delay=0 clock cycles(s))|
    +---------+---------+----------+----------+-----+-----+-----------------------------------------------+

    + Detail: 
        * Instance: 
        N/A

        * Loop: 
        +-------------------+---------+---------+----------+-----------+-----------+------+----------+
        |                   |  Latency (cycles) | Iteration|  Initiation Interval  | Trip |          |
        |     Loop Name     |   min   |   max   |  Latency |  achieved |   target  | Count| Pipelined|
        +-------------------+---------+---------+----------+-----------+-----------+------+----------+
        |- VITIS_LOOP_14_1  |       37|       37|        11|          1|          1|    28|       yes|
        +-------------------+---------+---------+----------+-----------+-----------+------+----------+



================================================================
== Utilization Estimates
================================================================
* Summary: 
+---------------------+---------+-------+---------+---------+------+
|         Name        | BRAM_18K|  DSP  |    FF   |   LUT   | URAM |
+---------------------+---------+-------+---------+---------+------+
|DSP                  |        -|      -|        -|        -|     -|
|Expression           |        -|      -|        0|      274|     -|
|FIFO                 |        -|      -|        -|        -|     -|
|Instance             |        -|      4|       98|      197|     -|
|Memory               |        -|      -|        -|        -|     -|
|Multiplexer          |        -|      -|        0|       96|     -|
|Register             |        -|      -|      167|       64|     -|
+---------------------+---------+-------+---------+---------+------+
|Total                |        0|      4|      265|      631|     0|
+---------------------+---------+-------+---------+---------+------+
|Available SLR        |     1344|   3072|   864000|   432000|   320|
+---------------------+---------+-------+---------+---------+------+
|Utilization SLR (%)  |        0|     ~0|       ~0|       ~0|     0|
+---------------------+---------+-------+---------+---------+------+
|Available            |     5376|  12288|  3456000|  1728000|  1280|
+---------------------+---------+-------+---------+---------+------+
|Utilization (%)      |        0|     ~0|       ~0|       ~0|     0|
+---------------------+---------+-------+---------+---------+------+

+ Detail: 
    * Instance: 
    +--------------------------+----------------------+---------+----+----+----+-----+
    |         Instance         |        Module        | BRAM_18K| DSP| FF | LUT| URAM|
    +--------------------------+----------------------+---------+----+----+----+-----+
    |mul_32s_34ns_65_1_1_U4    |mul_32s_34ns_65_1_1   |        0|   4|   0|  22|    0|
    |mul_5ns_7ns_11_1_1_U6     |mul_5ns_7ns_11_1_1    |        0|   0|   0|  33|    0|
    |mul_5ns_7ns_11_1_1_U7     |mul_5ns_7ns_11_1_1    |        0|   0|   0|  33|    0|
    |mul_5ns_7ns_11_1_1_U8     |mul_5ns_7ns_11_1_1    |        0|   0|   0|  33|    0|
    |sparsemux_7_2_32_1_1_U9   |sparsemux_7_2_32_1_1  |        0|   0|   0|   9|    0|
    |sparsemux_7_2_32_1_1_U10  |sparsemux_7_2_32_1_1  |        0|   0|   0|   9|    0|
    |sparsemux_7_2_32_1_1_U11  |sparsemux_7_2_32_1_1  |        0|   0|   0|   9|    0|
    |urem_5ns_3ns_2_9_1_U5     |urem_5ns_3ns_2_9_1    |        0|   0|  98|  49|    0|
    +--------------------------+----------------------+---------+----+----+----+-----+
    |Total                     |                      |        0|   4|  98| 197|    0|
    +--------------------------+----------------------+---------+----+----+----+-----+

    * DSP: 
    N/A

    * Memory: 
    N/A

    * FIFO: 
    N/A

    * Expression: 
    +-------------------------+----------+----+---+----+------------+------------+
    |      Variable Name      | Operation| DSP| FF| LUT| Bitwidth P0| Bitwidth P1|
    +-------------------------+----------+----+---+----+------------+------------+
    |add_ln16_1_fu_197_p2     |         +|   0|  0|  12|           5|           1|
    |add_ln16_2_fu_357_p2     |         +|   0|  0|  32|          32|          32|
    |add_ln16_3_fu_363_p2     |         +|   0|  0|  32|          32|          32|
    |add_ln16_fu_258_p2       |         +|   0|  0|  12|           5|           2|
    |sub_ln16_1_fu_416_p2     |         -|   0|  0|  38|           1|          31|
    |sub_ln16_fu_374_p2       |         -|   0|  0|  72|           1|          65|
    |icmp_ln14_fu_185_p2      |      icmp|   0|  0|  12|           5|           3|
    |select_ln16_1_fu_422_p3  |    select|   0|  0|  31|           1|          31|
    |select_ln16_fu_408_p3    |    select|   0|  0|  31|           1|          31|
    |ap_enable_pp0            |       xor|   0|  0|   2|           1|           2|
    +-------------------------+----------+----+---+----+------------+------------+
    |Total                    |          |   0|  0| 274|          84|         230|
    +-------------------------+----------+----+---+----+------------+------------+

    * Multiplexer: 
    +-------------------------+----+-----------+-----+-----------+
    |           Name          | LUT| Input Size| Bits| Total Bits|
    +-------------------------+----+-----------+-----+-----------+
    |ap_done_int              |   9|          2|    1|          2|
    |ap_enable_reg_pp0_iter1  |   9|          2|    1|          2|
    |ap_sig_allocacmp_i_3     |   9|          2|    5|         10|
    |i_fu_68                  |   9|          2|    5|         10|
    |in_c_0_address0_local    |  20|          4|    4|         16|
    |in_c_1_address0_local    |  20|          4|    4|         16|
    |in_c_2_address0_local    |  20|          4|    4|         16|
    +-------------------------+----+-----------+-----+-----------+
    |Total                    |  96|         20|   24|         72|
    +-------------------------+----+-----------+-----+-----------+

    * Register: 
    +----------------------------------+----+----+-----+-----------+
    |               Name               | FF | LUT| Bits| Const Bits|
    +----------------------------------+----+----+-----+-----------+
    |ap_CS_fsm                         |   1|   0|    1|          0|
    |ap_done_reg                       |   1|   0|    1|          0|
    |ap_enable_reg_pp0_iter1           |   1|   0|    1|          0|
    |ap_enable_reg_pp0_iter10          |   1|   0|    1|          0|
    |ap_enable_reg_pp0_iter2           |   1|   0|    1|          0|
    |ap_enable_reg_pp0_iter3           |   1|   0|    1|          0|
    |ap_enable_reg_pp0_iter4           |   1|   0|    1|          0|
    |ap_enable_reg_pp0_iter5           |   1|   0|    1|          0|
    |ap_enable_reg_pp0_iter6           |   1|   0|    1|          0|
    |ap_enable_reg_pp0_iter7           |   1|   0|    1|          0|
    |ap_enable_reg_pp0_iter8           |   1|   0|    1|          0|
    |ap_enable_reg_pp0_iter9           |   1|   0|    1|          0|
    |ap_loop_exit_ready_pp0_iter1_reg  |   1|   0|    1|          0|
    |ap_loop_exit_ready_pp0_iter2_reg  |   1|   0|    1|          0|
    |ap_loop_exit_ready_pp0_iter3_reg  |   1|   0|    1|          0|
    |ap_loop_exit_ready_pp0_iter4_reg  |   1|   0|    1|          0|
    |ap_loop_exit_ready_pp0_iter5_reg  |   1|   0|    1|          0|
    |ap_loop_exit_ready_pp0_iter6_reg  |   1|   0|    1|          0|
    |ap_loop_exit_ready_pp0_iter7_reg  |   1|   0|    1|          0|
    |ap_loop_exit_ready_pp0_iter8_reg  |   1|   0|    1|          0|
    |ap_loop_exit_ready_pp0_iter9_reg  |   1|   0|    1|          0|
    |i_3_reg_438                       |   5|   0|    5|          0|
    |i_fu_68                           |   5|   0|    5|          0|
    |tmp_5_reg_450                     |   4|   0|    4|          0|
    |trunc_ln14_reg_455                |   2|   0|    2|          0|
    |trunc_ln14_reg_455_pp0_iter9_reg  |   2|   0|    2|          0|
    |i_3_reg_438                       |  64|  32|    5|          0|
    |tmp_5_reg_450                     |  64|  32|    4|          0|
    +----------------------------------+----+----+-----+-----------+
    |Total                             | 167|  64|   48|          0|
    +----------------------------------+----+----+-----+-----------+



================================================================
== Interface
================================================================
* Summary: 
+-----------------+-----+-----+------------+--------------+--------------+
|    RTL Ports    | Dir | Bits|  Protocol  | Source Object|    C Type    |
+-----------------+-----+-----+------------+--------------+--------------+
|ap_clk           |   in|    1|  ap_ctrl_hs|  compute_blur|  return value|
|ap_rst           |   in|    1|  ap_ctrl_hs|  compute_blur|  return value|
|ap_start         |   in|    1|  ap_ctrl_hs|  compute_blur|  return value|
|ap_done          |  out|    1|  ap_ctrl_hs|  compute_blur|  return value|
|ap_idle          |  out|    1|  ap_ctrl_hs|  compute_blur|  return value|
|ap_ready         |  out|    1|  ap_ctrl_hs|  compute_blur|  return value|
|in_c_0_address0  |  out|    4|   ap_memory|        in_c_0|         array|
|in_c_0_ce0       |  out|    1|   ap_memory|        in_c_0|         array|
|in_c_0_q0        |   in|   32|   ap_memory|        in_c_0|         array|
|in_c_1_address0  |  out|    4|   ap_memory|        in_c_1|         array|
|in_c_1_ce0       |  out|    1|   ap_memory|        in_c_1|         array|
|in_c_1_q0        |   in|   32|   ap_memory|        in_c_1|         array|
|in_c_2_address0  |  out|    4|   ap_memory|        in_c_2|         array|
|in_c_2_ce0       |  out|    1|   ap_memory|        in_c_2|         array|
|in_c_2_q0        |   in|   32|   ap_memory|        in_c_2|         array|
|out_c_address0   |  out|    5|   ap_memory|         out_c|         array|
|out_c_ce0        |  out|    1|   ap_memory|         out_c|         array|
|out_c_we0        |  out|    1|   ap_memory|         out_c|         array|
|out_c_d0         |  out|   31|   ap_memory|         out_c|         array|
+-----------------+-----+-----+------------+--------------+--------------+

