================================================================
== Design Size Report
================================================================

* Total Instructions per Compilation Phase
+---------------+-----------------------------+--------------+----------------------------------------------------------------------------------------+
| Phase         | Step                        | Instructions | Description                                                                            |
+---------------+-----------------------------+--------------+----------------------------------------------------------------------------------------+
| Compile/Link  |                             |  80          | After all functions are compiled and linked into a single design                       |
|               |                             |              |                                                                                        |
| Unroll/Inline |                             |              | After user unroll and inline pragmas are applied                                       |
|               | (1) unroll                  |  66          | user unroll pragmas are applied                                                        |
|               | (2) simplification          |  54          | simplification of applied user unroll pragmas                                          |
|               | (3) inline                  |  49          | user inline pragmas are applied                                                        |
|               | (4) simplification          |  49          | simplification of applied user inline pragmas                                          |
|               |                             |              |                                                                                        |
| Array/Struct  |                             |              | After user array partition and struct aggregate/disaggregate pragmas are applied       |
|               | (1) array partition         | 100          | user array partition pragmas are applied                                               |
|               | (2) simplification          |  90          | simplification of applied user array partition & struct aggregate/disaggregate pragmas |
|               | (3) aggregate/disaggregate  |  90          | user struct aggregate/disaggregate pragmas are applied                                 |
|               | (4) array reshape           |  90          | apply array reshape pragmas                                                            |
|               | (5) access patterns         |  90          | array access pattern optmizations                                                      |
|               |                             |              |                                                                                        |
| Performance   |                             |              | After transformations are applied to meet performance pragma targets                   |
|               | (1) loop simplification     |  90          | loop and instruction simplification                                                    |
|               | (2) parallelization         |  90          | loops are unrolled or pipelined to meet performance targets                            |
|               | (3) array partition         |  90          | arrays are partitioned to meet performance targets                                     |
|               | (4) simplification          |  90          | simplification of design after performance transformations                             |
|               |                             |              |                                                                                        |
| HW Transforms |                             |              | After hardware transfomations                                                          |
|               | (1) lowering                |  90          | initial conversion to HW specific instructions                                         |
|               | (2) optimizations           | 106          | high level synthesis optimizations                                                     |
+---------------+-----------------------------+--------------+----------------------------------------------------------------------------------------+

* Instructions per Function for each Compilation Phase
+-----------------+-------------------+--------------+---------------+--------------+-------------+---------------+
| Function        | Location          | Compile/Link | Unroll/Inline | Array/Struct | Performance | HW Transforms |
+-----------------+-------------------+--------------+---------------+--------------+-------------+---------------+
| + hw5_ex1_op    | hw5_ex1_op.cpp:28 | 80           | 49            | 90           | 90          | 106           |
|    read_data    | hw5_ex1_op.cpp:4  | 16           | 10            | 25           | 25          |  30           |
|    compute_blur | hw5_ex1_op.cpp:12 | 27           | 18            | 37           | 37          |  42           |
|    write_data   | hw5_ex1_op.cpp:20 | 16           | 10            | 10           | 10          |  15           |
+-----------------+-------------------+--------------+---------------+--------------+-------------+---------------+

* Design Size Message Settings
+---------------------------------------------+--------+------------------------------------------------------------------+
| Message Setting                             | Value  | Description                                                      |
+---------------------------------------------+--------+------------------------------------------------------------------+
| config_compile -design_size_maximum_warning | 100000 | Show a warning when total design instructions exceeds this value |
+---------------------------------------------+--------+------------------------------------------------------------------+


