

================================================================
== Vitis HLS Report for 'hw5_ex1_op'
================================================================
* Date:           Sat May  9 10:28:40 2026

* Version:        2024.1 (Build 5069499 on May 21 2024)
* Project:        hw5_ex1_op_proj
* Solution:       solution1 (Vivado IP Flow Target)
* Product family: virtexuplus
* Target device:  xcvu13p-fsga2577-2-e


================================================================
== Performance Estimates
================================================================
+ Timing: 
    * Summary: 
    +--------+----------+----------+------------+
    |  Clock |  Target  | Estimated| Uncertainty|
    +--------+----------+----------+------------+
    |ap_clk  |  25.00 ns|  7.914 ns|     6.75 ns|
    +--------+----------+----------+------------+

+ Latency: 
    * Summary: 
    +---------+---------+----------+----------+-----+-----+---------+
    |  Latency (cycles) |  Latency (absolute) |  Interval | Pipeline|
    |   min   |   max   |    min   |    max   | min | max |   Type  |
    +---------+---------+----------+----------+-----+-----+---------+
    |      108|      108|  2.700 us|  2.700 us|  109|  109|       no|
    +---------+---------+----------+----------+-----+-----+---------+

    + Detail: 
        * Instance: 
        +------------------------+--------------+---------+---------+----------+----------+-----+-----+-----------------------------------------------+
        |                        |              |  Latency (cycles) |  Latency (absolute) |  Interval |                    Pipeline                   |
        |        Instance        |    Module    |   min   |   max   |    min   |    max   | min | max |                      Type                     |
        +------------------------+--------------+---------+---------+----------+----------+-----+-----+-----------------------------------------------+
        |grp_read_data_fu_44     |read_data     |       32|       32|  0.800 us|  0.800 us|   31|   31|  loop auto-rewind stp(delay=0 clock cycles(s))|
        |grp_compute_blur_fu_56  |compute_blur  |       39|       39|  0.975 us|  0.975 us|   29|   29|  loop auto-rewind stp(delay=0 clock cycles(s))|
        |grp_write_data_fu_64    |write_data    |       32|       32|  0.800 us|  0.800 us|   31|   31|  loop auto-rewind stp(delay=0 clock cycles(s))|
        +------------------------+--------------+---------+---------+----------+----------+-----+-----+-----------------------------------------------+

        * Loop: 
        N/A



================================================================
== Utilization Estimates
================================================================
* Summary: 
+---------------------+---------+-------+---------+---------+------+
|         Name        | BRAM_18K|  DSP  |    FF   |   LUT   | URAM |
+---------------------+---------+-------+---------+---------+------+
|DSP                  |        -|      -|        -|        -|     -|
|Expression           |        -|      -|        -|        -|     -|
|FIFO                 |        -|      -|        -|        -|     -|
|Instance             |        -|      4|      304|      838|     -|
|Memory               |        0|      -|      128|      132|     0|
|Multiplexer          |        -|      -|        0|      185|     -|
|Register             |        -|      -|        9|        -|     -|
+---------------------+---------+-------+---------+---------+------+
|Total                |        0|      4|      441|     1155|     0|
+---------------------+---------+-------+---------+---------+------+
|Available SLR        |     1344|   3072|   864000|   432000|   320|
+---------------------+---------+-------+---------+---------+------+
|Utilization SLR (%)  |        0|     ~0|       ~0|       ~0|     0|
+---------------------+---------+-------+---------+---------+------+
|Available            |     5376|  12288|  3456000|  1728000|  1280|
+---------------------+---------+-------+---------+---------+------+
|Utilization (%)      |        0|     ~0|       ~0|       ~0|     0|
+---------------------+---------+-------+---------+---------+------+

+ Detail: 
    * Instance: 
    +------------------------+--------------+---------+----+-----+-----+-----+
    |        Instance        |    Module    | BRAM_18K| DSP|  FF | LUT | URAM|
    +------------------------+--------------+---------+----+-----+-----+-----+
    |grp_compute_blur_fu_56  |compute_blur  |        0|   4|  265|  631|    0|
    |grp_read_data_fu_44     |read_data     |        0|   0|   26|  136|    0|
    |grp_write_data_fu_64    |write_data    |        0|   0|   13|   71|    0|
    +------------------------+--------------+---------+----+-----+-----+-----+
    |Total                   |              |        0|   4|  304|  838|    0|
    +------------------------+--------------+---------+----+-----+-----+-----+

    * DSP: 
    N/A

    * Memory: 
    +-----------+---------------------+---------+----+----+-----+------+-----+------+-------------+
    |   Memory  |        Module       | BRAM_18K| FF | LUT| URAM| Words| Bits| Banks| W*Bits*Banks|
    +-----------+---------------------+---------+----+----+-----+------+-----+------+-------------+
    |temp1_U    |temp1_RAM_AUTO_1R1W  |        0|  32|  33|    0|    10|   32|     1|          320|
    |temp1_1_U  |temp1_RAM_AUTO_1R1W  |        0|  32|  33|    0|    10|   32|     1|          320|
    |temp1_2_U  |temp1_RAM_AUTO_1R1W  |        0|  32|  33|    0|    10|   32|     1|          320|
    |temp2_U    |temp2_RAM_AUTO_1R1W  |        0|  32|  33|    0|    30|   31|     1|          930|
    +-----------+---------------------+---------+----+----+-----+------+-----+------+-------------+
    |Total      |                     |        0| 128| 132|    0|    60|  127|     4|         1890|
    +-----------+---------------------+---------+----+----+-----+------+-----+------+-------------+

    * FIFO: 
    N/A

    * Expression: 
    N/A

    * Multiplexer: 
    +------------------+----+-----------+-----+-----------+
    |       Name       | LUT| Input Size| Bits| Total Bits|
    +------------------+----+-----------+-----+-----------+
    |ap_NS_fsm         |  37|          7|    1|          7|
    |temp1_1_address0  |  14|          3|    4|         12|
    |temp1_1_ce0       |  14|          3|    1|          3|
    |temp1_1_we0       |   9|          2|    1|          2|
    |temp1_2_address0  |  14|          3|    4|         12|
    |temp1_2_ce0       |  14|          3|    1|          3|
    |temp1_2_we0       |   9|          2|    1|          2|
    |temp1_address0    |  14|          3|    4|         12|
    |temp1_ce0         |  14|          3|    1|          3|
    |temp1_we0         |   9|          2|    1|          2|
    |temp2_address0    |  14|          3|    5|         15|
    |temp2_ce0         |  14|          3|    1|          3|
    |temp2_we0         |   9|          2|    1|          2|
    +------------------+----+-----------+-----+-----------+
    |Total             | 185|         39|   26|         78|
    +------------------+----+-----------+-----+-----------+

    * Register: 
    +-------------------------------------+---+----+-----+-----------+
    |                 Name                | FF| LUT| Bits| Const Bits|
    +-------------------------------------+---+----+-----+-----------+
    |ap_CS_fsm                            |  6|   0|    6|          0|
    |grp_compute_blur_fu_56_ap_start_reg  |  1|   0|    1|          0|
    |grp_read_data_fu_44_ap_start_reg     |  1|   0|    1|          0|
    |grp_write_data_fu_64_ap_start_reg    |  1|   0|    1|          0|
    +-------------------------------------+---+----+-----+-----------+
    |Total                                |  9|   0|    9|          0|
    +-------------------------------------+---+----+-----+-----------+



================================================================
== Interface
================================================================
* Summary: 
+----------+-----+-----+------------+--------------+--------------+
| RTL Ports| Dir | Bits|  Protocol  | Source Object|    C Type    |
+----------+-----+-----+------------+--------------+--------------+
|ap_clk    |   in|    1|  ap_ctrl_hs|    hw5_ex1_op|  return value|
|ap_rst    |   in|    1|  ap_ctrl_hs|    hw5_ex1_op|  return value|
|ap_start  |   in|    1|  ap_ctrl_hs|    hw5_ex1_op|  return value|
|ap_done   |  out|    1|  ap_ctrl_hs|    hw5_ex1_op|  return value|
|ap_idle   |  out|    1|  ap_ctrl_hs|    hw5_ex1_op|  return value|
|ap_ready  |  out|    1|  ap_ctrl_hs|    hw5_ex1_op|  return value|
|A_Addr_A  |  out|   32|        bram|             A|         array|
|A_EN_A    |  out|    1|        bram|             A|         array|
|A_WEN_A   |  out|    4|        bram|             A|         array|
|A_Din_A   |  out|   32|        bram|             A|         array|
|A_Dout_A  |   in|   32|        bram|             A|         array|
|A_Clk_A   |  out|    1|        bram|             A|         array|
|A_Rst_A   |  out|    1|        bram|             A|         array|
|B_Addr_A  |  out|   32|        bram|             B|         array|
|B_EN_A    |  out|    1|        bram|             B|         array|
|B_WEN_A   |  out|    4|        bram|             B|         array|
|B_Din_A   |  out|   32|        bram|             B|         array|
|B_Dout_A  |   in|   32|        bram|             B|         array|
|B_Clk_A   |  out|    1|        bram|             B|         array|
|B_Rst_A   |  out|    1|        bram|             B|         array|
+----------+-----+-----+------------+--------------+--------------+

