INFO: [SIM 2] *************** CSIM start ***************
INFO: [SIM 4] CSIM will launch CLANG as the compiler.
   Compiling ../../../../hw1_tb.cpp in debug mode
   Compiling ../../../../hw1_ops.cpp in debug mode
   Generating csim.exe
Vector addition result: 11 11 11 11 11 11 11 11 11 11 
Vector multiplication result: 10 18 24 28 30 30 28 24 18 10 
Matrix addition result:
1 3 5 7 9 11 13 15 17 19 
3 5 7 9 11 13 15 17 19 21 
5 7 9 11 13 15 17 19 21 23 
7 9 11 13 15 17 19 21 23 25 
9 11 13 15 17 19 21 23 25 27 
11 13 15 17 19 21 23 25 27 29 
13 15 17 19 21 23 25 27 29 31 
15 17 19 21 23 25 27 29 31 33 
17 19 21 23 25 27 29 31 33 35 
19 21 23 25 27 29 31 33 35 37 

Matrix multiplication result:
330 375 420 465 510 555 600 645 690 735 
385 440 495 550 605 660 715 770 825 880 
440 505 570 635 700 765 830 895 960 1025 
495 570 645 720 795 870 945 1020 1095 1170 
550 635 720 805 890 975 1060 1145 1230 1315 
605 700 795 890 985 1080 1175 1270 1365 1460 
660 765 870 975 1080 1185 1290 1395 1500 1605 
715 830 945 1060 1175 1290 1405 1520 1635 1750 
770 895 1020 1145 1270 1395 1520 1645 1770 1895 
825 960 1095 1230 1365 1500 1635 1770 1905 2040 

INFO: [SIM 1] CSim done with 0 errors.
INFO: [SIM 3] *************** CSIM finish ***************
