

================================================================
== Synthesis Summary Report of 'matrix_multiply'
================================================================
+ General Information: 
    * Date:           Sat May  2 23:34:19 2026
    * Version:        2024.1 (Build 5069499 on May 21 2024)
    * Project:        hw1_matrix_multiply
    * Solution:       solution1 (Vivado IP Flow Target)
    * Product family: virtexuplus
    * Target device:  xcvu13p-fsga2577-2-e
    

+ Performance & Resource Estimates: 
    
    PS: '+' for module; 'o' for loop; '*' for dataflow
    +------------------------------------+------+-------+---------+-----------+----------+---------+------+----------+------+---------+-----------+-----------+-----+
    |               Modules              | Issue|       | Latency |  Latency  | Iteration|         | Trip |          |      |         |           |           |     |
    |               & Loops              | Type | Slack | (cycles)|    (ns)   |  Latency | Interval| Count| Pipelined| BRAM |   DSP   |     FF    |    LUT    | URAM|
    +------------------------------------+------+-------+---------+-----------+----------+---------+------+----------+------+---------+-----------+-----------+-----+
    |+ matrix_multiply                   |    II|  11.69|      502|  1.255e+04|         -|      500|     -|    rewind|     -|  6 (~0%)|  211 (~0%)|  964 (~0%)|    -|
    | o VITIS_LOOP_29_1_VITIS_LOOP_30_2  |    II|  18.25|      500|  1.250e+04|         6|        5|   100|       yes|     -|        -|          -|          -|    -|
    +------------------------------------+------+-------+---------+-----------+----------+---------+------+----------+------+---------+-----------+-----------+-----+


================================================================
== HW Interfaces
================================================================
* AP_MEMORY
+------------+-----------+----------+
| Port       | Direction | Bitwidth |
+------------+-----------+----------+
| A_address0 | out       | 7        |
| A_address1 | out       | 7        |
| A_q0       | in        | 32       |
| A_q1       | in        | 32       |
| B_address0 | out       | 7        |
| B_address1 | out       | 7        |
| B_q0       | in        | 32       |
| B_q1       | in        | 32       |
| C_address0 | out       | 7        |
| C_d0       | out       | 32       |
+------------+-----------+----------+

* TOP LEVEL CONTROL
+-----------+------------+-----------------------------------+
| Interface | Type       | Ports                             |
+-----------+------------+-----------------------------------+
| ap_clk    | clock      | ap_clk                            |
| ap_rst    | reset      | ap_rst                            |
| ap_ctrl   | ap_ctrl_hs | ap_done ap_idle ap_ready ap_start |
+-----------+------------+-----------------------------------+


================================================================
== SW I/O Information
================================================================
* Top Function Arguments
+----------+-----------+----------+
| Argument | Direction | Datatype |
+----------+-----------+----------+
| A        | in        | int*     |
| B        | in        | int*     |
| C        | out       | int*     |
+----------+-----------+----------+

* SW-to-HW Mapping
+----------+--------------+---------+----------+
| Argument | HW Interface | HW Type | HW Usage |
+----------+--------------+---------+----------+
| A        | A_address0   | port    | offset   |
| A        | A_ce0        | port    |          |
| A        | A_q0         | port    |          |
| A        | A_address1   | port    | offset   |
| A        | A_ce1        | port    |          |
| A        | A_q1         | port    |          |
| B        | B_address0   | port    | offset   |
| B        | B_ce0        | port    |          |
| B        | B_q0         | port    |          |
| B        | B_address1   | port    | offset   |
| B        | B_ce1        | port    |          |
| B        | B_q1         | port    |          |
| C        | C_address0   | port    | offset   |
| C        | C_ce0        | port    |          |
| C        | C_we0        | port    |          |
| C        | C_d0         | port    |          |
+----------+--------------+---------+----------+


================================================================
== Bind Op Report
================================================================
+-------------------------+-----+--------+-------------+--------+----------+---------+
| Name                    | DSP | Pragma | Variable    | Op     | Impl     | Latency |
+-------------------------+-----+--------+-------------+--------+----------+---------+
| + matrix_multiply       | 6   |        |             |        |          |         |
|   add_ln29_fu_358_p2    |     |        | add_ln29    | add    | fabric   | 0       |
|   select_ln29_fu_364_p3 |     |        | select_ln29 | select | auto_sel | 0       |
|   i_fu_372_p3           |     |        | i           | select | auto_sel | 0       |
|   empty_fu_404_p2       |     |        | empty       | add    | fabric   | 0       |
|   empty_7_fu_467_p2     |     |        | empty_7     | add    | fabric   | 0       |
|   empty_8_fu_477_p2     |     |        | empty_8     | add    | fabric   | 0       |
|   empty_9_fu_518_p2     |     |        | empty_9     | add    | fabric   | 0       |
|   empty_10_fu_528_p2    |     |        | empty_10    | add    | fabric   | 0       |
|   empty_11_fu_562_p2    |     |        | empty_11    | add    | fabric   | 0       |
|   empty_12_fu_572_p2    |     |        | empty_12    | add    | fabric   | 0       |
|   empty_13_fu_617_p2    |     |        | empty_13    | add    | fabric   | 0       |
|   empty_14_fu_627_p2    |     |        | empty_14    | add    | fabric   | 0       |
|   add_ln33_9_fu_451_p2  |     |        | add_ln33_9  | add    | fabric   | 0       |
|   add_ln33_10_fu_490_p2 |     |        | add_ln33_10 | add    | fabric   | 0       |
|   add_ln33_11_fu_501_p2 |     |        | add_ln33_11 | add    | fabric   | 0       |
|   add_ln33_12_fu_541_p2 |     |        | add_ln33_12 | add    | fabric   | 0       |
|   add_ln33_13_fu_551_p2 |     |        | add_ln33_13 | add    | fabric   | 0       |
|   add_ln33_14_fu_582_p2 |     |        | add_ln33_14 | add    | fabric   | 0       |
|   add_ln33_15_fu_592_p2 |     |        | add_ln33_15 | add    | fabric   | 0       |
|   add_ln33_16_fu_649_p2 |     |        | add_ln33_16 | add    | fabric   | 0       |
|   add_ln33_17_fu_659_p2 |     |        | add_ln33_17 | add    | fabric   | 0       |
|   mul_32s_32s_32_1_1_U1 | 3   |        | mul_ln33    | mul    | auto     | 0       |
|   mul_32s_32s_32_1_1_U1 | 3   |        | mul_ln33_1  | mul    | auto     | 0       |
|   mul_32s_32s_32_1_1_U1 | 3   |        | mul_ln33_2  | mul    | auto     | 0       |
|   mul_32s_32s_32_1_1_U1 | 3   |        | mul_ln33_3  | mul    | auto     | 0       |
|   mul_32s_32s_32_1_1_U2 | 3   |        | mul_ln33_4  | mul    | auto     | 0       |
|   mul_32s_32s_32_1_1_U2 | 3   |        | mul_ln33_5  | mul    | auto     | 0       |
|   mul_32s_32s_32_1_1_U1 | 3   |        | mul_ln33_6  | mul    | auto     | 0       |
|   mul_32s_32s_32_1_1_U2 | 3   |        | mul_ln33_7  | mul    | auto     | 0       |
|   mul_32s_32s_32_1_1_U2 | 3   |        | mul_ln33_8  | mul    | auto     | 0       |
|   mul_32s_32s_32_1_1_U2 | 3   |        | mul_ln33_9  | mul    | auto     | 0       |
|   add_ln33_fu_512_p2    |     |        | add_ln33    | add    | fabric   | 0       |
|   j_fu_663_p2           |     |        | j           | add    | fabric   | 0       |
|   add_ln29_1_fu_668_p2  |     |        | add_ln29_1  | add    | fabric   | 0       |
|   icmp_ln30_fu_674_p2   |     |        | icmp_ln30   | seteq  | auto     | 0       |
|   icmp_ln29_fu_680_p2   |     |        | icmp_ln29   | seteq  | auto     | 0       |
+-------------------------+-----+--------+-------------+--------+----------+---------+


================================================================
== Storage Report
================================================================
  No bind storage info in design

================================================================
== Pragma Report
================================================================
* Valid Pragma Syntax
+----------+---------+-----------------------------+
| Type     | Options | Location                    |
+----------+---------+-----------------------------+
| pipeline | II=1    | hw1_ops.cpp:6 in vector_add |
+----------+---------+-----------------------------+


