

================================================================
== Synthesis Summary Report of 'vector_multiply'
================================================================
+ General Information: 
    * Date:           Sat May  2 23:33:48 2026
    * Version:        2024.1 (Build 5069499 on May 21 2024)
    * Project:        hw1_vector_multiply
    * Solution:       solution1 (Vivado IP Flow Target)
    * Product family: virtexuplus
    * Target device:  xcvu13p-fsga2577-2-e
    

+ Performance & Resource Estimates: 
    
    PS: '+' for module; 'o' for loop; '*' for dataflow
    +--------------------+------+-------+---------+---------+----------+---------+------+----------+------+---------+----------+----------+-----+
    |       Modules      | Issue|       | Latency | Latency | Iteration|         | Trip |          |      |         |          |          |     |
    |       & Loops      | Type | Slack | (cycles)|   (ns)  |  Latency | Interval| Count| Pipelined| BRAM |   DSP   |    FF    |    LUT   | URAM|
    +--------------------+------+-------+---------+---------+----------+---------+------+----------+------+---------+----------+----------+-----+
    |+ vector_multiply   |    II|  13.68|       12|  300.000|         -|       10|     -|    rewind|     -|  3 (~0%)|  12 (~0%)|  84 (~0%)|    -|
    | o VITIS_LOOP_12_1  |     -|  18.25|       10|  250.000|         2|        1|    10|       yes|     -|        -|         -|         -|    -|
    +--------------------+------+-------+---------+---------+----------+---------+------+----------+------+---------+----------+----------+-----+


================================================================
== HW Interfaces
================================================================
* AP_MEMORY
+------------+-----------+----------+
| Port       | Direction | Bitwidth |
+------------+-----------+----------+
| A_address0 | out       | 4        |
| A_q0       | in        | 32       |
| B_address0 | out       | 4        |
| B_q0       | in        | 32       |
| C_address0 | out       | 4        |
| C_d0       | out       | 32       |
+------------+-----------+----------+

* TOP LEVEL CONTROL
+-----------+------------+-----------------------------------+
| Interface | Type       | Ports                             |
+-----------+------------+-----------------------------------+
| ap_clk    | clock      | ap_clk                            |
| ap_rst    | reset      | ap_rst                            |
| ap_ctrl   | ap_ctrl_hs | ap_done ap_idle ap_ready ap_start |
+-----------+------------+-----------------------------------+


================================================================
== SW I/O Information
================================================================
* Top Function Arguments
+----------+-----------+----------+
| Argument | Direction | Datatype |
+----------+-----------+----------+
| A        | in        | int*     |
| B        | in        | int*     |
| C        | out       | int*     |
+----------+-----------+----------+

* SW-to-HW Mapping
+----------+--------------+---------+----------+
| Argument | HW Interface | HW Type | HW Usage |
+----------+--------------+---------+----------+
| A        | A_address0   | port    | offset   |
| A        | A_ce0        | port    |          |
| A        | A_q0         | port    |          |
| B        | B_address0   | port    | offset   |
| B        | B_ce0        | port    |          |
| B        | B_q0         | port    |          |
| C        | C_address0   | port    | offset   |
| C        | C_ce0        | port    |          |
| C        | C_we0        | port    |          |
| C        | C_d0         | port    |          |
+----------+--------------+---------+----------+


================================================================
== Bind Op Report
================================================================
+-------------------------+-----+--------+-----------+-------+--------+---------+
| Name                    | DSP | Pragma | Variable  | Op    | Impl   | Latency |
+-------------------------+-----+--------+-----------+-------+--------+---------+
| + vector_multiply       | 3   |        |           |       |        |         |
|   mul_32s_32s_32_1_1_U1 | 3   |        | mul_ln13  | mul   | auto   | 0       |
|   i_fu_106_p2           |     |        | i         | add   | fabric | 0       |
|   icmp_ln12_fu_112_p2   |     |        | icmp_ln12 | seteq | auto   | 0       |
+-------------------------+-----+--------+-----------+-------+--------+---------+


================================================================
== Storage Report
================================================================
  No bind storage info in design

================================================================
== Pragma Report
================================================================
* Valid Pragma Syntax
+----------+---------+-----------------------------+
| Type     | Options | Location                    |
+----------+---------+-----------------------------+
| pipeline | II=1    | hw1_ops.cpp:6 in vector_add |
+----------+---------+-----------------------------+


