

================================================================
== Vitis HLS Report for 'dense_simple'
================================================================
* Date:           Sat May  9 13:44:35 2026

* Version:        2024.1 (Build 5069499 on May 21 2024)
* Project:        dense_simple_proj
* Solution:       solution1 (Vivado IP Flow Target)
* Product family: virtexuplus
* Target device:  xcvu13p-fsga2577-2-e


================================================================
== Performance Estimates
================================================================
+ Timing: 
    * Summary: 
    +--------+----------+----------+------------+
    |  Clock |  Target  | Estimated| Uncertainty|
    +--------+----------+----------+------------+
    |ap_clk  |  25.00 ns|  7.542 ns|     6.75 ns|
    +--------+----------+----------+------------+

+ Latency: 
    * Summary: 
    +---------+---------+----------+----------+-----+-----+---------+
    |  Latency (cycles) |  Latency (absolute) |  Interval | Pipeline|
    |   min   |   max   |    min   |    max   | min | max |   Type  |
    +---------+---------+----------+----------+-----+-----+---------+
    |       75|       75|  1.875 us|  1.875 us|   76|   76|       no|
    +---------+---------+----------+----------+-----+-----+---------+

    + Detail: 
        * Instance: 
        +-------------------------------------------------+--------------------------------------+---------+---------+----------+----------+-----+-----+-----------------------------------------------+
        |                                                 |                                      |  Latency (cycles) |  Latency (absolute) |  Interval |                    Pipeline                   |
        |                     Instance                    |                Module                |   min   |   max   |    min   |    max   | min | max |                      Type                     |
        +-------------------------------------------------+--------------------------------------+---------+---------+----------+----------+-----+-----+-----------------------------------------------+
        |grp_dense_simple_Pipeline_VITIS_LOOP_8_1_fu_209  |dense_simple_Pipeline_VITIS_LOOP_8_1  |       66|       66|  1.650 us|  1.650 us|   64|   64|  loop auto-rewind stp(delay=0 clock cycles(s))|
        +-------------------------------------------------+--------------------------------------+---------+---------+----------+----------+-----+-----+-----------------------------------------------+

        * Loop: 
        N/A



================================================================
== Utilization Estimates
================================================================
* Summary: 
+---------------------+---------+-------+---------+---------+------+
|         Name        | BRAM_18K|  DSP  |    FF   |   LUT   | URAM |
+---------------------+---------+-------+---------+---------+------+
|DSP                  |        -|      -|        -|        -|     -|
|Expression           |        -|      -|        -|        -|     -|
|FIFO                 |        -|      -|        -|        -|     -|
|Instance             |        -|      6|      229|      723|     -|
|Memory               |        -|      -|        -|        -|     -|
|Multiplexer          |        -|      -|        0|      157|     -|
|Register             |        -|      -|      523|        -|     -|
+---------------------+---------+-------+---------+---------+------+
|Total                |        0|      6|      752|      880|     0|
+---------------------+---------+-------+---------+---------+------+
|Available SLR        |     1344|   3072|   864000|   432000|   320|
+---------------------+---------+-------+---------+---------+------+
|Utilization SLR (%)  |        0|     ~0|       ~0|       ~0|     0|
+---------------------+---------+-------+---------+---------+------+
|Available            |     5376|  12288|  3456000|  1728000|  1280|
+---------------------+---------+-------+---------+---------+------+
|Utilization (%)      |        0|     ~0|       ~0|       ~0|     0|
+---------------------+---------+-------+---------+---------+------+

+ Detail: 
    * Instance: 
    +-------------------------------------------------+--------------------------------------+---------+----+-----+-----+-----+
    |                     Instance                    |                Module                | BRAM_18K| DSP|  FF | LUT | URAM|
    +-------------------------------------------------+--------------------------------------+---------+----+-----+-----+-----+
    |grp_dense_simple_Pipeline_VITIS_LOOP_8_1_fu_209  |dense_simple_Pipeline_VITIS_LOOP_8_1  |        0|   6|  229|  723|    0|
    +-------------------------------------------------+--------------------------------------+---------+----+-----+-----+-----+
    |Total                                            |                                      |        0|   6|  229|  723|    0|
    +-------------------------------------------------+--------------------------------------+---------+----+-----+-----+-----+

    * DSP: 
    N/A

    * Memory: 
    N/A

    * FIFO: 
    N/A

    * Expression: 
    N/A

    * Multiplexer: 
    +------------------+----+-----------+-----+-----------+
    |       Name       | LUT| Input Size| Bits| Total Bits|
    +------------------+----+-----------+-----+-----------+
    |ap_NS_fsm         |  59|         11|    1|         11|
    |x_address0_local  |  49|          9|    4|         36|
    |x_address1_local  |  49|          9|    4|         36|
    +------------------+----+-----------+-----+-----------+
    |Total             | 157|         29|    9|         83|
    +------------------+----+-----------+-----+-----------+

    * Register: 
    +--------------------------------------------------------------+----+----+-----+-----------+
    |                             Name                             | FF | LUT| Bits| Const Bits|
    +--------------------------------------------------------------+----+----+-----+-----------+
    |ap_CS_fsm                                                     |  10|   0|   10|          0|
    |grp_dense_simple_Pipeline_VITIS_LOOP_8_1_fu_209_ap_start_reg  |   1|   0|    1|          0|
    |x_load_10_reg_345                                             |  32|   0|   32|          0|
    |x_load_11_reg_350                                             |  32|   0|   32|          0|
    |x_load_12_reg_365                                             |  32|   0|   32|          0|
    |x_load_13_reg_370                                             |  32|   0|   32|          0|
    |x_load_14_reg_385                                             |  32|   0|   32|          0|
    |x_load_15_reg_390                                             |  32|   0|   32|          0|
    |x_load_1_reg_250                                              |  32|   0|   32|          0|
    |x_load_2_reg_265                                              |  32|   0|   32|          0|
    |x_load_3_reg_270                                              |  32|   0|   32|          0|
    |x_load_4_reg_285                                              |  32|   0|   32|          0|
    |x_load_5_reg_290                                              |  32|   0|   32|          0|
    |x_load_6_reg_305                                              |  32|   0|   32|          0|
    |x_load_7_reg_310                                              |  32|   0|   32|          0|
    |x_load_8_reg_325                                              |  32|   0|   32|          0|
    |x_load_9_reg_330                                              |  32|   0|   32|          0|
    |x_load_reg_245                                                |  32|   0|   32|          0|
    +--------------------------------------------------------------+----+----+-----+-----------+
    |Total                                                         | 523|   0|  523|          0|
    +--------------------------------------------------------------+----+----+-----+-----------+



================================================================
== Interface
================================================================
* Summary: 
+------------+-----+-----+------------+--------------+--------------+
|  RTL Ports | Dir | Bits|  Protocol  | Source Object|    C Type    |
+------------+-----+-----+------------+--------------+--------------+
|ap_clk      |   in|    1|  ap_ctrl_hs|  dense_simple|  return value|
|ap_rst      |   in|    1|  ap_ctrl_hs|  dense_simple|  return value|
|ap_start    |   in|    1|  ap_ctrl_hs|  dense_simple|  return value|
|ap_done     |  out|    1|  ap_ctrl_hs|  dense_simple|  return value|
|ap_idle     |  out|    1|  ap_ctrl_hs|  dense_simple|  return value|
|ap_ready    |  out|    1|  ap_ctrl_hs|  dense_simple|  return value|
|x_address0  |  out|    4|   ap_memory|             x|         array|
|x_ce0       |  out|    1|   ap_memory|             x|         array|
|x_q0        |   in|   32|   ap_memory|             x|         array|
|x_address1  |  out|    4|   ap_memory|             x|         array|
|x_ce1       |  out|    1|   ap_memory|             x|         array|
|x_q1        |   in|   32|   ap_memory|             x|         array|
|w_address0  |  out|    7|   ap_memory|             w|         array|
|w_ce0       |  out|    1|   ap_memory|             w|         array|
|w_q0        |   in|   32|   ap_memory|             w|         array|
|w_address1  |  out|    7|   ap_memory|             w|         array|
|w_ce1       |  out|    1|   ap_memory|             w|         array|
|w_q1        |   in|   32|   ap_memory|             w|         array|
|y_address0  |  out|    3|   ap_memory|             y|         array|
|y_ce0       |  out|    1|   ap_memory|             y|         array|
|y_we0       |  out|    1|   ap_memory|             y|         array|
|y_d0        |  out|   32|   ap_memory|             y|         array|
+------------+-----+-----+------------+--------------+--------------+

============================================================
+ Verbose Summary: Synthesis Manager
============================================================
InlineROM: 1
ExposeGlobal: 0
============================================================
+ Verbose Summary: CDFG Model
============================================================
IsTopModel: 1
ResetActiveHigh: 1
IsCombinational: 2
IsDatapathOnly: 2
HasWiredReturn: 1
HasMFsm: 0
HasVarLatency: 1
IsPipeline: 0
IsRtlPipelined: 0
IsInstanceOverlapped: 0
IsDontTouch: 0
HasImplIP: 0
IsGatedGlobalClock: 0


============================================================
+ Verbose Summary: Schedule
============================================================
* Number of FSM states : 10
* Pipeline : 0
* Dataflow Pipeline: 0

* FSM state transitions: 
1 --> 2 
2 --> 3 
3 --> 4 
4 --> 5 
5 --> 6 
6 --> 7 
7 --> 8 
8 --> 9 
9 --> 10 
10 --> 

* FSM state operations: 

State 1 <SV = 0> <Delay = 0.69>
ST_1 : Operation 11 [1/1] (0.00ns)   --->   "%x_addr = getelementptr i32 %x, i64 0, i64 0"   --->   Operation 11 'getelementptr' 'x_addr' <Predicate = true> <Delay = 0.00>
ST_1 : Operation 12 [2/2] (0.69ns)   --->   "%x_load = load i4 %x_addr"   --->   Operation 12 'load' 'x_load' <Predicate = true> <Delay = 0.69> <CoreInst = "RAM">   --->   Core 82 'RAM' <Latency = 1> <II = 1> <Delay = 0.69> <Storage> <Opcode : 'load' 'store'> <Ports = 2> <Width = 32> <Depth = 16> <RAM>
ST_1 : Operation 13 [1/1] (0.00ns)   --->   "%x_addr_1 = getelementptr i32 %x, i64 0, i64 1"   --->   Operation 13 'getelementptr' 'x_addr_1' <Predicate = true> <Delay = 0.00>
ST_1 : Operation 14 [2/2] (0.69ns)   --->   "%x_load_1 = load i4 %x_addr_1"   --->   Operation 14 'load' 'x_load_1' <Predicate = true> <Delay = 0.69> <CoreInst = "RAM">   --->   Core 82 'RAM' <Latency = 1> <II = 1> <Delay = 0.69> <Storage> <Opcode : 'load' 'store'> <Ports = 2> <Width = 32> <Depth = 16> <RAM>

State 2 <SV = 1> <Delay = 0.69>
ST_2 : Operation 15 [1/2] (0.69ns)   --->   "%x_load = load i4 %x_addr"   --->   Operation 15 'load' 'x_load' <Predicate = true> <Delay = 0.69> <CoreInst = "RAM">   --->   Core 82 'RAM' <Latency = 1> <II = 1> <Delay = 0.69> <Storage> <Opcode : 'load' 'store'> <Ports = 2> <Width = 32> <Depth = 16> <RAM>
ST_2 : Operation 16 [1/2] (0.69ns)   --->   "%x_load_1 = load i4 %x_addr_1"   --->   Operation 16 'load' 'x_load_1' <Predicate = true> <Delay = 0.69> <CoreInst = "RAM">   --->   Core 82 'RAM' <Latency = 1> <II = 1> <Delay = 0.69> <Storage> <Opcode : 'load' 'store'> <Ports = 2> <Width = 32> <Depth = 16> <RAM>
ST_2 : Operation 17 [1/1] (0.00ns)   --->   "%x_addr_2 = getelementptr i32 %x, i64 0, i64 2"   --->   Operation 17 'getelementptr' 'x_addr_2' <Predicate = true> <Delay = 0.00>
ST_2 : Operation 18 [2/2] (0.69ns)   --->   "%x_load_2 = load i4 %x_addr_2"   --->   Operation 18 'load' 'x_load_2' <Predicate = true> <Delay = 0.69> <CoreInst = "RAM">   --->   Core 82 'RAM' <Latency = 1> <II = 1> <Delay = 0.69> <Storage> <Opcode : 'load' 'store'> <Ports = 2> <Width = 32> <Depth = 16> <RAM>
ST_2 : Operation 19 [1/1] (0.00ns)   --->   "%x_addr_3 = getelementptr i32 %x, i64 0, i64 3"   --->   Operation 19 'getelementptr' 'x_addr_3' <Predicate = true> <Delay = 0.00>
ST_2 : Operation 20 [2/2] (0.69ns)   --->   "%x_load_3 = load i4 %x_addr_3"   --->   Operation 20 'load' 'x_load_3' <Predicate = true> <Delay = 0.69> <CoreInst = "RAM">   --->   Core 82 'RAM' <Latency = 1> <II = 1> <Delay = 0.69> <Storage> <Opcode : 'load' 'store'> <Ports = 2> <Width = 32> <Depth = 16> <RAM>

State 3 <SV = 2> <Delay = 0.69>
ST_3 : Operation 21 [1/2] (0.69ns)   --->   "%x_load_2 = load i4 %x_addr_2"   --->   Operation 21 'load' 'x_load_2' <Predicate = true> <Delay = 0.69> <CoreInst = "RAM">   --->   Core 82 'RAM' <Latency = 1> <II = 1> <Delay = 0.69> <Storage> <Opcode : 'load' 'store'> <Ports = 2> <Width = 32> <Depth = 16> <RAM>
ST_3 : Operation 22 [1/2] (0.69ns)   --->   "%x_load_3 = load i4 %x_addr_3"   --->   Operation 22 'load' 'x_load_3' <Predicate = true> <Delay = 0.69> <CoreInst = "RAM">   --->   Core 82 'RAM' <Latency = 1> <II = 1> <Delay = 0.69> <Storage> <Opcode : 'load' 'store'> <Ports = 2> <Width = 32> <Depth = 16> <RAM>
ST_3 : Operation 23 [1/1] (0.00ns)   --->   "%x_addr_4 = getelementptr i32 %x, i64 0, i64 4"   --->   Operation 23 'getelementptr' 'x_addr_4' <Predicate = true> <Delay = 0.00>
ST_3 : Operation 24 [2/2] (0.69ns)   --->   "%x_load_4 = load i4 %x_addr_4"   --->   Operation 24 'load' 'x_load_4' <Predicate = true> <Delay = 0.69> <CoreInst = "RAM">   --->   Core 82 'RAM' <Latency = 1> <II = 1> <Delay = 0.69> <Storage> <Opcode : 'load' 'store'> <Ports = 2> <Width = 32> <Depth = 16> <RAM>
ST_3 : Operation 25 [1/1] (0.00ns)   --->   "%x_addr_5 = getelementptr i32 %x, i64 0, i64 5"   --->   Operation 25 'getelementptr' 'x_addr_5' <Predicate = true> <Delay = 0.00>
ST_3 : Operation 26 [2/2] (0.69ns)   --->   "%x_load_5 = load i4 %x_addr_5"   --->   Operation 26 'load' 'x_load_5' <Predicate = true> <Delay = 0.69> <CoreInst = "RAM">   --->   Core 82 'RAM' <Latency = 1> <II = 1> <Delay = 0.69> <Storage> <Opcode : 'load' 'store'> <Ports = 2> <Width = 32> <Depth = 16> <RAM>

State 4 <SV = 3> <Delay = 0.69>
ST_4 : Operation 27 [1/2] (0.69ns)   --->   "%x_load_4 = load i4 %x_addr_4"   --->   Operation 27 'load' 'x_load_4' <Predicate = true> <Delay = 0.69> <CoreInst = "RAM">   --->   Core 82 'RAM' <Latency = 1> <II = 1> <Delay = 0.69> <Storage> <Opcode : 'load' 'store'> <Ports = 2> <Width = 32> <Depth = 16> <RAM>
ST_4 : Operation 28 [1/2] (0.69ns)   --->   "%x_load_5 = load i4 %x_addr_5"   --->   Operation 28 'load' 'x_load_5' <Predicate = true> <Delay = 0.69> <CoreInst = "RAM">   --->   Core 82 'RAM' <Latency = 1> <II = 1> <Delay = 0.69> <Storage> <Opcode : 'load' 'store'> <Ports = 2> <Width = 32> <Depth = 16> <RAM>
ST_4 : Operation 29 [1/1] (0.00ns)   --->   "%x_addr_6 = getelementptr i32 %x, i64 0, i64 6"   --->   Operation 29 'getelementptr' 'x_addr_6' <Predicate = true> <Delay = 0.00>
ST_4 : Operation 30 [2/2] (0.69ns)   --->   "%x_load_6 = load i4 %x_addr_6"   --->   Operation 30 'load' 'x_load_6' <Predicate = true> <Delay = 0.69> <CoreInst = "RAM">   --->   Core 82 'RAM' <Latency = 1> <II = 1> <Delay = 0.69> <Storage> <Opcode : 'load' 'store'> <Ports = 2> <Width = 32> <Depth = 16> <RAM>
ST_4 : Operation 31 [1/1] (0.00ns)   --->   "%x_addr_7 = getelementptr i32 %x, i64 0, i64 7"   --->   Operation 31 'getelementptr' 'x_addr_7' <Predicate = true> <Delay = 0.00>
ST_4 : Operation 32 [2/2] (0.69ns)   --->   "%x_load_7 = load i4 %x_addr_7"   --->   Operation 32 'load' 'x_load_7' <Predicate = true> <Delay = 0.69> <CoreInst = "RAM">   --->   Core 82 'RAM' <Latency = 1> <II = 1> <Delay = 0.69> <Storage> <Opcode : 'load' 'store'> <Ports = 2> <Width = 32> <Depth = 16> <RAM>

State 5 <SV = 4> <Delay = 0.69>
ST_5 : Operation 33 [1/2] (0.69ns)   --->   "%x_load_6 = load i4 %x_addr_6"   --->   Operation 33 'load' 'x_load_6' <Predicate = true> <Delay = 0.69> <CoreInst = "RAM">   --->   Core 82 'RAM' <Latency = 1> <II = 1> <Delay = 0.69> <Storage> <Opcode : 'load' 'store'> <Ports = 2> <Width = 32> <Depth = 16> <RAM>
ST_5 : Operation 34 [1/2] (0.69ns)   --->   "%x_load_7 = load i4 %x_addr_7"   --->   Operation 34 'load' 'x_load_7' <Predicate = true> <Delay = 0.69> <CoreInst = "RAM">   --->   Core 82 'RAM' <Latency = 1> <II = 1> <Delay = 0.69> <Storage> <Opcode : 'load' 'store'> <Ports = 2> <Width = 32> <Depth = 16> <RAM>
ST_5 : Operation 35 [1/1] (0.00ns)   --->   "%x_addr_8 = getelementptr i32 %x, i64 0, i64 8"   --->   Operation 35 'getelementptr' 'x_addr_8' <Predicate = true> <Delay = 0.00>
ST_5 : Operation 36 [2/2] (0.69ns)   --->   "%x_load_8 = load i4 %x_addr_8"   --->   Operation 36 'load' 'x_load_8' <Predicate = true> <Delay = 0.69> <CoreInst = "RAM">   --->   Core 82 'RAM' <Latency = 1> <II = 1> <Delay = 0.69> <Storage> <Opcode : 'load' 'store'> <Ports = 2> <Width = 32> <Depth = 16> <RAM>
ST_5 : Operation 37 [1/1] (0.00ns)   --->   "%x_addr_9 = getelementptr i32 %x, i64 0, i64 9"   --->   Operation 37 'getelementptr' 'x_addr_9' <Predicate = true> <Delay = 0.00>
ST_5 : Operation 38 [2/2] (0.69ns)   --->   "%x_load_9 = load i4 %x_addr_9"   --->   Operation 38 'load' 'x_load_9' <Predicate = true> <Delay = 0.69> <CoreInst = "RAM">   --->   Core 82 'RAM' <Latency = 1> <II = 1> <Delay = 0.69> <Storage> <Opcode : 'load' 'store'> <Ports = 2> <Width = 32> <Depth = 16> <RAM>

State 6 <SV = 5> <Delay = 0.69>
ST_6 : Operation 39 [1/2] (0.69ns)   --->   "%x_load_8 = load i4 %x_addr_8"   --->   Operation 39 'load' 'x_load_8' <Predicate = true> <Delay = 0.69> <CoreInst = "RAM">   --->   Core 82 'RAM' <Latency = 1> <II = 1> <Delay = 0.69> <Storage> <Opcode : 'load' 'store'> <Ports = 2> <Width = 32> <Depth = 16> <RAM>
ST_6 : Operation 40 [1/2] (0.69ns)   --->   "%x_load_9 = load i4 %x_addr_9"   --->   Operation 40 'load' 'x_load_9' <Predicate = true> <Delay = 0.69> <CoreInst = "RAM">   --->   Core 82 'RAM' <Latency = 1> <II = 1> <Delay = 0.69> <Storage> <Opcode : 'load' 'store'> <Ports = 2> <Width = 32> <Depth = 16> <RAM>
ST_6 : Operation 41 [1/1] (0.00ns)   --->   "%x_addr_10 = getelementptr i32 %x, i64 0, i64 10"   --->   Operation 41 'getelementptr' 'x_addr_10' <Predicate = true> <Delay = 0.00>
ST_6 : Operation 42 [2/2] (0.69ns)   --->   "%x_load_10 = load i4 %x_addr_10"   --->   Operation 42 'load' 'x_load_10' <Predicate = true> <Delay = 0.69> <CoreInst = "RAM">   --->   Core 82 'RAM' <Latency = 1> <II = 1> <Delay = 0.69> <Storage> <Opcode : 'load' 'store'> <Ports = 2> <Width = 32> <Depth = 16> <RAM>
ST_6 : Operation 43 [1/1] (0.00ns)   --->   "%x_addr_11 = getelementptr i32 %x, i64 0, i64 11"   --->   Operation 43 'getelementptr' 'x_addr_11' <Predicate = true> <Delay = 0.00>
ST_6 : Operation 44 [2/2] (0.69ns)   --->   "%x_load_11 = load i4 %x_addr_11"   --->   Operation 44 'load' 'x_load_11' <Predicate = true> <Delay = 0.69> <CoreInst = "RAM">   --->   Core 82 'RAM' <Latency = 1> <II = 1> <Delay = 0.69> <Storage> <Opcode : 'load' 'store'> <Ports = 2> <Width = 32> <Depth = 16> <RAM>

State 7 <SV = 6> <Delay = 0.69>
ST_7 : Operation 45 [1/2] (0.69ns)   --->   "%x_load_10 = load i4 %x_addr_10"   --->   Operation 45 'load' 'x_load_10' <Predicate = true> <Delay = 0.69> <CoreInst = "RAM">   --->   Core 82 'RAM' <Latency = 1> <II = 1> <Delay = 0.69> <Storage> <Opcode : 'load' 'store'> <Ports = 2> <Width = 32> <Depth = 16> <RAM>
ST_7 : Operation 46 [1/2] (0.69ns)   --->   "%x_load_11 = load i4 %x_addr_11"   --->   Operation 46 'load' 'x_load_11' <Predicate = true> <Delay = 0.69> <CoreInst = "RAM">   --->   Core 82 'RAM' <Latency = 1> <II = 1> <Delay = 0.69> <Storage> <Opcode : 'load' 'store'> <Ports = 2> <Width = 32> <Depth = 16> <RAM>
ST_7 : Operation 47 [1/1] (0.00ns)   --->   "%x_addr_12 = getelementptr i32 %x, i64 0, i64 12"   --->   Operation 47 'getelementptr' 'x_addr_12' <Predicate = true> <Delay = 0.00>
ST_7 : Operation 48 [2/2] (0.69ns)   --->   "%x_load_12 = load i4 %x_addr_12"   --->   Operation 48 'load' 'x_load_12' <Predicate = true> <Delay = 0.69> <CoreInst = "RAM">   --->   Core 82 'RAM' <Latency = 1> <II = 1> <Delay = 0.69> <Storage> <Opcode : 'load' 'store'> <Ports = 2> <Width = 32> <Depth = 16> <RAM>
ST_7 : Operation 49 [1/1] (0.00ns)   --->   "%x_addr_13 = getelementptr i32 %x, i64 0, i64 13"   --->   Operation 49 'getelementptr' 'x_addr_13' <Predicate = true> <Delay = 0.00>
ST_7 : Operation 50 [2/2] (0.69ns)   --->   "%x_load_13 = load i4 %x_addr_13"   --->   Operation 50 'load' 'x_load_13' <Predicate = true> <Delay = 0.69> <CoreInst = "RAM">   --->   Core 82 'RAM' <Latency = 1> <II = 1> <Delay = 0.69> <Storage> <Opcode : 'load' 'store'> <Ports = 2> <Width = 32> <Depth = 16> <RAM>

State 8 <SV = 7> <Delay = 0.69>
ST_8 : Operation 51 [1/2] (0.69ns)   --->   "%x_load_12 = load i4 %x_addr_12"   --->   Operation 51 'load' 'x_load_12' <Predicate = true> <Delay = 0.69> <CoreInst = "RAM">   --->   Core 82 'RAM' <Latency = 1> <II = 1> <Delay = 0.69> <Storage> <Opcode : 'load' 'store'> <Ports = 2> <Width = 32> <Depth = 16> <RAM>
ST_8 : Operation 52 [1/2] (0.69ns)   --->   "%x_load_13 = load i4 %x_addr_13"   --->   Operation 52 'load' 'x_load_13' <Predicate = true> <Delay = 0.69> <CoreInst = "RAM">   --->   Core 82 'RAM' <Latency = 1> <II = 1> <Delay = 0.69> <Storage> <Opcode : 'load' 'store'> <Ports = 2> <Width = 32> <Depth = 16> <RAM>
ST_8 : Operation 53 [1/1] (0.00ns)   --->   "%x_addr_14 = getelementptr i32 %x, i64 0, i64 14"   --->   Operation 53 'getelementptr' 'x_addr_14' <Predicate = true> <Delay = 0.00>
ST_8 : Operation 54 [2/2] (0.69ns)   --->   "%x_load_14 = load i4 %x_addr_14"   --->   Operation 54 'load' 'x_load_14' <Predicate = true> <Delay = 0.69> <CoreInst = "RAM">   --->   Core 82 'RAM' <Latency = 1> <II = 1> <Delay = 0.69> <Storage> <Opcode : 'load' 'store'> <Ports = 2> <Width = 32> <Depth = 16> <RAM>
ST_8 : Operation 55 [1/1] (0.00ns)   --->   "%x_addr_15 = getelementptr i32 %x, i64 0, i64 15"   --->   Operation 55 'getelementptr' 'x_addr_15' <Predicate = true> <Delay = 0.00>
ST_8 : Operation 56 [2/2] (0.69ns)   --->   "%x_load_15 = load i4 %x_addr_15"   --->   Operation 56 'load' 'x_load_15' <Predicate = true> <Delay = 0.69> <CoreInst = "RAM">   --->   Core 82 'RAM' <Latency = 1> <II = 1> <Delay = 0.69> <Storage> <Opcode : 'load' 'store'> <Ports = 2> <Width = 32> <Depth = 16> <RAM>

State 9 <SV = 8> <Delay = 0.69>
ST_9 : Operation 57 [1/2] (0.69ns)   --->   "%x_load_14 = load i4 %x_addr_14"   --->   Operation 57 'load' 'x_load_14' <Predicate = true> <Delay = 0.69> <CoreInst = "RAM">   --->   Core 82 'RAM' <Latency = 1> <II = 1> <Delay = 0.69> <Storage> <Opcode : 'load' 'store'> <Ports = 2> <Width = 32> <Depth = 16> <RAM>
ST_9 : Operation 58 [1/2] (0.69ns)   --->   "%x_load_15 = load i4 %x_addr_15"   --->   Operation 58 'load' 'x_load_15' <Predicate = true> <Delay = 0.69> <CoreInst = "RAM">   --->   Core 82 'RAM' <Latency = 1> <II = 1> <Delay = 0.69> <Storage> <Opcode : 'load' 'store'> <Ports = 2> <Width = 32> <Depth = 16> <RAM>
ST_9 : Operation 59 [2/2] (0.00ns)   --->   "%call_ln0 = call void @dense_simple_Pipeline_VITIS_LOOP_8_1, i32 %w, i32 %x_load_7, i32 %x_load_11, i32 %x_load_8, i32 %x_load_2, i32 %x_load_1, i32 %x_load_5, i32 %x_load_12, i32 %x_load_3, i32 %x_load_10, i32 %x_load_4, i32 %x_load_13, i32 %x_load_6, i32 %x_load, i32 %x_load_14, i32 %x_load_9, i32 %x_load_15, i32 %y"   --->   Operation 59 'call' 'call_ln0' <Predicate = true> <Delay = 0.00> <CoreType = "Generic">   --->   Core 0 '' <Latency = 0> <II = 1> <Delay = 1.00> <Generic> <Opcode : >

State 10 <SV = 9> <Delay = 0.00>
ST_10 : Operation 60 [1/1] (0.00ns)   --->   "%spectopmodule_ln3 = spectopmodule void @_ssdm_op_SpecTopModule, void @empty_1" [dense_layer.cpp:3]   --->   Operation 60 'spectopmodule' 'spectopmodule_ln3' <Predicate = true> <Delay = 0.00>
ST_10 : Operation 61 [1/1] (0.00ns)   --->   "%specinterface_ln0 = specinterface void @_ssdm_op_SpecInterface, i32 %x, void @empty, i32 0, i32 0, void @empty_0, i32 4294967295, i32 0, void @empty_0, void @empty_0, void @empty_0, i32 0, i32 0, i32 0, i32 0, void @empty_0, void @empty_0, i32 4294967295, i32 0, i32 0"   --->   Operation 61 'specinterface' 'specinterface_ln0' <Predicate = true> <Delay = 0.00>
ST_10 : Operation 62 [1/1] (0.00ns)   --->   "%specbitsmap_ln0 = specbitsmap void @_ssdm_op_SpecBitsMap, i32 %x"   --->   Operation 62 'specbitsmap' 'specbitsmap_ln0' <Predicate = true> <Delay = 0.00>
ST_10 : Operation 63 [1/1] (0.00ns)   --->   "%specinterface_ln0 = specinterface void @_ssdm_op_SpecInterface, i32 %w, void @empty, i32 0, i32 0, void @empty_0, i32 4294967295, i32 0, void @empty_0, void @empty_0, void @empty_0, i32 0, i32 0, i32 0, i32 0, void @empty_0, void @empty_0, i32 4294967295, i32 0, i32 0"   --->   Operation 63 'specinterface' 'specinterface_ln0' <Predicate = true> <Delay = 0.00>
ST_10 : Operation 64 [1/1] (0.00ns)   --->   "%specbitsmap_ln0 = specbitsmap void @_ssdm_op_SpecBitsMap, i32 %w"   --->   Operation 64 'specbitsmap' 'specbitsmap_ln0' <Predicate = true> <Delay = 0.00>
ST_10 : Operation 65 [1/1] (0.00ns)   --->   "%specinterface_ln0 = specinterface void @_ssdm_op_SpecInterface, i32 %y, void @empty, i32 0, i32 0, void @empty_0, i32 4294967295, i32 0, void @empty_0, void @empty_0, void @empty_0, i32 0, i32 0, i32 0, i32 0, void @empty_0, void @empty_0, i32 4294967295, i32 0, i32 0"   --->   Operation 65 'specinterface' 'specinterface_ln0' <Predicate = true> <Delay = 0.00>
ST_10 : Operation 66 [1/1] (0.00ns)   --->   "%specbitsmap_ln0 = specbitsmap void @_ssdm_op_SpecBitsMap, i32 %y"   --->   Operation 66 'specbitsmap' 'specbitsmap_ln0' <Predicate = true> <Delay = 0.00>
ST_10 : Operation 67 [1/2] (0.00ns)   --->   "%call_ln0 = call void @dense_simple_Pipeline_VITIS_LOOP_8_1, i32 %w, i32 %x_load_7, i32 %x_load_11, i32 %x_load_8, i32 %x_load_2, i32 %x_load_1, i32 %x_load_5, i32 %x_load_12, i32 %x_load_3, i32 %x_load_10, i32 %x_load_4, i32 %x_load_13, i32 %x_load_6, i32 %x_load, i32 %x_load_14, i32 %x_load_9, i32 %x_load_15, i32 %y"   --->   Operation 67 'call' 'call_ln0' <Predicate = true> <Delay = 0.00> <CoreType = "Generic">   --->   Core 0 '' <Latency = 0> <II = 1> <Delay = 1.00> <Generic> <Opcode : >
ST_10 : Operation 68 [1/1] (0.00ns)   --->   "%ret_ln17 = ret" [dense_layer.cpp:17]   --->   Operation 68 'ret' 'ret_ln17' <Predicate = true> <Delay = 0.00>


============================================================
+ Verbose Summary: Binding
============================================================
STG Binding: 
---------------- STG Properties BEGIN ----------------
- Is combinational: 0
- Is one-state seq: 0
- Is datapath-only: 0
- Is pipelined: 0
- Is top level: 1
Port [ Return ] is wired: 1; IO mode=ap_ctrl_hs:ce=0
Port [ x]:  wired=1; compound=1; hidden=0; nouse=0; global=0; static=0; extern=0; dir=0; type=1; pingpong=0; private_global=0; MemPort=[11]; IO mode=ap_memory:ce=0
Port [ w]:  wired=1; compound=1; hidden=0; nouse=0; global=0; static=0; extern=0; dir=0; type=1; pingpong=0; private_global=0; MemPort=[11]; IO mode=ap_memory:ce=0
Port [ y]:  wired=1; compound=1; hidden=0; nouse=0; global=0; static=0; extern=0; dir=1; type=1; pingpong=0; private_global=0; MemPort=[03]; IO mode=ap_memory:ce=0
---------------- STG Properties END ------------------

---------------- Datapath Model BEGIN ----------------

<LifeTime>
<method=bitvector/>
x_addr            (getelementptr) [ 00100000000]
x_addr_1          (getelementptr) [ 00100000000]
x_load            (load         ) [ 00011111111]
x_load_1          (load         ) [ 00011111111]
x_addr_2          (getelementptr) [ 00010000000]
x_addr_3          (getelementptr) [ 00010000000]
x_load_2          (load         ) [ 00001111111]
x_load_3          (load         ) [ 00001111111]
x_addr_4          (getelementptr) [ 00001000000]
x_addr_5          (getelementptr) [ 00001000000]
x_load_4          (load         ) [ 00000111111]
x_load_5          (load         ) [ 00000111111]
x_addr_6          (getelementptr) [ 00000100000]
x_addr_7          (getelementptr) [ 00000100000]
x_load_6          (load         ) [ 00000011111]
x_load_7          (load         ) [ 00000011111]
x_addr_8          (getelementptr) [ 00000010000]
x_addr_9          (getelementptr) [ 00000010000]
x_load_8          (load         ) [ 00000001111]
x_load_9          (load         ) [ 00000001111]
x_addr_10         (getelementptr) [ 00000001000]
x_addr_11         (getelementptr) [ 00000001000]
x_load_10         (load         ) [ 00000000111]
x_load_11         (load         ) [ 00000000111]
x_addr_12         (getelementptr) [ 00000000100]
x_addr_13         (getelementptr) [ 00000000100]
x_load_12         (load         ) [ 00000000011]
x_load_13         (load         ) [ 00000000011]
x_addr_14         (getelementptr) [ 00000000010]
x_addr_15         (getelementptr) [ 00000000010]
x_load_14         (load         ) [ 00000000001]
x_load_15         (load         ) [ 00000000001]
spectopmodule_ln3 (spectopmodule) [ 00000000000]
specinterface_ln0 (specinterface) [ 00000000000]
specbitsmap_ln0   (specbitsmap  ) [ 00000000000]
specinterface_ln0 (specinterface) [ 00000000000]
specbitsmap_ln0   (specbitsmap  ) [ 00000000000]
specinterface_ln0 (specinterface) [ 00000000000]
specbitsmap_ln0   (specbitsmap  ) [ 00000000000]
call_ln0          (call         ) [ 00000000000]
ret_ln17          (ret          ) [ 00000000000]
</LifeTime>

<model>

<comp_list>
<comp id="0" class="1000" name="x">
<pin_list>
<pin id="1" dir="1" index="0" bw="1" slack="0"/>
</pin_list>
<bind>
<StgValue><ssdm name="x"/><MemPortTyVec>1 1 </MemPortTyVec>
</StgValue>
</bind>
</comp>

<comp id="2" class="1000" name="w">
<pin_list>
<pin id="3" dir="1" index="0" bw="1" slack="0"/>
</pin_list>
<bind>
<StgValue><ssdm name="w"/><MemPortTyVec>1 1 </MemPortTyVec>
</StgValue>
</bind>
</comp>

<comp id="4" class="1000" name="y">
<pin_list>
<pin id="5" dir="1" index="0" bw="1" slack="0"/>
</pin_list>
<bind>
<StgValue><ssdm name="y"/><MemPortTyVec>0 3 </MemPortTyVec>
</StgValue>
</bind>
</comp>

<comp id="6" class="1001" name="const_6">
<pin_list>
<pin id="7" dir="1" index="0" bw="1" slack="0"/>
</pin_list>
<bind>
<StgValue><ssdm name=""/></StgValue>
</bind>
</comp>

<comp id="8" class="1001" name="const_8">
<pin_list>
<pin id="9" dir="1" index="0" bw="1" slack="0"/>
</pin_list>
<bind>
<StgValue><ssdm name=""/></StgValue>
</bind>
</comp>

<comp id="10" class="1001" name="const_10">
<pin_list>
<pin id="11" dir="1" index="0" bw="1" slack="0"/>
</pin_list>
<bind>
<StgValue><ssdm name=""/></StgValue>
</bind>
</comp>

<comp id="12" class="1001" name="const_12">
<pin_list>
<pin id="13" dir="1" index="0" bw="1" slack="0"/>
</pin_list>
<bind>
<StgValue><ssdm name=""/></StgValue>
</bind>
</comp>

<comp id="14" class="1001" name="const_14">
<pin_list>
<pin id="15" dir="1" index="0" bw="1" slack="0"/>
</pin_list>
<bind>
<StgValue><ssdm name=""/></StgValue>
</bind>
</comp>

<comp id="16" class="1001" name="const_16">
<pin_list>
<pin id="17" dir="1" index="0" bw="1" slack="0"/>
</pin_list>
<bind>
<StgValue><ssdm name=""/></StgValue>
</bind>
</comp>

<comp id="18" class="1001" name="const_18">
<pin_list>
<pin id="19" dir="1" index="0" bw="1" slack="0"/>
</pin_list>
<bind>
<StgValue><ssdm name=""/></StgValue>
</bind>
</comp>

<comp id="20" class="1001" name="const_20">
<pin_list>
<pin id="21" dir="1" index="0" bw="1" slack="0"/>
</pin_list>
<bind>
<StgValue><ssdm name=""/></StgValue>
</bind>
</comp>

<comp id="22" class="1001" name="const_22">
<pin_list>
<pin id="23" dir="1" index="0" bw="1" slack="0"/>
</pin_list>
<bind>
<StgValue><ssdm name=""/></StgValue>
</bind>
</comp>

<comp id="24" class="1001" name="const_24">
<pin_list>
<pin id="25" dir="1" index="0" bw="1" slack="0"/>
</pin_list>
<bind>
<StgValue><ssdm name=""/></StgValue>
</bind>
</comp>

<comp id="26" class="1001" name="const_26">
<pin_list>
<pin id="27" dir="1" index="0" bw="1" slack="0"/>
</pin_list>
<bind>
<StgValue><ssdm name=""/></StgValue>
</bind>
</comp>

<comp id="28" class="1001" name="const_28">
<pin_list>
<pin id="29" dir="1" index="0" bw="1" slack="0"/>
</pin_list>
<bind>
<StgValue><ssdm name=""/></StgValue>
</bind>
</comp>

<comp id="30" class="1001" name="const_30">
<pin_list>
<pin id="31" dir="1" index="0" bw="1" slack="0"/>
</pin_list>
<bind>
<StgValue><ssdm name=""/></StgValue>
</bind>
</comp>

<comp id="32" class="1001" name="const_32">
<pin_list>
<pin id="33" dir="1" index="0" bw="1" slack="0"/>
</pin_list>
<bind>
<StgValue><ssdm name=""/></StgValue>
</bind>
</comp>

<comp id="34" class="1001" name="const_34">
<pin_list>
<pin id="35" dir="1" index="0" bw="1" slack="0"/>
</pin_list>
<bind>
<StgValue><ssdm name=""/></StgValue>
</bind>
</comp>

<comp id="36" class="1001" name="const_36">
<pin_list>
<pin id="37" dir="1" index="0" bw="1" slack="0"/>
</pin_list>
<bind>
<StgValue><ssdm name=""/></StgValue>
</bind>
</comp>

<comp id="38" class="1001" name="const_38">
<pin_list>
<pin id="39" dir="1" index="0" bw="1" slack="0"/>
</pin_list>
<bind>
<StgValue><ssdm name="dense_simple_Pipeline_VITIS_LOOP_8_1"/></StgValue>
</bind>
</comp>

<comp id="40" class="1001" name="const_40">
<pin_list>
<pin id="41" dir="1" index="0" bw="1" slack="2147483647"/>
</pin_list>
<bind>
<StgValue><ssdm name="_ssdm_op_SpecTopModule"/></StgValue>
</bind>
</comp>

<comp id="42" class="1001" name="const_42">
<pin_list>
<pin id="43" dir="1" index="0" bw="1" slack="2147483647"/>
</pin_list>
<bind>
<StgValue><ssdm name="empty_1"/></StgValue>
</bind>
</comp>

<comp id="44" class="1001" name="const_44">
<pin_list>
<pin id="45" dir="1" index="0" bw="1" slack="2147483647"/>
</pin_list>
<bind>
<StgValue><ssdm name="_ssdm_op_SpecInterface"/></StgValue>
</bind>
</comp>

<comp id="46" class="1001" name="const_46">
<pin_list>
<pin id="47" dir="1" index="0" bw="1" slack="2147483647"/>
</pin_list>
<bind>
<StgValue><ssdm name="empty"/></StgValue>
</bind>
</comp>

<comp id="48" class="1001" name="const_48">
<pin_list>
<pin id="49" dir="1" index="0" bw="1" slack="2147483647"/>
</pin_list>
<bind>
<StgValue><ssdm name=""/></StgValue>
</bind>
</comp>

<comp id="50" class="1001" name="const_50">
<pin_list>
<pin id="51" dir="1" index="0" bw="1" slack="2147483647"/>
</pin_list>
<bind>
<StgValue><ssdm name="empty_0"/></StgValue>
</bind>
</comp>

<comp id="52" class="1001" name="const_52">
<pin_list>
<pin id="53" dir="1" index="0" bw="1" slack="2147483647"/>
</pin_list>
<bind>
<StgValue><ssdm name=""/></StgValue>
</bind>
</comp>

<comp id="54" class="1001" name="const_54">
<pin_list>
<pin id="55" dir="1" index="0" bw="1" slack="2147483647"/>
</pin_list>
<bind>
<StgValue><ssdm name="_ssdm_op_SpecBitsMap"/></StgValue>
</bind>
</comp>

<comp id="56" class="1004" name="x_addr_gep_fu_56">
<pin_list>
<pin id="57" dir="0" index="0" bw="32" slack="0"/>
<pin id="58" dir="0" index="1" bw="1" slack="0"/>
<pin id="59" dir="0" index="2" bw="1" slack="0"/>
<pin id="60" dir="1" index="3" bw="4" slack="0"/>
</pin_list>
<bind>
<opcode="getelementptr(29) " fcode="getelementptr"/>
<opset="x_addr/1 "/>
</bind>
</comp>

<comp id="64" class="1004" name="grp_access_fu_64">
<pin_list>
<pin id="65" dir="0" index="0" bw="4" slack="0"/>
<pin id="66" dir="0" index="1" bw="32" slack="2147483647"/>
<pin id="67" dir="0" index="2" bw="0" slack="0"/>
<pin id="69" dir="0" index="4" bw="4" slack="2147483647"/>
<pin id="70" dir="0" index="5" bw="32" slack="2147483647"/>
<pin id="71" dir="0" index="6" bw="0" slack="2147483647"/>
<pin id="68" dir="1" index="3" bw="32" slack="0"/>
<pin id="72" dir="1" index="7" bw="32" slack="0"/>
</pin_list>
<bind>
<opcode="load(27) " fcode="load"/>
<opset="x_load/1 x_load_1/1 x_load_2/2 x_load_3/2 x_load_4/3 x_load_5/3 x_load_6/4 x_load_7/4 x_load_8/5 x_load_9/5 x_load_10/6 x_load_11/6 x_load_12/7 x_load_13/7 x_load_14/8 x_load_15/8 "/>
</bind>
</comp>

<comp id="74" class="1004" name="x_addr_1_gep_fu_74">
<pin_list>
<pin id="75" dir="0" index="0" bw="32" slack="0"/>
<pin id="76" dir="0" index="1" bw="1" slack="0"/>
<pin id="77" dir="0" index="2" bw="1" slack="0"/>
<pin id="78" dir="1" index="3" bw="4" slack="0"/>
</pin_list>
<bind>
<opcode="getelementptr(29) " fcode="getelementptr"/>
<opset="x_addr_1/1 "/>
</bind>
</comp>

<comp id="83" class="1004" name="x_addr_2_gep_fu_83">
<pin_list>
<pin id="84" dir="0" index="0" bw="32" slack="0"/>
<pin id="85" dir="0" index="1" bw="1" slack="0"/>
<pin id="86" dir="0" index="2" bw="3" slack="0"/>
<pin id="87" dir="1" index="3" bw="4" slack="0"/>
</pin_list>
<bind>
<opcode="getelementptr(29) " fcode="getelementptr"/>
<opset="x_addr_2/2 "/>
</bind>
</comp>

<comp id="92" class="1004" name="x_addr_3_gep_fu_92">
<pin_list>
<pin id="93" dir="0" index="0" bw="32" slack="0"/>
<pin id="94" dir="0" index="1" bw="1" slack="0"/>
<pin id="95" dir="0" index="2" bw="3" slack="0"/>
<pin id="96" dir="1" index="3" bw="4" slack="0"/>
</pin_list>
<bind>
<opcode="getelementptr(29) " fcode="getelementptr"/>
<opset="x_addr_3/2 "/>
</bind>
</comp>

<comp id="101" class="1004" name="x_addr_4_gep_fu_101">
<pin_list>
<pin id="102" dir="0" index="0" bw="32" slack="0"/>
<pin id="103" dir="0" index="1" bw="1" slack="0"/>
<pin id="104" dir="0" index="2" bw="4" slack="0"/>
<pin id="105" dir="1" index="3" bw="4" slack="0"/>
</pin_list>
<bind>
<opcode="getelementptr(29) " fcode="getelementptr"/>
<opset="x_addr_4/3 "/>
</bind>
</comp>

<comp id="110" class="1004" name="x_addr_5_gep_fu_110">
<pin_list>
<pin id="111" dir="0" index="0" bw="32" slack="0"/>
<pin id="112" dir="0" index="1" bw="1" slack="0"/>
<pin id="113" dir="0" index="2" bw="4" slack="0"/>
<pin id="114" dir="1" index="3" bw="4" slack="0"/>
</pin_list>
<bind>
<opcode="getelementptr(29) " fcode="getelementptr"/>
<opset="x_addr_5/3 "/>
</bind>
</comp>

<comp id="119" class="1004" name="x_addr_6_gep_fu_119">
<pin_list>
<pin id="120" dir="0" index="0" bw="32" slack="0"/>
<pin id="121" dir="0" index="1" bw="1" slack="0"/>
<pin id="122" dir="0" index="2" bw="4" slack="0"/>
<pin id="123" dir="1" index="3" bw="4" slack="0"/>
</pin_list>
<bind>
<opcode="getelementptr(29) " fcode="getelementptr"/>
<opset="x_addr_6/4 "/>
</bind>
</comp>

<comp id="128" class="1004" name="x_addr_7_gep_fu_128">
<pin_list>
<pin id="129" dir="0" index="0" bw="32" slack="0"/>
<pin id="130" dir="0" index="1" bw="1" slack="0"/>
<pin id="131" dir="0" index="2" bw="4" slack="0"/>
<pin id="132" dir="1" index="3" bw="4" slack="0"/>
</pin_list>
<bind>
<opcode="getelementptr(29) " fcode="getelementptr"/>
<opset="x_addr_7/4 "/>
</bind>
</comp>

<comp id="137" class="1004" name="x_addr_8_gep_fu_137">
<pin_list>
<pin id="138" dir="0" index="0" bw="32" slack="0"/>
<pin id="139" dir="0" index="1" bw="1" slack="0"/>
<pin id="140" dir="0" index="2" bw="5" slack="0"/>
<pin id="141" dir="1" index="3" bw="4" slack="0"/>
</pin_list>
<bind>
<opcode="getelementptr(29) " fcode="getelementptr"/>
<opset="x_addr_8/5 "/>
</bind>
</comp>

<comp id="146" class="1004" name="x_addr_9_gep_fu_146">
<pin_list>
<pin id="147" dir="0" index="0" bw="32" slack="0"/>
<pin id="148" dir="0" index="1" bw="1" slack="0"/>
<pin id="149" dir="0" index="2" bw="5" slack="0"/>
<pin id="150" dir="1" index="3" bw="4" slack="0"/>
</pin_list>
<bind>
<opcode="getelementptr(29) " fcode="getelementptr"/>
<opset="x_addr_9/5 "/>
</bind>
</comp>

<comp id="155" class="1004" name="x_addr_10_gep_fu_155">
<pin_list>
<pin id="156" dir="0" index="0" bw="32" slack="0"/>
<pin id="157" dir="0" index="1" bw="1" slack="0"/>
<pin id="158" dir="0" index="2" bw="5" slack="0"/>
<pin id="159" dir="1" index="3" bw="4" slack="0"/>
</pin_list>
<bind>
<opcode="getelementptr(29) " fcode="getelementptr"/>
<opset="x_addr_10/6 "/>
</bind>
</comp>

<comp id="164" class="1004" name="x_addr_11_gep_fu_164">
<pin_list>
<pin id="165" dir="0" index="0" bw="32" slack="0"/>
<pin id="166" dir="0" index="1" bw="1" slack="0"/>
<pin id="167" dir="0" index="2" bw="5" slack="0"/>
<pin id="168" dir="1" index="3" bw="4" slack="0"/>
</pin_list>
<bind>
<opcode="getelementptr(29) " fcode="getelementptr"/>
<opset="x_addr_11/6 "/>
</bind>
</comp>

<comp id="173" class="1004" name="x_addr_12_gep_fu_173">
<pin_list>
<pin id="174" dir="0" index="0" bw="32" slack="0"/>
<pin id="175" dir="0" index="1" bw="1" slack="0"/>
<pin id="176" dir="0" index="2" bw="5" slack="0"/>
<pin id="177" dir="1" index="3" bw="4" slack="0"/>
</pin_list>
<bind>
<opcode="getelementptr(29) " fcode="getelementptr"/>
<opset="x_addr_12/7 "/>
</bind>
</comp>

<comp id="182" class="1004" name="x_addr_13_gep_fu_182">
<pin_list>
<pin id="183" dir="0" index="0" bw="32" slack="0"/>
<pin id="184" dir="0" index="1" bw="1" slack="0"/>
<pin id="185" dir="0" index="2" bw="5" slack="0"/>
<pin id="186" dir="1" index="3" bw="4" slack="0"/>
</pin_list>
<bind>
<opcode="getelementptr(29) " fcode="getelementptr"/>
<opset="x_addr_13/7 "/>
</bind>
</comp>

<comp id="191" class="1004" name="x_addr_14_gep_fu_191">
<pin_list>
<pin id="192" dir="0" index="0" bw="32" slack="0"/>
<pin id="193" dir="0" index="1" bw="1" slack="0"/>
<pin id="194" dir="0" index="2" bw="5" slack="0"/>
<pin id="195" dir="1" index="3" bw="4" slack="0"/>
</pin_list>
<bind>
<opcode="getelementptr(29) " fcode="getelementptr"/>
<opset="x_addr_14/8 "/>
</bind>
</comp>

<comp id="200" class="1004" name="x_addr_15_gep_fu_200">
<pin_list>
<pin id="201" dir="0" index="0" bw="32" slack="0"/>
<pin id="202" dir="0" index="1" bw="1" slack="0"/>
<pin id="203" dir="0" index="2" bw="5" slack="0"/>
<pin id="204" dir="1" index="3" bw="4" slack="0"/>
</pin_list>
<bind>
<opcode="getelementptr(29) " fcode="getelementptr"/>
<opset="x_addr_15/8 "/>
</bind>
</comp>

<comp id="209" class="1004" name="grp_dense_simple_Pipeline_VITIS_LOOP_8_1_fu_209">
<pin_list>
<pin id="210" dir="0" index="0" bw="0" slack="0"/>
<pin id="211" dir="0" index="1" bw="32" slack="0"/>
<pin id="212" dir="0" index="2" bw="32" slack="4"/>
<pin id="213" dir="0" index="3" bw="32" slack="2"/>
<pin id="214" dir="0" index="4" bw="32" slack="3"/>
<pin id="215" dir="0" index="5" bw="32" slack="6"/>
<pin id="216" dir="0" index="6" bw="32" slack="7"/>
<pin id="217" dir="0" index="7" bw="32" slack="5"/>
<pin id="218" dir="0" index="8" bw="32" slack="1"/>
<pin id="219" dir="0" index="9" bw="32" slack="6"/>
<pin id="220" dir="0" index="10" bw="32" slack="2"/>
<pin id="221" dir="0" index="11" bw="32" slack="5"/>
<pin id="222" dir="0" index="12" bw="32" slack="1"/>
<pin id="223" dir="0" index="13" bw="32" slack="4"/>
<pin id="224" dir="0" index="14" bw="32" slack="7"/>
<pin id="225" dir="0" index="15" bw="32" slack="0"/>
<pin id="226" dir="0" index="16" bw="32" slack="3"/>
<pin id="227" dir="0" index="17" bw="32" slack="0"/>
<pin id="228" dir="0" index="18" bw="32" slack="0"/>
<pin id="229" dir="1" index="19" bw="0" slack="2147483647"/>
</pin_list>
<bind>
<opcode="call(48) " fcode="call"/>
<opset="call_ln0/9 "/>
</bind>
</comp>

<comp id="235" class="1005" name="x_addr_reg_235">
<pin_list>
<pin id="236" dir="0" index="0" bw="4" slack="1"/>
<pin id="237" dir="1" index="1" bw="4" slack="1"/>
</pin_list>
<bind>
<opset="x_addr "/>
</bind>
</comp>

<comp id="240" class="1005" name="x_addr_1_reg_240">
<pin_list>
<pin id="241" dir="0" index="0" bw="4" slack="1"/>
<pin id="242" dir="1" index="1" bw="4" slack="1"/>
</pin_list>
<bind>
<opset="x_addr_1 "/>
</bind>
</comp>

<comp id="245" class="1005" name="x_load_reg_245">
<pin_list>
<pin id="246" dir="0" index="0" bw="32" slack="7"/>
<pin id="247" dir="1" index="1" bw="32" slack="7"/>
</pin_list>
<bind>
<opset="x_load "/>
</bind>
</comp>

<comp id="250" class="1005" name="x_load_1_reg_250">
<pin_list>
<pin id="251" dir="0" index="0" bw="32" slack="7"/>
<pin id="252" dir="1" index="1" bw="32" slack="7"/>
</pin_list>
<bind>
<opset="x_load_1 "/>
</bind>
</comp>

<comp id="255" class="1005" name="x_addr_2_reg_255">
<pin_list>
<pin id="256" dir="0" index="0" bw="4" slack="1"/>
<pin id="257" dir="1" index="1" bw="4" slack="1"/>
</pin_list>
<bind>
<opset="x_addr_2 "/>
</bind>
</comp>

<comp id="260" class="1005" name="x_addr_3_reg_260">
<pin_list>
<pin id="261" dir="0" index="0" bw="4" slack="1"/>
<pin id="262" dir="1" index="1" bw="4" slack="1"/>
</pin_list>
<bind>
<opset="x_addr_3 "/>
</bind>
</comp>

<comp id="265" class="1005" name="x_load_2_reg_265">
<pin_list>
<pin id="266" dir="0" index="0" bw="32" slack="6"/>
<pin id="267" dir="1" index="1" bw="32" slack="6"/>
</pin_list>
<bind>
<opset="x_load_2 "/>
</bind>
</comp>

<comp id="270" class="1005" name="x_load_3_reg_270">
<pin_list>
<pin id="271" dir="0" index="0" bw="32" slack="6"/>
<pin id="272" dir="1" index="1" bw="32" slack="6"/>
</pin_list>
<bind>
<opset="x_load_3 "/>
</bind>
</comp>

<comp id="275" class="1005" name="x_addr_4_reg_275">
<pin_list>
<pin id="276" dir="0" index="0" bw="4" slack="1"/>
<pin id="277" dir="1" index="1" bw="4" slack="1"/>
</pin_list>
<bind>
<opset="x_addr_4 "/>
</bind>
</comp>

<comp id="280" class="1005" name="x_addr_5_reg_280">
<pin_list>
<pin id="281" dir="0" index="0" bw="4" slack="1"/>
<pin id="282" dir="1" index="1" bw="4" slack="1"/>
</pin_list>
<bind>
<opset="x_addr_5 "/>
</bind>
</comp>

<comp id="285" class="1005" name="x_load_4_reg_285">
<pin_list>
<pin id="286" dir="0" index="0" bw="32" slack="5"/>
<pin id="287" dir="1" index="1" bw="32" slack="5"/>
</pin_list>
<bind>
<opset="x_load_4 "/>
</bind>
</comp>

<comp id="290" class="1005" name="x_load_5_reg_290">
<pin_list>
<pin id="291" dir="0" index="0" bw="32" slack="5"/>
<pin id="292" dir="1" index="1" bw="32" slack="5"/>
</pin_list>
<bind>
<opset="x_load_5 "/>
</bind>
</comp>

<comp id="295" class="1005" name="x_addr_6_reg_295">
<pin_list>
<pin id="296" dir="0" index="0" bw="4" slack="1"/>
<pin id="297" dir="1" index="1" bw="4" slack="1"/>
</pin_list>
<bind>
<opset="x_addr_6 "/>
</bind>
</comp>

<comp id="300" class="1005" name="x_addr_7_reg_300">
<pin_list>
<pin id="301" dir="0" index="0" bw="4" slack="1"/>
<pin id="302" dir="1" index="1" bw="4" slack="1"/>
</pin_list>
<bind>
<opset="x_addr_7 "/>
</bind>
</comp>

<comp id="305" class="1005" name="x_load_6_reg_305">
<pin_list>
<pin id="306" dir="0" index="0" bw="32" slack="4"/>
<pin id="307" dir="1" index="1" bw="32" slack="4"/>
</pin_list>
<bind>
<opset="x_load_6 "/>
</bind>
</comp>

<comp id="310" class="1005" name="x_load_7_reg_310">
<pin_list>
<pin id="311" dir="0" index="0" bw="32" slack="4"/>
<pin id="312" dir="1" index="1" bw="32" slack="4"/>
</pin_list>
<bind>
<opset="x_load_7 "/>
</bind>
</comp>

<comp id="315" class="1005" name="x_addr_8_reg_315">
<pin_list>
<pin id="316" dir="0" index="0" bw="4" slack="1"/>
<pin id="317" dir="1" index="1" bw="4" slack="1"/>
</pin_list>
<bind>
<opset="x_addr_8 "/>
</bind>
</comp>

<comp id="320" class="1005" name="x_addr_9_reg_320">
<pin_list>
<pin id="321" dir="0" index="0" bw="4" slack="1"/>
<pin id="322" dir="1" index="1" bw="4" slack="1"/>
</pin_list>
<bind>
<opset="x_addr_9 "/>
</bind>
</comp>

<comp id="325" class="1005" name="x_load_8_reg_325">
<pin_list>
<pin id="326" dir="0" index="0" bw="32" slack="3"/>
<pin id="327" dir="1" index="1" bw="32" slack="3"/>
</pin_list>
<bind>
<opset="x_load_8 "/>
</bind>
</comp>

<comp id="330" class="1005" name="x_load_9_reg_330">
<pin_list>
<pin id="331" dir="0" index="0" bw="32" slack="3"/>
<pin id="332" dir="1" index="1" bw="32" slack="3"/>
</pin_list>
<bind>
<opset="x_load_9 "/>
</bind>
</comp>

<comp id="335" class="1005" name="x_addr_10_reg_335">
<pin_list>
<pin id="336" dir="0" index="0" bw="4" slack="1"/>
<pin id="337" dir="1" index="1" bw="4" slack="1"/>
</pin_list>
<bind>
<opset="x_addr_10 "/>
</bind>
</comp>

<comp id="340" class="1005" name="x_addr_11_reg_340">
<pin_list>
<pin id="341" dir="0" index="0" bw="4" slack="1"/>
<pin id="342" dir="1" index="1" bw="4" slack="1"/>
</pin_list>
<bind>
<opset="x_addr_11 "/>
</bind>
</comp>

<comp id="345" class="1005" name="x_load_10_reg_345">
<pin_list>
<pin id="346" dir="0" index="0" bw="32" slack="2"/>
<pin id="347" dir="1" index="1" bw="32" slack="2"/>
</pin_list>
<bind>
<opset="x_load_10 "/>
</bind>
</comp>

<comp id="350" class="1005" name="x_load_11_reg_350">
<pin_list>
<pin id="351" dir="0" index="0" bw="32" slack="2"/>
<pin id="352" dir="1" index="1" bw="32" slack="2"/>
</pin_list>
<bind>
<opset="x_load_11 "/>
</bind>
</comp>

<comp id="355" class="1005" name="x_addr_12_reg_355">
<pin_list>
<pin id="356" dir="0" index="0" bw="4" slack="1"/>
<pin id="357" dir="1" index="1" bw="4" slack="1"/>
</pin_list>
<bind>
<opset="x_addr_12 "/>
</bind>
</comp>

<comp id="360" class="1005" name="x_addr_13_reg_360">
<pin_list>
<pin id="361" dir="0" index="0" bw="4" slack="1"/>
<pin id="362" dir="1" index="1" bw="4" slack="1"/>
</pin_list>
<bind>
<opset="x_addr_13 "/>
</bind>
</comp>

<comp id="365" class="1005" name="x_load_12_reg_365">
<pin_list>
<pin id="366" dir="0" index="0" bw="32" slack="1"/>
<pin id="367" dir="1" index="1" bw="32" slack="1"/>
</pin_list>
<bind>
<opset="x_load_12 "/>
</bind>
</comp>

<comp id="370" class="1005" name="x_load_13_reg_370">
<pin_list>
<pin id="371" dir="0" index="0" bw="32" slack="1"/>
<pin id="372" dir="1" index="1" bw="32" slack="1"/>
</pin_list>
<bind>
<opset="x_load_13 "/>
</bind>
</comp>

<comp id="375" class="1005" name="x_addr_14_reg_375">
<pin_list>
<pin id="376" dir="0" index="0" bw="4" slack="1"/>
<pin id="377" dir="1" index="1" bw="4" slack="1"/>
</pin_list>
<bind>
<opset="x_addr_14 "/>
</bind>
</comp>

<comp id="380" class="1005" name="x_addr_15_reg_380">
<pin_list>
<pin id="381" dir="0" index="0" bw="4" slack="1"/>
<pin id="382" dir="1" index="1" bw="4" slack="1"/>
</pin_list>
<bind>
<opset="x_addr_15 "/>
</bind>
</comp>

<comp id="385" class="1005" name="x_load_14_reg_385">
<pin_list>
<pin id="386" dir="0" index="0" bw="32" slack="1"/>
<pin id="387" dir="1" index="1" bw="32" slack="1"/>
</pin_list>
<bind>
<opset="x_load_14 "/>
</bind>
</comp>

<comp id="390" class="1005" name="x_load_15_reg_390">
<pin_list>
<pin id="391" dir="0" index="0" bw="32" slack="1"/>
<pin id="392" dir="1" index="1" bw="32" slack="1"/>
</pin_list>
<bind>
<opset="x_load_15 "/>
</bind>
</comp>

</comp_list>

<net_list>
<net id="61"><net_src comp="0" pin="0"/><net_sink comp="56" pin=0"/></net>

<net id="62"><net_src comp="6" pin="0"/><net_sink comp="56" pin=1"/></net>

<net id="63"><net_src comp="6" pin="0"/><net_sink comp="56" pin=2"/></net>

<net id="73"><net_src comp="56" pin="3"/><net_sink comp="64" pin=2"/></net>

<net id="79"><net_src comp="0" pin="0"/><net_sink comp="74" pin=0"/></net>

<net id="80"><net_src comp="6" pin="0"/><net_sink comp="74" pin=1"/></net>

<net id="81"><net_src comp="8" pin="0"/><net_sink comp="74" pin=2"/></net>

<net id="82"><net_src comp="74" pin="3"/><net_sink comp="64" pin=0"/></net>

<net id="88"><net_src comp="0" pin="0"/><net_sink comp="83" pin=0"/></net>

<net id="89"><net_src comp="6" pin="0"/><net_sink comp="83" pin=1"/></net>

<net id="90"><net_src comp="10" pin="0"/><net_sink comp="83" pin=2"/></net>

<net id="91"><net_src comp="83" pin="3"/><net_sink comp="64" pin=2"/></net>

<net id="97"><net_src comp="0" pin="0"/><net_sink comp="92" pin=0"/></net>

<net id="98"><net_src comp="6" pin="0"/><net_sink comp="92" pin=1"/></net>

<net id="99"><net_src comp="12" pin="0"/><net_sink comp="92" pin=2"/></net>

<net id="100"><net_src comp="92" pin="3"/><net_sink comp="64" pin=0"/></net>

<net id="106"><net_src comp="0" pin="0"/><net_sink comp="101" pin=0"/></net>

<net id="107"><net_src comp="6" pin="0"/><net_sink comp="101" pin=1"/></net>

<net id="108"><net_src comp="14" pin="0"/><net_sink comp="101" pin=2"/></net>

<net id="109"><net_src comp="101" pin="3"/><net_sink comp="64" pin=2"/></net>

<net id="115"><net_src comp="0" pin="0"/><net_sink comp="110" pin=0"/></net>

<net id="116"><net_src comp="6" pin="0"/><net_sink comp="110" pin=1"/></net>

<net id="117"><net_src comp="16" pin="0"/><net_sink comp="110" pin=2"/></net>

<net id="118"><net_src comp="110" pin="3"/><net_sink comp="64" pin=0"/></net>

<net id="124"><net_src comp="0" pin="0"/><net_sink comp="119" pin=0"/></net>

<net id="125"><net_src comp="6" pin="0"/><net_sink comp="119" pin=1"/></net>

<net id="126"><net_src comp="18" pin="0"/><net_sink comp="119" pin=2"/></net>

<net id="127"><net_src comp="119" pin="3"/><net_sink comp="64" pin=2"/></net>

<net id="133"><net_src comp="0" pin="0"/><net_sink comp="128" pin=0"/></net>

<net id="134"><net_src comp="6" pin="0"/><net_sink comp="128" pin=1"/></net>

<net id="135"><net_src comp="20" pin="0"/><net_sink comp="128" pin=2"/></net>

<net id="136"><net_src comp="128" pin="3"/><net_sink comp="64" pin=0"/></net>

<net id="142"><net_src comp="0" pin="0"/><net_sink comp="137" pin=0"/></net>

<net id="143"><net_src comp="6" pin="0"/><net_sink comp="137" pin=1"/></net>

<net id="144"><net_src comp="22" pin="0"/><net_sink comp="137" pin=2"/></net>

<net id="145"><net_src comp="137" pin="3"/><net_sink comp="64" pin=2"/></net>

<net id="151"><net_src comp="0" pin="0"/><net_sink comp="146" pin=0"/></net>

<net id="152"><net_src comp="6" pin="0"/><net_sink comp="146" pin=1"/></net>

<net id="153"><net_src comp="24" pin="0"/><net_sink comp="146" pin=2"/></net>

<net id="154"><net_src comp="146" pin="3"/><net_sink comp="64" pin=0"/></net>

<net id="160"><net_src comp="0" pin="0"/><net_sink comp="155" pin=0"/></net>

<net id="161"><net_src comp="6" pin="0"/><net_sink comp="155" pin=1"/></net>

<net id="162"><net_src comp="26" pin="0"/><net_sink comp="155" pin=2"/></net>

<net id="163"><net_src comp="155" pin="3"/><net_sink comp="64" pin=2"/></net>

<net id="169"><net_src comp="0" pin="0"/><net_sink comp="164" pin=0"/></net>

<net id="170"><net_src comp="6" pin="0"/><net_sink comp="164" pin=1"/></net>

<net id="171"><net_src comp="28" pin="0"/><net_sink comp="164" pin=2"/></net>

<net id="172"><net_src comp="164" pin="3"/><net_sink comp="64" pin=0"/></net>

<net id="178"><net_src comp="0" pin="0"/><net_sink comp="173" pin=0"/></net>

<net id="179"><net_src comp="6" pin="0"/><net_sink comp="173" pin=1"/></net>

<net id="180"><net_src comp="30" pin="0"/><net_sink comp="173" pin=2"/></net>

<net id="181"><net_src comp="173" pin="3"/><net_sink comp="64" pin=2"/></net>

<net id="187"><net_src comp="0" pin="0"/><net_sink comp="182" pin=0"/></net>

<net id="188"><net_src comp="6" pin="0"/><net_sink comp="182" pin=1"/></net>

<net id="189"><net_src comp="32" pin="0"/><net_sink comp="182" pin=2"/></net>

<net id="190"><net_src comp="182" pin="3"/><net_sink comp="64" pin=0"/></net>

<net id="196"><net_src comp="0" pin="0"/><net_sink comp="191" pin=0"/></net>

<net id="197"><net_src comp="6" pin="0"/><net_sink comp="191" pin=1"/></net>

<net id="198"><net_src comp="34" pin="0"/><net_sink comp="191" pin=2"/></net>

<net id="199"><net_src comp="191" pin="3"/><net_sink comp="64" pin=2"/></net>

<net id="205"><net_src comp="0" pin="0"/><net_sink comp="200" pin=0"/></net>

<net id="206"><net_src comp="6" pin="0"/><net_sink comp="200" pin=1"/></net>

<net id="207"><net_src comp="36" pin="0"/><net_sink comp="200" pin=2"/></net>

<net id="208"><net_src comp="200" pin="3"/><net_sink comp="64" pin=0"/></net>

<net id="230"><net_src comp="38" pin="0"/><net_sink comp="209" pin=0"/></net>

<net id="231"><net_src comp="2" pin="0"/><net_sink comp="209" pin=1"/></net>

<net id="232"><net_src comp="64" pin="7"/><net_sink comp="209" pin=15"/></net>

<net id="233"><net_src comp="64" pin="3"/><net_sink comp="209" pin=17"/></net>

<net id="234"><net_src comp="4" pin="0"/><net_sink comp="209" pin=18"/></net>

<net id="238"><net_src comp="56" pin="3"/><net_sink comp="235" pin=0"/></net>

<net id="239"><net_src comp="235" pin="1"/><net_sink comp="64" pin=2"/></net>

<net id="243"><net_src comp="74" pin="3"/><net_sink comp="240" pin=0"/></net>

<net id="244"><net_src comp="240" pin="1"/><net_sink comp="64" pin=0"/></net>

<net id="248"><net_src comp="64" pin="7"/><net_sink comp="245" pin=0"/></net>

<net id="249"><net_src comp="245" pin="1"/><net_sink comp="209" pin=14"/></net>

<net id="253"><net_src comp="64" pin="3"/><net_sink comp="250" pin=0"/></net>

<net id="254"><net_src comp="250" pin="1"/><net_sink comp="209" pin=6"/></net>

<net id="258"><net_src comp="83" pin="3"/><net_sink comp="255" pin=0"/></net>

<net id="259"><net_src comp="255" pin="1"/><net_sink comp="64" pin=2"/></net>

<net id="263"><net_src comp="92" pin="3"/><net_sink comp="260" pin=0"/></net>

<net id="264"><net_src comp="260" pin="1"/><net_sink comp="64" pin=0"/></net>

<net id="268"><net_src comp="64" pin="7"/><net_sink comp="265" pin=0"/></net>

<net id="269"><net_src comp="265" pin="1"/><net_sink comp="209" pin=5"/></net>

<net id="273"><net_src comp="64" pin="3"/><net_sink comp="270" pin=0"/></net>

<net id="274"><net_src comp="270" pin="1"/><net_sink comp="209" pin=9"/></net>

<net id="278"><net_src comp="101" pin="3"/><net_sink comp="275" pin=0"/></net>

<net id="279"><net_src comp="275" pin="1"/><net_sink comp="64" pin=2"/></net>

<net id="283"><net_src comp="110" pin="3"/><net_sink comp="280" pin=0"/></net>

<net id="284"><net_src comp="280" pin="1"/><net_sink comp="64" pin=0"/></net>

<net id="288"><net_src comp="64" pin="7"/><net_sink comp="285" pin=0"/></net>

<net id="289"><net_src comp="285" pin="1"/><net_sink comp="209" pin=11"/></net>

<net id="293"><net_src comp="64" pin="3"/><net_sink comp="290" pin=0"/></net>

<net id="294"><net_src comp="290" pin="1"/><net_sink comp="209" pin=7"/></net>

<net id="298"><net_src comp="119" pin="3"/><net_sink comp="295" pin=0"/></net>

<net id="299"><net_src comp="295" pin="1"/><net_sink comp="64" pin=2"/></net>

<net id="303"><net_src comp="128" pin="3"/><net_sink comp="300" pin=0"/></net>

<net id="304"><net_src comp="300" pin="1"/><net_sink comp="64" pin=0"/></net>

<net id="308"><net_src comp="64" pin="7"/><net_sink comp="305" pin=0"/></net>

<net id="309"><net_src comp="305" pin="1"/><net_sink comp="209" pin=13"/></net>

<net id="313"><net_src comp="64" pin="3"/><net_sink comp="310" pin=0"/></net>

<net id="314"><net_src comp="310" pin="1"/><net_sink comp="209" pin=2"/></net>

<net id="318"><net_src comp="137" pin="3"/><net_sink comp="315" pin=0"/></net>

<net id="319"><net_src comp="315" pin="1"/><net_sink comp="64" pin=2"/></net>

<net id="323"><net_src comp="146" pin="3"/><net_sink comp="320" pin=0"/></net>

<net id="324"><net_src comp="320" pin="1"/><net_sink comp="64" pin=0"/></net>

<net id="328"><net_src comp="64" pin="7"/><net_sink comp="325" pin=0"/></net>

<net id="329"><net_src comp="325" pin="1"/><net_sink comp="209" pin=4"/></net>

<net id="333"><net_src comp="64" pin="3"/><net_sink comp="330" pin=0"/></net>

<net id="334"><net_src comp="330" pin="1"/><net_sink comp="209" pin=16"/></net>

<net id="338"><net_src comp="155" pin="3"/><net_sink comp="335" pin=0"/></net>

<net id="339"><net_src comp="335" pin="1"/><net_sink comp="64" pin=2"/></net>

<net id="343"><net_src comp="164" pin="3"/><net_sink comp="340" pin=0"/></net>

<net id="344"><net_src comp="340" pin="1"/><net_sink comp="64" pin=0"/></net>

<net id="348"><net_src comp="64" pin="7"/><net_sink comp="345" pin=0"/></net>

<net id="349"><net_src comp="345" pin="1"/><net_sink comp="209" pin=10"/></net>

<net id="353"><net_src comp="64" pin="3"/><net_sink comp="350" pin=0"/></net>

<net id="354"><net_src comp="350" pin="1"/><net_sink comp="209" pin=3"/></net>

<net id="358"><net_src comp="173" pin="3"/><net_sink comp="355" pin=0"/></net>

<net id="359"><net_src comp="355" pin="1"/><net_sink comp="64" pin=2"/></net>

<net id="363"><net_src comp="182" pin="3"/><net_sink comp="360" pin=0"/></net>

<net id="364"><net_src comp="360" pin="1"/><net_sink comp="64" pin=0"/></net>

<net id="368"><net_src comp="64" pin="7"/><net_sink comp="365" pin=0"/></net>

<net id="369"><net_src comp="365" pin="1"/><net_sink comp="209" pin=8"/></net>

<net id="373"><net_src comp="64" pin="3"/><net_sink comp="370" pin=0"/></net>

<net id="374"><net_src comp="370" pin="1"/><net_sink comp="209" pin=12"/></net>

<net id="378"><net_src comp="191" pin="3"/><net_sink comp="375" pin=0"/></net>

<net id="379"><net_src comp="375" pin="1"/><net_sink comp="64" pin=2"/></net>

<net id="383"><net_src comp="200" pin="3"/><net_sink comp="380" pin=0"/></net>

<net id="384"><net_src comp="380" pin="1"/><net_sink comp="64" pin=0"/></net>

<net id="388"><net_src comp="64" pin="7"/><net_sink comp="385" pin=0"/></net>

<net id="389"><net_src comp="385" pin="1"/><net_sink comp="209" pin=15"/></net>

<net id="393"><net_src comp="64" pin="3"/><net_sink comp="390" pin=0"/></net>

<net id="394"><net_src comp="390" pin="1"/><net_sink comp="209" pin=17"/></net>

</net_list>

</model> 
---------------- Datapath Model END ------------------

* FSMD analyzer results:
  - Output states:
	Port: y | {9 10 }
 - Input state : 
	Port: dense_simple : x | {1 2 3 4 5 6 7 8 9 }
	Port: dense_simple : w | {9 10 }
  - Chain level:
	State 1
		x_load : 1
		x_load_1 : 1
	State 2
		x_load_2 : 1
		x_load_3 : 1
	State 3
		x_load_4 : 1
		x_load_5 : 1
	State 4
		x_load_6 : 1
		x_load_7 : 1
	State 5
		x_load_8 : 1
		x_load_9 : 1
	State 6
		x_load_10 : 1
		x_load_11 : 1
	State 7
		x_load_12 : 1
		x_load_13 : 1
	State 8
		x_load_14 : 1
		x_load_15 : 1
	State 9
		call_ln0 : 1
	State 10


============================================================
+ Verbose Summary: Datapath Resource usage 
============================================================

* Functional unit list:
|----------|-------------------------------------------------|---------|---------|---------|---------|
| Operation|                 Functional Unit                 |   DSP   |  Delay  |    FF   |   LUT   |
|----------|-------------------------------------------------|---------|---------|---------|---------|
|   call   | grp_dense_simple_Pipeline_VITIS_LOOP_8_1_fu_209 |    6    | 2.92829 |   912   |   628   |
|----------|-------------------------------------------------|---------|---------|---------|---------|
|   Total  |                                                 |    6    | 2.92829 |   912   |   628   |
|----------|-------------------------------------------------|---------|---------|---------|---------|

Memories:
N/A

* Register list:
+-----------------+--------+
|                 |   FF   |
+-----------------+--------+
|x_addr_10_reg_335|    4   |
|x_addr_11_reg_340|    4   |
|x_addr_12_reg_355|    4   |
|x_addr_13_reg_360|    4   |
|x_addr_14_reg_375|    4   |
|x_addr_15_reg_380|    4   |
| x_addr_1_reg_240|    4   |
| x_addr_2_reg_255|    4   |
| x_addr_3_reg_260|    4   |
| x_addr_4_reg_275|    4   |
| x_addr_5_reg_280|    4   |
| x_addr_6_reg_295|    4   |
| x_addr_7_reg_300|    4   |
| x_addr_8_reg_315|    4   |
| x_addr_9_reg_320|    4   |
|  x_addr_reg_235 |    4   |
|x_load_10_reg_345|   32   |
|x_load_11_reg_350|   32   |
|x_load_12_reg_365|   32   |
|x_load_13_reg_370|   32   |
|x_load_14_reg_385|   32   |
|x_load_15_reg_390|   32   |
| x_load_1_reg_250|   32   |
| x_load_2_reg_265|   32   |
| x_load_3_reg_270|   32   |
| x_load_4_reg_285|   32   |
| x_load_5_reg_290|   32   |
| x_load_6_reg_305|   32   |
| x_load_7_reg_310|   32   |
| x_load_8_reg_325|   32   |
| x_load_9_reg_330|   32   |
|  x_load_reg_245 |   32   |
+-----------------+--------+
|      Total      |   576  |
+-----------------+--------+

* Multiplexer (MUX) list: 
|-------------------------------------------------|------|------|------|--------||---------||---------||---------|
|                       Comp                      |  Pin | Size |  BW  | S x BW ||  Delay  ||    FF   ||   LUT   |
|-------------------------------------------------|------|------|------|--------||---------||---------||---------|
|                 grp_access_fu_64                |  p0  |  16  |   4  |   64   ||    0    ||    65   |
|                 grp_access_fu_64                |  p2  |  16  |   0  |    0   ||    0    ||    65   |
| grp_dense_simple_Pipeline_VITIS_LOOP_8_1_fu_209 |  p15 |   2  |  32  |   64   ||    0    ||    9    |
| grp_dense_simple_Pipeline_VITIS_LOOP_8_1_fu_209 |  p17 |   2  |  32  |   64   ||    0    ||    9    |
|-------------------------------------------------|------|------|------|--------||---------||---------||---------|
|                      Total                      |      |      |      |   192  ||   1.76  ||    0    ||   148   |
|-------------------------------------------------|------|------|------|--------||---------||---------||---------|



* Summary:
+-----------+--------+--------+--------+--------+
|           |   DSP  |  Delay |   FF   |   LUT  |
+-----------+--------+--------+--------+--------+
|  Function |    6   |    2   |   912  |   628  |
|   Memory  |    -   |    -   |    -   |    -   |
|Multiplexer|    -   |    1   |    0   |   148  |
|  Register |    -   |    -   |   576  |    -   |
+-----------+--------+--------+--------+--------+
|   Total   |    6   |    4   |  1488  |   776  |
+-----------+--------+--------+--------+--------+
