

================================================================
== Vitis HLS Report for 'dense_simple'
================================================================
* Date:           Sat May  9 13:44:35 2026

* Version:        2024.1 (Build 5069499 on May 21 2024)
* Project:        dense_simple_proj
* Solution:       solution1 (Vivado IP Flow Target)
* Product family: virtexuplus
* Target device:  xcvu13p-fsga2577-2-e


================================================================
== Performance Estimates
================================================================
+ Timing: 
    * Summary: 
    +--------+----------+----------+------------+
    |  Clock |  Target  | Estimated| Uncertainty|
    +--------+----------+----------+------------+
    |ap_clk  |  25.00 ns|  7.542 ns|     6.75 ns|
    +--------+----------+----------+------------+

+ Latency: 
    * Summary: 
    +---------+---------+----------+----------+-----+-----+---------+
    |  Latency (cycles) |  Latency (absolute) |  Interval | Pipeline|
    |   min   |   max   |    min   |    max   | min | max |   Type  |
    +---------+---------+----------+----------+-----+-----+---------+
    |       75|       75|  1.875 us|  1.875 us|   76|   76|       no|
    +---------+---------+----------+----------+-----+-----+---------+

    + Detail: 
        * Instance: 
        N/A

        * Loop: 
        N/A

============================================================
+ Verbose Summary: Synthesis Manager
============================================================
InlineROM: 1
ExposeGlobal: 0
============================================================
+ Verbose Summary: CDFG Model
============================================================
IsTopModel: 1
ResetActiveHigh: 1
IsCombinational: 0
IsDatapathOnly: 0
HasWiredReturn: 1
HasMFsm: 0
HasVarLatency: 1
IsPipeline: 0
IsRtlPipelined: 0
IsInstanceOverlapped: 0
IsDontTouch: 0
HasImplIP: 0
IsGatedGlobalClock: 0


============================================================
+ Verbose Summary: Schedule
============================================================
* Number of FSM states : 10
* Pipeline : 0
* Dataflow Pipeline: 0

* FSM state transitions: 
1 --> 2 
2 --> 3 
3 --> 4 
4 --> 5 
5 --> 6 
6 --> 7 
7 --> 8 
8 --> 9 
9 --> 10 
10 --> 

* FSM state operations: 

State 1 <SV = 0> <Delay = 0.69>
ST_1 : Operation 11 [1/1] (0.00ns)   --->   "%x_addr = getelementptr i32 %x, i64 0, i64 0"   --->   Operation 11 'getelementptr' 'x_addr' <Predicate = true> <Delay = 0.00>
ST_1 : Operation 12 [2/2] (0.69ns)   --->   "%x_load = load i4 %x_addr"   --->   Operation 12 'load' 'x_load' <Predicate = true> <Delay = 0.69> <CoreInst = "RAM">   --->   Core 82 'RAM' <Latency = 1> <II = 1> <Delay = 0.69> <Storage> <Opcode : 'load' 'store'> <Ports = 2> <Width = 32> <Depth = 16> <RAM>
ST_1 : Operation 13 [1/1] (0.00ns)   --->   "%x_addr_1 = getelementptr i32 %x, i64 0, i64 1"   --->   Operation 13 'getelementptr' 'x_addr_1' <Predicate = true> <Delay = 0.00>
ST_1 : Operation 14 [2/2] (0.69ns)   --->   "%x_load_1 = load i4 %x_addr_1"   --->   Operation 14 'load' 'x_load_1' <Predicate = true> <Delay = 0.69> <CoreInst = "RAM">   --->   Core 82 'RAM' <Latency = 1> <II = 1> <Delay = 0.69> <Storage> <Opcode : 'load' 'store'> <Ports = 2> <Width = 32> <Depth = 16> <RAM>

State 2 <SV = 1> <Delay = 0.69>
ST_2 : Operation 15 [1/2] (0.69ns)   --->   "%x_load = load i4 %x_addr"   --->   Operation 15 'load' 'x_load' <Predicate = true> <Delay = 0.69> <CoreInst = "RAM">   --->   Core 82 'RAM' <Latency = 1> <II = 1> <Delay = 0.69> <Storage> <Opcode : 'load' 'store'> <Ports = 2> <Width = 32> <Depth = 16> <RAM>
ST_2 : Operation 16 [1/2] (0.69ns)   --->   "%x_load_1 = load i4 %x_addr_1"   --->   Operation 16 'load' 'x_load_1' <Predicate = true> <Delay = 0.69> <CoreInst = "RAM">   --->   Core 82 'RAM' <Latency = 1> <II = 1> <Delay = 0.69> <Storage> <Opcode : 'load' 'store'> <Ports = 2> <Width = 32> <Depth = 16> <RAM>
ST_2 : Operation 17 [1/1] (0.00ns)   --->   "%x_addr_2 = getelementptr i32 %x, i64 0, i64 2"   --->   Operation 17 'getelementptr' 'x_addr_2' <Predicate = true> <Delay = 0.00>
ST_2 : Operation 18 [2/2] (0.69ns)   --->   "%x_load_2 = load i4 %x_addr_2"   --->   Operation 18 'load' 'x_load_2' <Predicate = true> <Delay = 0.69> <CoreInst = "RAM">   --->   Core 82 'RAM' <Latency = 1> <II = 1> <Delay = 0.69> <Storage> <Opcode : 'load' 'store'> <Ports = 2> <Width = 32> <Depth = 16> <RAM>
ST_2 : Operation 19 [1/1] (0.00ns)   --->   "%x_addr_3 = getelementptr i32 %x, i64 0, i64 3"   --->   Operation 19 'getelementptr' 'x_addr_3' <Predicate = true> <Delay = 0.00>
ST_2 : Operation 20 [2/2] (0.69ns)   --->   "%x_load_3 = load i4 %x_addr_3"   --->   Operation 20 'load' 'x_load_3' <Predicate = true> <Delay = 0.69> <CoreInst = "RAM">   --->   Core 82 'RAM' <Latency = 1> <II = 1> <Delay = 0.69> <Storage> <Opcode : 'load' 'store'> <Ports = 2> <Width = 32> <Depth = 16> <RAM>

State 3 <SV = 2> <Delay = 0.69>
ST_3 : Operation 21 [1/2] (0.69ns)   --->   "%x_load_2 = load i4 %x_addr_2"   --->   Operation 21 'load' 'x_load_2' <Predicate = true> <Delay = 0.69> <CoreInst = "RAM">   --->   Core 82 'RAM' <Latency = 1> <II = 1> <Delay = 0.69> <Storage> <Opcode : 'load' 'store'> <Ports = 2> <Width = 32> <Depth = 16> <RAM>
ST_3 : Operation 22 [1/2] (0.69ns)   --->   "%x_load_3 = load i4 %x_addr_3"   --->   Operation 22 'load' 'x_load_3' <Predicate = true> <Delay = 0.69> <CoreInst = "RAM">   --->   Core 82 'RAM' <Latency = 1> <II = 1> <Delay = 0.69> <Storage> <Opcode : 'load' 'store'> <Ports = 2> <Width = 32> <Depth = 16> <RAM>
ST_3 : Operation 23 [1/1] (0.00ns)   --->   "%x_addr_4 = getelementptr i32 %x, i64 0, i64 4"   --->   Operation 23 'getelementptr' 'x_addr_4' <Predicate = true> <Delay = 0.00>
ST_3 : Operation 24 [2/2] (0.69ns)   --->   "%x_load_4 = load i4 %x_addr_4"   --->   Operation 24 'load' 'x_load_4' <Predicate = true> <Delay = 0.69> <CoreInst = "RAM">   --->   Core 82 'RAM' <Latency = 1> <II = 1> <Delay = 0.69> <Storage> <Opcode : 'load' 'store'> <Ports = 2> <Width = 32> <Depth = 16> <RAM>
ST_3 : Operation 25 [1/1] (0.00ns)   --->   "%x_addr_5 = getelementptr i32 %x, i64 0, i64 5"   --->   Operation 25 'getelementptr' 'x_addr_5' <Predicate = true> <Delay = 0.00>
ST_3 : Operation 26 [2/2] (0.69ns)   --->   "%x_load_5 = load i4 %x_addr_5"   --->   Operation 26 'load' 'x_load_5' <Predicate = true> <Delay = 0.69> <CoreInst = "RAM">   --->   Core 82 'RAM' <Latency = 1> <II = 1> <Delay = 0.69> <Storage> <Opcode : 'load' 'store'> <Ports = 2> <Width = 32> <Depth = 16> <RAM>

State 4 <SV = 3> <Delay = 0.69>
ST_4 : Operation 27 [1/2] (0.69ns)   --->   "%x_load_4 = load i4 %x_addr_4"   --->   Operation 27 'load' 'x_load_4' <Predicate = true> <Delay = 0.69> <CoreInst = "RAM">   --->   Core 82 'RAM' <Latency = 1> <II = 1> <Delay = 0.69> <Storage> <Opcode : 'load' 'store'> <Ports = 2> <Width = 32> <Depth = 16> <RAM>
ST_4 : Operation 28 [1/2] (0.69ns)   --->   "%x_load_5 = load i4 %x_addr_5"   --->   Operation 28 'load' 'x_load_5' <Predicate = true> <Delay = 0.69> <CoreInst = "RAM">   --->   Core 82 'RAM' <Latency = 1> <II = 1> <Delay = 0.69> <Storage> <Opcode : 'load' 'store'> <Ports = 2> <Width = 32> <Depth = 16> <RAM>
ST_4 : Operation 29 [1/1] (0.00ns)   --->   "%x_addr_6 = getelementptr i32 %x, i64 0, i64 6"   --->   Operation 29 'getelementptr' 'x_addr_6' <Predicate = true> <Delay = 0.00>
ST_4 : Operation 30 [2/2] (0.69ns)   --->   "%x_load_6 = load i4 %x_addr_6"   --->   Operation 30 'load' 'x_load_6' <Predicate = true> <Delay = 0.69> <CoreInst = "RAM">   --->   Core 82 'RAM' <Latency = 1> <II = 1> <Delay = 0.69> <Storage> <Opcode : 'load' 'store'> <Ports = 2> <Width = 32> <Depth = 16> <RAM>
ST_4 : Operation 31 [1/1] (0.00ns)   --->   "%x_addr_7 = getelementptr i32 %x, i64 0, i64 7"   --->   Operation 31 'getelementptr' 'x_addr_7' <Predicate = true> <Delay = 0.00>
ST_4 : Operation 32 [2/2] (0.69ns)   --->   "%x_load_7 = load i4 %x_addr_7"   --->   Operation 32 'load' 'x_load_7' <Predicate = true> <Delay = 0.69> <CoreInst = "RAM">   --->   Core 82 'RAM' <Latency = 1> <II = 1> <Delay = 0.69> <Storage> <Opcode : 'load' 'store'> <Ports = 2> <Width = 32> <Depth = 16> <RAM>

State 5 <SV = 4> <Delay = 0.69>
ST_5 : Operation 33 [1/2] (0.69ns)   --->   "%x_load_6 = load i4 %x_addr_6"   --->   Operation 33 'load' 'x_load_6' <Predicate = true> <Delay = 0.69> <CoreInst = "RAM">   --->   Core 82 'RAM' <Latency = 1> <II = 1> <Delay = 0.69> <Storage> <Opcode : 'load' 'store'> <Ports = 2> <Width = 32> <Depth = 16> <RAM>
ST_5 : Operation 34 [1/2] (0.69ns)   --->   "%x_load_7 = load i4 %x_addr_7"   --->   Operation 34 'load' 'x_load_7' <Predicate = true> <Delay = 0.69> <CoreInst = "RAM">   --->   Core 82 'RAM' <Latency = 1> <II = 1> <Delay = 0.69> <Storage> <Opcode : 'load' 'store'> <Ports = 2> <Width = 32> <Depth = 16> <RAM>
ST_5 : Operation 35 [1/1] (0.00ns)   --->   "%x_addr_8 = getelementptr i32 %x, i64 0, i64 8"   --->   Operation 35 'getelementptr' 'x_addr_8' <Predicate = true> <Delay = 0.00>
ST_5 : Operation 36 [2/2] (0.69ns)   --->   "%x_load_8 = load i4 %x_addr_8"   --->   Operation 36 'load' 'x_load_8' <Predicate = true> <Delay = 0.69> <CoreInst = "RAM">   --->   Core 82 'RAM' <Latency = 1> <II = 1> <Delay = 0.69> <Storage> <Opcode : 'load' 'store'> <Ports = 2> <Width = 32> <Depth = 16> <RAM>
ST_5 : Operation 37 [1/1] (0.00ns)   --->   "%x_addr_9 = getelementptr i32 %x, i64 0, i64 9"   --->   Operation 37 'getelementptr' 'x_addr_9' <Predicate = true> <Delay = 0.00>
ST_5 : Operation 38 [2/2] (0.69ns)   --->   "%x_load_9 = load i4 %x_addr_9"   --->   Operation 38 'load' 'x_load_9' <Predicate = true> <Delay = 0.69> <CoreInst = "RAM">   --->   Core 82 'RAM' <Latency = 1> <II = 1> <Delay = 0.69> <Storage> <Opcode : 'load' 'store'> <Ports = 2> <Width = 32> <Depth = 16> <RAM>

State 6 <SV = 5> <Delay = 0.69>
ST_6 : Operation 39 [1/2] (0.69ns)   --->   "%x_load_8 = load i4 %x_addr_8"   --->   Operation 39 'load' 'x_load_8' <Predicate = true> <Delay = 0.69> <CoreInst = "RAM">   --->   Core 82 'RAM' <Latency = 1> <II = 1> <Delay = 0.69> <Storage> <Opcode : 'load' 'store'> <Ports = 2> <Width = 32> <Depth = 16> <RAM>
ST_6 : Operation 40 [1/2] (0.69ns)   --->   "%x_load_9 = load i4 %x_addr_9"   --->   Operation 40 'load' 'x_load_9' <Predicate = true> <Delay = 0.69> <CoreInst = "RAM">   --->   Core 82 'RAM' <Latency = 1> <II = 1> <Delay = 0.69> <Storage> <Opcode : 'load' 'store'> <Ports = 2> <Width = 32> <Depth = 16> <RAM>
ST_6 : Operation 41 [1/1] (0.00ns)   --->   "%x_addr_10 = getelementptr i32 %x, i64 0, i64 10"   --->   Operation 41 'getelementptr' 'x_addr_10' <Predicate = true> <Delay = 0.00>
ST_6 : Operation 42 [2/2] (0.69ns)   --->   "%x_load_10 = load i4 %x_addr_10"   --->   Operation 42 'load' 'x_load_10' <Predicate = true> <Delay = 0.69> <CoreInst = "RAM">   --->   Core 82 'RAM' <Latency = 1> <II = 1> <Delay = 0.69> <Storage> <Opcode : 'load' 'store'> <Ports = 2> <Width = 32> <Depth = 16> <RAM>
ST_6 : Operation 43 [1/1] (0.00ns)   --->   "%x_addr_11 = getelementptr i32 %x, i64 0, i64 11"   --->   Operation 43 'getelementptr' 'x_addr_11' <Predicate = true> <Delay = 0.00>
ST_6 : Operation 44 [2/2] (0.69ns)   --->   "%x_load_11 = load i4 %x_addr_11"   --->   Operation 44 'load' 'x_load_11' <Predicate = true> <Delay = 0.69> <CoreInst = "RAM">   --->   Core 82 'RAM' <Latency = 1> <II = 1> <Delay = 0.69> <Storage> <Opcode : 'load' 'store'> <Ports = 2> <Width = 32> <Depth = 16> <RAM>

State 7 <SV = 6> <Delay = 0.69>
ST_7 : Operation 45 [1/2] (0.69ns)   --->   "%x_load_10 = load i4 %x_addr_10"   --->   Operation 45 'load' 'x_load_10' <Predicate = true> <Delay = 0.69> <CoreInst = "RAM">   --->   Core 82 'RAM' <Latency = 1> <II = 1> <Delay = 0.69> <Storage> <Opcode : 'load' 'store'> <Ports = 2> <Width = 32> <Depth = 16> <RAM>
ST_7 : Operation 46 [1/2] (0.69ns)   --->   "%x_load_11 = load i4 %x_addr_11"   --->   Operation 46 'load' 'x_load_11' <Predicate = true> <Delay = 0.69> <CoreInst = "RAM">   --->   Core 82 'RAM' <Latency = 1> <II = 1> <Delay = 0.69> <Storage> <Opcode : 'load' 'store'> <Ports = 2> <Width = 32> <Depth = 16> <RAM>
ST_7 : Operation 47 [1/1] (0.00ns)   --->   "%x_addr_12 = getelementptr i32 %x, i64 0, i64 12"   --->   Operation 47 'getelementptr' 'x_addr_12' <Predicate = true> <Delay = 0.00>
ST_7 : Operation 48 [2/2] (0.69ns)   --->   "%x_load_12 = load i4 %x_addr_12"   --->   Operation 48 'load' 'x_load_12' <Predicate = true> <Delay = 0.69> <CoreInst = "RAM">   --->   Core 82 'RAM' <Latency = 1> <II = 1> <Delay = 0.69> <Storage> <Opcode : 'load' 'store'> <Ports = 2> <Width = 32> <Depth = 16> <RAM>
ST_7 : Operation 49 [1/1] (0.00ns)   --->   "%x_addr_13 = getelementptr i32 %x, i64 0, i64 13"   --->   Operation 49 'getelementptr' 'x_addr_13' <Predicate = true> <Delay = 0.00>
ST_7 : Operation 50 [2/2] (0.69ns)   --->   "%x_load_13 = load i4 %x_addr_13"   --->   Operation 50 'load' 'x_load_13' <Predicate = true> <Delay = 0.69> <CoreInst = "RAM">   --->   Core 82 'RAM' <Latency = 1> <II = 1> <Delay = 0.69> <Storage> <Opcode : 'load' 'store'> <Ports = 2> <Width = 32> <Depth = 16> <RAM>

State 8 <SV = 7> <Delay = 0.69>
ST_8 : Operation 51 [1/2] (0.69ns)   --->   "%x_load_12 = load i4 %x_addr_12"   --->   Operation 51 'load' 'x_load_12' <Predicate = true> <Delay = 0.69> <CoreInst = "RAM">   --->   Core 82 'RAM' <Latency = 1> <II = 1> <Delay = 0.69> <Storage> <Opcode : 'load' 'store'> <Ports = 2> <Width = 32> <Depth = 16> <RAM>
ST_8 : Operation 52 [1/2] (0.69ns)   --->   "%x_load_13 = load i4 %x_addr_13"   --->   Operation 52 'load' 'x_load_13' <Predicate = true> <Delay = 0.69> <CoreInst = "RAM">   --->   Core 82 'RAM' <Latency = 1> <II = 1> <Delay = 0.69> <Storage> <Opcode : 'load' 'store'> <Ports = 2> <Width = 32> <Depth = 16> <RAM>
ST_8 : Operation 53 [1/1] (0.00ns)   --->   "%x_addr_14 = getelementptr i32 %x, i64 0, i64 14"   --->   Operation 53 'getelementptr' 'x_addr_14' <Predicate = true> <Delay = 0.00>
ST_8 : Operation 54 [2/2] (0.69ns)   --->   "%x_load_14 = load i4 %x_addr_14"   --->   Operation 54 'load' 'x_load_14' <Predicate = true> <Delay = 0.69> <CoreInst = "RAM">   --->   Core 82 'RAM' <Latency = 1> <II = 1> <Delay = 0.69> <Storage> <Opcode : 'load' 'store'> <Ports = 2> <Width = 32> <Depth = 16> <RAM>
ST_8 : Operation 55 [1/1] (0.00ns)   --->   "%x_addr_15 = getelementptr i32 %x, i64 0, i64 15"   --->   Operation 55 'getelementptr' 'x_addr_15' <Predicate = true> <Delay = 0.00>
ST_8 : Operation 56 [2/2] (0.69ns)   --->   "%x_load_15 = load i4 %x_addr_15"   --->   Operation 56 'load' 'x_load_15' <Predicate = true> <Delay = 0.69> <CoreInst = "RAM">   --->   Core 82 'RAM' <Latency = 1> <II = 1> <Delay = 0.69> <Storage> <Opcode : 'load' 'store'> <Ports = 2> <Width = 32> <Depth = 16> <RAM>

State 9 <SV = 8> <Delay = 0.69>
ST_9 : Operation 57 [1/2] (0.69ns)   --->   "%x_load_14 = load i4 %x_addr_14"   --->   Operation 57 'load' 'x_load_14' <Predicate = true> <Delay = 0.69> <CoreInst = "RAM">   --->   Core 82 'RAM' <Latency = 1> <II = 1> <Delay = 0.69> <Storage> <Opcode : 'load' 'store'> <Ports = 2> <Width = 32> <Depth = 16> <RAM>
ST_9 : Operation 58 [1/2] (0.69ns)   --->   "%x_load_15 = load i4 %x_addr_15"   --->   Operation 58 'load' 'x_load_15' <Predicate = true> <Delay = 0.69> <CoreInst = "RAM">   --->   Core 82 'RAM' <Latency = 1> <II = 1> <Delay = 0.69> <Storage> <Opcode : 'load' 'store'> <Ports = 2> <Width = 32> <Depth = 16> <RAM>
ST_9 : Operation 59 [2/2] (0.00ns)   --->   "%call_ln0 = call void @dense_simple_Pipeline_VITIS_LOOP_8_1, i32 %w, i32 %x_load_7, i32 %x_load_11, i32 %x_load_8, i32 %x_load_2, i32 %x_load_1, i32 %x_load_5, i32 %x_load_12, i32 %x_load_3, i32 %x_load_10, i32 %x_load_4, i32 %x_load_13, i32 %x_load_6, i32 %x_load, i32 %x_load_14, i32 %x_load_9, i32 %x_load_15, i32 %y"   --->   Operation 59 'call' 'call_ln0' <Predicate = true> <Delay = 0.00> <CoreType = "Generic">   --->   Core 0 '' <Latency = 0> <II = 1> <Delay = 1.00> <Generic> <Opcode : >

State 10 <SV = 9> <Delay = 0.00>
ST_10 : Operation 60 [1/1] (0.00ns)   --->   "%spectopmodule_ln3 = spectopmodule void @_ssdm_op_SpecTopModule, void @empty_1" [dense_layer.cpp:3]   --->   Operation 60 'spectopmodule' 'spectopmodule_ln3' <Predicate = true> <Delay = 0.00>
ST_10 : Operation 61 [1/1] (0.00ns)   --->   "%specinterface_ln0 = specinterface void @_ssdm_op_SpecInterface, i32 %x, void @empty, i32 0, i32 0, void @empty_0, i32 4294967295, i32 0, void @empty_0, void @empty_0, void @empty_0, i32 0, i32 0, i32 0, i32 0, void @empty_0, void @empty_0, i32 4294967295, i32 0, i32 0"   --->   Operation 61 'specinterface' 'specinterface_ln0' <Predicate = true> <Delay = 0.00>
ST_10 : Operation 62 [1/1] (0.00ns)   --->   "%specbitsmap_ln0 = specbitsmap void @_ssdm_op_SpecBitsMap, i32 %x"   --->   Operation 62 'specbitsmap' 'specbitsmap_ln0' <Predicate = true> <Delay = 0.00>
ST_10 : Operation 63 [1/1] (0.00ns)   --->   "%specinterface_ln0 = specinterface void @_ssdm_op_SpecInterface, i32 %w, void @empty, i32 0, i32 0, void @empty_0, i32 4294967295, i32 0, void @empty_0, void @empty_0, void @empty_0, i32 0, i32 0, i32 0, i32 0, void @empty_0, void @empty_0, i32 4294967295, i32 0, i32 0"   --->   Operation 63 'specinterface' 'specinterface_ln0' <Predicate = true> <Delay = 0.00>
ST_10 : Operation 64 [1/1] (0.00ns)   --->   "%specbitsmap_ln0 = specbitsmap void @_ssdm_op_SpecBitsMap, i32 %w"   --->   Operation 64 'specbitsmap' 'specbitsmap_ln0' <Predicate = true> <Delay = 0.00>
ST_10 : Operation 65 [1/1] (0.00ns)   --->   "%specinterface_ln0 = specinterface void @_ssdm_op_SpecInterface, i32 %y, void @empty, i32 0, i32 0, void @empty_0, i32 4294967295, i32 0, void @empty_0, void @empty_0, void @empty_0, i32 0, i32 0, i32 0, i32 0, void @empty_0, void @empty_0, i32 4294967295, i32 0, i32 0"   --->   Operation 65 'specinterface' 'specinterface_ln0' <Predicate = true> <Delay = 0.00>
ST_10 : Operation 66 [1/1] (0.00ns)   --->   "%specbitsmap_ln0 = specbitsmap void @_ssdm_op_SpecBitsMap, i32 %y"   --->   Operation 66 'specbitsmap' 'specbitsmap_ln0' <Predicate = true> <Delay = 0.00>
ST_10 : Operation 67 [1/2] (0.00ns)   --->   "%call_ln0 = call void @dense_simple_Pipeline_VITIS_LOOP_8_1, i32 %w, i32 %x_load_7, i32 %x_load_11, i32 %x_load_8, i32 %x_load_2, i32 %x_load_1, i32 %x_load_5, i32 %x_load_12, i32 %x_load_3, i32 %x_load_10, i32 %x_load_4, i32 %x_load_13, i32 %x_load_6, i32 %x_load, i32 %x_load_14, i32 %x_load_9, i32 %x_load_15, i32 %y"   --->   Operation 67 'call' 'call_ln0' <Predicate = true> <Delay = 0.00> <CoreType = "Generic">   --->   Core 0 '' <Latency = 0> <II = 1> <Delay = 1.00> <Generic> <Opcode : >
ST_10 : Operation 68 [1/1] (0.00ns)   --->   "%ret_ln17 = ret" [dense_layer.cpp:17]   --->   Operation 68 'ret' 'ret_ln17' <Predicate = true> <Delay = 0.00>


============================================================
+ Verbose Summary: Timing violations
============================================================
Target clock period: 25.000ns, clock uncertainty: 6.750ns.

 <State 1>: 0.699ns
The critical path consists of the following:
	'getelementptr' operation 4 bit ('x_addr') [11]  (0.000 ns)
	'load' operation 32 bit ('x_load') on array 'x' [12]  (0.699 ns)

 <State 2>: 0.699ns
The critical path consists of the following:
	'load' operation 32 bit ('x_load') on array 'x' [12]  (0.699 ns)

 <State 3>: 0.699ns
The critical path consists of the following:
	'load' operation 32 bit ('x_load_2') on array 'x' [16]  (0.699 ns)

 <State 4>: 0.699ns
The critical path consists of the following:
	'load' operation 32 bit ('x_load_4') on array 'x' [20]  (0.699 ns)

 <State 5>: 0.699ns
The critical path consists of the following:
	'load' operation 32 bit ('x_load_6') on array 'x' [24]  (0.699 ns)

 <State 6>: 0.699ns
The critical path consists of the following:
	'load' operation 32 bit ('x_load_8') on array 'x' [28]  (0.699 ns)

 <State 7>: 0.699ns
The critical path consists of the following:
	'load' operation 32 bit ('x_load_10') on array 'x' [32]  (0.699 ns)

 <State 8>: 0.699ns
The critical path consists of the following:
	'load' operation 32 bit ('x_load_12') on array 'x' [36]  (0.699 ns)

 <State 9>: 0.699ns
The critical path consists of the following:
	'load' operation 32 bit ('x_load_14') on array 'x' [40]  (0.699 ns)

 <State 10>: 0.000ns
The critical path consists of the following:


============================================================
+ Verbose Summary: Binding
============================================================
N/A
* FSMD analyzer results:
  - Output states:
 - Input state : 
  - Chain level:
	State 1
	State 2
	State 3
	State 4
	State 5
	State 6
	State 7
	State 8
	State 9
	State 10


============================================================
+ Verbose Summary: Datapath Resource usage 
============================================================
N/A
