

================================================================
== Vitis HLS Report for 'dense_simple_Pipeline_VITIS_LOOP_8_1'
================================================================
* Date:           Sat May  9 13:44:35 2026

* Version:        2024.1 (Build 5069499 on May 21 2024)
* Project:        dense_simple_proj
* Solution:       solution1 (Vivado IP Flow Target)
* Product family: virtexuplus
* Target device:  xcvu13p-fsga2577-2-e


================================================================
== Performance Estimates
================================================================
+ Timing: 
    * Summary: 
    +--------+----------+----------+------------+
    |  Clock |  Target  | Estimated| Uncertainty|
    +--------+----------+----------+------------+
    |ap_clk  |  25.00 ns|  7.542 ns|     6.75 ns|
    +--------+----------+----------+------------+

+ Latency: 
    * Summary: 
    +---------+---------+----------+----------+-----+-----+-----------------------------------------------+
    |  Latency (cycles) |  Latency (absolute) |  Interval |                    Pipeline                   |
    |   min   |   max   |    min   |    max   | min | max |                      Type                     |
    +---------+---------+----------+----------+-----+-----+-----------------------------------------------+
    |       66|       66|  1.650 us|  1.650 us|   64|   64|  loop auto-rewind stp(delay=0 clock cycles(s))|
    +---------+---------+----------+----------+-----+-----+-----------------------------------------------+

    + Detail: 
        * Instance: 
        N/A

        * Loop: 
        +------------------+---------+---------+----------+-----------+-----------+------+----------+
        |                  |  Latency (cycles) | Iteration|  Initiation Interval  | Trip |          |
        |     Loop Name    |   min   |   max   |  Latency |  achieved |   target  | Count| Pipelined|
        +------------------+---------+---------+----------+-----------+-----------+------+----------+
        |- VITIS_LOOP_8_1  |       64|       64|         9|          8|          1|     8|       yes|
        +------------------+---------+---------+----------+-----------+-----------+------+----------+

============================================================
+ Verbose Summary: Synthesis Manager
============================================================
InlineROM: 1
ExposeGlobal: 0
============================================================
+ Verbose Summary: CDFG Model
============================================================
IsTopModel: 0
ResetActiveHigh: 1
IsCombinational: 0
IsDatapathOnly: 0
HasWiredReturn: 1
HasMFsm: 2
HasVarLatency: 1
IsPipeline: 0
IsRtlPipelined: 0
IsInstanceOverlapped: 0
IsDontTouch: 0
HasImplIP: 0
IsGatedGlobalClock: 0

+ Individual pipeline summary: 
  * Pipeline-0: initiation interval (II) = 8, depth = 9


============================================================
+ Verbose Summary: Schedule
============================================================
* Number of FSM states : 9
* Pipeline : 1
  Pipeline-0 : II = 8, D = 9, States = { 1 2 3 4 5 6 7 8 9 }
* Dataflow Pipeline: 0

* FSM state transitions: 
1 --> 2 
2 --> 3 
3 --> 4 
4 --> 5 
5 --> 6 
6 --> 7 
7 --> 8 
8 --> 9 
9 --> 

* FSM state operations: 

State 1 <SV = 0> <Delay = 1.34>
ST_1 : Operation 12 [1/1] (0.00ns)   --->   "%j1 = alloca i32 1"   --->   Operation 12 'alloca' 'j1' <Predicate = true> <Delay = 0.00>
ST_1 : Operation 13 [1/1] (0.00ns)   --->   "%specinterface_ln0 = specinterface void @_ssdm_op_SpecInterface, i32 %y, void @empty, i32 0, i32 0, void @empty_0, i32 4294967295, i32 0, void @empty_0, void @empty_0, void @empty_0, i32 0, i32 0, i32 0, i32 0, void @empty_0, void @empty_0, i32 4294967295, i32 0, i32 0"   --->   Operation 13 'specinterface' 'specinterface_ln0' <Predicate = true> <Delay = 0.00>
ST_1 : Operation 14 [1/1] (0.00ns)   --->   "%specinterface_ln0 = specinterface void @_ssdm_op_SpecInterface, i32 %w, void @empty, i32 0, i32 0, void @empty_0, i32 4294967295, i32 0, void @empty_0, void @empty_0, void @empty_0, i32 0, i32 0, i32 0, i32 0, void @empty_0, void @empty_0, i32 4294967295, i32 0, i32 0"   --->   Operation 14 'specinterface' 'specinterface_ln0' <Predicate = true> <Delay = 0.00>
ST_1 : Operation 15 [1/1] (0.00ns)   --->   "%x_load_15_read = read i32 @_ssdm_op_Read.ap_auto.i32, i32 %x_load_15"   --->   Operation 15 'read' 'x_load_15_read' <Predicate = true> <Delay = 0.00>
ST_1 : Operation 16 [1/1] (0.00ns)   --->   "%x_load_9_read = read i32 @_ssdm_op_Read.ap_auto.i32, i32 %x_load_9"   --->   Operation 16 'read' 'x_load_9_read' <Predicate = true> <Delay = 0.00>
ST_1 : Operation 17 [1/1] (0.00ns)   --->   "%x_load_14_read = read i32 @_ssdm_op_Read.ap_auto.i32, i32 %x_load_14"   --->   Operation 17 'read' 'x_load_14_read' <Predicate = true> <Delay = 0.00>
ST_1 : Operation 18 [1/1] (0.00ns)   --->   "%x_load_read = read i32 @_ssdm_op_Read.ap_auto.i32, i32 %x_load"   --->   Operation 18 'read' 'x_load_read' <Predicate = true> <Delay = 0.00>
ST_1 : Operation 19 [1/1] (0.00ns)   --->   "%x_load_6_read = read i32 @_ssdm_op_Read.ap_auto.i32, i32 %x_load_6"   --->   Operation 19 'read' 'x_load_6_read' <Predicate = true> <Delay = 0.00>
ST_1 : Operation 20 [1/1] (0.00ns)   --->   "%x_load_13_read = read i32 @_ssdm_op_Read.ap_auto.i32, i32 %x_load_13"   --->   Operation 20 'read' 'x_load_13_read' <Predicate = true> <Delay = 0.00>
ST_1 : Operation 21 [1/1] (0.00ns)   --->   "%x_load_4_read = read i32 @_ssdm_op_Read.ap_auto.i32, i32 %x_load_4"   --->   Operation 21 'read' 'x_load_4_read' <Predicate = true> <Delay = 0.00>
ST_1 : Operation 22 [1/1] (0.00ns)   --->   "%x_load_10_read = read i32 @_ssdm_op_Read.ap_auto.i32, i32 %x_load_10"   --->   Operation 22 'read' 'x_load_10_read' <Predicate = true> <Delay = 0.00>
ST_1 : Operation 23 [1/1] (0.00ns)   --->   "%x_load_3_read = read i32 @_ssdm_op_Read.ap_auto.i32, i32 %x_load_3"   --->   Operation 23 'read' 'x_load_3_read' <Predicate = true> <Delay = 0.00>
ST_1 : Operation 24 [1/1] (0.00ns)   --->   "%x_load_12_read = read i32 @_ssdm_op_Read.ap_auto.i32, i32 %x_load_12"   --->   Operation 24 'read' 'x_load_12_read' <Predicate = true> <Delay = 0.00>
ST_1 : Operation 25 [1/1] (0.00ns)   --->   "%x_load_5_read = read i32 @_ssdm_op_Read.ap_auto.i32, i32 %x_load_5"   --->   Operation 25 'read' 'x_load_5_read' <Predicate = true> <Delay = 0.00>
ST_1 : Operation 26 [1/1] (0.00ns)   --->   "%x_load_1_read = read i32 @_ssdm_op_Read.ap_auto.i32, i32 %x_load_1"   --->   Operation 26 'read' 'x_load_1_read' <Predicate = true> <Delay = 0.00>
ST_1 : Operation 27 [1/1] (0.00ns)   --->   "%x_load_2_read = read i32 @_ssdm_op_Read.ap_auto.i32, i32 %x_load_2"   --->   Operation 27 'read' 'x_load_2_read' <Predicate = true> <Delay = 0.00>
ST_1 : Operation 28 [1/1] (0.00ns)   --->   "%x_load_8_read = read i32 @_ssdm_op_Read.ap_auto.i32, i32 %x_load_8"   --->   Operation 28 'read' 'x_load_8_read' <Predicate = true> <Delay = 0.00>
ST_1 : Operation 29 [1/1] (0.00ns)   --->   "%x_load_11_read = read i32 @_ssdm_op_Read.ap_auto.i32, i32 %x_load_11"   --->   Operation 29 'read' 'x_load_11_read' <Predicate = true> <Delay = 0.00>
ST_1 : Operation 30 [1/1] (0.00ns)   --->   "%x_load_7_read = read i32 @_ssdm_op_Read.ap_auto.i32, i32 %x_load_7"   --->   Operation 30 'read' 'x_load_7_read' <Predicate = true> <Delay = 0.00>
ST_1 : Operation 31 [1/1] (0.38ns)   --->   "%store_ln0 = store i3 0, i3 %j1"   --->   Operation 31 'store' 'store_ln0' <Predicate = true> <Delay = 0.38>
ST_1 : Operation 32 [1/1] (0.00ns)   --->   "%br_ln0 = br void %VITIS_LOOP_11_2.split"   --->   Operation 32 'br' 'br_ln0' <Predicate = true> <Delay = 0.00>
ST_1 : Operation 33 [1/1] (0.00ns)   --->   "%j1_load = load i3 %j1" [dense_layer.cpp:8]   --->   Operation 33 'load' 'j1_load' <Predicate = true> <Delay = 0.00>
ST_1 : Operation 34 [1/1] (0.00ns)   --->   "%zext_ln8 = zext i3 %j1_load" [dense_layer.cpp:8]   --->   Operation 34 'zext' 'zext_ln8' <Predicate = true> <Delay = 0.00>
ST_1 : Operation 35 [1/1] (0.00ns)   --->   "%w_addr = getelementptr i32 %w, i64 0, i64 %zext_ln8" [dense_layer.cpp:12]   --->   Operation 35 'getelementptr' 'w_addr' <Predicate = true> <Delay = 0.00>
ST_1 : Operation 36 [1/1] (0.00ns)   --->   "%add_ln12_s = bitconcatenate i4 @_ssdm_op_BitConcatenate.i4.i1.i3, i1 1, i3 %j1_load" [dense_layer.cpp:12]   --->   Operation 36 'bitconcatenate' 'add_ln12_s' <Predicate = true> <Delay = 0.00>
ST_1 : Operation 37 [1/1] (0.00ns)   --->   "%zext_ln12_2 = zext i4 %add_ln12_s" [dense_layer.cpp:12]   --->   Operation 37 'zext' 'zext_ln12_2' <Predicate = true> <Delay = 0.00>
ST_1 : Operation 38 [1/1] (0.00ns)   --->   "%w_addr_1 = getelementptr i32 %w, i64 0, i64 %zext_ln12_2" [dense_layer.cpp:12]   --->   Operation 38 'getelementptr' 'w_addr_1' <Predicate = true> <Delay = 0.00>
ST_1 : Operation 39 [2/2] (0.60ns)   --->   "%w_load = load i7 %w_addr" [dense_layer.cpp:12]   --->   Operation 39 'load' 'w_load' <Predicate = true> <Delay = 0.60> <CoreInst = "RAM">   --->   Core 82 'RAM' <Latency = 1> <II = 1> <Delay = 0.60> <Storage> <Opcode : 'load' 'store'> <Ports = 2> <Width = 32> <Depth = 128> <RAM>
ST_1 : Operation 40 [2/2] (0.60ns)   --->   "%w_load_1 = load i7 %w_addr_1" [dense_layer.cpp:12]   --->   Operation 40 'load' 'w_load_1' <Predicate = true> <Delay = 0.60> <CoreInst = "RAM">   --->   Core 82 'RAM' <Latency = 1> <II = 1> <Delay = 0.60> <Storage> <Opcode : 'load' 'store'> <Ports = 2> <Width = 32> <Depth = 128> <RAM>
ST_1 : Operation 41 [1/1] (0.57ns)   --->   "%j = add i3 %j1_load, i3 1" [dense_layer.cpp:8]   --->   Operation 41 'add' 'j' <Predicate = true> <Delay = 0.57> <CoreInst = "Adder">   --->   Core 1 'Adder' <Latency = 0> <II = 1> <Delay = 0.57> <FuncUnit> <Opcode : 'add' 'sub'> <InPorts = 2> <OutPorts = 1>
ST_1 : Operation 42 [1/1] (0.57ns)   --->   "%icmp_ln8 = icmp_eq  i3 %j1_load, i3 7" [dense_layer.cpp:8]   --->   Operation 42 'icmp' 'icmp_ln8' <Predicate = true> <Delay = 0.57> <CoreInst = "Cmp">   --->   Core 9 'Cmp' <Latency = 0> <II = 1> <Delay = 0.57> <FuncUnit> <Opcode : 'seteq' 'setne' 'setle' 'setge' 'setlt' 'setgt'> <InPorts = 2> <OutPorts = 1>
ST_1 : Operation 43 [1/1] (0.38ns)   --->   "%store_ln8 = store i3 %j, i3 %j1" [dense_layer.cpp:8]   --->   Operation 43 'store' 'store_ln8' <Predicate = true> <Delay = 0.38>
ST_1 : Operation 44 [1/1] (0.00ns)   --->   "%br_ln8 = br i1 %icmp_ln8, void %VITIS_LOOP_11_2.split, void %for.end13.exitStub" [dense_layer.cpp:8]   --->   Operation 44 'br' 'br_ln8' <Predicate = true> <Delay = 0.00>

State 2 <SV = 1> <Delay = 3.77>
ST_2 : Operation 45 [1/1] (0.00ns)   --->   "%zext_ln8_1 = zext i3 %j1_load" [dense_layer.cpp:8]   --->   Operation 45 'zext' 'zext_ln8_1' <Predicate = true> <Delay = 0.00>
ST_2 : Operation 46 [1/1] (0.00ns)   --->   "%tmp_cast = bitconcatenate i5 @_ssdm_op_BitConcatenate.i5.i1.i4, i1 1, i4 %zext_ln8_1" [dense_layer.cpp:12]   --->   Operation 46 'bitconcatenate' 'tmp_cast' <Predicate = true> <Delay = 0.00>
ST_2 : Operation 47 [1/1] (0.00ns)   --->   "%zext_ln12_3 = zext i5 %tmp_cast" [dense_layer.cpp:12]   --->   Operation 47 'zext' 'zext_ln12_3' <Predicate = true> <Delay = 0.00>
ST_2 : Operation 48 [1/1] (0.00ns)   --->   "%w_addr_2 = getelementptr i32 %w, i64 0, i64 %zext_ln12_3" [dense_layer.cpp:12]   --->   Operation 48 'getelementptr' 'w_addr_2' <Predicate = true> <Delay = 0.00>
ST_2 : Operation 49 [1/1] (0.00ns)   --->   "%sext_ln12 = sext i4 %add_ln12_s" [dense_layer.cpp:12]   --->   Operation 49 'sext' 'sext_ln12' <Predicate = true> <Delay = 0.00>
ST_2 : Operation 50 [1/1] (0.00ns)   --->   "%zext_ln12_4 = zext i5 %sext_ln12" [dense_layer.cpp:12]   --->   Operation 50 'zext' 'zext_ln12_4' <Predicate = true> <Delay = 0.00>
ST_2 : Operation 51 [1/1] (0.00ns)   --->   "%w_addr_3 = getelementptr i32 %w, i64 0, i64 %zext_ln12_4" [dense_layer.cpp:12]   --->   Operation 51 'getelementptr' 'w_addr_3' <Predicate = true> <Delay = 0.00>
ST_2 : Operation 52 [1/2] (0.60ns)   --->   "%w_load = load i7 %w_addr" [dense_layer.cpp:12]   --->   Operation 52 'load' 'w_load' <Predicate = true> <Delay = 0.60> <CoreInst = "RAM">   --->   Core 82 'RAM' <Latency = 1> <II = 1> <Delay = 0.60> <Storage> <Opcode : 'load' 'store'> <Ports = 2> <Width = 32> <Depth = 128> <RAM>
ST_2 : Operation 53 [1/2] (0.60ns)   --->   "%w_load_1 = load i7 %w_addr_1" [dense_layer.cpp:12]   --->   Operation 53 'load' 'w_load_1' <Predicate = true> <Delay = 0.60> <CoreInst = "RAM">   --->   Core 82 'RAM' <Latency = 1> <II = 1> <Delay = 0.60> <Storage> <Opcode : 'load' 'store'> <Ports = 2> <Width = 32> <Depth = 128> <RAM>
ST_2 : Operation 54 [2/2] (0.60ns)   --->   "%w_load_2 = load i7 %w_addr_2" [dense_layer.cpp:12]   --->   Operation 54 'load' 'w_load_2' <Predicate = true> <Delay = 0.60> <CoreInst = "RAM">   --->   Core 82 'RAM' <Latency = 1> <II = 1> <Delay = 0.60> <Storage> <Opcode : 'load' 'store'> <Ports = 2> <Width = 32> <Depth = 128> <RAM>
ST_2 : Operation 55 [2/2] (0.60ns)   --->   "%w_load_3 = load i7 %w_addr_3" [dense_layer.cpp:12]   --->   Operation 55 'load' 'w_load_3' <Predicate = true> <Delay = 0.60> <CoreInst = "RAM">   --->   Core 82 'RAM' <Latency = 1> <II = 1> <Delay = 0.60> <Storage> <Opcode : 'load' 'store'> <Ports = 2> <Width = 32> <Depth = 128> <RAM>
ST_2 : Operation 56 [1/1] (3.17ns)   --->   "%mul_ln12_4 = mul i32 %w_load_1, i32 %x_load_1_read" [dense_layer.cpp:12]   --->   Operation 56 'mul' 'mul_ln12_4' <Predicate = true> <Delay = 3.17> <CoreInst = "Multiplier">   --->   Core 3 'Multiplier' <Latency = 0> <II = 1> <Delay = 3.17> <FuncUnit> <Opcode : 'mul'> <InPorts = 2> <OutPorts = 1>
ST_2 : Operation 57 [1/1] (3.17ns)   --->   "%mul_ln12_12 = mul i32 %w_load, i32 %x_load_read" [dense_layer.cpp:12]   --->   Operation 57 'mul' 'mul_ln12_12' <Predicate = true> <Delay = 3.17> <CoreInst = "Multiplier">   --->   Core 3 'Multiplier' <Latency = 0> <II = 1> <Delay = 3.17> <FuncUnit> <Opcode : 'mul'> <InPorts = 2> <OutPorts = 1>

State 3 <SV = 2> <Delay = 5.38>
ST_3 : Operation 58 [1/1] (0.00ns)   --->   "%zext_ln12 = zext i3 %j1_load" [dense_layer.cpp:12]   --->   Operation 58 'zext' 'zext_ln12' <Predicate = true> <Delay = 0.00>
ST_3 : Operation 59 [1/1] (0.00ns)   --->   "%tmp_1_cast = bitconcatenate i6 @_ssdm_op_BitConcatenate.i6.i1.i5, i1 1, i5 %zext_ln12" [dense_layer.cpp:12]   --->   Operation 59 'bitconcatenate' 'tmp_1_cast' <Predicate = true> <Delay = 0.00>
ST_3 : Operation 60 [1/1] (0.00ns)   --->   "%zext_ln12_5 = zext i6 %tmp_1_cast" [dense_layer.cpp:12]   --->   Operation 60 'zext' 'zext_ln12_5' <Predicate = true> <Delay = 0.00>
ST_3 : Operation 61 [1/1] (0.00ns)   --->   "%w_addr_4 = getelementptr i32 %w, i64 0, i64 %zext_ln12_5" [dense_layer.cpp:12]   --->   Operation 61 'getelementptr' 'w_addr_4' <Predicate = true> <Delay = 0.00>
ST_3 : Operation 62 [1/1] (0.00ns)   --->   "%add_ln12_14 = bitconcatenate i6 @_ssdm_op_BitConcatenate.i6.i3.i3, i3 5, i3 %j1_load" [dense_layer.cpp:12]   --->   Operation 62 'bitconcatenate' 'add_ln12_14' <Predicate = true> <Delay = 0.00>
ST_3 : Operation 63 [1/1] (0.00ns)   --->   "%zext_ln12_6 = zext i6 %add_ln12_14" [dense_layer.cpp:12]   --->   Operation 63 'zext' 'zext_ln12_6' <Predicate = true> <Delay = 0.00>
ST_3 : Operation 64 [1/1] (0.00ns)   --->   "%w_addr_5 = getelementptr i32 %w, i64 0, i64 %zext_ln12_6" [dense_layer.cpp:12]   --->   Operation 64 'getelementptr' 'w_addr_5' <Predicate = true> <Delay = 0.00>
ST_3 : Operation 65 [1/2] (0.60ns)   --->   "%w_load_2 = load i7 %w_addr_2" [dense_layer.cpp:12]   --->   Operation 65 'load' 'w_load_2' <Predicate = true> <Delay = 0.60> <CoreInst = "RAM">   --->   Core 82 'RAM' <Latency = 1> <II = 1> <Delay = 0.60> <Storage> <Opcode : 'load' 'store'> <Ports = 2> <Width = 32> <Depth = 128> <RAM>
ST_3 : Operation 66 [1/2] (0.60ns)   --->   "%w_load_3 = load i7 %w_addr_3" [dense_layer.cpp:12]   --->   Operation 66 'load' 'w_load_3' <Predicate = true> <Delay = 0.60> <CoreInst = "RAM">   --->   Core 82 'RAM' <Latency = 1> <II = 1> <Delay = 0.60> <Storage> <Opcode : 'load' 'store'> <Ports = 2> <Width = 32> <Depth = 128> <RAM>
ST_3 : Operation 67 [2/2] (0.60ns)   --->   "%w_load_4 = load i7 %w_addr_4" [dense_layer.cpp:12]   --->   Operation 67 'load' 'w_load_4' <Predicate = true> <Delay = 0.60> <CoreInst = "RAM">   --->   Core 82 'RAM' <Latency = 1> <II = 1> <Delay = 0.60> <Storage> <Opcode : 'load' 'store'> <Ports = 2> <Width = 32> <Depth = 128> <RAM>
ST_3 : Operation 68 [2/2] (0.60ns)   --->   "%w_load_5 = load i7 %w_addr_5" [dense_layer.cpp:12]   --->   Operation 68 'load' 'w_load_5' <Predicate = true> <Delay = 0.60> <CoreInst = "RAM">   --->   Core 82 'RAM' <Latency = 1> <II = 1> <Delay = 0.60> <Storage> <Opcode : 'load' 'store'> <Ports = 2> <Width = 32> <Depth = 128> <RAM>
ST_3 : Operation 69 [1/1] (3.17ns)   --->   "%mul_ln12_3 = mul i32 %w_load_2, i32 %x_load_2_read" [dense_layer.cpp:12]   --->   Operation 69 'mul' 'mul_ln12_3' <Predicate = true> <Delay = 3.17> <CoreInst = "Multiplier">   --->   Core 3 'Multiplier' <Latency = 0> <II = 1> <Delay = 3.17> <FuncUnit> <Opcode : 'mul'> <InPorts = 2> <OutPorts = 1>
ST_3 : Operation 70 [1/1] (3.17ns)   --->   "%mul_ln12_7 = mul i32 %w_load_3, i32 %x_load_3_read" [dense_layer.cpp:12]   --->   Operation 70 'mul' 'mul_ln12_7' <Predicate = true> <Delay = 3.17> <CoreInst = "Multiplier">   --->   Core 3 'Multiplier' <Latency = 0> <II = 1> <Delay = 3.17> <FuncUnit> <Opcode : 'mul'> <InPorts = 2> <OutPorts = 1>
ST_3 : Operation 71 [1/1] (0.00ns) (grouped into TernaryAdder)   --->   "%add_ln12 = add i32 %mul_ln12_4, i32 %mul_ln12_12" [dense_layer.cpp:12]   --->   Operation 71 'add' 'add_ln12' <Predicate = true> <Delay = 0.00> <CoreInst = "TAddSub">   --->   Core 10 'TAddSub' <Latency = 0> <II = 1> <Delay = 0.36> <IPBlock> <Opcode : '' 'add' 'sub'> <InPorts = 3> <OutPorts = 1> <Sync> <CReg>
ST_3 : Operation 72 [1/1] (0.88ns)   --->   "%add_ln12_1 = add i32 %mul_ln12_3, i32 %mul_ln12_7" [dense_layer.cpp:12]   --->   Operation 72 'add' 'add_ln12_1' <Predicate = true> <Delay = 0.88> <CoreInst = "Adder">   --->   Core 1 'Adder' <Latency = 0> <II = 1> <Delay = 0.88> <FuncUnit> <Opcode : 'add' 'sub'> <InPorts = 2> <OutPorts = 1>
ST_3 : Operation 73 [1/1] (0.73ns) (root node of TernaryAdder)   --->   "%add_ln12_2 = add i32 %add_ln12_1, i32 %add_ln12" [dense_layer.cpp:12]   --->   Operation 73 'add' 'add_ln12_2' <Predicate = true> <Delay = 0.73> <CoreInst = "TAddSub">   --->   Core 10 'TAddSub' <Latency = 0> <II = 1> <Delay = 0.36> <IPBlock> <Opcode : '' 'add' 'sub'> <InPorts = 3> <OutPorts = 1> <Sync> <CReg>

State 4 <SV = 3> <Delay = 3.77>
ST_4 : Operation 74 [1/1] (0.00ns)   --->   "%sext_ln12_1 = sext i5 %tmp_cast" [dense_layer.cpp:12]   --->   Operation 74 'sext' 'sext_ln12_1' <Predicate = true> <Delay = 0.00>
ST_4 : Operation 75 [1/1] (0.00ns)   --->   "%zext_ln12_7 = zext i6 %sext_ln12_1" [dense_layer.cpp:12]   --->   Operation 75 'zext' 'zext_ln12_7' <Predicate = true> <Delay = 0.00>
ST_4 : Operation 76 [1/1] (0.00ns)   --->   "%w_addr_6 = getelementptr i32 %w, i64 0, i64 %zext_ln12_7" [dense_layer.cpp:12]   --->   Operation 76 'getelementptr' 'w_addr_6' <Predicate = true> <Delay = 0.00>
ST_4 : Operation 77 [1/1] (0.00ns)   --->   "%sext_ln12_2 = sext i4 %add_ln12_s" [dense_layer.cpp:12]   --->   Operation 77 'sext' 'sext_ln12_2' <Predicate = true> <Delay = 0.00>
ST_4 : Operation 78 [1/1] (0.00ns)   --->   "%zext_ln12_8 = zext i6 %sext_ln12_2" [dense_layer.cpp:12]   --->   Operation 78 'zext' 'zext_ln12_8' <Predicate = true> <Delay = 0.00>
ST_4 : Operation 79 [1/1] (0.00ns)   --->   "%w_addr_7 = getelementptr i32 %w, i64 0, i64 %zext_ln12_8" [dense_layer.cpp:12]   --->   Operation 79 'getelementptr' 'w_addr_7' <Predicate = true> <Delay = 0.00>
ST_4 : Operation 80 [1/2] (0.60ns)   --->   "%w_load_4 = load i7 %w_addr_4" [dense_layer.cpp:12]   --->   Operation 80 'load' 'w_load_4' <Predicate = true> <Delay = 0.60> <CoreInst = "RAM">   --->   Core 82 'RAM' <Latency = 1> <II = 1> <Delay = 0.60> <Storage> <Opcode : 'load' 'store'> <Ports = 2> <Width = 32> <Depth = 128> <RAM>
ST_4 : Operation 81 [1/2] (0.60ns)   --->   "%w_load_5 = load i7 %w_addr_5" [dense_layer.cpp:12]   --->   Operation 81 'load' 'w_load_5' <Predicate = true> <Delay = 0.60> <CoreInst = "RAM">   --->   Core 82 'RAM' <Latency = 1> <II = 1> <Delay = 0.60> <Storage> <Opcode : 'load' 'store'> <Ports = 2> <Width = 32> <Depth = 128> <RAM>
ST_4 : Operation 82 [2/2] (0.60ns)   --->   "%w_load_6 = load i7 %w_addr_6" [dense_layer.cpp:12]   --->   Operation 82 'load' 'w_load_6' <Predicate = true> <Delay = 0.60> <CoreInst = "RAM">   --->   Core 82 'RAM' <Latency = 1> <II = 1> <Delay = 0.60> <Storage> <Opcode : 'load' 'store'> <Ports = 2> <Width = 32> <Depth = 128> <RAM>
ST_4 : Operation 83 [2/2] (0.60ns)   --->   "%w_load_7 = load i7 %w_addr_7" [dense_layer.cpp:12]   --->   Operation 83 'load' 'w_load_7' <Predicate = true> <Delay = 0.60> <CoreInst = "RAM">   --->   Core 82 'RAM' <Latency = 1> <II = 1> <Delay = 0.60> <Storage> <Opcode : 'load' 'store'> <Ports = 2> <Width = 32> <Depth = 128> <RAM>
ST_4 : Operation 84 [1/1] (3.17ns)   --->   "%mul_ln12_5 = mul i32 %w_load_5, i32 %x_load_5_read" [dense_layer.cpp:12]   --->   Operation 84 'mul' 'mul_ln12_5' <Predicate = true> <Delay = 3.17> <CoreInst = "Multiplier">   --->   Core 3 'Multiplier' <Latency = 0> <II = 1> <Delay = 3.17> <FuncUnit> <Opcode : 'mul'> <InPorts = 2> <OutPorts = 1>
ST_4 : Operation 85 [1/1] (3.17ns)   --->   "%mul_ln12_9 = mul i32 %w_load_4, i32 %x_load_4_read" [dense_layer.cpp:12]   --->   Operation 85 'mul' 'mul_ln12_9' <Predicate = true> <Delay = 3.17> <CoreInst = "Multiplier">   --->   Core 3 'Multiplier' <Latency = 0> <II = 1> <Delay = 3.17> <FuncUnit> <Opcode : 'mul'> <InPorts = 2> <OutPorts = 1>

State 5 <SV = 4> <Delay = 5.38>
ST_5 : Operation 86 [1/1] (0.00ns)   --->   "%zext_ln12_1 = zext i3 %j1_load" [dense_layer.cpp:12]   --->   Operation 86 'zext' 'zext_ln12_1' <Predicate = true> <Delay = 0.00>
ST_5 : Operation 87 [1/1] (0.00ns)   --->   "%tmp_3_cast = bitconcatenate i7 @_ssdm_op_BitConcatenate.i7.i1.i6, i1 1, i6 %zext_ln12_1" [dense_layer.cpp:12]   --->   Operation 87 'bitconcatenate' 'tmp_3_cast' <Predicate = true> <Delay = 0.00>
ST_5 : Operation 88 [1/1] (0.00ns)   --->   "%zext_ln12_9 = zext i7 %tmp_3_cast" [dense_layer.cpp:12]   --->   Operation 88 'zext' 'zext_ln12_9' <Predicate = true> <Delay = 0.00>
ST_5 : Operation 89 [1/1] (0.00ns)   --->   "%w_addr_8 = getelementptr i32 %w, i64 0, i64 %zext_ln12_9" [dense_layer.cpp:12]   --->   Operation 89 'getelementptr' 'w_addr_8' <Predicate = true> <Delay = 0.00>
ST_5 : Operation 90 [1/1] (0.00ns)   --->   "%add_ln12_15 = bitconcatenate i7 @_ssdm_op_BitConcatenate.i7.i4.i3, i4 9, i3 %j1_load" [dense_layer.cpp:12]   --->   Operation 90 'bitconcatenate' 'add_ln12_15' <Predicate = true> <Delay = 0.00>
ST_5 : Operation 91 [1/1] (0.00ns)   --->   "%zext_ln12_10 = zext i7 %add_ln12_15" [dense_layer.cpp:12]   --->   Operation 91 'zext' 'zext_ln12_10' <Predicate = true> <Delay = 0.00>
ST_5 : Operation 92 [1/1] (0.00ns)   --->   "%w_addr_9 = getelementptr i32 %w, i64 0, i64 %zext_ln12_10" [dense_layer.cpp:12]   --->   Operation 92 'getelementptr' 'w_addr_9' <Predicate = true> <Delay = 0.00>
ST_5 : Operation 93 [1/2] (0.60ns)   --->   "%w_load_6 = load i7 %w_addr_6" [dense_layer.cpp:12]   --->   Operation 93 'load' 'w_load_6' <Predicate = true> <Delay = 0.60> <CoreInst = "RAM">   --->   Core 82 'RAM' <Latency = 1> <II = 1> <Delay = 0.60> <Storage> <Opcode : 'load' 'store'> <Ports = 2> <Width = 32> <Depth = 128> <RAM>
ST_5 : Operation 94 [1/2] (0.60ns)   --->   "%w_load_7 = load i7 %w_addr_7" [dense_layer.cpp:12]   --->   Operation 94 'load' 'w_load_7' <Predicate = true> <Delay = 0.60> <CoreInst = "RAM">   --->   Core 82 'RAM' <Latency = 1> <II = 1> <Delay = 0.60> <Storage> <Opcode : 'load' 'store'> <Ports = 2> <Width = 32> <Depth = 128> <RAM>
ST_5 : Operation 95 [2/2] (0.60ns)   --->   "%w_load_8 = load i7 %w_addr_8" [dense_layer.cpp:12]   --->   Operation 95 'load' 'w_load_8' <Predicate = true> <Delay = 0.60> <CoreInst = "RAM">   --->   Core 82 'RAM' <Latency = 1> <II = 1> <Delay = 0.60> <Storage> <Opcode : 'load' 'store'> <Ports = 2> <Width = 32> <Depth = 128> <RAM>
ST_5 : Operation 96 [2/2] (0.60ns)   --->   "%w_load_9 = load i7 %w_addr_9" [dense_layer.cpp:12]   --->   Operation 96 'load' 'w_load_9' <Predicate = true> <Delay = 0.60> <CoreInst = "RAM">   --->   Core 82 'RAM' <Latency = 1> <II = 1> <Delay = 0.60> <Storage> <Opcode : 'load' 'store'> <Ports = 2> <Width = 32> <Depth = 128> <RAM>
ST_5 : Operation 97 [1/1] (3.17ns)   --->   "%mul_ln12 = mul i32 %w_load_7, i32 %x_load_7_read" [dense_layer.cpp:12]   --->   Operation 97 'mul' 'mul_ln12' <Predicate = true> <Delay = 3.17> <CoreInst = "Multiplier">   --->   Core 3 'Multiplier' <Latency = 0> <II = 1> <Delay = 3.17> <FuncUnit> <Opcode : 'mul'> <InPorts = 2> <OutPorts = 1>
ST_5 : Operation 98 [1/1] (3.17ns)   --->   "%mul_ln12_11 = mul i32 %w_load_6, i32 %x_load_6_read" [dense_layer.cpp:12]   --->   Operation 98 'mul' 'mul_ln12_11' <Predicate = true> <Delay = 3.17> <CoreInst = "Multiplier">   --->   Core 3 'Multiplier' <Latency = 0> <II = 1> <Delay = 3.17> <FuncUnit> <Opcode : 'mul'> <InPorts = 2> <OutPorts = 1>
ST_5 : Operation 99 [1/1] (0.00ns) (grouped into TernaryAdder)   --->   "%add_ln12_3 = add i32 %mul_ln12_9, i32 %mul_ln12_5" [dense_layer.cpp:12]   --->   Operation 99 'add' 'add_ln12_3' <Predicate = true> <Delay = 0.00> <CoreInst = "TAddSub">   --->   Core 10 'TAddSub' <Latency = 0> <II = 1> <Delay = 0.36> <IPBlock> <Opcode : '' 'add' 'sub'> <InPorts = 3> <OutPorts = 1> <Sync> <CReg>
ST_5 : Operation 100 [1/1] (0.88ns)   --->   "%add_ln12_4 = add i32 %mul_ln12_11, i32 %mul_ln12" [dense_layer.cpp:12]   --->   Operation 100 'add' 'add_ln12_4' <Predicate = true> <Delay = 0.88> <CoreInst = "Adder">   --->   Core 1 'Adder' <Latency = 0> <II = 1> <Delay = 0.88> <FuncUnit> <Opcode : 'add' 'sub'> <InPorts = 2> <OutPorts = 1>
ST_5 : Operation 101 [1/1] (0.73ns) (root node of TernaryAdder)   --->   "%add_ln12_5 = add i32 %add_ln12_4, i32 %add_ln12_3" [dense_layer.cpp:12]   --->   Operation 101 'add' 'add_ln12_5' <Predicate = true> <Delay = 0.73> <CoreInst = "TAddSub">   --->   Core 10 'TAddSub' <Latency = 0> <II = 1> <Delay = 0.36> <IPBlock> <Opcode : '' 'add' 'sub'> <InPorts = 3> <OutPorts = 1> <Sync> <CReg>

State 6 <SV = 5> <Delay = 4.65>
ST_6 : Operation 102 [1/1] (0.00ns)   --->   "%tmp_4_cast = bitconcatenate i7 @_ssdm_op_BitConcatenate.i7.i3.i4, i3 5, i4 %zext_ln8_1" [dense_layer.cpp:12]   --->   Operation 102 'bitconcatenate' 'tmp_4_cast' <Predicate = true> <Delay = 0.00>
ST_6 : Operation 103 [1/1] (0.00ns)   --->   "%zext_ln12_11 = zext i7 %tmp_4_cast" [dense_layer.cpp:12]   --->   Operation 103 'zext' 'zext_ln12_11' <Predicate = true> <Delay = 0.00>
ST_6 : Operation 104 [1/1] (0.00ns)   --->   "%w_addr_10 = getelementptr i32 %w, i64 0, i64 %zext_ln12_11" [dense_layer.cpp:12]   --->   Operation 104 'getelementptr' 'w_addr_10' <Predicate = true> <Delay = 0.00>
ST_6 : Operation 105 [1/1] (0.00ns)   --->   "%add_ln12_16 = bitconcatenate i7 @_ssdm_op_BitConcatenate.i7.i4.i3, i4 11, i3 %j1_load" [dense_layer.cpp:12]   --->   Operation 105 'bitconcatenate' 'add_ln12_16' <Predicate = true> <Delay = 0.00>
ST_6 : Operation 106 [1/1] (0.00ns)   --->   "%zext_ln12_12 = zext i7 %add_ln12_16" [dense_layer.cpp:12]   --->   Operation 106 'zext' 'zext_ln12_12' <Predicate = true> <Delay = 0.00>
ST_6 : Operation 107 [1/1] (0.00ns)   --->   "%w_addr_11 = getelementptr i32 %w, i64 0, i64 %zext_ln12_12" [dense_layer.cpp:12]   --->   Operation 107 'getelementptr' 'w_addr_11' <Predicate = true> <Delay = 0.00>
ST_6 : Operation 108 [1/2] (0.60ns)   --->   "%w_load_8 = load i7 %w_addr_8" [dense_layer.cpp:12]   --->   Operation 108 'load' 'w_load_8' <Predicate = true> <Delay = 0.60> <CoreInst = "RAM">   --->   Core 82 'RAM' <Latency = 1> <II = 1> <Delay = 0.60> <Storage> <Opcode : 'load' 'store'> <Ports = 2> <Width = 32> <Depth = 128> <RAM>
ST_6 : Operation 109 [1/2] (0.60ns)   --->   "%w_load_9 = load i7 %w_addr_9" [dense_layer.cpp:12]   --->   Operation 109 'load' 'w_load_9' <Predicate = true> <Delay = 0.60> <CoreInst = "RAM">   --->   Core 82 'RAM' <Latency = 1> <II = 1> <Delay = 0.60> <Storage> <Opcode : 'load' 'store'> <Ports = 2> <Width = 32> <Depth = 128> <RAM>
ST_6 : Operation 110 [2/2] (0.60ns)   --->   "%w_load_10 = load i7 %w_addr_10" [dense_layer.cpp:12]   --->   Operation 110 'load' 'w_load_10' <Predicate = true> <Delay = 0.60> <CoreInst = "RAM">   --->   Core 82 'RAM' <Latency = 1> <II = 1> <Delay = 0.60> <Storage> <Opcode : 'load' 'store'> <Ports = 2> <Width = 32> <Depth = 128> <RAM>
ST_6 : Operation 111 [2/2] (0.60ns)   --->   "%w_load_11 = load i7 %w_addr_11" [dense_layer.cpp:12]   --->   Operation 111 'load' 'w_load_11' <Predicate = true> <Delay = 0.60> <CoreInst = "RAM">   --->   Core 82 'RAM' <Latency = 1> <II = 1> <Delay = 0.60> <Storage> <Opcode : 'load' 'store'> <Ports = 2> <Width = 32> <Depth = 128> <RAM>
ST_6 : Operation 112 [1/1] (3.17ns)   --->   "%mul_ln12_2 = mul i32 %w_load_8, i32 %x_load_8_read" [dense_layer.cpp:12]   --->   Operation 112 'mul' 'mul_ln12_2' <Predicate = true> <Delay = 3.17> <CoreInst = "Multiplier">   --->   Core 3 'Multiplier' <Latency = 0> <II = 1> <Delay = 3.17> <FuncUnit> <Opcode : 'mul'> <InPorts = 2> <OutPorts = 1>
ST_6 : Operation 113 [1/1] (3.17ns)   --->   "%mul_ln12_14 = mul i32 %w_load_9, i32 %x_load_9_read" [dense_layer.cpp:12]   --->   Operation 113 'mul' 'mul_ln12_14' <Predicate = true> <Delay = 3.17> <CoreInst = "Multiplier">   --->   Core 3 'Multiplier' <Latency = 0> <II = 1> <Delay = 3.17> <FuncUnit> <Opcode : 'mul'> <InPorts = 2> <OutPorts = 1>
ST_6 : Operation 114 [1/1] (0.88ns)   --->   "%add_ln12_7 = add i32 %mul_ln12_2, i32 %mul_ln12_14" [dense_layer.cpp:12]   --->   Operation 114 'add' 'add_ln12_7' <Predicate = true> <Delay = 0.88> <CoreInst = "Adder">   --->   Core 1 'Adder' <Latency = 0> <II = 1> <Delay = 0.88> <FuncUnit> <Opcode : 'add' 'sub'> <InPorts = 2> <OutPorts = 1>

State 7 <SV = 6> <Delay = 4.65>
ST_7 : Operation 115 [1/1] (0.00ns)   --->   "%sext_ln12_3 = sext i6 %tmp_1_cast" [dense_layer.cpp:12]   --->   Operation 115 'sext' 'sext_ln12_3' <Predicate = true> <Delay = 0.00>
ST_7 : Operation 116 [1/1] (0.00ns)   --->   "%zext_ln12_13 = zext i7 %sext_ln12_3" [dense_layer.cpp:12]   --->   Operation 116 'zext' 'zext_ln12_13' <Predicate = true> <Delay = 0.00>
ST_7 : Operation 117 [1/1] (0.00ns)   --->   "%w_addr_12 = getelementptr i32 %w, i64 0, i64 %zext_ln12_13" [dense_layer.cpp:12]   --->   Operation 117 'getelementptr' 'w_addr_12' <Predicate = true> <Delay = 0.00>
ST_7 : Operation 118 [1/1] (0.00ns)   --->   "%sext_ln12_4 = sext i6 %add_ln12_14" [dense_layer.cpp:12]   --->   Operation 118 'sext' 'sext_ln12_4' <Predicate = true> <Delay = 0.00>
ST_7 : Operation 119 [1/1] (0.00ns)   --->   "%zext_ln12_14 = zext i7 %sext_ln12_4" [dense_layer.cpp:12]   --->   Operation 119 'zext' 'zext_ln12_14' <Predicate = true> <Delay = 0.00>
ST_7 : Operation 120 [1/1] (0.00ns)   --->   "%w_addr_13 = getelementptr i32 %w, i64 0, i64 %zext_ln12_14" [dense_layer.cpp:12]   --->   Operation 120 'getelementptr' 'w_addr_13' <Predicate = true> <Delay = 0.00>
ST_7 : Operation 121 [1/2] (0.60ns)   --->   "%w_load_10 = load i7 %w_addr_10" [dense_layer.cpp:12]   --->   Operation 121 'load' 'w_load_10' <Predicate = true> <Delay = 0.60> <CoreInst = "RAM">   --->   Core 82 'RAM' <Latency = 1> <II = 1> <Delay = 0.60> <Storage> <Opcode : 'load' 'store'> <Ports = 2> <Width = 32> <Depth = 128> <RAM>
ST_7 : Operation 122 [1/2] (0.60ns)   --->   "%w_load_11 = load i7 %w_addr_11" [dense_layer.cpp:12]   --->   Operation 122 'load' 'w_load_11' <Predicate = true> <Delay = 0.60> <CoreInst = "RAM">   --->   Core 82 'RAM' <Latency = 1> <II = 1> <Delay = 0.60> <Storage> <Opcode : 'load' 'store'> <Ports = 2> <Width = 32> <Depth = 128> <RAM>
ST_7 : Operation 123 [2/2] (0.60ns)   --->   "%w_load_12 = load i7 %w_addr_12" [dense_layer.cpp:12]   --->   Operation 123 'load' 'w_load_12' <Predicate = true> <Delay = 0.60> <CoreInst = "RAM">   --->   Core 82 'RAM' <Latency = 1> <II = 1> <Delay = 0.60> <Storage> <Opcode : 'load' 'store'> <Ports = 2> <Width = 32> <Depth = 128> <RAM>
ST_7 : Operation 124 [2/2] (0.60ns)   --->   "%w_load_13 = load i7 %w_addr_13" [dense_layer.cpp:12]   --->   Operation 124 'load' 'w_load_13' <Predicate = true> <Delay = 0.60> <CoreInst = "RAM">   --->   Core 82 'RAM' <Latency = 1> <II = 1> <Delay = 0.60> <Storage> <Opcode : 'load' 'store'> <Ports = 2> <Width = 32> <Depth = 128> <RAM>
ST_7 : Operation 125 [1/1] (3.17ns)   --->   "%mul_ln12_1 = mul i32 %w_load_11, i32 %x_load_11_read" [dense_layer.cpp:12]   --->   Operation 125 'mul' 'mul_ln12_1' <Predicate = true> <Delay = 3.17> <CoreInst = "Multiplier">   --->   Core 3 'Multiplier' <Latency = 0> <II = 1> <Delay = 3.17> <FuncUnit> <Opcode : 'mul'> <InPorts = 2> <OutPorts = 1>
ST_7 : Operation 126 [1/1] (3.17ns)   --->   "%mul_ln12_8 = mul i32 %w_load_10, i32 %x_load_10_read" [dense_layer.cpp:12]   --->   Operation 126 'mul' 'mul_ln12_8' <Predicate = true> <Delay = 3.17> <CoreInst = "Multiplier">   --->   Core 3 'Multiplier' <Latency = 0> <II = 1> <Delay = 3.17> <FuncUnit> <Opcode : 'mul'> <InPorts = 2> <OutPorts = 1>
ST_7 : Operation 127 [1/1] (0.88ns)   --->   "%add_ln12_8 = add i32 %mul_ln12_8, i32 %mul_ln12_1" [dense_layer.cpp:12]   --->   Operation 127 'add' 'add_ln12_8' <Predicate = true> <Delay = 0.88> <CoreInst = "Adder">   --->   Core 1 'Adder' <Latency = 0> <II = 1> <Delay = 0.88> <FuncUnit> <Opcode : 'add' 'sub'> <InPorts = 2> <OutPorts = 1>

State 8 <SV = 7> <Delay = 3.77>
ST_8 : Operation 128 [1/1] (0.00ns)   --->   "%sext_ln12_5 = sext i5 %tmp_cast" [dense_layer.cpp:12]   --->   Operation 128 'sext' 'sext_ln12_5' <Predicate = true> <Delay = 0.00>
ST_8 : Operation 129 [1/1] (0.00ns)   --->   "%zext_ln12_15 = zext i7 %sext_ln12_5" [dense_layer.cpp:12]   --->   Operation 129 'zext' 'zext_ln12_15' <Predicate = true> <Delay = 0.00>
ST_8 : Operation 130 [1/1] (0.00ns)   --->   "%w_addr_14 = getelementptr i32 %w, i64 0, i64 %zext_ln12_15" [dense_layer.cpp:12]   --->   Operation 130 'getelementptr' 'w_addr_14' <Predicate = true> <Delay = 0.00>
ST_8 : Operation 131 [1/1] (0.00ns)   --->   "%sext_ln12_6 = sext i4 %add_ln12_s" [dense_layer.cpp:12]   --->   Operation 131 'sext' 'sext_ln12_6' <Predicate = true> <Delay = 0.00>
ST_8 : Operation 132 [1/1] (0.00ns)   --->   "%zext_ln12_16 = zext i7 %sext_ln12_6" [dense_layer.cpp:12]   --->   Operation 132 'zext' 'zext_ln12_16' <Predicate = true> <Delay = 0.00>
ST_8 : Operation 133 [1/1] (0.00ns)   --->   "%w_addr_15 = getelementptr i32 %w, i64 0, i64 %zext_ln12_16" [dense_layer.cpp:12]   --->   Operation 133 'getelementptr' 'w_addr_15' <Predicate = true> <Delay = 0.00>
ST_8 : Operation 134 [1/2] (0.60ns)   --->   "%w_load_12 = load i7 %w_addr_12" [dense_layer.cpp:12]   --->   Operation 134 'load' 'w_load_12' <Predicate = true> <Delay = 0.60> <CoreInst = "RAM">   --->   Core 82 'RAM' <Latency = 1> <II = 1> <Delay = 0.60> <Storage> <Opcode : 'load' 'store'> <Ports = 2> <Width = 32> <Depth = 128> <RAM>
ST_8 : Operation 135 [1/2] (0.60ns)   --->   "%w_load_13 = load i7 %w_addr_13" [dense_layer.cpp:12]   --->   Operation 135 'load' 'w_load_13' <Predicate = true> <Delay = 0.60> <CoreInst = "RAM">   --->   Core 82 'RAM' <Latency = 1> <II = 1> <Delay = 0.60> <Storage> <Opcode : 'load' 'store'> <Ports = 2> <Width = 32> <Depth = 128> <RAM>
ST_8 : Operation 136 [2/2] (0.60ns)   --->   "%w_load_14 = load i7 %w_addr_14" [dense_layer.cpp:12]   --->   Operation 136 'load' 'w_load_14' <Predicate = true> <Delay = 0.60> <CoreInst = "RAM">   --->   Core 82 'RAM' <Latency = 1> <II = 1> <Delay = 0.60> <Storage> <Opcode : 'load' 'store'> <Ports = 2> <Width = 32> <Depth = 128> <RAM>
ST_8 : Operation 137 [2/2] (0.60ns)   --->   "%w_load_15 = load i7 %w_addr_15" [dense_layer.cpp:12]   --->   Operation 137 'load' 'w_load_15' <Predicate = true> <Delay = 0.60> <CoreInst = "RAM">   --->   Core 82 'RAM' <Latency = 1> <II = 1> <Delay = 0.60> <Storage> <Opcode : 'load' 'store'> <Ports = 2> <Width = 32> <Depth = 128> <RAM>
ST_8 : Operation 138 [1/1] (3.17ns)   --->   "%mul_ln12_6 = mul i32 %w_load_12, i32 %x_load_12_read" [dense_layer.cpp:12]   --->   Operation 138 'mul' 'mul_ln12_6' <Predicate = true> <Delay = 3.17> <CoreInst = "Multiplier">   --->   Core 3 'Multiplier' <Latency = 0> <II = 1> <Delay = 3.17> <FuncUnit> <Opcode : 'mul'> <InPorts = 2> <OutPorts = 1>
ST_8 : Operation 139 [1/1] (3.17ns)   --->   "%mul_ln12_10 = mul i32 %w_load_13, i32 %x_load_13_read" [dense_layer.cpp:12]   --->   Operation 139 'mul' 'mul_ln12_10' <Predicate = true> <Delay = 3.17> <CoreInst = "Multiplier">   --->   Core 3 'Multiplier' <Latency = 0> <II = 1> <Delay = 3.17> <FuncUnit> <Opcode : 'mul'> <InPorts = 2> <OutPorts = 1>

State 9 <SV = 8> <Delay = 7.54>
ST_9 : Operation 140 [1/1] (0.00ns)   --->   "%specpipeline_ln8 = specpipeline void @_ssdm_op_SpecPipeline, i32 4294967295, i32 0, i32 0, i32 0, void @empty_0" [dense_layer.cpp:8]   --->   Operation 140 'specpipeline' 'specpipeline_ln8' <Predicate = true> <Delay = 0.00>
ST_9 : Operation 141 [1/1] (0.00ns)   --->   "%speclooptripcount_ln8 = speclooptripcount void @_ssdm_op_SpecLoopTripCount, i64 8, i64 8, i64 8" [dense_layer.cpp:8]   --->   Operation 141 'speclooptripcount' 'speclooptripcount_ln8' <Predicate = true> <Delay = 0.00>
ST_9 : Operation 142 [1/1] (0.00ns)   --->   "%specloopname_ln8 = specloopname void @_ssdm_op_SpecLoopName, void @empty_2" [dense_layer.cpp:8]   --->   Operation 142 'specloopname' 'specloopname_ln8' <Predicate = true> <Delay = 0.00>
ST_9 : Operation 143 [1/2] (0.60ns)   --->   "%w_load_14 = load i7 %w_addr_14" [dense_layer.cpp:12]   --->   Operation 143 'load' 'w_load_14' <Predicate = true> <Delay = 0.60> <CoreInst = "RAM">   --->   Core 82 'RAM' <Latency = 1> <II = 1> <Delay = 0.60> <Storage> <Opcode : 'load' 'store'> <Ports = 2> <Width = 32> <Depth = 128> <RAM>
ST_9 : Operation 144 [1/2] (0.60ns)   --->   "%w_load_15 = load i7 %w_addr_15" [dense_layer.cpp:12]   --->   Operation 144 'load' 'w_load_15' <Predicate = true> <Delay = 0.60> <CoreInst = "RAM">   --->   Core 82 'RAM' <Latency = 1> <II = 1> <Delay = 0.60> <Storage> <Opcode : 'load' 'store'> <Ports = 2> <Width = 32> <Depth = 128> <RAM>
ST_9 : Operation 145 [1/1] (3.17ns)   --->   "%mul_ln12_13 = mul i32 %w_load_14, i32 %x_load_14_read" [dense_layer.cpp:12]   --->   Operation 145 'mul' 'mul_ln12_13' <Predicate = true> <Delay = 3.17> <CoreInst = "Multiplier">   --->   Core 3 'Multiplier' <Latency = 0> <II = 1> <Delay = 3.17> <FuncUnit> <Opcode : 'mul'> <InPorts = 2> <OutPorts = 1>
ST_9 : Operation 146 [1/1] (3.17ns)   --->   "%mul_ln12_15 = mul i32 %w_load_15, i32 %x_load_15_read" [dense_layer.cpp:12]   --->   Operation 146 'mul' 'mul_ln12_15' <Predicate = true> <Delay = 3.17> <CoreInst = "Multiplier">   --->   Core 3 'Multiplier' <Latency = 0> <II = 1> <Delay = 3.17> <FuncUnit> <Opcode : 'mul'> <InPorts = 2> <OutPorts = 1>
ST_9 : Operation 147 [1/1] (0.00ns) (grouped into TernaryAdder)   --->   "%add_ln12_6 = add i32 %add_ln12_5, i32 %add_ln12_2" [dense_layer.cpp:12]   --->   Operation 147 'add' 'add_ln12_6' <Predicate = true> <Delay = 0.00> <CoreInst = "TAddSub">   --->   Core 10 'TAddSub' <Latency = 0> <II = 1> <Delay = 0.36> <IPBlock> <Opcode : '' 'add' 'sub'> <InPorts = 3> <OutPorts = 1> <Sync> <CReg>
ST_9 : Operation 148 [1/1] (0.00ns) (grouped into TernaryAdder)   --->   "%add_ln12_9 = add i32 %add_ln12_8, i32 %add_ln12_7" [dense_layer.cpp:12]   --->   Operation 148 'add' 'add_ln12_9' <Predicate = true> <Delay = 0.00> <CoreInst = "TAddSub">   --->   Core 10 'TAddSub' <Latency = 0> <II = 1> <Delay = 0.36> <IPBlock> <Opcode : '' 'add' 'sub'> <InPorts = 3> <OutPorts = 1> <Sync> <CReg>
ST_9 : Operation 149 [1/1] (0.00ns) (grouped into TernaryAdder)   --->   "%add_ln12_10 = add i32 %mul_ln12_6, i32 %mul_ln12_10" [dense_layer.cpp:12]   --->   Operation 149 'add' 'add_ln12_10' <Predicate = true> <Delay = 0.00> <CoreInst = "TAddSub">   --->   Core 10 'TAddSub' <Latency = 0> <II = 1> <Delay = 0.36> <IPBlock> <Opcode : '' 'add' 'sub'> <InPorts = 3> <OutPorts = 1> <Sync> <CReg>
ST_9 : Operation 150 [1/1] (0.88ns)   --->   "%add_ln12_11 = add i32 %mul_ln12_13, i32 %mul_ln12_15" [dense_layer.cpp:12]   --->   Operation 150 'add' 'add_ln12_11' <Predicate = true> <Delay = 0.88> <CoreInst = "Adder">   --->   Core 1 'Adder' <Latency = 0> <II = 1> <Delay = 0.88> <FuncUnit> <Opcode : 'add' 'sub'> <InPorts = 2> <OutPorts = 1>
ST_9 : Operation 151 [1/1] (0.73ns) (root node of TernaryAdder)   --->   "%add_ln12_12 = add i32 %add_ln12_11, i32 %add_ln12_10" [dense_layer.cpp:12]   --->   Operation 151 'add' 'add_ln12_12' <Predicate = true> <Delay = 0.73> <CoreInst = "TAddSub">   --->   Core 10 'TAddSub' <Latency = 0> <II = 1> <Delay = 0.36> <IPBlock> <Opcode : '' 'add' 'sub'> <InPorts = 3> <OutPorts = 1> <Sync> <CReg>
ST_9 : Operation 152 [1/1] (0.73ns) (root node of TernaryAdder)   --->   "%add_ln12_13 = add i32 %add_ln12_12, i32 %add_ln12_9" [dense_layer.cpp:12]   --->   Operation 152 'add' 'add_ln12_13' <Predicate = true> <Delay = 0.73> <CoreInst = "TAddSub">   --->   Core 10 'TAddSub' <Latency = 0> <II = 1> <Delay = 0.36> <IPBlock> <Opcode : '' 'add' 'sub'> <InPorts = 3> <OutPorts = 1> <Sync> <CReg>
ST_9 : Operation 153 [1/1] (0.73ns) (root node of TernaryAdder)   --->   "%sum = add i32 %add_ln12_13, i32 %add_ln12_6" [dense_layer.cpp:12]   --->   Operation 153 'add' 'sum' <Predicate = true> <Delay = 0.73> <CoreInst = "TAddSub">   --->   Core 10 'TAddSub' <Latency = 0> <II = 1> <Delay = 0.36> <IPBlock> <Opcode : '' 'add' 'sub'> <InPorts = 3> <OutPorts = 1> <Sync> <CReg>
ST_9 : Operation 154 [1/1] (0.00ns)   --->   "%y_addr = getelementptr i32 %y, i64 0, i64 %zext_ln8" [dense_layer.cpp:15]   --->   Operation 154 'getelementptr' 'y_addr' <Predicate = true> <Delay = 0.00>
ST_9 : Operation 155 [1/1] (0.69ns)   --->   "%store_ln15 = store i32 %sum, i3 %y_addr" [dense_layer.cpp:15]   --->   Operation 155 'store' 'store_ln15' <Predicate = true> <Delay = 0.69> <CoreInst = "RAM">   --->   Core 82 'RAM' <Latency = 1> <II = 1> <Delay = 0.69> <Storage> <Opcode : 'load' 'store'> <Ports = 2> <Width = 32> <Depth = 8> <RAM>
ST_9 : Operation 156 [1/1] (0.38ns)   --->   "%ret_ln0 = ret"   --->   Operation 156 'ret' 'ret_ln0' <Predicate = (icmp_ln8)> <Delay = 0.38>


============================================================
+ Verbose Summary: Timing violations
============================================================
Target clock period: 25.000ns, clock uncertainty: 6.750ns.

 <State 1>: 1.346ns
The critical path consists of the following:
	'store' operation 0 bit ('store_ln0') of constant 0 on local variable 'j1' [38]  (0.387 ns)
	'load' operation 3 bit ('j1_load', dense_layer.cpp:8) on local variable 'j1' [41]  (0.000 ns)
	'add' operation 3 bit ('j', dense_layer.cpp:8) [144]  (0.572 ns)
	'store' operation 0 bit ('store_ln8', dense_layer.cpp:8) of variable 'j', dense_layer.cpp:8 on local variable 'j1' [146]  (0.387 ns)

 <State 2>: 3.770ns
The critical path consists of the following:
	'load' operation 32 bit ('w_load_1', dense_layer.cpp:12) on array 'w' [96]  (0.600 ns)
	'mul' operation 32 bit ('mul_ln12_4', dense_layer.cpp:12) [115]  (3.170 ns)

 <State 3>: 5.381ns
The critical path consists of the following:
	'load' operation 32 bit ('w_load_2', dense_layer.cpp:12) on array 'w' [97]  (0.600 ns)
	'mul' operation 32 bit ('mul_ln12_3', dense_layer.cpp:12) [114]  (3.170 ns)
	'add' operation 32 bit ('add_ln12_1', dense_layer.cpp:12) [128]  (0.880 ns)
	'add' operation 32 bit ('add_ln12_2', dense_layer.cpp:12) [129]  (0.731 ns)

 <State 4>: 3.770ns
The critical path consists of the following:
	'load' operation 32 bit ('w_load_5', dense_layer.cpp:12) on array 'w' [100]  (0.600 ns)
	'mul' operation 32 bit ('mul_ln12_5', dense_layer.cpp:12) [116]  (3.170 ns)

 <State 5>: 5.381ns
The critical path consists of the following:
	'load' operation 32 bit ('w_load_6', dense_layer.cpp:12) on array 'w' [101]  (0.600 ns)
	'mul' operation 32 bit ('mul_ln12_11', dense_layer.cpp:12) [122]  (3.170 ns)
	'add' operation 32 bit ('add_ln12_4', dense_layer.cpp:12) [131]  (0.880 ns)
	'add' operation 32 bit ('add_ln12_5', dense_layer.cpp:12) [132]  (0.731 ns)

 <State 6>: 4.650ns
The critical path consists of the following:
	'load' operation 32 bit ('w_load_8', dense_layer.cpp:12) on array 'w' [103]  (0.600 ns)
	'mul' operation 32 bit ('mul_ln12_2', dense_layer.cpp:12) [113]  (3.170 ns)
	'add' operation 32 bit ('add_ln12_7', dense_layer.cpp:12) [134]  (0.880 ns)

 <State 7>: 4.650ns
The critical path consists of the following:
	'load' operation 32 bit ('w_load_10', dense_layer.cpp:12) on array 'w' [105]  (0.600 ns)
	'mul' operation 32 bit ('mul_ln12_8', dense_layer.cpp:12) [119]  (3.170 ns)
	'add' operation 32 bit ('add_ln12_8', dense_layer.cpp:12) [135]  (0.880 ns)

 <State 8>: 3.770ns
The critical path consists of the following:
	'load' operation 32 bit ('w_load_12', dense_layer.cpp:12) on array 'w' [107]  (0.600 ns)
	'mul' operation 32 bit ('mul_ln12_6', dense_layer.cpp:12) [117]  (3.170 ns)

 <State 9>: 7.542ns
The critical path consists of the following:
	'load' operation 32 bit ('w_load_14', dense_layer.cpp:12) on array 'w' [109]  (0.600 ns)
	'mul' operation 32 bit ('mul_ln12_13', dense_layer.cpp:12) [124]  (3.170 ns)
	'add' operation 32 bit ('add_ln12_11', dense_layer.cpp:12) [138]  (0.880 ns)
	'add' operation 32 bit ('add_ln12_12', dense_layer.cpp:12) [139]  (0.731 ns)
	'add' operation 32 bit ('add_ln12_13', dense_layer.cpp:12) [140]  (0.731 ns)
	'add' operation 32 bit ('sum', dense_layer.cpp:12) [141]  (0.731 ns)
	'store' operation 0 bit ('store_ln15', dense_layer.cpp:15) of variable 'sum', dense_layer.cpp:12 on array 'y' [143]  (0.699 ns)


============================================================
+ Verbose Summary: Binding
============================================================
N/A
* FSMD analyzer results:
  - Output states:
 - Input state : 
  - Chain level:
	State 1
	State 2
	State 3
	State 4
	State 5
	State 6
	State 7
	State 8
	State 9


============================================================
+ Verbose Summary: Datapath Resource usage 
============================================================
N/A
