/scratch/emettner/fpga-tachep-studies/HW6/Q11/dense_simple_proj/solution1/.autopilot/db/dense_layer.pp.0.cpp:185:5: warning: Added loop label VITIS_LOOP_8_1:   [xilinx-label-all-loops]
    for (int j = 0; j < 8; j++) {
    ^~~
    VITIS_LOOP_8_1: 
/scratch/emettner/fpga-tachep-studies/HW6/Q11/dense_simple_proj/solution1/.autopilot/db/dense_layer.pp.0.cpp:185:5: note: FIX-IT applied suggested code changes
/scratch/emettner/fpga-tachep-studies/HW6/Q11/dense_simple_proj/solution1/.autopilot/db/dense_layer.pp.0.cpp:188:9: warning: Added loop label VITIS_LOOP_11_2:   [xilinx-label-all-loops]
        for (int i = 0; i < 16; i++) {
        ^~~
        VITIS_LOOP_11_2: 
/scratch/emettner/fpga-tachep-studies/HW6/Q11/dense_simple_proj/solution1/.autopilot/db/dense_layer.pp.0.cpp:188:9: note: FIX-IT applied suggested code changes
/scratch/emettner/fpga-tachep-studies/HW6/Q11/dense_simple_proj/solution1/.autopilot/db/dense_layer.pp.0.cpp:212:2: warning: Added loop label VITIS_LOOP_35_1:   [xilinx-label-all-loops]
 for (int j = 0; j < 8; j++) {
 ^~~
 VITIS_LOOP_35_1: 
/scratch/emettner/fpga-tachep-studies/HW6/Q11/dense_simple_proj/solution1/.autopilot/db/dense_layer.pp.0.cpp:212:2: note: FIX-IT applied suggested code changes
/scratch/emettner/fpga-tachep-studies/HW6/Q11/dense_simple_proj/solution1/.autopilot/db/dense_layer.pp.0.cpp:215:9: warning: Added loop label VITIS_LOOP_38_2:   [xilinx-label-all-loops]
        for (int i = 0; i < 16; i++) {
        ^~~
        VITIS_LOOP_38_2: 
/scratch/emettner/fpga-tachep-studies/HW6/Q11/dense_simple_proj/solution1/.autopilot/db/dense_layer.pp.0.cpp:215:9: note: FIX-IT applied suggested code changes
