

================================================================
== Synthesis Summary Report of 'q5_simple'
================================================================
+ General Information: 
    * Date:           Sat May  9 11:05:37 2026
    * Version:        2024.1 (Build 5069499 on May 21 2024)
    * Project:        q5_simple_proj
    * Solution:       solution1 (Vivado IP Flow Target)
    * Product family: virtexuplus
    * Target device:  xcvu13p-fsga2577-2-e
    

+ Performance & Resource Estimates: 
    
    PS: '+' for module; 'o' for loop; '*' for dataflow
    +--------------------+------+-------+---------+-----------+----------+---------+------+----------+------+---------+----------+-----------+-----+
    |       Modules      | Issue|       | Latency |  Latency  | Iteration|         | Trip |          |      |         |          |           |     |
    |       & Loops      | Type | Slack | (cycles)|    (ns)   |  Latency | Interval| Count| Pipelined| BRAM |   DSP   |    FF    |    LUT    | URAM|
    +--------------------+------+-------+---------+-----------+----------+---------+------+----------+------+---------+----------+-----------+-----+
    |+ q5_simple         |    II|  12.80|       66|  1.650e+03|         -|       64|     -|    rewind|     -|  6 (~0%)|  16 (~0%)|  184 (~0%)|    -|
    | o VITIS_LOOP_10_1  |     -|  18.25|       64|  1.600e+03|         2|        1|    64|       yes|     -|        -|         -|          -|    -|
    +--------------------+------+-------+---------+-----------+----------+---------+------+----------+------+---------+----------+-----------+-----+


================================================================
== HW Interfaces
================================================================
* AP_MEMORY
+------------+-----------+----------+
| Port       | Direction | Bitwidth |
+------------+-----------+----------+
| A_address0 | out       | 6        |
| A_q0       | in        | 32       |
| B_address0 | out       | 6        |
| B_q0       | in        | 32       |
| C_address0 | out       | 6        |
| C_d0       | out       | 32       |
| D_address0 | out       | 6        |
| D_d0       | out       | 32       |
| E_address0 | out       | 6        |
| E_d0       | out       | 32       |
+------------+-----------+----------+

* TOP LEVEL CONTROL
+-----------+------------+-----------------------------------+
| Interface | Type       | Ports                             |
+-----------+------------+-----------------------------------+
| ap_clk    | clock      | ap_clk                            |
| ap_rst    | reset      | ap_rst                            |
| ap_ctrl   | ap_ctrl_hs | ap_done ap_idle ap_ready ap_start |
+-----------+------------+-----------------------------------+


================================================================
== SW I/O Information
================================================================
* Top Function Arguments
+----------+-----------+----------+
| Argument | Direction | Datatype |
+----------+-----------+----------+
| A        | in        | int*     |
| B        | in        | int*     |
| C        | out       | int*     |
| D        | out       | int*     |
| E        | out       | int*     |
+----------+-----------+----------+

* SW-to-HW Mapping
+----------+--------------+---------+----------+
| Argument | HW Interface | HW Type | HW Usage |
+----------+--------------+---------+----------+
| A        | A_address0   | port    | offset   |
| A        | A_ce0        | port    |          |
| A        | A_q0         | port    |          |
| B        | B_address0   | port    | offset   |
| B        | B_ce0        | port    |          |
| B        | B_q0         | port    |          |
| C        | C_address0   | port    | offset   |
| C        | C_ce0        | port    |          |
| C        | C_we0        | port    |          |
| C        | C_d0         | port    |          |
| D        | D_address0   | port    | offset   |
| D        | D_ce0        | port    |          |
| D        | D_we0        | port    |          |
| D        | D_d0         | port    |          |
| E        | E_address0   | port    | offset   |
| E        | E_ce0        | port    |          |
| E        | E_we0        | port    |          |
| E        | E_d0         | port    |          |
+----------+--------------+---------+----------+


================================================================
== Bind Op Report
================================================================
+-------------------------+-----+--------+-----------+-------+--------+---------+
| Name                    | DSP | Pragma | Variable  | Op    | Impl   | Latency |
+-------------------------+-----+--------+-----------+-------+--------+---------+
| + q5_simple             | 6   |        |           |       |        |         |
|   sum_fu_158_p2         |     |        | sum       | add   | fabric | 0       |
|   mul_ln16_fu_122_p1    |     |        | diff      | sub   | fabric | 0       |
|   mul_32s_32s_32_1_1_U1 | 3   |        | mul_ln15  | mul   | auto   | 0       |
|   mul_32s_32s_32_1_1_U2 | 3   |        | mul_ln16  | mul   | auto   | 0       |
|   i_fu_141_p2           |     |        | i         | add   | fabric | 0       |
|   icmp_ln10_fu_147_p2   |     |        | icmp_ln10 | seteq | auto   | 0       |
+-------------------------+-----+--------+-----------+-------+--------+---------+


================================================================
== Storage Report
================================================================
  No bind storage info in design

================================================================
== Pragma Report
================================================================
* Valid Pragma Syntax
+-----------------+---------------------------+--------------------------------------------+
| Type            | Options                   | Location                                   |
+-----------------+---------------------------+--------------------------------------------+
| unroll          |                           | q5_kernel.cpp:29 in q5_unroll              |
| array_partition | variable=A complete dim=1 | q5_kernel.cpp:46 in q5_partition_unroll, A |
| array_partition | variable=B complete dim=1 | q5_kernel.cpp:47 in q5_partition_unroll, B |
| array_partition | variable=C complete dim=1 | q5_kernel.cpp:48 in q5_partition_unroll, C |
| array_partition | variable=D complete dim=1 | q5_kernel.cpp:49 in q5_partition_unroll, D |
| array_partition | variable=E complete dim=1 | q5_kernel.cpp:50 in q5_partition_unroll, E |
| unroll          |                           | q5_kernel.cpp:52 in q5_partition_unroll    |
+-----------------+---------------------------+--------------------------------------------+


