==============================================================
Vitis HLS - High-Level Synthesis from C, C++ and OpenCL v2024.1 (64-bit)
Tool Version Limit: 2024.05
Copyright 1986-2022 Xilinx, Inc. All Rights Reserved.
Copyright 2022-2024 Advanced Micro Devices, Inc. All Rights Reserved.

==============================================================
INFO: [HLS 200-1505] Using flow_target 'vivado'
INFO: [HLS 200-1510] Running: set_part xcvu13p-fsga2577-2-e 
INFO: [HLS 200-1510] Running: create_clock -period 25 -name default 
INFO: [SYN 201-201] Setting up clock 'default' with a period of 25ns.
INFO: [HLS 200-1510] Running: csim_design 
INFO: [SIM 211-2] *************** CSIM start ***************
INFO: [SIM 211-4] CSIM will launch CLANG as the compiler.
INFO: [HLS 200-2036] Building debug C Simulation binaries
INFO: [SIM 211-1] CSim done with 0 errors.
INFO: [SIM 211-3] *************** CSIM finish ***************
INFO: [HLS 200-2161] Finished Command csim_design Elapsed time: 00:00:01; Allocated memory: 0.000 MB.
INFO: [HLS 200-1510] Running: csynth_design 
INFO: [HLS 200-111] Finished File checks and directory preparation: CPU user time: 0.17 seconds. CPU system time: 0.01 seconds. Elapsed time: 0.19 seconds; current allocated memory: 396.984 MB.
INFO: [HLS 200-10] Analyzing design file 'q5_kernel.cpp' ... 
INFO: [HLS 200-111] Finished Source Code Analysis and Preprocessing: CPU user time: 0.62 seconds. CPU system time: 0.85 seconds. Elapsed time: 1.56 seconds; current allocated memory: 396.984 MB.
INFO: [HLS 200-777] Using interface defaults for 'Vivado' flow target.
INFO: [HLS 200-1995] There were 41 instructions in the design after the 'Compile/Link' phase of compilation. See the Design Size Report for more details: /scratch/emettner/fpga-tachep-studies/HW6/Q10/q5_unroll_proj/solution1/syn/report/csynth_design_size.rpt
INFO: [HLS 200-1995] There were 1,403 instructions in the design after the 'Unroll/Inline (step 1)' phase of compilation. See the Design Size Report for more details: /scratch/emettner/fpga-tachep-studies/HW6/Q10/q5_unroll_proj/solution1/syn/report/csynth_design_size.rpt
INFO: [HLS 200-1995] There were 892 instructions in the design after the 'Unroll/Inline (step 2)' phase of compilation. See the Design Size Report for more details: /scratch/emettner/fpga-tachep-studies/HW6/Q10/q5_unroll_proj/solution1/syn/report/csynth_design_size.rpt
INFO: [HLS 200-1995] There were 892 instructions in the design after the 'Unroll/Inline (step 3)' phase of compilation. See the Design Size Report for more details: /scratch/emettner/fpga-tachep-studies/HW6/Q10/q5_unroll_proj/solution1/syn/report/csynth_design_size.rpt
INFO: [HLS 200-1995] There were 892 instructions in the design after the 'Unroll/Inline (step 4)' phase of compilation. See the Design Size Report for more details: /scratch/emettner/fpga-tachep-studies/HW6/Q10/q5_unroll_proj/solution1/syn/report/csynth_design_size.rpt
INFO: [HLS 200-1995] There were 897 instructions in the design after the 'Array/Struct (step 1)' phase of compilation. See the Design Size Report for more details: /scratch/emettner/fpga-tachep-studies/HW6/Q10/q5_unroll_proj/solution1/syn/report/csynth_design_size.rpt
INFO: [HLS 200-1995] There were 897 instructions in the design after the 'Array/Struct (step 2)' phase of compilation. See the Design Size Report for more details: /scratch/emettner/fpga-tachep-studies/HW6/Q10/q5_unroll_proj/solution1/syn/report/csynth_design_size.rpt
INFO: [HLS 200-1995] There were 897 instructions in the design after the 'Array/Struct (step 3)' phase of compilation. See the Design Size Report for more details: /scratch/emettner/fpga-tachep-studies/HW6/Q10/q5_unroll_proj/solution1/syn/report/csynth_design_size.rpt
INFO: [HLS 200-1995] There were 897 instructions in the design after the 'Array/Struct (step 4)' phase of compilation. See the Design Size Report for more details: /scratch/emettner/fpga-tachep-studies/HW6/Q10/q5_unroll_proj/solution1/syn/report/csynth_design_size.rpt
INFO: [HLS 200-1995] There were 897 instructions in the design after the 'Array/Struct (step 5)' phase of compilation. See the Design Size Report for more details: /scratch/emettner/fpga-tachep-studies/HW6/Q10/q5_unroll_proj/solution1/syn/report/csynth_design_size.rpt
INFO: [HLS 200-1995] There were 897 instructions in the design after the 'Performance (step 1)' phase of compilation. See the Design Size Report for more details: /scratch/emettner/fpga-tachep-studies/HW6/Q10/q5_unroll_proj/solution1/syn/report/csynth_design_size.rpt
INFO: [HLS 200-1995] There were 897 instructions in the design after the 'Performance (step 2)' phase of compilation. See the Design Size Report for more details: /scratch/emettner/fpga-tachep-studies/HW6/Q10/q5_unroll_proj/solution1/syn/report/csynth_design_size.rpt
INFO: [HLS 200-1995] There were 897 instructions in the design after the 'Performance (step 3)' phase of compilation. See the Design Size Report for more details: /scratch/emettner/fpga-tachep-studies/HW6/Q10/q5_unroll_proj/solution1/syn/report/csynth_design_size.rpt
INFO: [HLS 200-1995] There were 897 instructions in the design after the 'Performance (step 4)' phase of compilation. See the Design Size Report for more details: /scratch/emettner/fpga-tachep-studies/HW6/Q10/q5_unroll_proj/solution1/syn/report/csynth_design_size.rpt
INFO: [HLS 200-1995] There were 907 instructions in the design after the 'HW Transforms (step 1)' phase of compilation. See the Design Size Report for more details: /scratch/emettner/fpga-tachep-studies/HW6/Q10/q5_unroll_proj/solution1/syn/report/csynth_design_size.rpt
INFO: [HLS 200-1995] There were 908 instructions in the design after the 'HW Transforms (step 2)' phase of compilation. See the Design Size Report for more details: /scratch/emettner/fpga-tachep-studies/HW6/Q10/q5_unroll_proj/solution1/syn/report/csynth_design_size.rpt
INFO: [HLS 214-186] Unrolling loop 'VITIS_LOOP_28_1' (q5_kernel.cpp:28:22) in function 'q5_unroll' completely with a factor of 64 (q5_kernel.cpp:27:0)
INFO: [HLS 200-111] Finished Compiling Optimization and Transform: CPU user time: 4.47 seconds. CPU system time: 0.78 seconds. Elapsed time: 8.94 seconds; current allocated memory: 396.984 MB.
INFO: [HLS 200-111] Finished Checking Pragmas: CPU user time: 0 seconds. CPU system time: 0 seconds. Elapsed time: 0 seconds; current allocated memory: 396.984 MB.
INFO: [HLS 200-10] Starting code transformations ...
INFO: [HLS 200-111] Finished Standard Transforms: CPU user time: 0.09 seconds. CPU system time: 0.01 seconds. Elapsed time: 0.1 seconds; current allocated memory: 397.020 MB.
INFO: [HLS 200-10] Checking synthesizability ...
INFO: [HLS 200-111] Finished Checking Synthesizability: CPU user time: 0.04 seconds. CPU system time: 0 seconds. Elapsed time: 0.04 seconds; current allocated memory: 397.020 MB.
INFO: [HLS 200-111] Finished Loop, function and other optimizations: CPU user time: 0.34 seconds. CPU system time: 0.01 seconds. Elapsed time: 0.35 seconds; current allocated memory: 419.688 MB.
INFO: [HLS 200-111] Finished Architecture Synthesis: CPU user time: 0.22 seconds. CPU system time: 0 seconds. Elapsed time: 0.23 seconds; current allocated memory: 419.688 MB.
INFO: [HLS 200-10] Starting hardware synthesis ...
INFO: [HLS 200-10] Synthesizing 'q5_unroll' ...
INFO: [HLS 200-10] ----------------------------------------------------------------
INFO: [HLS 200-42] -- Implementing module 'q5_unroll' 
INFO: [HLS 200-10] ----------------------------------------------------------------
INFO: [SCHED 204-11] Starting scheduling ...
INFO: [SCHED 204-11] Finished scheduling.
INFO: [HLS 200-111] Finished Scheduling: CPU user time: 1.71 seconds. CPU system time: 0.05 seconds. Elapsed time: 1.86 seconds; current allocated memory: 419.688 MB.
INFO: [BIND 205-100] Starting micro-architecture generation ...
INFO: [BIND 205-101] Performing variable lifetime analysis.
INFO: [BIND 205-101] Exploring resource sharing.
INFO: [BIND 205-101] Binding ...
INFO: [BIND 205-100] Finished micro-architecture generation.
INFO: [HLS 200-111] Finished Binding: CPU user time: 0.17 seconds. CPU system time: 0.02 seconds. Elapsed time: 0.2 seconds; current allocated memory: 419.688 MB.
INFO: [HLS 200-10] ----------------------------------------------------------------
INFO: [HLS 200-10] -- Generating RTL for module 'q5_unroll' 
INFO: [HLS 200-10] ----------------------------------------------------------------
INFO: [RTGEN 206-500] Setting interface mode on port 'q5_unroll/A' to 'ap_memory'.
INFO: [RTGEN 206-500] Setting interface mode on port 'q5_unroll/B' to 'ap_memory'.
INFO: [RTGEN 206-500] Setting interface mode on port 'q5_unroll/C' to 'ap_memory'.
INFO: [RTGEN 206-500] Setting interface mode on port 'q5_unroll/D' to 'ap_memory'.
INFO: [RTGEN 206-500] Setting interface mode on port 'q5_unroll/E' to 'ap_memory'.
INFO: [RTGEN 206-500] Setting interface mode on function 'q5_unroll' to 'ap_ctrl_hs'.
INFO: [RTGEN 206-100] Generating core module 'mul_32s_32s_32_1_1': 4 instance(s).
INFO: [RTGEN 206-100] Finished creating RTL model for 'q5_unroll'.
INFO: [HLS 200-111] Finished Creating RTL model: CPU user time: 0.38 seconds. CPU system time: 0.02 seconds. Elapsed time: 0.46 seconds; current allocated memory: 419.688 MB.
INFO: [HLS 200-111] Finished Generating all RTL models: CPU user time: 0.61 seconds. CPU system time: 0.08 seconds. Elapsed time: 0.72 seconds; current allocated memory: 431.387 MB.
INFO: [HLS 200-111] Finished Updating report files: CPU user time: 1.05 seconds. CPU system time: 0.04 seconds. Elapsed time: 1.09 seconds; current allocated memory: 434.895 MB.
INFO: [VHDL 208-304] Generating VHDL RTL for q5_unroll.
INFO: [VLOG 209-307] Generating Verilog RTL for q5_unroll.
INFO: [HLS 200-789] **** Estimated Fmax: 183.55 MHz
INFO: [HLS 200-2161] Finished Command csynth_design Elapsed time: 00:00:15; Allocated memory: 37.910 MB.
INFO: [HLS 200-1510] Running: close_project 
