

================================================================
== Vivado HLS Report for 'matrix_add'
================================================================
* Date:           Wed Mar 18 13:41:02 2026

* Version:        2020.1 (Build 2897737 on Wed May 27 20:21:37 MDT 2020)
* Project:        matrix_add
* Solution:       solution1
* Product family: virtexuplus
* Target device:  xcvu13p-fsga2577-2-e


================================================================
== Performance Estimates
================================================================
+ Timing: 
    * Summary: 
    +--------+----------+----------+------------+
    |  Clock |  Target  | Estimated| Uncertainty|
    +--------+----------+----------+------------+
    |ap_clk  | 25.00 ns | 3.196 ns |   3.12 ns  |
    +--------+----------+----------+------------+

+ Latency: 
    * Summary: 
    +---------+---------+----------+----------+-----+-----+---------+
    |  Latency (cycles) |  Latency (absolute) |  Interval | Pipeline|
    |   min   |   max   |    min   |    max   | min | max |   Type  |
    +---------+---------+----------+----------+-----+-----+---------+
    |      221|      221| 5.525 us | 5.525 us |  221|  221|   none  |
    +---------+---------+----------+----------+-----+-----+---------+

    + Detail: 
        * Instance: 
        N/A

        * Loop: 
        +-------------+---------+---------+----------+-----------+-----------+------+----------+
        |             |  Latency (cycles) | Iteration|  Initiation Interval  | Trip |          |
        |  Loop Name  |   min   |   max   |  Latency |  achieved |   target  | Count| Pipelined|
        +-------------+---------+---------+----------+-----------+-----------+------+----------+
        |- Loop 1     |      220|      220|        22|          -|          -|    10|    no    |
        | + Loop 1.1  |       20|       20|         2|          -|          -|    10|    no    |
        +-------------+---------+---------+----------+-----------+-----------+------+----------+



================================================================
== Utilization Estimates
================================================================
* Summary: 
+---------------------+---------+-------+---------+---------+------+
|         Name        | BRAM_18K| DSP48E|    FF   |   LUT   | URAM |
+---------------------+---------+-------+---------+---------+------+
|DSP                  |        -|      -|        -|        -|     -|
|Expression           |        -|      -|        0|      111|     -|
|FIFO                 |        -|      -|        -|        -|     -|
|Instance             |        -|      -|        -|        -|     -|
|Memory               |        -|      -|        -|        -|     -|
|Multiplexer          |        -|      -|        -|       45|     -|
|Register             |        -|      -|       35|        -|     -|
+---------------------+---------+-------+---------+---------+------+
|Total                |        0|      0|       35|      156|     0|
+---------------------+---------+-------+---------+---------+------+
|Available SLR        |     1344|   3072|   864000|   432000|   320|
+---------------------+---------+-------+---------+---------+------+
|Utilization SLR (%)  |        0|      0|    ~0   |    ~0   |     0|
+---------------------+---------+-------+---------+---------+------+
|Available            |     5376|  12288|  3456000|  1728000|  1280|
+---------------------+---------+-------+---------+---------+------+
|Utilization (%)      |        0|      0|    ~0   |    ~0   |     0|
+---------------------+---------+-------+---------+---------+------+

+ Detail: 
    * Instance: 
    N/A

    * DSP48E: 
    N/A

    * Memory: 
    N/A

    * FIFO: 
    N/A

    * Expression: 
    +---------------------+----------+-------+---+----+------------+------------+
    |    Variable Name    | Operation| DSP48E| FF| LUT| Bitwidth P0| Bitwidth P1|
    +---------------------+----------+-------+---+----+------------+------------+
    |C_d0                 |     +    |      0|  0|  39|          32|          32|
    |add_ln8_1_fu_129_p2  |     +    |      0|  0|  15|           8|           8|
    |add_ln8_2_fu_151_p2  |     +    |      0|  0|  15|           8|           8|
    |i_fu_99_p2           |     +    |      0|  0|  12|           4|           1|
    |j_fu_141_p2          |     +    |      0|  0|  12|           4|           1|
    |icmp_ln6_fu_93_p2    |   icmp   |      0|  0|   9|           4|           4|
    |icmp_ln7_fu_135_p2   |   icmp   |      0|  0|   9|           4|           4|
    +---------------------+----------+-------+---+----+------------+------------+
    |Total                |          |      0|  0| 111|          64|          58|
    +---------------------+----------+-------+---+----+------------+------------+

    * Multiplexer: 
    +------------+----+-----------+-----+-----------+
    |    Name    | LUT| Input Size| Bits| Total Bits|
    +------------+----+-----------+-----+-----------+
    |ap_NS_fsm   |  27|          5|    1|          5|
    |i_0_reg_71  |   9|          2|    4|          8|
    |j_0_reg_82  |   9|          2|    4|          8|
    +------------+----+-----------+-----+-----------+
    |Total       |  45|          9|    9|         21|
    +------------+----+-----------+-----+-----------+

    * Register: 
    +--------------------+---+----+-----+-----------+
    |        Name        | FF| LUT| Bits| Const Bits|
    +--------------------+---+----+-----+-----------+
    |add_ln8_1_reg_177   |  7|   0|    8|          1|
    |ap_CS_fsm           |  4|   0|    4|          0|
    |i_0_reg_71          |  4|   0|    4|          0|
    |i_reg_172           |  4|   0|    4|          0|
    |j_0_reg_82          |  4|   0|    4|          0|
    |j_reg_185           |  4|   0|    4|          0|
    |zext_ln8_3_reg_190  |  8|   0|   64|         56|
    +--------------------+---+----+-----+-----------+
    |Total               | 35|   0|   92|         57|
    +--------------------+---+----+-----+-----------+



================================================================
== Interface
================================================================
* Summary: 
+------------+-----+-----+------------+--------------+--------------+
|  RTL Ports | Dir | Bits|  Protocol  | Source Object|    C Type    |
+------------+-----+-----+------------+--------------+--------------+
|ap_clk      |  in |    1| ap_ctrl_hs |  matrix_add  | return value |
|ap_rst      |  in |    1| ap_ctrl_hs |  matrix_add  | return value |
|ap_start    |  in |    1| ap_ctrl_hs |  matrix_add  | return value |
|ap_done     | out |    1| ap_ctrl_hs |  matrix_add  | return value |
|ap_idle     | out |    1| ap_ctrl_hs |  matrix_add  | return value |
|ap_ready    | out |    1| ap_ctrl_hs |  matrix_add  | return value |
|A_address0  | out |    7|  ap_memory |       A      |     array    |
|A_ce0       | out |    1|  ap_memory |       A      |     array    |
|A_q0        |  in |   32|  ap_memory |       A      |     array    |
|B_address0  | out |    7|  ap_memory |       B      |     array    |
|B_ce0       | out |    1|  ap_memory |       B      |     array    |
|B_q0        |  in |   32|  ap_memory |       B      |     array    |
|C_address0  | out |    7|  ap_memory |       C      |     array    |
|C_ce0       | out |    1|  ap_memory |       C      |     array    |
|C_we0       | out |    1|  ap_memory |       C      |     array    |
|C_d0        | out |   32|  ap_memory |       C      |     array    |
+------------+-----+-----+------------+--------------+--------------+

============================================================
+ Verbose Summary: Synthesis Manager
============================================================
InlineROM: 1
ExposeGlobal: 0
============================================================
+ Verbose Summary: CDFG Model
============================================================
IsTopModel: 1
ResetActiveHigh: 1
IsCombinational: 2
IsDatapathOnly: 2
HasWiredReturn: 1
HasMFsm: 0
HasVarLatency: 1
IsPipeline: 0
IsRtlPipelined: 0
IsInstanceOverlapped: 0
IsDontTouch: 0
HasImplIP: 0
IsGatedGlobalClock: 0


============================================================
+ Verbose Summary: Schedule
============================================================
* Number of FSM states : 4
* Pipeline : 0
* Dataflow Pipeline: 0

* FSM state transitions: 
1 --> 2 
2 --> 3 
3 --> 4 2 
4 --> 3 

* FSM state operations: 

State 1 <SV = 0> <Delay = 0.60>
ST_1 : Operation 5 [1/1] (0.00ns)   --->   "call void (...)* @_ssdm_op_SpecBitsMap([100 x i32]* %A) nounwind, !map !14"   --->   Operation 5 'specbitsmap' <Predicate = true> <Delay = 0.00>
ST_1 : Operation 6 [1/1] (0.00ns)   --->   "call void (...)* @_ssdm_op_SpecBitsMap([100 x i32]* %B) nounwind, !map !20"   --->   Operation 6 'specbitsmap' <Predicate = true> <Delay = 0.00>
ST_1 : Operation 7 [1/1] (0.00ns)   --->   "call void (...)* @_ssdm_op_SpecBitsMap([100 x i32]* %C) nounwind, !map !24"   --->   Operation 7 'specbitsmap' <Predicate = true> <Delay = 0.00>
ST_1 : Operation 8 [1/1] (0.00ns)   --->   "call void (...)* @_ssdm_op_SpecTopModule([11 x i8]* @matrix_add_str) nounwind"   --->   Operation 8 'spectopmodule' <Predicate = true> <Delay = 0.00>
ST_1 : Operation 9 [1/1] (0.60ns)   --->   "br label %.loopexit" [matrix_add.cpp:6]   --->   Operation 9 'br' <Predicate = true> <Delay = 0.60>

State 2 <SV = 1> <Delay = 0.70>
ST_2 : Operation 10 [1/1] (0.00ns)   --->   "%i_0 = phi i4 [ 0, %0 ], [ %i, %.loopexit.loopexit ]"   --->   Operation 10 'phi' 'i_0' <Predicate = true> <Delay = 0.00>
ST_2 : Operation 11 [1/1] (0.65ns)   --->   "%icmp_ln6 = icmp eq i4 %i_0, -6" [matrix_add.cpp:6]   --->   Operation 11 'icmp' 'icmp_ln6' <Predicate = true> <Delay = 0.65> <Core = "Cmp">   --->   Core 25 'Cmp' <Latency = 0> <II = 1> <Delay = 0.65> <FuncUnit> <Opcode : 'icmp'> <InPorts = 2> <OutPorts = 1>
ST_2 : Operation 12 [1/1] (0.00ns)   --->   "%empty = call i32 (...)* @_ssdm_op_SpecLoopTripCount(i64 10, i64 10, i64 10) nounwind"   --->   Operation 12 'speclooptripcount' 'empty' <Predicate = true> <Delay = 0.00>
ST_2 : Operation 13 [1/1] (0.70ns)   --->   "%i = add i4 %i_0, 1" [matrix_add.cpp:6]   --->   Operation 13 'add' 'i' <Predicate = true> <Delay = 0.70> <Core = "AddSub">   --->   Core 14 'AddSub' <Latency = 0> <II = 1> <Delay = 0.70> <FuncUnit> <Opcode : 'add' 'sub'> <InPorts = 2> <OutPorts = 1>
ST_2 : Operation 14 [1/1] (0.00ns)   --->   "br i1 %icmp_ln6, label %2, label %.preheader.preheader" [matrix_add.cpp:6]   --->   Operation 14 'br' <Predicate = true> <Delay = 0.00>
ST_2 : Operation 15 [1/1] (0.00ns)   --->   "%tmp = call i7 @_ssdm_op_BitConcatenate.i7.i4.i3(i4 %i_0, i3 0)" [matrix_add.cpp:8]   --->   Operation 15 'bitconcatenate' 'tmp' <Predicate = (!icmp_ln6)> <Delay = 0.00>
ST_2 : Operation 16 [1/1] (0.00ns)   --->   "%zext_ln8 = zext i7 %tmp to i8" [matrix_add.cpp:8]   --->   Operation 16 'zext' 'zext_ln8' <Predicate = (!icmp_ln6)> <Delay = 0.00>
ST_2 : Operation 17 [1/1] (0.00ns)   --->   "%tmp_1 = call i5 @_ssdm_op_BitConcatenate.i5.i4.i1(i4 %i_0, i1 false)" [matrix_add.cpp:8]   --->   Operation 17 'bitconcatenate' 'tmp_1' <Predicate = (!icmp_ln6)> <Delay = 0.00>
ST_2 : Operation 18 [1/1] (0.00ns)   --->   "%zext_ln8_1 = zext i5 %tmp_1 to i8" [matrix_add.cpp:8]   --->   Operation 18 'zext' 'zext_ln8_1' <Predicate = (!icmp_ln6)> <Delay = 0.00>
ST_2 : Operation 19 [1/1] (0.70ns)   --->   "%add_ln8_1 = add i8 %zext_ln8_1, %zext_ln8" [matrix_add.cpp:8]   --->   Operation 19 'add' 'add_ln8_1' <Predicate = (!icmp_ln6)> <Delay = 0.70> <Core = "AddSub">   --->   Core 14 'AddSub' <Latency = 0> <II = 1> <Delay = 0.70> <FuncUnit> <Opcode : 'add' 'sub'> <InPorts = 2> <OutPorts = 1>
ST_2 : Operation 20 [1/1] (0.60ns)   --->   "br label %.preheader" [matrix_add.cpp:7]   --->   Operation 20 'br' <Predicate = (!icmp_ln6)> <Delay = 0.60>
ST_2 : Operation 21 [1/1] (0.00ns)   --->   "ret void" [matrix_add.cpp:11]   --->   Operation 21 'ret' <Predicate = (icmp_ln6)> <Delay = 0.00>

State 3 <SV = 2> <Delay = 1.86>
ST_3 : Operation 22 [1/1] (0.00ns)   --->   "%j_0 = phi i4 [ %j, %1 ], [ 0, %.preheader.preheader ]"   --->   Operation 22 'phi' 'j_0' <Predicate = true> <Delay = 0.00>
ST_3 : Operation 23 [1/1] (0.65ns)   --->   "%icmp_ln7 = icmp eq i4 %j_0, -6" [matrix_add.cpp:7]   --->   Operation 23 'icmp' 'icmp_ln7' <Predicate = true> <Delay = 0.65> <Core = "Cmp">   --->   Core 25 'Cmp' <Latency = 0> <II = 1> <Delay = 0.65> <FuncUnit> <Opcode : 'icmp'> <InPorts = 2> <OutPorts = 1>
ST_3 : Operation 24 [1/1] (0.00ns)   --->   "%empty_2 = call i32 (...)* @_ssdm_op_SpecLoopTripCount(i64 10, i64 10, i64 10) nounwind"   --->   Operation 24 'speclooptripcount' 'empty_2' <Predicate = true> <Delay = 0.00>
ST_3 : Operation 25 [1/1] (0.70ns)   --->   "%j = add i4 %j_0, 1" [matrix_add.cpp:7]   --->   Operation 25 'add' 'j' <Predicate = true> <Delay = 0.70> <Core = "AddSub">   --->   Core 14 'AddSub' <Latency = 0> <II = 1> <Delay = 0.70> <FuncUnit> <Opcode : 'add' 'sub'> <InPorts = 2> <OutPorts = 1>
ST_3 : Operation 26 [1/1] (0.00ns)   --->   "br i1 %icmp_ln7, label %.loopexit.loopexit, label %1" [matrix_add.cpp:7]   --->   Operation 26 'br' <Predicate = true> <Delay = 0.00>
ST_3 : Operation 27 [1/1] (0.00ns)   --->   "%zext_ln8_2 = zext i4 %j_0 to i8" [matrix_add.cpp:8]   --->   Operation 27 'zext' 'zext_ln8_2' <Predicate = (!icmp_ln7)> <Delay = 0.00>
ST_3 : Operation 28 [1/1] (0.70ns)   --->   "%add_ln8_2 = add i8 %add_ln8_1, %zext_ln8_2" [matrix_add.cpp:8]   --->   Operation 28 'add' 'add_ln8_2' <Predicate = (!icmp_ln7)> <Delay = 0.70> <Core = "AddSub">   --->   Core 14 'AddSub' <Latency = 0> <II = 1> <Delay = 0.70> <FuncUnit> <Opcode : 'add' 'sub'> <InPorts = 2> <OutPorts = 1>
ST_3 : Operation 29 [1/1] (0.00ns)   --->   "%zext_ln8_3 = zext i8 %add_ln8_2 to i64" [matrix_add.cpp:8]   --->   Operation 29 'zext' 'zext_ln8_3' <Predicate = (!icmp_ln7)> <Delay = 0.00>
ST_3 : Operation 30 [1/1] (0.00ns)   --->   "%A_addr = getelementptr [100 x i32]* %A, i64 0, i64 %zext_ln8_3" [matrix_add.cpp:8]   --->   Operation 30 'getelementptr' 'A_addr' <Predicate = (!icmp_ln7)> <Delay = 0.00>
ST_3 : Operation 31 [1/1] (0.00ns)   --->   "%B_addr = getelementptr [100 x i32]* %B, i64 0, i64 %zext_ln8_3" [matrix_add.cpp:8]   --->   Operation 31 'getelementptr' 'B_addr' <Predicate = (!icmp_ln7)> <Delay = 0.00>
ST_3 : Operation 32 [2/2] (1.15ns)   --->   "%A_load = load i32* %A_addr, align 4" [matrix_add.cpp:8]   --->   Operation 32 'load' 'A_load' <Predicate = (!icmp_ln7)> <Delay = 1.15> <Core = "RAM">   --->   Core 37 'RAM' <Latency = 1> <II = 1> <Delay = 1.15> <Storage> <Opcode : 'load' 'store'> <Ports = 2> <Width = 32> <Depth = 100> <RAM>
ST_3 : Operation 33 [2/2] (1.15ns)   --->   "%B_load = load i32* %B_addr, align 4" [matrix_add.cpp:8]   --->   Operation 33 'load' 'B_load' <Predicate = (!icmp_ln7)> <Delay = 1.15> <Core = "RAM">   --->   Core 37 'RAM' <Latency = 1> <II = 1> <Delay = 1.15> <Storage> <Opcode : 'load' 'store'> <Ports = 2> <Width = 32> <Depth = 100> <RAM>
ST_3 : Operation 34 [1/1] (0.00ns)   --->   "br label %.loopexit"   --->   Operation 34 'br' <Predicate = (icmp_ln7)> <Delay = 0.00>

State 4 <SV = 3> <Delay = 3.19>
ST_4 : Operation 35 [1/1] (0.00ns)   --->   "%C_addr = getelementptr [100 x i32]* %C, i64 0, i64 %zext_ln8_3" [matrix_add.cpp:8]   --->   Operation 35 'getelementptr' 'C_addr' <Predicate = true> <Delay = 0.00>
ST_4 : Operation 36 [1/2] (1.15ns)   --->   "%A_load = load i32* %A_addr, align 4" [matrix_add.cpp:8]   --->   Operation 36 'load' 'A_load' <Predicate = true> <Delay = 1.15> <Core = "RAM">   --->   Core 37 'RAM' <Latency = 1> <II = 1> <Delay = 1.15> <Storage> <Opcode : 'load' 'store'> <Ports = 2> <Width = 32> <Depth = 100> <RAM>
ST_4 : Operation 37 [1/2] (1.15ns)   --->   "%B_load = load i32* %B_addr, align 4" [matrix_add.cpp:8]   --->   Operation 37 'load' 'B_load' <Predicate = true> <Delay = 1.15> <Core = "RAM">   --->   Core 37 'RAM' <Latency = 1> <II = 1> <Delay = 1.15> <Storage> <Opcode : 'load' 'store'> <Ports = 2> <Width = 32> <Depth = 100> <RAM>
ST_4 : Operation 38 [1/1] (0.88ns)   --->   "%add_ln8 = add nsw i32 %B_load, %A_load" [matrix_add.cpp:8]   --->   Operation 38 'add' 'add_ln8' <Predicate = true> <Delay = 0.88> <Core = "AddSub">   --->   Core 14 'AddSub' <Latency = 0> <II = 1> <Delay = 0.70> <FuncUnit> <Opcode : 'add' 'sub'> <InPorts = 2> <OutPorts = 1>
ST_4 : Operation 39 [1/1] (1.15ns)   --->   "store i32 %add_ln8, i32* %C_addr, align 4" [matrix_add.cpp:8]   --->   Operation 39 'store' <Predicate = true> <Delay = 1.15> <Core = "RAM">   --->   Core 37 'RAM' <Latency = 1> <II = 1> <Delay = 1.15> <Storage> <Opcode : 'load' 'store'> <Ports = 2> <Width = 32> <Depth = 100> <RAM>
ST_4 : Operation 40 [1/1] (0.00ns)   --->   "br label %.preheader" [matrix_add.cpp:7]   --->   Operation 40 'br' <Predicate = true> <Delay = 0.00>


============================================================
+ Verbose Summary: Binding
============================================================
STG Binding: 
---------------- STG Properties BEGIN ----------------
- Is combinational: 0
- Is one-state seq: 0
- Is datapath-only: 0
- Is pipelined: 0
- Is top level: 1
Port [ Return ] is wired: 1; IO mode=ap_ctrl_hs:ce=0
Port [ A]:  wired=1; compound=1; hidden=0; nouse=0; global=0; static=0; extern=0; dir=0; type=1; pingpong=0; private_global=0; MemPort=[13]; IO mode=ap_memory:ce=0
Port [ B]:  wired=1; compound=1; hidden=0; nouse=0; global=0; static=0; extern=0; dir=0; type=1; pingpong=0; private_global=0; MemPort=[13]; IO mode=ap_memory:ce=0
Port [ C]:  wired=1; compound=1; hidden=0; nouse=0; global=0; static=0; extern=0; dir=1; type=1; pingpong=0; private_global=0; MemPort=[03]; IO mode=ap_memory:ce=0
---------------- STG Properties END ------------------

---------------- Datapath Model BEGIN ----------------

<LifeTime>
<method=bitvector/>
specbitsmap_ln0   (specbitsmap      ) [ 00000]
specbitsmap_ln0   (specbitsmap      ) [ 00000]
specbitsmap_ln0   (specbitsmap      ) [ 00000]
spectopmodule_ln0 (spectopmodule    ) [ 00000]
br_ln6            (br               ) [ 01111]
i_0               (phi              ) [ 00100]
icmp_ln6          (icmp             ) [ 00111]
empty             (speclooptripcount) [ 00000]
i                 (add              ) [ 01111]
br_ln6            (br               ) [ 00000]
tmp               (bitconcatenate   ) [ 00000]
zext_ln8          (zext             ) [ 00000]
tmp_1             (bitconcatenate   ) [ 00000]
zext_ln8_1        (zext             ) [ 00000]
add_ln8_1         (add              ) [ 00011]
br_ln7            (br               ) [ 00111]
ret_ln11          (ret              ) [ 00000]
j_0               (phi              ) [ 00010]
icmp_ln7          (icmp             ) [ 00111]
empty_2           (speclooptripcount) [ 00000]
j                 (add              ) [ 00111]
br_ln7            (br               ) [ 00000]
zext_ln8_2        (zext             ) [ 00000]
add_ln8_2         (add              ) [ 00000]
zext_ln8_3        (zext             ) [ 00001]
A_addr            (getelementptr    ) [ 00001]
B_addr            (getelementptr    ) [ 00001]
br_ln0            (br               ) [ 01111]
C_addr            (getelementptr    ) [ 00000]
A_load            (load             ) [ 00000]
B_load            (load             ) [ 00000]
add_ln8           (add              ) [ 00000]
store_ln8         (store            ) [ 00000]
br_ln7            (br               ) [ 00111]
</LifeTime>

<model>

<comp_list>
<comp id="0" class="1000" name="A">
<pin_list>
<pin id="1" dir="1" index="0" bw="1" slack="0"/>
</pin_list>
<bind>
<StgValue><ssdm name="A"/><MemPortTyVec>1 3 </MemPortTyVec>
</StgValue>
</bind>
</comp>

<comp id="2" class="1000" name="B">
<pin_list>
<pin id="3" dir="1" index="0" bw="1" slack="0"/>
</pin_list>
<bind>
<StgValue><ssdm name="B"/><MemPortTyVec>1 3 </MemPortTyVec>
</StgValue>
</bind>
</comp>

<comp id="4" class="1000" name="C">
<pin_list>
<pin id="5" dir="1" index="0" bw="1" slack="0"/>
</pin_list>
<bind>
<StgValue><ssdm name="C"/><MemPortTyVec>0 3 </MemPortTyVec>
</StgValue>
</bind>
</comp>

<comp id="6" class="1001" name="const_6">
<pin_list>
<pin id="7" dir="1" index="0" bw="1" slack="2147483647"/>
</pin_list>
<bind>
<StgValue><ssdm name="_ssdm_op_SpecBitsMap"/></StgValue>
</bind>
</comp>

<comp id="8" class="1001" name="const_8">
<pin_list>
<pin id="9" dir="1" index="0" bw="1" slack="2147483647"/>
</pin_list>
<bind>
<StgValue><ssdm name="_ssdm_op_SpecTopModule"/></StgValue>
</bind>
</comp>

<comp id="10" class="1001" name="const_10">
<pin_list>
<pin id="11" dir="1" index="0" bw="1" slack="2147483647"/>
</pin_list>
<bind>
<StgValue><ssdm name="matrix_add_str"/></StgValue>
</bind>
</comp>

<comp id="12" class="1001" name="const_12">
<pin_list>
<pin id="13" dir="1" index="0" bw="1" slack="1"/>
</pin_list>
<bind>
<StgValue><ssdm name=""/></StgValue>
</bind>
</comp>

<comp id="14" class="1001" name="const_14">
<pin_list>
<pin id="15" dir="1" index="0" bw="1" slack="0"/>
</pin_list>
<bind>
<StgValue><ssdm name=""/></StgValue>
</bind>
</comp>

<comp id="16" class="1001" name="const_16">
<pin_list>
<pin id="17" dir="1" index="0" bw="1" slack="2147483647"/>
</pin_list>
<bind>
<StgValue><ssdm name="_ssdm_op_SpecLoopTripCount"/></StgValue>
</bind>
</comp>

<comp id="18" class="1001" name="const_18">
<pin_list>
<pin id="19" dir="1" index="0" bw="1" slack="2147483647"/>
</pin_list>
<bind>
<StgValue><ssdm name=""/></StgValue>
</bind>
</comp>

<comp id="20" class="1001" name="const_20">
<pin_list>
<pin id="21" dir="1" index="0" bw="1" slack="0"/>
</pin_list>
<bind>
<StgValue><ssdm name=""/></StgValue>
</bind>
</comp>

<comp id="22" class="1001" name="const_22">
<pin_list>
<pin id="23" dir="1" index="0" bw="1" slack="0"/>
</pin_list>
<bind>
<StgValue><ssdm name="_ssdm_op_BitConcatenate.i7.i4.i3"/></StgValue>
</bind>
</comp>

<comp id="24" class="1001" name="const_24">
<pin_list>
<pin id="25" dir="1" index="0" bw="1" slack="0"/>
</pin_list>
<bind>
<StgValue><ssdm name=""/></StgValue>
</bind>
</comp>

<comp id="26" class="1001" name="const_26">
<pin_list>
<pin id="27" dir="1" index="0" bw="1" slack="0"/>
</pin_list>
<bind>
<StgValue><ssdm name="_ssdm_op_BitConcatenate.i5.i4.i1"/></StgValue>
</bind>
</comp>

<comp id="28" class="1001" name="const_28">
<pin_list>
<pin id="29" dir="1" index="0" bw="1" slack="0"/>
</pin_list>
<bind>
<StgValue><ssdm name=""/></StgValue>
</bind>
</comp>

<comp id="30" class="1001" name="const_30">
<pin_list>
<pin id="31" dir="1" index="0" bw="1" slack="0"/>
</pin_list>
<bind>
<StgValue><ssdm name=""/></StgValue>
</bind>
</comp>

<comp id="32" class="1004" name="A_addr_gep_fu_32">
<pin_list>
<pin id="33" dir="0" index="0" bw="32" slack="0"/>
<pin id="34" dir="0" index="1" bw="1" slack="0"/>
<pin id="35" dir="0" index="2" bw="8" slack="0"/>
<pin id="36" dir="1" index="3" bw="7" slack="0"/>
</pin_list>
<bind>
<opcode="getelementptr(29) " fcode="getelementptr"/>
<opset="A_addr/3 "/>
</bind>
</comp>

<comp id="39" class="1004" name="B_addr_gep_fu_39">
<pin_list>
<pin id="40" dir="0" index="0" bw="32" slack="0"/>
<pin id="41" dir="0" index="1" bw="1" slack="0"/>
<pin id="42" dir="0" index="2" bw="8" slack="0"/>
<pin id="43" dir="1" index="3" bw="7" slack="0"/>
</pin_list>
<bind>
<opcode="getelementptr(29) " fcode="getelementptr"/>
<opset="B_addr/3 "/>
</bind>
</comp>

<comp id="46" class="1004" name="grp_access_fu_46">
<pin_list>
<pin id="47" dir="0" index="0" bw="7" slack="0"/>
<pin id="48" dir="0" index="1" bw="32" slack="2147483647"/>
<pin id="49" dir="0" index="2" bw="0" slack="2147483647"/>
<pin id="50" dir="1" index="3" bw="32" slack="0"/>
</pin_list>
<bind>
<opcode="load(27) " fcode="load"/>
<opset="A_load/3 "/>
</bind>
</comp>

<comp id="52" class="1004" name="grp_access_fu_52">
<pin_list>
<pin id="53" dir="0" index="0" bw="7" slack="0"/>
<pin id="54" dir="0" index="1" bw="32" slack="2147483647"/>
<pin id="55" dir="0" index="2" bw="0" slack="2147483647"/>
<pin id="56" dir="1" index="3" bw="32" slack="0"/>
</pin_list>
<bind>
<opcode="load(27) " fcode="load"/>
<opset="B_load/3 "/>
</bind>
</comp>

<comp id="58" class="1004" name="C_addr_gep_fu_58">
<pin_list>
<pin id="59" dir="0" index="0" bw="32" slack="0"/>
<pin id="60" dir="0" index="1" bw="1" slack="0"/>
<pin id="61" dir="0" index="2" bw="8" slack="1"/>
<pin id="62" dir="1" index="3" bw="7" slack="0"/>
</pin_list>
<bind>
<opcode="getelementptr(29) " fcode="getelementptr"/>
<opset="C_addr/4 "/>
</bind>
</comp>

<comp id="65" class="1004" name="store_ln8_access_fu_65">
<pin_list>
<pin id="66" dir="0" index="0" bw="7" slack="0"/>
<pin id="67" dir="0" index="1" bw="32" slack="0"/>
<pin id="68" dir="0" index="2" bw="0" slack="2147483647"/>
<pin id="69" dir="1" index="3" bw="32" slack="2147483647"/>
</pin_list>
<bind>
<opcode="store(28) " fcode="store"/>
<opset="store_ln8/4 "/>
</bind>
</comp>

<comp id="71" class="1005" name="i_0_reg_71">
<pin_list>
<pin id="72" dir="0" index="0" bw="4" slack="1"/>
<pin id="73" dir="1" index="1" bw="4" slack="1"/>
</pin_list>
<bind>
<opset="i_0 (phireg) "/>
</bind>
</comp>

<comp id="75" class="1004" name="i_0_phi_fu_75">
<pin_list>
<pin id="76" dir="0" index="0" bw="1" slack="1"/>
<pin id="77" dir="0" index="1" bw="0" slack="2147483647"/>
<pin id="78" dir="0" index="2" bw="4" slack="0"/>
<pin id="79" dir="0" index="3" bw="0" slack="2147483647"/>
<pin id="80" dir="1" index="4" bw="4" slack="0"/>
</pin_list>
<bind>
<opcode="phi(47) " fcode="phi"/>
<opset="i_0/2 "/>
</bind>
</comp>

<comp id="82" class="1005" name="j_0_reg_82">
<pin_list>
<pin id="83" dir="0" index="0" bw="4" slack="1"/>
<pin id="84" dir="1" index="1" bw="4" slack="1"/>
</pin_list>
<bind>
<opset="j_0 (phireg) "/>
</bind>
</comp>

<comp id="86" class="1004" name="j_0_phi_fu_86">
<pin_list>
<pin id="87" dir="0" index="0" bw="4" slack="0"/>
<pin id="88" dir="0" index="1" bw="0" slack="2147483647"/>
<pin id="89" dir="0" index="2" bw="1" slack="1"/>
<pin id="90" dir="0" index="3" bw="0" slack="2147483647"/>
<pin id="91" dir="1" index="4" bw="4" slack="0"/>
</pin_list>
<bind>
<opcode="phi(47) " fcode="phi"/>
<opset="j_0/3 "/>
</bind>
</comp>

<comp id="93" class="1004" name="icmp_ln6_fu_93">
<pin_list>
<pin id="94" dir="0" index="0" bw="4" slack="0"/>
<pin id="95" dir="0" index="1" bw="4" slack="0"/>
<pin id="96" dir="1" index="2" bw="1" slack="2147483647"/>
</pin_list>
<bind>
<opcode="icmp(45) " fcode="icmp"/>
<opset="icmp_ln6/2 "/>
</bind>
</comp>

<comp id="99" class="1004" name="i_fu_99">
<pin_list>
<pin id="100" dir="0" index="0" bw="4" slack="0"/>
<pin id="101" dir="0" index="1" bw="1" slack="0"/>
<pin id="102" dir="1" index="2" bw="4" slack="0"/>
</pin_list>
<bind>
<opcode="add(8) " fcode="add"/>
<opset="i/2 "/>
</bind>
</comp>

<comp id="105" class="1004" name="tmp_fu_105">
<pin_list>
<pin id="106" dir="0" index="0" bw="7" slack="0"/>
<pin id="107" dir="0" index="1" bw="4" slack="0"/>
<pin id="108" dir="0" index="2" bw="1" slack="0"/>
<pin id="109" dir="1" index="3" bw="7" slack="0"/>
</pin_list>
<bind>
<opcode="bitconcatenate(1004) " fcode="bitconcatenate"/>
<opset="tmp/2 "/>
</bind>
</comp>

<comp id="113" class="1004" name="zext_ln8_fu_113">
<pin_list>
<pin id="114" dir="0" index="0" bw="7" slack="0"/>
<pin id="115" dir="1" index="1" bw="8" slack="0"/>
</pin_list>
<bind>
<opcode="zext(34) " fcode="zext"/>
<opset="zext_ln8/2 "/>
</bind>
</comp>

<comp id="117" class="1004" name="tmp_1_fu_117">
<pin_list>
<pin id="118" dir="0" index="0" bw="5" slack="0"/>
<pin id="119" dir="0" index="1" bw="4" slack="0"/>
<pin id="120" dir="0" index="2" bw="1" slack="0"/>
<pin id="121" dir="1" index="3" bw="5" slack="0"/>
</pin_list>
<bind>
<opcode="bitconcatenate(1004) " fcode="bitconcatenate"/>
<opset="tmp_1/2 "/>
</bind>
</comp>

<comp id="125" class="1004" name="zext_ln8_1_fu_125">
<pin_list>
<pin id="126" dir="0" index="0" bw="5" slack="0"/>
<pin id="127" dir="1" index="1" bw="8" slack="0"/>
</pin_list>
<bind>
<opcode="zext(34) " fcode="zext"/>
<opset="zext_ln8_1/2 "/>
</bind>
</comp>

<comp id="129" class="1004" name="add_ln8_1_fu_129">
<pin_list>
<pin id="130" dir="0" index="0" bw="5" slack="0"/>
<pin id="131" dir="0" index="1" bw="7" slack="0"/>
<pin id="132" dir="1" index="2" bw="8" slack="1"/>
</pin_list>
<bind>
<opcode="add(8) " fcode="add"/>
<opset="add_ln8_1/2 "/>
</bind>
</comp>

<comp id="135" class="1004" name="icmp_ln7_fu_135">
<pin_list>
<pin id="136" dir="0" index="0" bw="4" slack="0"/>
<pin id="137" dir="0" index="1" bw="4" slack="0"/>
<pin id="138" dir="1" index="2" bw="1" slack="2147483647"/>
</pin_list>
<bind>
<opcode="icmp(45) " fcode="icmp"/>
<opset="icmp_ln7/3 "/>
</bind>
</comp>

<comp id="141" class="1004" name="j_fu_141">
<pin_list>
<pin id="142" dir="0" index="0" bw="4" slack="0"/>
<pin id="143" dir="0" index="1" bw="1" slack="0"/>
<pin id="144" dir="1" index="2" bw="4" slack="0"/>
</pin_list>
<bind>
<opcode="add(8) " fcode="add"/>
<opset="j/3 "/>
</bind>
</comp>

<comp id="147" class="1004" name="zext_ln8_2_fu_147">
<pin_list>
<pin id="148" dir="0" index="0" bw="4" slack="0"/>
<pin id="149" dir="1" index="1" bw="8" slack="0"/>
</pin_list>
<bind>
<opcode="zext(34) " fcode="zext"/>
<opset="zext_ln8_2/3 "/>
</bind>
</comp>

<comp id="151" class="1004" name="add_ln8_2_fu_151">
<pin_list>
<pin id="152" dir="0" index="0" bw="8" slack="1"/>
<pin id="153" dir="0" index="1" bw="4" slack="0"/>
<pin id="154" dir="1" index="2" bw="8" slack="0"/>
</pin_list>
<bind>
<opcode="add(8) " fcode="add"/>
<opset="add_ln8_2/3 "/>
</bind>
</comp>

<comp id="156" class="1004" name="zext_ln8_3_fu_156">
<pin_list>
<pin id="157" dir="0" index="0" bw="8" slack="0"/>
<pin id="158" dir="1" index="1" bw="64" slack="0"/>
</pin_list>
<bind>
<opcode="zext(34) " fcode="zext"/>
<opset="zext_ln8_3/3 "/>
</bind>
</comp>

<comp id="162" class="1004" name="add_ln8_fu_162">
<pin_list>
<pin id="163" dir="0" index="0" bw="32" slack="0"/>
<pin id="164" dir="0" index="1" bw="32" slack="0"/>
<pin id="165" dir="1" index="2" bw="32" slack="0"/>
</pin_list>
<bind>
<opcode="add(8) " fcode="add"/>
<opset="add_ln8/4 "/>
</bind>
</comp>

<comp id="172" class="1005" name="i_reg_172">
<pin_list>
<pin id="173" dir="0" index="0" bw="4" slack="0"/>
<pin id="174" dir="1" index="1" bw="4" slack="0"/>
</pin_list>
<bind>
<opset="i "/>
</bind>
</comp>

<comp id="177" class="1005" name="add_ln8_1_reg_177">
<pin_list>
<pin id="178" dir="0" index="0" bw="8" slack="1"/>
<pin id="179" dir="1" index="1" bw="8" slack="1"/>
</pin_list>
<bind>
<opset="add_ln8_1 "/>
</bind>
</comp>

<comp id="185" class="1005" name="j_reg_185">
<pin_list>
<pin id="186" dir="0" index="0" bw="4" slack="0"/>
<pin id="187" dir="1" index="1" bw="4" slack="0"/>
</pin_list>
<bind>
<opset="j "/>
</bind>
</comp>

<comp id="190" class="1005" name="zext_ln8_3_reg_190">
<pin_list>
<pin id="191" dir="0" index="0" bw="64" slack="1"/>
<pin id="192" dir="1" index="1" bw="64" slack="1"/>
</pin_list>
<bind>
<opset="zext_ln8_3 "/>
</bind>
</comp>

<comp id="195" class="1005" name="A_addr_reg_195">
<pin_list>
<pin id="196" dir="0" index="0" bw="7" slack="1"/>
<pin id="197" dir="1" index="1" bw="7" slack="1"/>
</pin_list>
<bind>
<opset="A_addr "/>
</bind>
</comp>

<comp id="200" class="1005" name="B_addr_reg_200">
<pin_list>
<pin id="201" dir="0" index="0" bw="7" slack="1"/>
<pin id="202" dir="1" index="1" bw="7" slack="1"/>
</pin_list>
<bind>
<opset="B_addr "/>
</bind>
</comp>

</comp_list>

<net_list>
<net id="37"><net_src comp="0" pin="0"/><net_sink comp="32" pin=0"/></net>

<net id="38"><net_src comp="30" pin="0"/><net_sink comp="32" pin=1"/></net>

<net id="44"><net_src comp="2" pin="0"/><net_sink comp="39" pin=0"/></net>

<net id="45"><net_src comp="30" pin="0"/><net_sink comp="39" pin=1"/></net>

<net id="51"><net_src comp="32" pin="3"/><net_sink comp="46" pin=0"/></net>

<net id="57"><net_src comp="39" pin="3"/><net_sink comp="52" pin=0"/></net>

<net id="63"><net_src comp="4" pin="0"/><net_sink comp="58" pin=0"/></net>

<net id="64"><net_src comp="30" pin="0"/><net_sink comp="58" pin=1"/></net>

<net id="70"><net_src comp="58" pin="3"/><net_sink comp="65" pin=0"/></net>

<net id="74"><net_src comp="12" pin="0"/><net_sink comp="71" pin=0"/></net>

<net id="81"><net_src comp="71" pin="1"/><net_sink comp="75" pin=0"/></net>

<net id="85"><net_src comp="12" pin="0"/><net_sink comp="82" pin=0"/></net>

<net id="92"><net_src comp="82" pin="1"/><net_sink comp="86" pin=2"/></net>

<net id="97"><net_src comp="75" pin="4"/><net_sink comp="93" pin=0"/></net>

<net id="98"><net_src comp="14" pin="0"/><net_sink comp="93" pin=1"/></net>

<net id="103"><net_src comp="75" pin="4"/><net_sink comp="99" pin=0"/></net>

<net id="104"><net_src comp="20" pin="0"/><net_sink comp="99" pin=1"/></net>

<net id="110"><net_src comp="22" pin="0"/><net_sink comp="105" pin=0"/></net>

<net id="111"><net_src comp="75" pin="4"/><net_sink comp="105" pin=1"/></net>

<net id="112"><net_src comp="24" pin="0"/><net_sink comp="105" pin=2"/></net>

<net id="116"><net_src comp="105" pin="3"/><net_sink comp="113" pin=0"/></net>

<net id="122"><net_src comp="26" pin="0"/><net_sink comp="117" pin=0"/></net>

<net id="123"><net_src comp="75" pin="4"/><net_sink comp="117" pin=1"/></net>

<net id="124"><net_src comp="28" pin="0"/><net_sink comp="117" pin=2"/></net>

<net id="128"><net_src comp="117" pin="3"/><net_sink comp="125" pin=0"/></net>

<net id="133"><net_src comp="125" pin="1"/><net_sink comp="129" pin=0"/></net>

<net id="134"><net_src comp="113" pin="1"/><net_sink comp="129" pin=1"/></net>

<net id="139"><net_src comp="86" pin="4"/><net_sink comp="135" pin=0"/></net>

<net id="140"><net_src comp="14" pin="0"/><net_sink comp="135" pin=1"/></net>

<net id="145"><net_src comp="86" pin="4"/><net_sink comp="141" pin=0"/></net>

<net id="146"><net_src comp="20" pin="0"/><net_sink comp="141" pin=1"/></net>

<net id="150"><net_src comp="86" pin="4"/><net_sink comp="147" pin=0"/></net>

<net id="155"><net_src comp="147" pin="1"/><net_sink comp="151" pin=1"/></net>

<net id="159"><net_src comp="151" pin="2"/><net_sink comp="156" pin=0"/></net>

<net id="160"><net_src comp="156" pin="1"/><net_sink comp="32" pin=2"/></net>

<net id="161"><net_src comp="156" pin="1"/><net_sink comp="39" pin=2"/></net>

<net id="166"><net_src comp="52" pin="3"/><net_sink comp="162" pin=0"/></net>

<net id="167"><net_src comp="46" pin="3"/><net_sink comp="162" pin=1"/></net>

<net id="168"><net_src comp="162" pin="2"/><net_sink comp="65" pin=1"/></net>

<net id="175"><net_src comp="99" pin="2"/><net_sink comp="172" pin=0"/></net>

<net id="176"><net_src comp="172" pin="1"/><net_sink comp="75" pin=2"/></net>

<net id="180"><net_src comp="129" pin="2"/><net_sink comp="177" pin=0"/></net>

<net id="181"><net_src comp="177" pin="1"/><net_sink comp="151" pin=0"/></net>

<net id="188"><net_src comp="141" pin="2"/><net_sink comp="185" pin=0"/></net>

<net id="189"><net_src comp="185" pin="1"/><net_sink comp="86" pin=0"/></net>

<net id="193"><net_src comp="156" pin="1"/><net_sink comp="190" pin=0"/></net>

<net id="194"><net_src comp="190" pin="1"/><net_sink comp="58" pin=2"/></net>

<net id="198"><net_src comp="32" pin="3"/><net_sink comp="195" pin=0"/></net>

<net id="199"><net_src comp="195" pin="1"/><net_sink comp="46" pin=0"/></net>

<net id="203"><net_src comp="39" pin="3"/><net_sink comp="200" pin=0"/></net>

<net id="204"><net_src comp="200" pin="1"/><net_sink comp="52" pin=0"/></net>

</net_list>

</model> 
---------------- Datapath Model END ------------------

* FSMD analyzer results:
  - Output states:
	Port: C | {4 }
 - Input state : 
	Port: matrix_add : A | {3 4 }
	Port: matrix_add : B | {3 4 }
  - Chain level:
	State 1
	State 2
		icmp_ln6 : 1
		i : 1
		br_ln6 : 2
		tmp : 1
		zext_ln8 : 2
		tmp_1 : 1
		zext_ln8_1 : 2
		add_ln8_1 : 3
	State 3
		icmp_ln7 : 1
		j : 1
		br_ln7 : 2
		zext_ln8_2 : 1
		add_ln8_2 : 2
		zext_ln8_3 : 3
		A_addr : 4
		B_addr : 4
		A_load : 5
		B_load : 5
	State 4
		add_ln8 : 1
		store_ln8 : 2


============================================================
+ Verbose Summary: Datapath Resource usage 
============================================================

* Functional unit list:
|----------|-------------------|---------|---------|
| Operation|  Functional Unit  |    FF   |   LUT   |
|----------|-------------------|---------|---------|
|          |      i_fu_99      |    0    |    12   |
|          |  add_ln8_1_fu_129 |    0    |    15   |
|    add   |      j_fu_141     |    0    |    12   |
|          |  add_ln8_2_fu_151 |    0    |    15   |
|          |   add_ln8_fu_162  |    0    |    39   |
|----------|-------------------|---------|---------|
|   icmp   |   icmp_ln6_fu_93  |    0    |    9    |
|          |  icmp_ln7_fu_135  |    0    |    9    |
|----------|-------------------|---------|---------|
|bitconcatenate|     tmp_fu_105    |    0    |    0    |
|          |    tmp_1_fu_117   |    0    |    0    |
|----------|-------------------|---------|---------|
|          |  zext_ln8_fu_113  |    0    |    0    |
|   zext   | zext_ln8_1_fu_125 |    0    |    0    |
|          | zext_ln8_2_fu_147 |    0    |    0    |
|          | zext_ln8_3_fu_156 |    0    |    0    |
|----------|-------------------|---------|---------|
|   Total  |                   |    0    |   111   |
|----------|-------------------|---------|---------|

Memories:
N/A

* Register list:
+------------------+--------+
|                  |   FF   |
+------------------+--------+
|  A_addr_reg_195  |    7   |
|  B_addr_reg_200  |    7   |
| add_ln8_1_reg_177|    8   |
|    i_0_reg_71    |    4   |
|     i_reg_172    |    4   |
|    j_0_reg_82    |    4   |
|     j_reg_185    |    4   |
|zext_ln8_3_reg_190|   64   |
+------------------+--------+
|       Total      |   102  |
+------------------+--------+

* Multiplexer (MUX) list: 
|------------------|------|------|------|--------||---------||---------|
|       Comp       |  Pin | Size |  BW  | S x BW ||  Delay  ||   LUT   |
|------------------|------|------|------|--------||---------||---------|
| grp_access_fu_46 |  p0  |   2  |   7  |   14   ||    9    |
| grp_access_fu_52 |  p0  |   2  |   7  |   14   ||    9    |
|------------------|------|------|------|--------||---------||---------|
|       Total      |      |      |      |   28   ||  1.206  ||    18   |
|------------------|------|------|------|--------||---------||---------|



* Summary:
+-----------+--------+--------+--------+
|           |  Delay |   FF   |   LUT  |
+-----------+--------+--------+--------+
|  Function |    -   |    0   |   111  |
|   Memory  |    -   |    -   |    -   |
|Multiplexer|    1   |    -   |   18   |
|  Register |    -   |   102  |    -   |
+-----------+--------+--------+--------+
|   Total   |    1   |   102  |   129  |
+-----------+--------+--------+--------+
