

================================================================
== Vitis HLS Report for 'q5_cyclic_partition'
================================================================
* Date:           Sun May  3 16:03:15 2026

* Version:        2024.1 (Build 5069499 on May 21 2024)
* Project:        hw4_q5_cyclic_partition
* Solution:       solution1 (Vivado IP Flow Target)
* Product family: virtexuplus
* Target device:  xcvu13p-fsga2577-2-e


================================================================
== Performance Estimates
================================================================
+ Timing: 
    * Summary: 
    +--------+----------+----------+------------+
    |  Clock |  Target  | Estimated| Uncertainty|
    +--------+----------+----------+------------+
    |ap_clk  |  25.00 ns|  5.448 ns|     6.75 ns|
    +--------+----------+----------+------------+

+ Latency: 
    * Summary: 
    +---------+---------+----------+----------+-----+-----+-----------------------------------------------+
    |  Latency (cycles) |  Latency (absolute) |  Interval |                    Pipeline                   |
    |   min   |   max   |    min   |    max   | min | max |                      Type                     |
    +---------+---------+----------+----------+-----+-----+-----------------------------------------------+
    |       18|       18|  0.450 us|  0.450 us|   16|   16|  loop auto-rewind stp(delay=0 clock cycles(s))|
    +---------+---------+----------+----------+-----+-----+-----------------------------------------------+

    + Detail: 
        * Instance: 
        N/A

        * Loop: 
        +--------------------+---------+---------+----------+-----------+-----------+------+----------+
        |                    |  Latency (cycles) | Iteration|  Initiation Interval  | Trip |          |
        |      Loop Name     |   min   |   max   |  Latency |  achieved |   target  | Count| Pipelined|
        +--------------------+---------+---------+----------+-----------+-----------+------+----------+
        |- VITIS_LOOP_117_1  |       16|       16|         2|          1|          1|    16|       yes|
        +--------------------+---------+---------+----------+-----------+-----------+------+----------+

============================================================
+ Verbose Summary: Synthesis Manager
============================================================
InlineROM: 1
ExposeGlobal: 0
============================================================
+ Verbose Summary: CDFG Model
============================================================
IsTopModel: 1
ResetActiveHigh: 1
IsCombinational: 0
IsDatapathOnly: 0
HasWiredReturn: 1
HasMFsm: 2
HasVarLatency: 1
IsPipeline: 0
IsRtlPipelined: 0
IsInstanceOverlapped: 0
IsDontTouch: 0
HasImplIP: 0
IsGatedGlobalClock: 0

+ Individual pipeline summary: 
  * Pipeline-0: initiation interval (II) = 1, depth = 2


============================================================
+ Verbose Summary: Schedule
============================================================
* Number of FSM states : 2
* Pipeline : 1
  Pipeline-0 : II = 1, D = 2, States = { 1 2 }
* Dataflow Pipeline: 0

* FSM state transitions: 
1 --> 2 
2 --> 

* FSM state operations: 

State 1 <SV = 0> <Delay = 1.47>
ST_1 : Operation 5 [1/1] (0.00ns)   --->   "%i1 = alloca i32 1"   --->   Operation 5 'alloca' 'i1' <Predicate = true> <Delay = 0.00>
ST_1 : Operation 6 [1/1] (0.00ns)   --->   "%spectopmodule_ln102 = spectopmodule void @_ssdm_op_SpecTopModule, void @empty_3" [q5_kernel.cpp:102]   --->   Operation 6 'spectopmodule' 'spectopmodule_ln102' <Predicate = true> <Delay = 0.00>
ST_1 : Operation 7 [1/1] (0.00ns)   --->   "%specinterface_ln0 = specinterface void @_ssdm_op_SpecInterface, i32 %A_0, void @empty, i32 0, i32 0, void @empty_0, i32 4294967295, i32 0, void @empty_0, void @empty_0, void @empty_0, i32 0, i32 0, i32 0, i32 0, void @empty_0, void @empty_0, i32 4294967295, i32 0, i32 0"   --->   Operation 7 'specinterface' 'specinterface_ln0' <Predicate = true> <Delay = 0.00>
ST_1 : Operation 8 [1/1] (0.00ns)   --->   "%specbitsmap_ln0 = specbitsmap void @_ssdm_op_SpecBitsMap, i32 %A_0"   --->   Operation 8 'specbitsmap' 'specbitsmap_ln0' <Predicate = true> <Delay = 0.00>
ST_1 : Operation 9 [1/1] (0.00ns)   --->   "%specinterface_ln0 = specinterface void @_ssdm_op_SpecInterface, i32 %A_1, void @empty, i32 0, i32 0, void @empty_0, i32 4294967295, i32 0, void @empty_0, void @empty_0, void @empty_0, i32 0, i32 0, i32 0, i32 0, void @empty_0, void @empty_0, i32 4294967295, i32 0, i32 0"   --->   Operation 9 'specinterface' 'specinterface_ln0' <Predicate = true> <Delay = 0.00>
ST_1 : Operation 10 [1/1] (0.00ns)   --->   "%specbitsmap_ln0 = specbitsmap void @_ssdm_op_SpecBitsMap, i32 %A_1"   --->   Operation 10 'specbitsmap' 'specbitsmap_ln0' <Predicate = true> <Delay = 0.00>
ST_1 : Operation 11 [1/1] (0.00ns)   --->   "%specinterface_ln0 = specinterface void @_ssdm_op_SpecInterface, i32 %A_2, void @empty, i32 0, i32 0, void @empty_0, i32 4294967295, i32 0, void @empty_0, void @empty_0, void @empty_0, i32 0, i32 0, i32 0, i32 0, void @empty_0, void @empty_0, i32 4294967295, i32 0, i32 0"   --->   Operation 11 'specinterface' 'specinterface_ln0' <Predicate = true> <Delay = 0.00>
ST_1 : Operation 12 [1/1] (0.00ns)   --->   "%specbitsmap_ln0 = specbitsmap void @_ssdm_op_SpecBitsMap, i32 %A_2"   --->   Operation 12 'specbitsmap' 'specbitsmap_ln0' <Predicate = true> <Delay = 0.00>
ST_1 : Operation 13 [1/1] (0.00ns)   --->   "%specinterface_ln0 = specinterface void @_ssdm_op_SpecInterface, i32 %A_3, void @empty, i32 0, i32 0, void @empty_0, i32 4294967295, i32 0, void @empty_0, void @empty_0, void @empty_0, i32 0, i32 0, i32 0, i32 0, void @empty_0, void @empty_0, i32 4294967295, i32 0, i32 0"   --->   Operation 13 'specinterface' 'specinterface_ln0' <Predicate = true> <Delay = 0.00>
ST_1 : Operation 14 [1/1] (0.00ns)   --->   "%specbitsmap_ln0 = specbitsmap void @_ssdm_op_SpecBitsMap, i32 %A_3"   --->   Operation 14 'specbitsmap' 'specbitsmap_ln0' <Predicate = true> <Delay = 0.00>
ST_1 : Operation 15 [1/1] (0.00ns)   --->   "%specinterface_ln0 = specinterface void @_ssdm_op_SpecInterface, i32 %B_0, void @empty, i32 0, i32 0, void @empty_0, i32 4294967295, i32 0, void @empty_0, void @empty_0, void @empty_0, i32 0, i32 0, i32 0, i32 0, void @empty_0, void @empty_0, i32 4294967295, i32 0, i32 0"   --->   Operation 15 'specinterface' 'specinterface_ln0' <Predicate = true> <Delay = 0.00>
ST_1 : Operation 16 [1/1] (0.00ns)   --->   "%specbitsmap_ln0 = specbitsmap void @_ssdm_op_SpecBitsMap, i32 %B_0"   --->   Operation 16 'specbitsmap' 'specbitsmap_ln0' <Predicate = true> <Delay = 0.00>
ST_1 : Operation 17 [1/1] (0.00ns)   --->   "%specinterface_ln0 = specinterface void @_ssdm_op_SpecInterface, i32 %B_1, void @empty, i32 0, i32 0, void @empty_0, i32 4294967295, i32 0, void @empty_0, void @empty_0, void @empty_0, i32 0, i32 0, i32 0, i32 0, void @empty_0, void @empty_0, i32 4294967295, i32 0, i32 0"   --->   Operation 17 'specinterface' 'specinterface_ln0' <Predicate = true> <Delay = 0.00>
ST_1 : Operation 18 [1/1] (0.00ns)   --->   "%specbitsmap_ln0 = specbitsmap void @_ssdm_op_SpecBitsMap, i32 %B_1"   --->   Operation 18 'specbitsmap' 'specbitsmap_ln0' <Predicate = true> <Delay = 0.00>
ST_1 : Operation 19 [1/1] (0.00ns)   --->   "%specinterface_ln0 = specinterface void @_ssdm_op_SpecInterface, i32 %B_2, void @empty, i32 0, i32 0, void @empty_0, i32 4294967295, i32 0, void @empty_0, void @empty_0, void @empty_0, i32 0, i32 0, i32 0, i32 0, void @empty_0, void @empty_0, i32 4294967295, i32 0, i32 0"   --->   Operation 19 'specinterface' 'specinterface_ln0' <Predicate = true> <Delay = 0.00>
ST_1 : Operation 20 [1/1] (0.00ns)   --->   "%specbitsmap_ln0 = specbitsmap void @_ssdm_op_SpecBitsMap, i32 %B_2"   --->   Operation 20 'specbitsmap' 'specbitsmap_ln0' <Predicate = true> <Delay = 0.00>
ST_1 : Operation 21 [1/1] (0.00ns)   --->   "%specinterface_ln0 = specinterface void @_ssdm_op_SpecInterface, i32 %B_3, void @empty, i32 0, i32 0, void @empty_0, i32 4294967295, i32 0, void @empty_0, void @empty_0, void @empty_0, i32 0, i32 0, i32 0, i32 0, void @empty_0, void @empty_0, i32 4294967295, i32 0, i32 0"   --->   Operation 21 'specinterface' 'specinterface_ln0' <Predicate = true> <Delay = 0.00>
ST_1 : Operation 22 [1/1] (0.00ns)   --->   "%specbitsmap_ln0 = specbitsmap void @_ssdm_op_SpecBitsMap, i32 %B_3"   --->   Operation 22 'specbitsmap' 'specbitsmap_ln0' <Predicate = true> <Delay = 0.00>
ST_1 : Operation 23 [1/1] (0.00ns)   --->   "%specinterface_ln0 = specinterface void @_ssdm_op_SpecInterface, i32 %C_0, void @empty, i32 0, i32 0, void @empty_0, i32 4294967295, i32 0, void @empty_0, void @empty_0, void @empty_0, i32 0, i32 0, i32 0, i32 0, void @empty_0, void @empty_0, i32 4294967295, i32 0, i32 0"   --->   Operation 23 'specinterface' 'specinterface_ln0' <Predicate = true> <Delay = 0.00>
ST_1 : Operation 24 [1/1] (0.00ns)   --->   "%specbitsmap_ln0 = specbitsmap void @_ssdm_op_SpecBitsMap, i32 %C_0"   --->   Operation 24 'specbitsmap' 'specbitsmap_ln0' <Predicate = true> <Delay = 0.00>
ST_1 : Operation 25 [1/1] (0.00ns)   --->   "%specinterface_ln0 = specinterface void @_ssdm_op_SpecInterface, i32 %C_1, void @empty, i32 0, i32 0, void @empty_0, i32 4294967295, i32 0, void @empty_0, void @empty_0, void @empty_0, i32 0, i32 0, i32 0, i32 0, void @empty_0, void @empty_0, i32 4294967295, i32 0, i32 0"   --->   Operation 25 'specinterface' 'specinterface_ln0' <Predicate = true> <Delay = 0.00>
ST_1 : Operation 26 [1/1] (0.00ns)   --->   "%specbitsmap_ln0 = specbitsmap void @_ssdm_op_SpecBitsMap, i32 %C_1"   --->   Operation 26 'specbitsmap' 'specbitsmap_ln0' <Predicate = true> <Delay = 0.00>
ST_1 : Operation 27 [1/1] (0.00ns)   --->   "%specinterface_ln0 = specinterface void @_ssdm_op_SpecInterface, i32 %C_2, void @empty, i32 0, i32 0, void @empty_0, i32 4294967295, i32 0, void @empty_0, void @empty_0, void @empty_0, i32 0, i32 0, i32 0, i32 0, void @empty_0, void @empty_0, i32 4294967295, i32 0, i32 0"   --->   Operation 27 'specinterface' 'specinterface_ln0' <Predicate = true> <Delay = 0.00>
ST_1 : Operation 28 [1/1] (0.00ns)   --->   "%specbitsmap_ln0 = specbitsmap void @_ssdm_op_SpecBitsMap, i32 %C_2"   --->   Operation 28 'specbitsmap' 'specbitsmap_ln0' <Predicate = true> <Delay = 0.00>
ST_1 : Operation 29 [1/1] (0.00ns)   --->   "%specinterface_ln0 = specinterface void @_ssdm_op_SpecInterface, i32 %C_3, void @empty, i32 0, i32 0, void @empty_0, i32 4294967295, i32 0, void @empty_0, void @empty_0, void @empty_0, i32 0, i32 0, i32 0, i32 0, void @empty_0, void @empty_0, i32 4294967295, i32 0, i32 0"   --->   Operation 29 'specinterface' 'specinterface_ln0' <Predicate = true> <Delay = 0.00>
ST_1 : Operation 30 [1/1] (0.00ns)   --->   "%specbitsmap_ln0 = specbitsmap void @_ssdm_op_SpecBitsMap, i32 %C_3"   --->   Operation 30 'specbitsmap' 'specbitsmap_ln0' <Predicate = true> <Delay = 0.00>
ST_1 : Operation 31 [1/1] (0.00ns)   --->   "%specinterface_ln0 = specinterface void @_ssdm_op_SpecInterface, i32 %D_0, void @empty, i32 0, i32 0, void @empty_0, i32 4294967295, i32 0, void @empty_0, void @empty_0, void @empty_0, i32 0, i32 0, i32 0, i32 0, void @empty_0, void @empty_0, i32 4294967295, i32 0, i32 0"   --->   Operation 31 'specinterface' 'specinterface_ln0' <Predicate = true> <Delay = 0.00>
ST_1 : Operation 32 [1/1] (0.00ns)   --->   "%specbitsmap_ln0 = specbitsmap void @_ssdm_op_SpecBitsMap, i32 %D_0"   --->   Operation 32 'specbitsmap' 'specbitsmap_ln0' <Predicate = true> <Delay = 0.00>
ST_1 : Operation 33 [1/1] (0.00ns)   --->   "%specinterface_ln0 = specinterface void @_ssdm_op_SpecInterface, i32 %D_1, void @empty, i32 0, i32 0, void @empty_0, i32 4294967295, i32 0, void @empty_0, void @empty_0, void @empty_0, i32 0, i32 0, i32 0, i32 0, void @empty_0, void @empty_0, i32 4294967295, i32 0, i32 0"   --->   Operation 33 'specinterface' 'specinterface_ln0' <Predicate = true> <Delay = 0.00>
ST_1 : Operation 34 [1/1] (0.00ns)   --->   "%specbitsmap_ln0 = specbitsmap void @_ssdm_op_SpecBitsMap, i32 %D_1"   --->   Operation 34 'specbitsmap' 'specbitsmap_ln0' <Predicate = true> <Delay = 0.00>
ST_1 : Operation 35 [1/1] (0.00ns)   --->   "%specinterface_ln0 = specinterface void @_ssdm_op_SpecInterface, i32 %D_2, void @empty, i32 0, i32 0, void @empty_0, i32 4294967295, i32 0, void @empty_0, void @empty_0, void @empty_0, i32 0, i32 0, i32 0, i32 0, void @empty_0, void @empty_0, i32 4294967295, i32 0, i32 0"   --->   Operation 35 'specinterface' 'specinterface_ln0' <Predicate = true> <Delay = 0.00>
ST_1 : Operation 36 [1/1] (0.00ns)   --->   "%specbitsmap_ln0 = specbitsmap void @_ssdm_op_SpecBitsMap, i32 %D_2"   --->   Operation 36 'specbitsmap' 'specbitsmap_ln0' <Predicate = true> <Delay = 0.00>
ST_1 : Operation 37 [1/1] (0.00ns)   --->   "%specinterface_ln0 = specinterface void @_ssdm_op_SpecInterface, i32 %D_3, void @empty, i32 0, i32 0, void @empty_0, i32 4294967295, i32 0, void @empty_0, void @empty_0, void @empty_0, i32 0, i32 0, i32 0, i32 0, void @empty_0, void @empty_0, i32 4294967295, i32 0, i32 0"   --->   Operation 37 'specinterface' 'specinterface_ln0' <Predicate = true> <Delay = 0.00>
ST_1 : Operation 38 [1/1] (0.00ns)   --->   "%specbitsmap_ln0 = specbitsmap void @_ssdm_op_SpecBitsMap, i32 %D_3"   --->   Operation 38 'specbitsmap' 'specbitsmap_ln0' <Predicate = true> <Delay = 0.00>
ST_1 : Operation 39 [1/1] (0.00ns)   --->   "%specinterface_ln0 = specinterface void @_ssdm_op_SpecInterface, i32 %E_0, void @empty, i32 0, i32 0, void @empty_0, i32 4294967295, i32 0, void @empty_0, void @empty_0, void @empty_0, i32 0, i32 0, i32 0, i32 0, void @empty_0, void @empty_0, i32 4294967295, i32 0, i32 0"   --->   Operation 39 'specinterface' 'specinterface_ln0' <Predicate = true> <Delay = 0.00>
ST_1 : Operation 40 [1/1] (0.00ns)   --->   "%specbitsmap_ln0 = specbitsmap void @_ssdm_op_SpecBitsMap, i32 %E_0"   --->   Operation 40 'specbitsmap' 'specbitsmap_ln0' <Predicate = true> <Delay = 0.00>
ST_1 : Operation 41 [1/1] (0.00ns)   --->   "%specinterface_ln0 = specinterface void @_ssdm_op_SpecInterface, i32 %E_1, void @empty, i32 0, i32 0, void @empty_0, i32 4294967295, i32 0, void @empty_0, void @empty_0, void @empty_0, i32 0, i32 0, i32 0, i32 0, void @empty_0, void @empty_0, i32 4294967295, i32 0, i32 0"   --->   Operation 41 'specinterface' 'specinterface_ln0' <Predicate = true> <Delay = 0.00>
ST_1 : Operation 42 [1/1] (0.00ns)   --->   "%specbitsmap_ln0 = specbitsmap void @_ssdm_op_SpecBitsMap, i32 %E_1"   --->   Operation 42 'specbitsmap' 'specbitsmap_ln0' <Predicate = true> <Delay = 0.00>
ST_1 : Operation 43 [1/1] (0.00ns)   --->   "%specinterface_ln0 = specinterface void @_ssdm_op_SpecInterface, i32 %E_2, void @empty, i32 0, i32 0, void @empty_0, i32 4294967295, i32 0, void @empty_0, void @empty_0, void @empty_0, i32 0, i32 0, i32 0, i32 0, void @empty_0, void @empty_0, i32 4294967295, i32 0, i32 0"   --->   Operation 43 'specinterface' 'specinterface_ln0' <Predicate = true> <Delay = 0.00>
ST_1 : Operation 44 [1/1] (0.00ns)   --->   "%specbitsmap_ln0 = specbitsmap void @_ssdm_op_SpecBitsMap, i32 %E_2"   --->   Operation 44 'specbitsmap' 'specbitsmap_ln0' <Predicate = true> <Delay = 0.00>
ST_1 : Operation 45 [1/1] (0.00ns)   --->   "%specinterface_ln0 = specinterface void @_ssdm_op_SpecInterface, i32 %E_3, void @empty, i32 0, i32 0, void @empty_0, i32 4294967295, i32 0, void @empty_0, void @empty_0, void @empty_0, i32 0, i32 0, i32 0, i32 0, void @empty_0, void @empty_0, i32 4294967295, i32 0, i32 0"   --->   Operation 45 'specinterface' 'specinterface_ln0' <Predicate = true> <Delay = 0.00>
ST_1 : Operation 46 [1/1] (0.00ns)   --->   "%specbitsmap_ln0 = specbitsmap void @_ssdm_op_SpecBitsMap, i32 %E_3"   --->   Operation 46 'specbitsmap' 'specbitsmap_ln0' <Predicate = true> <Delay = 0.00>
ST_1 : Operation 47 [1/1] (0.00ns)   --->   "%specinterface_ln0 = specinterface void @_ssdm_op_SpecInterface, i32 0, void @empty_1, i32 0, i32 0, void @empty_0, i32 0, i32 0, void @empty_2, void @empty_0, void @empty_0, i32 0, i32 0, i32 0, i32 0, void @empty_0, void @empty_0, i32 4294967295, i32 0, i32 0"   --->   Operation 47 'specinterface' 'specinterface_ln0' <Predicate = true> <Delay = 0.00>
ST_1 : Operation 48 [1/1] (0.38ns)   --->   "%store_ln0 = store i7 0, i7 %i1"   --->   Operation 48 'store' 'store_ln0' <Predicate = true> <Delay = 0.38>
ST_1 : Operation 49 [1/1] (0.00ns)   --->   "%br_ln117 = br void %for.inc.split" [q5_kernel.cpp:117]   --->   Operation 49 'br' 'br_ln117' <Predicate = true> <Delay = 0.00>
ST_1 : Operation 50 [1/1] (0.00ns)   --->   "%i1_load = load i7 %i1" [q5_kernel.cpp:117]   --->   Operation 50 'load' 'i1_load' <Predicate = true> <Delay = 0.00>
ST_1 : Operation 51 [1/1] (0.00ns)   --->   "%lshr_ln = partselect i4 @_ssdm_op_PartSelect.i4.i7.i32.i32, i7 %i1_load, i32 2, i32 5" [q5_kernel.cpp:117]   --->   Operation 51 'partselect' 'lshr_ln' <Predicate = true> <Delay = 0.00>
ST_1 : Operation 52 [1/1] (0.00ns)   --->   "%zext_ln117 = zext i4 %lshr_ln" [q5_kernel.cpp:117]   --->   Operation 52 'zext' 'zext_ln117' <Predicate = true> <Delay = 0.00>
ST_1 : Operation 53 [1/1] (0.00ns)   --->   "%A_0_addr = getelementptr i32 %A_0, i64 0, i64 %zext_ln117" [q5_kernel.cpp:120]   --->   Operation 53 'getelementptr' 'A_0_addr' <Predicate = true> <Delay = 0.00>
ST_1 : Operation 54 [2/2] (0.69ns)   --->   "%A_0_load = load i4 %A_0_addr" [q5_kernel.cpp:120]   --->   Operation 54 'load' 'A_0_load' <Predicate = true> <Delay = 0.69> <CoreInst = "RAM">   --->   Core 82 'RAM' <Latency = 1> <II = 1> <Delay = 0.69> <Storage> <Opcode : 'load' 'store'> <Ports = 2> <Width = 32> <Depth = 16> <RAM>
ST_1 : Operation 55 [1/1] (0.00ns)   --->   "%B_0_addr = getelementptr i32 %B_0, i64 0, i64 %zext_ln117" [q5_kernel.cpp:120]   --->   Operation 55 'getelementptr' 'B_0_addr' <Predicate = true> <Delay = 0.00>
ST_1 : Operation 56 [2/2] (0.69ns)   --->   "%B_0_load = load i4 %B_0_addr" [q5_kernel.cpp:120]   --->   Operation 56 'load' 'B_0_load' <Predicate = true> <Delay = 0.69> <CoreInst = "RAM">   --->   Core 82 'RAM' <Latency = 1> <II = 1> <Delay = 0.69> <Storage> <Opcode : 'load' 'store'> <Ports = 2> <Width = 32> <Depth = 16> <RAM>
ST_1 : Operation 57 [1/1] (0.00ns)   --->   "%A_1_addr = getelementptr i32 %A_1, i64 0, i64 %zext_ln117" [q5_kernel.cpp:120]   --->   Operation 57 'getelementptr' 'A_1_addr' <Predicate = true> <Delay = 0.00>
ST_1 : Operation 58 [2/2] (0.69ns)   --->   "%A_1_load = load i4 %A_1_addr" [q5_kernel.cpp:120]   --->   Operation 58 'load' 'A_1_load' <Predicate = true> <Delay = 0.69> <CoreInst = "RAM">   --->   Core 82 'RAM' <Latency = 1> <II = 1> <Delay = 0.69> <Storage> <Opcode : 'load' 'store'> <Ports = 2> <Width = 32> <Depth = 16> <RAM>
ST_1 : Operation 59 [1/1] (0.00ns)   --->   "%A_2_addr = getelementptr i32 %A_2, i64 0, i64 %zext_ln117" [q5_kernel.cpp:120]   --->   Operation 59 'getelementptr' 'A_2_addr' <Predicate = true> <Delay = 0.00>
ST_1 : Operation 60 [2/2] (0.69ns)   --->   "%A_2_load = load i4 %A_2_addr" [q5_kernel.cpp:120]   --->   Operation 60 'load' 'A_2_load' <Predicate = true> <Delay = 0.69> <CoreInst = "RAM">   --->   Core 82 'RAM' <Latency = 1> <II = 1> <Delay = 0.69> <Storage> <Opcode : 'load' 'store'> <Ports = 2> <Width = 32> <Depth = 16> <RAM>
ST_1 : Operation 61 [1/1] (0.00ns)   --->   "%A_3_addr = getelementptr i32 %A_3, i64 0, i64 %zext_ln117" [q5_kernel.cpp:120]   --->   Operation 61 'getelementptr' 'A_3_addr' <Predicate = true> <Delay = 0.00>
ST_1 : Operation 62 [2/2] (0.69ns)   --->   "%A_3_load = load i4 %A_3_addr" [q5_kernel.cpp:120]   --->   Operation 62 'load' 'A_3_load' <Predicate = true> <Delay = 0.69> <CoreInst = "RAM">   --->   Core 82 'RAM' <Latency = 1> <II = 1> <Delay = 0.69> <Storage> <Opcode : 'load' 'store'> <Ports = 2> <Width = 32> <Depth = 16> <RAM>
ST_1 : Operation 63 [1/1] (0.00ns)   --->   "%B_1_addr = getelementptr i32 %B_1, i64 0, i64 %zext_ln117" [q5_kernel.cpp:120]   --->   Operation 63 'getelementptr' 'B_1_addr' <Predicate = true> <Delay = 0.00>
ST_1 : Operation 64 [2/2] (0.69ns)   --->   "%B_1_load = load i4 %B_1_addr" [q5_kernel.cpp:120]   --->   Operation 64 'load' 'B_1_load' <Predicate = true> <Delay = 0.69> <CoreInst = "RAM">   --->   Core 82 'RAM' <Latency = 1> <II = 1> <Delay = 0.69> <Storage> <Opcode : 'load' 'store'> <Ports = 2> <Width = 32> <Depth = 16> <RAM>
ST_1 : Operation 65 [1/1] (0.00ns)   --->   "%B_2_addr = getelementptr i32 %B_2, i64 0, i64 %zext_ln117" [q5_kernel.cpp:120]   --->   Operation 65 'getelementptr' 'B_2_addr' <Predicate = true> <Delay = 0.00>
ST_1 : Operation 66 [2/2] (0.69ns)   --->   "%B_2_load = load i4 %B_2_addr" [q5_kernel.cpp:120]   --->   Operation 66 'load' 'B_2_load' <Predicate = true> <Delay = 0.69> <CoreInst = "RAM">   --->   Core 82 'RAM' <Latency = 1> <II = 1> <Delay = 0.69> <Storage> <Opcode : 'load' 'store'> <Ports = 2> <Width = 32> <Depth = 16> <RAM>
ST_1 : Operation 67 [1/1] (0.00ns)   --->   "%B_3_addr = getelementptr i32 %B_3, i64 0, i64 %zext_ln117" [q5_kernel.cpp:120]   --->   Operation 67 'getelementptr' 'B_3_addr' <Predicate = true> <Delay = 0.00>
ST_1 : Operation 68 [2/2] (0.69ns)   --->   "%B_3_load = load i4 %B_3_addr" [q5_kernel.cpp:120]   --->   Operation 68 'load' 'B_3_load' <Predicate = true> <Delay = 0.69> <CoreInst = "RAM">   --->   Core 82 'RAM' <Latency = 1> <II = 1> <Delay = 0.69> <Storage> <Opcode : 'load' 'store'> <Ports = 2> <Width = 32> <Depth = 16> <RAM>
ST_1 : Operation 69 [1/1] (0.70ns)   --->   "%i = add i7 %i1_load, i7 4" [q5_kernel.cpp:117]   --->   Operation 69 'add' 'i' <Predicate = true> <Delay = 0.70> <CoreInst = "Adder">   --->   Core 1 'Adder' <Latency = 0> <II = 1> <Delay = 0.70> <FuncUnit> <Opcode : 'add' 'sub'> <InPorts = 2> <OutPorts = 1>
ST_1 : Operation 70 [1/1] (0.00ns)   --->   "%tmp = bitselect i1 @_ssdm_op_BitSelect.i1.i7.i32, i7 %i, i32 6" [q5_kernel.cpp:117]   --->   Operation 70 'bitselect' 'tmp' <Predicate = true> <Delay = 0.00>
ST_1 : Operation 71 [1/1] (0.38ns)   --->   "%store_ln117 = store i7 %i, i7 %i1" [q5_kernel.cpp:117]   --->   Operation 71 'store' 'store_ln117' <Predicate = true> <Delay = 0.38>
ST_1 : Operation 72 [1/1] (0.00ns)   --->   "%br_ln117 = br i1 %tmp, void %for.inc.split, void %for.end" [q5_kernel.cpp:117]   --->   Operation 72 'br' 'br_ln117' <Predicate = true> <Delay = 0.00>

State 2 <SV = 1> <Delay = 5.44>
ST_2 : Operation 73 [1/1] (0.00ns)   --->   "%specpipeline_ln118 = specpipeline void @_ssdm_op_SpecPipeline, i32 1, i32 0, i32 0, i32 0, void @empty_0" [q5_kernel.cpp:118]   --->   Operation 73 'specpipeline' 'specpipeline_ln118' <Predicate = true> <Delay = 0.00>
ST_2 : Operation 74 [1/1] (0.00ns)   --->   "%speclooptripcount_ln117 = speclooptripcount void @_ssdm_op_SpecLoopTripCount, i64 16, i64 16, i64 16" [q5_kernel.cpp:117]   --->   Operation 74 'speclooptripcount' 'speclooptripcount_ln117' <Predicate = true> <Delay = 0.00>
ST_2 : Operation 75 [1/1] (0.00ns)   --->   "%specloopname_ln117 = specloopname void @_ssdm_op_SpecLoopName, void @empty_4" [q5_kernel.cpp:117]   --->   Operation 75 'specloopname' 'specloopname_ln117' <Predicate = true> <Delay = 0.00>
ST_2 : Operation 76 [1/2] (0.69ns)   --->   "%A_0_load = load i4 %A_0_addr" [q5_kernel.cpp:120]   --->   Operation 76 'load' 'A_0_load' <Predicate = true> <Delay = 0.69> <CoreInst = "RAM">   --->   Core 82 'RAM' <Latency = 1> <II = 1> <Delay = 0.69> <Storage> <Opcode : 'load' 'store'> <Ports = 2> <Width = 32> <Depth = 16> <RAM>
ST_2 : Operation 77 [1/2] (0.69ns)   --->   "%B_0_load = load i4 %B_0_addr" [q5_kernel.cpp:120]   --->   Operation 77 'load' 'B_0_load' <Predicate = true> <Delay = 0.69> <CoreInst = "RAM">   --->   Core 82 'RAM' <Latency = 1> <II = 1> <Delay = 0.69> <Storage> <Opcode : 'load' 'store'> <Ports = 2> <Width = 32> <Depth = 16> <RAM>
ST_2 : Operation 78 [1/1] (0.88ns)   --->   "%sum = add i32 %B_0_load, i32 %A_0_load" [q5_kernel.cpp:120]   --->   Operation 78 'add' 'sum' <Predicate = true> <Delay = 0.88> <CoreInst = "Adder">   --->   Core 1 'Adder' <Latency = 0> <II = 1> <Delay = 0.88> <FuncUnit> <Opcode : 'add' 'sub'> <InPorts = 2> <OutPorts = 1>
ST_2 : Operation 79 [1/1] (0.88ns)   --->   "%diff = sub i32 %A_0_load, i32 %B_0_load" [q5_kernel.cpp:121]   --->   Operation 79 'sub' 'diff' <Predicate = true> <Delay = 0.88> <CoreInst = "Adder">   --->   Core 1 'Adder' <Latency = 0> <II = 1> <Delay = 0.88> <FuncUnit> <Opcode : 'add' 'sub'> <InPorts = 2> <OutPorts = 1>
ST_2 : Operation 80 [1/1] (3.17ns)   --->   "%mul_ln124 = mul i32 %B_0_load, i32 %A_0_load" [q5_kernel.cpp:124]   --->   Operation 80 'mul' 'mul_ln124' <Predicate = true> <Delay = 3.17> <CoreInst = "Multiplier">   --->   Core 3 'Multiplier' <Latency = 0> <II = 1> <Delay = 3.17> <FuncUnit> <Opcode : 'mul'> <InPorts = 2> <OutPorts = 1>
ST_2 : Operation 81 [1/1] (3.17ns)   --->   "%mul_ln125 = mul i32 %sum, i32 %diff" [q5_kernel.cpp:125]   --->   Operation 81 'mul' 'mul_ln125' <Predicate = true> <Delay = 3.17> <CoreInst = "Multiplier">   --->   Core 3 'Multiplier' <Latency = 0> <II = 1> <Delay = 3.17> <FuncUnit> <Opcode : 'mul'> <InPorts = 2> <OutPorts = 1>
ST_2 : Operation 82 [1/2] (0.69ns)   --->   "%A_1_load = load i4 %A_1_addr" [q5_kernel.cpp:120]   --->   Operation 82 'load' 'A_1_load' <Predicate = true> <Delay = 0.69> <CoreInst = "RAM">   --->   Core 82 'RAM' <Latency = 1> <II = 1> <Delay = 0.69> <Storage> <Opcode : 'load' 'store'> <Ports = 2> <Width = 32> <Depth = 16> <RAM>
ST_2 : Operation 83 [1/2] (0.69ns)   --->   "%A_2_load = load i4 %A_2_addr" [q5_kernel.cpp:120]   --->   Operation 83 'load' 'A_2_load' <Predicate = true> <Delay = 0.69> <CoreInst = "RAM">   --->   Core 82 'RAM' <Latency = 1> <II = 1> <Delay = 0.69> <Storage> <Opcode : 'load' 'store'> <Ports = 2> <Width = 32> <Depth = 16> <RAM>
ST_2 : Operation 84 [1/2] (0.69ns)   --->   "%A_3_load = load i4 %A_3_addr" [q5_kernel.cpp:120]   --->   Operation 84 'load' 'A_3_load' <Predicate = true> <Delay = 0.69> <CoreInst = "RAM">   --->   Core 82 'RAM' <Latency = 1> <II = 1> <Delay = 0.69> <Storage> <Opcode : 'load' 'store'> <Ports = 2> <Width = 32> <Depth = 16> <RAM>
ST_2 : Operation 85 [1/2] (0.69ns)   --->   "%B_1_load = load i4 %B_1_addr" [q5_kernel.cpp:120]   --->   Operation 85 'load' 'B_1_load' <Predicate = true> <Delay = 0.69> <CoreInst = "RAM">   --->   Core 82 'RAM' <Latency = 1> <II = 1> <Delay = 0.69> <Storage> <Opcode : 'load' 'store'> <Ports = 2> <Width = 32> <Depth = 16> <RAM>
ST_2 : Operation 86 [1/1] (0.88ns)   --->   "%sum_4 = add i32 %B_1_load, i32 %A_1_load" [q5_kernel.cpp:120]   --->   Operation 86 'add' 'sum_4' <Predicate = true> <Delay = 0.88> <CoreInst = "Adder">   --->   Core 1 'Adder' <Latency = 0> <II = 1> <Delay = 0.88> <FuncUnit> <Opcode : 'add' 'sub'> <InPorts = 2> <OutPorts = 1>
ST_2 : Operation 87 [1/1] (0.88ns)   --->   "%diff_4 = sub i32 %A_1_load, i32 %B_1_load" [q5_kernel.cpp:121]   --->   Operation 87 'sub' 'diff_4' <Predicate = true> <Delay = 0.88> <CoreInst = "Adder">   --->   Core 1 'Adder' <Latency = 0> <II = 1> <Delay = 0.88> <FuncUnit> <Opcode : 'add' 'sub'> <InPorts = 2> <OutPorts = 1>
ST_2 : Operation 88 [1/1] (3.17ns)   --->   "%mul_ln124_1 = mul i32 %B_1_load, i32 %A_1_load" [q5_kernel.cpp:124]   --->   Operation 88 'mul' 'mul_ln124_1' <Predicate = true> <Delay = 3.17> <CoreInst = "Multiplier">   --->   Core 3 'Multiplier' <Latency = 0> <II = 1> <Delay = 3.17> <FuncUnit> <Opcode : 'mul'> <InPorts = 2> <OutPorts = 1>
ST_2 : Operation 89 [1/1] (3.17ns)   --->   "%mul_ln125_1 = mul i32 %sum_4, i32 %diff_4" [q5_kernel.cpp:125]   --->   Operation 89 'mul' 'mul_ln125_1' <Predicate = true> <Delay = 3.17> <CoreInst = "Multiplier">   --->   Core 3 'Multiplier' <Latency = 0> <II = 1> <Delay = 3.17> <FuncUnit> <Opcode : 'mul'> <InPorts = 2> <OutPorts = 1>
ST_2 : Operation 90 [1/2] (0.69ns)   --->   "%B_2_load = load i4 %B_2_addr" [q5_kernel.cpp:120]   --->   Operation 90 'load' 'B_2_load' <Predicate = true> <Delay = 0.69> <CoreInst = "RAM">   --->   Core 82 'RAM' <Latency = 1> <II = 1> <Delay = 0.69> <Storage> <Opcode : 'load' 'store'> <Ports = 2> <Width = 32> <Depth = 16> <RAM>
ST_2 : Operation 91 [1/1] (0.88ns)   --->   "%sum_5 = add i32 %B_2_load, i32 %A_2_load" [q5_kernel.cpp:120]   --->   Operation 91 'add' 'sum_5' <Predicate = true> <Delay = 0.88> <CoreInst = "Adder">   --->   Core 1 'Adder' <Latency = 0> <II = 1> <Delay = 0.88> <FuncUnit> <Opcode : 'add' 'sub'> <InPorts = 2> <OutPorts = 1>
ST_2 : Operation 92 [1/1] (0.88ns)   --->   "%diff_5 = sub i32 %A_2_load, i32 %B_2_load" [q5_kernel.cpp:121]   --->   Operation 92 'sub' 'diff_5' <Predicate = true> <Delay = 0.88> <CoreInst = "Adder">   --->   Core 1 'Adder' <Latency = 0> <II = 1> <Delay = 0.88> <FuncUnit> <Opcode : 'add' 'sub'> <InPorts = 2> <OutPorts = 1>
ST_2 : Operation 93 [1/1] (3.17ns)   --->   "%mul_ln124_2 = mul i32 %B_2_load, i32 %A_2_load" [q5_kernel.cpp:124]   --->   Operation 93 'mul' 'mul_ln124_2' <Predicate = true> <Delay = 3.17> <CoreInst = "Multiplier">   --->   Core 3 'Multiplier' <Latency = 0> <II = 1> <Delay = 3.17> <FuncUnit> <Opcode : 'mul'> <InPorts = 2> <OutPorts = 1>
ST_2 : Operation 94 [1/1] (3.17ns)   --->   "%mul_ln125_2 = mul i32 %sum_5, i32 %diff_5" [q5_kernel.cpp:125]   --->   Operation 94 'mul' 'mul_ln125_2' <Predicate = true> <Delay = 3.17> <CoreInst = "Multiplier">   --->   Core 3 'Multiplier' <Latency = 0> <II = 1> <Delay = 3.17> <FuncUnit> <Opcode : 'mul'> <InPorts = 2> <OutPorts = 1>
ST_2 : Operation 95 [1/2] (0.69ns)   --->   "%B_3_load = load i4 %B_3_addr" [q5_kernel.cpp:120]   --->   Operation 95 'load' 'B_3_load' <Predicate = true> <Delay = 0.69> <CoreInst = "RAM">   --->   Core 82 'RAM' <Latency = 1> <II = 1> <Delay = 0.69> <Storage> <Opcode : 'load' 'store'> <Ports = 2> <Width = 32> <Depth = 16> <RAM>
ST_2 : Operation 96 [1/1] (0.88ns)   --->   "%sum_3 = add i32 %B_3_load, i32 %A_3_load" [q5_kernel.cpp:120]   --->   Operation 96 'add' 'sum_3' <Predicate = true> <Delay = 0.88> <CoreInst = "Adder">   --->   Core 1 'Adder' <Latency = 0> <II = 1> <Delay = 0.88> <FuncUnit> <Opcode : 'add' 'sub'> <InPorts = 2> <OutPorts = 1>
ST_2 : Operation 97 [1/1] (0.88ns)   --->   "%diff_3 = sub i32 %A_3_load, i32 %B_3_load" [q5_kernel.cpp:121]   --->   Operation 97 'sub' 'diff_3' <Predicate = true> <Delay = 0.88> <CoreInst = "Adder">   --->   Core 1 'Adder' <Latency = 0> <II = 1> <Delay = 0.88> <FuncUnit> <Opcode : 'add' 'sub'> <InPorts = 2> <OutPorts = 1>
ST_2 : Operation 98 [1/1] (0.00ns)   --->   "%C_0_addr = getelementptr i32 %C_0, i64 0, i64 %zext_ln117" [q5_kernel.cpp:123]   --->   Operation 98 'getelementptr' 'C_0_addr' <Predicate = true> <Delay = 0.00>
ST_2 : Operation 99 [1/1] (0.69ns)   --->   "%store_ln123 = store i32 %sum, i4 %C_0_addr" [q5_kernel.cpp:123]   --->   Operation 99 'store' 'store_ln123' <Predicate = true> <Delay = 0.69> <CoreInst = "RAM">   --->   Core 82 'RAM' <Latency = 1> <II = 1> <Delay = 0.69> <Storage> <Opcode : 'load' 'store'> <Ports = 2> <Width = 32> <Depth = 16> <RAM>
ST_2 : Operation 100 [1/1] (0.00ns)   --->   "%C_1_addr = getelementptr i32 %C_1, i64 0, i64 %zext_ln117" [q5_kernel.cpp:123]   --->   Operation 100 'getelementptr' 'C_1_addr' <Predicate = true> <Delay = 0.00>
ST_2 : Operation 101 [1/1] (0.69ns)   --->   "%store_ln123 = store i32 %sum_4, i4 %C_1_addr" [q5_kernel.cpp:123]   --->   Operation 101 'store' 'store_ln123' <Predicate = true> <Delay = 0.69> <CoreInst = "RAM">   --->   Core 82 'RAM' <Latency = 1> <II = 1> <Delay = 0.69> <Storage> <Opcode : 'load' 'store'> <Ports = 2> <Width = 32> <Depth = 16> <RAM>
ST_2 : Operation 102 [1/1] (0.00ns)   --->   "%C_2_addr = getelementptr i32 %C_2, i64 0, i64 %zext_ln117" [q5_kernel.cpp:123]   --->   Operation 102 'getelementptr' 'C_2_addr' <Predicate = true> <Delay = 0.00>
ST_2 : Operation 103 [1/1] (0.69ns)   --->   "%store_ln123 = store i32 %sum_5, i4 %C_2_addr" [q5_kernel.cpp:123]   --->   Operation 103 'store' 'store_ln123' <Predicate = true> <Delay = 0.69> <CoreInst = "RAM">   --->   Core 82 'RAM' <Latency = 1> <II = 1> <Delay = 0.69> <Storage> <Opcode : 'load' 'store'> <Ports = 2> <Width = 32> <Depth = 16> <RAM>
ST_2 : Operation 104 [1/1] (0.00ns)   --->   "%C_3_addr = getelementptr i32 %C_3, i64 0, i64 %zext_ln117" [q5_kernel.cpp:123]   --->   Operation 104 'getelementptr' 'C_3_addr' <Predicate = true> <Delay = 0.00>
ST_2 : Operation 105 [1/1] (0.69ns)   --->   "%store_ln123 = store i32 %sum_3, i4 %C_3_addr" [q5_kernel.cpp:123]   --->   Operation 105 'store' 'store_ln123' <Predicate = true> <Delay = 0.69> <CoreInst = "RAM">   --->   Core 82 'RAM' <Latency = 1> <II = 1> <Delay = 0.69> <Storage> <Opcode : 'load' 'store'> <Ports = 2> <Width = 32> <Depth = 16> <RAM>
ST_2 : Operation 106 [1/1] (3.17ns)   --->   "%mul_ln124_3 = mul i32 %B_3_load, i32 %A_3_load" [q5_kernel.cpp:124]   --->   Operation 106 'mul' 'mul_ln124_3' <Predicate = true> <Delay = 3.17> <CoreInst = "Multiplier">   --->   Core 3 'Multiplier' <Latency = 0> <II = 1> <Delay = 3.17> <FuncUnit> <Opcode : 'mul'> <InPorts = 2> <OutPorts = 1>
ST_2 : Operation 107 [1/1] (0.00ns)   --->   "%D_0_addr = getelementptr i32 %D_0, i64 0, i64 %zext_ln117" [q5_kernel.cpp:124]   --->   Operation 107 'getelementptr' 'D_0_addr' <Predicate = true> <Delay = 0.00>
ST_2 : Operation 108 [1/1] (0.69ns)   --->   "%store_ln124 = store i32 %mul_ln124, i4 %D_0_addr" [q5_kernel.cpp:124]   --->   Operation 108 'store' 'store_ln124' <Predicate = true> <Delay = 0.69> <CoreInst = "RAM">   --->   Core 82 'RAM' <Latency = 1> <II = 1> <Delay = 0.69> <Storage> <Opcode : 'load' 'store'> <Ports = 2> <Width = 32> <Depth = 16> <RAM>
ST_2 : Operation 109 [1/1] (0.00ns)   --->   "%D_1_addr = getelementptr i32 %D_1, i64 0, i64 %zext_ln117" [q5_kernel.cpp:124]   --->   Operation 109 'getelementptr' 'D_1_addr' <Predicate = true> <Delay = 0.00>
ST_2 : Operation 110 [1/1] (0.69ns)   --->   "%store_ln124 = store i32 %mul_ln124_1, i4 %D_1_addr" [q5_kernel.cpp:124]   --->   Operation 110 'store' 'store_ln124' <Predicate = true> <Delay = 0.69> <CoreInst = "RAM">   --->   Core 82 'RAM' <Latency = 1> <II = 1> <Delay = 0.69> <Storage> <Opcode : 'load' 'store'> <Ports = 2> <Width = 32> <Depth = 16> <RAM>
ST_2 : Operation 111 [1/1] (0.00ns)   --->   "%D_2_addr = getelementptr i32 %D_2, i64 0, i64 %zext_ln117" [q5_kernel.cpp:124]   --->   Operation 111 'getelementptr' 'D_2_addr' <Predicate = true> <Delay = 0.00>
ST_2 : Operation 112 [1/1] (0.69ns)   --->   "%store_ln124 = store i32 %mul_ln124_2, i4 %D_2_addr" [q5_kernel.cpp:124]   --->   Operation 112 'store' 'store_ln124' <Predicate = true> <Delay = 0.69> <CoreInst = "RAM">   --->   Core 82 'RAM' <Latency = 1> <II = 1> <Delay = 0.69> <Storage> <Opcode : 'load' 'store'> <Ports = 2> <Width = 32> <Depth = 16> <RAM>
ST_2 : Operation 113 [1/1] (0.00ns)   --->   "%D_3_addr = getelementptr i32 %D_3, i64 0, i64 %zext_ln117" [q5_kernel.cpp:124]   --->   Operation 113 'getelementptr' 'D_3_addr' <Predicate = true> <Delay = 0.00>
ST_2 : Operation 114 [1/1] (0.69ns)   --->   "%store_ln124 = store i32 %mul_ln124_3, i4 %D_3_addr" [q5_kernel.cpp:124]   --->   Operation 114 'store' 'store_ln124' <Predicate = true> <Delay = 0.69> <CoreInst = "RAM">   --->   Core 82 'RAM' <Latency = 1> <II = 1> <Delay = 0.69> <Storage> <Opcode : 'load' 'store'> <Ports = 2> <Width = 32> <Depth = 16> <RAM>
ST_2 : Operation 115 [1/1] (3.17ns)   --->   "%mul_ln125_3 = mul i32 %sum_3, i32 %diff_3" [q5_kernel.cpp:125]   --->   Operation 115 'mul' 'mul_ln125_3' <Predicate = true> <Delay = 3.17> <CoreInst = "Multiplier">   --->   Core 3 'Multiplier' <Latency = 0> <II = 1> <Delay = 3.17> <FuncUnit> <Opcode : 'mul'> <InPorts = 2> <OutPorts = 1>
ST_2 : Operation 116 [1/1] (0.00ns)   --->   "%E_0_addr = getelementptr i32 %E_0, i64 0, i64 %zext_ln117" [q5_kernel.cpp:125]   --->   Operation 116 'getelementptr' 'E_0_addr' <Predicate = true> <Delay = 0.00>
ST_2 : Operation 117 [1/1] (0.69ns)   --->   "%store_ln125 = store i32 %mul_ln125, i4 %E_0_addr" [q5_kernel.cpp:125]   --->   Operation 117 'store' 'store_ln125' <Predicate = true> <Delay = 0.69> <CoreInst = "RAM">   --->   Core 82 'RAM' <Latency = 1> <II = 1> <Delay = 0.69> <Storage> <Opcode : 'load' 'store'> <Ports = 2> <Width = 32> <Depth = 16> <RAM>
ST_2 : Operation 118 [1/1] (0.00ns)   --->   "%E_1_addr = getelementptr i32 %E_1, i64 0, i64 %zext_ln117" [q5_kernel.cpp:125]   --->   Operation 118 'getelementptr' 'E_1_addr' <Predicate = true> <Delay = 0.00>
ST_2 : Operation 119 [1/1] (0.69ns)   --->   "%store_ln125 = store i32 %mul_ln125_1, i4 %E_1_addr" [q5_kernel.cpp:125]   --->   Operation 119 'store' 'store_ln125' <Predicate = true> <Delay = 0.69> <CoreInst = "RAM">   --->   Core 82 'RAM' <Latency = 1> <II = 1> <Delay = 0.69> <Storage> <Opcode : 'load' 'store'> <Ports = 2> <Width = 32> <Depth = 16> <RAM>
ST_2 : Operation 120 [1/1] (0.00ns)   --->   "%E_2_addr = getelementptr i32 %E_2, i64 0, i64 %zext_ln117" [q5_kernel.cpp:125]   --->   Operation 120 'getelementptr' 'E_2_addr' <Predicate = true> <Delay = 0.00>
ST_2 : Operation 121 [1/1] (0.69ns)   --->   "%store_ln125 = store i32 %mul_ln125_2, i4 %E_2_addr" [q5_kernel.cpp:125]   --->   Operation 121 'store' 'store_ln125' <Predicate = true> <Delay = 0.69> <CoreInst = "RAM">   --->   Core 82 'RAM' <Latency = 1> <II = 1> <Delay = 0.69> <Storage> <Opcode : 'load' 'store'> <Ports = 2> <Width = 32> <Depth = 16> <RAM>
ST_2 : Operation 122 [1/1] (0.00ns)   --->   "%E_3_addr = getelementptr i32 %E_3, i64 0, i64 %zext_ln117" [q5_kernel.cpp:125]   --->   Operation 122 'getelementptr' 'E_3_addr' <Predicate = true> <Delay = 0.00>
ST_2 : Operation 123 [1/1] (0.69ns)   --->   "%store_ln125 = store i32 %mul_ln125_3, i4 %E_3_addr" [q5_kernel.cpp:125]   --->   Operation 123 'store' 'store_ln125' <Predicate = true> <Delay = 0.69> <CoreInst = "RAM">   --->   Core 82 'RAM' <Latency = 1> <II = 1> <Delay = 0.69> <Storage> <Opcode : 'load' 'store'> <Ports = 2> <Width = 32> <Depth = 16> <RAM>
ST_2 : Operation 124 [1/1] (0.38ns)   --->   "%ret_ln127 = ret" [q5_kernel.cpp:127]   --->   Operation 124 'ret' 'ret_ln127' <Predicate = (tmp)> <Delay = 0.38>


============================================================
+ Verbose Summary: Timing violations
============================================================
Target clock period: 25.000ns, clock uncertainty: 6.750ns.

 <State 1>: 1.480ns
The critical path consists of the following:
	'store' operation 0 bit ('store_ln0') of constant 0 on local variable 'i1' [64]  (0.387 ns)
	'load' operation 7 bit ('i1_load', q5_kernel.cpp:117) on local variable 'i1' [67]  (0.000 ns)
	'add' operation 7 bit ('i', q5_kernel.cpp:117) [129]  (0.706 ns)
	'store' operation 0 bit ('store_ln117', q5_kernel.cpp:117) of variable 'i', q5_kernel.cpp:117 on local variable 'i1' [131]  (0.387 ns)

 <State 2>: 5.448ns
The critical path consists of the following:
	'load' operation 32 bit ('A_0_load', q5_kernel.cpp:120) on array 'A_0' [74]  (0.699 ns)
	'add' operation 32 bit ('sum', q5_kernel.cpp:120) [77]  (0.880 ns)
	'mul' operation 32 bit ('mul_ln125', q5_kernel.cpp:125) [80]  (3.170 ns)
	'store' operation 0 bit ('store_ln125', q5_kernel.cpp:125) of variable 'mul_ln125', q5_kernel.cpp:125 on array 'E_0' [122]  (0.699 ns)


============================================================
+ Verbose Summary: Binding
============================================================
N/A
* FSMD analyzer results:
  - Output states:
 - Input state : 
  - Chain level:
	State 1
	State 2


============================================================
+ Verbose Summary: Datapath Resource usage 
============================================================
N/A
