==============================================================
Vitis HLS - High-Level Synthesis from C, C++ and OpenCL v2024.1 (64-bit)
Tool Version Limit: 2024.05
Copyright 1986-2022 Xilinx, Inc. All Rights Reserved.
Copyright 2022-2024 Advanced Micro Devices, Inc. All Rights Reserved.

==============================================================
INFO: [HLS 200-1505] Using flow_target 'vivado'
INFO: [HLS 200-1510] Running: set_part xcvu13p-fsga2577-2-e 
INFO: [HLS 200-1510] Running: create_clock -period 25 -name default 
INFO: [SYN 201-201] Setting up clock 'default' with a period of 25ns.
INFO: [HLS 200-1510] Running: csim_design 
INFO: [SIM 211-2] *************** CSIM start ***************
INFO: [SIM 211-4] CSIM will launch CLANG as the compiler.
INFO: [HLS 200-2036] Building debug C Simulation binaries
INFO: [SIM 211-1] CSim done with 0 errors.
INFO: [SIM 211-3] *************** CSIM finish ***************
INFO: [HLS 200-2161] Finished Command csim_design Elapsed time: 00:00:01; Allocated memory: 0.000 MB.
INFO: [HLS 200-1510] Running: csynth_design 
INFO: [HLS 200-111] Finished File checks and directory preparation: CPU user time: 0.19 seconds. CPU system time: 0.03 seconds. Elapsed time: 0.2 seconds; current allocated memory: 580.688 MB.
INFO: [HLS 200-10] Analyzing design file 'hw3_kernels.cpp' ... 
INFO: [HLS 200-111] Finished Source Code Analysis and Preprocessing: CPU user time: 0.72 seconds. CPU system time: 0.87 seconds. Elapsed time: 1.61 seconds; current allocated memory: 580.688 MB.
INFO: [HLS 200-777] Using interface defaults for 'Vivado' flow target.
INFO: [HLS 200-1995] There were 52 instructions in the design after the 'Compile/Link' phase of compilation. See the Design Size Report for more details: /scratch/emettner/fpga-tachep-studies/HW3/hw3_matrix_mult_partition_both_dims/solution1/syn/report/csynth_design_size.rpt
INFO: [HLS 200-1995] There were 58 instructions in the design after the 'Unroll/Inline (step 1)' phase of compilation. See the Design Size Report for more details: /scratch/emettner/fpga-tachep-studies/HW3/hw3_matrix_mult_partition_both_dims/solution1/syn/report/csynth_design_size.rpt
INFO: [HLS 200-1995] There were 53 instructions in the design after the 'Unroll/Inline (step 2)' phase of compilation. See the Design Size Report for more details: /scratch/emettner/fpga-tachep-studies/HW3/hw3_matrix_mult_partition_both_dims/solution1/syn/report/csynth_design_size.rpt
INFO: [HLS 200-1995] There were 51 instructions in the design after the 'Unroll/Inline (step 3)' phase of compilation. See the Design Size Report for more details: /scratch/emettner/fpga-tachep-studies/HW3/hw3_matrix_mult_partition_both_dims/solution1/syn/report/csynth_design_size.rpt
INFO: [HLS 200-1995] There were 51 instructions in the design after the 'Unroll/Inline (step 4)' phase of compilation. See the Design Size Report for more details: /scratch/emettner/fpga-tachep-studies/HW3/hw3_matrix_mult_partition_both_dims/solution1/syn/report/csynth_design_size.rpt
INFO: [HLS 200-1995] There were 385 instructions in the design after the 'Array/Struct (step 1)' phase of compilation. See the Design Size Report for more details: /scratch/emettner/fpga-tachep-studies/HW3/hw3_matrix_mult_partition_both_dims/solution1/syn/report/csynth_design_size.rpt
INFO: [HLS 200-1995] There were 385 instructions in the design after the 'Array/Struct (step 2)' phase of compilation. See the Design Size Report for more details: /scratch/emettner/fpga-tachep-studies/HW3/hw3_matrix_mult_partition_both_dims/solution1/syn/report/csynth_design_size.rpt
INFO: [HLS 200-1995] There were 277 instructions in the design after the 'Array/Struct (step 3)' phase of compilation. See the Design Size Report for more details: /scratch/emettner/fpga-tachep-studies/HW3/hw3_matrix_mult_partition_both_dims/solution1/syn/report/csynth_design_size.rpt
INFO: [HLS 200-1995] There were 277 instructions in the design after the 'Array/Struct (step 4)' phase of compilation. See the Design Size Report for more details: /scratch/emettner/fpga-tachep-studies/HW3/hw3_matrix_mult_partition_both_dims/solution1/syn/report/csynth_design_size.rpt
INFO: [HLS 200-1995] There were 277 instructions in the design after the 'Array/Struct (step 5)' phase of compilation. See the Design Size Report for more details: /scratch/emettner/fpga-tachep-studies/HW3/hw3_matrix_mult_partition_both_dims/solution1/syn/report/csynth_design_size.rpt
INFO: [HLS 200-1995] There were 277 instructions in the design after the 'Performance (step 1)' phase of compilation. See the Design Size Report for more details: /scratch/emettner/fpga-tachep-studies/HW3/hw3_matrix_mult_partition_both_dims/solution1/syn/report/csynth_design_size.rpt
INFO: [HLS 200-1995] There were 277 instructions in the design after the 'Performance (step 2)' phase of compilation. See the Design Size Report for more details: /scratch/emettner/fpga-tachep-studies/HW3/hw3_matrix_mult_partition_both_dims/solution1/syn/report/csynth_design_size.rpt
INFO: [HLS 200-1995] There were 277 instructions in the design after the 'Performance (step 3)' phase of compilation. See the Design Size Report for more details: /scratch/emettner/fpga-tachep-studies/HW3/hw3_matrix_mult_partition_both_dims/solution1/syn/report/csynth_design_size.rpt
INFO: [HLS 200-1995] There were 277 instructions in the design after the 'Performance (step 4)' phase of compilation. See the Design Size Report for more details: /scratch/emettner/fpga-tachep-studies/HW3/hw3_matrix_mult_partition_both_dims/solution1/syn/report/csynth_design_size.rpt
INFO: [HLS 200-1995] There were 493 instructions in the design after the 'HW Transforms (step 1)' phase of compilation. See the Design Size Report for more details: /scratch/emettner/fpga-tachep-studies/HW3/hw3_matrix_mult_partition_both_dims/solution1/syn/report/csynth_design_size.rpt
INFO: [HLS 200-1995] There were 501 instructions in the design after the 'HW Transforms (step 2)' phase of compilation. See the Design Size Report for more details: /scratch/emettner/fpga-tachep-studies/HW3/hw3_matrix_mult_partition_both_dims/solution1/syn/report/csynth_design_size.rpt
INFO: [HLS 214-186] Unrolling loop 'VITIS_LOOP_93_3' (hw3_kernels.cpp:93:30) in function 'matrix_mult_partition_both_dims' completely with a factor of 6 (hw3_kernels.cpp:80:0)
INFO: [HLS 214-248] Applying array_partition to 'A': Complete partitioning on dimension 1. Complete partitioning on dimension 2. (hw3_kernels.cpp:80:0)
INFO: [HLS 214-248] Applying array_partition to 'B': Complete partitioning on dimension 1. Complete partitioning on dimension 2. (hw3_kernels.cpp:80:0)
INFO: [HLS 214-248] Applying array_partition to 'C': Complete partitioning on dimension 1. Complete partitioning on dimension 2. (hw3_kernels.cpp:80:0)
WARNING: [HLS 214-322] Unsuported scalar variable on pragma 'bram Interface', ignore it. (hw3_kernels.cpp:81:9)
WARNING: [HLS 214-322] Unsuported scalar variable on pragma 'bram Interface', ignore it. (hw3_kernels.cpp:82:9)
WARNING: [HLS 214-322] Unsuported scalar variable on pragma 'bram Interface', ignore it. (hw3_kernels.cpp:83:9)
INFO: [HLS 214-376] automatically set the pipeline for Loop< VITIS_LOOP_90_2> at hw3_kernels.cpp:90:26 
INFO: [HLS 200-111] Finished Compiling Optimization and Transform: CPU user time: 5.02 seconds. CPU system time: 0.89 seconds. Elapsed time: 10.01 seconds; current allocated memory: 580.688 MB.
INFO: [HLS 200-111] Finished Checking Pragmas: CPU user time: 0 seconds. CPU system time: 0 seconds. Elapsed time: 0 seconds; current allocated memory: 580.688 MB.
INFO: [HLS 200-10] Starting code transformations ...
INFO: [HLS 200-111] Finished Standard Transforms: CPU user time: 0.05 seconds. CPU system time: 0 seconds. Elapsed time: 0.06 seconds; current allocated memory: 580.688 MB.
INFO: [HLS 200-10] Checking synthesizability ...
INFO: [HLS 200-111] Finished Checking Synthesizability: CPU user time: 0.06 seconds. CPU system time: 0.01 seconds. Elapsed time: 0.07 seconds; current allocated memory: 580.688 MB.
INFO: [XFORM 203-11] Balancing expressions in function 'matrix_mult_partition_both_dims' (hw3_kernels.cpp:76:26)...9 expression(s) balanced.
INFO: [HLS 200-111] Finished Loop, function and other optimizations: CPU user time: 0.36 seconds. CPU system time: 0.01 seconds. Elapsed time: 0.36 seconds; current allocated memory: 601.402 MB.
INFO: [HLS 200-2061] Successfully converted nested loops 'VITIS_LOOP_89_1'(hw3_kernels.cpp:89:19) and 'VITIS_LOOP_90_2'(hw3_kernels.cpp:90:26) in function 'matrix_mult_partition_both_dims' into perfectly nested loops.
INFO: [XFORM 203-541] Flattening a loop nest 'VITIS_LOOP_89_1' (hw3_kernels.cpp:89:19) in function 'matrix_mult_partition_both_dims'.
INFO: [HLS 200-111] Finished Architecture Synthesis: CPU user time: 0.24 seconds. CPU system time: 0 seconds. Elapsed time: 0.24 seconds; current allocated memory: 601.840 MB.
INFO: [HLS 200-10] Starting hardware synthesis ...
INFO: [HLS 200-10] Synthesizing 'matrix_mult_partition_both_dims' ...
INFO: [HLS 200-10] ----------------------------------------------------------------
INFO: [HLS 200-42] -- Implementing module 'matrix_mult_partition_both_dims' 
INFO: [HLS 200-10] ----------------------------------------------------------------
INFO: [SCHED 204-11] Starting scheduling ...
INFO: [SCHED 204-61] Pipelining loop 'VITIS_LOOP_89_1_VITIS_LOOP_90_2'.
INFO: [HLS 200-1470] Pipelining result : Target II = NA, Final II = 1, Depth = 1, loop 'VITIS_LOOP_89_1_VITIS_LOOP_90_2'
INFO: [SCHED 204-11] Finished scheduling.
INFO: [HLS 200-111] Finished Scheduling: CPU user time: 0.47 seconds. CPU system time: 0.05 seconds. Elapsed time: 0.54 seconds; current allocated memory: 601.840 MB.
INFO: [BIND 205-100] Starting micro-architecture generation ...
INFO: [BIND 205-101] Performing variable lifetime analysis.
INFO: [BIND 205-101] Exploring resource sharing.
INFO: [BIND 205-101] Binding ...
INFO: [BIND 205-100] Finished micro-architecture generation.
INFO: [HLS 200-111] Finished Binding: CPU user time: 0.08 seconds. CPU system time: 0.01 seconds. Elapsed time: 0.11 seconds; current allocated memory: 601.840 MB.
INFO: [HLS 200-10] ----------------------------------------------------------------
INFO: [HLS 200-10] -- Generating RTL for module 'matrix_mult_partition_both_dims' 
INFO: [HLS 200-10] ----------------------------------------------------------------
INFO: [RTGEN 206-500] Setting interface mode on port 'matrix_mult_partition_both_dims/A_0_0' to 'ap_none'.
INFO: [RTGEN 206-500] Setting interface mode on port 'matrix_mult_partition_both_dims/A_0_1' to 'ap_none'.
INFO: [RTGEN 206-500] Setting interface mode on port 'matrix_mult_partition_both_dims/A_0_2' to 'ap_none'.
INFO: [RTGEN 206-500] Setting interface mode on port 'matrix_mult_partition_both_dims/A_0_3' to 'ap_none'.
INFO: [RTGEN 206-500] Setting interface mode on port 'matrix_mult_partition_both_dims/A_0_4' to 'ap_none'.
INFO: [RTGEN 206-500] Setting interface mode on port 'matrix_mult_partition_both_dims/A_0_5' to 'ap_none'.
INFO: [RTGEN 206-500] Setting interface mode on port 'matrix_mult_partition_both_dims/A_1_0' to 'ap_none'.
INFO: [RTGEN 206-500] Setting interface mode on port 'matrix_mult_partition_both_dims/A_1_1' to 'ap_none'.
INFO: [RTGEN 206-500] Setting interface mode on port 'matrix_mult_partition_both_dims/A_1_2' to 'ap_none'.
INFO: [RTGEN 206-500] Setting interface mode on port 'matrix_mult_partition_both_dims/A_1_3' to 'ap_none'.
INFO: [RTGEN 206-500] Setting interface mode on port 'matrix_mult_partition_both_dims/A_1_4' to 'ap_none'.
INFO: [RTGEN 206-500] Setting interface mode on port 'matrix_mult_partition_both_dims/A_1_5' to 'ap_none'.
INFO: [RTGEN 206-500] Setting interface mode on port 'matrix_mult_partition_both_dims/A_2_0' to 'ap_none'.
INFO: [RTGEN 206-500] Setting interface mode on port 'matrix_mult_partition_both_dims/A_2_1' to 'ap_none'.
INFO: [RTGEN 206-500] Setting interface mode on port 'matrix_mult_partition_both_dims/A_2_2' to 'ap_none'.
INFO: [RTGEN 206-500] Setting interface mode on port 'matrix_mult_partition_both_dims/A_2_3' to 'ap_none'.
INFO: [RTGEN 206-500] Setting interface mode on port 'matrix_mult_partition_both_dims/A_2_4' to 'ap_none'.
INFO: [RTGEN 206-500] Setting interface mode on port 'matrix_mult_partition_both_dims/A_2_5' to 'ap_none'.
INFO: [RTGEN 206-500] Setting interface mode on port 'matrix_mult_partition_both_dims/A_3_0' to 'ap_none'.
INFO: [RTGEN 206-500] Setting interface mode on port 'matrix_mult_partition_both_dims/A_3_1' to 'ap_none'.
INFO: [RTGEN 206-500] Setting interface mode on port 'matrix_mult_partition_both_dims/A_3_2' to 'ap_none'.
INFO: [RTGEN 206-500] Setting interface mode on port 'matrix_mult_partition_both_dims/A_3_3' to 'ap_none'.
INFO: [RTGEN 206-500] Setting interface mode on port 'matrix_mult_partition_both_dims/A_3_4' to 'ap_none'.
INFO: [RTGEN 206-500] Setting interface mode on port 'matrix_mult_partition_both_dims/A_3_5' to 'ap_none'.
INFO: [RTGEN 206-500] Setting interface mode on port 'matrix_mult_partition_both_dims/A_4_0' to 'ap_none'.
INFO: [RTGEN 206-500] Setting interface mode on port 'matrix_mult_partition_both_dims/A_4_1' to 'ap_none'.
INFO: [RTGEN 206-500] Setting interface mode on port 'matrix_mult_partition_both_dims/A_4_2' to 'ap_none'.
INFO: [RTGEN 206-500] Setting interface mode on port 'matrix_mult_partition_both_dims/A_4_3' to 'ap_none'.
INFO: [RTGEN 206-500] Setting interface mode on port 'matrix_mult_partition_both_dims/A_4_4' to 'ap_none'.
INFO: [RTGEN 206-500] Setting interface mode on port 'matrix_mult_partition_both_dims/A_4_5' to 'ap_none'.
INFO: [RTGEN 206-500] Setting interface mode on port 'matrix_mult_partition_both_dims/A_5_0' to 'ap_none'.
INFO: [RTGEN 206-500] Setting interface mode on port 'matrix_mult_partition_both_dims/A_5_1' to 'ap_none'.
INFO: [RTGEN 206-500] Setting interface mode on port 'matrix_mult_partition_both_dims/A_5_2' to 'ap_none'.
INFO: [RTGEN 206-500] Setting interface mode on port 'matrix_mult_partition_both_dims/A_5_3' to 'ap_none'.
INFO: [RTGEN 206-500] Setting interface mode on port 'matrix_mult_partition_both_dims/A_5_4' to 'ap_none'.
INFO: [RTGEN 206-500] Setting interface mode on port 'matrix_mult_partition_both_dims/A_5_5' to 'ap_none'.
INFO: [RTGEN 206-500] Setting interface mode on port 'matrix_mult_partition_both_dims/B_0_0' to 'ap_none'.
INFO: [RTGEN 206-500] Setting interface mode on port 'matrix_mult_partition_both_dims/B_0_1' to 'ap_none'.
INFO: [RTGEN 206-500] Setting interface mode on port 'matrix_mult_partition_both_dims/B_0_2' to 'ap_none'.
INFO: [RTGEN 206-500] Setting interface mode on port 'matrix_mult_partition_both_dims/B_0_3' to 'ap_none'.
INFO: [RTGEN 206-500] Setting interface mode on port 'matrix_mult_partition_both_dims/B_0_4' to 'ap_none'.
INFO: [RTGEN 206-500] Setting interface mode on port 'matrix_mult_partition_both_dims/B_0_5' to 'ap_none'.
INFO: [RTGEN 206-500] Setting interface mode on port 'matrix_mult_partition_both_dims/B_1_0' to 'ap_none'.
INFO: [RTGEN 206-500] Setting interface mode on port 'matrix_mult_partition_both_dims/B_1_1' to 'ap_none'.
INFO: [RTGEN 206-500] Setting interface mode on port 'matrix_mult_partition_both_dims/B_1_2' to 'ap_none'.
INFO: [RTGEN 206-500] Setting interface mode on port 'matrix_mult_partition_both_dims/B_1_3' to 'ap_none'.
INFO: [RTGEN 206-500] Setting interface mode on port 'matrix_mult_partition_both_dims/B_1_4' to 'ap_none'.
INFO: [RTGEN 206-500] Setting interface mode on port 'matrix_mult_partition_both_dims/B_1_5' to 'ap_none'.
INFO: [RTGEN 206-500] Setting interface mode on port 'matrix_mult_partition_both_dims/B_2_0' to 'ap_none'.
INFO: [RTGEN 206-500] Setting interface mode on port 'matrix_mult_partition_both_dims/B_2_1' to 'ap_none'.
INFO: [RTGEN 206-500] Setting interface mode on port 'matrix_mult_partition_both_dims/B_2_2' to 'ap_none'.
INFO: [RTGEN 206-500] Setting interface mode on port 'matrix_mult_partition_both_dims/B_2_3' to 'ap_none'.
INFO: [RTGEN 206-500] Setting interface mode on port 'matrix_mult_partition_both_dims/B_2_4' to 'ap_none'.
INFO: [RTGEN 206-500] Setting interface mode on port 'matrix_mult_partition_both_dims/B_2_5' to 'ap_none'.
INFO: [RTGEN 206-500] Setting interface mode on port 'matrix_mult_partition_both_dims/B_3_0' to 'ap_none'.
INFO: [RTGEN 206-500] Setting interface mode on port 'matrix_mult_partition_both_dims/B_3_1' to 'ap_none'.
INFO: [RTGEN 206-500] Setting interface mode on port 'matrix_mult_partition_both_dims/B_3_2' to 'ap_none'.
INFO: [RTGEN 206-500] Setting interface mode on port 'matrix_mult_partition_both_dims/B_3_3' to 'ap_none'.
INFO: [RTGEN 206-500] Setting interface mode on port 'matrix_mult_partition_both_dims/B_3_4' to 'ap_none'.
INFO: [RTGEN 206-500] Setting interface mode on port 'matrix_mult_partition_both_dims/B_3_5' to 'ap_none'.
INFO: [RTGEN 206-500] Setting interface mode on port 'matrix_mult_partition_both_dims/B_4_0' to 'ap_none'.
INFO: [RTGEN 206-500] Setting interface mode on port 'matrix_mult_partition_both_dims/B_4_1' to 'ap_none'.
INFO: [RTGEN 206-500] Setting interface mode on port 'matrix_mult_partition_both_dims/B_4_2' to 'ap_none'.
INFO: [RTGEN 206-500] Setting interface mode on port 'matrix_mult_partition_both_dims/B_4_3' to 'ap_none'.
INFO: [RTGEN 206-500] Setting interface mode on port 'matrix_mult_partition_both_dims/B_4_4' to 'ap_none'.
INFO: [RTGEN 206-500] Setting interface mode on port 'matrix_mult_partition_both_dims/B_4_5' to 'ap_none'.
INFO: [RTGEN 206-500] Setting interface mode on port 'matrix_mult_partition_both_dims/B_5_0' to 'ap_none'.
INFO: [RTGEN 206-500] Setting interface mode on port 'matrix_mult_partition_both_dims/B_5_1' to 'ap_none'.
INFO: [RTGEN 206-500] Setting interface mode on port 'matrix_mult_partition_both_dims/B_5_2' to 'ap_none'.
INFO: [RTGEN 206-500] Setting interface mode on port 'matrix_mult_partition_both_dims/B_5_3' to 'ap_none'.
INFO: [RTGEN 206-500] Setting interface mode on port 'matrix_mult_partition_both_dims/B_5_4' to 'ap_none'.
INFO: [RTGEN 206-500] Setting interface mode on port 'matrix_mult_partition_both_dims/B_5_5' to 'ap_none'.
INFO: [RTGEN 206-500] Setting interface mode on port 'matrix_mult_partition_both_dims/C_0_0' to 'ap_vld'.
INFO: [RTGEN 206-500] Setting interface mode on port 'matrix_mult_partition_both_dims/C_0_1' to 'ap_vld'.
INFO: [RTGEN 206-500] Setting interface mode on port 'matrix_mult_partition_both_dims/C_0_2' to 'ap_vld'.
INFO: [RTGEN 206-500] Setting interface mode on port 'matrix_mult_partition_both_dims/C_0_3' to 'ap_vld'.
INFO: [RTGEN 206-500] Setting interface mode on port 'matrix_mult_partition_both_dims/C_0_4' to 'ap_vld'.
INFO: [RTGEN 206-500] Setting interface mode on port 'matrix_mult_partition_both_dims/C_0_5' to 'ap_vld'.
INFO: [RTGEN 206-500] Setting interface mode on port 'matrix_mult_partition_both_dims/C_1_0' to 'ap_vld'.
INFO: [RTGEN 206-500] Setting interface mode on port 'matrix_mult_partition_both_dims/C_1_1' to 'ap_vld'.
INFO: [RTGEN 206-500] Setting interface mode on port 'matrix_mult_partition_both_dims/C_1_2' to 'ap_vld'.
INFO: [RTGEN 206-500] Setting interface mode on port 'matrix_mult_partition_both_dims/C_1_3' to 'ap_vld'.
INFO: [RTGEN 206-500] Setting interface mode on port 'matrix_mult_partition_both_dims/C_1_4' to 'ap_vld'.
INFO: [RTGEN 206-500] Setting interface mode on port 'matrix_mult_partition_both_dims/C_1_5' to 'ap_vld'.
INFO: [RTGEN 206-500] Setting interface mode on port 'matrix_mult_partition_both_dims/C_2_0' to 'ap_vld'.
INFO: [RTGEN 206-500] Setting interface mode on port 'matrix_mult_partition_both_dims/C_2_1' to 'ap_vld'.
INFO: [RTGEN 206-500] Setting interface mode on port 'matrix_mult_partition_both_dims/C_2_2' to 'ap_vld'.
INFO: [RTGEN 206-500] Setting interface mode on port 'matrix_mult_partition_both_dims/C_2_3' to 'ap_vld'.
INFO: [RTGEN 206-500] Setting interface mode on port 'matrix_mult_partition_both_dims/C_2_4' to 'ap_vld'.
INFO: [RTGEN 206-500] Setting interface mode on port 'matrix_mult_partition_both_dims/C_2_5' to 'ap_vld'.
INFO: [RTGEN 206-500] Setting interface mode on port 'matrix_mult_partition_both_dims/C_3_0' to 'ap_vld'.
INFO: [RTGEN 206-500] Setting interface mode on port 'matrix_mult_partition_both_dims/C_3_1' to 'ap_vld'.
INFO: [RTGEN 206-500] Setting interface mode on port 'matrix_mult_partition_both_dims/C_3_2' to 'ap_vld'.
INFO: [RTGEN 206-500] Setting interface mode on port 'matrix_mult_partition_both_dims/C_3_3' to 'ap_vld'.
INFO: [RTGEN 206-500] Setting interface mode on port 'matrix_mult_partition_both_dims/C_3_4' to 'ap_vld'.
INFO: [RTGEN 206-500] Setting interface mode on port 'matrix_mult_partition_both_dims/C_3_5' to 'ap_vld'.
INFO: [RTGEN 206-500] Setting interface mode on port 'matrix_mult_partition_both_dims/C_4_0' to 'ap_vld'.
INFO: [RTGEN 206-500] Setting interface mode on port 'matrix_mult_partition_both_dims/C_4_1' to 'ap_vld'.
INFO: [RTGEN 206-500] Setting interface mode on port 'matrix_mult_partition_both_dims/C_4_2' to 'ap_vld'.
INFO: [RTGEN 206-500] Setting interface mode on port 'matrix_mult_partition_both_dims/C_4_3' to 'ap_vld'.
INFO: [RTGEN 206-500] Setting interface mode on port 'matrix_mult_partition_both_dims/C_4_4' to 'ap_vld'.
INFO: [RTGEN 206-500] Setting interface mode on port 'matrix_mult_partition_both_dims/C_4_5' to 'ap_vld'.
INFO: [RTGEN 206-500] Setting interface mode on port 'matrix_mult_partition_both_dims/C_5_0' to 'ap_vld'.
INFO: [RTGEN 206-500] Setting interface mode on port 'matrix_mult_partition_both_dims/C_5_1' to 'ap_vld'.
INFO: [RTGEN 206-500] Setting interface mode on port 'matrix_mult_partition_both_dims/C_5_2' to 'ap_vld'.
INFO: [RTGEN 206-500] Setting interface mode on port 'matrix_mult_partition_both_dims/C_5_3' to 'ap_vld'.
INFO: [RTGEN 206-500] Setting interface mode on port 'matrix_mult_partition_both_dims/C_5_4' to 'ap_vld'.
INFO: [RTGEN 206-500] Setting interface mode on port 'matrix_mult_partition_both_dims/C_5_5' to 'ap_vld'.
INFO: [RTGEN 206-500] Setting interface mode on function 'matrix_mult_partition_both_dims' to 'ap_ctrl_hs'.
INFO: [RTGEN 206-100] Generating core module 'mul_32s_32s_32_1_1': 6 instance(s).
INFO: [RTGEN 206-100] Generating core module 'sparsemux_13_3_32_1_1': 12 instance(s).
INFO: [RTGEN 206-100] Finished creating RTL model for 'matrix_mult_partition_both_dims'.
INFO: [HLS 200-111] Finished Creating RTL model: CPU user time: 0.42 seconds. CPU system time: 0.06 seconds. Elapsed time: 1.24 seconds; current allocated memory: 601.840 MB.
INFO: [HLS 200-111] Finished Generating all RTL models: CPU user time: 0.39 seconds. CPU system time: 0.03 seconds. Elapsed time: 0.44 seconds; current allocated memory: 601.840 MB.
INFO: [HLS 200-111] Finished Updating report files: CPU user time: 5.26 seconds. CPU system time: 0.08 seconds. Elapsed time: 5.38 seconds; current allocated memory: 606.059 MB.
INFO: [VHDL 208-304] Generating VHDL RTL for matrix_mult_partition_both_dims.
INFO: [VLOG 209-307] Generating Verilog RTL for matrix_mult_partition_both_dims.
INFO: [HLS 200-790] **** Loop Constraint Status: All loop constraints were satisfied.
INFO: [HLS 200-789] **** Estimated Fmax: 167.66 MHz
INFO: [HLS 200-2161] Finished Command csynth_design Elapsed time: 00:00:20; Allocated memory: 25.371 MB.
INFO: [HLS 200-1510] Running: close_project 
