==============================================================
Vitis HLS - High-Level Synthesis from C, C++ and OpenCL v2024.1 (64-bit)
Tool Version Limit: 2024.05
Copyright 1986-2022 Xilinx, Inc. All Rights Reserved.
Copyright 2022-2024 Advanced Micro Devices, Inc. All Rights Reserved.

==============================================================
INFO: [HLS 200-1505] Using flow_target 'vivado'
INFO: [HLS 200-1510] Running: set_part xcvu13p-fsga2577-2-e 
INFO: [HLS 200-1510] Running: create_clock -period 25 -name default 
INFO: [SYN 201-201] Setting up clock 'default' with a period of 25ns.
INFO: [HLS 200-1510] Running: csim_design 
INFO: [SIM 211-2] *************** CSIM start ***************
INFO: [SIM 211-4] CSIM will launch CLANG as the compiler.
INFO: [HLS 200-2036] Building debug C Simulation binaries
INFO: [SIM 211-1] CSim done with 0 errors.
INFO: [SIM 211-3] *************** CSIM finish ***************
INFO: [HLS 200-2161] Finished Command csim_design Elapsed time: 00:00:01; Allocated memory: 0.000 MB.
INFO: [HLS 200-1510] Running: csynth_design 
INFO: [HLS 200-111] Finished File checks and directory preparation: CPU user time: 0.17 seconds. CPU system time: 0.02 seconds. Elapsed time: 0.19 seconds; current allocated memory: 516.559 MB.
INFO: [HLS 200-10] Analyzing design file 'q5_kernel.cpp' ... 
INFO: [HLS 200-111] Finished Source Code Analysis and Preprocessing: CPU user time: 0.83 seconds. CPU system time: 0.81 seconds. Elapsed time: 1.68 seconds; current allocated memory: 516.559 MB.
INFO: [HLS 200-777] Using interface defaults for 'Vivado' flow target.
INFO: [HLS 200-1995] There were 47 instructions in the design after the 'Compile/Link' phase of compilation. See the Design Size Report for more details: /scratch/emettner/fpga-tachep-studies/HW4/hw4_q5_no_partition/solution1/syn/report/csynth_design_size.rpt
INFO: [HLS 200-1995] There were 141 instructions in the design after the 'Unroll/Inline (step 1)' phase of compilation. See the Design Size Report for more details: /scratch/emettner/fpga-tachep-studies/HW4/hw4_q5_no_partition/solution1/syn/report/csynth_design_size.rpt
INFO: [HLS 200-1995] There were 75 instructions in the design after the 'Unroll/Inline (step 2)' phase of compilation. See the Design Size Report for more details: /scratch/emettner/fpga-tachep-studies/HW4/hw4_q5_no_partition/solution1/syn/report/csynth_design_size.rpt
INFO: [HLS 200-1995] There were 71 instructions in the design after the 'Unroll/Inline (step 3)' phase of compilation. See the Design Size Report for more details: /scratch/emettner/fpga-tachep-studies/HW4/hw4_q5_no_partition/solution1/syn/report/csynth_design_size.rpt
INFO: [HLS 200-1995] There were 71 instructions in the design after the 'Unroll/Inline (step 4)' phase of compilation. See the Design Size Report for more details: /scratch/emettner/fpga-tachep-studies/HW4/hw4_q5_no_partition/solution1/syn/report/csynth_design_size.rpt
INFO: [HLS 200-1995] There were 76 instructions in the design after the 'Array/Struct (step 1)' phase of compilation. See the Design Size Report for more details: /scratch/emettner/fpga-tachep-studies/HW4/hw4_q5_no_partition/solution1/syn/report/csynth_design_size.rpt
INFO: [HLS 200-1995] There were 76 instructions in the design after the 'Array/Struct (step 2)' phase of compilation. See the Design Size Report for more details: /scratch/emettner/fpga-tachep-studies/HW4/hw4_q5_no_partition/solution1/syn/report/csynth_design_size.rpt
INFO: [HLS 200-1995] There were 76 instructions in the design after the 'Array/Struct (step 3)' phase of compilation. See the Design Size Report for more details: /scratch/emettner/fpga-tachep-studies/HW4/hw4_q5_no_partition/solution1/syn/report/csynth_design_size.rpt
INFO: [HLS 200-1995] There were 76 instructions in the design after the 'Array/Struct (step 4)' phase of compilation. See the Design Size Report for more details: /scratch/emettner/fpga-tachep-studies/HW4/hw4_q5_no_partition/solution1/syn/report/csynth_design_size.rpt
INFO: [HLS 200-1995] There were 76 instructions in the design after the 'Array/Struct (step 5)' phase of compilation. See the Design Size Report for more details: /scratch/emettner/fpga-tachep-studies/HW4/hw4_q5_no_partition/solution1/syn/report/csynth_design_size.rpt
INFO: [HLS 200-1995] There were 76 instructions in the design after the 'Performance (step 1)' phase of compilation. See the Design Size Report for more details: /scratch/emettner/fpga-tachep-studies/HW4/hw4_q5_no_partition/solution1/syn/report/csynth_design_size.rpt
INFO: [HLS 200-1995] There were 76 instructions in the design after the 'Performance (step 2)' phase of compilation. See the Design Size Report for more details: /scratch/emettner/fpga-tachep-studies/HW4/hw4_q5_no_partition/solution1/syn/report/csynth_design_size.rpt
INFO: [HLS 200-1995] There were 76 instructions in the design after the 'Performance (step 3)' phase of compilation. See the Design Size Report for more details: /scratch/emettner/fpga-tachep-studies/HW4/hw4_q5_no_partition/solution1/syn/report/csynth_design_size.rpt
INFO: [HLS 200-1995] There were 76 instructions in the design after the 'Performance (step 4)' phase of compilation. See the Design Size Report for more details: /scratch/emettner/fpga-tachep-studies/HW4/hw4_q5_no_partition/solution1/syn/report/csynth_design_size.rpt
INFO: [HLS 200-1995] There were 76 instructions in the design after the 'HW Transforms (step 1)' phase of compilation. See the Design Size Report for more details: /scratch/emettner/fpga-tachep-studies/HW4/hw4_q5_no_partition/solution1/syn/report/csynth_design_size.rpt
INFO: [HLS 200-1995] There were 81 instructions in the design after the 'HW Transforms (step 2)' phase of compilation. See the Design Size Report for more details: /scratch/emettner/fpga-tachep-studies/HW4/hw4_q5_no_partition/solution1/syn/report/csynth_design_size.rpt
INFO: [HLS 214-188] Unrolling loop 'VITIS_LOOP_63_1' (q5_kernel.cpp:63:19) in function 'q5_no_partition' partially with a factor of 4 (q5_kernel.cpp:55:0)
INFO: [HLS 200-111] Finished Compiling Optimization and Transform: CPU user time: 3.63 seconds. CPU system time: 0.78 seconds. Elapsed time: 8.88 seconds; current allocated memory: 516.559 MB.
INFO: [HLS 200-111] Finished Checking Pragmas: CPU user time: 0 seconds. CPU system time: 0 seconds. Elapsed time: 0 seconds; current allocated memory: 516.559 MB.
INFO: [HLS 200-10] Starting code transformations ...
INFO: [HLS 200-111] Finished Standard Transforms: CPU user time: 0.01 seconds. CPU system time: 0 seconds. Elapsed time: 0.03 seconds; current allocated memory: 516.559 MB.
INFO: [HLS 200-10] Checking synthesizability ...
INFO: [HLS 200-111] Finished Checking Synthesizability: CPU user time: 0.02 seconds. CPU system time: 0 seconds. Elapsed time: 0.02 seconds; current allocated memory: 516.559 MB.
INFO: [HLS 200-111] Finished Loop, function and other optimizations: CPU user time: 0.06 seconds. CPU system time: 0.01 seconds. Elapsed time: 0.07 seconds; current allocated memory: 536.363 MB.
INFO: [HLS 200-111] Finished Architecture Synthesis: CPU user time: 0.04 seconds. CPU system time: 0 seconds. Elapsed time: 0.05 seconds; current allocated memory: 526.859 MB.
INFO: [HLS 200-10] Starting hardware synthesis ...
INFO: [HLS 200-10] Synthesizing 'q5_no_partition' ...
INFO: [HLS 200-10] ----------------------------------------------------------------
INFO: [HLS 200-42] -- Implementing module 'q5_no_partition' 
INFO: [HLS 200-10] ----------------------------------------------------------------
INFO: [SCHED 204-11] Starting scheduling ...
INFO: [SCHED 204-61] Pipelining loop 'VITIS_LOOP_63_1'.
WARNING: [HLS 200-885] The II Violation in module 'q5_no_partition' (loop 'VITIS_LOOP_63_1'): Unable to schedule 'load' operation 32 bit ('A_load_1', q5_kernel.cpp:66) on array 'A' due to limited memory ports (II = 1). Please consider using a memory core with more ports or partitioning the array 'A'.
INFO: [HLS 200-1470] Pipelining result : Target II = 1, Final II = 2, Depth = 3, loop 'VITIS_LOOP_63_1'
INFO: [SCHED 204-11] Finished scheduling.
INFO: [HLS 200-111] Finished Scheduling: CPU user time: 0.2 seconds. CPU system time: 0.05 seconds. Elapsed time: 0.3 seconds; current allocated memory: 526.859 MB.
INFO: [BIND 205-100] Starting micro-architecture generation ...
INFO: [BIND 205-101] Performing variable lifetime analysis.
INFO: [BIND 205-101] Exploring resource sharing.
INFO: [BIND 205-101] Binding ...
INFO: [BIND 205-100] Finished micro-architecture generation.
INFO: [HLS 200-111] Finished Binding: CPU user time: 0.04 seconds. CPU system time: 0.02 seconds. Elapsed time: 0.08 seconds; current allocated memory: 526.859 MB.
INFO: [HLS 200-10] ----------------------------------------------------------------
INFO: [HLS 200-10] -- Generating RTL for module 'q5_no_partition' 
INFO: [HLS 200-10] ----------------------------------------------------------------
WARNING: [RTGEN 206-101] Design contains AXI ports. Reset is fixed to synchronous and active low.
INFO: [RTGEN 206-500] Setting interface mode on port 'q5_no_partition/A' to 'ap_memory'.
INFO: [RTGEN 206-500] Setting interface mode on port 'q5_no_partition/B' to 'ap_memory'.
INFO: [RTGEN 206-500] Setting interface mode on port 'q5_no_partition/C' to 'ap_memory'.
INFO: [RTGEN 206-500] Setting interface mode on port 'q5_no_partition/D' to 'ap_memory'.
INFO: [RTGEN 206-500] Setting interface mode on port 'q5_no_partition/E' to 'ap_memory'.
INFO: [RTGEN 206-500] Setting interface mode on function 'q5_no_partition' to 's_axilite & ap_ctrl_hs'.
INFO: [HLS 200-1030] Apply Unified Pipeline Control on module 'q5_no_partition' pipeline 'VITIS_LOOP_63_1' pipeline type 'loop pipeline'
INFO: [RTGEN 206-100] Bundling port 'return' to AXI-Lite port control.
INFO: [RTGEN 206-100] Generating core module 'mul_32s_32s_32_1_1': 4 instance(s).
INFO: [RTGEN 206-100] Finished creating RTL model for 'q5_no_partition'.
INFO: [HLS 200-111] Finished Creating RTL model: CPU user time: 0.07 seconds. CPU system time: 0 seconds. Elapsed time: 0.15 seconds; current allocated memory: 526.859 MB.
INFO: [HLS 200-111] Finished Generating all RTL models: CPU user time: 0.31 seconds. CPU system time: 0.04 seconds. Elapsed time: 0.37 seconds; current allocated memory: 528.730 MB.
INFO: [HLS 200-111] Finished Updating report files: CPU user time: 1.49 seconds. CPU system time: 0.06 seconds. Elapsed time: 1.56 seconds; current allocated memory: 532.348 MB.
INFO: [VHDL 208-304] Generating VHDL RTL for q5_no_partition.
INFO: [VLOG 209-307] Generating Verilog RTL for q5_no_partition.
INFO: [HLS 200-790] **** Loop Constraint Status: All loop constraints were NOT satisfied.
INFO: [HLS 200-789] **** Estimated Fmax: 183.55 MHz
INFO: [HLS 200-2161] Finished Command csynth_design Elapsed time: 00:00:13; Allocated memory: 15.789 MB.
INFO: [HLS 200-1510] Running: close_project 
