

================================================================
== Vitis HLS Report for 'add_longlong'
================================================================
* Date:           Sun May  3 00:13:57 2026

* Version:        2024.1 (Build 5069499 on May 21 2024)
* Project:        hw2_q3_add_longlong
* Solution:       solution1 (Vivado IP Flow Target)
* Product family: virtexuplus
* Target device:  xcvu13p-fsga2577-2-e


================================================================
== Performance Estimates
================================================================
+ Timing: 
    * Summary: 
    +--------+----------+----------+------------+
    |  Clock |  Target  | Estimated| Uncertainty|
    +--------+----------+----------+------------+
    |ap_clk  |  25.00 ns|  2.575 ns|     6.75 ns|
    +--------+----------+----------+------------+

+ Latency: 
    * Summary: 
    +---------+---------+----------+----------+-----+-----+-----------------------------------------------+
    |  Latency (cycles) |  Latency (absolute) |  Interval |                    Pipeline                   |
    |   min   |   max   |    min   |    max   | min | max |                      Type                     |
    +---------+---------+----------+----------+-----+-----+-----------------------------------------------+
    |       18|       18|  0.450 us|  0.450 us|   16|   16|  loop auto-rewind stp(delay=0 clock cycles(s))|
    +---------+---------+----------+----------+-----+-----+-----------------------------------------------+

    + Detail: 
        * Instance: 
        N/A

        * Loop: 
        +-------------------+---------+---------+----------+-----------+-----------+------+----------+
        |                   |  Latency (cycles) | Iteration|  Initiation Interval  | Trip |          |
        |     Loop Name     |   min   |   max   |  Latency |  achieved |   target  | Count| Pipelined|
        +-------------------+---------+---------+----------+-----------+-----------+------+----------+
        |- VITIS_LOOP_16_1  |       16|       16|         2|          1|          1|    16|       yes|
        +-------------------+---------+---------+----------+-----------+-----------+------+----------+

============================================================
+ Verbose Summary: Synthesis Manager
============================================================
InlineROM: 1
ExposeGlobal: 0
============================================================
+ Verbose Summary: CDFG Model
============================================================
IsTopModel: 1
ResetActiveHigh: 1
IsCombinational: 0
IsDatapathOnly: 0
HasWiredReturn: 1
HasMFsm: 2
HasVarLatency: 1
IsPipeline: 0
IsRtlPipelined: 0
IsInstanceOverlapped: 0
IsDontTouch: 0
HasImplIP: 0
IsGatedGlobalClock: 0

+ Individual pipeline summary: 
  * Pipeline-0: initiation interval (II) = 1, depth = 2


============================================================
+ Verbose Summary: Schedule
============================================================
* Number of FSM states : 2
* Pipeline : 1
  Pipeline-0 : II = 1, D = 2, States = { 1 2 }
* Dataflow Pipeline: 0

* FSM state transitions: 
1 --> 2 
2 --> 

* FSM state operations: 

State 1 <SV = 0> <Delay = 1.48>
ST_1 : Operation 5 [1/1] (0.00ns)   --->   "%i1 = alloca i32 1"   --->   Operation 5 'alloca' 'i1' <Predicate = true> <Delay = 0.00>
ST_1 : Operation 6 [1/1] (0.00ns)   --->   "%spectopmodule_ln15 = spectopmodule void @_ssdm_op_SpecTopModule, void @empty_1" [q3_kernels.cpp:15]   --->   Operation 6 'spectopmodule' 'spectopmodule_ln15' <Predicate = true> <Delay = 0.00>
ST_1 : Operation 7 [1/1] (0.00ns)   --->   "%specinterface_ln0 = specinterface void @_ssdm_op_SpecInterface, i64 %a, void @empty, i32 0, i32 0, void @empty_0, i32 4294967295, i32 0, void @empty_0, void @empty_0, void @empty_0, i32 0, i32 0, i32 0, i32 0, void @empty_0, void @empty_0, i32 4294967295, i32 0, i32 0"   --->   Operation 7 'specinterface' 'specinterface_ln0' <Predicate = true> <Delay = 0.00>
ST_1 : Operation 8 [1/1] (0.00ns)   --->   "%specbitsmap_ln0 = specbitsmap void @_ssdm_op_SpecBitsMap, i64 %a"   --->   Operation 8 'specbitsmap' 'specbitsmap_ln0' <Predicate = true> <Delay = 0.00>
ST_1 : Operation 9 [1/1] (0.00ns)   --->   "%specinterface_ln0 = specinterface void @_ssdm_op_SpecInterface, i64 %b, void @empty, i32 0, i32 0, void @empty_0, i32 4294967295, i32 0, void @empty_0, void @empty_0, void @empty_0, i32 0, i32 0, i32 0, i32 0, void @empty_0, void @empty_0, i32 4294967295, i32 0, i32 0"   --->   Operation 9 'specinterface' 'specinterface_ln0' <Predicate = true> <Delay = 0.00>
ST_1 : Operation 10 [1/1] (0.00ns)   --->   "%specbitsmap_ln0 = specbitsmap void @_ssdm_op_SpecBitsMap, i64 %b"   --->   Operation 10 'specbitsmap' 'specbitsmap_ln0' <Predicate = true> <Delay = 0.00>
ST_1 : Operation 11 [1/1] (0.00ns)   --->   "%specinterface_ln0 = specinterface void @_ssdm_op_SpecInterface, i64 %c, void @empty, i32 0, i32 0, void @empty_0, i32 4294967295, i32 0, void @empty_0, void @empty_0, void @empty_0, i32 0, i32 0, i32 0, i32 0, void @empty_0, void @empty_0, i32 4294967295, i32 0, i32 0"   --->   Operation 11 'specinterface' 'specinterface_ln0' <Predicate = true> <Delay = 0.00>
ST_1 : Operation 12 [1/1] (0.00ns)   --->   "%specbitsmap_ln0 = specbitsmap void @_ssdm_op_SpecBitsMap, i64 %c"   --->   Operation 12 'specbitsmap' 'specbitsmap_ln0' <Predicate = true> <Delay = 0.00>
ST_1 : Operation 13 [1/1] (0.38ns)   --->   "%store_ln0 = store i4 0, i4 %i1"   --->   Operation 13 'store' 'store_ln0' <Predicate = true> <Delay = 0.38>
ST_1 : Operation 14 [1/1] (0.00ns)   --->   "%br_ln16 = br void %for.inc.split" [q3_kernels.cpp:16]   --->   Operation 14 'br' 'br_ln16' <Predicate = true> <Delay = 0.00>
ST_1 : Operation 15 [1/1] (0.00ns)   --->   "%i1_load = load i4 %i1" [q3_kernels.cpp:16]   --->   Operation 15 'load' 'i1_load' <Predicate = true> <Delay = 0.00>
ST_1 : Operation 16 [1/1] (0.00ns)   --->   "%zext_ln16 = zext i4 %i1_load" [q3_kernels.cpp:16]   --->   Operation 16 'zext' 'zext_ln16' <Predicate = true> <Delay = 0.00>
ST_1 : Operation 17 [1/1] (0.00ns)   --->   "%a_addr = getelementptr i64 %a, i64 0, i64 %zext_ln16" [q3_kernels.cpp:17]   --->   Operation 17 'getelementptr' 'a_addr' <Predicate = true> <Delay = 0.00>
ST_1 : Operation 18 [2/2] (0.71ns)   --->   "%a_load = load i4 %a_addr" [q3_kernels.cpp:17]   --->   Operation 18 'load' 'a_load' <Predicate = true> <Delay = 0.71> <CoreInst = "RAM">   --->   Core 82 'RAM' <Latency = 1> <II = 1> <Delay = 0.71> <Storage> <Opcode : 'load' 'store'> <Ports = 2> <Width = 64> <Depth = 16> <RAM>
ST_1 : Operation 19 [1/1] (0.00ns)   --->   "%b_addr = getelementptr i64 %b, i64 0, i64 %zext_ln16" [q3_kernels.cpp:17]   --->   Operation 19 'getelementptr' 'b_addr' <Predicate = true> <Delay = 0.00>
ST_1 : Operation 20 [2/2] (0.71ns)   --->   "%b_load = load i4 %b_addr" [q3_kernels.cpp:17]   --->   Operation 20 'load' 'b_load' <Predicate = true> <Delay = 0.71> <CoreInst = "RAM">   --->   Core 82 'RAM' <Latency = 1> <II = 1> <Delay = 0.71> <Storage> <Opcode : 'load' 'store'> <Ports = 2> <Width = 64> <Depth = 16> <RAM>
ST_1 : Operation 21 [1/1] (0.70ns)   --->   "%i = add i4 %i1_load, i4 1" [q3_kernels.cpp:16]   --->   Operation 21 'add' 'i' <Predicate = true> <Delay = 0.70> <CoreInst = "Adder">   --->   Core 1 'Adder' <Latency = 0> <II = 1> <Delay = 0.70> <FuncUnit> <Opcode : 'add' 'sub'> <InPorts = 2> <OutPorts = 1>
ST_1 : Operation 22 [1/1] (0.70ns)   --->   "%icmp_ln16 = icmp_eq  i4 %i1_load, i4 15" [q3_kernels.cpp:16]   --->   Operation 22 'icmp' 'icmp_ln16' <Predicate = true> <Delay = 0.70> <CoreInst = "Cmp">   --->   Core 9 'Cmp' <Latency = 0> <II = 1> <Delay = 0.70> <FuncUnit> <Opcode : 'seteq' 'setne' 'setle' 'setge' 'setlt' 'setgt'> <InPorts = 2> <OutPorts = 1>
ST_1 : Operation 23 [1/1] (0.38ns)   --->   "%store_ln16 = store i4 %i, i4 %i1" [q3_kernels.cpp:16]   --->   Operation 23 'store' 'store_ln16' <Predicate = true> <Delay = 0.38>
ST_1 : Operation 24 [1/1] (0.00ns)   --->   "%br_ln16 = br i1 %icmp_ln16, void %for.inc.split, void %for.end" [q3_kernels.cpp:16]   --->   Operation 24 'br' 'br_ln16' <Predicate = true> <Delay = 0.00>

State 2 <SV = 1> <Delay = 2.57>
ST_2 : Operation 25 [1/1] (0.00ns)   --->   "%specpipeline_ln16 = specpipeline void @_ssdm_op_SpecPipeline, i32 4294967295, i32 0, i32 0, i32 0, void @empty_0" [q3_kernels.cpp:16]   --->   Operation 25 'specpipeline' 'specpipeline_ln16' <Predicate = true> <Delay = 0.00>
ST_2 : Operation 26 [1/1] (0.00ns)   --->   "%speclooptripcount_ln16 = speclooptripcount void @_ssdm_op_SpecLoopTripCount, i64 16, i64 16, i64 16" [q3_kernels.cpp:16]   --->   Operation 26 'speclooptripcount' 'speclooptripcount_ln16' <Predicate = true> <Delay = 0.00>
ST_2 : Operation 27 [1/1] (0.00ns)   --->   "%specloopname_ln16 = specloopname void @_ssdm_op_SpecLoopName, void @empty_2" [q3_kernels.cpp:16]   --->   Operation 27 'specloopname' 'specloopname_ln16' <Predicate = true> <Delay = 0.00>
ST_2 : Operation 28 [1/2] (0.71ns)   --->   "%a_load = load i4 %a_addr" [q3_kernels.cpp:17]   --->   Operation 28 'load' 'a_load' <Predicate = true> <Delay = 0.71> <CoreInst = "RAM">   --->   Core 82 'RAM' <Latency = 1> <II = 1> <Delay = 0.71> <Storage> <Opcode : 'load' 'store'> <Ports = 2> <Width = 64> <Depth = 16> <RAM>
ST_2 : Operation 29 [1/2] (0.71ns)   --->   "%b_load = load i4 %b_addr" [q3_kernels.cpp:17]   --->   Operation 29 'load' 'b_load' <Predicate = true> <Delay = 0.71> <CoreInst = "RAM">   --->   Core 82 'RAM' <Latency = 1> <II = 1> <Delay = 0.71> <Storage> <Opcode : 'load' 'store'> <Ports = 2> <Width = 64> <Depth = 16> <RAM>
ST_2 : Operation 30 [1/1] (1.14ns)   --->   "%add_ln17 = add i64 %b_load, i64 %a_load" [q3_kernels.cpp:17]   --->   Operation 30 'add' 'add_ln17' <Predicate = true> <Delay = 1.14> <CoreInst = "Adder">   --->   Core 1 'Adder' <Latency = 0> <II = 1> <Delay = 1.14> <FuncUnit> <Opcode : 'add' 'sub'> <InPorts = 2> <OutPorts = 1>
ST_2 : Operation 31 [1/1] (0.00ns)   --->   "%c_addr = getelementptr i64 %c, i64 0, i64 %zext_ln16" [q3_kernels.cpp:17]   --->   Operation 31 'getelementptr' 'c_addr' <Predicate = true> <Delay = 0.00>
ST_2 : Operation 32 [1/1] (0.71ns)   --->   "%store_ln17 = store i64 %add_ln17, i4 %c_addr" [q3_kernels.cpp:17]   --->   Operation 32 'store' 'store_ln17' <Predicate = true> <Delay = 0.71> <CoreInst = "RAM">   --->   Core 82 'RAM' <Latency = 1> <II = 1> <Delay = 0.71> <Storage> <Opcode : 'load' 'store'> <Ports = 2> <Width = 64> <Depth = 16> <RAM>
ST_2 : Operation 33 [1/1] (0.38ns)   --->   "%ret_ln19 = ret" [q3_kernels.cpp:19]   --->   Operation 33 'ret' 'ret_ln19' <Predicate = (icmp_ln16)> <Delay = 0.38>


============================================================
+ Verbose Summary: Timing violations
============================================================
Target clock period: 25.000ns, clock uncertainty: 6.750ns.

 <State 1>: 1.482ns
The critical path consists of the following:
	'store' operation 0 bit ('store_ln0') of constant 0 on local variable 'i1' [12]  (0.387 ns)
	'load' operation 4 bit ('i1_load', q3_kernels.cpp:16) on local variable 'i1' [15]  (0.000 ns)
	'add' operation 4 bit ('i', q3_kernels.cpp:16) [27]  (0.708 ns)
	'store' operation 0 bit ('store_ln16', q3_kernels.cpp:16) of variable 'i', q3_kernels.cpp:16 on local variable 'i1' [29]  (0.387 ns)

 <State 2>: 2.575ns
The critical path consists of the following:
	'load' operation 64 bit ('a_load', q3_kernels.cpp:17) on array 'a' [21]  (0.714 ns)
	'add' operation 64 bit ('add_ln17', q3_kernels.cpp:17) [24]  (1.147 ns)
	'store' operation 0 bit ('store_ln17', q3_kernels.cpp:17) of variable 'add_ln17', q3_kernels.cpp:17 on array 'c' [26]  (0.714 ns)


============================================================
+ Verbose Summary: Binding
============================================================
N/A
* FSMD analyzer results:
  - Output states:
 - Input state : 
  - Chain level:
	State 1
	State 2


============================================================
+ Verbose Summary: Datapath Resource usage 
============================================================
N/A
