

================================================================
== Vivado HLS Report for 'matrix_mult'
================================================================
* Date:           Wed Mar 18 13:50:07 2026

* Version:        2020.1 (Build 2897737 on Wed May 27 20:21:37 MDT 2020)
* Project:        matrix_mult
* Solution:       solution1
* Product family: virtexuplus
* Target device:  xcvu13p-fsga2577-2-e


================================================================
== Performance Estimates
================================================================
+ Timing: 
    * Summary: 
    +--------+----------+----------+------------+
    |  Clock |  Target  | Estimated| Uncertainty|
    +--------+----------+----------+------------+
    |ap_clk  | 25.00 ns | 5.208 ns |   3.12 ns  |
    +--------+----------+----------+------------+

+ Latency: 
    * Summary: 
    +---------+---------+-----------+-----------+------+------+---------+
    |  Latency (cycles) |   Latency (absolute)  |   Interval  | Pipeline|
    |   min   |   max   |    min    |    max    |  min |  max |   Type  |
    +---------+---------+-----------+-----------+------+------+---------+
    |     2221|     2221| 55.525 us | 55.525 us |  2221|  2221|   none  |
    +---------+---------+-----------+-----------+------+------+---------+

    + Detail: 
        * Instance: 
        N/A

        * Loop: 
        +-----------------+---------+---------+----------+-----------+-----------+------+----------+
        |                 |  Latency (cycles) | Iteration|  Initiation Interval  | Trip |          |
        |    Loop Name    |   min   |   max   |  Latency |  achieved |   target  | Count| Pipelined|
        +-----------------+---------+---------+----------+-----------+-----------+------+----------+
        |- Loop 1         |     2220|     2220|       222|          -|          -|    10|    no    |
        | + Loop 1.1      |      220|      220|        22|          -|          -|    10|    no    |
        |  ++ Loop 1.1.1  |       20|       20|         2|          -|          -|    10|    no    |
        +-----------------+---------+---------+----------+-----------+-----------+------+----------+

============================================================
+ Verbose Summary: Synthesis Manager
============================================================
InlineROM: 1
ExposeGlobal: 0
============================================================
+ Verbose Summary: CDFG Model
============================================================
IsTopModel: 1
ResetActiveHigh: 1
IsCombinational: 0
IsDatapathOnly: 0
HasWiredReturn: 1
HasMFsm: 0
HasVarLatency: 1
IsPipeline: 0
IsRtlPipelined: 0
IsInstanceOverlapped: 0
IsDontTouch: 0
HasImplIP: 0
IsGatedGlobalClock: 0


============================================================
+ Verbose Summary: Schedule
============================================================
* Number of FSM states : 5
* Pipeline : 0
* Dataflow Pipeline: 0

* FSM state transitions: 
1 --> 2 
2 --> 3 
3 --> 4 2 
4 --> 5 3 
5 --> 4 

* FSM state operations: 

State 1 <SV = 0> <Delay = 0.60>
ST_1 : Operation 6 [1/1] (0.00ns)   --->   "call void (...)* @_ssdm_op_SpecBitsMap([100 x i32]* %A) nounwind, !map !14"   --->   Operation 6 'specbitsmap' <Predicate = true> <Delay = 0.00>
ST_1 : Operation 7 [1/1] (0.00ns)   --->   "call void (...)* @_ssdm_op_SpecBitsMap([100 x i32]* %B) nounwind, !map !20"   --->   Operation 7 'specbitsmap' <Predicate = true> <Delay = 0.00>
ST_1 : Operation 8 [1/1] (0.00ns)   --->   "call void (...)* @_ssdm_op_SpecBitsMap([100 x i32]* %C) nounwind, !map !24"   --->   Operation 8 'specbitsmap' <Predicate = true> <Delay = 0.00>
ST_1 : Operation 9 [1/1] (0.00ns)   --->   "call void (...)* @_ssdm_op_SpecTopModule([12 x i8]* @matrix_mult_str) nounwind"   --->   Operation 9 'spectopmodule' <Predicate = true> <Delay = 0.00>
ST_1 : Operation 10 [1/1] (0.60ns)   --->   "br label %.loopexit" [matrix_mult.cpp:6]   --->   Operation 10 'br' <Predicate = true> <Delay = 0.60>

State 2 <SV = 1> <Delay = 0.70>
ST_2 : Operation 11 [1/1] (0.00ns)   --->   "%i_0 = phi i4 [ 0, %0 ], [ %i, %.loopexit.loopexit ]"   --->   Operation 11 'phi' 'i_0' <Predicate = true> <Delay = 0.00>
ST_2 : Operation 12 [1/1] (0.65ns)   --->   "%icmp_ln6 = icmp eq i4 %i_0, -6" [matrix_mult.cpp:6]   --->   Operation 12 'icmp' 'icmp_ln6' <Predicate = true> <Delay = 0.65> <Core = "Cmp">   --->   Core 25 'Cmp' <Latency = 0> <II = 1> <Delay = 0.65> <FuncUnit> <Opcode : 'icmp'> <InPorts = 2> <OutPorts = 1>
ST_2 : Operation 13 [1/1] (0.00ns)   --->   "%empty = call i32 (...)* @_ssdm_op_SpecLoopTripCount(i64 10, i64 10, i64 10) nounwind"   --->   Operation 13 'speclooptripcount' 'empty' <Predicate = true> <Delay = 0.00>
ST_2 : Operation 14 [1/1] (0.70ns)   --->   "%i = add i4 %i_0, 1" [matrix_mult.cpp:6]   --->   Operation 14 'add' 'i' <Predicate = true> <Delay = 0.70> <Core = "AddSub">   --->   Core 14 'AddSub' <Latency = 0> <II = 1> <Delay = 0.88> <FuncUnit> <Opcode : 'add' 'sub'> <InPorts = 2> <OutPorts = 1>
ST_2 : Operation 15 [1/1] (0.00ns)   --->   "br i1 %icmp_ln6, label %4, label %.preheader.preheader" [matrix_mult.cpp:6]   --->   Operation 15 'br' <Predicate = true> <Delay = 0.00>
ST_2 : Operation 16 [1/1] (0.00ns)   --->   "%tmp = call i7 @_ssdm_op_BitConcatenate.i7.i4.i3(i4 %i_0, i3 0)" [matrix_mult.cpp:10]   --->   Operation 16 'bitconcatenate' 'tmp' <Predicate = (!icmp_ln6)> <Delay = 0.00>
ST_2 : Operation 17 [1/1] (0.00ns)   --->   "%zext_ln10 = zext i7 %tmp to i8" [matrix_mult.cpp:10]   --->   Operation 17 'zext' 'zext_ln10' <Predicate = (!icmp_ln6)> <Delay = 0.00>
ST_2 : Operation 18 [1/1] (0.00ns)   --->   "%tmp_1 = call i5 @_ssdm_op_BitConcatenate.i5.i4.i1(i4 %i_0, i1 false)" [matrix_mult.cpp:10]   --->   Operation 18 'bitconcatenate' 'tmp_1' <Predicate = (!icmp_ln6)> <Delay = 0.00>
ST_2 : Operation 19 [1/1] (0.00ns)   --->   "%zext_ln10_1 = zext i5 %tmp_1 to i8" [matrix_mult.cpp:10]   --->   Operation 19 'zext' 'zext_ln10_1' <Predicate = (!icmp_ln6)> <Delay = 0.00>
ST_2 : Operation 20 [1/1] (0.70ns)   --->   "%add_ln10_1 = add i8 %zext_ln10_1, %zext_ln10" [matrix_mult.cpp:10]   --->   Operation 20 'add' 'add_ln10_1' <Predicate = (!icmp_ln6)> <Delay = 0.70> <Core = "AddSub">   --->   Core 14 'AddSub' <Latency = 0> <II = 1> <Delay = 0.88> <FuncUnit> <Opcode : 'add' 'sub'> <InPorts = 2> <OutPorts = 1>
ST_2 : Operation 21 [1/1] (0.60ns)   --->   "br label %.preheader" [matrix_mult.cpp:7]   --->   Operation 21 'br' <Predicate = (!icmp_ln6)> <Delay = 0.60>
ST_2 : Operation 22 [1/1] (0.00ns)   --->   "ret void" [matrix_mult.cpp:14]   --->   Operation 22 'ret' <Predicate = (icmp_ln6)> <Delay = 0.00>

State 3 <SV = 2> <Delay = 0.70>
ST_3 : Operation 23 [1/1] (0.00ns)   --->   "%j_0 = phi i4 [ 0, %.preheader.preheader ], [ %j, %.preheader.loopexit ]"   --->   Operation 23 'phi' 'j_0' <Predicate = true> <Delay = 0.00>
ST_3 : Operation 24 [1/1] (0.65ns)   --->   "%icmp_ln7 = icmp eq i4 %j_0, -6" [matrix_mult.cpp:7]   --->   Operation 24 'icmp' 'icmp_ln7' <Predicate = true> <Delay = 0.65> <Core = "Cmp">   --->   Core 25 'Cmp' <Latency = 0> <II = 1> <Delay = 0.65> <FuncUnit> <Opcode : 'icmp'> <InPorts = 2> <OutPorts = 1>
ST_3 : Operation 25 [1/1] (0.00ns)   --->   "%empty_2 = call i32 (...)* @_ssdm_op_SpecLoopTripCount(i64 10, i64 10, i64 10) nounwind"   --->   Operation 25 'speclooptripcount' 'empty_2' <Predicate = true> <Delay = 0.00>
ST_3 : Operation 26 [1/1] (0.70ns)   --->   "%j = add i4 %j_0, 1" [matrix_mult.cpp:7]   --->   Operation 26 'add' 'j' <Predicate = true> <Delay = 0.70> <Core = "AddSub">   --->   Core 14 'AddSub' <Latency = 0> <II = 1> <Delay = 0.88> <FuncUnit> <Opcode : 'add' 'sub'> <InPorts = 2> <OutPorts = 1>
ST_3 : Operation 27 [1/1] (0.00ns)   --->   "br i1 %icmp_ln7, label %.loopexit.loopexit, label %1" [matrix_mult.cpp:7]   --->   Operation 27 'br' <Predicate = true> <Delay = 0.00>
ST_3 : Operation 28 [1/1] (0.00ns)   --->   "%zext_ln8 = zext i4 %j_0 to i8" [matrix_mult.cpp:8]   --->   Operation 28 'zext' 'zext_ln8' <Predicate = (!icmp_ln7)> <Delay = 0.00>
ST_3 : Operation 29 [1/1] (0.70ns)   --->   "%add_ln8 = add i8 %add_ln10_1, %zext_ln8" [matrix_mult.cpp:8]   --->   Operation 29 'add' 'add_ln8' <Predicate = (!icmp_ln7)> <Delay = 0.70> <Core = "AddSub">   --->   Core 14 'AddSub' <Latency = 0> <II = 1> <Delay = 0.88> <FuncUnit> <Opcode : 'add' 'sub'> <InPorts = 2> <OutPorts = 1>
ST_3 : Operation 30 [1/1] (0.00ns)   --->   "%zext_ln8_1 = zext i8 %add_ln8 to i64" [matrix_mult.cpp:8]   --->   Operation 30 'zext' 'zext_ln8_1' <Predicate = (!icmp_ln7)> <Delay = 0.00>
ST_3 : Operation 31 [1/1] (0.00ns)   --->   "%C_addr = getelementptr [100 x i32]* %C, i64 0, i64 %zext_ln8_1" [matrix_mult.cpp:8]   --->   Operation 31 'getelementptr' 'C_addr' <Predicate = (!icmp_ln7)> <Delay = 0.00>
ST_3 : Operation 32 [1/1] (0.60ns)   --->   "br label %2" [matrix_mult.cpp:9]   --->   Operation 32 'br' <Predicate = (!icmp_ln7)> <Delay = 0.60>
ST_3 : Operation 33 [1/1] (0.00ns)   --->   "br label %.loopexit"   --->   Operation 33 'br' <Predicate = (icmp_ln7)> <Delay = 0.00>

State 4 <SV = 3> <Delay = 1.99>
ST_4 : Operation 34 [1/1] (0.00ns)   --->   "%C_load = phi i32 [ 0, %1 ], [ %add_ln10, %3 ]" [matrix_mult.cpp:10]   --->   Operation 34 'phi' 'C_load' <Predicate = true> <Delay = 0.00>
ST_4 : Operation 35 [1/1] (0.00ns)   --->   "%k_0 = phi i4 [ 0, %1 ], [ %k, %3 ]"   --->   Operation 35 'phi' 'k_0' <Predicate = true> <Delay = 0.00>
ST_4 : Operation 36 [1/1] (1.15ns)   --->   "store i32 %C_load, i32* %C_addr, align 4" [matrix_mult.cpp:10]   --->   Operation 36 'store' <Predicate = true> <Delay = 1.15> <Core = "RAM">   --->   Core 37 'RAM' <Latency = 1> <II = 1> <Delay = 1.15> <Storage> <Opcode : 'load' 'store'> <Ports = 2> <Width = 32> <Depth = 100> <RAM>
ST_4 : Operation 37 [1/1] (0.65ns)   --->   "%icmp_ln9 = icmp eq i4 %k_0, -6" [matrix_mult.cpp:9]   --->   Operation 37 'icmp' 'icmp_ln9' <Predicate = true> <Delay = 0.65> <Core = "Cmp">   --->   Core 25 'Cmp' <Latency = 0> <II = 1> <Delay = 0.65> <FuncUnit> <Opcode : 'icmp'> <InPorts = 2> <OutPorts = 1>
ST_4 : Operation 38 [1/1] (0.00ns)   --->   "%empty_3 = call i32 (...)* @_ssdm_op_SpecLoopTripCount(i64 10, i64 10, i64 10) nounwind"   --->   Operation 38 'speclooptripcount' 'empty_3' <Predicate = true> <Delay = 0.00>
ST_4 : Operation 39 [1/1] (0.70ns)   --->   "%k = add i4 %k_0, 1" [matrix_mult.cpp:9]   --->   Operation 39 'add' 'k' <Predicate = true> <Delay = 0.70> <Core = "AddSub">   --->   Core 14 'AddSub' <Latency = 0> <II = 1> <Delay = 0.88> <FuncUnit> <Opcode : 'add' 'sub'> <InPorts = 2> <OutPorts = 1>
ST_4 : Operation 40 [1/1] (0.00ns)   --->   "br i1 %icmp_ln9, label %.preheader.loopexit, label %3" [matrix_mult.cpp:9]   --->   Operation 40 'br' <Predicate = true> <Delay = 0.00>
ST_4 : Operation 41 [1/1] (0.00ns)   --->   "%zext_ln10_2 = zext i4 %k_0 to i8" [matrix_mult.cpp:10]   --->   Operation 41 'zext' 'zext_ln10_2' <Predicate = (!icmp_ln9)> <Delay = 0.00>
ST_4 : Operation 42 [1/1] (0.70ns)   --->   "%add_ln10_2 = add i8 %add_ln10_1, %zext_ln10_2" [matrix_mult.cpp:10]   --->   Operation 42 'add' 'add_ln10_2' <Predicate = (!icmp_ln9)> <Delay = 0.70> <Core = "AddSub">   --->   Core 14 'AddSub' <Latency = 0> <II = 1> <Delay = 0.88> <FuncUnit> <Opcode : 'add' 'sub'> <InPorts = 2> <OutPorts = 1>
ST_4 : Operation 43 [1/1] (0.00ns)   --->   "%zext_ln10_3 = zext i8 %add_ln10_2 to i64" [matrix_mult.cpp:10]   --->   Operation 43 'zext' 'zext_ln10_3' <Predicate = (!icmp_ln9)> <Delay = 0.00>
ST_4 : Operation 44 [1/1] (0.00ns)   --->   "%A_addr = getelementptr [100 x i32]* %A, i64 0, i64 %zext_ln10_3" [matrix_mult.cpp:10]   --->   Operation 44 'getelementptr' 'A_addr' <Predicate = (!icmp_ln9)> <Delay = 0.00>
ST_4 : Operation 45 [1/1] (0.00ns)   --->   "%tmp_2 = call i7 @_ssdm_op_BitConcatenate.i7.i4.i3(i4 %k_0, i3 0)" [matrix_mult.cpp:10]   --->   Operation 45 'bitconcatenate' 'tmp_2' <Predicate = (!icmp_ln9)> <Delay = 0.00>
ST_4 : Operation 46 [1/1] (0.00ns)   --->   "%zext_ln10_4 = zext i7 %tmp_2 to i8" [matrix_mult.cpp:10]   --->   Operation 46 'zext' 'zext_ln10_4' <Predicate = (!icmp_ln9)> <Delay = 0.00>
ST_4 : Operation 47 [1/1] (0.00ns)   --->   "%tmp_3 = call i5 @_ssdm_op_BitConcatenate.i5.i4.i1(i4 %k_0, i1 false)" [matrix_mult.cpp:10]   --->   Operation 47 'bitconcatenate' 'tmp_3' <Predicate = (!icmp_ln9)> <Delay = 0.00>
ST_4 : Operation 48 [1/1] (0.00ns)   --->   "%zext_ln10_5 = zext i5 %tmp_3 to i8" [matrix_mult.cpp:10]   --->   Operation 48 'zext' 'zext_ln10_5' <Predicate = (!icmp_ln9)> <Delay = 0.00>
ST_4 : Operation 49 [1/1] (0.00ns) (grouped into TernaryAdder)   --->   "%add_ln10_3 = add i8 %zext_ln10_5, %zext_ln10_4" [matrix_mult.cpp:10]   --->   Operation 49 'add' 'add_ln10_3' <Predicate = (!icmp_ln9)> <Delay = 0.00> <Core = "TAddSub">   --->   Core 83 'TAddSub' <Latency = 0> <II = 1> <Delay = 0.41> <IPBlock> <Opcode : 'add' 'sub'> <InPorts = 3> <OutPorts = 1> <Sync> <CReg>
ST_4 : Operation 50 [1/1] (0.83ns) (root node of TernaryAdder)   --->   "%add_ln10_4 = add i8 %add_ln10_3, %zext_ln8" [matrix_mult.cpp:10]   --->   Operation 50 'add' 'add_ln10_4' <Predicate = (!icmp_ln9)> <Delay = 0.83> <Core = "TAddSub">   --->   Core 83 'TAddSub' <Latency = 0> <II = 1> <Delay = 0.41> <IPBlock> <Opcode : 'add' 'sub'> <InPorts = 3> <OutPorts = 1> <Sync> <CReg>
ST_4 : Operation 51 [1/1] (0.00ns)   --->   "%zext_ln10_6 = zext i8 %add_ln10_4 to i64" [matrix_mult.cpp:10]   --->   Operation 51 'zext' 'zext_ln10_6' <Predicate = (!icmp_ln9)> <Delay = 0.00>
ST_4 : Operation 52 [1/1] (0.00ns)   --->   "%B_addr = getelementptr [100 x i32]* %B, i64 0, i64 %zext_ln10_6" [matrix_mult.cpp:10]   --->   Operation 52 'getelementptr' 'B_addr' <Predicate = (!icmp_ln9)> <Delay = 0.00>
ST_4 : Operation 53 [2/2] (1.15ns)   --->   "%A_load = load i32* %A_addr, align 4" [matrix_mult.cpp:10]   --->   Operation 53 'load' 'A_load' <Predicate = (!icmp_ln9)> <Delay = 1.15> <Core = "RAM">   --->   Core 37 'RAM' <Latency = 1> <II = 1> <Delay = 1.15> <Storage> <Opcode : 'load' 'store'> <Ports = 2> <Width = 32> <Depth = 100> <RAM>
ST_4 : Operation 54 [2/2] (1.15ns)   --->   "%B_load = load i32* %B_addr, align 4" [matrix_mult.cpp:10]   --->   Operation 54 'load' 'B_load' <Predicate = (!icmp_ln9)> <Delay = 1.15> <Core = "RAM">   --->   Core 37 'RAM' <Latency = 1> <II = 1> <Delay = 1.15> <Storage> <Opcode : 'load' 'store'> <Ports = 2> <Width = 32> <Depth = 100> <RAM>
ST_4 : Operation 55 [1/1] (0.00ns)   --->   "br label %.preheader"   --->   Operation 55 'br' <Predicate = (icmp_ln9)> <Delay = 0.00>

State 5 <SV = 4> <Delay = 5.20>
ST_5 : Operation 56 [1/2] (1.15ns)   --->   "%A_load = load i32* %A_addr, align 4" [matrix_mult.cpp:10]   --->   Operation 56 'load' 'A_load' <Predicate = true> <Delay = 1.15> <Core = "RAM">   --->   Core 37 'RAM' <Latency = 1> <II = 1> <Delay = 1.15> <Storage> <Opcode : 'load' 'store'> <Ports = 2> <Width = 32> <Depth = 100> <RAM>
ST_5 : Operation 57 [1/2] (1.15ns)   --->   "%B_load = load i32* %B_addr, align 4" [matrix_mult.cpp:10]   --->   Operation 57 'load' 'B_load' <Predicate = true> <Delay = 1.15> <Core = "RAM">   --->   Core 37 'RAM' <Latency = 1> <II = 1> <Delay = 1.15> <Storage> <Opcode : 'load' 'store'> <Ports = 2> <Width = 32> <Depth = 100> <RAM>
ST_5 : Operation 58 [1/1] (3.17ns)   --->   "%mul_ln10 = mul nsw i32 %B_load, %A_load" [matrix_mult.cpp:10]   --->   Operation 58 'mul' 'mul_ln10' <Predicate = true> <Delay = 3.17> <Core = "Mul">   --->   Core 16 'Mul' <Latency = 0> <II = 1> <Delay = 3.17> <FuncUnit> <Opcode : 'mul'> <InPorts = 2> <OutPorts = 1>
ST_5 : Operation 59 [1/1] (0.88ns)   --->   "%add_ln10 = add nsw i32 %mul_ln10, %C_load" [matrix_mult.cpp:10]   --->   Operation 59 'add' 'add_ln10' <Predicate = true> <Delay = 0.88> <Core = "AddSub">   --->   Core 14 'AddSub' <Latency = 0> <II = 1> <Delay = 0.88> <FuncUnit> <Opcode : 'add' 'sub'> <InPorts = 2> <OutPorts = 1>
ST_5 : Operation 60 [1/1] (0.00ns)   --->   "br label %2" [matrix_mult.cpp:9]   --->   Operation 60 'br' <Predicate = true> <Delay = 0.00>


============================================================
+ Verbose Summary: Binding
============================================================
STG Binding: 
---------------- STG Properties BEGIN ----------------
- Is combinational: 0
- Is one-state seq: 0
- Is datapath-only: 0
- Is pipelined: 0
- Is top level: 1
Port [ Return ] is wired: 1; IO mode=ap_ctrl_hs:ce=0
Port [ A]:  wired=1; compound=1; hidden=0; nouse=0; global=0; static=0; extern=0; dir=0; type=1; pingpong=0; private_global=0; MemPort=[13]; IO mode=ap_memory:ce=0
Port [ B]:  wired=1; compound=1; hidden=0; nouse=0; global=0; static=0; extern=0; dir=0; type=1; pingpong=0; private_global=0; MemPort=[13]; IO mode=ap_memory:ce=0
Port [ C]:  wired=1; compound=1; hidden=0; nouse=0; global=0; static=0; extern=0; dir=1; type=1; pingpong=0; private_global=0; MemPort=[03]; IO mode=ap_memory:ce=0
---------------- STG Properties END ------------------

---------------- Datapath Model BEGIN ----------------

<LifeTime>
<method=bitvector/>
specbitsmap_ln0   (specbitsmap      ) [ 000000]
specbitsmap_ln0   (specbitsmap      ) [ 000000]
specbitsmap_ln0   (specbitsmap      ) [ 000000]
spectopmodule_ln0 (spectopmodule    ) [ 000000]
br_ln6            (br               ) [ 011111]
i_0               (phi              ) [ 001000]
icmp_ln6          (icmp             ) [ 001111]
empty             (speclooptripcount) [ 000000]
i                 (add              ) [ 011111]
br_ln6            (br               ) [ 000000]
tmp               (bitconcatenate   ) [ 000000]
zext_ln10         (zext             ) [ 000000]
tmp_1             (bitconcatenate   ) [ 000000]
zext_ln10_1       (zext             ) [ 000000]
add_ln10_1        (add              ) [ 000111]
br_ln7            (br               ) [ 001111]
ret_ln14          (ret              ) [ 000000]
j_0               (phi              ) [ 000100]
icmp_ln7          (icmp             ) [ 001111]
empty_2           (speclooptripcount) [ 000000]
j                 (add              ) [ 001111]
br_ln7            (br               ) [ 000000]
zext_ln8          (zext             ) [ 000011]
add_ln8           (add              ) [ 000000]
zext_ln8_1        (zext             ) [ 000000]
C_addr            (getelementptr    ) [ 000011]
br_ln9            (br               ) [ 001111]
br_ln0            (br               ) [ 011111]
C_load            (phi              ) [ 000011]
k_0               (phi              ) [ 000010]
store_ln10        (store            ) [ 000000]
icmp_ln9          (icmp             ) [ 001111]
empty_3           (speclooptripcount) [ 000000]
k                 (add              ) [ 001111]
br_ln9            (br               ) [ 000000]
zext_ln10_2       (zext             ) [ 000000]
add_ln10_2        (add              ) [ 000000]
zext_ln10_3       (zext             ) [ 000000]
A_addr            (getelementptr    ) [ 000001]
tmp_2             (bitconcatenate   ) [ 000000]
zext_ln10_4       (zext             ) [ 000000]
tmp_3             (bitconcatenate   ) [ 000000]
zext_ln10_5       (zext             ) [ 000000]
add_ln10_3        (add              ) [ 000000]
add_ln10_4        (add              ) [ 000000]
zext_ln10_6       (zext             ) [ 000000]
B_addr            (getelementptr    ) [ 000001]
br_ln0            (br               ) [ 001111]
A_load            (load             ) [ 000000]
B_load            (load             ) [ 000000]
mul_ln10          (mul              ) [ 000000]
add_ln10          (add              ) [ 001111]
br_ln9            (br               ) [ 001111]
</LifeTime>

<model>

<comp_list>
<comp id="0" class="1000" name="A">
<pin_list>
<pin id="1" dir="1" index="0" bw="1" slack="0"/>
</pin_list>
<bind>
<StgValue><ssdm name="A"/><MemPortTyVec>1 3 </MemPortTyVec>
</StgValue>
</bind>
</comp>

<comp id="2" class="1000" name="B">
<pin_list>
<pin id="3" dir="1" index="0" bw="1" slack="0"/>
</pin_list>
<bind>
<StgValue><ssdm name="B"/><MemPortTyVec>1 3 </MemPortTyVec>
</StgValue>
</bind>
</comp>

<comp id="4" class="1000" name="C">
<pin_list>
<pin id="5" dir="1" index="0" bw="1" slack="0"/>
</pin_list>
<bind>
<StgValue><ssdm name="C"/><MemPortTyVec>0 3 </MemPortTyVec>
</StgValue>
</bind>
</comp>

<comp id="6" class="1001" name="const_6">
<pin_list>
<pin id="7" dir="1" index="0" bw="1" slack="2147483647"/>
</pin_list>
<bind>
<StgValue><ssdm name="_ssdm_op_SpecBitsMap"/></StgValue>
</bind>
</comp>

<comp id="8" class="1001" name="const_8">
<pin_list>
<pin id="9" dir="1" index="0" bw="1" slack="2147483647"/>
</pin_list>
<bind>
<StgValue><ssdm name="_ssdm_op_SpecTopModule"/></StgValue>
</bind>
</comp>

<comp id="10" class="1001" name="const_10">
<pin_list>
<pin id="11" dir="1" index="0" bw="1" slack="2147483647"/>
</pin_list>
<bind>
<StgValue><ssdm name="matrix_mult_str"/></StgValue>
</bind>
</comp>

<comp id="12" class="1001" name="const_12">
<pin_list>
<pin id="13" dir="1" index="0" bw="1" slack="1"/>
</pin_list>
<bind>
<StgValue><ssdm name=""/></StgValue>
</bind>
</comp>

<comp id="14" class="1001" name="const_14">
<pin_list>
<pin id="15" dir="1" index="0" bw="1" slack="0"/>
</pin_list>
<bind>
<StgValue><ssdm name=""/></StgValue>
</bind>
</comp>

<comp id="16" class="1001" name="const_16">
<pin_list>
<pin id="17" dir="1" index="0" bw="1" slack="2147483647"/>
</pin_list>
<bind>
<StgValue><ssdm name="_ssdm_op_SpecLoopTripCount"/></StgValue>
</bind>
</comp>

<comp id="18" class="1001" name="const_18">
<pin_list>
<pin id="19" dir="1" index="0" bw="1" slack="2147483647"/>
</pin_list>
<bind>
<StgValue><ssdm name=""/></StgValue>
</bind>
</comp>

<comp id="20" class="1001" name="const_20">
<pin_list>
<pin id="21" dir="1" index="0" bw="1" slack="0"/>
</pin_list>
<bind>
<StgValue><ssdm name=""/></StgValue>
</bind>
</comp>

<comp id="22" class="1001" name="const_22">
<pin_list>
<pin id="23" dir="1" index="0" bw="1" slack="0"/>
</pin_list>
<bind>
<StgValue><ssdm name="_ssdm_op_BitConcatenate.i7.i4.i3"/></StgValue>
</bind>
</comp>

<comp id="24" class="1001" name="const_24">
<pin_list>
<pin id="25" dir="1" index="0" bw="1" slack="0"/>
</pin_list>
<bind>
<StgValue><ssdm name=""/></StgValue>
</bind>
</comp>

<comp id="26" class="1001" name="const_26">
<pin_list>
<pin id="27" dir="1" index="0" bw="1" slack="0"/>
</pin_list>
<bind>
<StgValue><ssdm name="_ssdm_op_BitConcatenate.i5.i4.i1"/></StgValue>
</bind>
</comp>

<comp id="28" class="1001" name="const_28">
<pin_list>
<pin id="29" dir="1" index="0" bw="1" slack="0"/>
</pin_list>
<bind>
<StgValue><ssdm name=""/></StgValue>
</bind>
</comp>

<comp id="30" class="1001" name="const_30">
<pin_list>
<pin id="31" dir="1" index="0" bw="1" slack="0"/>
</pin_list>
<bind>
<StgValue><ssdm name=""/></StgValue>
</bind>
</comp>

<comp id="32" class="1001" name="const_32">
<pin_list>
<pin id="33" dir="1" index="0" bw="1" slack="1"/>
</pin_list>
<bind>
<StgValue><ssdm name=""/></StgValue>
</bind>
</comp>

<comp id="34" class="1004" name="C_addr_gep_fu_34">
<pin_list>
<pin id="35" dir="0" index="0" bw="32" slack="0"/>
<pin id="36" dir="0" index="1" bw="1" slack="0"/>
<pin id="37" dir="0" index="2" bw="8" slack="0"/>
<pin id="38" dir="1" index="3" bw="7" slack="1"/>
</pin_list>
<bind>
<opcode="getelementptr(29) " fcode="getelementptr"/>
<opset="C_addr/3 "/>
</bind>
</comp>

<comp id="41" class="1004" name="store_ln10_access_fu_41">
<pin_list>
<pin id="42" dir="0" index="0" bw="7" slack="1"/>
<pin id="43" dir="0" index="1" bw="32" slack="0"/>
<pin id="44" dir="0" index="2" bw="0" slack="2147483647"/>
<pin id="45" dir="1" index="3" bw="32" slack="2147483647"/>
</pin_list>
<bind>
<opcode="store(28) " fcode="store"/>
<opset="store_ln10/4 "/>
</bind>
</comp>

<comp id="46" class="1004" name="A_addr_gep_fu_46">
<pin_list>
<pin id="47" dir="0" index="0" bw="32" slack="0"/>
<pin id="48" dir="0" index="1" bw="1" slack="0"/>
<pin id="49" dir="0" index="2" bw="8" slack="0"/>
<pin id="50" dir="1" index="3" bw="7" slack="0"/>
</pin_list>
<bind>
<opcode="getelementptr(29) " fcode="getelementptr"/>
<opset="A_addr/4 "/>
</bind>
</comp>

<comp id="53" class="1004" name="B_addr_gep_fu_53">
<pin_list>
<pin id="54" dir="0" index="0" bw="32" slack="0"/>
<pin id="55" dir="0" index="1" bw="1" slack="0"/>
<pin id="56" dir="0" index="2" bw="8" slack="0"/>
<pin id="57" dir="1" index="3" bw="7" slack="0"/>
</pin_list>
<bind>
<opcode="getelementptr(29) " fcode="getelementptr"/>
<opset="B_addr/4 "/>
</bind>
</comp>

<comp id="60" class="1004" name="grp_access_fu_60">
<pin_list>
<pin id="61" dir="0" index="0" bw="7" slack="0"/>
<pin id="62" dir="0" index="1" bw="32" slack="2147483647"/>
<pin id="63" dir="0" index="2" bw="0" slack="2147483647"/>
<pin id="64" dir="1" index="3" bw="32" slack="0"/>
</pin_list>
<bind>
<opcode="load(27) " fcode="load"/>
<opset="A_load/4 "/>
</bind>
</comp>

<comp id="66" class="1004" name="grp_access_fu_66">
<pin_list>
<pin id="67" dir="0" index="0" bw="7" slack="0"/>
<pin id="68" dir="0" index="1" bw="32" slack="2147483647"/>
<pin id="69" dir="0" index="2" bw="0" slack="2147483647"/>
<pin id="70" dir="1" index="3" bw="32" slack="0"/>
</pin_list>
<bind>
<opcode="load(27) " fcode="load"/>
<opset="B_load/4 "/>
</bind>
</comp>

<comp id="72" class="1005" name="i_0_reg_72">
<pin_list>
<pin id="73" dir="0" index="0" bw="4" slack="1"/>
<pin id="74" dir="1" index="1" bw="4" slack="1"/>
</pin_list>
<bind>
<opset="i_0 (phireg) "/>
</bind>
</comp>

<comp id="76" class="1004" name="i_0_phi_fu_76">
<pin_list>
<pin id="77" dir="0" index="0" bw="1" slack="1"/>
<pin id="78" dir="0" index="1" bw="0" slack="2147483647"/>
<pin id="79" dir="0" index="2" bw="4" slack="0"/>
<pin id="80" dir="0" index="3" bw="0" slack="2147483647"/>
<pin id="81" dir="1" index="4" bw="4" slack="0"/>
</pin_list>
<bind>
<opcode="phi(47) " fcode="phi"/>
<opset="i_0/2 "/>
</bind>
</comp>

<comp id="83" class="1005" name="j_0_reg_83">
<pin_list>
<pin id="84" dir="0" index="0" bw="4" slack="1"/>
<pin id="85" dir="1" index="1" bw="4" slack="1"/>
</pin_list>
<bind>
<opset="j_0 (phireg) "/>
</bind>
</comp>

<comp id="87" class="1004" name="j_0_phi_fu_87">
<pin_list>
<pin id="88" dir="0" index="0" bw="1" slack="1"/>
<pin id="89" dir="0" index="1" bw="0" slack="2147483647"/>
<pin id="90" dir="0" index="2" bw="4" slack="0"/>
<pin id="91" dir="0" index="3" bw="0" slack="2147483647"/>
<pin id="92" dir="1" index="4" bw="4" slack="0"/>
</pin_list>
<bind>
<opcode="phi(47) " fcode="phi"/>
<opset="j_0/3 "/>
</bind>
</comp>

<comp id="94" class="1005" name="C_load_reg_94">
<pin_list>
<pin id="95" dir="0" index="0" bw="32" slack="1"/>
<pin id="96" dir="1" index="1" bw="32" slack="1"/>
</pin_list>
<bind>
<opset="C_load (phireg) "/>
</bind>
</comp>

<comp id="98" class="1004" name="C_load_phi_fu_98">
<pin_list>
<pin id="99" dir="0" index="0" bw="1" slack="1"/>
<pin id="100" dir="0" index="1" bw="0" slack="2147483647"/>
<pin id="101" dir="0" index="2" bw="32" slack="1"/>
<pin id="102" dir="0" index="3" bw="0" slack="2147483647"/>
<pin id="103" dir="1" index="4" bw="32" slack="0"/>
</pin_list>
<bind>
<opcode="phi(47) " fcode="phi"/>
<opset="C_load/4 "/>
</bind>
</comp>

<comp id="107" class="1005" name="k_0_reg_107">
<pin_list>
<pin id="108" dir="0" index="0" bw="4" slack="1"/>
<pin id="109" dir="1" index="1" bw="4" slack="1"/>
</pin_list>
<bind>
<opset="k_0 (phireg) "/>
</bind>
</comp>

<comp id="111" class="1004" name="k_0_phi_fu_111">
<pin_list>
<pin id="112" dir="0" index="0" bw="1" slack="1"/>
<pin id="113" dir="0" index="1" bw="0" slack="2147483647"/>
<pin id="114" dir="0" index="2" bw="4" slack="0"/>
<pin id="115" dir="0" index="3" bw="0" slack="2147483647"/>
<pin id="116" dir="1" index="4" bw="4" slack="0"/>
</pin_list>
<bind>
<opcode="phi(47) " fcode="phi"/>
<opset="k_0/4 "/>
</bind>
</comp>

<comp id="118" class="1004" name="icmp_ln6_fu_118">
<pin_list>
<pin id="119" dir="0" index="0" bw="4" slack="0"/>
<pin id="120" dir="0" index="1" bw="4" slack="0"/>
<pin id="121" dir="1" index="2" bw="1" slack="2147483647"/>
</pin_list>
<bind>
<opcode="icmp(45) " fcode="icmp"/>
<opset="icmp_ln6/2 "/>
</bind>
</comp>

<comp id="124" class="1004" name="i_fu_124">
<pin_list>
<pin id="125" dir="0" index="0" bw="4" slack="0"/>
<pin id="126" dir="0" index="1" bw="1" slack="0"/>
<pin id="127" dir="1" index="2" bw="4" slack="0"/>
</pin_list>
<bind>
<opcode="add(8) " fcode="add"/>
<opset="i/2 "/>
</bind>
</comp>

<comp id="130" class="1004" name="tmp_fu_130">
<pin_list>
<pin id="131" dir="0" index="0" bw="7" slack="0"/>
<pin id="132" dir="0" index="1" bw="4" slack="0"/>
<pin id="133" dir="0" index="2" bw="1" slack="0"/>
<pin id="134" dir="1" index="3" bw="7" slack="0"/>
</pin_list>
<bind>
<opcode="bitconcatenate(1004) " fcode="bitconcatenate"/>
<opset="tmp/2 "/>
</bind>
</comp>

<comp id="138" class="1004" name="zext_ln10_fu_138">
<pin_list>
<pin id="139" dir="0" index="0" bw="7" slack="0"/>
<pin id="140" dir="1" index="1" bw="8" slack="0"/>
</pin_list>
<bind>
<opcode="zext(34) " fcode="zext"/>
<opset="zext_ln10/2 "/>
</bind>
</comp>

<comp id="142" class="1004" name="tmp_1_fu_142">
<pin_list>
<pin id="143" dir="0" index="0" bw="5" slack="0"/>
<pin id="144" dir="0" index="1" bw="4" slack="0"/>
<pin id="145" dir="0" index="2" bw="1" slack="0"/>
<pin id="146" dir="1" index="3" bw="5" slack="0"/>
</pin_list>
<bind>
<opcode="bitconcatenate(1004) " fcode="bitconcatenate"/>
<opset="tmp_1/2 "/>
</bind>
</comp>

<comp id="150" class="1004" name="zext_ln10_1_fu_150">
<pin_list>
<pin id="151" dir="0" index="0" bw="5" slack="0"/>
<pin id="152" dir="1" index="1" bw="8" slack="0"/>
</pin_list>
<bind>
<opcode="zext(34) " fcode="zext"/>
<opset="zext_ln10_1/2 "/>
</bind>
</comp>

<comp id="154" class="1004" name="add_ln10_1_fu_154">
<pin_list>
<pin id="155" dir="0" index="0" bw="5" slack="0"/>
<pin id="156" dir="0" index="1" bw="7" slack="0"/>
<pin id="157" dir="1" index="2" bw="8" slack="1"/>
</pin_list>
<bind>
<opcode="add(8) " fcode="add"/>
<opset="add_ln10_1/2 "/>
</bind>
</comp>

<comp id="160" class="1004" name="icmp_ln7_fu_160">
<pin_list>
<pin id="161" dir="0" index="0" bw="4" slack="0"/>
<pin id="162" dir="0" index="1" bw="4" slack="0"/>
<pin id="163" dir="1" index="2" bw="1" slack="2147483647"/>
</pin_list>
<bind>
<opcode="icmp(45) " fcode="icmp"/>
<opset="icmp_ln7/3 "/>
</bind>
</comp>

<comp id="166" class="1004" name="j_fu_166">
<pin_list>
<pin id="167" dir="0" index="0" bw="4" slack="0"/>
<pin id="168" dir="0" index="1" bw="1" slack="0"/>
<pin id="169" dir="1" index="2" bw="4" slack="0"/>
</pin_list>
<bind>
<opcode="add(8) " fcode="add"/>
<opset="j/3 "/>
</bind>
</comp>

<comp id="172" class="1004" name="zext_ln8_fu_172">
<pin_list>
<pin id="173" dir="0" index="0" bw="4" slack="0"/>
<pin id="174" dir="1" index="1" bw="8" slack="0"/>
</pin_list>
<bind>
<opcode="zext(34) " fcode="zext"/>
<opset="zext_ln8/3 "/>
</bind>
</comp>

<comp id="176" class="1004" name="add_ln8_fu_176">
<pin_list>
<pin id="177" dir="0" index="0" bw="8" slack="1"/>
<pin id="178" dir="0" index="1" bw="4" slack="0"/>
<pin id="179" dir="1" index="2" bw="8" slack="0"/>
</pin_list>
<bind>
<opcode="add(8) " fcode="add"/>
<opset="add_ln8/3 "/>
</bind>
</comp>

<comp id="181" class="1004" name="zext_ln8_1_fu_181">
<pin_list>
<pin id="182" dir="0" index="0" bw="8" slack="0"/>
<pin id="183" dir="1" index="1" bw="64" slack="0"/>
</pin_list>
<bind>
<opcode="zext(34) " fcode="zext"/>
<opset="zext_ln8_1/3 "/>
</bind>
</comp>

<comp id="186" class="1004" name="icmp_ln9_fu_186">
<pin_list>
<pin id="187" dir="0" index="0" bw="4" slack="0"/>
<pin id="188" dir="0" index="1" bw="4" slack="0"/>
<pin id="189" dir="1" index="2" bw="1" slack="2147483647"/>
</pin_list>
<bind>
<opcode="icmp(45) " fcode="icmp"/>
<opset="icmp_ln9/4 "/>
</bind>
</comp>

<comp id="192" class="1004" name="k_fu_192">
<pin_list>
<pin id="193" dir="0" index="0" bw="4" slack="0"/>
<pin id="194" dir="0" index="1" bw="1" slack="0"/>
<pin id="195" dir="1" index="2" bw="4" slack="0"/>
</pin_list>
<bind>
<opcode="add(8) " fcode="add"/>
<opset="k/4 "/>
</bind>
</comp>

<comp id="198" class="1004" name="zext_ln10_2_fu_198">
<pin_list>
<pin id="199" dir="0" index="0" bw="4" slack="0"/>
<pin id="200" dir="1" index="1" bw="8" slack="0"/>
</pin_list>
<bind>
<opcode="zext(34) " fcode="zext"/>
<opset="zext_ln10_2/4 "/>
</bind>
</comp>

<comp id="202" class="1004" name="add_ln10_2_fu_202">
<pin_list>
<pin id="203" dir="0" index="0" bw="8" slack="2"/>
<pin id="204" dir="0" index="1" bw="4" slack="0"/>
<pin id="205" dir="1" index="2" bw="8" slack="0"/>
</pin_list>
<bind>
<opcode="add(8) " fcode="add"/>
<opset="add_ln10_2/4 "/>
</bind>
</comp>

<comp id="207" class="1004" name="zext_ln10_3_fu_207">
<pin_list>
<pin id="208" dir="0" index="0" bw="8" slack="0"/>
<pin id="209" dir="1" index="1" bw="64" slack="0"/>
</pin_list>
<bind>
<opcode="zext(34) " fcode="zext"/>
<opset="zext_ln10_3/4 "/>
</bind>
</comp>

<comp id="212" class="1004" name="tmp_2_fu_212">
<pin_list>
<pin id="213" dir="0" index="0" bw="7" slack="0"/>
<pin id="214" dir="0" index="1" bw="4" slack="0"/>
<pin id="215" dir="0" index="2" bw="1" slack="0"/>
<pin id="216" dir="1" index="3" bw="7" slack="0"/>
</pin_list>
<bind>
<opcode="bitconcatenate(1004) " fcode="bitconcatenate"/>
<opset="tmp_2/4 "/>
</bind>
</comp>

<comp id="220" class="1004" name="zext_ln10_4_fu_220">
<pin_list>
<pin id="221" dir="0" index="0" bw="7" slack="0"/>
<pin id="222" dir="1" index="1" bw="8" slack="0"/>
</pin_list>
<bind>
<opcode="zext(34) " fcode="zext"/>
<opset="zext_ln10_4/4 "/>
</bind>
</comp>

<comp id="224" class="1004" name="tmp_3_fu_224">
<pin_list>
<pin id="225" dir="0" index="0" bw="5" slack="0"/>
<pin id="226" dir="0" index="1" bw="4" slack="0"/>
<pin id="227" dir="0" index="2" bw="1" slack="0"/>
<pin id="228" dir="1" index="3" bw="5" slack="0"/>
</pin_list>
<bind>
<opcode="bitconcatenate(1004) " fcode="bitconcatenate"/>
<opset="tmp_3/4 "/>
</bind>
</comp>

<comp id="232" class="1004" name="zext_ln10_5_fu_232">
<pin_list>
<pin id="233" dir="0" index="0" bw="5" slack="0"/>
<pin id="234" dir="1" index="1" bw="8" slack="0"/>
</pin_list>
<bind>
<opcode="zext(34) " fcode="zext"/>
<opset="zext_ln10_5/4 "/>
</bind>
</comp>

<comp id="236" class="1004" name="add_ln10_3_fu_236">
<pin_list>
<pin id="237" dir="0" index="0" bw="5" slack="0"/>
<pin id="238" dir="0" index="1" bw="7" slack="0"/>
<pin id="239" dir="1" index="2" bw="8" slack="0"/>
</pin_list>
<bind>
<opcode="add(8) " fcode="add"/>
<opset="add_ln10_3/4 "/>
</bind>
</comp>

<comp id="242" class="1004" name="add_ln10_4_fu_242">
<pin_list>
<pin id="243" dir="0" index="0" bw="8" slack="0"/>
<pin id="244" dir="0" index="1" bw="4" slack="1"/>
<pin id="245" dir="1" index="2" bw="8" slack="0"/>
</pin_list>
<bind>
<opcode="add(8) " fcode="add"/>
<opset="add_ln10_4/4 "/>
</bind>
</comp>

<comp id="247" class="1004" name="zext_ln10_6_fu_247">
<pin_list>
<pin id="248" dir="0" index="0" bw="8" slack="0"/>
<pin id="249" dir="1" index="1" bw="64" slack="0"/>
</pin_list>
<bind>
<opcode="zext(34) " fcode="zext"/>
<opset="zext_ln10_6/4 "/>
</bind>
</comp>

<comp id="252" class="1004" name="mul_ln10_fu_252">
<pin_list>
<pin id="253" dir="0" index="0" bw="32" slack="0"/>
<pin id="254" dir="0" index="1" bw="32" slack="0"/>
<pin id="255" dir="1" index="2" bw="32" slack="0"/>
</pin_list>
<bind>
<opcode="mul(12) " fcode="mul"/>
<opset="mul_ln10/5 "/>
</bind>
</comp>

<comp id="258" class="1004" name="add_ln10_fu_258">
<pin_list>
<pin id="259" dir="0" index="0" bw="32" slack="0"/>
<pin id="260" dir="0" index="1" bw="32" slack="1"/>
<pin id="261" dir="1" index="2" bw="32" slack="1"/>
</pin_list>
<bind>
<opcode="add(8) " fcode="add"/>
<opset="add_ln10/5 "/>
</bind>
</comp>

<comp id="267" class="1005" name="i_reg_267">
<pin_list>
<pin id="268" dir="0" index="0" bw="4" slack="0"/>
<pin id="269" dir="1" index="1" bw="4" slack="0"/>
</pin_list>
<bind>
<opset="i "/>
</bind>
</comp>

<comp id="272" class="1005" name="add_ln10_1_reg_272">
<pin_list>
<pin id="273" dir="0" index="0" bw="8" slack="1"/>
<pin id="274" dir="1" index="1" bw="8" slack="1"/>
</pin_list>
<bind>
<opset="add_ln10_1 "/>
</bind>
</comp>

<comp id="281" class="1005" name="j_reg_281">
<pin_list>
<pin id="282" dir="0" index="0" bw="4" slack="0"/>
<pin id="283" dir="1" index="1" bw="4" slack="0"/>
</pin_list>
<bind>
<opset="j "/>
</bind>
</comp>

<comp id="286" class="1005" name="zext_ln8_reg_286">
<pin_list>
<pin id="287" dir="0" index="0" bw="8" slack="1"/>
<pin id="288" dir="1" index="1" bw="8" slack="1"/>
</pin_list>
<bind>
<opset="zext_ln8 "/>
</bind>
</comp>

<comp id="291" class="1005" name="C_addr_reg_291">
<pin_list>
<pin id="292" dir="0" index="0" bw="7" slack="1"/>
<pin id="293" dir="1" index="1" bw="7" slack="1"/>
</pin_list>
<bind>
<opset="C_addr "/>
</bind>
</comp>

<comp id="299" class="1005" name="k_reg_299">
<pin_list>
<pin id="300" dir="0" index="0" bw="4" slack="0"/>
<pin id="301" dir="1" index="1" bw="4" slack="0"/>
</pin_list>
<bind>
<opset="k "/>
</bind>
</comp>

<comp id="304" class="1005" name="A_addr_reg_304">
<pin_list>
<pin id="305" dir="0" index="0" bw="7" slack="1"/>
<pin id="306" dir="1" index="1" bw="7" slack="1"/>
</pin_list>
<bind>
<opset="A_addr "/>
</bind>
</comp>

<comp id="309" class="1005" name="B_addr_reg_309">
<pin_list>
<pin id="310" dir="0" index="0" bw="7" slack="1"/>
<pin id="311" dir="1" index="1" bw="7" slack="1"/>
</pin_list>
<bind>
<opset="B_addr "/>
</bind>
</comp>

<comp id="314" class="1005" name="add_ln10_reg_314">
<pin_list>
<pin id="315" dir="0" index="0" bw="32" slack="1"/>
<pin id="316" dir="1" index="1" bw="32" slack="1"/>
</pin_list>
<bind>
<opset="add_ln10 "/>
</bind>
</comp>

</comp_list>

<net_list>
<net id="39"><net_src comp="4" pin="0"/><net_sink comp="34" pin=0"/></net>

<net id="40"><net_src comp="30" pin="0"/><net_sink comp="34" pin=1"/></net>

<net id="51"><net_src comp="0" pin="0"/><net_sink comp="46" pin=0"/></net>

<net id="52"><net_src comp="30" pin="0"/><net_sink comp="46" pin=1"/></net>

<net id="58"><net_src comp="2" pin="0"/><net_sink comp="53" pin=0"/></net>

<net id="59"><net_src comp="30" pin="0"/><net_sink comp="53" pin=1"/></net>

<net id="65"><net_src comp="46" pin="3"/><net_sink comp="60" pin=0"/></net>

<net id="71"><net_src comp="53" pin="3"/><net_sink comp="66" pin=0"/></net>

<net id="75"><net_src comp="12" pin="0"/><net_sink comp="72" pin=0"/></net>

<net id="82"><net_src comp="72" pin="1"/><net_sink comp="76" pin=0"/></net>

<net id="86"><net_src comp="12" pin="0"/><net_sink comp="83" pin=0"/></net>

<net id="93"><net_src comp="83" pin="1"/><net_sink comp="87" pin=0"/></net>

<net id="97"><net_src comp="32" pin="0"/><net_sink comp="94" pin=0"/></net>

<net id="104"><net_src comp="94" pin="1"/><net_sink comp="98" pin=0"/></net>

<net id="105"><net_src comp="98" pin="4"/><net_sink comp="41" pin=1"/></net>

<net id="106"><net_src comp="98" pin="4"/><net_sink comp="94" pin=0"/></net>

<net id="110"><net_src comp="12" pin="0"/><net_sink comp="107" pin=0"/></net>

<net id="117"><net_src comp="107" pin="1"/><net_sink comp="111" pin=0"/></net>

<net id="122"><net_src comp="76" pin="4"/><net_sink comp="118" pin=0"/></net>

<net id="123"><net_src comp="14" pin="0"/><net_sink comp="118" pin=1"/></net>

<net id="128"><net_src comp="76" pin="4"/><net_sink comp="124" pin=0"/></net>

<net id="129"><net_src comp="20" pin="0"/><net_sink comp="124" pin=1"/></net>

<net id="135"><net_src comp="22" pin="0"/><net_sink comp="130" pin=0"/></net>

<net id="136"><net_src comp="76" pin="4"/><net_sink comp="130" pin=1"/></net>

<net id="137"><net_src comp="24" pin="0"/><net_sink comp="130" pin=2"/></net>

<net id="141"><net_src comp="130" pin="3"/><net_sink comp="138" pin=0"/></net>

<net id="147"><net_src comp="26" pin="0"/><net_sink comp="142" pin=0"/></net>

<net id="148"><net_src comp="76" pin="4"/><net_sink comp="142" pin=1"/></net>

<net id="149"><net_src comp="28" pin="0"/><net_sink comp="142" pin=2"/></net>

<net id="153"><net_src comp="142" pin="3"/><net_sink comp="150" pin=0"/></net>

<net id="158"><net_src comp="150" pin="1"/><net_sink comp="154" pin=0"/></net>

<net id="159"><net_src comp="138" pin="1"/><net_sink comp="154" pin=1"/></net>

<net id="164"><net_src comp="87" pin="4"/><net_sink comp="160" pin=0"/></net>

<net id="165"><net_src comp="14" pin="0"/><net_sink comp="160" pin=1"/></net>

<net id="170"><net_src comp="87" pin="4"/><net_sink comp="166" pin=0"/></net>

<net id="171"><net_src comp="20" pin="0"/><net_sink comp="166" pin=1"/></net>

<net id="175"><net_src comp="87" pin="4"/><net_sink comp="172" pin=0"/></net>

<net id="180"><net_src comp="172" pin="1"/><net_sink comp="176" pin=1"/></net>

<net id="184"><net_src comp="176" pin="2"/><net_sink comp="181" pin=0"/></net>

<net id="185"><net_src comp="181" pin="1"/><net_sink comp="34" pin=2"/></net>

<net id="190"><net_src comp="111" pin="4"/><net_sink comp="186" pin=0"/></net>

<net id="191"><net_src comp="14" pin="0"/><net_sink comp="186" pin=1"/></net>

<net id="196"><net_src comp="111" pin="4"/><net_sink comp="192" pin=0"/></net>

<net id="197"><net_src comp="20" pin="0"/><net_sink comp="192" pin=1"/></net>

<net id="201"><net_src comp="111" pin="4"/><net_sink comp="198" pin=0"/></net>

<net id="206"><net_src comp="198" pin="1"/><net_sink comp="202" pin=1"/></net>

<net id="210"><net_src comp="202" pin="2"/><net_sink comp="207" pin=0"/></net>

<net id="211"><net_src comp="207" pin="1"/><net_sink comp="46" pin=2"/></net>

<net id="217"><net_src comp="22" pin="0"/><net_sink comp="212" pin=0"/></net>

<net id="218"><net_src comp="111" pin="4"/><net_sink comp="212" pin=1"/></net>

<net id="219"><net_src comp="24" pin="0"/><net_sink comp="212" pin=2"/></net>

<net id="223"><net_src comp="212" pin="3"/><net_sink comp="220" pin=0"/></net>

<net id="229"><net_src comp="26" pin="0"/><net_sink comp="224" pin=0"/></net>

<net id="230"><net_src comp="111" pin="4"/><net_sink comp="224" pin=1"/></net>

<net id="231"><net_src comp="28" pin="0"/><net_sink comp="224" pin=2"/></net>

<net id="235"><net_src comp="224" pin="3"/><net_sink comp="232" pin=0"/></net>

<net id="240"><net_src comp="232" pin="1"/><net_sink comp="236" pin=0"/></net>

<net id="241"><net_src comp="220" pin="1"/><net_sink comp="236" pin=1"/></net>

<net id="246"><net_src comp="236" pin="2"/><net_sink comp="242" pin=0"/></net>

<net id="250"><net_src comp="242" pin="2"/><net_sink comp="247" pin=0"/></net>

<net id="251"><net_src comp="247" pin="1"/><net_sink comp="53" pin=2"/></net>

<net id="256"><net_src comp="66" pin="3"/><net_sink comp="252" pin=0"/></net>

<net id="257"><net_src comp="60" pin="3"/><net_sink comp="252" pin=1"/></net>

<net id="262"><net_src comp="252" pin="2"/><net_sink comp="258" pin=0"/></net>

<net id="263"><net_src comp="94" pin="1"/><net_sink comp="258" pin=1"/></net>

<net id="270"><net_src comp="124" pin="2"/><net_sink comp="267" pin=0"/></net>

<net id="271"><net_src comp="267" pin="1"/><net_sink comp="76" pin=2"/></net>

<net id="275"><net_src comp="154" pin="2"/><net_sink comp="272" pin=0"/></net>

<net id="276"><net_src comp="272" pin="1"/><net_sink comp="176" pin=0"/></net>

<net id="277"><net_src comp="272" pin="1"/><net_sink comp="202" pin=0"/></net>

<net id="284"><net_src comp="166" pin="2"/><net_sink comp="281" pin=0"/></net>

<net id="285"><net_src comp="281" pin="1"/><net_sink comp="87" pin=2"/></net>

<net id="289"><net_src comp="172" pin="1"/><net_sink comp="286" pin=0"/></net>

<net id="290"><net_src comp="286" pin="1"/><net_sink comp="242" pin=1"/></net>

<net id="294"><net_src comp="34" pin="3"/><net_sink comp="291" pin=0"/></net>

<net id="295"><net_src comp="291" pin="1"/><net_sink comp="41" pin=0"/></net>

<net id="302"><net_src comp="192" pin="2"/><net_sink comp="299" pin=0"/></net>

<net id="303"><net_src comp="299" pin="1"/><net_sink comp="111" pin=2"/></net>

<net id="307"><net_src comp="46" pin="3"/><net_sink comp="304" pin=0"/></net>

<net id="308"><net_src comp="304" pin="1"/><net_sink comp="60" pin=0"/></net>

<net id="312"><net_src comp="53" pin="3"/><net_sink comp="309" pin=0"/></net>

<net id="313"><net_src comp="309" pin="1"/><net_sink comp="66" pin=0"/></net>

<net id="317"><net_src comp="258" pin="2"/><net_sink comp="314" pin=0"/></net>

<net id="318"><net_src comp="314" pin="1"/><net_sink comp="98" pin=2"/></net>

</net_list>

</model> 
---------------- Datapath Model END ------------------

* FSMD analyzer results:
  - Output states:
	Port: C | {4 }
 - Input state : 
	Port: matrix_mult : A | {4 5 }
	Port: matrix_mult : B | {4 5 }
  - Chain level:
	State 1
	State 2
		icmp_ln6 : 1
		i : 1
		br_ln6 : 2
		tmp : 1
		zext_ln10 : 2
		tmp_1 : 1
		zext_ln10_1 : 2
		add_ln10_1 : 3
	State 3
		icmp_ln7 : 1
		j : 1
		br_ln7 : 2
		zext_ln8 : 1
		add_ln8 : 2
		zext_ln8_1 : 3
		C_addr : 4
	State 4
		store_ln10 : 1
		icmp_ln9 : 1
		k : 1
		br_ln9 : 2
		zext_ln10_2 : 1
		add_ln10_2 : 2
		zext_ln10_3 : 3
		A_addr : 4
		tmp_2 : 1
		zext_ln10_4 : 2
		tmp_3 : 1
		zext_ln10_5 : 2
		add_ln10_3 : 3
		add_ln10_4 : 4
		zext_ln10_6 : 5
		B_addr : 6
		A_load : 5
		B_load : 7
	State 5
		mul_ln10 : 1
		add_ln10 : 2


============================================================
+ Verbose Summary: Datapath Resource usage 
============================================================

* Functional unit list:
|----------|--------------------|---------|---------|---------|
| Operation|   Functional Unit  |  DSP48E |    FF   |   LUT   |
|----------|--------------------|---------|---------|---------|
|          |      i_fu_124      |    0    |    0    |    12   |
|          |  add_ln10_1_fu_154 |    0    |    0    |    15   |
|          |      j_fu_166      |    0    |    0    |    12   |
|          |   add_ln8_fu_176   |    0    |    0    |    15   |
|    add   |      k_fu_192      |    0    |    0    |    12   |
|          |  add_ln10_2_fu_202 |    0    |    0    |    15   |
|          |  add_ln10_3_fu_236 |    0    |    0    |    19   |
|          |  add_ln10_4_fu_242 |    0    |    0    |    19   |
|          |   add_ln10_fu_258  |    0    |    0    |    39   |
|----------|--------------------|---------|---------|---------|
|          |   icmp_ln6_fu_118  |    0    |    0    |    9    |
|   icmp   |   icmp_ln7_fu_160  |    0    |    0    |    9    |
|          |   icmp_ln9_fu_186  |    0    |    0    |    9    |
|----------|--------------------|---------|---------|---------|
|    mul   |   mul_ln10_fu_252  |    3    |    0    |    20   |
|----------|--------------------|---------|---------|---------|
|          |     tmp_fu_130     |    0    |    0    |    0    |
|bitconcatenate|    tmp_1_fu_142    |    0    |    0    |    0    |
|          |    tmp_2_fu_212    |    0    |    0    |    0    |
|          |    tmp_3_fu_224    |    0    |    0    |    0    |
|----------|--------------------|---------|---------|---------|
|          |  zext_ln10_fu_138  |    0    |    0    |    0    |
|          | zext_ln10_1_fu_150 |    0    |    0    |    0    |
|          |   zext_ln8_fu_172  |    0    |    0    |    0    |
|          |  zext_ln8_1_fu_181 |    0    |    0    |    0    |
|   zext   | zext_ln10_2_fu_198 |    0    |    0    |    0    |
|          | zext_ln10_3_fu_207 |    0    |    0    |    0    |
|          | zext_ln10_4_fu_220 |    0    |    0    |    0    |
|          | zext_ln10_5_fu_232 |    0    |    0    |    0    |
|          | zext_ln10_6_fu_247 |    0    |    0    |    0    |
|----------|--------------------|---------|---------|---------|
|   Total  |                    |    3    |    0    |   205   |
|----------|--------------------|---------|---------|---------|

Memories:
N/A

* Register list:
+------------------+--------+
|                  |   FF   |
+------------------+--------+
|  A_addr_reg_304  |    7   |
|  B_addr_reg_309  |    7   |
|  C_addr_reg_291  |    7   |
|   C_load_reg_94  |   32   |
|add_ln10_1_reg_272|    8   |
| add_ln10_reg_314 |   32   |
|    i_0_reg_72    |    4   |
|     i_reg_267    |    4   |
|    j_0_reg_83    |    4   |
|     j_reg_281    |    4   |
|    k_0_reg_107   |    4   |
|     k_reg_299    |    4   |
| zext_ln8_reg_286 |    8   |
+------------------+--------+
|       Total      |   125  |
+------------------+--------+

* Multiplexer (MUX) list: 
|------------------|------|------|------|--------||---------||---------|
|       Comp       |  Pin | Size |  BW  | S x BW ||  Delay  ||   LUT   |
|------------------|------|------|------|--------||---------||---------|
| grp_access_fu_60 |  p0  |   2  |   7  |   14   ||    9    |
| grp_access_fu_66 |  p0  |   2  |   7  |   14   ||    9    |
|   C_load_reg_94  |  p0  |   2  |  32  |   64   ||    9    |
|------------------|------|------|------|--------||---------||---------|
|       Total      |      |      |      |   92   ||  1.809  ||    27   |
|------------------|------|------|------|--------||---------||---------|



* Summary:
+-----------+--------+--------+--------+--------+
|           | DSP48E |  Delay |   FF   |   LUT  |
+-----------+--------+--------+--------+--------+
|  Function |    3   |    -   |    0   |   205  |
|   Memory  |    -   |    -   |    -   |    -   |
|Multiplexer|    -   |    1   |    -   |   27   |
|  Register |    -   |    -   |   125  |    -   |
+-----------+--------+--------+--------+--------+
|   Total   |    3   |    1   |   125  |   232  |
+-----------+--------+--------+--------+--------+
