================================================================
== Design Size Report
================================================================

* Total Instructions per Compilation Phase
+---------------+-----------------------------+--------------+----------------------------------------------------------------------------------------+
| Phase         | Step                        | Instructions | Description                                                                            |
+---------------+-----------------------------+--------------+----------------------------------------------------------------------------------------+
| Compile/Link  |                             |  52          | After all functions are compiled and linked into a single design                       |
|               |                             |              |                                                                                        |
| Unroll/Inline |                             |              | After user unroll and inline pragmas are applied                                       |
|               | (1) unroll                  | 141          | user unroll pragmas are applied                                                        |
|               | (2) simplification          |  75          | simplification of applied user unroll pragmas                                          |
|               | (3) inline                  |  71          | user inline pragmas are applied                                                        |
|               | (4) simplification          |  71          | simplification of applied user inline pragmas                                          |
|               |                             |              |                                                                                        |
| Array/Struct  |                             |              | After user array partition and struct aggregate/disaggregate pragmas are applied       |
|               | (1) array partition         | 370          | user array partition pragmas are applied                                               |
|               | (2) simplification          | 330          | simplification of applied user array partition & struct aggregate/disaggregate pragmas |
|               | (3) aggregate/disaggregate  | 330          | user struct aggregate/disaggregate pragmas are applied                                 |
|               | (4) array reshape           | 330          | apply array reshape pragmas                                                            |
|               | (5) access patterns         | 327          | array access pattern optmizations                                                      |
|               |                             |              |                                                                                        |
| Performance   |                             |              | After transformations are applied to meet performance pragma targets                   |
|               | (1) loop simplification     | 327          | loop and instruction simplification                                                    |
|               | (2) parallelization         | 327          | loops are unrolled or pipelined to meet performance targets                            |
|               | (3) array partition         | 327          | arrays are partitioned to meet performance targets                                     |
|               | (4) simplification          | 327          | simplification of design after performance transformations                             |
|               |                             |              |                                                                                        |
| HW Transforms |                             |              | After hardware transfomations                                                          |
|               | (1) lowering                | 359          | initial conversion to HW specific instructions                                         |
|               | (2) optimizations           | 364          | high level synthesis optimizations                                                     |
+---------------+-----------------------------+--------------+----------------------------------------------------------------------------------------+

* Instructions per Function for each Compilation Phase
+----------------------+-------------------+--------------+---------------+--------------+-------------+---------------+
| Function             | Location          | Compile/Link | Unroll/Inline | Array/Struct | Performance | HW Transforms |
+----------------------+-------------------+--------------+---------------+--------------+-------------+---------------+
|   q5_block_partition | q5_kernel.cpp:129 | 52           | 71            | 327          | 327         | 364           |
+----------------------+-------------------+--------------+---------------+--------------+-------------+---------------+

* Design Size Message Settings
+---------------------------------------------+--------+------------------------------------------------------------------+
| Message Setting                             | Value  | Description                                                      |
+---------------------------------------------+--------+------------------------------------------------------------------+
| config_compile -design_size_maximum_warning | 100000 | Show a warning when total design instructions exceeds this value |
+---------------------------------------------+--------+------------------------------------------------------------------+


