

================================================================
== Synthesis Summary Report of 'vector_mult_bram'
================================================================
+ General Information: 
    * Date:           Sun May  3 14:47:38 2026
    * Version:        2024.1 (Build 5069499 on May 21 2024)
    * Project:        hw3_vector_mult_bram
    * Solution:       solution1 (Vivado IP Flow Target)
    * Product family: virtexuplus
    * Target device:  xcvu13p-fsga2577-2-e
    

+ Performance & Resource Estimates: 
    
    PS: '+' for module; 'o' for loop; '*' for dataflow
    +--------------------+------+-------+---------+---------+----------+---------+------+----------+------+---------+----------+----------+-----+
    |       Modules      | Issue|       | Latency | Latency | Iteration|         | Trip |          |      |         |          |          |     |
    |       & Loops      | Type | Slack | (cycles)|   (ns)  |  Latency | Interval| Count| Pipelined| BRAM |   DSP   |    FF    |    LUT   | URAM|
    +--------------------+------+-------+---------+---------+----------+---------+------+----------+------+---------+----------+----------+-----+
    |+ vector_mult_bram  |    II|  13.68|       18|  450.000|         -|       16|     -|    rewind|     -|  3 (~0%)|  12 (~0%)|  93 (~0%)|    -|
    | o VITIS_LOOP_8_1   |     -|  18.25|       16|  400.000|         2|        1|    16|       yes|     -|        -|         -|         -|    -|
    +--------------------+------+-------+---------+---------+----------+---------+------+----------+------+---------+----------+----------+-----+


================================================================
== HW Interfaces
================================================================
* BRAM
+-----------+------------+---------------+
| Interface | Data Width | Address Width |
+-----------+------------+---------------+
| a_PORTA   | 32         | 32            |
| b_PORTA   | 32         | 32            |
| c_PORTA   | 32         | 32            |
+-----------+------------+---------------+

* TOP LEVEL CONTROL
+-----------+------------+-----------------------------------+
| Interface | Type       | Ports                             |
+-----------+------------+-----------------------------------+
| ap_clk    | clock      | ap_clk                            |
| ap_rst    | reset      | ap_rst                            |
| ap_ctrl   | ap_ctrl_hs | ap_done ap_idle ap_ready ap_start |
+-----------+------------+-----------------------------------+


================================================================
== SW I/O Information
================================================================
* Top Function Arguments
+----------+-----------+----------+
| Argument | Direction | Datatype |
+----------+-----------+----------+
| a        | in        | int*     |
| b        | in        | int*     |
| c        | out       | int*     |
+----------+-----------+----------+

* SW-to-HW Mapping
+----------+--------------+-----------+
| Argument | HW Interface | HW Type   |
+----------+--------------+-----------+
| a        | a_PORTA      | interface |
| b        | b_PORTA      | interface |
| c        | c_PORTA      | interface |
+----------+--------------+-----------+


================================================================
== Bind Op Report
================================================================
+-------------------------+-----+--------+----------+-------+--------+---------+
| Name                    | DSP | Pragma | Variable | Op    | Impl   | Latency |
+-------------------------+-----+--------+----------+-------+--------+---------+
| + vector_mult_bram      | 3   |        |          |       |        |         |
|   mul_32s_32s_32_1_1_U1 | 3   |        | mul_ln9  | mul   | auto   | 0       |
|   i_fu_106_p2           |     |        | i        | add   | fabric | 0       |
|   icmp_ln8_fu_112_p2    |     |        | icmp_ln8 | seteq | auto   | 0       |
+-------------------------+-----+--------+----------+-------+--------+---------+


================================================================
== Storage Report
================================================================
  No bind storage info in design

================================================================
== Pragma Report
================================================================
* Valid Pragma Syntax
+-----------------+---------------------------+----------------------------------------------------------+
| Type            | Options                   | Location                                                 |
+-----------------+---------------------------+----------------------------------------------------------+
| interface       | mode=bram port=a          | hw3_kernels.cpp:4 in vector_mult_bram, a                 |
| interface       | mode=bram port=b          | hw3_kernels.cpp:5 in vector_mult_bram, b                 |
| interface       | mode=bram port=c          | hw3_kernels.cpp:6 in vector_mult_bram, c                 |
| interface       | mode=bram port=a          | hw3_kernels.cpp:14 in vector_mult_partition, a           |
| interface       | mode=bram port=b          | hw3_kernels.cpp:15 in vector_mult_partition, b           |
| interface       | mode=bram port=c          | hw3_kernels.cpp:16 in vector_mult_partition, c           |
| array_partition | variable=a complete dim=1 | hw3_kernels.cpp:18 in vector_mult_partition, a           |
| array_partition | variable=b complete dim=1 | hw3_kernels.cpp:19 in vector_mult_partition, b           |
| array_partition | variable=c complete dim=1 | hw3_kernels.cpp:20 in vector_mult_partition, c           |
| unroll          |                           | hw3_kernels.cpp:23 in vector_mult_partition              |
| interface       | mode=bram port=A          | hw3_kernels.cpp:33 in matrix_mult_bram, A                |
| interface       | mode=bram port=B          | hw3_kernels.cpp:34 in matrix_mult_bram, B                |
| interface       | mode=bram port=C          | hw3_kernels.cpp:35 in matrix_mult_bram, C                |
| interface       | mode=bram port=A          | hw3_kernels.cpp:55 in matrix_mult_partition_one_dim, A   |
| interface       | mode=bram port=B          | hw3_kernels.cpp:56 in matrix_mult_partition_one_dim, B   |
| interface       | mode=bram port=C          | hw3_kernels.cpp:57 in matrix_mult_partition_one_dim, C   |
| array_partition | variable=A complete dim=2 | hw3_kernels.cpp:59 in matrix_mult_partition_one_dim, A   |
| array_partition | variable=B complete dim=1 | hw3_kernels.cpp:60 in matrix_mult_partition_one_dim, B   |
| unroll          |                           | hw3_kernels.cpp:67 in matrix_mult_partition_one_dim      |
| interface       | mode=bram port=A          | hw3_kernels.cpp:81 in matrix_mult_partition_both_dims, A |
| interface       | mode=bram port=B          | hw3_kernels.cpp:82 in matrix_mult_partition_both_dims, B |
| interface       | mode=bram port=C          | hw3_kernels.cpp:83 in matrix_mult_partition_both_dims, C |
| array_partition | variable=A complete dim=0 | hw3_kernels.cpp:85 in matrix_mult_partition_both_dims, A |
| array_partition | variable=B complete dim=0 | hw3_kernels.cpp:86 in matrix_mult_partition_both_dims, B |
| array_partition | variable=C complete dim=0 | hw3_kernels.cpp:87 in matrix_mult_partition_both_dims, C |
| unroll          |                           | hw3_kernels.cpp:94 in matrix_mult_partition_both_dims    |
+-----------------+---------------------------+----------------------------------------------------------+


