

================================================================
== Vitis HLS Report for 'dense_optimized'
================================================================
* Date:           Sat May  9 13:44:49 2026

* Version:        2024.1 (Build 5069499 on May 21 2024)
* Project:        dense_optimized_proj
* Solution:       solution1 (Vivado IP Flow Target)
* Product family: virtexuplus
* Target device:  xcvu13p-fsga2577-2-e


================================================================
== Performance Estimates
================================================================
+ Timing: 
    * Summary: 
    +--------+----------+----------+------------+
    |  Clock |  Target  | Estimated| Uncertainty|
    +--------+----------+----------+------------+
    |ap_clk  |  25.00 ns|  5.901 ns|     6.75 ns|
    +--------+----------+----------+------------+

+ Latency: 
    * Summary: 
    +---------+---------+----------+----------+-----+-----+-----------------------------------------------+
    |  Latency (cycles) |  Latency (absolute) |  Interval |                    Pipeline                   |
    |   min   |   max   |    min   |    max   | min | max |                      Type                     |
    +---------+---------+----------+----------+-----+-----+-----------------------------------------------+
    |      130|      130|  3.250 us|  3.250 us|  128|  128|  loop auto-rewind stp(delay=1 clock cycles(s))|
    +---------+---------+----------+----------+-----+-----+-----------------------------------------------+

    + Detail: 
        * Instance: 
        N/A

        * Loop: 
        +-----------------------------------+---------+---------+----------+-----------+-----------+------+----------+
        |                                   |  Latency (cycles) | Iteration|  Initiation Interval  | Trip |          |
        |             Loop Name             |   min   |   max   |  Latency |  achieved |   target  | Count| Pipelined|
        +-----------------------------------+---------+---------+----------+-----------+-----------+------+----------+
        |- VITIS_LOOP_35_1_VITIS_LOOP_38_2  |      128|      128|         2|          1|          1|   128|       yes|
        +-----------------------------------+---------+---------+----------+-----------+-----------+------+----------+

============================================================
+ Verbose Summary: Synthesis Manager
============================================================
InlineROM: 1
ExposeGlobal: 0
============================================================
+ Verbose Summary: CDFG Model
============================================================
IsTopModel: 1
ResetActiveHigh: 1
IsCombinational: 0
IsDatapathOnly: 0
HasWiredReturn: 1
HasMFsm: 2
HasVarLatency: 1
IsPipeline: 0
IsRtlPipelined: 0
IsInstanceOverlapped: 0
IsDontTouch: 0
HasImplIP: 0
IsGatedGlobalClock: 0

+ Individual pipeline summary: 
  * Pipeline-0: initiation interval (II) = 1, depth = 2


============================================================
+ Verbose Summary: Schedule
============================================================
* Number of FSM states : 2
* Pipeline : 1
  Pipeline-0 : II = 1, D = 2, States = { 1 2 }
* Dataflow Pipeline: 0

* FSM state transitions: 
1 --> 2 
2 --> 

* FSM state operations: 

State 1 <SV = 0> <Delay = 2.85>
ST_1 : Operation 5 [1/1] (0.00ns)   --->   "%indvar_flatten1 = alloca i32 1"   --->   Operation 5 'alloca' 'indvar_flatten1' <Predicate = true> <Delay = 0.00>
ST_1 : Operation 6 [1/1] (0.00ns)   --->   "%j2 = alloca i32 1"   --->   Operation 6 'alloca' 'j2' <Predicate = true> <Delay = 0.00>
ST_1 : Operation 7 [1/1] (0.00ns)   --->   "%i3 = alloca i32 1"   --->   Operation 7 'alloca' 'i3' <Predicate = true> <Delay = 0.00>
ST_1 : Operation 8 [1/1] (0.00ns)   --->   "%sum4 = alloca i32 1"   --->   Operation 8 'alloca' 'sum4' <Predicate = true> <Delay = 0.00>
ST_1 : Operation 9 [1/1] (0.00ns)   --->   "%spectopmodule_ln19 = spectopmodule void @_ssdm_op_SpecTopModule, void @empty_2" [dense_layer.cpp:19]   --->   Operation 9 'spectopmodule' 'spectopmodule_ln19' <Predicate = true> <Delay = 0.00>
ST_1 : Operation 10 [1/1] (0.00ns)   --->   "%specinterface_ln0 = specinterface void @_ssdm_op_SpecInterface, i32 %x_0, void @empty, i32 0, i32 0, void @empty_0, i32 4294967295, i32 0, void @empty_0, void @empty_0, void @empty_0, i32 0, i32 0, i32 0, i32 0, void @empty_0, void @empty_0, i32 4294967295, i32 0, i32 0"   --->   Operation 10 'specinterface' 'specinterface_ln0' <Predicate = true> <Delay = 0.00>
ST_1 : Operation 11 [1/1] (0.00ns)   --->   "%specbitsmap_ln0 = specbitsmap void @_ssdm_op_SpecBitsMap, i32 %x_0"   --->   Operation 11 'specbitsmap' 'specbitsmap_ln0' <Predicate = true> <Delay = 0.00>
ST_1 : Operation 12 [1/1] (0.00ns)   --->   "%specinterface_ln0 = specinterface void @_ssdm_op_SpecInterface, i32 %x_1, void @empty, i32 0, i32 0, void @empty_0, i32 4294967295, i32 0, void @empty_0, void @empty_0, void @empty_0, i32 0, i32 0, i32 0, i32 0, void @empty_0, void @empty_0, i32 4294967295, i32 0, i32 0"   --->   Operation 12 'specinterface' 'specinterface_ln0' <Predicate = true> <Delay = 0.00>
ST_1 : Operation 13 [1/1] (0.00ns)   --->   "%specbitsmap_ln0 = specbitsmap void @_ssdm_op_SpecBitsMap, i32 %x_1"   --->   Operation 13 'specbitsmap' 'specbitsmap_ln0' <Predicate = true> <Delay = 0.00>
ST_1 : Operation 14 [1/1] (0.00ns)   --->   "%specinterface_ln0 = specinterface void @_ssdm_op_SpecInterface, i32 %x_2, void @empty, i32 0, i32 0, void @empty_0, i32 4294967295, i32 0, void @empty_0, void @empty_0, void @empty_0, i32 0, i32 0, i32 0, i32 0, void @empty_0, void @empty_0, i32 4294967295, i32 0, i32 0"   --->   Operation 14 'specinterface' 'specinterface_ln0' <Predicate = true> <Delay = 0.00>
ST_1 : Operation 15 [1/1] (0.00ns)   --->   "%specbitsmap_ln0 = specbitsmap void @_ssdm_op_SpecBitsMap, i32 %x_2"   --->   Operation 15 'specbitsmap' 'specbitsmap_ln0' <Predicate = true> <Delay = 0.00>
ST_1 : Operation 16 [1/1] (0.00ns)   --->   "%specinterface_ln0 = specinterface void @_ssdm_op_SpecInterface, i32 %x_3, void @empty, i32 0, i32 0, void @empty_0, i32 4294967295, i32 0, void @empty_0, void @empty_0, void @empty_0, i32 0, i32 0, i32 0, i32 0, void @empty_0, void @empty_0, i32 4294967295, i32 0, i32 0"   --->   Operation 16 'specinterface' 'specinterface_ln0' <Predicate = true> <Delay = 0.00>
ST_1 : Operation 17 [1/1] (0.00ns)   --->   "%specbitsmap_ln0 = specbitsmap void @_ssdm_op_SpecBitsMap, i32 %x_3"   --->   Operation 17 'specbitsmap' 'specbitsmap_ln0' <Predicate = true> <Delay = 0.00>
ST_1 : Operation 18 [1/1] (0.00ns)   --->   "%specinterface_ln0 = specinterface void @_ssdm_op_SpecInterface, i32 %w_0, void @empty, i32 0, i32 0, void @empty_0, i32 4294967295, i32 0, void @empty_0, void @empty_0, void @empty_0, i32 0, i32 0, i32 0, i32 0, void @empty_0, void @empty_0, i32 4294967295, i32 0, i32 0"   --->   Operation 18 'specinterface' 'specinterface_ln0' <Predicate = true> <Delay = 0.00>
ST_1 : Operation 19 [1/1] (0.00ns)   --->   "%specbitsmap_ln0 = specbitsmap void @_ssdm_op_SpecBitsMap, i32 %w_0"   --->   Operation 19 'specbitsmap' 'specbitsmap_ln0' <Predicate = true> <Delay = 0.00>
ST_1 : Operation 20 [1/1] (0.00ns)   --->   "%specinterface_ln0 = specinterface void @_ssdm_op_SpecInterface, i32 %w_1, void @empty, i32 0, i32 0, void @empty_0, i32 4294967295, i32 0, void @empty_0, void @empty_0, void @empty_0, i32 0, i32 0, i32 0, i32 0, void @empty_0, void @empty_0, i32 4294967295, i32 0, i32 0"   --->   Operation 20 'specinterface' 'specinterface_ln0' <Predicate = true> <Delay = 0.00>
ST_1 : Operation 21 [1/1] (0.00ns)   --->   "%specbitsmap_ln0 = specbitsmap void @_ssdm_op_SpecBitsMap, i32 %w_1"   --->   Operation 21 'specbitsmap' 'specbitsmap_ln0' <Predicate = true> <Delay = 0.00>
ST_1 : Operation 22 [1/1] (0.00ns)   --->   "%specinterface_ln0 = specinterface void @_ssdm_op_SpecInterface, i32 %w_2, void @empty, i32 0, i32 0, void @empty_0, i32 4294967295, i32 0, void @empty_0, void @empty_0, void @empty_0, i32 0, i32 0, i32 0, i32 0, void @empty_0, void @empty_0, i32 4294967295, i32 0, i32 0"   --->   Operation 22 'specinterface' 'specinterface_ln0' <Predicate = true> <Delay = 0.00>
ST_1 : Operation 23 [1/1] (0.00ns)   --->   "%specbitsmap_ln0 = specbitsmap void @_ssdm_op_SpecBitsMap, i32 %w_2"   --->   Operation 23 'specbitsmap' 'specbitsmap_ln0' <Predicate = true> <Delay = 0.00>
ST_1 : Operation 24 [1/1] (0.00ns)   --->   "%specinterface_ln0 = specinterface void @_ssdm_op_SpecInterface, i32 %w_3, void @empty, i32 0, i32 0, void @empty_0, i32 4294967295, i32 0, void @empty_0, void @empty_0, void @empty_0, i32 0, i32 0, i32 0, i32 0, void @empty_0, void @empty_0, i32 4294967295, i32 0, i32 0"   --->   Operation 24 'specinterface' 'specinterface_ln0' <Predicate = true> <Delay = 0.00>
ST_1 : Operation 25 [1/1] (0.00ns)   --->   "%specbitsmap_ln0 = specbitsmap void @_ssdm_op_SpecBitsMap, i32 %w_3"   --->   Operation 25 'specbitsmap' 'specbitsmap_ln0' <Predicate = true> <Delay = 0.00>
ST_1 : Operation 26 [1/1] (0.00ns)   --->   "%specinterface_ln0 = specinterface void @_ssdm_op_SpecInterface, i32 %y, void @empty, i32 0, i32 0, void @empty_0, i32 4294967295, i32 0, void @empty_0, void @empty_0, void @empty_0, i32 0, i32 0, i32 0, i32 0, void @empty_0, void @empty_0, i32 4294967295, i32 0, i32 0"   --->   Operation 26 'specinterface' 'specinterface_ln0' <Predicate = true> <Delay = 0.00>
ST_1 : Operation 27 [1/1] (0.00ns)   --->   "%specbitsmap_ln0 = specbitsmap void @_ssdm_op_SpecBitsMap, i32 %y"   --->   Operation 27 'specbitsmap' 'specbitsmap_ln0' <Predicate = true> <Delay = 0.00>
ST_1 : Operation 28 [1/1] (0.00ns)   --->   "%specstablecontent_ln28 = specstablecontent void @_ssdm_op_SpecStableContent, i32 %w_3, void " [dense_layer.cpp:28]   --->   Operation 28 'specstablecontent' 'specstablecontent_ln28' <Predicate = true> <Delay = 0.00>
ST_1 : Operation 29 [1/1] (0.00ns)   --->   "%specstablecontent_ln28 = specstablecontent void @_ssdm_op_SpecStableContent, i32 %w_2, void " [dense_layer.cpp:28]   --->   Operation 29 'specstablecontent' 'specstablecontent_ln28' <Predicate = true> <Delay = 0.00>
ST_1 : Operation 30 [1/1] (0.00ns)   --->   "%specstablecontent_ln28 = specstablecontent void @_ssdm_op_SpecStableContent, i32 %w_1, void " [dense_layer.cpp:28]   --->   Operation 30 'specstablecontent' 'specstablecontent_ln28' <Predicate = true> <Delay = 0.00>
ST_1 : Operation 31 [1/1] (0.00ns)   --->   "%specstablecontent_ln28 = specstablecontent void @_ssdm_op_SpecStableContent, i32 %w_0, void " [dense_layer.cpp:28]   --->   Operation 31 'specstablecontent' 'specstablecontent_ln28' <Predicate = true> <Delay = 0.00>
ST_1 : Operation 32 [1/1] (0.00ns)   --->   "%specresourcelimit_ln33 = specresourcelimit void @_ssdm_op_SpecResourceLimit, i64 4, void @empty_1, void @empty_0, void @empty_0, void @empty_0" [dense_layer.cpp:33]   --->   Operation 32 'specresourcelimit' 'specresourcelimit_ln33' <Predicate = true> <Delay = 0.00>
ST_1 : Operation 33 [1/1] (0.38ns)   --->   "%store_ln0 = store i32 0, i32 %sum4"   --->   Operation 33 'store' 'store_ln0' <Predicate = true> <Delay = 0.38>
ST_1 : Operation 34 [1/1] (0.38ns)   --->   "%store_ln0 = store i5 0, i5 %i3"   --->   Operation 34 'store' 'store_ln0' <Predicate = true> <Delay = 0.38>
ST_1 : Operation 35 [1/1] (0.38ns)   --->   "%store_ln0 = store i4 0, i4 %j2"   --->   Operation 35 'store' 'store_ln0' <Predicate = true> <Delay = 0.38>
ST_1 : Operation 36 [1/1] (0.38ns)   --->   "%store_ln0 = store i7 0, i7 %indvar_flatten1"   --->   Operation 36 'store' 'store_ln0' <Predicate = true> <Delay = 0.38>
ST_1 : Operation 37 [1/1] (0.38ns)   --->   "%br_ln0 = br void %for.inc11"   --->   Operation 37 'br' 'br_ln0' <Predicate = true> <Delay = 0.38>
ST_1 : Operation 38 [1/1] (0.00ns)   --->   "%icmp_ln385 = phi i1 0, void %entry, i1 %icmp_ln38, void %new.latch.for.inc.split" [dense_layer.cpp:38]   --->   Operation 38 'phi' 'icmp_ln385' <Predicate = true> <Delay = 0.00>
ST_1 : Operation 39 [1/1] (0.00ns)   --->   "%indvar_flatten1_load = load i7 %indvar_flatten1" [dense_layer.cpp:35]   --->   Operation 39 'load' 'indvar_flatten1_load' <Predicate = true> <Delay = 0.00>
ST_1 : Operation 40 [1/1] (0.00ns)   --->   "%j2_load = load i4 %j2" [dense_layer.cpp:35]   --->   Operation 40 'load' 'j2_load' <Predicate = true> <Delay = 0.00>
ST_1 : Operation 41 [1/1] (0.00ns)   --->   "%i3_load = load i5 %i3" [dense_layer.cpp:35]   --->   Operation 41 'load' 'i3_load' <Predicate = true> <Delay = 0.00>
ST_1 : Operation 42 [1/1] (0.70ns)   --->   "%add_ln35 = add i4 %j2_load, i4 1" [dense_layer.cpp:35]   --->   Operation 42 'add' 'add_ln35' <Predicate = true> <Delay = 0.70> <CoreInst = "Adder">   --->   Core 1 'Adder' <Latency = 0> <II = 1> <Delay = 0.70> <FuncUnit> <Opcode : 'add' 'sub'> <InPorts = 2> <OutPorts = 1>
ST_1 : Operation 43 [1/1] (0.27ns)   --->   "%select_ln35 = select i1 %icmp_ln385, i5 0, i5 %i3_load" [dense_layer.cpp:35]   --->   Operation 43 'select' 'select_ln35' <Predicate = true> <Delay = 0.27> <CoreInst = "Sel">   --->   Core 73 'Sel' <Latency = 0> <II = 1> <Delay = 0.27> <FuncUnit> <Opcode : 'select'> <InPorts = 3> <OutPorts = 1>
ST_1 : Operation 44 [1/1] (0.35ns)   --->   "%j = select i1 %icmp_ln385, i4 %add_ln35, i4 %j2_load" [dense_layer.cpp:35]   --->   Operation 44 'select' 'j' <Predicate = true> <Delay = 0.35> <CoreInst = "Sel">   --->   Core 73 'Sel' <Latency = 0> <II = 1> <Delay = 0.35> <FuncUnit> <Opcode : 'select'> <InPorts = 3> <OutPorts = 1>
ST_1 : Operation 45 [1/1] (0.00ns)   --->   "%zext_ln35 = zext i4 %j" [dense_layer.cpp:35]   --->   Operation 45 'zext' 'zext_ln35' <Predicate = true> <Delay = 0.00>
ST_1 : Operation 46 [1/1] (0.00ns)   --->   "%zext_ln38 = zext i4 %j" [dense_layer.cpp:38]   --->   Operation 46 'zext' 'zext_ln38' <Predicate = true> <Delay = 0.00>
ST_1 : Operation 47 [1/1] (0.00ns)   --->   "%trunc_ln38 = trunc i5 %select_ln35" [dense_layer.cpp:38]   --->   Operation 47 'trunc' 'trunc_ln38' <Predicate = true> <Delay = 0.00>
ST_1 : Operation 48 [1/1] (0.00ns)   --->   "%lshr_ln = partselect i2 @_ssdm_op_PartSelect.i2.i5.i32.i32, i5 %select_ln35, i32 2, i32 3" [dense_layer.cpp:36]   --->   Operation 48 'partselect' 'lshr_ln' <Predicate = true> <Delay = 0.00>
ST_1 : Operation 49 [1/1] (0.00ns)   --->   "%zext_ln36 = zext i2 %lshr_ln" [dense_layer.cpp:36]   --->   Operation 49 'zext' 'zext_ln36' <Predicate = true> <Delay = 0.00>
ST_1 : Operation 50 [1/1] (0.00ns)   --->   "%tmp_2 = bitconcatenate i5 @_ssdm_op_BitConcatenate.i5.i2.i3, i2 %lshr_ln, i3 0" [dense_layer.cpp:40]   --->   Operation 50 'bitconcatenate' 'tmp_2' <Predicate = true> <Delay = 0.00>
ST_1 : Operation 51 [1/1] (0.70ns)   --->   "%add_ln40 = add i5 %tmp_2, i5 %zext_ln38" [dense_layer.cpp:40]   --->   Operation 51 'add' 'add_ln40' <Predicate = true> <Delay = 0.70> <CoreInst = "Adder">   --->   Core 1 'Adder' <Latency = 0> <II = 1> <Delay = 0.70> <FuncUnit> <Opcode : 'add' 'sub'> <InPorts = 2> <OutPorts = 1>
ST_1 : Operation 52 [1/1] (0.00ns)   --->   "%zext_ln40 = zext i5 %add_ln40" [dense_layer.cpp:40]   --->   Operation 52 'zext' 'zext_ln40' <Predicate = true> <Delay = 0.00>
ST_1 : Operation 53 [1/1] (0.00ns)   --->   "%w_0_addr = getelementptr i32 %w_0, i64 0, i64 %zext_ln40" [dense_layer.cpp:40]   --->   Operation 53 'getelementptr' 'w_0_addr' <Predicate = true> <Delay = 0.00>
ST_1 : Operation 54 [1/1] (0.00ns)   --->   "%w_1_addr = getelementptr i32 %w_1, i64 0, i64 %zext_ln40" [dense_layer.cpp:40]   --->   Operation 54 'getelementptr' 'w_1_addr' <Predicate = true> <Delay = 0.00>
ST_1 : Operation 55 [1/1] (0.00ns)   --->   "%w_2_addr = getelementptr i32 %w_2, i64 0, i64 %zext_ln40" [dense_layer.cpp:40]   --->   Operation 55 'getelementptr' 'w_2_addr' <Predicate = true> <Delay = 0.00>
ST_1 : Operation 56 [1/1] (0.00ns)   --->   "%w_3_addr = getelementptr i32 %w_3, i64 0, i64 %zext_ln40" [dense_layer.cpp:40]   --->   Operation 56 'getelementptr' 'w_3_addr' <Predicate = true> <Delay = 0.00>
ST_1 : Operation 57 [1/1] (0.00ns)   --->   "%x_0_addr = getelementptr i32 %x_0, i64 0, i64 %zext_ln36" [dense_layer.cpp:40]   --->   Operation 57 'getelementptr' 'x_0_addr' <Predicate = true> <Delay = 0.00>
ST_1 : Operation 58 [2/2] (0.69ns)   --->   "%x_0_load = load i2 %x_0_addr" [dense_layer.cpp:40]   --->   Operation 58 'load' 'x_0_load' <Predicate = true> <Delay = 0.69> <CoreInst = "RAM">   --->   Core 82 'RAM' <Latency = 1> <II = 1> <Delay = 0.69> <Storage> <Opcode : 'load' 'store'> <Ports = 2> <Width = 32> <Depth = 4> <RAM>
ST_1 : Operation 59 [1/1] (0.00ns)   --->   "%x_1_addr = getelementptr i32 %x_1, i64 0, i64 %zext_ln36" [dense_layer.cpp:40]   --->   Operation 59 'getelementptr' 'x_1_addr' <Predicate = true> <Delay = 0.00>
ST_1 : Operation 60 [2/2] (0.69ns)   --->   "%x_1_load = load i2 %x_1_addr" [dense_layer.cpp:40]   --->   Operation 60 'load' 'x_1_load' <Predicate = true> <Delay = 0.69> <CoreInst = "RAM">   --->   Core 82 'RAM' <Latency = 1> <II = 1> <Delay = 0.69> <Storage> <Opcode : 'load' 'store'> <Ports = 2> <Width = 32> <Depth = 4> <RAM>
ST_1 : Operation 61 [1/1] (0.00ns)   --->   "%x_2_addr = getelementptr i32 %x_2, i64 0, i64 %zext_ln36" [dense_layer.cpp:40]   --->   Operation 61 'getelementptr' 'x_2_addr' <Predicate = true> <Delay = 0.00>
ST_1 : Operation 62 [2/2] (0.69ns)   --->   "%x_2_load = load i2 %x_2_addr" [dense_layer.cpp:40]   --->   Operation 62 'load' 'x_2_load' <Predicate = true> <Delay = 0.69> <CoreInst = "RAM">   --->   Core 82 'RAM' <Latency = 1> <II = 1> <Delay = 0.69> <Storage> <Opcode : 'load' 'store'> <Ports = 2> <Width = 32> <Depth = 4> <RAM>
ST_1 : Operation 63 [1/1] (0.00ns)   --->   "%x_3_addr = getelementptr i32 %x_3, i64 0, i64 %zext_ln36" [dense_layer.cpp:40]   --->   Operation 63 'getelementptr' 'x_3_addr' <Predicate = true> <Delay = 0.00>
ST_1 : Operation 64 [2/2] (0.69ns)   --->   "%x_3_load = load i2 %x_3_addr" [dense_layer.cpp:40]   --->   Operation 64 'load' 'x_3_load' <Predicate = true> <Delay = 0.69> <CoreInst = "RAM">   --->   Core 82 'RAM' <Latency = 1> <II = 1> <Delay = 0.69> <Storage> <Opcode : 'load' 'store'> <Ports = 2> <Width = 32> <Depth = 4> <RAM>
ST_1 : Operation 65 [2/2] (0.69ns)   --->   "%w_0_load = load i5 %w_0_addr" [dense_layer.cpp:40]   --->   Operation 65 'load' 'w_0_load' <Predicate = true> <Delay = 0.69> <CoreInst = "RAM">   --->   Core 82 'RAM' <Latency = 1> <II = 1> <Delay = 0.69> <Storage> <Opcode : 'load' 'store'> <Ports = 2> <Width = 32> <Depth = 32> <RAM>
ST_1 : Operation 66 [2/2] (0.69ns)   --->   "%w_1_load = load i5 %w_1_addr" [dense_layer.cpp:40]   --->   Operation 66 'load' 'w_1_load' <Predicate = true> <Delay = 0.69> <CoreInst = "RAM">   --->   Core 82 'RAM' <Latency = 1> <II = 1> <Delay = 0.69> <Storage> <Opcode : 'load' 'store'> <Ports = 2> <Width = 32> <Depth = 32> <RAM>
ST_1 : Operation 67 [2/2] (0.69ns)   --->   "%w_2_load = load i5 %w_2_addr" [dense_layer.cpp:40]   --->   Operation 67 'load' 'w_2_load' <Predicate = true> <Delay = 0.69> <CoreInst = "RAM">   --->   Core 82 'RAM' <Latency = 1> <II = 1> <Delay = 0.69> <Storage> <Opcode : 'load' 'store'> <Ports = 2> <Width = 32> <Depth = 32> <RAM>
ST_1 : Operation 68 [2/2] (0.69ns)   --->   "%w_3_load = load i5 %w_3_addr" [dense_layer.cpp:40]   --->   Operation 68 'load' 'w_3_load' <Predicate = true> <Delay = 0.69> <CoreInst = "RAM">   --->   Core 82 'RAM' <Latency = 1> <II = 1> <Delay = 0.69> <Storage> <Opcode : 'load' 'store'> <Ports = 2> <Width = 32> <Depth = 32> <RAM>
ST_1 : Operation 69 [1/1] (0.70ns)   --->   "%i = add i5 %select_ln35, i5 1" [dense_layer.cpp:38]   --->   Operation 69 'add' 'i' <Predicate = true> <Delay = 0.70> <CoreInst = "Adder">   --->   Core 1 'Adder' <Latency = 0> <II = 1> <Delay = 0.70> <FuncUnit> <Opcode : 'add' 'sub'> <InPorts = 2> <OutPorts = 1>
ST_1 : Operation 70 [1/1] (0.70ns)   --->   "%icmp_ln38 = icmp_eq  i5 %i, i5 16" [dense_layer.cpp:38]   --->   Operation 70 'icmp' 'icmp_ln38' <Predicate = true> <Delay = 0.70> <CoreInst = "Cmp">   --->   Core 9 'Cmp' <Latency = 0> <II = 1> <Delay = 0.70> <FuncUnit> <Opcode : 'seteq' 'setne' 'setle' 'setge' 'setlt' 'setgt'> <InPorts = 2> <OutPorts = 1>
ST_1 : Operation 71 [1/1] (0.00ns)   --->   "%y_addr = getelementptr i32 %y, i64 0, i64 %zext_ln35" [dense_layer.cpp:43]   --->   Operation 71 'getelementptr' 'y_addr' <Predicate = true> <Delay = 0.00>
ST_1 : Operation 72 [1/1] (0.70ns)   --->   "%add_ln35_1 = add i7 %indvar_flatten1_load, i7 1" [dense_layer.cpp:35]   --->   Operation 72 'add' 'add_ln35_1' <Predicate = true> <Delay = 0.70> <CoreInst = "Adder">   --->   Core 1 'Adder' <Latency = 0> <II = 1> <Delay = 0.70> <FuncUnit> <Opcode : 'add' 'sub'> <InPorts = 2> <OutPorts = 1>
ST_1 : Operation 73 [1/1] (0.00ns)   --->   "%br_ln38 = br i1 %icmp_ln38, void %new.latch.for.inc.split, void %last.iter.for.inc.split" [dense_layer.cpp:38]   --->   Operation 73 'br' 'br_ln38' <Predicate = true> <Delay = 0.00>
ST_1 : Operation 74 [1/1] (0.70ns)   --->   "%icmp_ln35 = icmp_eq  i7 %indvar_flatten1_load, i7 127" [dense_layer.cpp:35]   --->   Operation 74 'icmp' 'icmp_ln35' <Predicate = true> <Delay = 0.70> <CoreInst = "Cmp">   --->   Core 9 'Cmp' <Latency = 0> <II = 1> <Delay = 0.70> <FuncUnit> <Opcode : 'seteq' 'setne' 'setle' 'setge' 'setlt' 'setgt'> <InPorts = 2> <OutPorts = 1>
ST_1 : Operation 75 [1/1] (0.38ns)   --->   "%store_ln38 = store i5 %i, i5 %i3" [dense_layer.cpp:38]   --->   Operation 75 'store' 'store_ln38' <Predicate = true> <Delay = 0.38>
ST_1 : Operation 76 [1/1] (0.38ns)   --->   "%store_ln35 = store i4 %j, i4 %j2" [dense_layer.cpp:35]   --->   Operation 76 'store' 'store_ln35' <Predicate = true> <Delay = 0.38>
ST_1 : Operation 77 [1/1] (0.38ns)   --->   "%store_ln35 = store i7 %add_ln35_1, i7 %indvar_flatten1" [dense_layer.cpp:35]   --->   Operation 77 'store' 'store_ln35' <Predicate = true> <Delay = 0.38>
ST_1 : Operation 78 [1/1] (0.00ns)   --->   "%br_ln35 = br i1 %icmp_ln35, void %for.inc11, void %for.end13" [dense_layer.cpp:35]   --->   Operation 78 'br' 'br_ln35' <Predicate = true> <Delay = 0.00>

State 2 <SV = 1> <Delay = 5.90>
ST_2 : Operation 79 [1/1] (0.00ns)   --->   "%sum4_load = load i32 %sum4" [dense_layer.cpp:35]   --->   Operation 79 'load' 'sum4_load' <Predicate = true> <Delay = 0.00>
ST_2 : Operation 80 [1/1] (0.00ns)   --->   "%specloopname_ln0 = specloopname void @_ssdm_op_SpecLoopName, void @VITIS_LOOP_35_1_VITIS_LOOP_38_2_str"   --->   Operation 80 'specloopname' 'specloopname_ln0' <Predicate = true> <Delay = 0.00>
ST_2 : Operation 81 [1/1] (0.00ns)   --->   "%speclooptripcount_ln0 = speclooptripcount void @_ssdm_op_SpecLoopTripCount, i64 128, i64 128, i64 128"   --->   Operation 81 'speclooptripcount' 'speclooptripcount_ln0' <Predicate = true> <Delay = 0.00>
ST_2 : Operation 82 [1/1] (0.00ns) (grouped into LUT with out node sum)   --->   "%select_ln35_1 = select i1 %icmp_ln385, i32 0, i32 %sum4_load" [dense_layer.cpp:35]   --->   Operation 82 'select' 'select_ln35_1' <Predicate = true> <Delay = 0.00> <CoreInst = "Sel">   --->   Core 73 'Sel' <Latency = 0> <II = 1> <Delay = 0.22> <FuncUnit> <Opcode : 'select'> <InPorts = 3> <OutPorts = 1>
ST_2 : Operation 83 [1/1] (0.00ns)   --->   "%specpipeline_ln39 = specpipeline void @_ssdm_op_SpecPipeline, i32 1, i32 0, i32 0, i32 0, void @empty_0" [dense_layer.cpp:39]   --->   Operation 83 'specpipeline' 'specpipeline_ln39' <Predicate = true> <Delay = 0.00>
ST_2 : Operation 84 [1/2] (0.69ns)   --->   "%x_0_load = load i2 %x_0_addr" [dense_layer.cpp:40]   --->   Operation 84 'load' 'x_0_load' <Predicate = true> <Delay = 0.69> <CoreInst = "RAM">   --->   Core 82 'RAM' <Latency = 1> <II = 1> <Delay = 0.69> <Storage> <Opcode : 'load' 'store'> <Ports = 2> <Width = 32> <Depth = 4> <RAM>
ST_2 : Operation 85 [1/2] (0.69ns)   --->   "%x_1_load = load i2 %x_1_addr" [dense_layer.cpp:40]   --->   Operation 85 'load' 'x_1_load' <Predicate = true> <Delay = 0.69> <CoreInst = "RAM">   --->   Core 82 'RAM' <Latency = 1> <II = 1> <Delay = 0.69> <Storage> <Opcode : 'load' 'store'> <Ports = 2> <Width = 32> <Depth = 4> <RAM>
ST_2 : Operation 86 [1/2] (0.69ns)   --->   "%x_2_load = load i2 %x_2_addr" [dense_layer.cpp:40]   --->   Operation 86 'load' 'x_2_load' <Predicate = true> <Delay = 0.69> <CoreInst = "RAM">   --->   Core 82 'RAM' <Latency = 1> <II = 1> <Delay = 0.69> <Storage> <Opcode : 'load' 'store'> <Ports = 2> <Width = 32> <Depth = 4> <RAM>
ST_2 : Operation 87 [1/2] (0.69ns)   --->   "%x_3_load = load i2 %x_3_addr" [dense_layer.cpp:40]   --->   Operation 87 'load' 'x_3_load' <Predicate = true> <Delay = 0.69> <CoreInst = "RAM">   --->   Core 82 'RAM' <Latency = 1> <II = 1> <Delay = 0.69> <Storage> <Opcode : 'load' 'store'> <Ports = 2> <Width = 32> <Depth = 4> <RAM>
ST_2 : Operation 88 [1/1] (0.45ns)   --->   "%tmp = sparsemux i32 @_ssdm_op_SparseMux.ap_auto.4i32.i32.i2, i2 0, i32 %x_0_load, i2 1, i32 %x_1_load, i2 2, i32 %x_2_load, i2 3, i32 %x_3_load, i32 0, i2 %trunc_ln38" [dense_layer.cpp:40]   --->   Operation 88 'sparsemux' 'tmp' <Predicate = true> <Delay = 0.45> <CoreInst = "SparseMux">   --->   Core 144 'SparseMux' <Latency = 0> <II = 1> <Delay = 0.45> <FuncUnit> <Opcode : 'sparsemux'> <InPorts = 2> <OutPorts = 1>
ST_2 : Operation 89 [1/2] (0.69ns)   --->   "%w_0_load = load i5 %w_0_addr" [dense_layer.cpp:40]   --->   Operation 89 'load' 'w_0_load' <Predicate = true> <Delay = 0.69> <CoreInst = "RAM">   --->   Core 82 'RAM' <Latency = 1> <II = 1> <Delay = 0.69> <Storage> <Opcode : 'load' 'store'> <Ports = 2> <Width = 32> <Depth = 32> <RAM>
ST_2 : Operation 90 [1/2] (0.69ns)   --->   "%w_1_load = load i5 %w_1_addr" [dense_layer.cpp:40]   --->   Operation 90 'load' 'w_1_load' <Predicate = true> <Delay = 0.69> <CoreInst = "RAM">   --->   Core 82 'RAM' <Latency = 1> <II = 1> <Delay = 0.69> <Storage> <Opcode : 'load' 'store'> <Ports = 2> <Width = 32> <Depth = 32> <RAM>
ST_2 : Operation 91 [1/2] (0.69ns)   --->   "%w_2_load = load i5 %w_2_addr" [dense_layer.cpp:40]   --->   Operation 91 'load' 'w_2_load' <Predicate = true> <Delay = 0.69> <CoreInst = "RAM">   --->   Core 82 'RAM' <Latency = 1> <II = 1> <Delay = 0.69> <Storage> <Opcode : 'load' 'store'> <Ports = 2> <Width = 32> <Depth = 32> <RAM>
ST_2 : Operation 92 [1/2] (0.69ns)   --->   "%w_3_load = load i5 %w_3_addr" [dense_layer.cpp:40]   --->   Operation 92 'load' 'w_3_load' <Predicate = true> <Delay = 0.69> <CoreInst = "RAM">   --->   Core 82 'RAM' <Latency = 1> <II = 1> <Delay = 0.69> <Storage> <Opcode : 'load' 'store'> <Ports = 2> <Width = 32> <Depth = 32> <RAM>
ST_2 : Operation 93 [1/1] (0.45ns)   --->   "%tmp_1 = sparsemux i32 @_ssdm_op_SparseMux.ap_auto.4i32.i32.i2, i2 0, i32 %w_0_load, i2 1, i32 %w_1_load, i2 2, i32 %w_2_load, i2 3, i32 %w_3_load, i32 0, i2 %trunc_ln38" [dense_layer.cpp:40]   --->   Operation 93 'sparsemux' 'tmp_1' <Predicate = true> <Delay = 0.45> <CoreInst = "SparseMux">   --->   Core 144 'SparseMux' <Latency = 0> <II = 1> <Delay = 0.45> <FuncUnit> <Opcode : 'sparsemux'> <InPorts = 2> <OutPorts = 1>
ST_2 : Operation 94 [1/1] (3.17ns)   --->   "%mul_ln40 = mul i32 %tmp_1, i32 %tmp" [dense_layer.cpp:40]   --->   Operation 94 'mul' 'mul_ln40' <Predicate = true> <Delay = 3.17> <CoreInst = "Multiplier">   --->   Core 3 'Multiplier' <Latency = 0> <II = 1> <Delay = 3.17> <FuncUnit> <Opcode : 'mul'> <InPorts = 2> <OutPorts = 1>
ST_2 : Operation 95 [1/1] (0.88ns) (out node of the LUT)   --->   "%sum = add i32 %mul_ln40, i32 %select_ln35_1" [dense_layer.cpp:40]   --->   Operation 95 'add' 'sum' <Predicate = true> <Delay = 0.88> <CoreInst = "Adder">   --->   Core 1 'Adder' <Latency = 0> <II = 1> <Delay = 0.88> <FuncUnit> <Opcode : 'add' 'sub'> <InPorts = 2> <OutPorts = 1>
ST_2 : Operation 96 [1/1] (0.69ns)   --->   "%store_ln43 = store i32 %sum, i3 %y_addr" [dense_layer.cpp:43]   --->   Operation 96 'store' 'store_ln43' <Predicate = (icmp_ln38)> <Delay = 0.69> <CoreInst = "RAM">   --->   Core 82 'RAM' <Latency = 1> <II = 1> <Delay = 0.69> <Storage> <Opcode : 'load' 'store'> <Ports = 2> <Width = 32> <Depth = 8> <RAM>
ST_2 : Operation 97 [1/1] (0.00ns)   --->   "%br_ln38 = br void %new.latch.for.inc.split" [dense_layer.cpp:38]   --->   Operation 97 'br' 'br_ln38' <Predicate = (icmp_ln38)> <Delay = 0.00>
ST_2 : Operation 98 [1/1] (0.38ns)   --->   "%store_ln40 = store i32 %sum, i32 %sum4" [dense_layer.cpp:40]   --->   Operation 98 'store' 'store_ln40' <Predicate = true> <Delay = 0.38>
ST_2 : Operation 99 [1/1] (0.38ns)   --->   "%ret_ln45 = ret" [dense_layer.cpp:45]   --->   Operation 99 'ret' 'ret_ln45' <Predicate = (icmp_ln35)> <Delay = 0.38>


============================================================
+ Verbose Summary: Timing violations
============================================================
Target clock period: 25.000ns, clock uncertainty: 6.750ns.

 <State 1>: 2.852ns
The critical path consists of the following:
	'store' operation 0 bit ('store_ln0') of constant 0 on local variable 'j2' [40]  (0.387 ns)
	'load' operation 4 bit ('j2_load', dense_layer.cpp:35) on local variable 'j2' [46]  (0.000 ns)
	'add' operation 4 bit ('add_ln35', dense_layer.cpp:35) [49]  (0.708 ns)
	'select' operation 4 bit ('j', dense_layer.cpp:35) [54]  (0.351 ns)
	'add' operation 5 bit ('add_ln40', dense_layer.cpp:40) [62]  (0.707 ns)
	'getelementptr' operation 5 bit ('w_0_addr', dense_layer.cpp:40) [64]  (0.000 ns)
	'load' operation 32 bit ('w_0_load', dense_layer.cpp:40) on array 'w_0' [77]  (0.699 ns)

 <State 2>: 5.901ns
The critical path consists of the following:
	'load' operation 32 bit ('x_0_load', dense_layer.cpp:40) on array 'x_0' [69]  (0.699 ns)
	'sparsemux' operation 32 bit ('tmp', dense_layer.cpp:40) [76]  (0.453 ns)
	'mul' operation 32 bit ('mul_ln40', dense_layer.cpp:40) [82]  (3.170 ns)
	'add' operation 32 bit ('sum', dense_layer.cpp:40) [83]  (0.880 ns)
	'store' operation 0 bit ('store_ln43', dense_layer.cpp:43) of variable 'sum', dense_layer.cpp:40 on array 'y' [90]  (0.699 ns)


============================================================
+ Verbose Summary: Binding
============================================================
N/A
* FSMD analyzer results:
  - Output states:
 - Input state : 
  - Chain level:
	State 1
	State 2


============================================================
+ Verbose Summary: Datapath Resource usage 
============================================================
N/A
