

================================================================
== Vitis HLS Report for 'dense_optimized'
================================================================
* Date:           Sat May  9 13:44:50 2026

* Version:        2024.1 (Build 5069499 on May 21 2024)
* Project:        dense_optimized_proj
* Solution:       solution1 (Vivado IP Flow Target)
* Product family: virtexuplus
* Target device:  xcvu13p-fsga2577-2-e


================================================================
== Performance Estimates
================================================================
+ Timing: 
    * Summary: 
    +--------+----------+----------+------------+
    |  Clock |  Target  | Estimated| Uncertainty|
    +--------+----------+----------+------------+
    |ap_clk  |  25.00 ns|  5.901 ns|     6.75 ns|
    +--------+----------+----------+------------+

+ Latency: 
    * Summary: 
    +---------+---------+----------+----------+-----+-----+-----------------------------------------------+
    |  Latency (cycles) |  Latency (absolute) |  Interval |                    Pipeline                   |
    |   min   |   max   |    min   |    max   | min | max |                      Type                     |
    +---------+---------+----------+----------+-----+-----+-----------------------------------------------+
    |      130|      130|  3.250 us|  3.250 us|  128|  128|  loop auto-rewind stp(delay=1 clock cycles(s))|
    +---------+---------+----------+----------+-----+-----+-----------------------------------------------+

    + Detail: 
        * Instance: 
        N/A

        * Loop: 
        +-----------------------------------+---------+---------+----------+-----------+-----------+------+----------+
        |                                   |  Latency (cycles) | Iteration|  Initiation Interval  | Trip |          |
        |             Loop Name             |   min   |   max   |  Latency |  achieved |   target  | Count| Pipelined|
        +-----------------------------------+---------+---------+----------+-----------+-----------+------+----------+
        |- VITIS_LOOP_35_1_VITIS_LOOP_38_2  |      128|      128|         2|          1|          1|   128|       yes|
        +-----------------------------------+---------+---------+----------+-----------+-----------+------+----------+



================================================================
== Utilization Estimates
================================================================
* Summary: 
+---------------------+---------+-------+---------+---------+------+
|         Name        | BRAM_18K|  DSP  |    FF   |   LUT   | URAM |
+---------------------+---------+-------+---------+---------+------+
|DSP                  |        -|      -|        -|        -|     -|
|Expression           |        -|      -|        0|      165|     -|
|FIFO                 |        -|      -|        -|        -|     -|
|Instance             |        -|      3|        0|       60|     -|
|Memory               |        -|      -|        -|        -|     -|
|Multiplexer          |        -|      -|        0|      108|     -|
|Register             |        -|      -|       60|        -|     -|
+---------------------+---------+-------+---------+---------+------+
|Total                |        0|      3|       60|      333|     0|
+---------------------+---------+-------+---------+---------+------+
|Available SLR        |     1344|   3072|   864000|   432000|   320|
+---------------------+---------+-------+---------+---------+------+
|Utilization SLR (%)  |        0|     ~0|       ~0|       ~0|     0|
+---------------------+---------+-------+---------+---------+------+
|Available            |     5376|  12288|  3456000|  1728000|  1280|
+---------------------+---------+-------+---------+---------+------+
|Utilization (%)      |        0|     ~0|       ~0|       ~0|     0|
+---------------------+---------+-------+---------+---------+------+

+ Detail: 
    * Instance: 
    +-------------------------+----------------------+---------+----+---+----+-----+
    |         Instance        |        Module        | BRAM_18K| DSP| FF| LUT| URAM|
    +-------------------------+----------------------+---------+----+---+----+-----+
    |mul_32s_32s_32_1_1_U1    |mul_32s_32s_32_1_1    |        0|   3|  0|  20|    0|
    |sparsemux_9_2_32_1_1_U2  |sparsemux_9_2_32_1_1  |        0|   0|  0|  20|    0|
    |sparsemux_9_2_32_1_1_U3  |sparsemux_9_2_32_1_1  |        0|   0|  0|  20|    0|
    +-------------------------+----------------------+---------+----+---+----+-----+
    |Total                    |                      |        0|   3|  0|  60|    0|
    +-------------------------+----------------------+---------+----+---+----+-----+

    * DSP: 
    N/A

    * Memory: 
    N/A

    * FIFO: 
    N/A

    * Expression: 
    +-------------------------+----------+----+---+----+------------+------------+
    |      Variable Name      | Operation| DSP| FF| LUT| Bitwidth P0| Bitwidth P1|
    +-------------------------+----------+----+---+----+------------+------------+
    |add_ln35_1_fu_380_p2     |         +|   0|  0|  14|           7|           1|
    |add_ln35_fu_293_p2       |         +|   0|  0|  12|           4|           1|
    |add_ln40_fu_354_p2       |         +|   0|  0|  12|           5|           5|
    |i_fu_368_p2              |         +|   0|  0|  12|           5|           1|
    |sum_fu_466_p2            |         +|   0|  0|  39|          32|          32|
    |ap_condition_160         |       and|   0|  0|   2|           1|           1|
    |ap_condition_399         |       and|   0|  0|   2|           1|           1|
    |ap_condition_406         |       and|   0|  0|   2|           1|           1|
    |icmp_ln35_fu_386_p2      |      icmp|   0|  0|  14|           7|           2|
    |icmp_ln38_fu_374_p2      |      icmp|   0|  0|  13|           5|           6|
    |j_fu_307_p3              |    select|   0|  0|   4|           1|           4|
    |select_ln35_1_fu_410_p3  |    select|   0|  0|  32|           1|           1|
    |select_ln35_fu_299_p3    |    select|   0|  0|   5|           1|           1|
    |ap_enable_pp0            |       xor|   0|  0|   2|           1|           2|
    +-------------------------+----------+----+---+----+------------+------------+
    |Total                    |          |   0|  0| 165|          72|          59|
    +-------------------------+----------+----+---+----+------------+------------+

    * Multiplexer: 
    +---------------------------------------+----+-----------+-----+-----------+
    |                  Name                 | LUT| Input Size| Bits| Total Bits|
    +---------------------------------------+----+-----------+-----+-----------+
    |ap_done_int                            |   9|          2|    1|          2|
    |ap_loop_exit_ready_pp0_iter1_reg       |   9|          2|    1|          2|
    |ap_phi_mux_icmp_ln385_phi_fu_233_p4    |   9|          2|    1|          2|
    |ap_sig_allocacmp_i3_load               |   9|          2|    5|         10|
    |ap_sig_allocacmp_indvar_flatten1_load  |   9|          2|    7|         14|
    |ap_sig_allocacmp_j2_load               |   9|          2|    4|          8|
    |i3_fu_106                              |   9|          2|    5|         10|
    |icmp_ln385_reg_230                     |   9|          2|    1|          2|
    |indvar_flatten1_fu_98                  |   9|          2|    7|         14|
    |j2_fu_102                              |   9|          2|    4|          8|
    |sum4_fu_110                            |   9|          2|   32|         64|
    |y_WEN_A_local                          |   9|          2|    4|          8|
    +---------------------------------------+----+-----------+-----+-----------+
    |Total                                  | 108|         24|   72|        144|
    +---------------------------------------+----+-----------+-----+-----------+

    * Register: 
    +----------------------------------+----+----+-----+-----------+
    |               Name               | FF | LUT| Bits| Const Bits|
    +----------------------------------+----+----+-----+-----------+
    |ap_CS_fsm                         |   1|   0|    1|          0|
    |ap_done_reg                       |   1|   0|    1|          0|
    |ap_enable_reg_pp0_iter1           |   1|   0|    1|          0|
    |ap_loop_exit_ready_pp0_iter1_reg  |   1|   0|    1|          0|
    |i3_fu_106                         |   5|   0|    5|          0|
    |icmp_ln35_reg_562                 |   1|   0|    1|          0|
    |icmp_ln385_reg_230                |   1|   0|    1|          0|
    |icmp_ln38_reg_552                 |   1|   0|    1|          0|
    |indvar_flatten1_fu_98             |   7|   0|    7|          0|
    |j2_fu_102                         |   4|   0|    4|          0|
    |sum4_fu_110                       |  32|   0|   32|          0|
    |trunc_ln38_reg_506                |   2|   0|    2|          0|
    |y_addr_reg_557                    |   3|   0|    3|          0|
    +----------------------------------+----+----+-----+-----------+
    |Total                             |  60|   0|   60|          0|
    +----------------------------------+----+----+-----+-----------+



================================================================
== Interface
================================================================
* Summary: 
+------------+-----+-----+------------+-----------------+--------------+
|  RTL Ports | Dir | Bits|  Protocol  |  Source Object  |    C Type    |
+------------+-----+-----+------------+-----------------+--------------+
|ap_clk      |   in|    1|  ap_ctrl_hs|  dense_optimized|  return value|
|ap_rst      |   in|    1|  ap_ctrl_hs|  dense_optimized|  return value|
|ap_start    |   in|    1|  ap_ctrl_hs|  dense_optimized|  return value|
|ap_done     |  out|    1|  ap_ctrl_hs|  dense_optimized|  return value|
|ap_idle     |  out|    1|  ap_ctrl_hs|  dense_optimized|  return value|
|ap_ready    |  out|    1|  ap_ctrl_hs|  dense_optimized|  return value|
|x_0_Addr_A  |  out|   32|        bram|              x_0|         array|
|x_0_EN_A    |  out|    1|        bram|              x_0|         array|
|x_0_WEN_A   |  out|    4|        bram|              x_0|         array|
|x_0_Din_A   |  out|   32|        bram|              x_0|         array|
|x_0_Dout_A  |   in|   32|        bram|              x_0|         array|
|x_0_Clk_A   |  out|    1|        bram|              x_0|         array|
|x_0_Rst_A   |  out|    1|        bram|              x_0|         array|
|x_1_Addr_A  |  out|   32|        bram|              x_1|         array|
|x_1_EN_A    |  out|    1|        bram|              x_1|         array|
|x_1_WEN_A   |  out|    4|        bram|              x_1|         array|
|x_1_Din_A   |  out|   32|        bram|              x_1|         array|
|x_1_Dout_A  |   in|   32|        bram|              x_1|         array|
|x_1_Clk_A   |  out|    1|        bram|              x_1|         array|
|x_1_Rst_A   |  out|    1|        bram|              x_1|         array|
|x_2_Addr_A  |  out|   32|        bram|              x_2|         array|
|x_2_EN_A    |  out|    1|        bram|              x_2|         array|
|x_2_WEN_A   |  out|    4|        bram|              x_2|         array|
|x_2_Din_A   |  out|   32|        bram|              x_2|         array|
|x_2_Dout_A  |   in|   32|        bram|              x_2|         array|
|x_2_Clk_A   |  out|    1|        bram|              x_2|         array|
|x_2_Rst_A   |  out|    1|        bram|              x_2|         array|
|x_3_Addr_A  |  out|   32|        bram|              x_3|         array|
|x_3_EN_A    |  out|    1|        bram|              x_3|         array|
|x_3_WEN_A   |  out|    4|        bram|              x_3|         array|
|x_3_Din_A   |  out|   32|        bram|              x_3|         array|
|x_3_Dout_A  |   in|   32|        bram|              x_3|         array|
|x_3_Clk_A   |  out|    1|        bram|              x_3|         array|
|x_3_Rst_A   |  out|    1|        bram|              x_3|         array|
|w_0_Addr_A  |  out|   32|        bram|              w_0|         array|
|w_0_EN_A    |  out|    1|        bram|              w_0|         array|
|w_0_WEN_A   |  out|    4|        bram|              w_0|         array|
|w_0_Din_A   |  out|   32|        bram|              w_0|         array|
|w_0_Dout_A  |   in|   32|        bram|              w_0|         array|
|w_0_Clk_A   |  out|    1|        bram|              w_0|         array|
|w_0_Rst_A   |  out|    1|        bram|              w_0|         array|
|w_1_Addr_A  |  out|   32|        bram|              w_1|         array|
|w_1_EN_A    |  out|    1|        bram|              w_1|         array|
|w_1_WEN_A   |  out|    4|        bram|              w_1|         array|
|w_1_Din_A   |  out|   32|        bram|              w_1|         array|
|w_1_Dout_A  |   in|   32|        bram|              w_1|         array|
|w_1_Clk_A   |  out|    1|        bram|              w_1|         array|
|w_1_Rst_A   |  out|    1|        bram|              w_1|         array|
|w_2_Addr_A  |  out|   32|        bram|              w_2|         array|
|w_2_EN_A    |  out|    1|        bram|              w_2|         array|
|w_2_WEN_A   |  out|    4|        bram|              w_2|         array|
|w_2_Din_A   |  out|   32|        bram|              w_2|         array|
|w_2_Dout_A  |   in|   32|        bram|              w_2|         array|
|w_2_Clk_A   |  out|    1|        bram|              w_2|         array|
|w_2_Rst_A   |  out|    1|        bram|              w_2|         array|
|w_3_Addr_A  |  out|   32|        bram|              w_3|         array|
|w_3_EN_A    |  out|    1|        bram|              w_3|         array|
|w_3_WEN_A   |  out|    4|        bram|              w_3|         array|
|w_3_Din_A   |  out|   32|        bram|              w_3|         array|
|w_3_Dout_A  |   in|   32|        bram|              w_3|         array|
|w_3_Clk_A   |  out|    1|        bram|              w_3|         array|
|w_3_Rst_A   |  out|    1|        bram|              w_3|         array|
|y_Addr_A    |  out|   32|        bram|                y|         array|
|y_EN_A      |  out|    1|        bram|                y|         array|
|y_WEN_A     |  out|    4|        bram|                y|         array|
|y_Din_A     |  out|   32|        bram|                y|         array|
|y_Dout_A    |   in|   32|        bram|                y|         array|
|y_Clk_A     |  out|    1|        bram|                y|         array|
|y_Rst_A     |  out|    1|        bram|                y|         array|
+------------+-----+-----+------------+-----------------+--------------+

============================================================
+ Verbose Summary: Synthesis Manager
============================================================
InlineROM: 1
ExposeGlobal: 0
============================================================
+ Verbose Summary: CDFG Model
============================================================
IsTopModel: 1
ResetActiveHigh: 1
IsCombinational: 2
IsDatapathOnly: 2
HasWiredReturn: 1
HasMFsm: 2
HasVarLatency: 1
IsPipeline: 0
IsRtlPipelined: 0
IsInstanceOverlapped: 0
IsDontTouch: 0
HasImplIP: 0
IsGatedGlobalClock: 0

+ Individual pipeline summary: 
  * Pipeline-0: initiation interval (II) = 1, depth = 2


============================================================
+ Verbose Summary: Schedule
============================================================
* Number of FSM states : 2
* Pipeline : 1
  Pipeline-0 : II = 1, D = 2, States = { 1 2 }
* Dataflow Pipeline: 0

* FSM state transitions: 
1 --> 2 
2 --> 

* FSM state operations: 

State 1 <SV = 0> <Delay = 2.85>
ST_1 : Operation 5 [1/1] (0.00ns)   --->   "%indvar_flatten1 = alloca i32 1"   --->   Operation 5 'alloca' 'indvar_flatten1' <Predicate = true> <Delay = 0.00>
ST_1 : Operation 6 [1/1] (0.00ns)   --->   "%j2 = alloca i32 1"   --->   Operation 6 'alloca' 'j2' <Predicate = true> <Delay = 0.00>
ST_1 : Operation 7 [1/1] (0.00ns)   --->   "%i3 = alloca i32 1"   --->   Operation 7 'alloca' 'i3' <Predicate = true> <Delay = 0.00>
ST_1 : Operation 8 [1/1] (0.00ns)   --->   "%sum4 = alloca i32 1"   --->   Operation 8 'alloca' 'sum4' <Predicate = true> <Delay = 0.00>
ST_1 : Operation 9 [1/1] (0.00ns)   --->   "%spectopmodule_ln19 = spectopmodule void @_ssdm_op_SpecTopModule, void @empty_2" [dense_layer.cpp:19]   --->   Operation 9 'spectopmodule' 'spectopmodule_ln19' <Predicate = true> <Delay = 0.00>
ST_1 : Operation 10 [1/1] (0.00ns)   --->   "%specinterface_ln0 = specinterface void @_ssdm_op_SpecInterface, i32 %x_0, void @empty, i32 0, i32 0, void @empty_0, i32 4294967295, i32 0, void @empty_0, void @empty_0, void @empty_0, i32 0, i32 0, i32 0, i32 0, void @empty_0, void @empty_0, i32 4294967295, i32 0, i32 0"   --->   Operation 10 'specinterface' 'specinterface_ln0' <Predicate = true> <Delay = 0.00>
ST_1 : Operation 11 [1/1] (0.00ns)   --->   "%specbitsmap_ln0 = specbitsmap void @_ssdm_op_SpecBitsMap, i32 %x_0"   --->   Operation 11 'specbitsmap' 'specbitsmap_ln0' <Predicate = true> <Delay = 0.00>
ST_1 : Operation 12 [1/1] (0.00ns)   --->   "%specinterface_ln0 = specinterface void @_ssdm_op_SpecInterface, i32 %x_1, void @empty, i32 0, i32 0, void @empty_0, i32 4294967295, i32 0, void @empty_0, void @empty_0, void @empty_0, i32 0, i32 0, i32 0, i32 0, void @empty_0, void @empty_0, i32 4294967295, i32 0, i32 0"   --->   Operation 12 'specinterface' 'specinterface_ln0' <Predicate = true> <Delay = 0.00>
ST_1 : Operation 13 [1/1] (0.00ns)   --->   "%specbitsmap_ln0 = specbitsmap void @_ssdm_op_SpecBitsMap, i32 %x_1"   --->   Operation 13 'specbitsmap' 'specbitsmap_ln0' <Predicate = true> <Delay = 0.00>
ST_1 : Operation 14 [1/1] (0.00ns)   --->   "%specinterface_ln0 = specinterface void @_ssdm_op_SpecInterface, i32 %x_2, void @empty, i32 0, i32 0, void @empty_0, i32 4294967295, i32 0, void @empty_0, void @empty_0, void @empty_0, i32 0, i32 0, i32 0, i32 0, void @empty_0, void @empty_0, i32 4294967295, i32 0, i32 0"   --->   Operation 14 'specinterface' 'specinterface_ln0' <Predicate = true> <Delay = 0.00>
ST_1 : Operation 15 [1/1] (0.00ns)   --->   "%specbitsmap_ln0 = specbitsmap void @_ssdm_op_SpecBitsMap, i32 %x_2"   --->   Operation 15 'specbitsmap' 'specbitsmap_ln0' <Predicate = true> <Delay = 0.00>
ST_1 : Operation 16 [1/1] (0.00ns)   --->   "%specinterface_ln0 = specinterface void @_ssdm_op_SpecInterface, i32 %x_3, void @empty, i32 0, i32 0, void @empty_0, i32 4294967295, i32 0, void @empty_0, void @empty_0, void @empty_0, i32 0, i32 0, i32 0, i32 0, void @empty_0, void @empty_0, i32 4294967295, i32 0, i32 0"   --->   Operation 16 'specinterface' 'specinterface_ln0' <Predicate = true> <Delay = 0.00>
ST_1 : Operation 17 [1/1] (0.00ns)   --->   "%specbitsmap_ln0 = specbitsmap void @_ssdm_op_SpecBitsMap, i32 %x_3"   --->   Operation 17 'specbitsmap' 'specbitsmap_ln0' <Predicate = true> <Delay = 0.00>
ST_1 : Operation 18 [1/1] (0.00ns)   --->   "%specinterface_ln0 = specinterface void @_ssdm_op_SpecInterface, i32 %w_0, void @empty, i32 0, i32 0, void @empty_0, i32 4294967295, i32 0, void @empty_0, void @empty_0, void @empty_0, i32 0, i32 0, i32 0, i32 0, void @empty_0, void @empty_0, i32 4294967295, i32 0, i32 0"   --->   Operation 18 'specinterface' 'specinterface_ln0' <Predicate = true> <Delay = 0.00>
ST_1 : Operation 19 [1/1] (0.00ns)   --->   "%specbitsmap_ln0 = specbitsmap void @_ssdm_op_SpecBitsMap, i32 %w_0"   --->   Operation 19 'specbitsmap' 'specbitsmap_ln0' <Predicate = true> <Delay = 0.00>
ST_1 : Operation 20 [1/1] (0.00ns)   --->   "%specinterface_ln0 = specinterface void @_ssdm_op_SpecInterface, i32 %w_1, void @empty, i32 0, i32 0, void @empty_0, i32 4294967295, i32 0, void @empty_0, void @empty_0, void @empty_0, i32 0, i32 0, i32 0, i32 0, void @empty_0, void @empty_0, i32 4294967295, i32 0, i32 0"   --->   Operation 20 'specinterface' 'specinterface_ln0' <Predicate = true> <Delay = 0.00>
ST_1 : Operation 21 [1/1] (0.00ns)   --->   "%specbitsmap_ln0 = specbitsmap void @_ssdm_op_SpecBitsMap, i32 %w_1"   --->   Operation 21 'specbitsmap' 'specbitsmap_ln0' <Predicate = true> <Delay = 0.00>
ST_1 : Operation 22 [1/1] (0.00ns)   --->   "%specinterface_ln0 = specinterface void @_ssdm_op_SpecInterface, i32 %w_2, void @empty, i32 0, i32 0, void @empty_0, i32 4294967295, i32 0, void @empty_0, void @empty_0, void @empty_0, i32 0, i32 0, i32 0, i32 0, void @empty_0, void @empty_0, i32 4294967295, i32 0, i32 0"   --->   Operation 22 'specinterface' 'specinterface_ln0' <Predicate = true> <Delay = 0.00>
ST_1 : Operation 23 [1/1] (0.00ns)   --->   "%specbitsmap_ln0 = specbitsmap void @_ssdm_op_SpecBitsMap, i32 %w_2"   --->   Operation 23 'specbitsmap' 'specbitsmap_ln0' <Predicate = true> <Delay = 0.00>
ST_1 : Operation 24 [1/1] (0.00ns)   --->   "%specinterface_ln0 = specinterface void @_ssdm_op_SpecInterface, i32 %w_3, void @empty, i32 0, i32 0, void @empty_0, i32 4294967295, i32 0, void @empty_0, void @empty_0, void @empty_0, i32 0, i32 0, i32 0, i32 0, void @empty_0, void @empty_0, i32 4294967295, i32 0, i32 0"   --->   Operation 24 'specinterface' 'specinterface_ln0' <Predicate = true> <Delay = 0.00>
ST_1 : Operation 25 [1/1] (0.00ns)   --->   "%specbitsmap_ln0 = specbitsmap void @_ssdm_op_SpecBitsMap, i32 %w_3"   --->   Operation 25 'specbitsmap' 'specbitsmap_ln0' <Predicate = true> <Delay = 0.00>
ST_1 : Operation 26 [1/1] (0.00ns)   --->   "%specinterface_ln0 = specinterface void @_ssdm_op_SpecInterface, i32 %y, void @empty, i32 0, i32 0, void @empty_0, i32 4294967295, i32 0, void @empty_0, void @empty_0, void @empty_0, i32 0, i32 0, i32 0, i32 0, void @empty_0, void @empty_0, i32 4294967295, i32 0, i32 0"   --->   Operation 26 'specinterface' 'specinterface_ln0' <Predicate = true> <Delay = 0.00>
ST_1 : Operation 27 [1/1] (0.00ns)   --->   "%specbitsmap_ln0 = specbitsmap void @_ssdm_op_SpecBitsMap, i32 %y"   --->   Operation 27 'specbitsmap' 'specbitsmap_ln0' <Predicate = true> <Delay = 0.00>
ST_1 : Operation 28 [1/1] (0.00ns)   --->   "%specstablecontent_ln28 = specstablecontent void @_ssdm_op_SpecStableContent, i32 %w_3, void " [dense_layer.cpp:28]   --->   Operation 28 'specstablecontent' 'specstablecontent_ln28' <Predicate = true> <Delay = 0.00>
ST_1 : Operation 29 [1/1] (0.00ns)   --->   "%specstablecontent_ln28 = specstablecontent void @_ssdm_op_SpecStableContent, i32 %w_2, void " [dense_layer.cpp:28]   --->   Operation 29 'specstablecontent' 'specstablecontent_ln28' <Predicate = true> <Delay = 0.00>
ST_1 : Operation 30 [1/1] (0.00ns)   --->   "%specstablecontent_ln28 = specstablecontent void @_ssdm_op_SpecStableContent, i32 %w_1, void " [dense_layer.cpp:28]   --->   Operation 30 'specstablecontent' 'specstablecontent_ln28' <Predicate = true> <Delay = 0.00>
ST_1 : Operation 31 [1/1] (0.00ns)   --->   "%specstablecontent_ln28 = specstablecontent void @_ssdm_op_SpecStableContent, i32 %w_0, void " [dense_layer.cpp:28]   --->   Operation 31 'specstablecontent' 'specstablecontent_ln28' <Predicate = true> <Delay = 0.00>
ST_1 : Operation 32 [1/1] (0.00ns)   --->   "%specresourcelimit_ln33 = specresourcelimit void @_ssdm_op_SpecResourceLimit, i64 4, void @empty_1, void @empty_0, void @empty_0, void @empty_0" [dense_layer.cpp:33]   --->   Operation 32 'specresourcelimit' 'specresourcelimit_ln33' <Predicate = true> <Delay = 0.00>
ST_1 : Operation 33 [1/1] (0.38ns)   --->   "%store_ln0 = store i32 0, i32 %sum4"   --->   Operation 33 'store' 'store_ln0' <Predicate = true> <Delay = 0.38>
ST_1 : Operation 34 [1/1] (0.38ns)   --->   "%store_ln0 = store i5 0, i5 %i3"   --->   Operation 34 'store' 'store_ln0' <Predicate = true> <Delay = 0.38>
ST_1 : Operation 35 [1/1] (0.38ns)   --->   "%store_ln0 = store i4 0, i4 %j2"   --->   Operation 35 'store' 'store_ln0' <Predicate = true> <Delay = 0.38>
ST_1 : Operation 36 [1/1] (0.38ns)   --->   "%store_ln0 = store i7 0, i7 %indvar_flatten1"   --->   Operation 36 'store' 'store_ln0' <Predicate = true> <Delay = 0.38>
ST_1 : Operation 37 [1/1] (0.38ns)   --->   "%br_ln0 = br void %for.inc11"   --->   Operation 37 'br' 'br_ln0' <Predicate = true> <Delay = 0.38>
ST_1 : Operation 38 [1/1] (0.00ns)   --->   "%icmp_ln385 = phi i1 0, void %entry, i1 %icmp_ln38, void %new.latch.for.inc.split" [dense_layer.cpp:38]   --->   Operation 38 'phi' 'icmp_ln385' <Predicate = true> <Delay = 0.00>
ST_1 : Operation 39 [1/1] (0.00ns)   --->   "%indvar_flatten1_load = load i7 %indvar_flatten1" [dense_layer.cpp:35]   --->   Operation 39 'load' 'indvar_flatten1_load' <Predicate = true> <Delay = 0.00>
ST_1 : Operation 40 [1/1] (0.00ns)   --->   "%j2_load = load i4 %j2" [dense_layer.cpp:35]   --->   Operation 40 'load' 'j2_load' <Predicate = true> <Delay = 0.00>
ST_1 : Operation 41 [1/1] (0.00ns)   --->   "%i3_load = load i5 %i3" [dense_layer.cpp:35]   --->   Operation 41 'load' 'i3_load' <Predicate = true> <Delay = 0.00>
ST_1 : Operation 42 [1/1] (0.70ns)   --->   "%add_ln35 = add i4 %j2_load, i4 1" [dense_layer.cpp:35]   --->   Operation 42 'add' 'add_ln35' <Predicate = true> <Delay = 0.70> <CoreInst = "Adder">   --->   Core 1 'Adder' <Latency = 0> <II = 1> <Delay = 0.70> <FuncUnit> <Opcode : 'add' 'sub'> <InPorts = 2> <OutPorts = 1>
ST_1 : Operation 43 [1/1] (0.27ns)   --->   "%select_ln35 = select i1 %icmp_ln385, i5 0, i5 %i3_load" [dense_layer.cpp:35]   --->   Operation 43 'select' 'select_ln35' <Predicate = true> <Delay = 0.27> <CoreInst = "Sel">   --->   Core 73 'Sel' <Latency = 0> <II = 1> <Delay = 0.27> <FuncUnit> <Opcode : 'select'> <InPorts = 3> <OutPorts = 1>
ST_1 : Operation 44 [1/1] (0.35ns)   --->   "%j = select i1 %icmp_ln385, i4 %add_ln35, i4 %j2_load" [dense_layer.cpp:35]   --->   Operation 44 'select' 'j' <Predicate = true> <Delay = 0.35> <CoreInst = "Sel">   --->   Core 73 'Sel' <Latency = 0> <II = 1> <Delay = 0.35> <FuncUnit> <Opcode : 'select'> <InPorts = 3> <OutPorts = 1>
ST_1 : Operation 45 [1/1] (0.00ns)   --->   "%zext_ln35 = zext i4 %j" [dense_layer.cpp:35]   --->   Operation 45 'zext' 'zext_ln35' <Predicate = true> <Delay = 0.00>
ST_1 : Operation 46 [1/1] (0.00ns)   --->   "%zext_ln38 = zext i4 %j" [dense_layer.cpp:38]   --->   Operation 46 'zext' 'zext_ln38' <Predicate = true> <Delay = 0.00>
ST_1 : Operation 47 [1/1] (0.00ns)   --->   "%trunc_ln38 = trunc i5 %select_ln35" [dense_layer.cpp:38]   --->   Operation 47 'trunc' 'trunc_ln38' <Predicate = true> <Delay = 0.00>
ST_1 : Operation 48 [1/1] (0.00ns)   --->   "%lshr_ln = partselect i2 @_ssdm_op_PartSelect.i2.i5.i32.i32, i5 %select_ln35, i32 2, i32 3" [dense_layer.cpp:36]   --->   Operation 48 'partselect' 'lshr_ln' <Predicate = true> <Delay = 0.00>
ST_1 : Operation 49 [1/1] (0.00ns)   --->   "%zext_ln36 = zext i2 %lshr_ln" [dense_layer.cpp:36]   --->   Operation 49 'zext' 'zext_ln36' <Predicate = true> <Delay = 0.00>
ST_1 : Operation 50 [1/1] (0.00ns)   --->   "%tmp_2 = bitconcatenate i5 @_ssdm_op_BitConcatenate.i5.i2.i3, i2 %lshr_ln, i3 0" [dense_layer.cpp:40]   --->   Operation 50 'bitconcatenate' 'tmp_2' <Predicate = true> <Delay = 0.00>
ST_1 : Operation 51 [1/1] (0.70ns)   --->   "%add_ln40 = add i5 %tmp_2, i5 %zext_ln38" [dense_layer.cpp:40]   --->   Operation 51 'add' 'add_ln40' <Predicate = true> <Delay = 0.70> <CoreInst = "Adder">   --->   Core 1 'Adder' <Latency = 0> <II = 1> <Delay = 0.70> <FuncUnit> <Opcode : 'add' 'sub'> <InPorts = 2> <OutPorts = 1>
ST_1 : Operation 52 [1/1] (0.00ns)   --->   "%zext_ln40 = zext i5 %add_ln40" [dense_layer.cpp:40]   --->   Operation 52 'zext' 'zext_ln40' <Predicate = true> <Delay = 0.00>
ST_1 : Operation 53 [1/1] (0.00ns)   --->   "%w_0_addr = getelementptr i32 %w_0, i64 0, i64 %zext_ln40" [dense_layer.cpp:40]   --->   Operation 53 'getelementptr' 'w_0_addr' <Predicate = true> <Delay = 0.00>
ST_1 : Operation 54 [1/1] (0.00ns)   --->   "%w_1_addr = getelementptr i32 %w_1, i64 0, i64 %zext_ln40" [dense_layer.cpp:40]   --->   Operation 54 'getelementptr' 'w_1_addr' <Predicate = true> <Delay = 0.00>
ST_1 : Operation 55 [1/1] (0.00ns)   --->   "%w_2_addr = getelementptr i32 %w_2, i64 0, i64 %zext_ln40" [dense_layer.cpp:40]   --->   Operation 55 'getelementptr' 'w_2_addr' <Predicate = true> <Delay = 0.00>
ST_1 : Operation 56 [1/1] (0.00ns)   --->   "%w_3_addr = getelementptr i32 %w_3, i64 0, i64 %zext_ln40" [dense_layer.cpp:40]   --->   Operation 56 'getelementptr' 'w_3_addr' <Predicate = true> <Delay = 0.00>
ST_1 : Operation 57 [1/1] (0.00ns)   --->   "%x_0_addr = getelementptr i32 %x_0, i64 0, i64 %zext_ln36" [dense_layer.cpp:40]   --->   Operation 57 'getelementptr' 'x_0_addr' <Predicate = true> <Delay = 0.00>
ST_1 : Operation 58 [2/2] (0.69ns)   --->   "%x_0_load = load i2 %x_0_addr" [dense_layer.cpp:40]   --->   Operation 58 'load' 'x_0_load' <Predicate = true> <Delay = 0.69> <CoreInst = "RAM">   --->   Core 82 'RAM' <Latency = 1> <II = 1> <Delay = 0.69> <Storage> <Opcode : 'load' 'store'> <Ports = 2> <Width = 32> <Depth = 4> <RAM>
ST_1 : Operation 59 [1/1] (0.00ns)   --->   "%x_1_addr = getelementptr i32 %x_1, i64 0, i64 %zext_ln36" [dense_layer.cpp:40]   --->   Operation 59 'getelementptr' 'x_1_addr' <Predicate = true> <Delay = 0.00>
ST_1 : Operation 60 [2/2] (0.69ns)   --->   "%x_1_load = load i2 %x_1_addr" [dense_layer.cpp:40]   --->   Operation 60 'load' 'x_1_load' <Predicate = true> <Delay = 0.69> <CoreInst = "RAM">   --->   Core 82 'RAM' <Latency = 1> <II = 1> <Delay = 0.69> <Storage> <Opcode : 'load' 'store'> <Ports = 2> <Width = 32> <Depth = 4> <RAM>
ST_1 : Operation 61 [1/1] (0.00ns)   --->   "%x_2_addr = getelementptr i32 %x_2, i64 0, i64 %zext_ln36" [dense_layer.cpp:40]   --->   Operation 61 'getelementptr' 'x_2_addr' <Predicate = true> <Delay = 0.00>
ST_1 : Operation 62 [2/2] (0.69ns)   --->   "%x_2_load = load i2 %x_2_addr" [dense_layer.cpp:40]   --->   Operation 62 'load' 'x_2_load' <Predicate = true> <Delay = 0.69> <CoreInst = "RAM">   --->   Core 82 'RAM' <Latency = 1> <II = 1> <Delay = 0.69> <Storage> <Opcode : 'load' 'store'> <Ports = 2> <Width = 32> <Depth = 4> <RAM>
ST_1 : Operation 63 [1/1] (0.00ns)   --->   "%x_3_addr = getelementptr i32 %x_3, i64 0, i64 %zext_ln36" [dense_layer.cpp:40]   --->   Operation 63 'getelementptr' 'x_3_addr' <Predicate = true> <Delay = 0.00>
ST_1 : Operation 64 [2/2] (0.69ns)   --->   "%x_3_load = load i2 %x_3_addr" [dense_layer.cpp:40]   --->   Operation 64 'load' 'x_3_load' <Predicate = true> <Delay = 0.69> <CoreInst = "RAM">   --->   Core 82 'RAM' <Latency = 1> <II = 1> <Delay = 0.69> <Storage> <Opcode : 'load' 'store'> <Ports = 2> <Width = 32> <Depth = 4> <RAM>
ST_1 : Operation 65 [2/2] (0.69ns)   --->   "%w_0_load = load i5 %w_0_addr" [dense_layer.cpp:40]   --->   Operation 65 'load' 'w_0_load' <Predicate = true> <Delay = 0.69> <CoreInst = "RAM">   --->   Core 82 'RAM' <Latency = 1> <II = 1> <Delay = 0.69> <Storage> <Opcode : 'load' 'store'> <Ports = 2> <Width = 32> <Depth = 32> <RAM>
ST_1 : Operation 66 [2/2] (0.69ns)   --->   "%w_1_load = load i5 %w_1_addr" [dense_layer.cpp:40]   --->   Operation 66 'load' 'w_1_load' <Predicate = true> <Delay = 0.69> <CoreInst = "RAM">   --->   Core 82 'RAM' <Latency = 1> <II = 1> <Delay = 0.69> <Storage> <Opcode : 'load' 'store'> <Ports = 2> <Width = 32> <Depth = 32> <RAM>
ST_1 : Operation 67 [2/2] (0.69ns)   --->   "%w_2_load = load i5 %w_2_addr" [dense_layer.cpp:40]   --->   Operation 67 'load' 'w_2_load' <Predicate = true> <Delay = 0.69> <CoreInst = "RAM">   --->   Core 82 'RAM' <Latency = 1> <II = 1> <Delay = 0.69> <Storage> <Opcode : 'load' 'store'> <Ports = 2> <Width = 32> <Depth = 32> <RAM>
ST_1 : Operation 68 [2/2] (0.69ns)   --->   "%w_3_load = load i5 %w_3_addr" [dense_layer.cpp:40]   --->   Operation 68 'load' 'w_3_load' <Predicate = true> <Delay = 0.69> <CoreInst = "RAM">   --->   Core 82 'RAM' <Latency = 1> <II = 1> <Delay = 0.69> <Storage> <Opcode : 'load' 'store'> <Ports = 2> <Width = 32> <Depth = 32> <RAM>
ST_1 : Operation 69 [1/1] (0.70ns)   --->   "%i = add i5 %select_ln35, i5 1" [dense_layer.cpp:38]   --->   Operation 69 'add' 'i' <Predicate = true> <Delay = 0.70> <CoreInst = "Adder">   --->   Core 1 'Adder' <Latency = 0> <II = 1> <Delay = 0.70> <FuncUnit> <Opcode : 'add' 'sub'> <InPorts = 2> <OutPorts = 1>
ST_1 : Operation 70 [1/1] (0.70ns)   --->   "%icmp_ln38 = icmp_eq  i5 %i, i5 16" [dense_layer.cpp:38]   --->   Operation 70 'icmp' 'icmp_ln38' <Predicate = true> <Delay = 0.70> <CoreInst = "Cmp">   --->   Core 9 'Cmp' <Latency = 0> <II = 1> <Delay = 0.70> <FuncUnit> <Opcode : 'seteq' 'setne' 'setle' 'setge' 'setlt' 'setgt'> <InPorts = 2> <OutPorts = 1>
ST_1 : Operation 71 [1/1] (0.00ns)   --->   "%y_addr = getelementptr i32 %y, i64 0, i64 %zext_ln35" [dense_layer.cpp:43]   --->   Operation 71 'getelementptr' 'y_addr' <Predicate = true> <Delay = 0.00>
ST_1 : Operation 72 [1/1] (0.70ns)   --->   "%add_ln35_1 = add i7 %indvar_flatten1_load, i7 1" [dense_layer.cpp:35]   --->   Operation 72 'add' 'add_ln35_1' <Predicate = true> <Delay = 0.70> <CoreInst = "Adder">   --->   Core 1 'Adder' <Latency = 0> <II = 1> <Delay = 0.70> <FuncUnit> <Opcode : 'add' 'sub'> <InPorts = 2> <OutPorts = 1>
ST_1 : Operation 73 [1/1] (0.00ns)   --->   "%br_ln38 = br i1 %icmp_ln38, void %new.latch.for.inc.split, void %last.iter.for.inc.split" [dense_layer.cpp:38]   --->   Operation 73 'br' 'br_ln38' <Predicate = true> <Delay = 0.00>
ST_1 : Operation 74 [1/1] (0.70ns)   --->   "%icmp_ln35 = icmp_eq  i7 %indvar_flatten1_load, i7 127" [dense_layer.cpp:35]   --->   Operation 74 'icmp' 'icmp_ln35' <Predicate = true> <Delay = 0.70> <CoreInst = "Cmp">   --->   Core 9 'Cmp' <Latency = 0> <II = 1> <Delay = 0.70> <FuncUnit> <Opcode : 'seteq' 'setne' 'setle' 'setge' 'setlt' 'setgt'> <InPorts = 2> <OutPorts = 1>
ST_1 : Operation 75 [1/1] (0.38ns)   --->   "%store_ln38 = store i5 %i, i5 %i3" [dense_layer.cpp:38]   --->   Operation 75 'store' 'store_ln38' <Predicate = true> <Delay = 0.38>
ST_1 : Operation 76 [1/1] (0.38ns)   --->   "%store_ln35 = store i4 %j, i4 %j2" [dense_layer.cpp:35]   --->   Operation 76 'store' 'store_ln35' <Predicate = true> <Delay = 0.38>
ST_1 : Operation 77 [1/1] (0.38ns)   --->   "%store_ln35 = store i7 %add_ln35_1, i7 %indvar_flatten1" [dense_layer.cpp:35]   --->   Operation 77 'store' 'store_ln35' <Predicate = true> <Delay = 0.38>
ST_1 : Operation 78 [1/1] (0.00ns)   --->   "%br_ln35 = br i1 %icmp_ln35, void %for.inc11, void %for.end13" [dense_layer.cpp:35]   --->   Operation 78 'br' 'br_ln35' <Predicate = true> <Delay = 0.00>

State 2 <SV = 1> <Delay = 5.90>
ST_2 : Operation 79 [1/1] (0.00ns)   --->   "%sum4_load = load i32 %sum4" [dense_layer.cpp:35]   --->   Operation 79 'load' 'sum4_load' <Predicate = true> <Delay = 0.00>
ST_2 : Operation 80 [1/1] (0.00ns)   --->   "%specloopname_ln0 = specloopname void @_ssdm_op_SpecLoopName, void @VITIS_LOOP_35_1_VITIS_LOOP_38_2_str"   --->   Operation 80 'specloopname' 'specloopname_ln0' <Predicate = true> <Delay = 0.00>
ST_2 : Operation 81 [1/1] (0.00ns)   --->   "%speclooptripcount_ln0 = speclooptripcount void @_ssdm_op_SpecLoopTripCount, i64 128, i64 128, i64 128"   --->   Operation 81 'speclooptripcount' 'speclooptripcount_ln0' <Predicate = true> <Delay = 0.00>
ST_2 : Operation 82 [1/1] (0.00ns) (grouped into LUT with out node sum)   --->   "%select_ln35_1 = select i1 %icmp_ln385, i32 0, i32 %sum4_load" [dense_layer.cpp:35]   --->   Operation 82 'select' 'select_ln35_1' <Predicate = true> <Delay = 0.00> <CoreInst = "Sel">   --->   Core 73 'Sel' <Latency = 0> <II = 1> <Delay = 0.22> <FuncUnit> <Opcode : 'select'> <InPorts = 3> <OutPorts = 1>
ST_2 : Operation 83 [1/1] (0.00ns)   --->   "%specpipeline_ln39 = specpipeline void @_ssdm_op_SpecPipeline, i32 1, i32 0, i32 0, i32 0, void @empty_0" [dense_layer.cpp:39]   --->   Operation 83 'specpipeline' 'specpipeline_ln39' <Predicate = true> <Delay = 0.00>
ST_2 : Operation 84 [1/2] (0.69ns)   --->   "%x_0_load = load i2 %x_0_addr" [dense_layer.cpp:40]   --->   Operation 84 'load' 'x_0_load' <Predicate = true> <Delay = 0.69> <CoreInst = "RAM">   --->   Core 82 'RAM' <Latency = 1> <II = 1> <Delay = 0.69> <Storage> <Opcode : 'load' 'store'> <Ports = 2> <Width = 32> <Depth = 4> <RAM>
ST_2 : Operation 85 [1/2] (0.69ns)   --->   "%x_1_load = load i2 %x_1_addr" [dense_layer.cpp:40]   --->   Operation 85 'load' 'x_1_load' <Predicate = true> <Delay = 0.69> <CoreInst = "RAM">   --->   Core 82 'RAM' <Latency = 1> <II = 1> <Delay = 0.69> <Storage> <Opcode : 'load' 'store'> <Ports = 2> <Width = 32> <Depth = 4> <RAM>
ST_2 : Operation 86 [1/2] (0.69ns)   --->   "%x_2_load = load i2 %x_2_addr" [dense_layer.cpp:40]   --->   Operation 86 'load' 'x_2_load' <Predicate = true> <Delay = 0.69> <CoreInst = "RAM">   --->   Core 82 'RAM' <Latency = 1> <II = 1> <Delay = 0.69> <Storage> <Opcode : 'load' 'store'> <Ports = 2> <Width = 32> <Depth = 4> <RAM>
ST_2 : Operation 87 [1/2] (0.69ns)   --->   "%x_3_load = load i2 %x_3_addr" [dense_layer.cpp:40]   --->   Operation 87 'load' 'x_3_load' <Predicate = true> <Delay = 0.69> <CoreInst = "RAM">   --->   Core 82 'RAM' <Latency = 1> <II = 1> <Delay = 0.69> <Storage> <Opcode : 'load' 'store'> <Ports = 2> <Width = 32> <Depth = 4> <RAM>
ST_2 : Operation 88 [1/1] (0.45ns)   --->   "%tmp = sparsemux i32 @_ssdm_op_SparseMux.ap_auto.4i32.i32.i2, i2 0, i32 %x_0_load, i2 1, i32 %x_1_load, i2 2, i32 %x_2_load, i2 3, i32 %x_3_load, i32 0, i2 %trunc_ln38" [dense_layer.cpp:40]   --->   Operation 88 'sparsemux' 'tmp' <Predicate = true> <Delay = 0.45> <CoreInst = "SparseMux">   --->   Core 144 'SparseMux' <Latency = 0> <II = 1> <Delay = 0.45> <FuncUnit> <Opcode : 'sparsemux'> <InPorts = 2> <OutPorts = 1>
ST_2 : Operation 89 [1/2] (0.69ns)   --->   "%w_0_load = load i5 %w_0_addr" [dense_layer.cpp:40]   --->   Operation 89 'load' 'w_0_load' <Predicate = true> <Delay = 0.69> <CoreInst = "RAM">   --->   Core 82 'RAM' <Latency = 1> <II = 1> <Delay = 0.69> <Storage> <Opcode : 'load' 'store'> <Ports = 2> <Width = 32> <Depth = 32> <RAM>
ST_2 : Operation 90 [1/2] (0.69ns)   --->   "%w_1_load = load i5 %w_1_addr" [dense_layer.cpp:40]   --->   Operation 90 'load' 'w_1_load' <Predicate = true> <Delay = 0.69> <CoreInst = "RAM">   --->   Core 82 'RAM' <Latency = 1> <II = 1> <Delay = 0.69> <Storage> <Opcode : 'load' 'store'> <Ports = 2> <Width = 32> <Depth = 32> <RAM>
ST_2 : Operation 91 [1/2] (0.69ns)   --->   "%w_2_load = load i5 %w_2_addr" [dense_layer.cpp:40]   --->   Operation 91 'load' 'w_2_load' <Predicate = true> <Delay = 0.69> <CoreInst = "RAM">   --->   Core 82 'RAM' <Latency = 1> <II = 1> <Delay = 0.69> <Storage> <Opcode : 'load' 'store'> <Ports = 2> <Width = 32> <Depth = 32> <RAM>
ST_2 : Operation 92 [1/2] (0.69ns)   --->   "%w_3_load = load i5 %w_3_addr" [dense_layer.cpp:40]   --->   Operation 92 'load' 'w_3_load' <Predicate = true> <Delay = 0.69> <CoreInst = "RAM">   --->   Core 82 'RAM' <Latency = 1> <II = 1> <Delay = 0.69> <Storage> <Opcode : 'load' 'store'> <Ports = 2> <Width = 32> <Depth = 32> <RAM>
ST_2 : Operation 93 [1/1] (0.45ns)   --->   "%tmp_1 = sparsemux i32 @_ssdm_op_SparseMux.ap_auto.4i32.i32.i2, i2 0, i32 %w_0_load, i2 1, i32 %w_1_load, i2 2, i32 %w_2_load, i2 3, i32 %w_3_load, i32 0, i2 %trunc_ln38" [dense_layer.cpp:40]   --->   Operation 93 'sparsemux' 'tmp_1' <Predicate = true> <Delay = 0.45> <CoreInst = "SparseMux">   --->   Core 144 'SparseMux' <Latency = 0> <II = 1> <Delay = 0.45> <FuncUnit> <Opcode : 'sparsemux'> <InPorts = 2> <OutPorts = 1>
ST_2 : Operation 94 [1/1] (3.17ns)   --->   "%mul_ln40 = mul i32 %tmp_1, i32 %tmp" [dense_layer.cpp:40]   --->   Operation 94 'mul' 'mul_ln40' <Predicate = true> <Delay = 3.17> <CoreInst = "Multiplier">   --->   Core 3 'Multiplier' <Latency = 0> <II = 1> <Delay = 3.17> <FuncUnit> <Opcode : 'mul'> <InPorts = 2> <OutPorts = 1>
ST_2 : Operation 95 [1/1] (0.88ns) (out node of the LUT)   --->   "%sum = add i32 %mul_ln40, i32 %select_ln35_1" [dense_layer.cpp:40]   --->   Operation 95 'add' 'sum' <Predicate = true> <Delay = 0.88> <CoreInst = "Adder">   --->   Core 1 'Adder' <Latency = 0> <II = 1> <Delay = 0.88> <FuncUnit> <Opcode : 'add' 'sub'> <InPorts = 2> <OutPorts = 1>
ST_2 : Operation 96 [1/1] (0.69ns)   --->   "%store_ln43 = store i32 %sum, i3 %y_addr" [dense_layer.cpp:43]   --->   Operation 96 'store' 'store_ln43' <Predicate = (icmp_ln38)> <Delay = 0.69> <CoreInst = "RAM">   --->   Core 82 'RAM' <Latency = 1> <II = 1> <Delay = 0.69> <Storage> <Opcode : 'load' 'store'> <Ports = 2> <Width = 32> <Depth = 8> <RAM>
ST_2 : Operation 97 [1/1] (0.00ns)   --->   "%br_ln38 = br void %new.latch.for.inc.split" [dense_layer.cpp:38]   --->   Operation 97 'br' 'br_ln38' <Predicate = (icmp_ln38)> <Delay = 0.00>
ST_2 : Operation 98 [1/1] (0.38ns)   --->   "%store_ln40 = store i32 %sum, i32 %sum4" [dense_layer.cpp:40]   --->   Operation 98 'store' 'store_ln40' <Predicate = true> <Delay = 0.38>
ST_2 : Operation 99 [1/1] (0.38ns)   --->   "%ret_ln45 = ret" [dense_layer.cpp:45]   --->   Operation 99 'ret' 'ret_ln45' <Predicate = (icmp_ln35)> <Delay = 0.38>


============================================================
+ Verbose Summary: Binding
============================================================
STG Binding: 
---------------- STG Properties BEGIN ----------------
- Is combinational: 0
- Is one-state seq: 0
- Is datapath-only: 0
- Is pipelined: 0
- Is top level: 1
Port [ Return ] is wired: 1; IO mode=ap_ctrl_hs:ce=0
Port [ x_0]:  wired=1; compound=1; hidden=0; nouse=0; global=0; static=0; extern=0; dir=0; type=1; pingpong=0; private_global=0; MemPort=[13]; IO mode=bram:ce=0
Port [ x_1]:  wired=1; compound=1; hidden=0; nouse=0; global=0; static=0; extern=0; dir=0; type=1; pingpong=0; private_global=0; MemPort=[13]; IO mode=bram:ce=0
Port [ x_2]:  wired=1; compound=1; hidden=0; nouse=0; global=0; static=0; extern=0; dir=0; type=1; pingpong=0; private_global=0; MemPort=[13]; IO mode=bram:ce=0
Port [ x_3]:  wired=1; compound=1; hidden=0; nouse=0; global=0; static=0; extern=0; dir=0; type=1; pingpong=0; private_global=0; MemPort=[13]; IO mode=bram:ce=0
Port [ w_0]:  wired=1; compound=1; hidden=0; nouse=0; global=0; static=0; extern=0; dir=0; type=1; pingpong=0; private_global=0; MemPort=[13]; IO mode=bram:ce=0
Port [ w_1]:  wired=1; compound=1; hidden=0; nouse=0; global=0; static=0; extern=0; dir=0; type=1; pingpong=0; private_global=0; MemPort=[13]; IO mode=bram:ce=0
Port [ w_2]:  wired=1; compound=1; hidden=0; nouse=0; global=0; static=0; extern=0; dir=0; type=1; pingpong=0; private_global=0; MemPort=[13]; IO mode=bram:ce=0
Port [ w_3]:  wired=1; compound=1; hidden=0; nouse=0; global=0; static=0; extern=0; dir=0; type=1; pingpong=0; private_global=0; MemPort=[13]; IO mode=bram:ce=0
Port [ y]:  wired=1; compound=1; hidden=0; nouse=0; global=0; static=0; extern=0; dir=1; type=1; pingpong=0; private_global=0; MemPort=[03]; IO mode=bram:ce=0
---------------- STG Properties END ------------------

---------------- Datapath Model BEGIN ----------------

<LifeTime>
<method=bitvector/>
indvar_flatten1        (alloca           ) [ 010]
j2                     (alloca           ) [ 010]
i3                     (alloca           ) [ 010]
sum4                   (alloca           ) [ 011]
spectopmodule_ln19     (spectopmodule    ) [ 000]
specinterface_ln0      (specinterface    ) [ 000]
specbitsmap_ln0        (specbitsmap      ) [ 000]
specinterface_ln0      (specinterface    ) [ 000]
specbitsmap_ln0        (specbitsmap      ) [ 000]
specinterface_ln0      (specinterface    ) [ 000]
specbitsmap_ln0        (specbitsmap      ) [ 000]
specinterface_ln0      (specinterface    ) [ 000]
specbitsmap_ln0        (specbitsmap      ) [ 000]
specinterface_ln0      (specinterface    ) [ 000]
specbitsmap_ln0        (specbitsmap      ) [ 000]
specinterface_ln0      (specinterface    ) [ 000]
specbitsmap_ln0        (specbitsmap      ) [ 000]
specinterface_ln0      (specinterface    ) [ 000]
specbitsmap_ln0        (specbitsmap      ) [ 000]
specinterface_ln0      (specinterface    ) [ 000]
specbitsmap_ln0        (specbitsmap      ) [ 000]
specinterface_ln0      (specinterface    ) [ 000]
specbitsmap_ln0        (specbitsmap      ) [ 000]
specstablecontent_ln28 (specstablecontent) [ 000]
specstablecontent_ln28 (specstablecontent) [ 000]
specstablecontent_ln28 (specstablecontent) [ 000]
specstablecontent_ln28 (specstablecontent) [ 000]
specresourcelimit_ln33 (specresourcelimit) [ 000]
store_ln0              (store            ) [ 000]
store_ln0              (store            ) [ 000]
store_ln0              (store            ) [ 000]
store_ln0              (store            ) [ 000]
br_ln0                 (br               ) [ 000]
icmp_ln385             (phi              ) [ 011]
indvar_flatten1_load   (load             ) [ 000]
j2_load                (load             ) [ 000]
i3_load                (load             ) [ 000]
add_ln35               (add              ) [ 000]
select_ln35            (select           ) [ 000]
j                      (select           ) [ 000]
zext_ln35              (zext             ) [ 000]
zext_ln38              (zext             ) [ 000]
trunc_ln38             (trunc            ) [ 011]
lshr_ln                (partselect       ) [ 000]
zext_ln36              (zext             ) [ 000]
tmp_2                  (bitconcatenate   ) [ 000]
add_ln40               (add              ) [ 000]
zext_ln40              (zext             ) [ 000]
w_0_addr               (getelementptr    ) [ 011]
w_1_addr               (getelementptr    ) [ 011]
w_2_addr               (getelementptr    ) [ 011]
w_3_addr               (getelementptr    ) [ 011]
x_0_addr               (getelementptr    ) [ 011]
x_1_addr               (getelementptr    ) [ 011]
x_2_addr               (getelementptr    ) [ 011]
x_3_addr               (getelementptr    ) [ 011]
i                      (add              ) [ 000]
icmp_ln38              (icmp             ) [ 011]
y_addr                 (getelementptr    ) [ 011]
add_ln35_1             (add              ) [ 000]
br_ln38                (br               ) [ 000]
icmp_ln35              (icmp             ) [ 011]
store_ln38             (store            ) [ 000]
store_ln35             (store            ) [ 000]
store_ln35             (store            ) [ 000]
br_ln35                (br               ) [ 010]
sum4_load              (load             ) [ 000]
specloopname_ln0       (specloopname     ) [ 000]
speclooptripcount_ln0  (speclooptripcount) [ 000]
select_ln35_1          (select           ) [ 000]
specpipeline_ln39      (specpipeline     ) [ 000]
x_0_load               (load             ) [ 000]
x_1_load               (load             ) [ 000]
x_2_load               (load             ) [ 000]
x_3_load               (load             ) [ 000]
tmp                    (sparsemux        ) [ 000]
w_0_load               (load             ) [ 000]
w_1_load               (load             ) [ 000]
w_2_load               (load             ) [ 000]
w_3_load               (load             ) [ 000]
tmp_1                  (sparsemux        ) [ 000]
mul_ln40               (mul              ) [ 000]
sum                    (add              ) [ 000]
store_ln43             (store            ) [ 000]
br_ln38                (br               ) [ 000]
store_ln40             (store            ) [ 000]
ret_ln45               (ret              ) [ 000]
</LifeTime>

<model>

<comp_list>
<comp id="0" class="1000" name="x_0">
<pin_list>
<pin id="1" dir="1" index="0" bw="1" slack="0"/>
</pin_list>
<bind>
<StgValue><ssdm name="x_0"/><MemPortTyVec>1 3 </MemPortTyVec>
</StgValue>
</bind>
</comp>

<comp id="2" class="1000" name="x_1">
<pin_list>
<pin id="3" dir="1" index="0" bw="1" slack="0"/>
</pin_list>
<bind>
<StgValue><ssdm name="x_1"/><MemPortTyVec>1 3 </MemPortTyVec>
</StgValue>
</bind>
</comp>

<comp id="4" class="1000" name="x_2">
<pin_list>
<pin id="5" dir="1" index="0" bw="1" slack="0"/>
</pin_list>
<bind>
<StgValue><ssdm name="x_2"/><MemPortTyVec>1 3 </MemPortTyVec>
</StgValue>
</bind>
</comp>

<comp id="6" class="1000" name="x_3">
<pin_list>
<pin id="7" dir="1" index="0" bw="1" slack="0"/>
</pin_list>
<bind>
<StgValue><ssdm name="x_3"/><MemPortTyVec>1 3 </MemPortTyVec>
</StgValue>
</bind>
</comp>

<comp id="8" class="1000" name="w_0">
<pin_list>
<pin id="9" dir="1" index="0" bw="1" slack="0"/>
</pin_list>
<bind>
<StgValue><ssdm name="w_0"/><MemPortTyVec>1 3 </MemPortTyVec>
</StgValue>
</bind>
</comp>

<comp id="10" class="1000" name="w_1">
<pin_list>
<pin id="11" dir="1" index="0" bw="1" slack="0"/>
</pin_list>
<bind>
<StgValue><ssdm name="w_1"/><MemPortTyVec>1 3 </MemPortTyVec>
</StgValue>
</bind>
</comp>

<comp id="12" class="1000" name="w_2">
<pin_list>
<pin id="13" dir="1" index="0" bw="1" slack="0"/>
</pin_list>
<bind>
<StgValue><ssdm name="w_2"/><MemPortTyVec>1 3 </MemPortTyVec>
</StgValue>
</bind>
</comp>

<comp id="14" class="1000" name="w_3">
<pin_list>
<pin id="15" dir="1" index="0" bw="1" slack="0"/>
</pin_list>
<bind>
<StgValue><ssdm name="w_3"/><MemPortTyVec>1 3 </MemPortTyVec>
</StgValue>
</bind>
</comp>

<comp id="16" class="1000" name="y">
<pin_list>
<pin id="17" dir="1" index="0" bw="1" slack="0"/>
</pin_list>
<bind>
<StgValue><ssdm name="y"/><MemPortTyVec>0 3 </MemPortTyVec>
</StgValue>
</bind>
</comp>

<comp id="18" class="1001" name="const_18">
<pin_list>
<pin id="19" dir="1" index="0" bw="1" slack="0"/>
</pin_list>
<bind>
<StgValue><ssdm name=""/></StgValue>
</bind>
</comp>

<comp id="20" class="1001" name="const_20">
<pin_list>
<pin id="21" dir="1" index="0" bw="1" slack="2147483647"/>
</pin_list>
<bind>
<StgValue><ssdm name="_ssdm_op_SpecTopModule"/></StgValue>
</bind>
</comp>

<comp id="22" class="1001" name="const_22">
<pin_list>
<pin id="23" dir="1" index="0" bw="1" slack="2147483647"/>
</pin_list>
<bind>
<StgValue><ssdm name="empty_2"/></StgValue>
</bind>
</comp>

<comp id="24" class="1001" name="const_24">
<pin_list>
<pin id="25" dir="1" index="0" bw="1" slack="2147483647"/>
</pin_list>
<bind>
<StgValue><ssdm name="_ssdm_op_SpecInterface"/></StgValue>
</bind>
</comp>

<comp id="26" class="1001" name="const_26">
<pin_list>
<pin id="27" dir="1" index="0" bw="1" slack="2147483647"/>
</pin_list>
<bind>
<StgValue><ssdm name="empty"/></StgValue>
</bind>
</comp>

<comp id="28" class="1001" name="const_28">
<pin_list>
<pin id="29" dir="1" index="0" bw="1" slack="0"/>
</pin_list>
<bind>
<StgValue><ssdm name=""/></StgValue>
</bind>
</comp>

<comp id="30" class="1001" name="const_30">
<pin_list>
<pin id="31" dir="1" index="0" bw="1" slack="2147483647"/>
</pin_list>
<bind>
<StgValue><ssdm name="empty_0"/></StgValue>
</bind>
</comp>

<comp id="32" class="1001" name="const_32">
<pin_list>
<pin id="33" dir="1" index="0" bw="1" slack="2147483647"/>
</pin_list>
<bind>
<StgValue><ssdm name=""/></StgValue>
</bind>
</comp>

<comp id="34" class="1001" name="const_34">
<pin_list>
<pin id="35" dir="1" index="0" bw="1" slack="2147483647"/>
</pin_list>
<bind>
<StgValue><ssdm name="_ssdm_op_SpecBitsMap"/></StgValue>
</bind>
</comp>

<comp id="36" class="1001" name="const_36">
<pin_list>
<pin id="37" dir="1" index="0" bw="1" slack="2147483647"/>
</pin_list>
<bind>
<StgValue><ssdm name="_ssdm_op_SpecStableContent"/></StgValue>
</bind>
</comp>

<comp id="38" class="1001" name="const_38">
<pin_list>
<pin id="39" dir="1" index="0" bw="1" slack="2147483647"/>
</pin_list>
<bind>
<StgValue><ssdm name=""/></StgValue>
</bind>
</comp>

<comp id="40" class="1001" name="const_40">
<pin_list>
<pin id="41" dir="1" index="0" bw="1" slack="2147483647"/>
</pin_list>
<bind>
<StgValue><ssdm name="_ssdm_op_SpecResourceLimit"/></StgValue>
</bind>
</comp>

<comp id="42" class="1001" name="const_42">
<pin_list>
<pin id="43" dir="1" index="0" bw="1" slack="2147483647"/>
</pin_list>
<bind>
<StgValue><ssdm name=""/></StgValue>
</bind>
</comp>

<comp id="44" class="1001" name="const_44">
<pin_list>
<pin id="45" dir="1" index="0" bw="1" slack="2147483647"/>
</pin_list>
<bind>
<StgValue><ssdm name="empty_1"/></StgValue>
</bind>
</comp>

<comp id="46" class="1001" name="const_46">
<pin_list>
<pin id="47" dir="1" index="0" bw="1" slack="0"/>
</pin_list>
<bind>
<StgValue><ssdm name=""/></StgValue>
</bind>
</comp>

<comp id="48" class="1001" name="const_48">
<pin_list>
<pin id="49" dir="1" index="0" bw="1" slack="0"/>
</pin_list>
<bind>
<StgValue><ssdm name=""/></StgValue>
</bind>
</comp>

<comp id="50" class="1001" name="const_50">
<pin_list>
<pin id="51" dir="1" index="0" bw="1" slack="0"/>
</pin_list>
<bind>
<StgValue><ssdm name=""/></StgValue>
</bind>
</comp>

<comp id="52" class="1001" name="const_52">
<pin_list>
<pin id="53" dir="1" index="0" bw="1" slack="0"/>
</pin_list>
<bind>
<StgValue><ssdm name=""/></StgValue>
</bind>
</comp>

<comp id="54" class="1001" name="const_54">
<pin_list>
<pin id="55" dir="1" index="0" bw="1" slack="0"/>
</pin_list>
<bind>
<StgValue><ssdm name=""/></StgValue>
</bind>
</comp>

<comp id="56" class="1001" name="const_56">
<pin_list>
<pin id="57" dir="1" index="0" bw="1" slack="0"/>
</pin_list>
<bind>
<StgValue><ssdm name="_ssdm_op_PartSelect.i2.i5.i32.i32"/></StgValue>
</bind>
</comp>

<comp id="58" class="1001" name="const_58">
<pin_list>
<pin id="59" dir="1" index="0" bw="1" slack="0"/>
</pin_list>
<bind>
<StgValue><ssdm name=""/></StgValue>
</bind>
</comp>

<comp id="60" class="1001" name="const_60">
<pin_list>
<pin id="61" dir="1" index="0" bw="1" slack="0"/>
</pin_list>
<bind>
<StgValue><ssdm name=""/></StgValue>
</bind>
</comp>

<comp id="62" class="1001" name="const_62">
<pin_list>
<pin id="63" dir="1" index="0" bw="1" slack="0"/>
</pin_list>
<bind>
<StgValue><ssdm name="_ssdm_op_BitConcatenate.i5.i2.i3"/></StgValue>
</bind>
</comp>

<comp id="64" class="1001" name="const_64">
<pin_list>
<pin id="65" dir="1" index="0" bw="1" slack="0"/>
</pin_list>
<bind>
<StgValue><ssdm name=""/></StgValue>
</bind>
</comp>

<comp id="66" class="1001" name="const_66">
<pin_list>
<pin id="67" dir="1" index="0" bw="1" slack="0"/>
</pin_list>
<bind>
<StgValue><ssdm name=""/></StgValue>
</bind>
</comp>

<comp id="68" class="1001" name="const_68">
<pin_list>
<pin id="69" dir="1" index="0" bw="1" slack="0"/>
</pin_list>
<bind>
<StgValue><ssdm name=""/></StgValue>
</bind>
</comp>

<comp id="70" class="1001" name="const_70">
<pin_list>
<pin id="71" dir="1" index="0" bw="1" slack="0"/>
</pin_list>
<bind>
<StgValue><ssdm name=""/></StgValue>
</bind>
</comp>

<comp id="72" class="1001" name="const_72">
<pin_list>
<pin id="73" dir="1" index="0" bw="1" slack="0"/>
</pin_list>
<bind>
<StgValue><ssdm name=""/></StgValue>
</bind>
</comp>

<comp id="74" class="1001" name="const_74">
<pin_list>
<pin id="75" dir="1" index="0" bw="1" slack="0"/>
</pin_list>
<bind>
<StgValue><ssdm name=""/></StgValue>
</bind>
</comp>

<comp id="76" class="1001" name="const_76">
<pin_list>
<pin id="77" dir="1" index="0" bw="1" slack="2147483647"/>
</pin_list>
<bind>
<StgValue><ssdm name="_ssdm_op_SpecLoopName"/></StgValue>
</bind>
</comp>

<comp id="78" class="1001" name="const_78">
<pin_list>
<pin id="79" dir="1" index="0" bw="1" slack="2147483647"/>
</pin_list>
<bind>
<StgValue><ssdm name="VITIS_LOOP_35_1_VITIS_LOOP_38_2_str"/></StgValue>
</bind>
</comp>

<comp id="80" class="1001" name="const_80">
<pin_list>
<pin id="81" dir="1" index="0" bw="1" slack="2147483647"/>
</pin_list>
<bind>
<StgValue><ssdm name="_ssdm_op_SpecLoopTripCount"/></StgValue>
</bind>
</comp>

<comp id="82" class="1001" name="const_82">
<pin_list>
<pin id="83" dir="1" index="0" bw="1" slack="2147483647"/>
</pin_list>
<bind>
<StgValue><ssdm name=""/></StgValue>
</bind>
</comp>

<comp id="84" class="1001" name="const_84">
<pin_list>
<pin id="85" dir="1" index="0" bw="1" slack="2147483647"/>
</pin_list>
<bind>
<StgValue><ssdm name="_ssdm_op_SpecPipeline"/></StgValue>
</bind>
</comp>

<comp id="86" class="1001" name="const_86">
<pin_list>
<pin id="87" dir="1" index="0" bw="1" slack="0"/>
</pin_list>
<bind>
<StgValue><ssdm name="_ssdm_op_SparseMux.ap_auto.4i32.i32.i2"/></StgValue>
</bind>
</comp>

<comp id="88" class="1001" name="const_88">
<pin_list>
<pin id="89" dir="1" index="0" bw="1" slack="0"/>
</pin_list>
<bind>
<StgValue><ssdm name=""/></StgValue>
</bind>
</comp>

<comp id="90" class="1001" name="const_90">
<pin_list>
<pin id="91" dir="1" index="0" bw="1" slack="0"/>
</pin_list>
<bind>
<StgValue><ssdm name=""/></StgValue>
</bind>
</comp>

<comp id="92" class="1001" name="const_92">
<pin_list>
<pin id="93" dir="1" index="0" bw="1" slack="0"/>
</pin_list>
<bind>
<StgValue><ssdm name=""/></StgValue>
</bind>
</comp>

<comp id="94" class="1001" name="const_94">
<pin_list>
<pin id="95" dir="1" index="0" bw="1" slack="0"/>
</pin_list>
<bind>
<StgValue><ssdm name=""/></StgValue>
</bind>
</comp>

<comp id="96" class="1001" name="const_96">
<pin_list>
<pin id="97" dir="1" index="0" bw="1" slack="0"/>
</pin_list>
<bind>
<StgValue><ssdm name=""/></StgValue>
</bind>
</comp>

<comp id="98" class="1004" name="indvar_flatten1_fu_98">
<pin_list>
<pin id="99" dir="0" index="0" bw="1" slack="0"/>
<pin id="100" dir="1" index="1" bw="7" slack="0"/>
</pin_list>
<bind>
<opcode="alloca(26) " fcode="alloca"/>
<opset="indvar_flatten1/1 "/>
</bind>
</comp>

<comp id="102" class="1004" name="j2_fu_102">
<pin_list>
<pin id="103" dir="0" index="0" bw="1" slack="0"/>
<pin id="104" dir="1" index="1" bw="4" slack="0"/>
</pin_list>
<bind>
<opcode="alloca(26) " fcode="alloca"/>
<opset="j2/1 "/>
</bind>
</comp>

<comp id="106" class="1004" name="i3_fu_106">
<pin_list>
<pin id="107" dir="0" index="0" bw="1" slack="0"/>
<pin id="108" dir="1" index="1" bw="5" slack="0"/>
</pin_list>
<bind>
<opcode="alloca(26) " fcode="alloca"/>
<opset="i3/1 "/>
</bind>
</comp>

<comp id="110" class="1004" name="sum4_fu_110">
<pin_list>
<pin id="111" dir="0" index="0" bw="1" slack="0"/>
<pin id="112" dir="1" index="1" bw="32" slack="0"/>
</pin_list>
<bind>
<opcode="alloca(26) " fcode="alloca"/>
<opset="sum4/1 "/>
</bind>
</comp>

<comp id="114" class="1004" name="w_0_addr_gep_fu_114">
<pin_list>
<pin id="115" dir="0" index="0" bw="32" slack="0"/>
<pin id="116" dir="0" index="1" bw="1" slack="0"/>
<pin id="117" dir="0" index="2" bw="5" slack="0"/>
<pin id="118" dir="1" index="3" bw="5" slack="0"/>
</pin_list>
<bind>
<opcode="getelementptr(29) " fcode="getelementptr"/>
<opset="w_0_addr/1 "/>
</bind>
</comp>

<comp id="121" class="1004" name="w_1_addr_gep_fu_121">
<pin_list>
<pin id="122" dir="0" index="0" bw="32" slack="0"/>
<pin id="123" dir="0" index="1" bw="1" slack="0"/>
<pin id="124" dir="0" index="2" bw="5" slack="0"/>
<pin id="125" dir="1" index="3" bw="5" slack="0"/>
</pin_list>
<bind>
<opcode="getelementptr(29) " fcode="getelementptr"/>
<opset="w_1_addr/1 "/>
</bind>
</comp>

<comp id="128" class="1004" name="w_2_addr_gep_fu_128">
<pin_list>
<pin id="129" dir="0" index="0" bw="32" slack="0"/>
<pin id="130" dir="0" index="1" bw="1" slack="0"/>
<pin id="131" dir="0" index="2" bw="5" slack="0"/>
<pin id="132" dir="1" index="3" bw="5" slack="0"/>
</pin_list>
<bind>
<opcode="getelementptr(29) " fcode="getelementptr"/>
<opset="w_2_addr/1 "/>
</bind>
</comp>

<comp id="135" class="1004" name="w_3_addr_gep_fu_135">
<pin_list>
<pin id="136" dir="0" index="0" bw="32" slack="0"/>
<pin id="137" dir="0" index="1" bw="1" slack="0"/>
<pin id="138" dir="0" index="2" bw="5" slack="0"/>
<pin id="139" dir="1" index="3" bw="5" slack="0"/>
</pin_list>
<bind>
<opcode="getelementptr(29) " fcode="getelementptr"/>
<opset="w_3_addr/1 "/>
</bind>
</comp>

<comp id="142" class="1004" name="x_0_addr_gep_fu_142">
<pin_list>
<pin id="143" dir="0" index="0" bw="32" slack="0"/>
<pin id="144" dir="0" index="1" bw="1" slack="0"/>
<pin id="145" dir="0" index="2" bw="2" slack="0"/>
<pin id="146" dir="1" index="3" bw="2" slack="0"/>
</pin_list>
<bind>
<opcode="getelementptr(29) " fcode="getelementptr"/>
<opset="x_0_addr/1 "/>
</bind>
</comp>

<comp id="149" class="1004" name="grp_access_fu_149">
<pin_list>
<pin id="150" dir="0" index="0" bw="2" slack="0"/>
<pin id="151" dir="0" index="1" bw="32" slack="2147483647"/>
<pin id="152" dir="0" index="2" bw="0" slack="2147483647"/>
<pin id="153" dir="1" index="3" bw="32" slack="0"/>
</pin_list>
<bind>
<opcode="load(27) " fcode="load"/>
<opset="x_0_load/1 "/>
</bind>
</comp>

<comp id="155" class="1004" name="x_1_addr_gep_fu_155">
<pin_list>
<pin id="156" dir="0" index="0" bw="32" slack="0"/>
<pin id="157" dir="0" index="1" bw="1" slack="0"/>
<pin id="158" dir="0" index="2" bw="2" slack="0"/>
<pin id="159" dir="1" index="3" bw="2" slack="0"/>
</pin_list>
<bind>
<opcode="getelementptr(29) " fcode="getelementptr"/>
<opset="x_1_addr/1 "/>
</bind>
</comp>

<comp id="162" class="1004" name="grp_access_fu_162">
<pin_list>
<pin id="163" dir="0" index="0" bw="2" slack="0"/>
<pin id="164" dir="0" index="1" bw="32" slack="2147483647"/>
<pin id="165" dir="0" index="2" bw="0" slack="2147483647"/>
<pin id="166" dir="1" index="3" bw="32" slack="0"/>
</pin_list>
<bind>
<opcode="load(27) " fcode="load"/>
<opset="x_1_load/1 "/>
</bind>
</comp>

<comp id="168" class="1004" name="x_2_addr_gep_fu_168">
<pin_list>
<pin id="169" dir="0" index="0" bw="32" slack="0"/>
<pin id="170" dir="0" index="1" bw="1" slack="0"/>
<pin id="171" dir="0" index="2" bw="2" slack="0"/>
<pin id="172" dir="1" index="3" bw="2" slack="0"/>
</pin_list>
<bind>
<opcode="getelementptr(29) " fcode="getelementptr"/>
<opset="x_2_addr/1 "/>
</bind>
</comp>

<comp id="175" class="1004" name="grp_access_fu_175">
<pin_list>
<pin id="176" dir="0" index="0" bw="2" slack="0"/>
<pin id="177" dir="0" index="1" bw="32" slack="2147483647"/>
<pin id="178" dir="0" index="2" bw="0" slack="2147483647"/>
<pin id="179" dir="1" index="3" bw="32" slack="0"/>
</pin_list>
<bind>
<opcode="load(27) " fcode="load"/>
<opset="x_2_load/1 "/>
</bind>
</comp>

<comp id="181" class="1004" name="x_3_addr_gep_fu_181">
<pin_list>
<pin id="182" dir="0" index="0" bw="32" slack="0"/>
<pin id="183" dir="0" index="1" bw="1" slack="0"/>
<pin id="184" dir="0" index="2" bw="2" slack="0"/>
<pin id="185" dir="1" index="3" bw="2" slack="0"/>
</pin_list>
<bind>
<opcode="getelementptr(29) " fcode="getelementptr"/>
<opset="x_3_addr/1 "/>
</bind>
</comp>

<comp id="188" class="1004" name="grp_access_fu_188">
<pin_list>
<pin id="189" dir="0" index="0" bw="2" slack="0"/>
<pin id="190" dir="0" index="1" bw="32" slack="2147483647"/>
<pin id="191" dir="0" index="2" bw="0" slack="2147483647"/>
<pin id="192" dir="1" index="3" bw="32" slack="0"/>
</pin_list>
<bind>
<opcode="load(27) " fcode="load"/>
<opset="x_3_load/1 "/>
</bind>
</comp>

<comp id="194" class="1004" name="grp_access_fu_194">
<pin_list>
<pin id="195" dir="0" index="0" bw="5" slack="0"/>
<pin id="196" dir="0" index="1" bw="32" slack="2147483647"/>
<pin id="197" dir="0" index="2" bw="0" slack="2147483647"/>
<pin id="198" dir="1" index="3" bw="32" slack="0"/>
</pin_list>
<bind>
<opcode="load(27) " fcode="load"/>
<opset="w_0_load/1 "/>
</bind>
</comp>

<comp id="200" class="1004" name="grp_access_fu_200">
<pin_list>
<pin id="201" dir="0" index="0" bw="5" slack="0"/>
<pin id="202" dir="0" index="1" bw="32" slack="2147483647"/>
<pin id="203" dir="0" index="2" bw="0" slack="2147483647"/>
<pin id="204" dir="1" index="3" bw="32" slack="0"/>
</pin_list>
<bind>
<opcode="load(27) " fcode="load"/>
<opset="w_1_load/1 "/>
</bind>
</comp>

<comp id="206" class="1004" name="grp_access_fu_206">
<pin_list>
<pin id="207" dir="0" index="0" bw="5" slack="0"/>
<pin id="208" dir="0" index="1" bw="32" slack="2147483647"/>
<pin id="209" dir="0" index="2" bw="0" slack="2147483647"/>
<pin id="210" dir="1" index="3" bw="32" slack="0"/>
</pin_list>
<bind>
<opcode="load(27) " fcode="load"/>
<opset="w_2_load/1 "/>
</bind>
</comp>

<comp id="212" class="1004" name="grp_access_fu_212">
<pin_list>
<pin id="213" dir="0" index="0" bw="5" slack="0"/>
<pin id="214" dir="0" index="1" bw="32" slack="2147483647"/>
<pin id="215" dir="0" index="2" bw="0" slack="2147483647"/>
<pin id="216" dir="1" index="3" bw="32" slack="0"/>
</pin_list>
<bind>
<opcode="load(27) " fcode="load"/>
<opset="w_3_load/1 "/>
</bind>
</comp>

<comp id="218" class="1004" name="y_addr_gep_fu_218">
<pin_list>
<pin id="219" dir="0" index="0" bw="32" slack="0"/>
<pin id="220" dir="0" index="1" bw="1" slack="0"/>
<pin id="221" dir="0" index="2" bw="4" slack="0"/>
<pin id="222" dir="1" index="3" bw="3" slack="1"/>
</pin_list>
<bind>
<opcode="getelementptr(29) " fcode="getelementptr"/>
<opset="y_addr/1 "/>
</bind>
</comp>

<comp id="225" class="1004" name="store_ln43_access_fu_225">
<pin_list>
<pin id="226" dir="0" index="0" bw="3" slack="1"/>
<pin id="227" dir="0" index="1" bw="32" slack="0"/>
<pin id="228" dir="0" index="2" bw="0" slack="2147483647"/>
<pin id="229" dir="1" index="3" bw="32" slack="2147483647"/>
</pin_list>
<bind>
<opcode="store(28) " fcode="store"/>
<opset="store_ln43/2 "/>
</bind>
</comp>

<comp id="230" class="1005" name="icmp_ln385_reg_230">
<pin_list>
<pin id="231" dir="0" index="0" bw="1" slack="1"/>
<pin id="232" dir="1" index="1" bw="1" slack="1"/>
</pin_list>
<bind>
<opset="icmp_ln385 (phireg) "/>
</bind>
</comp>

<comp id="233" class="1004" name="icmp_ln385_phi_fu_233">
<pin_list>
<pin id="234" dir="0" index="0" bw="1" slack="0"/>
<pin id="235" dir="0" index="1" bw="0" slack="2147483647"/>
<pin id="236" dir="0" index="2" bw="1" slack="0"/>
<pin id="237" dir="0" index="3" bw="0" slack="2147483647"/>
<pin id="238" dir="1" index="4" bw="1" slack="0"/>
</pin_list>
<bind>
<opcode="phi(47) " fcode="phi"/>
<opset="icmp_ln385/1 "/>
</bind>
</comp>

<comp id="242" class="1004" name="mul_ln40_fu_242">
<pin_list>
<pin id="257" dir="0" index="0" bw="32" slack="0"/>
<pin id="258" dir="0" index="1" bw="32" slack="0"/>
<pin id="259" dir="1" index="2" bw="32" slack="0"/>
</pin_list>
<bind>
<opcode="mul(12) " fcode="mul"/>
<opset="mul_ln40/2 "/>
</bind>
</comp>

<comp id="264" class="1004" name="store_ln0_store_fu_264">
<pin_list>
<pin id="265" dir="0" index="0" bw="1" slack="0"/>
<pin id="266" dir="0" index="1" bw="32" slack="0"/>
<pin id="267" dir="1" index="2" bw="0" slack="2147483647"/>
</pin_list>
<bind>
<opcode="store(28) " fcode="store"/>
<opset="store_ln0/1 "/>
</bind>
</comp>

<comp id="269" class="1004" name="store_ln0_store_fu_269">
<pin_list>
<pin id="270" dir="0" index="0" bw="1" slack="0"/>
<pin id="271" dir="0" index="1" bw="5" slack="0"/>
<pin id="272" dir="1" index="2" bw="0" slack="2147483647"/>
</pin_list>
<bind>
<opcode="store(28) " fcode="store"/>
<opset="store_ln0/1 "/>
</bind>
</comp>

<comp id="274" class="1004" name="store_ln0_store_fu_274">
<pin_list>
<pin id="275" dir="0" index="0" bw="1" slack="0"/>
<pin id="276" dir="0" index="1" bw="4" slack="0"/>
<pin id="277" dir="1" index="2" bw="0" slack="2147483647"/>
</pin_list>
<bind>
<opcode="store(28) " fcode="store"/>
<opset="store_ln0/1 "/>
</bind>
</comp>

<comp id="279" class="1004" name="store_ln0_store_fu_279">
<pin_list>
<pin id="280" dir="0" index="0" bw="1" slack="0"/>
<pin id="281" dir="0" index="1" bw="7" slack="0"/>
<pin id="282" dir="1" index="2" bw="0" slack="2147483647"/>
</pin_list>
<bind>
<opcode="store(28) " fcode="store"/>
<opset="store_ln0/1 "/>
</bind>
</comp>

<comp id="284" class="1004" name="indvar_flatten1_load_load_fu_284">
<pin_list>
<pin id="285" dir="0" index="0" bw="7" slack="0"/>
<pin id="286" dir="1" index="1" bw="7" slack="0"/>
</pin_list>
<bind>
<opcode="load(27) " fcode="load"/>
<opset="indvar_flatten1_load/1 "/>
</bind>
</comp>

<comp id="287" class="1004" name="j2_load_load_fu_287">
<pin_list>
<pin id="288" dir="0" index="0" bw="4" slack="0"/>
<pin id="289" dir="1" index="1" bw="4" slack="0"/>
</pin_list>
<bind>
<opcode="load(27) " fcode="load"/>
<opset="j2_load/1 "/>
</bind>
</comp>

<comp id="290" class="1004" name="i3_load_load_fu_290">
<pin_list>
<pin id="291" dir="0" index="0" bw="5" slack="0"/>
<pin id="292" dir="1" index="1" bw="5" slack="0"/>
</pin_list>
<bind>
<opcode="load(27) " fcode="load"/>
<opset="i3_load/1 "/>
</bind>
</comp>

<comp id="293" class="1004" name="add_ln35_fu_293">
<pin_list>
<pin id="294" dir="0" index="0" bw="4" slack="0"/>
<pin id="295" dir="0" index="1" bw="1" slack="0"/>
<pin id="296" dir="1" index="2" bw="4" slack="0"/>
</pin_list>
<bind>
<opcode="add(8) " fcode="add"/>
<opset="add_ln35/1 "/>
</bind>
</comp>

<comp id="299" class="1004" name="select_ln35_fu_299">
<pin_list>
<pin id="300" dir="0" index="0" bw="1" slack="0"/>
<pin id="301" dir="0" index="1" bw="5" slack="0"/>
<pin id="302" dir="0" index="2" bw="5" slack="0"/>
<pin id="303" dir="1" index="3" bw="5" slack="0"/>
</pin_list>
<bind>
<opcode="select(49) " fcode="select"/>
<opset="select_ln35/1 "/>
</bind>
</comp>

<comp id="307" class="1004" name="j_fu_307">
<pin_list>
<pin id="308" dir="0" index="0" bw="1" slack="0"/>
<pin id="309" dir="0" index="1" bw="4" slack="0"/>
<pin id="310" dir="0" index="2" bw="4" slack="0"/>
<pin id="311" dir="1" index="3" bw="4" slack="0"/>
</pin_list>
<bind>
<opcode="select(49) " fcode="select"/>
<opset="j/1 "/>
</bind>
</comp>

<comp id="315" class="1004" name="zext_ln35_fu_315">
<pin_list>
<pin id="316" dir="0" index="0" bw="4" slack="0"/>
<pin id="317" dir="1" index="1" bw="64" slack="0"/>
</pin_list>
<bind>
<opcode="zext(34) " fcode="zext"/>
<opset="zext_ln35/1 "/>
</bind>
</comp>

<comp id="320" class="1004" name="zext_ln38_fu_320">
<pin_list>
<pin id="321" dir="0" index="0" bw="4" slack="0"/>
<pin id="322" dir="1" index="1" bw="5" slack="0"/>
</pin_list>
<bind>
<opcode="zext(34) " fcode="zext"/>
<opset="zext_ln38/1 "/>
</bind>
</comp>

<comp id="324" class="1004" name="trunc_ln38_fu_324">
<pin_list>
<pin id="325" dir="0" index="0" bw="5" slack="0"/>
<pin id="326" dir="1" index="1" bw="2" slack="1"/>
</pin_list>
<bind>
<opcode="trunc(33) " fcode="trunc"/>
<opset="trunc_ln38/1 "/>
</bind>
</comp>

<comp id="328" class="1004" name="lshr_ln_fu_328">
<pin_list>
<pin id="329" dir="0" index="0" bw="2" slack="0"/>
<pin id="330" dir="0" index="1" bw="5" slack="0"/>
<pin id="331" dir="0" index="2" bw="3" slack="0"/>
<pin id="332" dir="0" index="3" bw="3" slack="0"/>
<pin id="333" dir="1" index="4" bw="2" slack="0"/>
</pin_list>
<bind>
<opcode="partselect(1002) " fcode="partselect"/>
<opset="lshr_ln/1 "/>
</bind>
</comp>

<comp id="338" class="1004" name="zext_ln36_fu_338">
<pin_list>
<pin id="339" dir="0" index="0" bw="2" slack="0"/>
<pin id="340" dir="1" index="1" bw="64" slack="0"/>
</pin_list>
<bind>
<opcode="zext(34) " fcode="zext"/>
<opset="zext_ln36/1 "/>
</bind>
</comp>

<comp id="346" class="1004" name="tmp_2_fu_346">
<pin_list>
<pin id="347" dir="0" index="0" bw="5" slack="0"/>
<pin id="348" dir="0" index="1" bw="2" slack="0"/>
<pin id="349" dir="0" index="2" bw="1" slack="0"/>
<pin id="350" dir="1" index="3" bw="5" slack="0"/>
</pin_list>
<bind>
<opcode="bitconcatenate(1004) " fcode="bitconcatenate"/>
<opset="tmp_2/1 "/>
</bind>
</comp>

<comp id="354" class="1004" name="add_ln40_fu_354">
<pin_list>
<pin id="355" dir="0" index="0" bw="5" slack="0"/>
<pin id="356" dir="0" index="1" bw="4" slack="0"/>
<pin id="357" dir="1" index="2" bw="5" slack="0"/>
</pin_list>
<bind>
<opcode="add(8) " fcode="add"/>
<opset="add_ln40/1 "/>
</bind>
</comp>

<comp id="360" class="1004" name="zext_ln40_fu_360">
<pin_list>
<pin id="361" dir="0" index="0" bw="5" slack="0"/>
<pin id="362" dir="1" index="1" bw="64" slack="0"/>
</pin_list>
<bind>
<opcode="zext(34) " fcode="zext"/>
<opset="zext_ln40/1 "/>
</bind>
</comp>

<comp id="368" class="1004" name="i_fu_368">
<pin_list>
<pin id="369" dir="0" index="0" bw="5" slack="0"/>
<pin id="370" dir="0" index="1" bw="1" slack="0"/>
<pin id="371" dir="1" index="2" bw="5" slack="0"/>
</pin_list>
<bind>
<opcode="add(8) " fcode="add"/>
<opset="i/1 "/>
</bind>
</comp>

<comp id="374" class="1004" name="icmp_ln38_fu_374">
<pin_list>
<pin id="375" dir="0" index="0" bw="5" slack="0"/>
<pin id="376" dir="0" index="1" bw="5" slack="0"/>
<pin id="377" dir="1" index="2" bw="1" slack="0"/>
</pin_list>
<bind>
<opcode="icmp(45) " fcode="icmp"/>
<opset="icmp_ln38/1 "/>
</bind>
</comp>

<comp id="380" class="1004" name="add_ln35_1_fu_380">
<pin_list>
<pin id="381" dir="0" index="0" bw="7" slack="0"/>
<pin id="382" dir="0" index="1" bw="1" slack="0"/>
<pin id="383" dir="1" index="2" bw="7" slack="0"/>
</pin_list>
<bind>
<opcode="add(8) " fcode="add"/>
<opset="add_ln35_1/1 "/>
</bind>
</comp>

<comp id="386" class="1004" name="icmp_ln35_fu_386">
<pin_list>
<pin id="387" dir="0" index="0" bw="7" slack="0"/>
<pin id="388" dir="0" index="1" bw="7" slack="0"/>
<pin id="389" dir="1" index="2" bw="1" slack="1"/>
</pin_list>
<bind>
<opcode="icmp(45) " fcode="icmp"/>
<opset="icmp_ln35/1 "/>
</bind>
</comp>

<comp id="392" class="1004" name="store_ln38_store_fu_392">
<pin_list>
<pin id="393" dir="0" index="0" bw="5" slack="0"/>
<pin id="394" dir="0" index="1" bw="5" slack="0"/>
<pin id="395" dir="1" index="2" bw="0" slack="2147483647"/>
</pin_list>
<bind>
<opcode="store(28) " fcode="store"/>
<opset="store_ln38/1 "/>
</bind>
</comp>

<comp id="397" class="1004" name="store_ln35_store_fu_397">
<pin_list>
<pin id="398" dir="0" index="0" bw="4" slack="0"/>
<pin id="399" dir="0" index="1" bw="4" slack="0"/>
<pin id="400" dir="1" index="2" bw="0" slack="2147483647"/>
</pin_list>
<bind>
<opcode="store(28) " fcode="store"/>
<opset="store_ln35/1 "/>
</bind>
</comp>

<comp id="402" class="1004" name="store_ln35_store_fu_402">
<pin_list>
<pin id="403" dir="0" index="0" bw="7" slack="0"/>
<pin id="404" dir="0" index="1" bw="7" slack="0"/>
<pin id="405" dir="1" index="2" bw="0" slack="2147483647"/>
</pin_list>
<bind>
<opcode="store(28) " fcode="store"/>
<opset="store_ln35/1 "/>
</bind>
</comp>

<comp id="407" class="1004" name="sum4_load_load_fu_407">
<pin_list>
<pin id="408" dir="0" index="0" bw="32" slack="1"/>
<pin id="409" dir="1" index="1" bw="32" slack="0"/>
</pin_list>
<bind>
<opcode="load(27) " fcode="load"/>
<opset="sum4_load/2 "/>
</bind>
</comp>

<comp id="410" class="1004" name="select_ln35_1_fu_410">
<pin_list>
<pin id="411" dir="0" index="0" bw="1" slack="1"/>
<pin id="412" dir="0" index="1" bw="32" slack="0"/>
<pin id="413" dir="0" index="2" bw="32" slack="0"/>
<pin id="414" dir="1" index="3" bw="32" slack="0"/>
</pin_list>
<bind>
<opcode="select(49) " fcode="select"/>
<opset="select_ln35_1/2 "/>
</bind>
</comp>

<comp id="418" class="1004" name="tmp_fu_418">
<pin_list>
<pin id="419" dir="0" index="0" bw="32" slack="0"/>
<pin id="420" dir="0" index="1" bw="2" slack="0"/>
<pin id="421" dir="0" index="2" bw="32" slack="0"/>
<pin id="422" dir="0" index="3" bw="2" slack="0"/>
<pin id="423" dir="0" index="4" bw="32" slack="0"/>
<pin id="424" dir="0" index="5" bw="2" slack="0"/>
<pin id="425" dir="0" index="6" bw="32" slack="0"/>
<pin id="426" dir="0" index="7" bw="2" slack="0"/>
<pin id="427" dir="0" index="8" bw="32" slack="0"/>
<pin id="428" dir="0" index="9" bw="32" slack="0"/>
<pin id="429" dir="0" index="10" bw="2" slack="1"/>
<pin id="430" dir="1" index="11" bw="32" slack="0"/>
</pin_list>
<bind>
<opcode="sparsemux(1197) " fcode="sparsemux"/>
<opset="tmp/2 "/>
</bind>
</comp>

<comp id="442" class="1004" name="tmp_1_fu_442">
<pin_list>
<pin id="443" dir="0" index="0" bw="32" slack="0"/>
<pin id="444" dir="0" index="1" bw="2" slack="0"/>
<pin id="445" dir="0" index="2" bw="32" slack="0"/>
<pin id="446" dir="0" index="3" bw="2" slack="0"/>
<pin id="447" dir="0" index="4" bw="32" slack="0"/>
<pin id="448" dir="0" index="5" bw="2" slack="0"/>
<pin id="449" dir="0" index="6" bw="32" slack="0"/>
<pin id="450" dir="0" index="7" bw="2" slack="0"/>
<pin id="451" dir="0" index="8" bw="32" slack="0"/>
<pin id="452" dir="0" index="9" bw="32" slack="0"/>
<pin id="453" dir="0" index="10" bw="2" slack="1"/>
<pin id="454" dir="1" index="11" bw="32" slack="0"/>
</pin_list>
<bind>
<opcode="sparsemux(1197) " fcode="sparsemux"/>
<opset="tmp_1/2 "/>
</bind>
</comp>

<comp id="466" class="1004" name="sum_fu_466">
<pin_list>
<pin id="467" dir="0" index="0" bw="32" slack="0"/>
<pin id="468" dir="0" index="1" bw="32" slack="0"/>
<pin id="469" dir="1" index="2" bw="32" slack="0"/>
</pin_list>
<bind>
<opcode="add(8) " fcode="add"/>
<opset="sum/2 "/>
</bind>
</comp>

<comp id="473" class="1004" name="store_ln40_store_fu_473">
<pin_list>
<pin id="474" dir="0" index="0" bw="32" slack="0"/>
<pin id="475" dir="0" index="1" bw="32" slack="1"/>
<pin id="476" dir="1" index="2" bw="0" slack="2147483647"/>
</pin_list>
<bind>
<opcode="store(28) " fcode="store"/>
<opset="store_ln40/2 "/>
</bind>
</comp>

<comp id="478" class="1005" name="indvar_flatten1_reg_478">
<pin_list>
<pin id="479" dir="0" index="0" bw="7" slack="0"/>
<pin id="480" dir="1" index="1" bw="7" slack="0"/>
</pin_list>
<bind>
<opset="indvar_flatten1 "/>
</bind>
</comp>

<comp id="485" class="1005" name="j2_reg_485">
<pin_list>
<pin id="486" dir="0" index="0" bw="4" slack="0"/>
<pin id="487" dir="1" index="1" bw="4" slack="0"/>
</pin_list>
<bind>
<opset="j2 "/>
</bind>
</comp>

<comp id="492" class="1005" name="i3_reg_492">
<pin_list>
<pin id="493" dir="0" index="0" bw="5" slack="0"/>
<pin id="494" dir="1" index="1" bw="5" slack="0"/>
</pin_list>
<bind>
<opset="i3 "/>
</bind>
</comp>

<comp id="499" class="1005" name="sum4_reg_499">
<pin_list>
<pin id="500" dir="0" index="0" bw="32" slack="0"/>
<pin id="501" dir="1" index="1" bw="32" slack="0"/>
</pin_list>
<bind>
<opset="sum4 "/>
</bind>
</comp>

<comp id="506" class="1005" name="trunc_ln38_reg_506">
<pin_list>
<pin id="507" dir="0" index="0" bw="2" slack="1"/>
<pin id="508" dir="1" index="1" bw="2" slack="1"/>
</pin_list>
<bind>
<opset="trunc_ln38 "/>
</bind>
</comp>

<comp id="512" class="1005" name="w_0_addr_reg_512">
<pin_list>
<pin id="513" dir="0" index="0" bw="5" slack="1"/>
<pin id="514" dir="1" index="1" bw="5" slack="1"/>
</pin_list>
<bind>
<opset="w_0_addr "/>
</bind>
</comp>

<comp id="517" class="1005" name="w_1_addr_reg_517">
<pin_list>
<pin id="518" dir="0" index="0" bw="5" slack="1"/>
<pin id="519" dir="1" index="1" bw="5" slack="1"/>
</pin_list>
<bind>
<opset="w_1_addr "/>
</bind>
</comp>

<comp id="522" class="1005" name="w_2_addr_reg_522">
<pin_list>
<pin id="523" dir="0" index="0" bw="5" slack="1"/>
<pin id="524" dir="1" index="1" bw="5" slack="1"/>
</pin_list>
<bind>
<opset="w_2_addr "/>
</bind>
</comp>

<comp id="527" class="1005" name="w_3_addr_reg_527">
<pin_list>
<pin id="528" dir="0" index="0" bw="5" slack="1"/>
<pin id="529" dir="1" index="1" bw="5" slack="1"/>
</pin_list>
<bind>
<opset="w_3_addr "/>
</bind>
</comp>

<comp id="532" class="1005" name="x_0_addr_reg_532">
<pin_list>
<pin id="533" dir="0" index="0" bw="2" slack="1"/>
<pin id="534" dir="1" index="1" bw="2" slack="1"/>
</pin_list>
<bind>
<opset="x_0_addr "/>
</bind>
</comp>

<comp id="537" class="1005" name="x_1_addr_reg_537">
<pin_list>
<pin id="538" dir="0" index="0" bw="2" slack="1"/>
<pin id="539" dir="1" index="1" bw="2" slack="1"/>
</pin_list>
<bind>
<opset="x_1_addr "/>
</bind>
</comp>

<comp id="542" class="1005" name="x_2_addr_reg_542">
<pin_list>
<pin id="543" dir="0" index="0" bw="2" slack="1"/>
<pin id="544" dir="1" index="1" bw="2" slack="1"/>
</pin_list>
<bind>
<opset="x_2_addr "/>
</bind>
</comp>

<comp id="547" class="1005" name="x_3_addr_reg_547">
<pin_list>
<pin id="548" dir="0" index="0" bw="2" slack="1"/>
<pin id="549" dir="1" index="1" bw="2" slack="1"/>
</pin_list>
<bind>
<opset="x_3_addr "/>
</bind>
</comp>

<comp id="552" class="1005" name="icmp_ln38_reg_552">
<pin_list>
<pin id="553" dir="0" index="0" bw="1" slack="0"/>
<pin id="554" dir="1" index="1" bw="1" slack="0"/>
</pin_list>
<bind>
<opset="icmp_ln38 "/>
</bind>
</comp>

<comp id="557" class="1005" name="y_addr_reg_557">
<pin_list>
<pin id="558" dir="0" index="0" bw="3" slack="1"/>
<pin id="559" dir="1" index="1" bw="3" slack="1"/>
</pin_list>
<bind>
<opset="y_addr "/>
</bind>
</comp>

<comp id="562" class="1005" name="icmp_ln35_reg_562">
<pin_list>
<pin id="563" dir="0" index="0" bw="1" slack="1"/>
<pin id="564" dir="1" index="1" bw="1" slack="2147483647"/>
</pin_list>
<bind>
<opset="icmp_ln35 "/>
</bind>
</comp>

</comp_list>

<net_list>
<net id="101"><net_src comp="18" pin="0"/><net_sink comp="98" pin=0"/></net>

<net id="105"><net_src comp="18" pin="0"/><net_sink comp="102" pin=0"/></net>

<net id="109"><net_src comp="18" pin="0"/><net_sink comp="106" pin=0"/></net>

<net id="113"><net_src comp="18" pin="0"/><net_sink comp="110" pin=0"/></net>

<net id="119"><net_src comp="8" pin="0"/><net_sink comp="114" pin=0"/></net>

<net id="120"><net_src comp="66" pin="0"/><net_sink comp="114" pin=1"/></net>

<net id="126"><net_src comp="10" pin="0"/><net_sink comp="121" pin=0"/></net>

<net id="127"><net_src comp="66" pin="0"/><net_sink comp="121" pin=1"/></net>

<net id="133"><net_src comp="12" pin="0"/><net_sink comp="128" pin=0"/></net>

<net id="134"><net_src comp="66" pin="0"/><net_sink comp="128" pin=1"/></net>

<net id="140"><net_src comp="14" pin="0"/><net_sink comp="135" pin=0"/></net>

<net id="141"><net_src comp="66" pin="0"/><net_sink comp="135" pin=1"/></net>

<net id="147"><net_src comp="0" pin="0"/><net_sink comp="142" pin=0"/></net>

<net id="148"><net_src comp="66" pin="0"/><net_sink comp="142" pin=1"/></net>

<net id="154"><net_src comp="142" pin="3"/><net_sink comp="149" pin=0"/></net>

<net id="160"><net_src comp="2" pin="0"/><net_sink comp="155" pin=0"/></net>

<net id="161"><net_src comp="66" pin="0"/><net_sink comp="155" pin=1"/></net>

<net id="167"><net_src comp="155" pin="3"/><net_sink comp="162" pin=0"/></net>

<net id="173"><net_src comp="4" pin="0"/><net_sink comp="168" pin=0"/></net>

<net id="174"><net_src comp="66" pin="0"/><net_sink comp="168" pin=1"/></net>

<net id="180"><net_src comp="168" pin="3"/><net_sink comp="175" pin=0"/></net>

<net id="186"><net_src comp="6" pin="0"/><net_sink comp="181" pin=0"/></net>

<net id="187"><net_src comp="66" pin="0"/><net_sink comp="181" pin=1"/></net>

<net id="193"><net_src comp="181" pin="3"/><net_sink comp="188" pin=0"/></net>

<net id="199"><net_src comp="114" pin="3"/><net_sink comp="194" pin=0"/></net>

<net id="205"><net_src comp="121" pin="3"/><net_sink comp="200" pin=0"/></net>

<net id="211"><net_src comp="128" pin="3"/><net_sink comp="206" pin=0"/></net>

<net id="217"><net_src comp="135" pin="3"/><net_sink comp="212" pin=0"/></net>

<net id="223"><net_src comp="16" pin="0"/><net_sink comp="218" pin=0"/></net>

<net id="224"><net_src comp="66" pin="0"/><net_sink comp="218" pin=1"/></net>

<net id="239"><net_src comp="52" pin="0"/><net_sink comp="233" pin=0"/></net>

<net id="240"><net_src comp="233" pin="4"/><net_sink comp="230" pin=0"/></net>

<net id="268"><net_src comp="28" pin="0"/><net_sink comp="264" pin=0"/></net>

<net id="273"><net_src comp="46" pin="0"/><net_sink comp="269" pin=0"/></net>

<net id="278"><net_src comp="48" pin="0"/><net_sink comp="274" pin=0"/></net>

<net id="283"><net_src comp="50" pin="0"/><net_sink comp="279" pin=0"/></net>

<net id="297"><net_src comp="287" pin="1"/><net_sink comp="293" pin=0"/></net>

<net id="298"><net_src comp="54" pin="0"/><net_sink comp="293" pin=1"/></net>

<net id="304"><net_src comp="233" pin="4"/><net_sink comp="299" pin=0"/></net>

<net id="305"><net_src comp="46" pin="0"/><net_sink comp="299" pin=1"/></net>

<net id="306"><net_src comp="290" pin="1"/><net_sink comp="299" pin=2"/></net>

<net id="312"><net_src comp="233" pin="4"/><net_sink comp="307" pin=0"/></net>

<net id="313"><net_src comp="293" pin="2"/><net_sink comp="307" pin=1"/></net>

<net id="314"><net_src comp="287" pin="1"/><net_sink comp="307" pin=2"/></net>

<net id="318"><net_src comp="307" pin="3"/><net_sink comp="315" pin=0"/></net>

<net id="319"><net_src comp="315" pin="1"/><net_sink comp="218" pin=2"/></net>

<net id="323"><net_src comp="307" pin="3"/><net_sink comp="320" pin=0"/></net>

<net id="327"><net_src comp="299" pin="3"/><net_sink comp="324" pin=0"/></net>

<net id="334"><net_src comp="56" pin="0"/><net_sink comp="328" pin=0"/></net>

<net id="335"><net_src comp="299" pin="3"/><net_sink comp="328" pin=1"/></net>

<net id="336"><net_src comp="58" pin="0"/><net_sink comp="328" pin=2"/></net>

<net id="337"><net_src comp="60" pin="0"/><net_sink comp="328" pin=3"/></net>

<net id="341"><net_src comp="328" pin="4"/><net_sink comp="338" pin=0"/></net>

<net id="342"><net_src comp="338" pin="1"/><net_sink comp="142" pin=2"/></net>

<net id="343"><net_src comp="338" pin="1"/><net_sink comp="155" pin=2"/></net>

<net id="344"><net_src comp="338" pin="1"/><net_sink comp="168" pin=2"/></net>

<net id="345"><net_src comp="338" pin="1"/><net_sink comp="181" pin=2"/></net>

<net id="351"><net_src comp="62" pin="0"/><net_sink comp="346" pin=0"/></net>

<net id="352"><net_src comp="328" pin="4"/><net_sink comp="346" pin=1"/></net>

<net id="353"><net_src comp="64" pin="0"/><net_sink comp="346" pin=2"/></net>

<net id="358"><net_src comp="346" pin="3"/><net_sink comp="354" pin=0"/></net>

<net id="359"><net_src comp="320" pin="1"/><net_sink comp="354" pin=1"/></net>

<net id="363"><net_src comp="354" pin="2"/><net_sink comp="360" pin=0"/></net>

<net id="364"><net_src comp="360" pin="1"/><net_sink comp="114" pin=2"/></net>

<net id="365"><net_src comp="360" pin="1"/><net_sink comp="121" pin=2"/></net>

<net id="366"><net_src comp="360" pin="1"/><net_sink comp="128" pin=2"/></net>

<net id="367"><net_src comp="360" pin="1"/><net_sink comp="135" pin=2"/></net>

<net id="372"><net_src comp="299" pin="3"/><net_sink comp="368" pin=0"/></net>

<net id="373"><net_src comp="68" pin="0"/><net_sink comp="368" pin=1"/></net>

<net id="378"><net_src comp="368" pin="2"/><net_sink comp="374" pin=0"/></net>

<net id="379"><net_src comp="70" pin="0"/><net_sink comp="374" pin=1"/></net>

<net id="384"><net_src comp="284" pin="1"/><net_sink comp="380" pin=0"/></net>

<net id="385"><net_src comp="72" pin="0"/><net_sink comp="380" pin=1"/></net>

<net id="390"><net_src comp="284" pin="1"/><net_sink comp="386" pin=0"/></net>

<net id="391"><net_src comp="74" pin="0"/><net_sink comp="386" pin=1"/></net>

<net id="396"><net_src comp="368" pin="2"/><net_sink comp="392" pin=0"/></net>

<net id="401"><net_src comp="307" pin="3"/><net_sink comp="397" pin=0"/></net>

<net id="406"><net_src comp="380" pin="2"/><net_sink comp="402" pin=0"/></net>

<net id="415"><net_src comp="230" pin="1"/><net_sink comp="410" pin=0"/></net>

<net id="416"><net_src comp="28" pin="0"/><net_sink comp="410" pin=1"/></net>

<net id="417"><net_src comp="407" pin="1"/><net_sink comp="410" pin=2"/></net>

<net id="431"><net_src comp="86" pin="0"/><net_sink comp="418" pin=0"/></net>

<net id="432"><net_src comp="88" pin="0"/><net_sink comp="418" pin=1"/></net>

<net id="433"><net_src comp="149" pin="3"/><net_sink comp="418" pin=2"/></net>

<net id="434"><net_src comp="90" pin="0"/><net_sink comp="418" pin=3"/></net>

<net id="435"><net_src comp="162" pin="3"/><net_sink comp="418" pin=4"/></net>

<net id="436"><net_src comp="92" pin="0"/><net_sink comp="418" pin=5"/></net>

<net id="437"><net_src comp="175" pin="3"/><net_sink comp="418" pin=6"/></net>

<net id="438"><net_src comp="94" pin="0"/><net_sink comp="418" pin=7"/></net>

<net id="439"><net_src comp="188" pin="3"/><net_sink comp="418" pin=8"/></net>

<net id="440"><net_src comp="96" pin="0"/><net_sink comp="418" pin=9"/></net>

<net id="441"><net_src comp="418" pin="11"/><net_sink comp="242" pin=1"/></net>

<net id="455"><net_src comp="86" pin="0"/><net_sink comp="442" pin=0"/></net>

<net id="456"><net_src comp="88" pin="0"/><net_sink comp="442" pin=1"/></net>

<net id="457"><net_src comp="194" pin="3"/><net_sink comp="442" pin=2"/></net>

<net id="458"><net_src comp="90" pin="0"/><net_sink comp="442" pin=3"/></net>

<net id="459"><net_src comp="200" pin="3"/><net_sink comp="442" pin=4"/></net>

<net id="460"><net_src comp="92" pin="0"/><net_sink comp="442" pin=5"/></net>

<net id="461"><net_src comp="206" pin="3"/><net_sink comp="442" pin=6"/></net>

<net id="462"><net_src comp="94" pin="0"/><net_sink comp="442" pin=7"/></net>

<net id="463"><net_src comp="212" pin="3"/><net_sink comp="442" pin=8"/></net>

<net id="464"><net_src comp="96" pin="0"/><net_sink comp="442" pin=9"/></net>

<net id="465"><net_src comp="442" pin="11"/><net_sink comp="242" pin=0"/></net>

<net id="470"><net_src comp="242" pin="2"/><net_sink comp="466" pin=0"/></net>

<net id="471"><net_src comp="410" pin="3"/><net_sink comp="466" pin=1"/></net>

<net id="472"><net_src comp="466" pin="2"/><net_sink comp="225" pin=1"/></net>

<net id="477"><net_src comp="466" pin="2"/><net_sink comp="473" pin=0"/></net>

<net id="481"><net_src comp="98" pin="1"/><net_sink comp="478" pin=0"/></net>

<net id="482"><net_src comp="478" pin="1"/><net_sink comp="279" pin=1"/></net>

<net id="483"><net_src comp="478" pin="1"/><net_sink comp="284" pin=0"/></net>

<net id="484"><net_src comp="478" pin="1"/><net_sink comp="402" pin=1"/></net>

<net id="488"><net_src comp="102" pin="1"/><net_sink comp="485" pin=0"/></net>

<net id="489"><net_src comp="485" pin="1"/><net_sink comp="274" pin=1"/></net>

<net id="490"><net_src comp="485" pin="1"/><net_sink comp="287" pin=0"/></net>

<net id="491"><net_src comp="485" pin="1"/><net_sink comp="397" pin=1"/></net>

<net id="495"><net_src comp="106" pin="1"/><net_sink comp="492" pin=0"/></net>

<net id="496"><net_src comp="492" pin="1"/><net_sink comp="269" pin=1"/></net>

<net id="497"><net_src comp="492" pin="1"/><net_sink comp="290" pin=0"/></net>

<net id="498"><net_src comp="492" pin="1"/><net_sink comp="392" pin=1"/></net>

<net id="502"><net_src comp="110" pin="1"/><net_sink comp="499" pin=0"/></net>

<net id="503"><net_src comp="499" pin="1"/><net_sink comp="264" pin=1"/></net>

<net id="504"><net_src comp="499" pin="1"/><net_sink comp="407" pin=0"/></net>

<net id="505"><net_src comp="499" pin="1"/><net_sink comp="473" pin=1"/></net>

<net id="509"><net_src comp="324" pin="1"/><net_sink comp="506" pin=0"/></net>

<net id="510"><net_src comp="506" pin="1"/><net_sink comp="418" pin=10"/></net>

<net id="511"><net_src comp="506" pin="1"/><net_sink comp="442" pin=10"/></net>

<net id="515"><net_src comp="114" pin="3"/><net_sink comp="512" pin=0"/></net>

<net id="516"><net_src comp="512" pin="1"/><net_sink comp="194" pin=0"/></net>

<net id="520"><net_src comp="121" pin="3"/><net_sink comp="517" pin=0"/></net>

<net id="521"><net_src comp="517" pin="1"/><net_sink comp="200" pin=0"/></net>

<net id="525"><net_src comp="128" pin="3"/><net_sink comp="522" pin=0"/></net>

<net id="526"><net_src comp="522" pin="1"/><net_sink comp="206" pin=0"/></net>

<net id="530"><net_src comp="135" pin="3"/><net_sink comp="527" pin=0"/></net>

<net id="531"><net_src comp="527" pin="1"/><net_sink comp="212" pin=0"/></net>

<net id="535"><net_src comp="142" pin="3"/><net_sink comp="532" pin=0"/></net>

<net id="536"><net_src comp="532" pin="1"/><net_sink comp="149" pin=0"/></net>

<net id="540"><net_src comp="155" pin="3"/><net_sink comp="537" pin=0"/></net>

<net id="541"><net_src comp="537" pin="1"/><net_sink comp="162" pin=0"/></net>

<net id="545"><net_src comp="168" pin="3"/><net_sink comp="542" pin=0"/></net>

<net id="546"><net_src comp="542" pin="1"/><net_sink comp="175" pin=0"/></net>

<net id="550"><net_src comp="181" pin="3"/><net_sink comp="547" pin=0"/></net>

<net id="551"><net_src comp="547" pin="1"/><net_sink comp="188" pin=0"/></net>

<net id="555"><net_src comp="374" pin="2"/><net_sink comp="552" pin=0"/></net>

<net id="556"><net_src comp="552" pin="1"/><net_sink comp="233" pin=2"/></net>

<net id="560"><net_src comp="218" pin="3"/><net_sink comp="557" pin=0"/></net>

<net id="561"><net_src comp="557" pin="1"/><net_sink comp="225" pin=0"/></net>

<net id="565"><net_src comp="386" pin="2"/><net_sink comp="562" pin=0"/></net>

</net_list>

</model> 
---------------- Datapath Model END ------------------

* FSMD analyzer results:
  - Output states:
	Port: y | {2 }
 - Input state : 
	Port: dense_optimized : x_0 | {1 2 }
	Port: dense_optimized : x_1 | {1 2 }
	Port: dense_optimized : x_2 | {1 2 }
	Port: dense_optimized : x_3 | {1 2 }
	Port: dense_optimized : w_0 | {1 2 }
	Port: dense_optimized : w_1 | {1 2 }
	Port: dense_optimized : w_2 | {1 2 }
	Port: dense_optimized : w_3 | {1 2 }
  - Chain level:
	State 1
		store_ln0 : 1
		store_ln0 : 1
		store_ln0 : 1
		store_ln0 : 1
		icmp_ln385 : 1
		indvar_flatten1_load : 1
		j2_load : 1
		i3_load : 1
		add_ln35 : 2
		select_ln35 : 2
		j : 3
		zext_ln35 : 4
		zext_ln38 : 4
		trunc_ln38 : 3
		lshr_ln : 3
		zext_ln36 : 4
		tmp_2 : 4
		add_ln40 : 5
		zext_ln40 : 6
		w_0_addr : 7
		w_1_addr : 7
		w_2_addr : 7
		w_3_addr : 7
		x_0_addr : 5
		x_0_load : 6
		x_1_addr : 5
		x_1_load : 6
		x_2_addr : 5
		x_2_load : 6
		x_3_addr : 5
		x_3_load : 6
		w_0_load : 8
		w_1_load : 8
		w_2_load : 8
		w_3_load : 8
		i : 3
		icmp_ln38 : 4
		y_addr : 5
		add_ln35_1 : 2
		br_ln38 : 5
		icmp_ln35 : 2
		store_ln38 : 4
		store_ln35 : 4
		store_ln35 : 3
		br_ln35 : 3
	State 2
		select_ln35_1 : 1
		tmp : 1
		tmp_1 : 1
		mul_ln40 : 2
		sum : 3
		store_ln43 : 4
		store_ln40 : 4


============================================================
+ Verbose Summary: Datapath Resource usage 
============================================================

* Functional unit list:
|----------|----------------------|---------|---------|---------|
| Operation|    Functional Unit   |   DSP   |    FF   |   LUT   |
|----------|----------------------|---------|---------|---------|
|          |    add_ln35_fu_293   |    0    |    0    |    12   |
|          |    add_ln40_fu_354   |    0    |    0    |    12   |
|    add   |       i_fu_368       |    0    |    0    |    12   |
|          |   add_ln35_1_fu_380  |    0    |    0    |    14   |
|          |      sum_fu_466      |    0    |    0    |    39   |
|----------|----------------------|---------|---------|---------|
|          |  select_ln35_fu_299  |    0    |    0    |    5    |
|  select  |       j_fu_307       |    0    |    0    |    4    |
|          | select_ln35_1_fu_410 |    0    |    0    |    32   |
|----------|----------------------|---------|---------|---------|
| sparsemux|      tmp_fu_418      |    0    |    0    |    20   |
|          |     tmp_1_fu_442     |    0    |    0    |    20   |
|----------|----------------------|---------|---------|---------|
|   icmp   |   icmp_ln38_fu_374   |    0    |    0    |    12   |
|          |   icmp_ln35_fu_386   |    0    |    0    |    14   |
|----------|----------------------|---------|---------|---------|
|    mul   |    mul_ln40_fu_242   |    3    |    0    |    20   |
|----------|----------------------|---------|---------|---------|
|          |   zext_ln35_fu_315   |    0    |    0    |    0    |
|   zext   |   zext_ln38_fu_320   |    0    |    0    |    0    |
|          |   zext_ln36_fu_338   |    0    |    0    |    0    |
|          |   zext_ln40_fu_360   |    0    |    0    |    0    |
|----------|----------------------|---------|---------|---------|
|   trunc  |   trunc_ln38_fu_324  |    0    |    0    |    0    |
|----------|----------------------|---------|---------|---------|
|partselect|    lshr_ln_fu_328    |    0    |    0    |    0    |
|----------|----------------------|---------|---------|---------|
|bitconcatenate|     tmp_2_fu_346     |    0    |    0    |    0    |
|----------|----------------------|---------|---------|---------|
|   Total  |                      |    3    |    0    |   216   |
|----------|----------------------|---------|---------|---------|

Memories:
N/A

* Register list:
+-----------------------+--------+
|                       |   FF   |
+-----------------------+--------+
|       i3_reg_492      |    5   |
|   icmp_ln35_reg_562   |    1   |
|   icmp_ln385_reg_230  |    1   |
|   icmp_ln38_reg_552   |    1   |
|indvar_flatten1_reg_478|    7   |
|       j2_reg_485      |    4   |
|      sum4_reg_499     |   32   |
|   trunc_ln38_reg_506  |    2   |
|    w_0_addr_reg_512   |    5   |
|    w_1_addr_reg_517   |    5   |
|    w_2_addr_reg_522   |    5   |
|    w_3_addr_reg_527   |    5   |
|    x_0_addr_reg_532   |    2   |
|    x_1_addr_reg_537   |    2   |
|    x_2_addr_reg_542   |    2   |
|    x_3_addr_reg_547   |    2   |
|     y_addr_reg_557    |    3   |
+-----------------------+--------+
|         Total         |   84   |
+-----------------------+--------+

* Multiplexer (MUX) list: 
|-------------------|------|------|------|--------||---------||---------||---------|
|        Comp       |  Pin | Size |  BW  | S x BW ||  Delay  ||    FF   ||   LUT   |
|-------------------|------|------|------|--------||---------||---------||---------|
| grp_access_fu_149 |  p0  |   2  |   2  |    4   ||    0    ||    9    |
| grp_access_fu_162 |  p0  |   2  |   2  |    4   ||    0    ||    9    |
| grp_access_fu_175 |  p0  |   2  |   2  |    4   ||    0    ||    9    |
| grp_access_fu_188 |  p0  |   2  |   2  |    4   ||    0    ||    9    |
| grp_access_fu_194 |  p0  |   2  |   5  |   10   ||    0    ||    9    |
| grp_access_fu_200 |  p0  |   2  |   5  |   10   ||    0    ||    9    |
| grp_access_fu_206 |  p0  |   2  |   5  |   10   ||    0    ||    9    |
| grp_access_fu_212 |  p0  |   2  |   5  |   10   ||    0    ||    9    |
|-------------------|------|------|------|--------||---------||---------||---------|
|       Total       |      |      |      |   56   ||  3.096  ||    0    ||    72   |
|-------------------|------|------|------|--------||---------||---------||---------|



* Summary:
+-----------+--------+--------+--------+--------+
|           |   DSP  |  Delay |   FF   |   LUT  |
+-----------+--------+--------+--------+--------+
|  Function |    3   |    -   |    0   |   216  |
|   Memory  |    -   |    -   |    -   |    -   |
|Multiplexer|    -   |    3   |    0   |   72   |
|  Register |    -   |    -   |   84   |    -   |
+-----------+--------+--------+--------+--------+
|   Total   |    3   |    3   |   84   |   288  |
+-----------+--------+--------+--------+--------+
