

================================================================
== Vitis HLS Report for 'compute_blur'
================================================================
* Date:           Sat May  9 10:28:39 2026

* Version:        2024.1 (Build 5069499 on May 21 2024)
* Project:        hw5_ex1_op_proj
* Solution:       solution1 (Vivado IP Flow Target)
* Product family: virtexuplus
* Target device:  xcvu13p-fsga2577-2-e


================================================================
== Performance Estimates
================================================================
+ Timing: 
    * Summary: 
    +--------+----------+----------+------------+
    |  Clock |  Target  | Estimated| Uncertainty|
    +--------+----------+----------+------------+
    |ap_clk  |  25.00 ns|  7.914 ns|     6.75 ns|
    +--------+----------+----------+------------+

+ Latency: 
    * Summary: 
    +---------+---------+----------+----------+-----+-----+-----------------------------------------------+
    |  Latency (cycles) |  Latency (absolute) |  Interval |                    Pipeline                   |
    |   min   |   max   |    min   |    max   | min | max |                      Type                     |
    +---------+---------+----------+----------+-----+-----+-----------------------------------------------+
    |       39|       39|  0.975 us|  0.975 us|   29|   29|  loop auto-rewind stp(delay=0 clock cycles(s))|
    +---------+---------+----------+----------+-----+-----+-----------------------------------------------+

    + Detail: 
        * Instance: 
        N/A

        * Loop: 
        +-------------------+---------+---------+----------+-----------+-----------+------+----------+
        |                   |  Latency (cycles) | Iteration|  Initiation Interval  | Trip |          |
        |     Loop Name     |   min   |   max   |  Latency |  achieved |   target  | Count| Pipelined|
        +-------------------+---------+---------+----------+-----------+-----------+------+----------+
        |- VITIS_LOOP_14_1  |       37|       37|        11|          1|          1|    28|       yes|
        +-------------------+---------+---------+----------+-----------+-----------+------+----------+

============================================================
+ Verbose Summary: Synthesis Manager
============================================================
InlineROM: 1
ExposeGlobal: 0
============================================================
+ Verbose Summary: CDFG Model
============================================================
IsTopModel: 0
ResetActiveHigh: 1
IsCombinational: 0
IsDatapathOnly: 0
HasWiredReturn: 1
HasMFsm: 2
HasVarLatency: 1
IsPipeline: 0
IsRtlPipelined: 0
IsInstanceOverlapped: 0
IsDontTouch: 0
HasImplIP: 0
IsGatedGlobalClock: 0

+ Individual pipeline summary: 
  * Pipeline-0: initiation interval (II) = 1, depth = 11


============================================================
+ Verbose Summary: Schedule
============================================================
* Number of FSM states : 11
* Pipeline : 1
  Pipeline-0 : II = 1, D = 11, States = { 1 2 3 4 5 6 7 8 9 10 11 }
* Dataflow Pipeline: 0

* FSM state transitions: 
1 --> 2 
2 --> 3 
3 --> 4 
4 --> 5 
5 --> 6 
6 --> 7 
7 --> 8 
8 --> 9 
9 --> 10 
10 --> 11 
11 --> 

* FSM state operations: 

State 1 <SV = 0> <Delay = 2.36>
ST_1 : Operation 14 [1/1] (0.00ns)   --->   "%i = alloca i32 1" [hw5_ex1_op.cpp:14]   --->   Operation 14 'alloca' 'i' <Predicate = true> <Delay = 0.00>
ST_1 : Operation 15 [1/1] (0.38ns)   --->   "%store_ln14 = store i5 1, i5 %i" [hw5_ex1_op.cpp:14]   --->   Operation 15 'store' 'store_ln14' <Predicate = true> <Delay = 0.38>
ST_1 : Operation 16 [1/1] (0.00ns)   --->   "%br_ln14 = br void %for.inc" [hw5_ex1_op.cpp:14]   --->   Operation 16 'br' 'br_ln14' <Predicate = true> <Delay = 0.00>
ST_1 : Operation 17 [1/1] (0.00ns)   --->   "%i_3 = load i5 %i" [hw5_ex1_op.cpp:16]   --->   Operation 17 'load' 'i_3' <Predicate = true> <Delay = 0.00>
ST_1 : Operation 18 [1/1] (0.70ns)   --->   "%icmp_ln14 = icmp_eq  i5 %i_3, i5 29" [hw5_ex1_op.cpp:14]   --->   Operation 18 'icmp' 'icmp_ln14' <Predicate = true> <Delay = 0.70> <CoreInst = "Cmp">   --->   Core 9 'Cmp' <Latency = 0> <II = 1> <Delay = 0.70> <FuncUnit> <Opcode : 'seteq' 'setne' 'setle' 'setge' 'setlt' 'setgt'> <InPorts = 2> <OutPorts = 1>
ST_1 : Operation 19 [1/1] (0.00ns)   --->   "%br_ln14 = br i1 %icmp_ln14, void %for.inc.split, void %for.end" [hw5_ex1_op.cpp:14]   --->   Operation 19 'br' 'br_ln14' <Predicate = true> <Delay = 0.00>
ST_1 : Operation 20 [9/9] (0.83ns)   --->   "%urem_ln14 = urem i5 %i_3, i5 3" [hw5_ex1_op.cpp:14]   --->   Operation 20 'urem' 'urem_ln14' <Predicate = (!icmp_ln14)> <Delay = 0.83> <CoreInst = "Divider">   --->   Core 6 'Divider' <Latency = 8> <II = 1> <Delay = 0.83> <FuncUnit> <Opcode : 'udiv' 'sdiv' 'urem' 'srem'> <InPorts = 2> <OutPorts = 1>
ST_1 : Operation 21 [1/1] (0.70ns)   --->   "%add_ln16_1 = add i5 %i_3, i5 1" [hw5_ex1_op.cpp:16]   --->   Operation 21 'add' 'add_ln16_1' <Predicate = (!icmp_ln14)> <Delay = 0.70> <CoreInst = "Adder">   --->   Core 1 'Adder' <Latency = 0> <II = 1> <Delay = 0.70> <FuncUnit> <Opcode : 'add' 'sub'> <InPorts = 2> <OutPorts = 1>
ST_1 : Operation 22 [1/1] (0.00ns)   --->   "%zext_ln16_3 = zext i5 %add_ln16_1" [hw5_ex1_op.cpp:16]   --->   Operation 22 'zext' 'zext_ln16_3' <Predicate = (!icmp_ln14)> <Delay = 0.00>
ST_1 : Operation 23 [1/1] (1.27ns)   --->   "%mul_ln16_1 = mul i11 %zext_ln16_3, i11 43" [hw5_ex1_op.cpp:16]   --->   Operation 23 'mul' 'mul_ln16_1' <Predicate = (!icmp_ln14)> <Delay = 1.27> <CoreInst = "Multiplier">   --->   Core 3 'Multiplier' <Latency = 0> <II = 1> <Delay = 1.27> <FuncUnit> <Opcode : 'mul'> <InPorts = 2> <OutPorts = 1>
ST_1 : Operation 24 [1/1] (0.00ns)   --->   "%tmp_5 = partselect i4 @_ssdm_op_PartSelect.i4.i11.i32.i32, i11 %mul_ln16_1, i32 7, i32 10" [hw5_ex1_op.cpp:16]   --->   Operation 24 'partselect' 'tmp_5' <Predicate = (!icmp_ln14)> <Delay = 0.00>
ST_1 : Operation 25 [1/1] (0.38ns)   --->   "%store_ln14 = store i5 %add_ln16_1, i5 %i" [hw5_ex1_op.cpp:14]   --->   Operation 25 'store' 'store_ln14' <Predicate = (!icmp_ln14)> <Delay = 0.38>

State 2 <SV = 1> <Delay = 0.83>
ST_2 : Operation 26 [8/9] (0.83ns)   --->   "%urem_ln14 = urem i5 %i_3, i5 3" [hw5_ex1_op.cpp:14]   --->   Operation 26 'urem' 'urem_ln14' <Predicate = true> <Delay = 0.83> <CoreInst = "Divider">   --->   Core 6 'Divider' <Latency = 8> <II = 1> <Delay = 0.83> <FuncUnit> <Opcode : 'udiv' 'sdiv' 'urem' 'srem'> <InPorts = 2> <OutPorts = 1>

State 3 <SV = 2> <Delay = 0.83>
ST_3 : Operation 27 [7/9] (0.83ns)   --->   "%urem_ln14 = urem i5 %i_3, i5 3" [hw5_ex1_op.cpp:14]   --->   Operation 27 'urem' 'urem_ln14' <Predicate = true> <Delay = 0.83> <CoreInst = "Divider">   --->   Core 6 'Divider' <Latency = 8> <II = 1> <Delay = 0.83> <FuncUnit> <Opcode : 'udiv' 'sdiv' 'urem' 'srem'> <InPorts = 2> <OutPorts = 1>

State 4 <SV = 3> <Delay = 0.83>
ST_4 : Operation 28 [6/9] (0.83ns)   --->   "%urem_ln14 = urem i5 %i_3, i5 3" [hw5_ex1_op.cpp:14]   --->   Operation 28 'urem' 'urem_ln14' <Predicate = true> <Delay = 0.83> <CoreInst = "Divider">   --->   Core 6 'Divider' <Latency = 8> <II = 1> <Delay = 0.83> <FuncUnit> <Opcode : 'udiv' 'sdiv' 'urem' 'srem'> <InPorts = 2> <OutPorts = 1>

State 5 <SV = 4> <Delay = 0.83>
ST_5 : Operation 29 [5/9] (0.83ns)   --->   "%urem_ln14 = urem i5 %i_3, i5 3" [hw5_ex1_op.cpp:14]   --->   Operation 29 'urem' 'urem_ln14' <Predicate = true> <Delay = 0.83> <CoreInst = "Divider">   --->   Core 6 'Divider' <Latency = 8> <II = 1> <Delay = 0.83> <FuncUnit> <Opcode : 'udiv' 'sdiv' 'urem' 'srem'> <InPorts = 2> <OutPorts = 1>

State 6 <SV = 5> <Delay = 0.83>
ST_6 : Operation 30 [4/9] (0.83ns)   --->   "%urem_ln14 = urem i5 %i_3, i5 3" [hw5_ex1_op.cpp:14]   --->   Operation 30 'urem' 'urem_ln14' <Predicate = true> <Delay = 0.83> <CoreInst = "Divider">   --->   Core 6 'Divider' <Latency = 8> <II = 1> <Delay = 0.83> <FuncUnit> <Opcode : 'udiv' 'sdiv' 'urem' 'srem'> <InPorts = 2> <OutPorts = 1>

State 7 <SV = 6> <Delay = 0.83>
ST_7 : Operation 31 [3/9] (0.83ns)   --->   "%urem_ln14 = urem i5 %i_3, i5 3" [hw5_ex1_op.cpp:14]   --->   Operation 31 'urem' 'urem_ln14' <Predicate = true> <Delay = 0.83> <CoreInst = "Divider">   --->   Core 6 'Divider' <Latency = 8> <II = 1> <Delay = 0.83> <FuncUnit> <Opcode : 'udiv' 'sdiv' 'urem' 'srem'> <InPorts = 2> <OutPorts = 1>

State 8 <SV = 7> <Delay = 0.83>
ST_8 : Operation 32 [2/9] (0.83ns)   --->   "%urem_ln14 = urem i5 %i_3, i5 3" [hw5_ex1_op.cpp:14]   --->   Operation 32 'urem' 'urem_ln14' <Predicate = true> <Delay = 0.83> <CoreInst = "Divider">   --->   Core 6 'Divider' <Latency = 8> <II = 1> <Delay = 0.83> <FuncUnit> <Opcode : 'udiv' 'sdiv' 'urem' 'srem'> <InPorts = 2> <OutPorts = 1>

State 9 <SV = 8> <Delay = 0.83>
ST_9 : Operation 33 [1/9] (0.83ns)   --->   "%urem_ln14 = urem i5 %i_3, i5 3" [hw5_ex1_op.cpp:14]   --->   Operation 33 'urem' 'urem_ln14' <Predicate = true> <Delay = 0.83> <CoreInst = "Divider">   --->   Core 6 'Divider' <Latency = 8> <II = 1> <Delay = 0.83> <FuncUnit> <Opcode : 'udiv' 'sdiv' 'urem' 'srem'> <InPorts = 2> <OutPorts = 1>
ST_9 : Operation 34 [1/1] (0.00ns)   --->   "%trunc_ln14 = trunc i2 %urem_ln14" [hw5_ex1_op.cpp:14]   --->   Operation 34 'trunc' 'trunc_ln14' <Predicate = true> <Delay = 0.00>

State 10 <SV = 9> <Delay = 2.67>
ST_10 : Operation 35 [1/1] (0.00ns)   --->   "%zext_ln14_2 = zext i5 %i_3" [hw5_ex1_op.cpp:14]   --->   Operation 35 'zext' 'zext_ln14_2' <Predicate = true> <Delay = 0.00>
ST_10 : Operation 36 [1/1] (1.27ns)   --->   "%mul_ln14 = mul i11 %zext_ln14_2, i11 43" [hw5_ex1_op.cpp:14]   --->   Operation 36 'mul' 'mul_ln14' <Predicate = true> <Delay = 1.27> <CoreInst = "Multiplier">   --->   Core 3 'Multiplier' <Latency = 0> <II = 1> <Delay = 1.27> <FuncUnit> <Opcode : 'mul'> <InPorts = 2> <OutPorts = 1>
ST_10 : Operation 37 [1/1] (0.00ns)   --->   "%tmp_3 = partselect i4 @_ssdm_op_PartSelect.i4.i11.i32.i32, i11 %mul_ln14, i32 7, i32 10" [hw5_ex1_op.cpp:14]   --->   Operation 37 'partselect' 'tmp_3' <Predicate = true> <Delay = 0.00>
ST_10 : Operation 38 [1/1] (0.00ns)   --->   "%zext_ln14_1 = zext i4 %tmp_3" [hw5_ex1_op.cpp:14]   --->   Operation 38 'zext' 'zext_ln14_1' <Predicate = true> <Delay = 0.00>
ST_10 : Operation 39 [1/1] (0.70ns)   --->   "%add_ln16 = add i5 %i_3, i5 31" [hw5_ex1_op.cpp:16]   --->   Operation 39 'add' 'add_ln16' <Predicate = true> <Delay = 0.70> <CoreInst = "Adder">   --->   Core 1 'Adder' <Latency = 0> <II = 1> <Delay = 0.70> <FuncUnit> <Opcode : 'add' 'sub'> <InPorts = 2> <OutPorts = 1>
ST_10 : Operation 40 [1/1] (0.00ns)   --->   "%zext_ln16_2 = zext i5 %add_ln16" [hw5_ex1_op.cpp:16]   --->   Operation 40 'zext' 'zext_ln16_2' <Predicate = true> <Delay = 0.00>
ST_10 : Operation 41 [1/1] (1.27ns)   --->   "%mul_ln16 = mul i11 %zext_ln16_2, i11 43" [hw5_ex1_op.cpp:16]   --->   Operation 41 'mul' 'mul_ln16' <Predicate = true> <Delay = 1.27> <CoreInst = "Multiplier">   --->   Core 3 'Multiplier' <Latency = 0> <II = 1> <Delay = 1.27> <FuncUnit> <Opcode : 'mul'> <InPorts = 2> <OutPorts = 1>
ST_10 : Operation 42 [1/1] (0.00ns)   --->   "%tmp_4 = partselect i4 @_ssdm_op_PartSelect.i4.i11.i32.i32, i11 %mul_ln16, i32 7, i32 10" [hw5_ex1_op.cpp:16]   --->   Operation 42 'partselect' 'tmp_4' <Predicate = true> <Delay = 0.00>
ST_10 : Operation 43 [1/1] (0.00ns)   --->   "%zext_ln16 = zext i4 %tmp_4" [hw5_ex1_op.cpp:16]   --->   Operation 43 'zext' 'zext_ln16' <Predicate = true> <Delay = 0.00>
ST_10 : Operation 44 [1/1] (0.00ns)   --->   "%in_c_0_addr = getelementptr i32 %in_c_0, i64 0, i64 %zext_ln16" [hw5_ex1_op.cpp:16]   --->   Operation 44 'getelementptr' 'in_c_0_addr' <Predicate = (trunc_ln14 == 1)> <Delay = 0.00>
ST_10 : Operation 45 [1/1] (0.00ns)   --->   "%in_c_1_addr = getelementptr i32 %in_c_1, i64 0, i64 %zext_ln16" [hw5_ex1_op.cpp:16]   --->   Operation 45 'getelementptr' 'in_c_1_addr' <Predicate = (trunc_ln14 == 2)> <Delay = 0.00>
ST_10 : Operation 46 [1/1] (0.00ns)   --->   "%in_c_2_addr = getelementptr i32 %in_c_2, i64 0, i64 %zext_ln16" [hw5_ex1_op.cpp:16]   --->   Operation 46 'getelementptr' 'in_c_2_addr' <Predicate = (trunc_ln14 == 0)> <Delay = 0.00>
ST_10 : Operation 47 [2/2] (0.69ns)   --->   "%in_c_0_load = load i4 %in_c_0_addr" [hw5_ex1_op.cpp:16]   --->   Operation 47 'load' 'in_c_0_load' <Predicate = (trunc_ln14 == 1)> <Delay = 0.69> <CoreInst = "RAM">   --->   Core 82 'RAM' <Latency = 1> <II = 1> <Delay = 0.69> <Storage> <Opcode : 'load' 'store'> <Ports = 2> <Width = 32> <Depth = 10> <RAM>
ST_10 : Operation 48 [2/2] (0.69ns)   --->   "%in_c_1_load = load i4 %in_c_1_addr" [hw5_ex1_op.cpp:16]   --->   Operation 48 'load' 'in_c_1_load' <Predicate = (trunc_ln14 == 2)> <Delay = 0.69> <CoreInst = "RAM">   --->   Core 82 'RAM' <Latency = 1> <II = 1> <Delay = 0.69> <Storage> <Opcode : 'load' 'store'> <Ports = 2> <Width = 32> <Depth = 10> <RAM>
ST_10 : Operation 49 [2/2] (0.69ns)   --->   "%in_c_2_load = load i4 %in_c_2_addr" [hw5_ex1_op.cpp:16]   --->   Operation 49 'load' 'in_c_2_load' <Predicate = (trunc_ln14 == 0)> <Delay = 0.69> <CoreInst = "RAM">   --->   Core 82 'RAM' <Latency = 1> <II = 1> <Delay = 0.69> <Storage> <Opcode : 'load' 'store'> <Ports = 2> <Width = 32> <Depth = 10> <RAM>
ST_10 : Operation 50 [1/1] (0.00ns)   --->   "%in_c_0_addr_1 = getelementptr i32 %in_c_0, i64 0, i64 %zext_ln14_1" [hw5_ex1_op.cpp:16]   --->   Operation 50 'getelementptr' 'in_c_0_addr_1' <Predicate = (trunc_ln14 == 0)> <Delay = 0.00>
ST_10 : Operation 51 [1/1] (0.00ns)   --->   "%in_c_1_addr_1 = getelementptr i32 %in_c_1, i64 0, i64 %zext_ln14_1" [hw5_ex1_op.cpp:16]   --->   Operation 51 'getelementptr' 'in_c_1_addr_1' <Predicate = (trunc_ln14 == 1)> <Delay = 0.00>
ST_10 : Operation 52 [1/1] (0.00ns)   --->   "%in_c_2_addr_1 = getelementptr i32 %in_c_2, i64 0, i64 %zext_ln14_1" [hw5_ex1_op.cpp:16]   --->   Operation 52 'getelementptr' 'in_c_2_addr_1' <Predicate = (trunc_ln14 == 2)> <Delay = 0.00>
ST_10 : Operation 53 [2/2] (0.69ns)   --->   "%in_c_0_load_1 = load i4 %in_c_0_addr_1" [hw5_ex1_op.cpp:16]   --->   Operation 53 'load' 'in_c_0_load_1' <Predicate = (trunc_ln14 == 0)> <Delay = 0.69> <CoreInst = "RAM">   --->   Core 82 'RAM' <Latency = 1> <II = 1> <Delay = 0.69> <Storage> <Opcode : 'load' 'store'> <Ports = 2> <Width = 32> <Depth = 10> <RAM>
ST_10 : Operation 54 [2/2] (0.69ns)   --->   "%in_c_1_load_1 = load i4 %in_c_1_addr_1" [hw5_ex1_op.cpp:16]   --->   Operation 54 'load' 'in_c_1_load_1' <Predicate = (trunc_ln14 == 1)> <Delay = 0.69> <CoreInst = "RAM">   --->   Core 82 'RAM' <Latency = 1> <II = 1> <Delay = 0.69> <Storage> <Opcode : 'load' 'store'> <Ports = 2> <Width = 32> <Depth = 10> <RAM>
ST_10 : Operation 55 [2/2] (0.69ns)   --->   "%in_c_2_load_1 = load i4 %in_c_2_addr_1" [hw5_ex1_op.cpp:16]   --->   Operation 55 'load' 'in_c_2_load_1' <Predicate = (trunc_ln14 == 2)> <Delay = 0.69> <CoreInst = "RAM">   --->   Core 82 'RAM' <Latency = 1> <II = 1> <Delay = 0.69> <Storage> <Opcode : 'load' 'store'> <Ports = 2> <Width = 32> <Depth = 10> <RAM>
ST_10 : Operation 56 [1/1] (0.00ns)   --->   "%zext_ln16_1 = zext i4 %tmp_5" [hw5_ex1_op.cpp:16]   --->   Operation 56 'zext' 'zext_ln16_1' <Predicate = true> <Delay = 0.00>
ST_10 : Operation 57 [1/1] (0.00ns)   --->   "%in_c_0_addr_2 = getelementptr i32 %in_c_0, i64 0, i64 %zext_ln16_1" [hw5_ex1_op.cpp:16]   --->   Operation 57 'getelementptr' 'in_c_0_addr_2' <Predicate = (trunc_ln14 == 2)> <Delay = 0.00>
ST_10 : Operation 58 [1/1] (0.00ns)   --->   "%in_c_1_addr_2 = getelementptr i32 %in_c_1, i64 0, i64 %zext_ln16_1" [hw5_ex1_op.cpp:16]   --->   Operation 58 'getelementptr' 'in_c_1_addr_2' <Predicate = (trunc_ln14 == 0)> <Delay = 0.00>
ST_10 : Operation 59 [1/1] (0.00ns)   --->   "%in_c_2_addr_2 = getelementptr i32 %in_c_2, i64 0, i64 %zext_ln16_1" [hw5_ex1_op.cpp:16]   --->   Operation 59 'getelementptr' 'in_c_2_addr_2' <Predicate = (trunc_ln14 == 1)> <Delay = 0.00>
ST_10 : Operation 60 [2/2] (0.69ns)   --->   "%in_c_0_load_2 = load i4 %in_c_0_addr_2" [hw5_ex1_op.cpp:16]   --->   Operation 60 'load' 'in_c_0_load_2' <Predicate = (trunc_ln14 == 2)> <Delay = 0.69> <CoreInst = "RAM">   --->   Core 82 'RAM' <Latency = 1> <II = 1> <Delay = 0.69> <Storage> <Opcode : 'load' 'store'> <Ports = 2> <Width = 32> <Depth = 10> <RAM>
ST_10 : Operation 61 [2/2] (0.69ns)   --->   "%in_c_1_load_2 = load i4 %in_c_1_addr_2" [hw5_ex1_op.cpp:16]   --->   Operation 61 'load' 'in_c_1_load_2' <Predicate = (trunc_ln14 == 0)> <Delay = 0.69> <CoreInst = "RAM">   --->   Core 82 'RAM' <Latency = 1> <II = 1> <Delay = 0.69> <Storage> <Opcode : 'load' 'store'> <Ports = 2> <Width = 32> <Depth = 10> <RAM>
ST_10 : Operation 62 [2/2] (0.69ns)   --->   "%in_c_2_load_2 = load i4 %in_c_2_addr_2" [hw5_ex1_op.cpp:16]   --->   Operation 62 'load' 'in_c_2_load_2' <Predicate = (trunc_ln14 == 1)> <Delay = 0.69> <CoreInst = "RAM">   --->   Core 82 'RAM' <Latency = 1> <II = 1> <Delay = 0.69> <Storage> <Opcode : 'load' 'store'> <Ports = 2> <Width = 32> <Depth = 10> <RAM>
ST_10 : Operation 93 [1/1] (0.38ns)   --->   "%ret_ln18 = ret" [hw5_ex1_op.cpp:18]   --->   Operation 93 'ret' 'ret_ln18' <Predicate = (icmp_ln14)> <Delay = 0.38>

State 11 <SV = 10> <Delay = 7.91>
ST_11 : Operation 63 [1/1] (0.00ns)   --->   "%zext_ln14 = zext i5 %i_3" [hw5_ex1_op.cpp:14]   --->   Operation 63 'zext' 'zext_ln14' <Predicate = true> <Delay = 0.00>
ST_11 : Operation 64 [1/1] (0.00ns)   --->   "%specpipeline_ln15 = specpipeline void @_ssdm_op_SpecPipeline, i32 1, i32 0, i32 0, i32 0, void @empty_0" [hw5_ex1_op.cpp:15]   --->   Operation 64 'specpipeline' 'specpipeline_ln15' <Predicate = true> <Delay = 0.00>
ST_11 : Operation 65 [1/1] (0.00ns)   --->   "%speclooptripcount_ln14 = speclooptripcount void @_ssdm_op_SpecLoopTripCount, i64 28, i64 28, i64 28" [hw5_ex1_op.cpp:14]   --->   Operation 65 'speclooptripcount' 'speclooptripcount_ln14' <Predicate = true> <Delay = 0.00>
ST_11 : Operation 66 [1/1] (0.00ns)   --->   "%specloopname_ln14 = specloopname void @_ssdm_op_SpecLoopName, void @empty_4" [hw5_ex1_op.cpp:14]   --->   Operation 66 'specloopname' 'specloopname_ln14' <Predicate = true> <Delay = 0.00>
ST_11 : Operation 67 [1/2] (0.69ns)   --->   "%in_c_0_load = load i4 %in_c_0_addr" [hw5_ex1_op.cpp:16]   --->   Operation 67 'load' 'in_c_0_load' <Predicate = (trunc_ln14 == 1)> <Delay = 0.69> <CoreInst = "RAM">   --->   Core 82 'RAM' <Latency = 1> <II = 1> <Delay = 0.69> <Storage> <Opcode : 'load' 'store'> <Ports = 2> <Width = 32> <Depth = 10> <RAM>
ST_11 : Operation 68 [1/2] (0.69ns)   --->   "%in_c_1_load = load i4 %in_c_1_addr" [hw5_ex1_op.cpp:16]   --->   Operation 68 'load' 'in_c_1_load' <Predicate = (trunc_ln14 == 2)> <Delay = 0.69> <CoreInst = "RAM">   --->   Core 82 'RAM' <Latency = 1> <II = 1> <Delay = 0.69> <Storage> <Opcode : 'load' 'store'> <Ports = 2> <Width = 32> <Depth = 10> <RAM>
ST_11 : Operation 69 [1/2] (0.69ns)   --->   "%in_c_2_load = load i4 %in_c_2_addr" [hw5_ex1_op.cpp:16]   --->   Operation 69 'load' 'in_c_2_load' <Predicate = (trunc_ln14 == 0)> <Delay = 0.69> <CoreInst = "RAM">   --->   Core 82 'RAM' <Latency = 1> <II = 1> <Delay = 0.69> <Storage> <Opcode : 'load' 'store'> <Ports = 2> <Width = 32> <Depth = 10> <RAM>
ST_11 : Operation 70 [1/1] (0.38ns)   --->   "%tmp = sparsemux i32 @_ssdm_op_SparseMux.ap_auto.3i32.i32.i2, i2 1, i32 %in_c_0_load, i2 2, i32 %in_c_1_load, i2 0, i32 %in_c_2_load, i32 0, i2 %trunc_ln14" [hw5_ex1_op.cpp:16]   --->   Operation 70 'sparsemux' 'tmp' <Predicate = true> <Delay = 0.38> <CoreInst = "SparseMux">   --->   Core 144 'SparseMux' <Latency = 0> <II = 1> <Delay = 0.38> <FuncUnit> <Opcode : 'sparsemux'> <InPorts = 2> <OutPorts = 1>
ST_11 : Operation 71 [1/2] (0.69ns)   --->   "%in_c_0_load_1 = load i4 %in_c_0_addr_1" [hw5_ex1_op.cpp:16]   --->   Operation 71 'load' 'in_c_0_load_1' <Predicate = (trunc_ln14 == 0)> <Delay = 0.69> <CoreInst = "RAM">   --->   Core 82 'RAM' <Latency = 1> <II = 1> <Delay = 0.69> <Storage> <Opcode : 'load' 'store'> <Ports = 2> <Width = 32> <Depth = 10> <RAM>
ST_11 : Operation 72 [1/2] (0.69ns)   --->   "%in_c_1_load_1 = load i4 %in_c_1_addr_1" [hw5_ex1_op.cpp:16]   --->   Operation 72 'load' 'in_c_1_load_1' <Predicate = (trunc_ln14 == 1)> <Delay = 0.69> <CoreInst = "RAM">   --->   Core 82 'RAM' <Latency = 1> <II = 1> <Delay = 0.69> <Storage> <Opcode : 'load' 'store'> <Ports = 2> <Width = 32> <Depth = 10> <RAM>
ST_11 : Operation 73 [1/2] (0.69ns)   --->   "%in_c_2_load_1 = load i4 %in_c_2_addr_1" [hw5_ex1_op.cpp:16]   --->   Operation 73 'load' 'in_c_2_load_1' <Predicate = (trunc_ln14 == 2)> <Delay = 0.69> <CoreInst = "RAM">   --->   Core 82 'RAM' <Latency = 1> <II = 1> <Delay = 0.69> <Storage> <Opcode : 'load' 'store'> <Ports = 2> <Width = 32> <Depth = 10> <RAM>
ST_11 : Operation 74 [1/1] (0.38ns)   --->   "%tmp_1 = sparsemux i32 @_ssdm_op_SparseMux.ap_auto.3i32.i32.i2, i2 0, i32 %in_c_0_load_1, i2 1, i32 %in_c_1_load_1, i2 2, i32 %in_c_2_load_1, i32 0, i2 %trunc_ln14" [hw5_ex1_op.cpp:16]   --->   Operation 74 'sparsemux' 'tmp_1' <Predicate = true> <Delay = 0.38> <CoreInst = "SparseMux">   --->   Core 144 'SparseMux' <Latency = 0> <II = 1> <Delay = 0.38> <FuncUnit> <Opcode : 'sparsemux'> <InPorts = 2> <OutPorts = 1>
ST_11 : Operation 75 [1/2] (0.69ns)   --->   "%in_c_0_load_2 = load i4 %in_c_0_addr_2" [hw5_ex1_op.cpp:16]   --->   Operation 75 'load' 'in_c_0_load_2' <Predicate = (trunc_ln14 == 2)> <Delay = 0.69> <CoreInst = "RAM">   --->   Core 82 'RAM' <Latency = 1> <II = 1> <Delay = 0.69> <Storage> <Opcode : 'load' 'store'> <Ports = 2> <Width = 32> <Depth = 10> <RAM>
ST_11 : Operation 76 [1/2] (0.69ns)   --->   "%in_c_1_load_2 = load i4 %in_c_1_addr_2" [hw5_ex1_op.cpp:16]   --->   Operation 76 'load' 'in_c_1_load_2' <Predicate = (trunc_ln14 == 0)> <Delay = 0.69> <CoreInst = "RAM">   --->   Core 82 'RAM' <Latency = 1> <II = 1> <Delay = 0.69> <Storage> <Opcode : 'load' 'store'> <Ports = 2> <Width = 32> <Depth = 10> <RAM>
ST_11 : Operation 77 [1/2] (0.69ns)   --->   "%in_c_2_load_2 = load i4 %in_c_2_addr_2" [hw5_ex1_op.cpp:16]   --->   Operation 77 'load' 'in_c_2_load_2' <Predicate = (trunc_ln14 == 1)> <Delay = 0.69> <CoreInst = "RAM">   --->   Core 82 'RAM' <Latency = 1> <II = 1> <Delay = 0.69> <Storage> <Opcode : 'load' 'store'> <Ports = 2> <Width = 32> <Depth = 10> <RAM>
ST_11 : Operation 78 [1/1] (0.38ns)   --->   "%tmp_2 = sparsemux i32 @_ssdm_op_SparseMux.ap_auto.3i32.i32.i2, i2 2, i32 %in_c_0_load_2, i2 0, i32 %in_c_1_load_2, i2 1, i32 %in_c_2_load_2, i32 0, i2 %trunc_ln14" [hw5_ex1_op.cpp:16]   --->   Operation 78 'sparsemux' 'tmp_2' <Predicate = true> <Delay = 0.38> <CoreInst = "SparseMux">   --->   Core 144 'SparseMux' <Latency = 0> <II = 1> <Delay = 0.38> <FuncUnit> <Opcode : 'sparsemux'> <InPorts = 2> <OutPorts = 1>
ST_11 : Operation 79 [1/1] (0.00ns) (grouped into TernaryAdder)   --->   "%add_ln16_2 = add i32 %tmp, i32 %tmp_2" [hw5_ex1_op.cpp:16]   --->   Operation 79 'add' 'add_ln16_2' <Predicate = true> <Delay = 0.00> <CoreInst = "TAddSub">   --->   Core 10 'TAddSub' <Latency = 0> <II = 1> <Delay = 0.36> <IPBlock> <Opcode : '' 'add' 'sub'> <InPorts = 3> <OutPorts = 1> <Sync> <CReg>
ST_11 : Operation 80 [1/1] (0.73ns) (root node of TernaryAdder)   --->   "%add_ln16_3 = add i32 %add_ln16_2, i32 %tmp_1" [hw5_ex1_op.cpp:16]   --->   Operation 80 'add' 'add_ln16_3' <Predicate = true> <Delay = 0.73> <CoreInst = "TAddSub">   --->   Core 10 'TAddSub' <Latency = 0> <II = 1> <Delay = 0.36> <IPBlock> <Opcode : '' 'add' 'sub'> <InPorts = 3> <OutPorts = 1> <Sync> <CReg>
ST_11 : Operation 81 [1/1] (0.00ns)   --->   "%sext_ln16 = sext i32 %add_ln16_3" [hw5_ex1_op.cpp:16]   --->   Operation 81 'sext' 'sext_ln16' <Predicate = true> <Delay = 0.00>
ST_11 : Operation 82 [1/1] (3.12ns)   --->   "%mul_ln16_2 = mul i65 %sext_ln16, i65 5726623062" [hw5_ex1_op.cpp:16]   --->   Operation 82 'mul' 'mul_ln16_2' <Predicate = true> <Delay = 3.12> <CoreInst = "Multiplier">   --->   Core 3 'Multiplier' <Latency = 0> <II = 1> <Delay = 3.12> <FuncUnit> <Opcode : 'mul'> <InPorts = 2> <OutPorts = 1>
ST_11 : Operation 83 [1/1] (1.15ns)   --->   "%sub_ln16 = sub i65 0, i65 %mul_ln16_2" [hw5_ex1_op.cpp:16]   --->   Operation 83 'sub' 'sub_ln16' <Predicate = true> <Delay = 1.15> <CoreInst = "Adder">   --->   Core 1 'Adder' <Latency = 0> <II = 1> <Delay = 1.15> <FuncUnit> <Opcode : 'add' 'sub'> <InPorts = 2> <OutPorts = 1>
ST_11 : Operation 84 [1/1] (0.00ns)   --->   "%tmp_6 = bitselect i1 @_ssdm_op_BitSelect.i1.i32.i32, i32 %add_ln16_3, i32 31" [hw5_ex1_op.cpp:16]   --->   Operation 84 'bitselect' 'tmp_6' <Predicate = true> <Delay = 0.00>
ST_11 : Operation 85 [1/1] (0.00ns) (grouped into LUT with out node sub_ln16_1)   --->   "%tmp_3_cast = partselect i31 @_ssdm_op_PartSelect.i31.i65.i32.i32, i65 %sub_ln16, i32 34, i32 64" [hw5_ex1_op.cpp:16]   --->   Operation 85 'partselect' 'tmp_3_cast' <Predicate = true> <Delay = 0.00>
ST_11 : Operation 86 [1/1] (0.00ns)   --->   "%tmp_4_cast = partselect i31 @_ssdm_op_PartSelect.i31.i65.i32.i32, i65 %mul_ln16_2, i32 34, i32 64" [hw5_ex1_op.cpp:16]   --->   Operation 86 'partselect' 'tmp_4_cast' <Predicate = true> <Delay = 0.00>
ST_11 : Operation 87 [1/1] (0.00ns) (grouped into LUT with out node sub_ln16_1)   --->   "%select_ln16 = select i1 %tmp_6, i31 %tmp_3_cast, i31 %tmp_4_cast" [hw5_ex1_op.cpp:16]   --->   Operation 87 'select' 'select_ln16' <Predicate = true> <Delay = 0.00> <CoreInst = "Sel">   --->   Core 73 'Sel' <Latency = 0> <II = 1> <Delay = 0.25> <FuncUnit> <Opcode : 'select'> <InPorts = 3> <OutPorts = 1>
ST_11 : Operation 88 [1/1] (0.87ns) (out node of the LUT)   --->   "%sub_ln16_1 = sub i31 0, i31 %select_ln16" [hw5_ex1_op.cpp:16]   --->   Operation 88 'sub' 'sub_ln16_1' <Predicate = true> <Delay = 0.87> <CoreInst = "Adder">   --->   Core 1 'Adder' <Latency = 0> <II = 1> <Delay = 0.87> <FuncUnit> <Opcode : 'add' 'sub'> <InPorts = 2> <OutPorts = 1>
ST_11 : Operation 89 [1/1] (0.25ns)   --->   "%select_ln16_1 = select i1 %tmp_6, i31 %sub_ln16_1, i31 %tmp_4_cast" [hw5_ex1_op.cpp:16]   --->   Operation 89 'select' 'select_ln16_1' <Predicate = true> <Delay = 0.25> <CoreInst = "Sel">   --->   Core 73 'Sel' <Latency = 0> <II = 1> <Delay = 0.25> <FuncUnit> <Opcode : 'select'> <InPorts = 3> <OutPorts = 1>
ST_11 : Operation 90 [1/1] (0.00ns)   --->   "%out_c_addr = getelementptr i31 %out_c, i64 0, i64 %zext_ln14" [hw5_ex1_op.cpp:16]   --->   Operation 90 'getelementptr' 'out_c_addr' <Predicate = true> <Delay = 0.00>
ST_11 : Operation 91 [1/1] (0.69ns)   --->   "%store_ln16 = store i31 %select_ln16_1, i5 %out_c_addr" [hw5_ex1_op.cpp:16]   --->   Operation 91 'store' 'store_ln16' <Predicate = true> <Delay = 0.69> <CoreInst = "RAM">   --->   Core 82 'RAM' <Latency = 1> <II = 1> <Delay = 0.69> <Storage> <Opcode : 'load' 'store'> <Ports = 2> <Width = 31> <Depth = 30> <RAM>
ST_11 : Operation 92 [1/1] (0.00ns)   --->   "%br_ln14 = br void %for.inc" [hw5_ex1_op.cpp:14]   --->   Operation 92 'br' 'br_ln14' <Predicate = true> <Delay = 0.00>


============================================================
+ Verbose Summary: Timing violations
============================================================
Target clock period: 25.000ns, clock uncertainty: 6.750ns.

 <State 1>: 2.364ns
The critical path consists of the following:
	'store' operation 0 bit ('store_ln14', hw5_ex1_op.cpp:14) of constant 1 on local variable 'i', hw5_ex1_op.cpp:14 [6]  (0.387 ns)
	'load' operation 5 bit ('i', hw5_ex1_op.cpp:16) on local variable 'i', hw5_ex1_op.cpp:14 [9]  (0.000 ns)
	'add' operation 5 bit ('add_ln16_1', hw5_ex1_op.cpp:16) [42]  (0.707 ns)
	'mul' operation 11 bit ('mul_ln16_1', hw5_ex1_op.cpp:16) [44]  (1.270 ns)

 <State 2>: 0.837ns
The critical path consists of the following:
	'urem' operation 2 bit ('urem_ln14', hw5_ex1_op.cpp:14) [21]  (0.837 ns)

 <State 3>: 0.837ns
The critical path consists of the following:
	'urem' operation 2 bit ('urem_ln14', hw5_ex1_op.cpp:14) [21]  (0.837 ns)

 <State 4>: 0.837ns
The critical path consists of the following:
	'urem' operation 2 bit ('urem_ln14', hw5_ex1_op.cpp:14) [21]  (0.837 ns)

 <State 5>: 0.837ns
The critical path consists of the following:
	'urem' operation 2 bit ('urem_ln14', hw5_ex1_op.cpp:14) [21]  (0.837 ns)

 <State 6>: 0.837ns
The critical path consists of the following:
	'urem' operation 2 bit ('urem_ln14', hw5_ex1_op.cpp:14) [21]  (0.837 ns)

 <State 7>: 0.837ns
The critical path consists of the following:
	'urem' operation 2 bit ('urem_ln14', hw5_ex1_op.cpp:14) [21]  (0.837 ns)

 <State 8>: 0.837ns
The critical path consists of the following:
	'urem' operation 2 bit ('urem_ln14', hw5_ex1_op.cpp:14) [21]  (0.837 ns)

 <State 9>: 0.837ns
The critical path consists of the following:
	'urem' operation 2 bit ('urem_ln14', hw5_ex1_op.cpp:14) [21]  (0.837 ns)

 <State 10>: 2.676ns
The critical path consists of the following:
	'add' operation 5 bit ('add_ln16', hw5_ex1_op.cpp:16) [23]  (0.707 ns)
	'mul' operation 11 bit ('mul_ln16', hw5_ex1_op.cpp:16) [25]  (1.270 ns)
	'getelementptr' operation 4 bit ('in_c_0_addr', hw5_ex1_op.cpp:16) [28]  (0.000 ns)
	'load' operation 32 bit ('in_c_0_load', hw5_ex1_op.cpp:16) on array 'in_c_0' [31]  (0.699 ns)

 <State 11>: 7.914ns
The critical path consists of the following:
	'load' operation 32 bit ('in_c_0_load', hw5_ex1_op.cpp:16) on array 'in_c_0' [31]  (0.699 ns)
	'sparsemux' operation 32 bit ('tmp', hw5_ex1_op.cpp:16) [34]  (0.387 ns)
	'add' operation 32 bit ('add_ln16_2', hw5_ex1_op.cpp:16) [54]  (0.000 ns)
	'add' operation 32 bit ('add_ln16_3', hw5_ex1_op.cpp:16) [55]  (0.731 ns)
	'mul' operation 65 bit ('mul_ln16_2', hw5_ex1_op.cpp:16) [57]  (3.120 ns)
	'sub' operation 65 bit ('sub_ln16', hw5_ex1_op.cpp:16) [58]  (1.153 ns)
	'select' operation 31 bit ('select_ln16', hw5_ex1_op.cpp:16) [62]  (0.000 ns)
	'sub' operation 31 bit ('sub_ln16_1', hw5_ex1_op.cpp:16) [63]  (0.874 ns)
	'select' operation 31 bit ('select_ln16_1', hw5_ex1_op.cpp:16) [64]  (0.251 ns)
	'store' operation 0 bit ('store_ln16', hw5_ex1_op.cpp:16) of variable 'select_ln16_1', hw5_ex1_op.cpp:16 on array 'out_c' [66]  (0.699 ns)


============================================================
+ Verbose Summary: Binding
============================================================
N/A
* FSMD analyzer results:
  - Output states:
 - Input state : 
  - Chain level:
	State 1
	State 2
	State 3
	State 4
	State 5
	State 6
	State 7
	State 8
	State 9
	State 10
	State 11


============================================================
+ Verbose Summary: Datapath Resource usage 
============================================================
N/A
