

================================================================
== Vitis HLS Report for 'compute_blur'
================================================================
* Date:           Sat May  9 10:28:39 2026

* Version:        2024.1 (Build 5069499 on May 21 2024)
* Project:        hw5_ex1_op_proj
* Solution:       solution1 (Vivado IP Flow Target)
* Product family: virtexuplus
* Target device:  xcvu13p-fsga2577-2-e


================================================================
== Performance Estimates
================================================================
+ Timing: 
    * Summary: 
    +--------+----------+----------+------------+
    |  Clock |  Target  | Estimated| Uncertainty|
    +--------+----------+----------+------------+
    |ap_clk  |  25.00 ns|  7.914 ns|     6.75 ns|
    +--------+----------+----------+------------+

+ Latency: 
    * Summary: 
    +---------+---------+----------+----------+-----+-----+-----------------------------------------------+
    |  Latency (cycles) |  Latency (absolute) |  Interval |                    Pipeline                   |
    |   min   |   max   |    min   |    max   | min | max |                      Type                     |
    +---------+---------+----------+----------+-----+-----+-----------------------------------------------+
    |       39|       39|  0.975 us|  0.975 us|   29|   29|  loop auto-rewind stp(delay=0 clock cycles(s))|
    +---------+---------+----------+----------+-----+-----+-----------------------------------------------+

    + Detail: 
        * Instance: 
        N/A

        * Loop: 
        +-------------------+---------+---------+----------+-----------+-----------+------+----------+
        |                   |  Latency (cycles) | Iteration|  Initiation Interval  | Trip |          |
        |     Loop Name     |   min   |   max   |  Latency |  achieved |   target  | Count| Pipelined|
        +-------------------+---------+---------+----------+-----------+-----------+------+----------+
        |- VITIS_LOOP_14_1  |       37|       37|        11|          1|          1|    28|       yes|
        +-------------------+---------+---------+----------+-----------+-----------+------+----------+

============================================================
+ Verbose Summary: Synthesis Manager
============================================================
InlineROM: 1
ExposeGlobal: 0
============================================================
+ Verbose Summary: CDFG Model
============================================================
IsTopModel: 0
ResetActiveHigh: 1
IsCombinational: 0
IsDatapathOnly: 0
HasWiredReturn: 1
HasMFsm: 2
HasVarLatency: 1
IsPipeline: 0
IsRtlPipelined: 0
IsInstanceOverlapped: 0
IsDontTouch: 0
HasImplIP: 0
IsGatedGlobalClock: 0

+ Individual pipeline summary: 
  * Pipeline-0: initiation interval (II) = 1, depth = 11


============================================================
+ Verbose Summary: Schedule
============================================================
* Number of FSM states : 11
* Pipeline : 1
  Pipeline-0 : II = 1, D = 11, States = { 1 2 3 4 5 6 7 8 9 10 11 }
* Dataflow Pipeline: 0

* FSM state transitions: 
1 --> 2 
2 --> 3 
3 --> 4 
4 --> 5 
5 --> 6 
6 --> 7 
7 --> 8 
8 --> 9 
9 --> 10 
10 --> 11 
11 --> 

* FSM state operations: 

State 1 <SV = 0> <Delay = 2.36>
ST_1 : Operation 14 [1/1] (0.00ns)   --->   "%i = alloca i32 1" [hw5_ex1_op.cpp:14]   --->   Operation 14 'alloca' 'i' <Predicate = true> <Delay = 0.00>
ST_1 : Operation 15 [1/1] (0.38ns)   --->   "%store_ln14 = store i5 1, i5 %i" [hw5_ex1_op.cpp:14]   --->   Operation 15 'store' 'store_ln14' <Predicate = true> <Delay = 0.38>
ST_1 : Operation 16 [1/1] (0.00ns)   --->   "%br_ln14 = br void %for.inc" [hw5_ex1_op.cpp:14]   --->   Operation 16 'br' 'br_ln14' <Predicate = true> <Delay = 0.00>
ST_1 : Operation 17 [1/1] (0.00ns)   --->   "%i_3 = load i5 %i" [hw5_ex1_op.cpp:16]   --->   Operation 17 'load' 'i_3' <Predicate = true> <Delay = 0.00>
ST_1 : Operation 18 [1/1] (0.70ns)   --->   "%icmp_ln14 = icmp_eq  i5 %i_3, i5 29" [hw5_ex1_op.cpp:14]   --->   Operation 18 'icmp' 'icmp_ln14' <Predicate = true> <Delay = 0.70> <CoreInst = "Cmp">   --->   Core 9 'Cmp' <Latency = 0> <II = 1> <Delay = 0.70> <FuncUnit> <Opcode : 'seteq' 'setne' 'setle' 'setge' 'setlt' 'setgt'> <InPorts = 2> <OutPorts = 1>
ST_1 : Operation 19 [1/1] (0.00ns)   --->   "%br_ln14 = br i1 %icmp_ln14, void %for.inc.split, void %for.end" [hw5_ex1_op.cpp:14]   --->   Operation 19 'br' 'br_ln14' <Predicate = true> <Delay = 0.00>
ST_1 : Operation 20 [9/9] (0.83ns)   --->   "%urem_ln14 = urem i5 %i_3, i5 3" [hw5_ex1_op.cpp:14]   --->   Operation 20 'urem' 'urem_ln14' <Predicate = (!icmp_ln14)> <Delay = 0.83> <CoreInst = "Divider">   --->   Core 6 'Divider' <Latency = 8> <II = 1> <Delay = 0.83> <FuncUnit> <Opcode : 'udiv' 'sdiv' 'urem' 'srem'> <InPorts = 2> <OutPorts = 1>
ST_1 : Operation 21 [1/1] (0.70ns)   --->   "%add_ln16_1 = add i5 %i_3, i5 1" [hw5_ex1_op.cpp:16]   --->   Operation 21 'add' 'add_ln16_1' <Predicate = (!icmp_ln14)> <Delay = 0.70> <CoreInst = "Adder">   --->   Core 1 'Adder' <Latency = 0> <II = 1> <Delay = 0.70> <FuncUnit> <Opcode : 'add' 'sub'> <InPorts = 2> <OutPorts = 1>
ST_1 : Operation 22 [1/1] (0.00ns)   --->   "%zext_ln16_3 = zext i5 %add_ln16_1" [hw5_ex1_op.cpp:16]   --->   Operation 22 'zext' 'zext_ln16_3' <Predicate = (!icmp_ln14)> <Delay = 0.00>
ST_1 : Operation 23 [1/1] (1.27ns)   --->   "%mul_ln16_1 = mul i11 %zext_ln16_3, i11 43" [hw5_ex1_op.cpp:16]   --->   Operation 23 'mul' 'mul_ln16_1' <Predicate = (!icmp_ln14)> <Delay = 1.27> <CoreInst = "Multiplier">   --->   Core 3 'Multiplier' <Latency = 0> <II = 1> <Delay = 1.27> <FuncUnit> <Opcode : 'mul'> <InPorts = 2> <OutPorts = 1>
ST_1 : Operation 24 [1/1] (0.00ns)   --->   "%tmp_5 = partselect i4 @_ssdm_op_PartSelect.i4.i11.i32.i32, i11 %mul_ln16_1, i32 7, i32 10" [hw5_ex1_op.cpp:16]   --->   Operation 24 'partselect' 'tmp_5' <Predicate = (!icmp_ln14)> <Delay = 0.00>
ST_1 : Operation 25 [1/1] (0.38ns)   --->   "%store_ln14 = store i5 %add_ln16_1, i5 %i" [hw5_ex1_op.cpp:14]   --->   Operation 25 'store' 'store_ln14' <Predicate = (!icmp_ln14)> <Delay = 0.38>

State 2 <SV = 1> <Delay = 0.83>
ST_2 : Operation 26 [8/9] (0.83ns)   --->   "%urem_ln14 = urem i5 %i_3, i5 3" [hw5_ex1_op.cpp:14]   --->   Operation 26 'urem' 'urem_ln14' <Predicate = true> <Delay = 0.83> <CoreInst = "Divider">   --->   Core 6 'Divider' <Latency = 8> <II = 1> <Delay = 0.83> <FuncUnit> <Opcode : 'udiv' 'sdiv' 'urem' 'srem'> <InPorts = 2> <OutPorts = 1>

State 3 <SV = 2> <Delay = 0.83>
ST_3 : Operation 27 [7/9] (0.83ns)   --->   "%urem_ln14 = urem i5 %i_3, i5 3" [hw5_ex1_op.cpp:14]   --->   Operation 27 'urem' 'urem_ln14' <Predicate = true> <Delay = 0.83> <CoreInst = "Divider">   --->   Core 6 'Divider' <Latency = 8> <II = 1> <Delay = 0.83> <FuncUnit> <Opcode : 'udiv' 'sdiv' 'urem' 'srem'> <InPorts = 2> <OutPorts = 1>

State 4 <SV = 3> <Delay = 0.83>
ST_4 : Operation 28 [6/9] (0.83ns)   --->   "%urem_ln14 = urem i5 %i_3, i5 3" [hw5_ex1_op.cpp:14]   --->   Operation 28 'urem' 'urem_ln14' <Predicate = true> <Delay = 0.83> <CoreInst = "Divider">   --->   Core 6 'Divider' <Latency = 8> <II = 1> <Delay = 0.83> <FuncUnit> <Opcode : 'udiv' 'sdiv' 'urem' 'srem'> <InPorts = 2> <OutPorts = 1>

State 5 <SV = 4> <Delay = 0.83>
ST_5 : Operation 29 [5/9] (0.83ns)   --->   "%urem_ln14 = urem i5 %i_3, i5 3" [hw5_ex1_op.cpp:14]   --->   Operation 29 'urem' 'urem_ln14' <Predicate = true> <Delay = 0.83> <CoreInst = "Divider">   --->   Core 6 'Divider' <Latency = 8> <II = 1> <Delay = 0.83> <FuncUnit> <Opcode : 'udiv' 'sdiv' 'urem' 'srem'> <InPorts = 2> <OutPorts = 1>

State 6 <SV = 5> <Delay = 0.83>
ST_6 : Operation 30 [4/9] (0.83ns)   --->   "%urem_ln14 = urem i5 %i_3, i5 3" [hw5_ex1_op.cpp:14]   --->   Operation 30 'urem' 'urem_ln14' <Predicate = true> <Delay = 0.83> <CoreInst = "Divider">   --->   Core 6 'Divider' <Latency = 8> <II = 1> <Delay = 0.83> <FuncUnit> <Opcode : 'udiv' 'sdiv' 'urem' 'srem'> <InPorts = 2> <OutPorts = 1>

State 7 <SV = 6> <Delay = 0.83>
ST_7 : Operation 31 [3/9] (0.83ns)   --->   "%urem_ln14 = urem i5 %i_3, i5 3" [hw5_ex1_op.cpp:14]   --->   Operation 31 'urem' 'urem_ln14' <Predicate = true> <Delay = 0.83> <CoreInst = "Divider">   --->   Core 6 'Divider' <Latency = 8> <II = 1> <Delay = 0.83> <FuncUnit> <Opcode : 'udiv' 'sdiv' 'urem' 'srem'> <InPorts = 2> <OutPorts = 1>

State 8 <SV = 7> <Delay = 0.83>
ST_8 : Operation 32 [2/9] (0.83ns)   --->   "%urem_ln14 = urem i5 %i_3, i5 3" [hw5_ex1_op.cpp:14]   --->   Operation 32 'urem' 'urem_ln14' <Predicate = true> <Delay = 0.83> <CoreInst = "Divider">   --->   Core 6 'Divider' <Latency = 8> <II = 1> <Delay = 0.83> <FuncUnit> <Opcode : 'udiv' 'sdiv' 'urem' 'srem'> <InPorts = 2> <OutPorts = 1>

State 9 <SV = 8> <Delay = 0.83>
ST_9 : Operation 33 [1/9] (0.83ns)   --->   "%urem_ln14 = urem i5 %i_3, i5 3" [hw5_ex1_op.cpp:14]   --->   Operation 33 'urem' 'urem_ln14' <Predicate = true> <Delay = 0.83> <CoreInst = "Divider">   --->   Core 6 'Divider' <Latency = 8> <II = 1> <Delay = 0.83> <FuncUnit> <Opcode : 'udiv' 'sdiv' 'urem' 'srem'> <InPorts = 2> <OutPorts = 1>
ST_9 : Operation 34 [1/1] (0.00ns)   --->   "%trunc_ln14 = trunc i2 %urem_ln14" [hw5_ex1_op.cpp:14]   --->   Operation 34 'trunc' 'trunc_ln14' <Predicate = true> <Delay = 0.00>

State 10 <SV = 9> <Delay = 2.67>
ST_10 : Operation 35 [1/1] (0.00ns)   --->   "%zext_ln14_2 = zext i5 %i_3" [hw5_ex1_op.cpp:14]   --->   Operation 35 'zext' 'zext_ln14_2' <Predicate = true> <Delay = 0.00>
ST_10 : Operation 36 [1/1] (1.27ns)   --->   "%mul_ln14 = mul i11 %zext_ln14_2, i11 43" [hw5_ex1_op.cpp:14]   --->   Operation 36 'mul' 'mul_ln14' <Predicate = true> <Delay = 1.27> <CoreInst = "Multiplier">   --->   Core 3 'Multiplier' <Latency = 0> <II = 1> <Delay = 1.27> <FuncUnit> <Opcode : 'mul'> <InPorts = 2> <OutPorts = 1>
ST_10 : Operation 37 [1/1] (0.00ns)   --->   "%tmp_3 = partselect i4 @_ssdm_op_PartSelect.i4.i11.i32.i32, i11 %mul_ln14, i32 7, i32 10" [hw5_ex1_op.cpp:14]   --->   Operation 37 'partselect' 'tmp_3' <Predicate = true> <Delay = 0.00>
ST_10 : Operation 38 [1/1] (0.00ns)   --->   "%zext_ln14_1 = zext i4 %tmp_3" [hw5_ex1_op.cpp:14]   --->   Operation 38 'zext' 'zext_ln14_1' <Predicate = true> <Delay = 0.00>
ST_10 : Operation 39 [1/1] (0.70ns)   --->   "%add_ln16 = add i5 %i_3, i5 31" [hw5_ex1_op.cpp:16]   --->   Operation 39 'add' 'add_ln16' <Predicate = true> <Delay = 0.70> <CoreInst = "Adder">   --->   Core 1 'Adder' <Latency = 0> <II = 1> <Delay = 0.70> <FuncUnit> <Opcode : 'add' 'sub'> <InPorts = 2> <OutPorts = 1>
ST_10 : Operation 40 [1/1] (0.00ns)   --->   "%zext_ln16_2 = zext i5 %add_ln16" [hw5_ex1_op.cpp:16]   --->   Operation 40 'zext' 'zext_ln16_2' <Predicate = true> <Delay = 0.00>
ST_10 : Operation 41 [1/1] (1.27ns)   --->   "%mul_ln16 = mul i11 %zext_ln16_2, i11 43" [hw5_ex1_op.cpp:16]   --->   Operation 41 'mul' 'mul_ln16' <Predicate = true> <Delay = 1.27> <CoreInst = "Multiplier">   --->   Core 3 'Multiplier' <Latency = 0> <II = 1> <Delay = 1.27> <FuncUnit> <Opcode : 'mul'> <InPorts = 2> <OutPorts = 1>
ST_10 : Operation 42 [1/1] (0.00ns)   --->   "%tmp_4 = partselect i4 @_ssdm_op_PartSelect.i4.i11.i32.i32, i11 %mul_ln16, i32 7, i32 10" [hw5_ex1_op.cpp:16]   --->   Operation 42 'partselect' 'tmp_4' <Predicate = true> <Delay = 0.00>
ST_10 : Operation 43 [1/1] (0.00ns)   --->   "%zext_ln16 = zext i4 %tmp_4" [hw5_ex1_op.cpp:16]   --->   Operation 43 'zext' 'zext_ln16' <Predicate = true> <Delay = 0.00>
ST_10 : Operation 44 [1/1] (0.00ns)   --->   "%in_c_0_addr = getelementptr i32 %in_c_0, i64 0, i64 %zext_ln16" [hw5_ex1_op.cpp:16]   --->   Operation 44 'getelementptr' 'in_c_0_addr' <Predicate = (trunc_ln14 == 1)> <Delay = 0.00>
ST_10 : Operation 45 [1/1] (0.00ns)   --->   "%in_c_1_addr = getelementptr i32 %in_c_1, i64 0, i64 %zext_ln16" [hw5_ex1_op.cpp:16]   --->   Operation 45 'getelementptr' 'in_c_1_addr' <Predicate = (trunc_ln14 == 2)> <Delay = 0.00>
ST_10 : Operation 46 [1/1] (0.00ns)   --->   "%in_c_2_addr = getelementptr i32 %in_c_2, i64 0, i64 %zext_ln16" [hw5_ex1_op.cpp:16]   --->   Operation 46 'getelementptr' 'in_c_2_addr' <Predicate = (trunc_ln14 == 0)> <Delay = 0.00>
ST_10 : Operation 47 [2/2] (0.69ns)   --->   "%in_c_0_load = load i4 %in_c_0_addr" [hw5_ex1_op.cpp:16]   --->   Operation 47 'load' 'in_c_0_load' <Predicate = (trunc_ln14 == 1)> <Delay = 0.69> <CoreInst = "RAM">   --->   Core 82 'RAM' <Latency = 1> <II = 1> <Delay = 0.69> <Storage> <Opcode : 'load' 'store'> <Ports = 2> <Width = 32> <Depth = 10> <RAM>
ST_10 : Operation 48 [2/2] (0.69ns)   --->   "%in_c_1_load = load i4 %in_c_1_addr" [hw5_ex1_op.cpp:16]   --->   Operation 48 'load' 'in_c_1_load' <Predicate = (trunc_ln14 == 2)> <Delay = 0.69> <CoreInst = "RAM">   --->   Core 82 'RAM' <Latency = 1> <II = 1> <Delay = 0.69> <Storage> <Opcode : 'load' 'store'> <Ports = 2> <Width = 32> <Depth = 10> <RAM>
ST_10 : Operation 49 [2/2] (0.69ns)   --->   "%in_c_2_load = load i4 %in_c_2_addr" [hw5_ex1_op.cpp:16]   --->   Operation 49 'load' 'in_c_2_load' <Predicate = (trunc_ln14 == 0)> <Delay = 0.69> <CoreInst = "RAM">   --->   Core 82 'RAM' <Latency = 1> <II = 1> <Delay = 0.69> <Storage> <Opcode : 'load' 'store'> <Ports = 2> <Width = 32> <Depth = 10> <RAM>
ST_10 : Operation 50 [1/1] (0.00ns)   --->   "%in_c_0_addr_1 = getelementptr i32 %in_c_0, i64 0, i64 %zext_ln14_1" [hw5_ex1_op.cpp:16]   --->   Operation 50 'getelementptr' 'in_c_0_addr_1' <Predicate = (trunc_ln14 == 0)> <Delay = 0.00>
ST_10 : Operation 51 [1/1] (0.00ns)   --->   "%in_c_1_addr_1 = getelementptr i32 %in_c_1, i64 0, i64 %zext_ln14_1" [hw5_ex1_op.cpp:16]   --->   Operation 51 'getelementptr' 'in_c_1_addr_1' <Predicate = (trunc_ln14 == 1)> <Delay = 0.00>
ST_10 : Operation 52 [1/1] (0.00ns)   --->   "%in_c_2_addr_1 = getelementptr i32 %in_c_2, i64 0, i64 %zext_ln14_1" [hw5_ex1_op.cpp:16]   --->   Operation 52 'getelementptr' 'in_c_2_addr_1' <Predicate = (trunc_ln14 == 2)> <Delay = 0.00>
ST_10 : Operation 53 [2/2] (0.69ns)   --->   "%in_c_0_load_1 = load i4 %in_c_0_addr_1" [hw5_ex1_op.cpp:16]   --->   Operation 53 'load' 'in_c_0_load_1' <Predicate = (trunc_ln14 == 0)> <Delay = 0.69> <CoreInst = "RAM">   --->   Core 82 'RAM' <Latency = 1> <II = 1> <Delay = 0.69> <Storage> <Opcode : 'load' 'store'> <Ports = 2> <Width = 32> <Depth = 10> <RAM>
ST_10 : Operation 54 [2/2] (0.69ns)   --->   "%in_c_1_load_1 = load i4 %in_c_1_addr_1" [hw5_ex1_op.cpp:16]   --->   Operation 54 'load' 'in_c_1_load_1' <Predicate = (trunc_ln14 == 1)> <Delay = 0.69> <CoreInst = "RAM">   --->   Core 82 'RAM' <Latency = 1> <II = 1> <Delay = 0.69> <Storage> <Opcode : 'load' 'store'> <Ports = 2> <Width = 32> <Depth = 10> <RAM>
ST_10 : Operation 55 [2/2] (0.69ns)   --->   "%in_c_2_load_1 = load i4 %in_c_2_addr_1" [hw5_ex1_op.cpp:16]   --->   Operation 55 'load' 'in_c_2_load_1' <Predicate = (trunc_ln14 == 2)> <Delay = 0.69> <CoreInst = "RAM">   --->   Core 82 'RAM' <Latency = 1> <II = 1> <Delay = 0.69> <Storage> <Opcode : 'load' 'store'> <Ports = 2> <Width = 32> <Depth = 10> <RAM>
ST_10 : Operation 56 [1/1] (0.00ns)   --->   "%zext_ln16_1 = zext i4 %tmp_5" [hw5_ex1_op.cpp:16]   --->   Operation 56 'zext' 'zext_ln16_1' <Predicate = true> <Delay = 0.00>
ST_10 : Operation 57 [1/1] (0.00ns)   --->   "%in_c_0_addr_2 = getelementptr i32 %in_c_0, i64 0, i64 %zext_ln16_1" [hw5_ex1_op.cpp:16]   --->   Operation 57 'getelementptr' 'in_c_0_addr_2' <Predicate = (trunc_ln14 == 2)> <Delay = 0.00>
ST_10 : Operation 58 [1/1] (0.00ns)   --->   "%in_c_1_addr_2 = getelementptr i32 %in_c_1, i64 0, i64 %zext_ln16_1" [hw5_ex1_op.cpp:16]   --->   Operation 58 'getelementptr' 'in_c_1_addr_2' <Predicate = (trunc_ln14 == 0)> <Delay = 0.00>
ST_10 : Operation 59 [1/1] (0.00ns)   --->   "%in_c_2_addr_2 = getelementptr i32 %in_c_2, i64 0, i64 %zext_ln16_1" [hw5_ex1_op.cpp:16]   --->   Operation 59 'getelementptr' 'in_c_2_addr_2' <Predicate = (trunc_ln14 == 1)> <Delay = 0.00>
ST_10 : Operation 60 [2/2] (0.69ns)   --->   "%in_c_0_load_2 = load i4 %in_c_0_addr_2" [hw5_ex1_op.cpp:16]   --->   Operation 60 'load' 'in_c_0_load_2' <Predicate = (trunc_ln14 == 2)> <Delay = 0.69> <CoreInst = "RAM">   --->   Core 82 'RAM' <Latency = 1> <II = 1> <Delay = 0.69> <Storage> <Opcode : 'load' 'store'> <Ports = 2> <Width = 32> <Depth = 10> <RAM>
ST_10 : Operation 61 [2/2] (0.69ns)   --->   "%in_c_1_load_2 = load i4 %in_c_1_addr_2" [hw5_ex1_op.cpp:16]   --->   Operation 61 'load' 'in_c_1_load_2' <Predicate = (trunc_ln14 == 0)> <Delay = 0.69> <CoreInst = "RAM">   --->   Core 82 'RAM' <Latency = 1> <II = 1> <Delay = 0.69> <Storage> <Opcode : 'load' 'store'> <Ports = 2> <Width = 32> <Depth = 10> <RAM>
ST_10 : Operation 62 [2/2] (0.69ns)   --->   "%in_c_2_load_2 = load i4 %in_c_2_addr_2" [hw5_ex1_op.cpp:16]   --->   Operation 62 'load' 'in_c_2_load_2' <Predicate = (trunc_ln14 == 1)> <Delay = 0.69> <CoreInst = "RAM">   --->   Core 82 'RAM' <Latency = 1> <II = 1> <Delay = 0.69> <Storage> <Opcode : 'load' 'store'> <Ports = 2> <Width = 32> <Depth = 10> <RAM>
ST_10 : Operation 93 [1/1] (0.38ns)   --->   "%ret_ln18 = ret" [hw5_ex1_op.cpp:18]   --->   Operation 93 'ret' 'ret_ln18' <Predicate = (icmp_ln14)> <Delay = 0.38>

State 11 <SV = 10> <Delay = 7.91>
ST_11 : Operation 63 [1/1] (0.00ns)   --->   "%zext_ln14 = zext i5 %i_3" [hw5_ex1_op.cpp:14]   --->   Operation 63 'zext' 'zext_ln14' <Predicate = true> <Delay = 0.00>
ST_11 : Operation 64 [1/1] (0.00ns)   --->   "%specpipeline_ln15 = specpipeline void @_ssdm_op_SpecPipeline, i32 1, i32 0, i32 0, i32 0, void @empty_0" [hw5_ex1_op.cpp:15]   --->   Operation 64 'specpipeline' 'specpipeline_ln15' <Predicate = true> <Delay = 0.00>
ST_11 : Operation 65 [1/1] (0.00ns)   --->   "%speclooptripcount_ln14 = speclooptripcount void @_ssdm_op_SpecLoopTripCount, i64 28, i64 28, i64 28" [hw5_ex1_op.cpp:14]   --->   Operation 65 'speclooptripcount' 'speclooptripcount_ln14' <Predicate = true> <Delay = 0.00>
ST_11 : Operation 66 [1/1] (0.00ns)   --->   "%specloopname_ln14 = specloopname void @_ssdm_op_SpecLoopName, void @empty_4" [hw5_ex1_op.cpp:14]   --->   Operation 66 'specloopname' 'specloopname_ln14' <Predicate = true> <Delay = 0.00>
ST_11 : Operation 67 [1/2] (0.69ns)   --->   "%in_c_0_load = load i4 %in_c_0_addr" [hw5_ex1_op.cpp:16]   --->   Operation 67 'load' 'in_c_0_load' <Predicate = (trunc_ln14 == 1)> <Delay = 0.69> <CoreInst = "RAM">   --->   Core 82 'RAM' <Latency = 1> <II = 1> <Delay = 0.69> <Storage> <Opcode : 'load' 'store'> <Ports = 2> <Width = 32> <Depth = 10> <RAM>
ST_11 : Operation 68 [1/2] (0.69ns)   --->   "%in_c_1_load = load i4 %in_c_1_addr" [hw5_ex1_op.cpp:16]   --->   Operation 68 'load' 'in_c_1_load' <Predicate = (trunc_ln14 == 2)> <Delay = 0.69> <CoreInst = "RAM">   --->   Core 82 'RAM' <Latency = 1> <II = 1> <Delay = 0.69> <Storage> <Opcode : 'load' 'store'> <Ports = 2> <Width = 32> <Depth = 10> <RAM>
ST_11 : Operation 69 [1/2] (0.69ns)   --->   "%in_c_2_load = load i4 %in_c_2_addr" [hw5_ex1_op.cpp:16]   --->   Operation 69 'load' 'in_c_2_load' <Predicate = (trunc_ln14 == 0)> <Delay = 0.69> <CoreInst = "RAM">   --->   Core 82 'RAM' <Latency = 1> <II = 1> <Delay = 0.69> <Storage> <Opcode : 'load' 'store'> <Ports = 2> <Width = 32> <Depth = 10> <RAM>
ST_11 : Operation 70 [1/1] (0.38ns)   --->   "%tmp = sparsemux i32 @_ssdm_op_SparseMux.ap_auto.3i32.i32.i2, i2 1, i32 %in_c_0_load, i2 2, i32 %in_c_1_load, i2 0, i32 %in_c_2_load, i32 0, i2 %trunc_ln14" [hw5_ex1_op.cpp:16]   --->   Operation 70 'sparsemux' 'tmp' <Predicate = true> <Delay = 0.38> <CoreInst = "SparseMux">   --->   Core 144 'SparseMux' <Latency = 0> <II = 1> <Delay = 0.38> <FuncUnit> <Opcode : 'sparsemux'> <InPorts = 2> <OutPorts = 1>
ST_11 : Operation 71 [1/2] (0.69ns)   --->   "%in_c_0_load_1 = load i4 %in_c_0_addr_1" [hw5_ex1_op.cpp:16]   --->   Operation 71 'load' 'in_c_0_load_1' <Predicate = (trunc_ln14 == 0)> <Delay = 0.69> <CoreInst = "RAM">   --->   Core 82 'RAM' <Latency = 1> <II = 1> <Delay = 0.69> <Storage> <Opcode : 'load' 'store'> <Ports = 2> <Width = 32> <Depth = 10> <RAM>
ST_11 : Operation 72 [1/2] (0.69ns)   --->   "%in_c_1_load_1 = load i4 %in_c_1_addr_1" [hw5_ex1_op.cpp:16]   --->   Operation 72 'load' 'in_c_1_load_1' <Predicate = (trunc_ln14 == 1)> <Delay = 0.69> <CoreInst = "RAM">   --->   Core 82 'RAM' <Latency = 1> <II = 1> <Delay = 0.69> <Storage> <Opcode : 'load' 'store'> <Ports = 2> <Width = 32> <Depth = 10> <RAM>
ST_11 : Operation 73 [1/2] (0.69ns)   --->   "%in_c_2_load_1 = load i4 %in_c_2_addr_1" [hw5_ex1_op.cpp:16]   --->   Operation 73 'load' 'in_c_2_load_1' <Predicate = (trunc_ln14 == 2)> <Delay = 0.69> <CoreInst = "RAM">   --->   Core 82 'RAM' <Latency = 1> <II = 1> <Delay = 0.69> <Storage> <Opcode : 'load' 'store'> <Ports = 2> <Width = 32> <Depth = 10> <RAM>
ST_11 : Operation 74 [1/1] (0.38ns)   --->   "%tmp_1 = sparsemux i32 @_ssdm_op_SparseMux.ap_auto.3i32.i32.i2, i2 0, i32 %in_c_0_load_1, i2 1, i32 %in_c_1_load_1, i2 2, i32 %in_c_2_load_1, i32 0, i2 %trunc_ln14" [hw5_ex1_op.cpp:16]   --->   Operation 74 'sparsemux' 'tmp_1' <Predicate = true> <Delay = 0.38> <CoreInst = "SparseMux">   --->   Core 144 'SparseMux' <Latency = 0> <II = 1> <Delay = 0.38> <FuncUnit> <Opcode : 'sparsemux'> <InPorts = 2> <OutPorts = 1>
ST_11 : Operation 75 [1/2] (0.69ns)   --->   "%in_c_0_load_2 = load i4 %in_c_0_addr_2" [hw5_ex1_op.cpp:16]   --->   Operation 75 'load' 'in_c_0_load_2' <Predicate = (trunc_ln14 == 2)> <Delay = 0.69> <CoreInst = "RAM">   --->   Core 82 'RAM' <Latency = 1> <II = 1> <Delay = 0.69> <Storage> <Opcode : 'load' 'store'> <Ports = 2> <Width = 32> <Depth = 10> <RAM>
ST_11 : Operation 76 [1/2] (0.69ns)   --->   "%in_c_1_load_2 = load i4 %in_c_1_addr_2" [hw5_ex1_op.cpp:16]   --->   Operation 76 'load' 'in_c_1_load_2' <Predicate = (trunc_ln14 == 0)> <Delay = 0.69> <CoreInst = "RAM">   --->   Core 82 'RAM' <Latency = 1> <II = 1> <Delay = 0.69> <Storage> <Opcode : 'load' 'store'> <Ports = 2> <Width = 32> <Depth = 10> <RAM>
ST_11 : Operation 77 [1/2] (0.69ns)   --->   "%in_c_2_load_2 = load i4 %in_c_2_addr_2" [hw5_ex1_op.cpp:16]   --->   Operation 77 'load' 'in_c_2_load_2' <Predicate = (trunc_ln14 == 1)> <Delay = 0.69> <CoreInst = "RAM">   --->   Core 82 'RAM' <Latency = 1> <II = 1> <Delay = 0.69> <Storage> <Opcode : 'load' 'store'> <Ports = 2> <Width = 32> <Depth = 10> <RAM>
ST_11 : Operation 78 [1/1] (0.38ns)   --->   "%tmp_2 = sparsemux i32 @_ssdm_op_SparseMux.ap_auto.3i32.i32.i2, i2 2, i32 %in_c_0_load_2, i2 0, i32 %in_c_1_load_2, i2 1, i32 %in_c_2_load_2, i32 0, i2 %trunc_ln14" [hw5_ex1_op.cpp:16]   --->   Operation 78 'sparsemux' 'tmp_2' <Predicate = true> <Delay = 0.38> <CoreInst = "SparseMux">   --->   Core 144 'SparseMux' <Latency = 0> <II = 1> <Delay = 0.38> <FuncUnit> <Opcode : 'sparsemux'> <InPorts = 2> <OutPorts = 1>
ST_11 : Operation 79 [1/1] (0.00ns) (grouped into TernaryAdder)   --->   "%add_ln16_2 = add i32 %tmp, i32 %tmp_2" [hw5_ex1_op.cpp:16]   --->   Operation 79 'add' 'add_ln16_2' <Predicate = true> <Delay = 0.00> <CoreInst = "TAddSub">   --->   Core 10 'TAddSub' <Latency = 0> <II = 1> <Delay = 0.36> <IPBlock> <Opcode : '' 'add' 'sub'> <InPorts = 3> <OutPorts = 1> <Sync> <CReg>
ST_11 : Operation 80 [1/1] (0.73ns) (root node of TernaryAdder)   --->   "%add_ln16_3 = add i32 %add_ln16_2, i32 %tmp_1" [hw5_ex1_op.cpp:16]   --->   Operation 80 'add' 'add_ln16_3' <Predicate = true> <Delay = 0.73> <CoreInst = "TAddSub">   --->   Core 10 'TAddSub' <Latency = 0> <II = 1> <Delay = 0.36> <IPBlock> <Opcode : '' 'add' 'sub'> <InPorts = 3> <OutPorts = 1> <Sync> <CReg>
ST_11 : Operation 81 [1/1] (0.00ns)   --->   "%sext_ln16 = sext i32 %add_ln16_3" [hw5_ex1_op.cpp:16]   --->   Operation 81 'sext' 'sext_ln16' <Predicate = true> <Delay = 0.00>
ST_11 : Operation 82 [1/1] (3.12ns)   --->   "%mul_ln16_2 = mul i65 %sext_ln16, i65 5726623062" [hw5_ex1_op.cpp:16]   --->   Operation 82 'mul' 'mul_ln16_2' <Predicate = true> <Delay = 3.12> <CoreInst = "Multiplier">   --->   Core 3 'Multiplier' <Latency = 0> <II = 1> <Delay = 3.12> <FuncUnit> <Opcode : 'mul'> <InPorts = 2> <OutPorts = 1>
ST_11 : Operation 83 [1/1] (1.15ns)   --->   "%sub_ln16 = sub i65 0, i65 %mul_ln16_2" [hw5_ex1_op.cpp:16]   --->   Operation 83 'sub' 'sub_ln16' <Predicate = true> <Delay = 1.15> <CoreInst = "Adder">   --->   Core 1 'Adder' <Latency = 0> <II = 1> <Delay = 1.15> <FuncUnit> <Opcode : 'add' 'sub'> <InPorts = 2> <OutPorts = 1>
ST_11 : Operation 84 [1/1] (0.00ns)   --->   "%tmp_6 = bitselect i1 @_ssdm_op_BitSelect.i1.i32.i32, i32 %add_ln16_3, i32 31" [hw5_ex1_op.cpp:16]   --->   Operation 84 'bitselect' 'tmp_6' <Predicate = true> <Delay = 0.00>
ST_11 : Operation 85 [1/1] (0.00ns) (grouped into LUT with out node sub_ln16_1)   --->   "%tmp_3_cast = partselect i31 @_ssdm_op_PartSelect.i31.i65.i32.i32, i65 %sub_ln16, i32 34, i32 64" [hw5_ex1_op.cpp:16]   --->   Operation 85 'partselect' 'tmp_3_cast' <Predicate = true> <Delay = 0.00>
ST_11 : Operation 86 [1/1] (0.00ns)   --->   "%tmp_4_cast = partselect i31 @_ssdm_op_PartSelect.i31.i65.i32.i32, i65 %mul_ln16_2, i32 34, i32 64" [hw5_ex1_op.cpp:16]   --->   Operation 86 'partselect' 'tmp_4_cast' <Predicate = true> <Delay = 0.00>
ST_11 : Operation 87 [1/1] (0.00ns) (grouped into LUT with out node sub_ln16_1)   --->   "%select_ln16 = select i1 %tmp_6, i31 %tmp_3_cast, i31 %tmp_4_cast" [hw5_ex1_op.cpp:16]   --->   Operation 87 'select' 'select_ln16' <Predicate = true> <Delay = 0.00> <CoreInst = "Sel">   --->   Core 73 'Sel' <Latency = 0> <II = 1> <Delay = 0.25> <FuncUnit> <Opcode : 'select'> <InPorts = 3> <OutPorts = 1>
ST_11 : Operation 88 [1/1] (0.87ns) (out node of the LUT)   --->   "%sub_ln16_1 = sub i31 0, i31 %select_ln16" [hw5_ex1_op.cpp:16]   --->   Operation 88 'sub' 'sub_ln16_1' <Predicate = true> <Delay = 0.87> <CoreInst = "Adder">   --->   Core 1 'Adder' <Latency = 0> <II = 1> <Delay = 0.87> <FuncUnit> <Opcode : 'add' 'sub'> <InPorts = 2> <OutPorts = 1>
ST_11 : Operation 89 [1/1] (0.25ns)   --->   "%select_ln16_1 = select i1 %tmp_6, i31 %sub_ln16_1, i31 %tmp_4_cast" [hw5_ex1_op.cpp:16]   --->   Operation 89 'select' 'select_ln16_1' <Predicate = true> <Delay = 0.25> <CoreInst = "Sel">   --->   Core 73 'Sel' <Latency = 0> <II = 1> <Delay = 0.25> <FuncUnit> <Opcode : 'select'> <InPorts = 3> <OutPorts = 1>
ST_11 : Operation 90 [1/1] (0.00ns)   --->   "%out_c_addr = getelementptr i31 %out_c, i64 0, i64 %zext_ln14" [hw5_ex1_op.cpp:16]   --->   Operation 90 'getelementptr' 'out_c_addr' <Predicate = true> <Delay = 0.00>
ST_11 : Operation 91 [1/1] (0.69ns)   --->   "%store_ln16 = store i31 %select_ln16_1, i5 %out_c_addr" [hw5_ex1_op.cpp:16]   --->   Operation 91 'store' 'store_ln16' <Predicate = true> <Delay = 0.69> <CoreInst = "RAM">   --->   Core 82 'RAM' <Latency = 1> <II = 1> <Delay = 0.69> <Storage> <Opcode : 'load' 'store'> <Ports = 2> <Width = 31> <Depth = 30> <RAM>
ST_11 : Operation 92 [1/1] (0.00ns)   --->   "%br_ln14 = br void %for.inc" [hw5_ex1_op.cpp:14]   --->   Operation 92 'br' 'br_ln14' <Predicate = true> <Delay = 0.00>


============================================================
+ Verbose Summary: Binding
============================================================
STG Binding: 
---------------- STG Properties BEGIN ----------------
- Is combinational: 0
- Is one-state seq: 0
- Is datapath-only: 0
- Is pipelined: 0
- Is top level: 0
Port [ Return ] is wired: 1; IO mode=ap_ctrl_hs:ce=0
Port [ in_c_0]:  wired=1; compound=1; hidden=0; nouse=0; global=0; static=0; extern=0; dir=0; type=1; pingpong=0; private_global=0; MemPort=[13]; IO mode=ap_memory:ce=0
Port [ in_c_1]:  wired=1; compound=1; hidden=0; nouse=0; global=0; static=0; extern=0; dir=0; type=1; pingpong=0; private_global=0; MemPort=[13]; IO mode=ap_memory:ce=0
Port [ in_c_2]:  wired=1; compound=1; hidden=0; nouse=0; global=0; static=0; extern=0; dir=0; type=1; pingpong=0; private_global=0; MemPort=[13]; IO mode=ap_memory:ce=0
Port [ out_c]:  wired=1; compound=1; hidden=0; nouse=0; global=0; static=0; extern=0; dir=1; type=1; pingpong=0; private_global=0; MemPort=[03]; IO mode=ap_memory:ce=0
---------------- STG Properties END ------------------

---------------- Datapath Model BEGIN ----------------

<LifeTime>
<method=bitvector/>
i                      (alloca           ) [ 010000000000]
store_ln14             (store            ) [ 000000000000]
br_ln14                (br               ) [ 000000000000]
i_3                    (load             ) [ 011111111111]
icmp_ln14              (icmp             ) [ 011111111110]
br_ln14                (br               ) [ 000000000000]
add_ln16_1             (add              ) [ 000000000000]
zext_ln16_3            (zext             ) [ 000000000000]
mul_ln16_1             (mul              ) [ 000000000000]
tmp_5                  (partselect       ) [ 011111111110]
store_ln14             (store            ) [ 000000000000]
urem_ln14              (urem             ) [ 000000000000]
trunc_ln14             (trunc            ) [ 010000000011]
zext_ln14_2            (zext             ) [ 000000000000]
mul_ln14               (mul              ) [ 000000000000]
tmp_3                  (partselect       ) [ 000000000000]
zext_ln14_1            (zext             ) [ 000000000000]
add_ln16               (add              ) [ 000000000000]
zext_ln16_2            (zext             ) [ 000000000000]
mul_ln16               (mul              ) [ 000000000000]
tmp_4                  (partselect       ) [ 000000000000]
zext_ln16              (zext             ) [ 000000000000]
in_c_0_addr            (getelementptr    ) [ 010000000001]
in_c_1_addr            (getelementptr    ) [ 010000000001]
in_c_2_addr            (getelementptr    ) [ 010000000001]
in_c_0_addr_1          (getelementptr    ) [ 010000000001]
in_c_1_addr_1          (getelementptr    ) [ 010000000001]
in_c_2_addr_1          (getelementptr    ) [ 010000000001]
zext_ln16_1            (zext             ) [ 000000000000]
in_c_0_addr_2          (getelementptr    ) [ 010000000001]
in_c_1_addr_2          (getelementptr    ) [ 010000000001]
in_c_2_addr_2          (getelementptr    ) [ 010000000001]
zext_ln14              (zext             ) [ 000000000000]
specpipeline_ln15      (specpipeline     ) [ 000000000000]
speclooptripcount_ln14 (speclooptripcount) [ 000000000000]
specloopname_ln14      (specloopname     ) [ 000000000000]
in_c_0_load            (load             ) [ 000000000000]
in_c_1_load            (load             ) [ 000000000000]
in_c_2_load            (load             ) [ 000000000000]
tmp                    (sparsemux        ) [ 000000000000]
in_c_0_load_1          (load             ) [ 000000000000]
in_c_1_load_1          (load             ) [ 000000000000]
in_c_2_load_1          (load             ) [ 000000000000]
tmp_1                  (sparsemux        ) [ 000000000000]
in_c_0_load_2          (load             ) [ 000000000000]
in_c_1_load_2          (load             ) [ 000000000000]
in_c_2_load_2          (load             ) [ 000000000000]
tmp_2                  (sparsemux        ) [ 000000000000]
add_ln16_2             (add              ) [ 000000000000]
add_ln16_3             (add              ) [ 000000000000]
sext_ln16              (sext             ) [ 000000000000]
mul_ln16_2             (mul              ) [ 000000000000]
sub_ln16               (sub              ) [ 000000000000]
tmp_6                  (bitselect        ) [ 000000000000]
tmp_3_cast             (partselect       ) [ 000000000000]
tmp_4_cast             (partselect       ) [ 000000000000]
select_ln16            (select           ) [ 000000000000]
sub_ln16_1             (sub              ) [ 000000000000]
select_ln16_1          (select           ) [ 000000000000]
out_c_addr             (getelementptr    ) [ 000000000000]
store_ln16             (store            ) [ 000000000000]
br_ln14                (br               ) [ 000000000000]
ret_ln18               (ret              ) [ 000000000000]
</LifeTime>

<model>

<comp_list>
<comp id="0" class="1000" name="in_c_0">
<pin_list>
<pin id="1" dir="1" index="0" bw="1" slack="0"/>
</pin_list>
<bind>
<StgValue><ssdm name="in_c_0"/><MemPortTyVec>1 3 </MemPortTyVec>
</StgValue>
</bind>
</comp>

<comp id="2" class="1000" name="in_c_1">
<pin_list>
<pin id="3" dir="1" index="0" bw="1" slack="0"/>
</pin_list>
<bind>
<StgValue><ssdm name="in_c_1"/><MemPortTyVec>1 3 </MemPortTyVec>
</StgValue>
</bind>
</comp>

<comp id="4" class="1000" name="in_c_2">
<pin_list>
<pin id="5" dir="1" index="0" bw="1" slack="0"/>
</pin_list>
<bind>
<StgValue><ssdm name="in_c_2"/><MemPortTyVec>1 3 </MemPortTyVec>
</StgValue>
</bind>
</comp>

<comp id="6" class="1000" name="out_c">
<pin_list>
<pin id="7" dir="1" index="0" bw="1" slack="0"/>
</pin_list>
<bind>
<StgValue><ssdm name="out_c"/><MemPortTyVec>0 3 </MemPortTyVec>
</StgValue>
</bind>
</comp>

<comp id="8" class="1001" name="const_8">
<pin_list>
<pin id="9" dir="1" index="0" bw="1" slack="0"/>
</pin_list>
<bind>
<StgValue><ssdm name=""/></StgValue>
</bind>
</comp>

<comp id="10" class="1001" name="const_10">
<pin_list>
<pin id="11" dir="1" index="0" bw="1" slack="0"/>
</pin_list>
<bind>
<StgValue><ssdm name=""/></StgValue>
</bind>
</comp>

<comp id="12" class="1001" name="const_12">
<pin_list>
<pin id="13" dir="1" index="0" bw="1" slack="0"/>
</pin_list>
<bind>
<StgValue><ssdm name=""/></StgValue>
</bind>
</comp>

<comp id="14" class="1001" name="const_14">
<pin_list>
<pin id="15" dir="1" index="0" bw="1" slack="0"/>
</pin_list>
<bind>
<StgValue><ssdm name=""/></StgValue>
</bind>
</comp>

<comp id="16" class="1001" name="const_16">
<pin_list>
<pin id="17" dir="1" index="0" bw="1" slack="0"/>
</pin_list>
<bind>
<StgValue><ssdm name=""/></StgValue>
</bind>
</comp>

<comp id="18" class="1001" name="const_18">
<pin_list>
<pin id="19" dir="1" index="0" bw="1" slack="0"/>
</pin_list>
<bind>
<StgValue><ssdm name="_ssdm_op_PartSelect.i4.i11.i32.i32"/></StgValue>
</bind>
</comp>

<comp id="20" class="1001" name="const_20">
<pin_list>
<pin id="21" dir="1" index="0" bw="1" slack="0"/>
</pin_list>
<bind>
<StgValue><ssdm name=""/></StgValue>
</bind>
</comp>

<comp id="22" class="1001" name="const_22">
<pin_list>
<pin id="23" dir="1" index="0" bw="1" slack="0"/>
</pin_list>
<bind>
<StgValue><ssdm name=""/></StgValue>
</bind>
</comp>

<comp id="24" class="1001" name="const_24">
<pin_list>
<pin id="25" dir="1" index="0" bw="1" slack="0"/>
</pin_list>
<bind>
<StgValue><ssdm name=""/></StgValue>
</bind>
</comp>

<comp id="26" class="1001" name="const_26">
<pin_list>
<pin id="27" dir="1" index="0" bw="1" slack="0"/>
</pin_list>
<bind>
<StgValue><ssdm name=""/></StgValue>
</bind>
</comp>

<comp id="28" class="1001" name="const_28">
<pin_list>
<pin id="29" dir="1" index="0" bw="1" slack="2147483647"/>
</pin_list>
<bind>
<StgValue><ssdm name="_ssdm_op_SpecPipeline"/></StgValue>
</bind>
</comp>

<comp id="30" class="1001" name="const_30">
<pin_list>
<pin id="31" dir="1" index="0" bw="1" slack="2147483647"/>
</pin_list>
<bind>
<StgValue><ssdm name=""/></StgValue>
</bind>
</comp>

<comp id="32" class="1001" name="const_32">
<pin_list>
<pin id="33" dir="1" index="0" bw="1" slack="2147483647"/>
</pin_list>
<bind>
<StgValue><ssdm name="empty_0"/></StgValue>
</bind>
</comp>

<comp id="34" class="1001" name="const_34">
<pin_list>
<pin id="35" dir="1" index="0" bw="1" slack="2147483647"/>
</pin_list>
<bind>
<StgValue><ssdm name="_ssdm_op_SpecLoopTripCount"/></StgValue>
</bind>
</comp>

<comp id="36" class="1001" name="const_36">
<pin_list>
<pin id="37" dir="1" index="0" bw="1" slack="2147483647"/>
</pin_list>
<bind>
<StgValue><ssdm name=""/></StgValue>
</bind>
</comp>

<comp id="38" class="1001" name="const_38">
<pin_list>
<pin id="39" dir="1" index="0" bw="1" slack="2147483647"/>
</pin_list>
<bind>
<StgValue><ssdm name="_ssdm_op_SpecLoopName"/></StgValue>
</bind>
</comp>

<comp id="40" class="1001" name="const_40">
<pin_list>
<pin id="41" dir="1" index="0" bw="1" slack="2147483647"/>
</pin_list>
<bind>
<StgValue><ssdm name="empty_4"/></StgValue>
</bind>
</comp>

<comp id="42" class="1001" name="const_42">
<pin_list>
<pin id="43" dir="1" index="0" bw="1" slack="0"/>
</pin_list>
<bind>
<StgValue><ssdm name="_ssdm_op_SparseMux.ap_auto.3i32.i32.i2"/></StgValue>
</bind>
</comp>

<comp id="44" class="1001" name="const_44">
<pin_list>
<pin id="45" dir="1" index="0" bw="1" slack="0"/>
</pin_list>
<bind>
<StgValue><ssdm name=""/></StgValue>
</bind>
</comp>

<comp id="46" class="1001" name="const_46">
<pin_list>
<pin id="47" dir="1" index="0" bw="1" slack="0"/>
</pin_list>
<bind>
<StgValue><ssdm name=""/></StgValue>
</bind>
</comp>

<comp id="48" class="1001" name="const_48">
<pin_list>
<pin id="49" dir="1" index="0" bw="1" slack="0"/>
</pin_list>
<bind>
<StgValue><ssdm name=""/></StgValue>
</bind>
</comp>

<comp id="50" class="1001" name="const_50">
<pin_list>
<pin id="51" dir="1" index="0" bw="1" slack="0"/>
</pin_list>
<bind>
<StgValue><ssdm name=""/></StgValue>
</bind>
</comp>

<comp id="52" class="1001" name="const_52">
<pin_list>
<pin id="53" dir="1" index="0" bw="1" slack="0"/>
</pin_list>
<bind>
<StgValue><ssdm name=""/></StgValue>
</bind>
</comp>

<comp id="54" class="1001" name="const_54">
<pin_list>
<pin id="55" dir="1" index="0" bw="1" slack="0"/>
</pin_list>
<bind>
<StgValue><ssdm name=""/></StgValue>
</bind>
</comp>

<comp id="56" class="1001" name="const_56">
<pin_list>
<pin id="57" dir="1" index="0" bw="1" slack="0"/>
</pin_list>
<bind>
<StgValue><ssdm name="_ssdm_op_BitSelect.i1.i32.i32"/></StgValue>
</bind>
</comp>

<comp id="58" class="1001" name="const_58">
<pin_list>
<pin id="59" dir="1" index="0" bw="1" slack="0"/>
</pin_list>
<bind>
<StgValue><ssdm name=""/></StgValue>
</bind>
</comp>

<comp id="60" class="1001" name="const_60">
<pin_list>
<pin id="61" dir="1" index="0" bw="1" slack="0"/>
</pin_list>
<bind>
<StgValue><ssdm name="_ssdm_op_PartSelect.i31.i65.i32.i32"/></StgValue>
</bind>
</comp>

<comp id="62" class="1001" name="const_62">
<pin_list>
<pin id="63" dir="1" index="0" bw="1" slack="0"/>
</pin_list>
<bind>
<StgValue><ssdm name=""/></StgValue>
</bind>
</comp>

<comp id="64" class="1001" name="const_64">
<pin_list>
<pin id="65" dir="1" index="0" bw="1" slack="0"/>
</pin_list>
<bind>
<StgValue><ssdm name=""/></StgValue>
</bind>
</comp>

<comp id="66" class="1001" name="const_66">
<pin_list>
<pin id="67" dir="1" index="0" bw="1" slack="0"/>
</pin_list>
<bind>
<StgValue><ssdm name=""/></StgValue>
</bind>
</comp>

<comp id="68" class="1004" name="i_fu_68">
<pin_list>
<pin id="69" dir="0" index="0" bw="1" slack="0"/>
<pin id="70" dir="1" index="1" bw="5" slack="0"/>
</pin_list>
<bind>
<opcode="alloca(26) " fcode="alloca"/>
<opset="i/1 "/>
</bind>
</comp>

<comp id="72" class="1004" name="in_c_0_addr_gep_fu_72">
<pin_list>
<pin id="73" dir="0" index="0" bw="32" slack="0"/>
<pin id="74" dir="0" index="1" bw="1" slack="0"/>
<pin id="75" dir="0" index="2" bw="4" slack="0"/>
<pin id="76" dir="1" index="3" bw="4" slack="0"/>
</pin_list>
<bind>
<opcode="getelementptr(29) " fcode="getelementptr"/>
<opset="in_c_0_addr/10 "/>
</bind>
</comp>

<comp id="79" class="1004" name="in_c_1_addr_gep_fu_79">
<pin_list>
<pin id="80" dir="0" index="0" bw="32" slack="0"/>
<pin id="81" dir="0" index="1" bw="1" slack="0"/>
<pin id="82" dir="0" index="2" bw="4" slack="0"/>
<pin id="83" dir="1" index="3" bw="4" slack="0"/>
</pin_list>
<bind>
<opcode="getelementptr(29) " fcode="getelementptr"/>
<opset="in_c_1_addr/10 "/>
</bind>
</comp>

<comp id="86" class="1004" name="in_c_2_addr_gep_fu_86">
<pin_list>
<pin id="87" dir="0" index="0" bw="32" slack="0"/>
<pin id="88" dir="0" index="1" bw="1" slack="0"/>
<pin id="89" dir="0" index="2" bw="4" slack="0"/>
<pin id="90" dir="1" index="3" bw="4" slack="0"/>
</pin_list>
<bind>
<opcode="getelementptr(29) " fcode="getelementptr"/>
<opset="in_c_2_addr/10 "/>
</bind>
</comp>

<comp id="93" class="1004" name="grp_access_fu_93">
<pin_list>
<pin id="94" dir="0" index="0" bw="4" slack="0"/>
<pin id="95" dir="0" index="1" bw="32" slack="2147483647"/>
<pin id="96" dir="0" index="2" bw="0" slack="2147483647"/>
<pin id="97" dir="1" index="3" bw="32" slack="0"/>
</pin_list>
<bind>
<opcode="load(27) " fcode="load"/>
<opset="in_c_0_load/10 in_c_0_load_1/10 in_c_0_load_2/10 "/>
</bind>
</comp>

<comp id="99" class="1004" name="grp_access_fu_99">
<pin_list>
<pin id="100" dir="0" index="0" bw="4" slack="0"/>
<pin id="101" dir="0" index="1" bw="32" slack="2147483647"/>
<pin id="102" dir="0" index="2" bw="0" slack="2147483647"/>
<pin id="103" dir="1" index="3" bw="32" slack="0"/>
</pin_list>
<bind>
<opcode="load(27) " fcode="load"/>
<opset="in_c_1_load/10 in_c_1_load_1/10 in_c_1_load_2/10 "/>
</bind>
</comp>

<comp id="105" class="1004" name="grp_access_fu_105">
<pin_list>
<pin id="106" dir="0" index="0" bw="4" slack="0"/>
<pin id="107" dir="0" index="1" bw="32" slack="2147483647"/>
<pin id="108" dir="0" index="2" bw="0" slack="2147483647"/>
<pin id="109" dir="1" index="3" bw="32" slack="0"/>
</pin_list>
<bind>
<opcode="load(27) " fcode="load"/>
<opset="in_c_2_load/10 in_c_2_load_1/10 in_c_2_load_2/10 "/>
</bind>
</comp>

<comp id="111" class="1004" name="in_c_0_addr_1_gep_fu_111">
<pin_list>
<pin id="112" dir="0" index="0" bw="32" slack="0"/>
<pin id="113" dir="0" index="1" bw="1" slack="0"/>
<pin id="114" dir="0" index="2" bw="4" slack="0"/>
<pin id="115" dir="1" index="3" bw="4" slack="0"/>
</pin_list>
<bind>
<opcode="getelementptr(29) " fcode="getelementptr"/>
<opset="in_c_0_addr_1/10 "/>
</bind>
</comp>

<comp id="118" class="1004" name="in_c_1_addr_1_gep_fu_118">
<pin_list>
<pin id="119" dir="0" index="0" bw="32" slack="0"/>
<pin id="120" dir="0" index="1" bw="1" slack="0"/>
<pin id="121" dir="0" index="2" bw="4" slack="0"/>
<pin id="122" dir="1" index="3" bw="4" slack="0"/>
</pin_list>
<bind>
<opcode="getelementptr(29) " fcode="getelementptr"/>
<opset="in_c_1_addr_1/10 "/>
</bind>
</comp>

<comp id="125" class="1004" name="in_c_2_addr_1_gep_fu_125">
<pin_list>
<pin id="126" dir="0" index="0" bw="32" slack="0"/>
<pin id="127" dir="0" index="1" bw="1" slack="0"/>
<pin id="128" dir="0" index="2" bw="4" slack="0"/>
<pin id="129" dir="1" index="3" bw="4" slack="0"/>
</pin_list>
<bind>
<opcode="getelementptr(29) " fcode="getelementptr"/>
<opset="in_c_2_addr_1/10 "/>
</bind>
</comp>

<comp id="135" class="1004" name="in_c_0_addr_2_gep_fu_135">
<pin_list>
<pin id="136" dir="0" index="0" bw="32" slack="0"/>
<pin id="137" dir="0" index="1" bw="1" slack="0"/>
<pin id="138" dir="0" index="2" bw="4" slack="0"/>
<pin id="139" dir="1" index="3" bw="4" slack="0"/>
</pin_list>
<bind>
<opcode="getelementptr(29) " fcode="getelementptr"/>
<opset="in_c_0_addr_2/10 "/>
</bind>
</comp>

<comp id="142" class="1004" name="in_c_1_addr_2_gep_fu_142">
<pin_list>
<pin id="143" dir="0" index="0" bw="32" slack="0"/>
<pin id="144" dir="0" index="1" bw="1" slack="0"/>
<pin id="145" dir="0" index="2" bw="4" slack="0"/>
<pin id="146" dir="1" index="3" bw="4" slack="0"/>
</pin_list>
<bind>
<opcode="getelementptr(29) " fcode="getelementptr"/>
<opset="in_c_1_addr_2/10 "/>
</bind>
</comp>

<comp id="149" class="1004" name="in_c_2_addr_2_gep_fu_149">
<pin_list>
<pin id="150" dir="0" index="0" bw="32" slack="0"/>
<pin id="151" dir="0" index="1" bw="1" slack="0"/>
<pin id="152" dir="0" index="2" bw="4" slack="0"/>
<pin id="153" dir="1" index="3" bw="4" slack="0"/>
</pin_list>
<bind>
<opcode="getelementptr(29) " fcode="getelementptr"/>
<opset="in_c_2_addr_2/10 "/>
</bind>
</comp>

<comp id="159" class="1004" name="out_c_addr_gep_fu_159">
<pin_list>
<pin id="160" dir="0" index="0" bw="31" slack="0"/>
<pin id="161" dir="0" index="1" bw="1" slack="0"/>
<pin id="162" dir="0" index="2" bw="5" slack="0"/>
<pin id="163" dir="1" index="3" bw="5" slack="0"/>
</pin_list>
<bind>
<opcode="getelementptr(29) " fcode="getelementptr"/>
<opset="out_c_addr/11 "/>
</bind>
</comp>

<comp id="166" class="1004" name="store_ln16_access_fu_166">
<pin_list>
<pin id="167" dir="0" index="0" bw="5" slack="0"/>
<pin id="168" dir="0" index="1" bw="31" slack="0"/>
<pin id="169" dir="0" index="2" bw="0" slack="2147483647"/>
<pin id="170" dir="1" index="3" bw="31" slack="2147483647"/>
</pin_list>
<bind>
<opcode="store(28) " fcode="store"/>
<opset="store_ln16/11 "/>
</bind>
</comp>

<comp id="172" class="1004" name="mul_ln16_2_fu_172">
<pin_list>
<pin id="173" dir="0" index="0" bw="32" slack="0"/>
<pin id="174" dir="0" index="1" bw="34" slack="0"/>
<pin id="175" dir="1" index="2" bw="65" slack="0"/>
</pin_list>
<bind>
<opcode="mul(12) " fcode="mul"/>
<opset="mul_ln16_2/11 "/>
</bind>
</comp>

<comp id="177" class="1004" name="store_ln14_store_fu_177">
<pin_list>
<pin id="178" dir="0" index="0" bw="1" slack="0"/>
<pin id="179" dir="0" index="1" bw="5" slack="0"/>
<pin id="180" dir="1" index="2" bw="0" slack="2147483647"/>
</pin_list>
<bind>
<opcode="store(28) " fcode="store"/>
<opset="store_ln14/1 "/>
</bind>
</comp>

<comp id="182" class="1004" name="i_3_load_fu_182">
<pin_list>
<pin id="183" dir="0" index="0" bw="5" slack="0"/>
<pin id="184" dir="1" index="1" bw="5" slack="0"/>
</pin_list>
<bind>
<opcode="load(27) " fcode="load"/>
<opset="i_3/1 "/>
</bind>
</comp>

<comp id="185" class="1004" name="icmp_ln14_fu_185">
<pin_list>
<pin id="186" dir="0" index="0" bw="5" slack="0"/>
<pin id="187" dir="0" index="1" bw="3" slack="0"/>
<pin id="188" dir="1" index="2" bw="1" slack="9"/>
</pin_list>
<bind>
<opcode="icmp(45) " fcode="icmp"/>
<opset="icmp_ln14/1 "/>
</bind>
</comp>

<comp id="191" class="1004" name="grp_fu_191">
<pin_list>
<pin id="192" dir="0" index="0" bw="5" slack="0"/>
<pin id="193" dir="0" index="1" bw="3" slack="0"/>
<pin id="194" dir="1" index="2" bw="2" slack="0"/>
</pin_list>
<bind>
<opcode="urem(17) " fcode="urem"/>
<opset="urem_ln14/1 "/>
</bind>
</comp>

<comp id="197" class="1004" name="add_ln16_1_fu_197">
<pin_list>
<pin id="198" dir="0" index="0" bw="5" slack="0"/>
<pin id="199" dir="0" index="1" bw="1" slack="0"/>
<pin id="200" dir="1" index="2" bw="5" slack="0"/>
</pin_list>
<bind>
<opcode="add(8) " fcode="add"/>
<opset="add_ln16_1/1 "/>
</bind>
</comp>

<comp id="203" class="1004" name="zext_ln16_3_fu_203">
<pin_list>
<pin id="204" dir="0" index="0" bw="5" slack="0"/>
<pin id="205" dir="1" index="1" bw="11" slack="0"/>
</pin_list>
<bind>
<opcode="zext(34) " fcode="zext"/>
<opset="zext_ln16_3/1 "/>
</bind>
</comp>

<comp id="207" class="1004" name="mul_ln16_1_fu_207">
<pin_list>
<pin id="208" dir="0" index="0" bw="5" slack="0"/>
<pin id="209" dir="0" index="1" bw="7" slack="0"/>
<pin id="210" dir="1" index="2" bw="11" slack="0"/>
</pin_list>
<bind>
<opcode="mul(12) " fcode="mul"/>
<opset="mul_ln16_1/1 "/>
</bind>
</comp>

<comp id="213" class="1004" name="tmp_5_fu_213">
<pin_list>
<pin id="214" dir="0" index="0" bw="4" slack="0"/>
<pin id="215" dir="0" index="1" bw="11" slack="0"/>
<pin id="216" dir="0" index="2" bw="4" slack="0"/>
<pin id="217" dir="0" index="3" bw="5" slack="0"/>
<pin id="218" dir="1" index="4" bw="4" slack="9"/>
</pin_list>
<bind>
<opcode="partselect(1002) " fcode="partselect"/>
<opset="tmp_5/1 "/>
</bind>
</comp>

<comp id="223" class="1004" name="store_ln14_store_fu_223">
<pin_list>
<pin id="224" dir="0" index="0" bw="5" slack="0"/>
<pin id="225" dir="0" index="1" bw="5" slack="0"/>
<pin id="226" dir="1" index="2" bw="0" slack="2147483647"/>
</pin_list>
<bind>
<opcode="store(28) " fcode="store"/>
<opset="store_ln14/1 "/>
</bind>
</comp>

<comp id="228" class="1004" name="trunc_ln14_fu_228">
<pin_list>
<pin id="229" dir="0" index="0" bw="2" slack="0"/>
<pin id="230" dir="1" index="1" bw="2" slack="1"/>
</pin_list>
<bind>
<opcode="trunc(33) " fcode="trunc"/>
<opset="trunc_ln14/9 "/>
</bind>
</comp>

<comp id="232" class="1004" name="zext_ln14_2_fu_232">
<pin_list>
<pin id="233" dir="0" index="0" bw="5" slack="9"/>
<pin id="234" dir="1" index="1" bw="11" slack="0"/>
</pin_list>
<bind>
<opcode="zext(34) " fcode="zext"/>
<opset="zext_ln14_2/10 "/>
</bind>
</comp>

<comp id="235" class="1004" name="mul_ln14_fu_235">
<pin_list>
<pin id="236" dir="0" index="0" bw="5" slack="0"/>
<pin id="237" dir="0" index="1" bw="7" slack="0"/>
<pin id="238" dir="1" index="2" bw="11" slack="0"/>
</pin_list>
<bind>
<opcode="mul(12) " fcode="mul"/>
<opset="mul_ln14/10 "/>
</bind>
</comp>

<comp id="241" class="1004" name="tmp_3_fu_241">
<pin_list>
<pin id="242" dir="0" index="0" bw="4" slack="0"/>
<pin id="243" dir="0" index="1" bw="11" slack="0"/>
<pin id="244" dir="0" index="2" bw="4" slack="0"/>
<pin id="245" dir="0" index="3" bw="5" slack="0"/>
<pin id="246" dir="1" index="4" bw="4" slack="0"/>
</pin_list>
<bind>
<opcode="partselect(1002) " fcode="partselect"/>
<opset="tmp_3/10 "/>
</bind>
</comp>

<comp id="251" class="1004" name="zext_ln14_1_fu_251">
<pin_list>
<pin id="252" dir="0" index="0" bw="4" slack="0"/>
<pin id="253" dir="1" index="1" bw="64" slack="0"/>
</pin_list>
<bind>
<opcode="zext(34) " fcode="zext"/>
<opset="zext_ln14_1/10 "/>
</bind>
</comp>

<comp id="258" class="1004" name="add_ln16_fu_258">
<pin_list>
<pin id="259" dir="0" index="0" bw="5" slack="9"/>
<pin id="260" dir="0" index="1" bw="1" slack="0"/>
<pin id="261" dir="1" index="2" bw="5" slack="0"/>
</pin_list>
<bind>
<opcode="add(8) " fcode="add"/>
<opset="add_ln16/10 "/>
</bind>
</comp>

<comp id="263" class="1004" name="zext_ln16_2_fu_263">
<pin_list>
<pin id="264" dir="0" index="0" bw="5" slack="0"/>
<pin id="265" dir="1" index="1" bw="11" slack="0"/>
</pin_list>
<bind>
<opcode="zext(34) " fcode="zext"/>
<opset="zext_ln16_2/10 "/>
</bind>
</comp>

<comp id="267" class="1004" name="mul_ln16_fu_267">
<pin_list>
<pin id="268" dir="0" index="0" bw="5" slack="0"/>
<pin id="269" dir="0" index="1" bw="7" slack="0"/>
<pin id="270" dir="1" index="2" bw="11" slack="0"/>
</pin_list>
<bind>
<opcode="mul(12) " fcode="mul"/>
<opset="mul_ln16/10 "/>
</bind>
</comp>

<comp id="273" class="1004" name="tmp_4_fu_273">
<pin_list>
<pin id="274" dir="0" index="0" bw="4" slack="0"/>
<pin id="275" dir="0" index="1" bw="11" slack="0"/>
<pin id="276" dir="0" index="2" bw="4" slack="0"/>
<pin id="277" dir="0" index="3" bw="5" slack="0"/>
<pin id="278" dir="1" index="4" bw="4" slack="0"/>
</pin_list>
<bind>
<opcode="partselect(1002) " fcode="partselect"/>
<opset="tmp_4/10 "/>
</bind>
</comp>

<comp id="283" class="1004" name="zext_ln16_fu_283">
<pin_list>
<pin id="284" dir="0" index="0" bw="4" slack="0"/>
<pin id="285" dir="1" index="1" bw="64" slack="0"/>
</pin_list>
<bind>
<opcode="zext(34) " fcode="zext"/>
<opset="zext_ln16/10 "/>
</bind>
</comp>

<comp id="290" class="1004" name="zext_ln16_1_fu_290">
<pin_list>
<pin id="291" dir="0" index="0" bw="4" slack="9"/>
<pin id="292" dir="1" index="1" bw="64" slack="0"/>
</pin_list>
<bind>
<opcode="zext(34) " fcode="zext"/>
<opset="zext_ln16_1/10 "/>
</bind>
</comp>

<comp id="296" class="1004" name="zext_ln14_fu_296">
<pin_list>
<pin id="297" dir="0" index="0" bw="5" slack="10"/>
<pin id="298" dir="1" index="1" bw="64" slack="0"/>
</pin_list>
<bind>
<opcode="zext(34) " fcode="zext"/>
<opset="zext_ln14/11 "/>
</bind>
</comp>

<comp id="300" class="1004" name="tmp_fu_300">
<pin_list>
<pin id="301" dir="0" index="0" bw="32" slack="0"/>
<pin id="302" dir="0" index="1" bw="2" slack="0"/>
<pin id="303" dir="0" index="2" bw="32" slack="0"/>
<pin id="304" dir="0" index="3" bw="2" slack="0"/>
<pin id="305" dir="0" index="4" bw="32" slack="0"/>
<pin id="306" dir="0" index="5" bw="2" slack="0"/>
<pin id="307" dir="0" index="6" bw="32" slack="0"/>
<pin id="308" dir="0" index="7" bw="32" slack="0"/>
<pin id="309" dir="0" index="8" bw="2" slack="2"/>
<pin id="310" dir="1" index="9" bw="32" slack="0"/>
</pin_list>
<bind>
<opcode="sparsemux(1197) " fcode="sparsemux"/>
<opset="tmp/11 "/>
</bind>
</comp>

<comp id="319" class="1004" name="tmp_1_fu_319">
<pin_list>
<pin id="320" dir="0" index="0" bw="32" slack="0"/>
<pin id="321" dir="0" index="1" bw="2" slack="0"/>
<pin id="322" dir="0" index="2" bw="32" slack="0"/>
<pin id="323" dir="0" index="3" bw="2" slack="0"/>
<pin id="324" dir="0" index="4" bw="32" slack="0"/>
<pin id="325" dir="0" index="5" bw="2" slack="0"/>
<pin id="326" dir="0" index="6" bw="32" slack="0"/>
<pin id="327" dir="0" index="7" bw="32" slack="0"/>
<pin id="328" dir="0" index="8" bw="2" slack="2"/>
<pin id="329" dir="1" index="9" bw="32" slack="0"/>
</pin_list>
<bind>
<opcode="sparsemux(1197) " fcode="sparsemux"/>
<opset="tmp_1/11 "/>
</bind>
</comp>

<comp id="338" class="1004" name="tmp_2_fu_338">
<pin_list>
<pin id="339" dir="0" index="0" bw="32" slack="0"/>
<pin id="340" dir="0" index="1" bw="2" slack="0"/>
<pin id="341" dir="0" index="2" bw="32" slack="0"/>
<pin id="342" dir="0" index="3" bw="2" slack="0"/>
<pin id="343" dir="0" index="4" bw="32" slack="0"/>
<pin id="344" dir="0" index="5" bw="2" slack="0"/>
<pin id="345" dir="0" index="6" bw="32" slack="0"/>
<pin id="346" dir="0" index="7" bw="32" slack="0"/>
<pin id="347" dir="0" index="8" bw="2" slack="2"/>
<pin id="348" dir="1" index="9" bw="32" slack="0"/>
</pin_list>
<bind>
<opcode="sparsemux(1197) " fcode="sparsemux"/>
<opset="tmp_2/11 "/>
</bind>
</comp>

<comp id="357" class="1004" name="add_ln16_2_fu_357">
<pin_list>
<pin id="358" dir="0" index="0" bw="32" slack="0"/>
<pin id="359" dir="0" index="1" bw="32" slack="0"/>
<pin id="360" dir="1" index="2" bw="32" slack="0"/>
</pin_list>
<bind>
<opcode="add(8) " fcode="add"/>
<opset="add_ln16_2/11 "/>
</bind>
</comp>

<comp id="363" class="1004" name="add_ln16_3_fu_363">
<pin_list>
<pin id="364" dir="0" index="0" bw="32" slack="0"/>
<pin id="365" dir="0" index="1" bw="32" slack="0"/>
<pin id="366" dir="1" index="2" bw="32" slack="0"/>
</pin_list>
<bind>
<opcode="add(8) " fcode="add"/>
<opset="add_ln16_3/11 "/>
</bind>
</comp>

<comp id="369" class="1004" name="sext_ln16_fu_369">
<pin_list>
<pin id="370" dir="0" index="0" bw="32" slack="0"/>
<pin id="371" dir="1" index="1" bw="65" slack="0"/>
</pin_list>
<bind>
<opcode="sext(35) " fcode="sext"/>
<opset="sext_ln16/11 "/>
</bind>
</comp>

<comp id="374" class="1004" name="sub_ln16_fu_374">
<pin_list>
<pin id="375" dir="0" index="0" bw="1" slack="0"/>
<pin id="376" dir="0" index="1" bw="65" slack="0"/>
<pin id="377" dir="1" index="2" bw="65" slack="0"/>
</pin_list>
<bind>
<opcode="sub(10) " fcode="sub"/>
<opset="sub_ln16/11 "/>
</bind>
</comp>

<comp id="380" class="1004" name="tmp_6_fu_380">
<pin_list>
<pin id="381" dir="0" index="0" bw="1" slack="0"/>
<pin id="382" dir="0" index="1" bw="32" slack="0"/>
<pin id="383" dir="0" index="2" bw="6" slack="0"/>
<pin id="384" dir="1" index="3" bw="1" slack="0"/>
</pin_list>
<bind>
<opcode="bitselect(1000) " fcode="bitselect"/>
<opset="tmp_6/11 "/>
</bind>
</comp>

<comp id="388" class="1004" name="tmp_3_cast_fu_388">
<pin_list>
<pin id="389" dir="0" index="0" bw="31" slack="0"/>
<pin id="390" dir="0" index="1" bw="65" slack="0"/>
<pin id="391" dir="0" index="2" bw="7" slack="0"/>
<pin id="392" dir="0" index="3" bw="8" slack="0"/>
<pin id="393" dir="1" index="4" bw="31" slack="0"/>
</pin_list>
<bind>
<opcode="partselect(1002) " fcode="partselect"/>
<opset="tmp_3_cast/11 "/>
</bind>
</comp>

<comp id="398" class="1004" name="tmp_4_cast_fu_398">
<pin_list>
<pin id="399" dir="0" index="0" bw="31" slack="0"/>
<pin id="400" dir="0" index="1" bw="65" slack="0"/>
<pin id="401" dir="0" index="2" bw="7" slack="0"/>
<pin id="402" dir="0" index="3" bw="8" slack="0"/>
<pin id="403" dir="1" index="4" bw="31" slack="0"/>
</pin_list>
<bind>
<opcode="partselect(1002) " fcode="partselect"/>
<opset="tmp_4_cast/11 "/>
</bind>
</comp>

<comp id="408" class="1004" name="select_ln16_fu_408">
<pin_list>
<pin id="409" dir="0" index="0" bw="1" slack="0"/>
<pin id="410" dir="0" index="1" bw="31" slack="0"/>
<pin id="411" dir="0" index="2" bw="31" slack="0"/>
<pin id="412" dir="1" index="3" bw="31" slack="0"/>
</pin_list>
<bind>
<opcode="select(49) " fcode="select"/>
<opset="select_ln16/11 "/>
</bind>
</comp>

<comp id="416" class="1004" name="sub_ln16_1_fu_416">
<pin_list>
<pin id="417" dir="0" index="0" bw="1" slack="0"/>
<pin id="418" dir="0" index="1" bw="31" slack="0"/>
<pin id="419" dir="1" index="2" bw="31" slack="0"/>
</pin_list>
<bind>
<opcode="sub(10) " fcode="sub"/>
<opset="sub_ln16_1/11 "/>
</bind>
</comp>

<comp id="422" class="1004" name="select_ln16_1_fu_422">
<pin_list>
<pin id="423" dir="0" index="0" bw="1" slack="0"/>
<pin id="424" dir="0" index="1" bw="31" slack="0"/>
<pin id="425" dir="0" index="2" bw="31" slack="0"/>
<pin id="426" dir="1" index="3" bw="31" slack="0"/>
</pin_list>
<bind>
<opcode="select(49) " fcode="select"/>
<opset="select_ln16_1/11 "/>
</bind>
</comp>

<comp id="431" class="1005" name="i_reg_431">
<pin_list>
<pin id="432" dir="0" index="0" bw="5" slack="0"/>
<pin id="433" dir="1" index="1" bw="5" slack="0"/>
</pin_list>
<bind>
<opset="i "/>
</bind>
</comp>

<comp id="438" class="1005" name="i_3_reg_438">
<pin_list>
<pin id="439" dir="0" index="0" bw="5" slack="1"/>
<pin id="440" dir="1" index="1" bw="5" slack="1"/>
</pin_list>
<bind>
<opset="i_3 "/>
</bind>
</comp>

<comp id="446" class="1005" name="icmp_ln14_reg_446">
<pin_list>
<pin id="447" dir="0" index="0" bw="1" slack="9"/>
<pin id="448" dir="1" index="1" bw="1" slack="2147483647"/>
</pin_list>
<bind>
<opset="icmp_ln14 "/>
</bind>
</comp>

<comp id="450" class="1005" name="tmp_5_reg_450">
<pin_list>
<pin id="451" dir="0" index="0" bw="4" slack="9"/>
<pin id="452" dir="1" index="1" bw="4" slack="9"/>
</pin_list>
<bind>
<opset="tmp_5 "/>
</bind>
</comp>

<comp id="455" class="1005" name="trunc_ln14_reg_455">
<pin_list>
<pin id="456" dir="0" index="0" bw="2" slack="1"/>
<pin id="457" dir="1" index="1" bw="2" slack="2"/>
</pin_list>
<bind>
<opset="trunc_ln14 "/>
</bind>
</comp>

<comp id="462" class="1005" name="in_c_0_addr_reg_462">
<pin_list>
<pin id="463" dir="0" index="0" bw="4" slack="1"/>
<pin id="464" dir="1" index="1" bw="4" slack="1"/>
</pin_list>
<bind>
<opset="in_c_0_addr "/>
</bind>
</comp>

<comp id="467" class="1005" name="in_c_1_addr_reg_467">
<pin_list>
<pin id="468" dir="0" index="0" bw="4" slack="1"/>
<pin id="469" dir="1" index="1" bw="4" slack="1"/>
</pin_list>
<bind>
<opset="in_c_1_addr "/>
</bind>
</comp>

<comp id="472" class="1005" name="in_c_2_addr_reg_472">
<pin_list>
<pin id="473" dir="0" index="0" bw="4" slack="1"/>
<pin id="474" dir="1" index="1" bw="4" slack="1"/>
</pin_list>
<bind>
<opset="in_c_2_addr "/>
</bind>
</comp>

<comp id="477" class="1005" name="in_c_0_addr_1_reg_477">
<pin_list>
<pin id="478" dir="0" index="0" bw="4" slack="1"/>
<pin id="479" dir="1" index="1" bw="4" slack="1"/>
</pin_list>
<bind>
<opset="in_c_0_addr_1 "/>
</bind>
</comp>

<comp id="482" class="1005" name="in_c_1_addr_1_reg_482">
<pin_list>
<pin id="483" dir="0" index="0" bw="4" slack="1"/>
<pin id="484" dir="1" index="1" bw="4" slack="1"/>
</pin_list>
<bind>
<opset="in_c_1_addr_1 "/>
</bind>
</comp>

<comp id="487" class="1005" name="in_c_2_addr_1_reg_487">
<pin_list>
<pin id="488" dir="0" index="0" bw="4" slack="1"/>
<pin id="489" dir="1" index="1" bw="4" slack="1"/>
</pin_list>
<bind>
<opset="in_c_2_addr_1 "/>
</bind>
</comp>

<comp id="492" class="1005" name="in_c_0_addr_2_reg_492">
<pin_list>
<pin id="493" dir="0" index="0" bw="4" slack="1"/>
<pin id="494" dir="1" index="1" bw="4" slack="1"/>
</pin_list>
<bind>
<opset="in_c_0_addr_2 "/>
</bind>
</comp>

<comp id="497" class="1005" name="in_c_1_addr_2_reg_497">
<pin_list>
<pin id="498" dir="0" index="0" bw="4" slack="1"/>
<pin id="499" dir="1" index="1" bw="4" slack="1"/>
</pin_list>
<bind>
<opset="in_c_1_addr_2 "/>
</bind>
</comp>

<comp id="502" class="1005" name="in_c_2_addr_2_reg_502">
<pin_list>
<pin id="503" dir="0" index="0" bw="4" slack="1"/>
<pin id="504" dir="1" index="1" bw="4" slack="1"/>
</pin_list>
<bind>
<opset="in_c_2_addr_2 "/>
</bind>
</comp>

</comp_list>

<net_list>
<net id="71"><net_src comp="8" pin="0"/><net_sink comp="68" pin=0"/></net>

<net id="77"><net_src comp="0" pin="0"/><net_sink comp="72" pin=0"/></net>

<net id="78"><net_src comp="26" pin="0"/><net_sink comp="72" pin=1"/></net>

<net id="84"><net_src comp="2" pin="0"/><net_sink comp="79" pin=0"/></net>

<net id="85"><net_src comp="26" pin="0"/><net_sink comp="79" pin=1"/></net>

<net id="91"><net_src comp="4" pin="0"/><net_sink comp="86" pin=0"/></net>

<net id="92"><net_src comp="26" pin="0"/><net_sink comp="86" pin=1"/></net>

<net id="98"><net_src comp="72" pin="3"/><net_sink comp="93" pin=0"/></net>

<net id="104"><net_src comp="79" pin="3"/><net_sink comp="99" pin=0"/></net>

<net id="110"><net_src comp="86" pin="3"/><net_sink comp="105" pin=0"/></net>

<net id="116"><net_src comp="0" pin="0"/><net_sink comp="111" pin=0"/></net>

<net id="117"><net_src comp="26" pin="0"/><net_sink comp="111" pin=1"/></net>

<net id="123"><net_src comp="2" pin="0"/><net_sink comp="118" pin=0"/></net>

<net id="124"><net_src comp="26" pin="0"/><net_sink comp="118" pin=1"/></net>

<net id="130"><net_src comp="4" pin="0"/><net_sink comp="125" pin=0"/></net>

<net id="131"><net_src comp="26" pin="0"/><net_sink comp="125" pin=1"/></net>

<net id="132"><net_src comp="111" pin="3"/><net_sink comp="93" pin=0"/></net>

<net id="133"><net_src comp="118" pin="3"/><net_sink comp="99" pin=0"/></net>

<net id="134"><net_src comp="125" pin="3"/><net_sink comp="105" pin=0"/></net>

<net id="140"><net_src comp="0" pin="0"/><net_sink comp="135" pin=0"/></net>

<net id="141"><net_src comp="26" pin="0"/><net_sink comp="135" pin=1"/></net>

<net id="147"><net_src comp="2" pin="0"/><net_sink comp="142" pin=0"/></net>

<net id="148"><net_src comp="26" pin="0"/><net_sink comp="142" pin=1"/></net>

<net id="154"><net_src comp="4" pin="0"/><net_sink comp="149" pin=0"/></net>

<net id="155"><net_src comp="26" pin="0"/><net_sink comp="149" pin=1"/></net>

<net id="156"><net_src comp="135" pin="3"/><net_sink comp="93" pin=0"/></net>

<net id="157"><net_src comp="142" pin="3"/><net_sink comp="99" pin=0"/></net>

<net id="158"><net_src comp="149" pin="3"/><net_sink comp="105" pin=0"/></net>

<net id="164"><net_src comp="6" pin="0"/><net_sink comp="159" pin=0"/></net>

<net id="165"><net_src comp="26" pin="0"/><net_sink comp="159" pin=1"/></net>

<net id="171"><net_src comp="159" pin="3"/><net_sink comp="166" pin=0"/></net>

<net id="176"><net_src comp="52" pin="0"/><net_sink comp="172" pin=1"/></net>

<net id="181"><net_src comp="10" pin="0"/><net_sink comp="177" pin=0"/></net>

<net id="189"><net_src comp="182" pin="1"/><net_sink comp="185" pin=0"/></net>

<net id="190"><net_src comp="12" pin="0"/><net_sink comp="185" pin=1"/></net>

<net id="195"><net_src comp="182" pin="1"/><net_sink comp="191" pin=0"/></net>

<net id="196"><net_src comp="14" pin="0"/><net_sink comp="191" pin=1"/></net>

<net id="201"><net_src comp="182" pin="1"/><net_sink comp="197" pin=0"/></net>

<net id="202"><net_src comp="10" pin="0"/><net_sink comp="197" pin=1"/></net>

<net id="206"><net_src comp="197" pin="2"/><net_sink comp="203" pin=0"/></net>

<net id="211"><net_src comp="203" pin="1"/><net_sink comp="207" pin=0"/></net>

<net id="212"><net_src comp="16" pin="0"/><net_sink comp="207" pin=1"/></net>

<net id="219"><net_src comp="18" pin="0"/><net_sink comp="213" pin=0"/></net>

<net id="220"><net_src comp="207" pin="2"/><net_sink comp="213" pin=1"/></net>

<net id="221"><net_src comp="20" pin="0"/><net_sink comp="213" pin=2"/></net>

<net id="222"><net_src comp="22" pin="0"/><net_sink comp="213" pin=3"/></net>

<net id="227"><net_src comp="197" pin="2"/><net_sink comp="223" pin=0"/></net>

<net id="231"><net_src comp="191" pin="2"/><net_sink comp="228" pin=0"/></net>

<net id="239"><net_src comp="232" pin="1"/><net_sink comp="235" pin=0"/></net>

<net id="240"><net_src comp="16" pin="0"/><net_sink comp="235" pin=1"/></net>

<net id="247"><net_src comp="18" pin="0"/><net_sink comp="241" pin=0"/></net>

<net id="248"><net_src comp="235" pin="2"/><net_sink comp="241" pin=1"/></net>

<net id="249"><net_src comp="20" pin="0"/><net_sink comp="241" pin=2"/></net>

<net id="250"><net_src comp="22" pin="0"/><net_sink comp="241" pin=3"/></net>

<net id="254"><net_src comp="241" pin="4"/><net_sink comp="251" pin=0"/></net>

<net id="255"><net_src comp="251" pin="1"/><net_sink comp="111" pin=2"/></net>

<net id="256"><net_src comp="251" pin="1"/><net_sink comp="118" pin=2"/></net>

<net id="257"><net_src comp="251" pin="1"/><net_sink comp="125" pin=2"/></net>

<net id="262"><net_src comp="24" pin="0"/><net_sink comp="258" pin=1"/></net>

<net id="266"><net_src comp="258" pin="2"/><net_sink comp="263" pin=0"/></net>

<net id="271"><net_src comp="263" pin="1"/><net_sink comp="267" pin=0"/></net>

<net id="272"><net_src comp="16" pin="0"/><net_sink comp="267" pin=1"/></net>

<net id="279"><net_src comp="18" pin="0"/><net_sink comp="273" pin=0"/></net>

<net id="280"><net_src comp="267" pin="2"/><net_sink comp="273" pin=1"/></net>

<net id="281"><net_src comp="20" pin="0"/><net_sink comp="273" pin=2"/></net>

<net id="282"><net_src comp="22" pin="0"/><net_sink comp="273" pin=3"/></net>

<net id="286"><net_src comp="273" pin="4"/><net_sink comp="283" pin=0"/></net>

<net id="287"><net_src comp="283" pin="1"/><net_sink comp="72" pin=2"/></net>

<net id="288"><net_src comp="283" pin="1"/><net_sink comp="79" pin=2"/></net>

<net id="289"><net_src comp="283" pin="1"/><net_sink comp="86" pin=2"/></net>

<net id="293"><net_src comp="290" pin="1"/><net_sink comp="135" pin=2"/></net>

<net id="294"><net_src comp="290" pin="1"/><net_sink comp="142" pin=2"/></net>

<net id="295"><net_src comp="290" pin="1"/><net_sink comp="149" pin=2"/></net>

<net id="299"><net_src comp="296" pin="1"/><net_sink comp="159" pin=2"/></net>

<net id="311"><net_src comp="42" pin="0"/><net_sink comp="300" pin=0"/></net>

<net id="312"><net_src comp="44" pin="0"/><net_sink comp="300" pin=1"/></net>

<net id="313"><net_src comp="93" pin="3"/><net_sink comp="300" pin=2"/></net>

<net id="314"><net_src comp="46" pin="0"/><net_sink comp="300" pin=3"/></net>

<net id="315"><net_src comp="99" pin="3"/><net_sink comp="300" pin=4"/></net>

<net id="316"><net_src comp="48" pin="0"/><net_sink comp="300" pin=5"/></net>

<net id="317"><net_src comp="105" pin="3"/><net_sink comp="300" pin=6"/></net>

<net id="318"><net_src comp="50" pin="0"/><net_sink comp="300" pin=7"/></net>

<net id="330"><net_src comp="42" pin="0"/><net_sink comp="319" pin=0"/></net>

<net id="331"><net_src comp="48" pin="0"/><net_sink comp="319" pin=1"/></net>

<net id="332"><net_src comp="93" pin="3"/><net_sink comp="319" pin=2"/></net>

<net id="333"><net_src comp="44" pin="0"/><net_sink comp="319" pin=3"/></net>

<net id="334"><net_src comp="99" pin="3"/><net_sink comp="319" pin=4"/></net>

<net id="335"><net_src comp="46" pin="0"/><net_sink comp="319" pin=5"/></net>

<net id="336"><net_src comp="105" pin="3"/><net_sink comp="319" pin=6"/></net>

<net id="337"><net_src comp="50" pin="0"/><net_sink comp="319" pin=7"/></net>

<net id="349"><net_src comp="42" pin="0"/><net_sink comp="338" pin=0"/></net>

<net id="350"><net_src comp="46" pin="0"/><net_sink comp="338" pin=1"/></net>

<net id="351"><net_src comp="93" pin="3"/><net_sink comp="338" pin=2"/></net>

<net id="352"><net_src comp="48" pin="0"/><net_sink comp="338" pin=3"/></net>

<net id="353"><net_src comp="99" pin="3"/><net_sink comp="338" pin=4"/></net>

<net id="354"><net_src comp="44" pin="0"/><net_sink comp="338" pin=5"/></net>

<net id="355"><net_src comp="105" pin="3"/><net_sink comp="338" pin=6"/></net>

<net id="356"><net_src comp="50" pin="0"/><net_sink comp="338" pin=7"/></net>

<net id="361"><net_src comp="300" pin="9"/><net_sink comp="357" pin=0"/></net>

<net id="362"><net_src comp="338" pin="9"/><net_sink comp="357" pin=1"/></net>

<net id="367"><net_src comp="357" pin="2"/><net_sink comp="363" pin=0"/></net>

<net id="368"><net_src comp="319" pin="9"/><net_sink comp="363" pin=1"/></net>

<net id="372"><net_src comp="363" pin="2"/><net_sink comp="369" pin=0"/></net>

<net id="373"><net_src comp="369" pin="1"/><net_sink comp="172" pin=0"/></net>

<net id="378"><net_src comp="54" pin="0"/><net_sink comp="374" pin=0"/></net>

<net id="379"><net_src comp="172" pin="2"/><net_sink comp="374" pin=1"/></net>

<net id="385"><net_src comp="56" pin="0"/><net_sink comp="380" pin=0"/></net>

<net id="386"><net_src comp="363" pin="2"/><net_sink comp="380" pin=1"/></net>

<net id="387"><net_src comp="58" pin="0"/><net_sink comp="380" pin=2"/></net>

<net id="394"><net_src comp="60" pin="0"/><net_sink comp="388" pin=0"/></net>

<net id="395"><net_src comp="374" pin="2"/><net_sink comp="388" pin=1"/></net>

<net id="396"><net_src comp="62" pin="0"/><net_sink comp="388" pin=2"/></net>

<net id="397"><net_src comp="64" pin="0"/><net_sink comp="388" pin=3"/></net>

<net id="404"><net_src comp="60" pin="0"/><net_sink comp="398" pin=0"/></net>

<net id="405"><net_src comp="172" pin="2"/><net_sink comp="398" pin=1"/></net>

<net id="406"><net_src comp="62" pin="0"/><net_sink comp="398" pin=2"/></net>

<net id="407"><net_src comp="64" pin="0"/><net_sink comp="398" pin=3"/></net>

<net id="413"><net_src comp="380" pin="3"/><net_sink comp="408" pin=0"/></net>

<net id="414"><net_src comp="388" pin="4"/><net_sink comp="408" pin=1"/></net>

<net id="415"><net_src comp="398" pin="4"/><net_sink comp="408" pin=2"/></net>

<net id="420"><net_src comp="66" pin="0"/><net_sink comp="416" pin=0"/></net>

<net id="421"><net_src comp="408" pin="3"/><net_sink comp="416" pin=1"/></net>

<net id="427"><net_src comp="380" pin="3"/><net_sink comp="422" pin=0"/></net>

<net id="428"><net_src comp="416" pin="2"/><net_sink comp="422" pin=1"/></net>

<net id="429"><net_src comp="398" pin="4"/><net_sink comp="422" pin=2"/></net>

<net id="430"><net_src comp="422" pin="3"/><net_sink comp="166" pin=1"/></net>

<net id="434"><net_src comp="68" pin="1"/><net_sink comp="431" pin=0"/></net>

<net id="435"><net_src comp="431" pin="1"/><net_sink comp="177" pin=1"/></net>

<net id="436"><net_src comp="431" pin="1"/><net_sink comp="182" pin=0"/></net>

<net id="437"><net_src comp="431" pin="1"/><net_sink comp="223" pin=1"/></net>

<net id="441"><net_src comp="182" pin="1"/><net_sink comp="438" pin=0"/></net>

<net id="442"><net_src comp="438" pin="1"/><net_sink comp="191" pin=0"/></net>

<net id="443"><net_src comp="438" pin="1"/><net_sink comp="232" pin=0"/></net>

<net id="444"><net_src comp="438" pin="1"/><net_sink comp="258" pin=0"/></net>

<net id="445"><net_src comp="438" pin="1"/><net_sink comp="296" pin=0"/></net>

<net id="449"><net_src comp="185" pin="2"/><net_sink comp="446" pin=0"/></net>

<net id="453"><net_src comp="213" pin="4"/><net_sink comp="450" pin=0"/></net>

<net id="454"><net_src comp="450" pin="1"/><net_sink comp="290" pin=0"/></net>

<net id="458"><net_src comp="228" pin="1"/><net_sink comp="455" pin=0"/></net>

<net id="459"><net_src comp="455" pin="1"/><net_sink comp="300" pin=8"/></net>

<net id="460"><net_src comp="455" pin="1"/><net_sink comp="319" pin=8"/></net>

<net id="461"><net_src comp="455" pin="1"/><net_sink comp="338" pin=8"/></net>

<net id="465"><net_src comp="72" pin="3"/><net_sink comp="462" pin=0"/></net>

<net id="466"><net_src comp="462" pin="1"/><net_sink comp="93" pin=0"/></net>

<net id="470"><net_src comp="79" pin="3"/><net_sink comp="467" pin=0"/></net>

<net id="471"><net_src comp="467" pin="1"/><net_sink comp="99" pin=0"/></net>

<net id="475"><net_src comp="86" pin="3"/><net_sink comp="472" pin=0"/></net>

<net id="476"><net_src comp="472" pin="1"/><net_sink comp="105" pin=0"/></net>

<net id="480"><net_src comp="111" pin="3"/><net_sink comp="477" pin=0"/></net>

<net id="481"><net_src comp="477" pin="1"/><net_sink comp="93" pin=0"/></net>

<net id="485"><net_src comp="118" pin="3"/><net_sink comp="482" pin=0"/></net>

<net id="486"><net_src comp="482" pin="1"/><net_sink comp="99" pin=0"/></net>

<net id="490"><net_src comp="125" pin="3"/><net_sink comp="487" pin=0"/></net>

<net id="491"><net_src comp="487" pin="1"/><net_sink comp="105" pin=0"/></net>

<net id="495"><net_src comp="135" pin="3"/><net_sink comp="492" pin=0"/></net>

<net id="496"><net_src comp="492" pin="1"/><net_sink comp="93" pin=0"/></net>

<net id="500"><net_src comp="142" pin="3"/><net_sink comp="497" pin=0"/></net>

<net id="501"><net_src comp="497" pin="1"/><net_sink comp="99" pin=0"/></net>

<net id="505"><net_src comp="149" pin="3"/><net_sink comp="502" pin=0"/></net>

<net id="506"><net_src comp="502" pin="1"/><net_sink comp="105" pin=0"/></net>

</net_list>

</model> 
---------------- Datapath Model END ------------------

* FSMD analyzer results:
  - Output states:
	Port: out_c | {11 }
 - Input state : 
	Port: compute_blur : in_c_0 | {10 11 }
	Port: compute_blur : in_c_1 | {10 11 }
	Port: compute_blur : in_c_2 | {10 11 }
  - Chain level:
	State 1
		store_ln14 : 1
		i_3 : 1
		icmp_ln14 : 2
		br_ln14 : 3
		urem_ln14 : 2
		add_ln16_1 : 2
		zext_ln16_3 : 3
		mul_ln16_1 : 4
		tmp_5 : 5
		store_ln14 : 3
	State 2
	State 3
	State 4
	State 5
	State 6
	State 7
	State 8
	State 9
		trunc_ln14 : 1
	State 10
		mul_ln14 : 1
		tmp_3 : 2
		zext_ln14_1 : 3
		zext_ln16_2 : 1
		mul_ln16 : 2
		tmp_4 : 3
		zext_ln16 : 4
		in_c_0_addr : 5
		in_c_1_addr : 5
		in_c_2_addr : 5
		in_c_0_load : 6
		in_c_1_load : 6
		in_c_2_load : 6
		in_c_0_addr_1 : 4
		in_c_1_addr_1 : 4
		in_c_2_addr_1 : 4
		in_c_0_load_1 : 5
		in_c_1_load_1 : 5
		in_c_2_load_1 : 5
		in_c_0_addr_2 : 1
		in_c_1_addr_2 : 1
		in_c_2_addr_2 : 1
		in_c_0_load_2 : 2
		in_c_1_load_2 : 2
		in_c_2_load_2 : 2
	State 11
		tmp : 1
		tmp_1 : 1
		tmp_2 : 1
		add_ln16_2 : 2
		add_ln16_3 : 3
		sext_ln16 : 4
		mul_ln16_2 : 5
		sub_ln16 : 6
		tmp_6 : 4
		tmp_3_cast : 7
		tmp_4_cast : 6
		select_ln16 : 8
		sub_ln16_1 : 9
		select_ln16_1 : 10
		out_c_addr : 1
		store_ln16 : 11


============================================================
+ Verbose Summary: Datapath Resource usage 
============================================================

* Functional unit list:
|----------|----------------------|---------|---------|---------|
| Operation|    Functional Unit   |   DSP   |    FF   |   LUT   |
|----------|----------------------|---------|---------|---------|
|   urem   |      grp_fu_191      |    0    |    98   |    49   |
|----------|----------------------|---------|---------|---------|
|          |   mul_ln16_2_fu_172  |    4    |    0    |    22   |
|    mul   |   mul_ln16_1_fu_207  |    0    |    0    |    33   |
|          |    mul_ln14_fu_235   |    0    |    0    |    33   |
|          |    mul_ln16_fu_267   |    0    |    0    |    33   |
|----------|----------------------|---------|---------|---------|
|    sub   |    sub_ln16_fu_374   |    0    |    0    |    72   |
|          |   sub_ln16_1_fu_416  |    0    |    0    |    38   |
|----------|----------------------|---------|---------|---------|
|          |   add_ln16_1_fu_197  |    0    |    0    |    12   |
|    add   |    add_ln16_fu_258   |    0    |    0    |    12   |
|          |   add_ln16_2_fu_357  |    0    |    0    |    32   |
|          |   add_ln16_3_fu_363  |    0    |    0    |    32   |
|----------|----------------------|---------|---------|---------|
|  select  |  select_ln16_fu_408  |    0    |    0    |    31   |
|          | select_ln16_1_fu_422 |    0    |    0    |    31   |
|----------|----------------------|---------|---------|---------|
|          |      tmp_fu_300      |    0    |    0    |    9    |
| sparsemux|     tmp_1_fu_319     |    0    |    0    |    9    |
|          |     tmp_2_fu_338     |    0    |    0    |    9    |
|----------|----------------------|---------|---------|---------|
|   icmp   |   icmp_ln14_fu_185   |    0    |    0    |    12   |
|----------|----------------------|---------|---------|---------|
|          |  zext_ln16_3_fu_203  |    0    |    0    |    0    |
|          |  zext_ln14_2_fu_232  |    0    |    0    |    0    |
|          |  zext_ln14_1_fu_251  |    0    |    0    |    0    |
|   zext   |  zext_ln16_2_fu_263  |    0    |    0    |    0    |
|          |   zext_ln16_fu_283   |    0    |    0    |    0    |
|          |  zext_ln16_1_fu_290  |    0    |    0    |    0    |
|          |   zext_ln14_fu_296   |    0    |    0    |    0    |
|----------|----------------------|---------|---------|---------|
|          |     tmp_5_fu_213     |    0    |    0    |    0    |
|          |     tmp_3_fu_241     |    0    |    0    |    0    |
|partselect|     tmp_4_fu_273     |    0    |    0    |    0    |
|          |   tmp_3_cast_fu_388  |    0    |    0    |    0    |
|          |   tmp_4_cast_fu_398  |    0    |    0    |    0    |
|----------|----------------------|---------|---------|---------|
|   trunc  |   trunc_ln14_fu_228  |    0    |    0    |    0    |
|----------|----------------------|---------|---------|---------|
|   sext   |   sext_ln16_fu_369   |    0    |    0    |    0    |
|----------|----------------------|---------|---------|---------|
| bitselect|     tmp_6_fu_380     |    0    |    0    |    0    |
|----------|----------------------|---------|---------|---------|
|   Total  |                      |    4    |    98   |   469   |
|----------|----------------------|---------|---------|---------|

Memories:
N/A

* Register list:
+---------------------+--------+
|                     |   FF   |
+---------------------+--------+
|     i_3_reg_438     |    5   |
|      i_reg_431      |    5   |
|  icmp_ln14_reg_446  |    1   |
|in_c_0_addr_1_reg_477|    4   |
|in_c_0_addr_2_reg_492|    4   |
| in_c_0_addr_reg_462 |    4   |
|in_c_1_addr_1_reg_482|    4   |
|in_c_1_addr_2_reg_497|    4   |
| in_c_1_addr_reg_467 |    4   |
|in_c_2_addr_1_reg_487|    4   |
|in_c_2_addr_2_reg_502|    4   |
| in_c_2_addr_reg_472 |    4   |
|    tmp_5_reg_450    |    4   |
|  trunc_ln14_reg_455 |    2   |
+---------------------+--------+
|        Total        |   53   |
+---------------------+--------+

* Multiplexer (MUX) list: 
|-------------------|------|------|------|--------||---------||---------||---------|
|        Comp       |  Pin | Size |  BW  | S x BW ||  Delay  ||    FF   ||   LUT   |
|-------------------|------|------|------|--------||---------||---------||---------|
|  grp_access_fu_93 |  p0  |   6  |   4  |   24   ||    0    ||    31   |
|  grp_access_fu_99 |  p0  |   6  |   4  |   24   ||    0    ||    31   |
| grp_access_fu_105 |  p0  |   6  |   4  |   24   ||    0    ||    31   |
|     grp_fu_191    |  p0  |   2  |   5  |   10   ||    0    ||    9    |
|-------------------|------|------|------|--------||---------||---------||---------|
|       Total       |      |      |      |   82   || 1.94229 ||    0    ||   102   |
|-------------------|------|------|------|--------||---------||---------||---------|



* Summary:
+-----------+--------+--------+--------+--------+
|           |   DSP  |  Delay |   FF   |   LUT  |
+-----------+--------+--------+--------+--------+
|  Function |    4   |    -   |   98   |   469  |
|   Memory  |    -   |    -   |    -   |    -   |
|Multiplexer|    -   |    1   |    0   |   102  |
|  Register |    -   |    -   |   53   |    -   |
+-----------+--------+--------+--------+--------+
|   Total   |    4   |    1   |   151  |   571  |
+-----------+--------+--------+--------+--------+
