

================================================================
== Vitis HLS Report for 'write_data'
================================================================
* Date:           Sat May  9 10:28:39 2026

* Version:        2024.1 (Build 5069499 on May 21 2024)
* Project:        hw5_ex1_op_proj
* Solution:       solution1 (Vivado IP Flow Target)
* Product family: virtexuplus
* Target device:  xcvu13p-fsga2577-2-e


================================================================
== Performance Estimates
================================================================
+ Timing: 
    * Summary: 
    +--------+----------+----------+------------+
    |  Clock |  Target  | Estimated| Uncertainty|
    +--------+----------+----------+------------+
    |ap_clk  |  25.00 ns|  1.481 ns|     6.75 ns|
    +--------+----------+----------+------------+

+ Latency: 
    * Summary: 
    +---------+---------+----------+----------+-----+-----+-----------------------------------------------+
    |  Latency (cycles) |  Latency (absolute) |  Interval |                    Pipeline                   |
    |   min   |   max   |    min   |    max   | min | max |                      Type                     |
    +---------+---------+----------+----------+-----+-----+-----------------------------------------------+
    |       32|       32|  0.800 us|  0.800 us|   31|   31|  loop auto-rewind stp(delay=0 clock cycles(s))|
    +---------+---------+----------+----------+-----+-----+-----------------------------------------------+

    + Detail: 
        * Instance: 
        N/A

        * Loop: 
        +-------------------+---------+---------+----------+-----------+-----------+------+----------+
        |                   |  Latency (cycles) | Iteration|  Initiation Interval  | Trip |          |
        |     Loop Name     |   min   |   max   |  Latency |  achieved |   target  | Count| Pipelined|
        +-------------------+---------+---------+----------+-----------+-----------+------+----------+
        |- VITIS_LOOP_22_1  |       30|       30|         2|          1|          1|    30|       yes|
        +-------------------+---------+---------+----------+-----------+-----------+------+----------+

============================================================
+ Verbose Summary: Synthesis Manager
============================================================
InlineROM: 1
ExposeGlobal: 0
============================================================
+ Verbose Summary: CDFG Model
============================================================
IsTopModel: 0
ResetActiveHigh: 1
IsCombinational: 0
IsDatapathOnly: 0
HasWiredReturn: 1
HasMFsm: 2
HasVarLatency: 1
IsPipeline: 0
IsRtlPipelined: 0
IsInstanceOverlapped: 0
IsDontTouch: 0
HasImplIP: 0
IsGatedGlobalClock: 0

+ Individual pipeline summary: 
  * Pipeline-0: initiation interval (II) = 1, depth = 2


============================================================
+ Verbose Summary: Schedule
============================================================
* Number of FSM states : 2
* Pipeline : 1
  Pipeline-0 : II = 1, D = 2, States = { 1 2 }
* Dataflow Pipeline: 0

* FSM state transitions: 
1 --> 2 
2 --> 

* FSM state operations: 

State 1 <SV = 0> <Delay = 1.48>
ST_1 : Operation 5 [1/1] (0.00ns)   --->   "%i = alloca i32 1" [hw5_ex1_op.cpp:22]   --->   Operation 5 'alloca' 'i' <Predicate = true> <Delay = 0.00>
ST_1 : Operation 6 [1/1] (0.00ns)   --->   "%specinterface_ln0 = specinterface void @_ssdm_op_SpecInterface, i32 %B, void @empty, i32 0, i32 0, void @empty_0, i32 4294967295, i32 0, void @empty_0, void @empty_0, void @empty_0, i32 0, i32 0, i32 0, i32 0, void @empty_0, void @empty_0, i32 4294967295, i32 0, i32 0"   --->   Operation 6 'specinterface' 'specinterface_ln0' <Predicate = true> <Delay = 0.00>
ST_1 : Operation 7 [1/1] (0.38ns)   --->   "%store_ln22 = store i5 0, i5 %i" [hw5_ex1_op.cpp:22]   --->   Operation 7 'store' 'store_ln22' <Predicate = true> <Delay = 0.38>
ST_1 : Operation 8 [1/1] (0.00ns)   --->   "%br_ln22 = br void %for.inc" [hw5_ex1_op.cpp:22]   --->   Operation 8 'br' 'br_ln22' <Predicate = true> <Delay = 0.00>
ST_1 : Operation 9 [1/1] (0.00ns)   --->   "%i_1 = load i5 %i" [hw5_ex1_op.cpp:22]   --->   Operation 9 'load' 'i_1' <Predicate = true> <Delay = 0.00>
ST_1 : Operation 10 [1/1] (0.70ns)   --->   "%icmp_ln22 = icmp_eq  i5 %i_1, i5 30" [hw5_ex1_op.cpp:22]   --->   Operation 10 'icmp' 'icmp_ln22' <Predicate = true> <Delay = 0.70> <CoreInst = "Cmp">   --->   Core 9 'Cmp' <Latency = 0> <II = 1> <Delay = 0.70> <FuncUnit> <Opcode : 'seteq' 'setne' 'setle' 'setge' 'setlt' 'setgt'> <InPorts = 2> <OutPorts = 1>
ST_1 : Operation 11 [1/1] (0.70ns)   --->   "%add_ln22 = add i5 %i_1, i5 1" [hw5_ex1_op.cpp:22]   --->   Operation 11 'add' 'add_ln22' <Predicate = true> <Delay = 0.70> <CoreInst = "Adder">   --->   Core 1 'Adder' <Latency = 0> <II = 1> <Delay = 0.70> <FuncUnit> <Opcode : 'add' 'sub'> <InPorts = 2> <OutPorts = 1>
ST_1 : Operation 12 [1/1] (0.00ns)   --->   "%br_ln22 = br i1 %icmp_ln22, void %for.inc.split, void %for.end" [hw5_ex1_op.cpp:22]   --->   Operation 12 'br' 'br_ln22' <Predicate = true> <Delay = 0.00>
ST_1 : Operation 13 [1/1] (0.00ns)   --->   "%zext_ln22 = zext i5 %i_1" [hw5_ex1_op.cpp:22]   --->   Operation 13 'zext' 'zext_ln22' <Predicate = (!icmp_ln22)> <Delay = 0.00>
ST_1 : Operation 14 [1/1] (0.00ns)   --->   "%in_w_addr = getelementptr i31 %in_w, i64 0, i64 %zext_ln22" [hw5_ex1_op.cpp:24]   --->   Operation 14 'getelementptr' 'in_w_addr' <Predicate = (!icmp_ln22)> <Delay = 0.00>
ST_1 : Operation 15 [2/2] (0.69ns)   --->   "%in_w_load = load i5 %in_w_addr" [hw5_ex1_op.cpp:24]   --->   Operation 15 'load' 'in_w_load' <Predicate = (!icmp_ln22)> <Delay = 0.69> <CoreInst = "RAM">   --->   Core 82 'RAM' <Latency = 1> <II = 1> <Delay = 0.69> <Storage> <Opcode : 'load' 'store'> <Ports = 2> <Width = 31> <Depth = 30> <RAM>
ST_1 : Operation 16 [1/1] (0.38ns)   --->   "%store_ln22 = store i5 %add_ln22, i5 %i" [hw5_ex1_op.cpp:22]   --->   Operation 16 'store' 'store_ln22' <Predicate = (!icmp_ln22)> <Delay = 0.38>
ST_1 : Operation 25 [1/1] (0.38ns)   --->   "%ret_ln26 = ret" [hw5_ex1_op.cpp:26]   --->   Operation 25 'ret' 'ret_ln26' <Predicate = (icmp_ln22)> <Delay = 0.38>

State 2 <SV = 1> <Delay = 1.39>
ST_2 : Operation 17 [1/1] (0.00ns)   --->   "%specpipeline_ln23 = specpipeline void @_ssdm_op_SpecPipeline, i32 1, i32 0, i32 0, i32 0, void @empty_0" [hw5_ex1_op.cpp:23]   --->   Operation 17 'specpipeline' 'specpipeline_ln23' <Predicate = true> <Delay = 0.00>
ST_2 : Operation 18 [1/1] (0.00ns)   --->   "%speclooptripcount_ln22 = speclooptripcount void @_ssdm_op_SpecLoopTripCount, i64 30, i64 30, i64 30" [hw5_ex1_op.cpp:22]   --->   Operation 18 'speclooptripcount' 'speclooptripcount_ln22' <Predicate = true> <Delay = 0.00>
ST_2 : Operation 19 [1/1] (0.00ns)   --->   "%specloopname_ln22 = specloopname void @_ssdm_op_SpecLoopName, void @empty_2" [hw5_ex1_op.cpp:22]   --->   Operation 19 'specloopname' 'specloopname_ln22' <Predicate = true> <Delay = 0.00>
ST_2 : Operation 20 [1/2] (0.69ns)   --->   "%in_w_load = load i5 %in_w_addr" [hw5_ex1_op.cpp:24]   --->   Operation 20 'load' 'in_w_load' <Predicate = true> <Delay = 0.69> <CoreInst = "RAM">   --->   Core 82 'RAM' <Latency = 1> <II = 1> <Delay = 0.69> <Storage> <Opcode : 'load' 'store'> <Ports = 2> <Width = 31> <Depth = 30> <RAM>
ST_2 : Operation 21 [1/1] (0.00ns)   --->   "%sext_ln24 = sext i31 %in_w_load" [hw5_ex1_op.cpp:24]   --->   Operation 21 'sext' 'sext_ln24' <Predicate = true> <Delay = 0.00>
ST_2 : Operation 22 [1/1] (0.00ns)   --->   "%B_addr = getelementptr i32 %B, i64 0, i64 %zext_ln22" [hw5_ex1_op.cpp:24]   --->   Operation 22 'getelementptr' 'B_addr' <Predicate = true> <Delay = 0.00>
ST_2 : Operation 23 [1/1] (0.69ns)   --->   "%store_ln24 = store i32 %sext_ln24, i5 %B_addr" [hw5_ex1_op.cpp:24]   --->   Operation 23 'store' 'store_ln24' <Predicate = true> <Delay = 0.69> <CoreInst = "RAM">   --->   Core 82 'RAM' <Latency = 1> <II = 1> <Delay = 0.69> <Storage> <Opcode : 'load' 'store'> <Ports = 2> <Width = 32> <Depth = 30> <RAM>
ST_2 : Operation 24 [1/1] (0.00ns)   --->   "%br_ln22 = br void %for.inc" [hw5_ex1_op.cpp:22]   --->   Operation 24 'br' 'br_ln22' <Predicate = true> <Delay = 0.00>


============================================================
+ Verbose Summary: Timing violations
============================================================
Target clock period: 25.000ns, clock uncertainty: 6.750ns.

 <State 1>: 1.481ns
The critical path consists of the following:
	'store' operation 0 bit ('store_ln22', hw5_ex1_op.cpp:22) of constant 0 on local variable 'i', hw5_ex1_op.cpp:22 [5]  (0.387 ns)
	'load' operation 5 bit ('i', hw5_ex1_op.cpp:22) on local variable 'i', hw5_ex1_op.cpp:22 [8]  (0.000 ns)
	'add' operation 5 bit ('add_ln22', hw5_ex1_op.cpp:22) [10]  (0.707 ns)
	'store' operation 0 bit ('store_ln22', hw5_ex1_op.cpp:22) of variable 'add_ln22', hw5_ex1_op.cpp:22 on local variable 'i', hw5_ex1_op.cpp:22 [22]  (0.387 ns)

 <State 2>: 1.398ns
The critical path consists of the following:
	'load' operation 31 bit ('in_w_load', hw5_ex1_op.cpp:24) on array 'in_w' [18]  (0.699 ns)
	'store' operation 0 bit ('store_ln24', hw5_ex1_op.cpp:24) of variable 'sext_ln24', hw5_ex1_op.cpp:24 on array 'B' [21]  (0.699 ns)


============================================================
+ Verbose Summary: Binding
============================================================
N/A
* FSMD analyzer results:
  - Output states:
 - Input state : 
  - Chain level:
	State 1
	State 2


============================================================
+ Verbose Summary: Datapath Resource usage 
============================================================
N/A
