

================================================================
== Vitis HLS Report for 'matrix_mult_bram'
================================================================
* Date:           Sun May  3 14:48:09 2026

* Version:        2024.1 (Build 5069499 on May 21 2024)
* Project:        hw3_matrix_mult_bram
* Solution:       solution1 (Vivado IP Flow Target)
* Product family: virtexuplus
* Target device:  xcvu13p-fsga2577-2-e


================================================================
== Performance Estimates
================================================================
+ Timing: 
    * Summary: 
    +--------+----------+----------+------------+
    |  Clock |  Target  | Estimated| Uncertainty|
    +--------+----------+----------+------------+
    |ap_clk  |  25.00 ns|  6.030 ns|     6.75 ns|
    +--------+----------+----------+------------+

+ Latency: 
    * Summary: 
    +---------+---------+----------+----------+-----+-----+-----------------------------------------------+
    |  Latency (cycles) |  Latency (absolute) |  Interval |                    Pipeline                   |
    |   min   |   max   |    min   |    max   | min | max |                      Type                     |
    +---------+---------+----------+----------+-----+-----+-----------------------------------------------+
    |      110|      110|  2.750 us|  2.750 us|  108|  108|  loop auto-rewind stp(delay=0 clock cycles(s))|
    +---------+---------+----------+----------+-----+-----+-----------------------------------------------+

    + Detail: 
        * Instance: 
        N/A

        * Loop: 
        +-----------------------------------+---------+---------+----------+-----------+-----------+------+----------+
        |                                   |  Latency (cycles) | Iteration|  Initiation Interval  | Trip |          |
        |             Loop Name             |   min   |   max   |  Latency |  achieved |   target  | Count| Pipelined|
        +-----------------------------------+---------+---------+----------+-----------+-----------+------+----------+
        |- VITIS_LOOP_37_1_VITIS_LOOP_38_2  |      108|      108|         4|          3|          1|    36|       yes|
        +-----------------------------------+---------+---------+----------+-----------+-----------+------+----------+



================================================================
== Utilization Estimates
================================================================
* Summary: 
+---------------------+---------+-------+---------+---------+------+
|         Name        | BRAM_18K|  DSP  |    FF   |   LUT   | URAM |
+---------------------+---------+-------+---------+---------+------+
|DSP                  |        -|      -|        -|        -|     -|
|Expression           |        -|      -|        0|      364|     -|
|FIFO                 |        -|      -|        -|        -|     -|
|Instance             |        -|      6|        0|       40|     -|
|Memory               |        -|      -|        -|        -|     -|
|Multiplexer          |        -|      -|        0|      255|     -|
|Register             |        -|      -|      163|        -|     -|
+---------------------+---------+-------+---------+---------+------+
|Total                |        0|      6|      163|      659|     0|
+---------------------+---------+-------+---------+---------+------+
|Available SLR        |     1344|   3072|   864000|   432000|   320|
+---------------------+---------+-------+---------+---------+------+
|Utilization SLR (%)  |        0|     ~0|       ~0|       ~0|     0|
+---------------------+---------+-------+---------+---------+------+
|Available            |     5376|  12288|  3456000|  1728000|  1280|
+---------------------+---------+-------+---------+---------+------+
|Utilization (%)      |        0|     ~0|       ~0|       ~0|     0|
+---------------------+---------+-------+---------+---------+------+

+ Detail: 
    * Instance: 
    +-----------------------+--------------------+---------+----+---+----+-----+
    |        Instance       |       Module       | BRAM_18K| DSP| FF| LUT| URAM|
    +-----------------------+--------------------+---------+----+---+----+-----+
    |mul_32s_32s_32_1_1_U1  |mul_32s_32s_32_1_1  |        0|   3|  0|  20|    0|
    |mul_32s_32s_32_1_1_U2  |mul_32s_32s_32_1_1  |        0|   3|  0|  20|    0|
    +-----------------------+--------------------+---------+----+---+----+-----+
    |Total                  |                    |        0|   6|  0|  40|    0|
    +-----------------------+--------------------+---------+----+---+----+-----+

    * DSP: 
    N/A

    * Memory: 
    N/A

    * FIFO: 
    N/A

    * Expression: 
    +-----------------------+----------+----+---+----+------------+------------+
    |     Variable Name     | Operation| DSP| FF| LUT| Bitwidth P0| Bitwidth P1|
    +-----------------------+----------+----+---+----+------------+------------+
    |add_ln37_1_fu_480_p2   |         +|   0|  0|  13|           6|           1|
    |add_ln37_fu_266_p2     |         +|   0|  0|  10|           3|           1|
    |add_ln42_1_fu_512_p2   |         +|   0|  0|  32|          32|          32|
    |add_ln42_2_fu_516_p2   |         +|   0|  0|  32|          32|          32|
    |add_ln42_3_fu_522_p2   |         +|   0|  0|  32|          32|          32|
    |add_ln42_4_fu_351_p2   |         +|   0|  0|  12|           4|           3|
    |add_ln42_5_fu_390_p2   |         +|   0|  0|  12|           5|           4|
    |add_ln42_6_fu_401_p2   |         +|   0|  0|  12|           5|           5|
    |add_ln42_7_fu_454_p2   |         +|   0|  0|  13|           6|           5|
    |add_ln42_fu_470_p2     |         +|   0|  0|  39|          32|          32|
    |add_ln45_fu_465_p2     |         +|   0|  0|  13|           6|           6|
    |empty_6_fu_367_p2      |         +|   0|  0|  13|           6|           2|
    |empty_7_fu_377_p2      |         +|   0|  0|  13|           6|           2|
    |empty_8_fu_415_p2      |         +|   0|  0|  13|           6|           3|
    |empty_9_fu_425_p2      |         +|   0|  0|  13|           6|           3|
    |j_fu_475_p2            |         +|   0|  0|  10|           3|           1|
    |sum_fu_527_p2          |         +|   0|  0|  32|          32|          32|
    |empty_fu_308_p2        |         -|   0|  0|  13|           6|           6|
    |ap_condition_207       |       and|   0|  0|   2|           1|           1|
    |ap_condition_499       |       and|   0|  0|   2|           1|           1|
    |ap_condition_504       |       and|   0|  0|   2|           1|           1|
    |icmp_ln37_fu_492_p2    |      icmp|   0|  0|  13|           6|           6|
    |icmp_ln38_fu_486_p2    |      icmp|   0|  0|  10|           3|           3|
    |i_fu_280_p3            |    select|   0|  0|   3|           1|           3|
    |select_ln37_fu_272_p3  |    select|   0|  0|   3|           1|           1|
    |ap_enable_pp0          |       xor|   0|  0|   2|           1|           2|
    +-----------------------+----------+----+---+----+------------+------------+
    |Total                  |          |   0|  0| 364|         243|         220|
    +-----------------------+----------+----+---+----+------------+------------+

    * Multiplexer: 
    +-------------------------------------+----+-----------+-----+-----------+
    |                 Name                | LUT| Input Size| Bits| Total Bits|
    +-------------------------------------+----+-----------+-----+-----------+
    |A_Addr_A_orig                        |  20|          4|   32|        128|
    |A_Addr_B_orig                        |  20|          4|   32|        128|
    |B_Addr_A_orig                        |  20|          4|   32|        128|
    |B_Addr_B_orig                        |  20|          4|   32|        128|
    |C_WEN_A_local                        |   9|          2|    4|          8|
    |ap_NS_fsm                            |  20|          4|    1|          4|
    |ap_done_int                          |   9|          2|    1|          2|
    |ap_enable_reg_pp0_iter0              |   9|          2|    1|          2|
    |ap_enable_reg_pp0_iter1              |   9|          2|    1|          2|
    |ap_loop_exit_ready_pp0_iter1_reg     |   9|          2|    1|          2|
    |ap_phi_mux_icmp_ln384_phi_fu_222_p4  |   9|          2|    1|          2|
    |ap_sig_allocacmp_i2_load             |   9|          2|    3|          6|
    |ap_sig_allocacmp_j3_load             |   9|          2|    3|          6|
    |grp_fu_229_p0                        |  14|          3|   32|         96|
    |grp_fu_229_p1                        |  14|          3|   32|         96|
    |grp_fu_235_p0                        |  14|          3|   32|         96|
    |grp_fu_235_p1                        |  14|          3|   32|         96|
    |i2_fu_84                             |   9|          2|    3|          6|
    |indvar_flatten1_fu_80                |   9|          2|    6|         12|
    |j3_fu_88                             |   9|          2|    3|          6|
    +-------------------------------------+----+-----------+-----+-----------+
    |Total                                | 255|         54|  284|        954|
    +-------------------------------------+----+-----------+-----+-----------+

    * Register: 
    +----------------------------------+----+----+-----+-----------+
    |               Name               | FF | LUT| Bits| Const Bits|
    +----------------------------------+----+----+-----+-----------+
    |add_ln42_reg_652                  |  32|   0|   32|          0|
    |add_ln45_reg_642                  |   6|   0|    6|          0|
    |ap_CS_fsm                         |   3|   0|    3|          0|
    |ap_done_reg                       |   1|   0|    1|          0|
    |ap_enable_reg_pp0_iter0_reg       |   1|   0|    1|          0|
    |ap_enable_reg_pp0_iter1           |   1|   0|    1|          0|
    |ap_loop_exit_ready_pp0_iter1_reg  |   1|   0|    1|          0|
    |empty_reg_563                     |   5|   0|    6|          1|
    |i2_fu_84                          |   3|   0|    3|          0|
    |icmp_ln37_reg_662                 |   1|   0|    1|          0|
    |icmp_ln38_reg_657                 |   1|   0|    1|          0|
    |indvar_flatten1_fu_80             |   6|   0|    6|          0|
    |j3_fu_88                          |   3|   0|    3|          0|
    |mul_ln42_2_reg_617                |  32|   0|   32|          0|
    |mul_ln42_4_reg_647                |  32|   0|   32|          0|
    |mul_ln42_reg_612                  |  32|   0|   32|          0|
    |select_ln37_reg_555               |   3|   0|    3|          0|
    +----------------------------------+----+----+-----+-----------+
    |Total                             | 163|   0|  164|          1|
    +----------------------------------+----+----+-----+-----------+



================================================================
== Interface
================================================================
* Summary: 
+----------+-----+-----+------------+------------------+--------------+
| RTL Ports| Dir | Bits|  Protocol  |   Source Object  |    C Type    |
+----------+-----+-----+------------+------------------+--------------+
|ap_clk    |   in|    1|  ap_ctrl_hs|  matrix_mult_bram|  return value|
|ap_rst    |   in|    1|  ap_ctrl_hs|  matrix_mult_bram|  return value|
|ap_start  |   in|    1|  ap_ctrl_hs|  matrix_mult_bram|  return value|
|ap_done   |  out|    1|  ap_ctrl_hs|  matrix_mult_bram|  return value|
|ap_idle   |  out|    1|  ap_ctrl_hs|  matrix_mult_bram|  return value|
|ap_ready  |  out|    1|  ap_ctrl_hs|  matrix_mult_bram|  return value|
|A_Addr_A  |  out|   32|        bram|                 A|         array|
|A_EN_A    |  out|    1|        bram|                 A|         array|
|A_WEN_A   |  out|    4|        bram|                 A|         array|
|A_Din_A   |  out|   32|        bram|                 A|         array|
|A_Dout_A  |   in|   32|        bram|                 A|         array|
|A_Clk_A   |  out|    1|        bram|                 A|         array|
|A_Rst_A   |  out|    1|        bram|                 A|         array|
|A_Addr_B  |  out|   32|        bram|                 A|         array|
|A_EN_B    |  out|    1|        bram|                 A|         array|
|A_WEN_B   |  out|    4|        bram|                 A|         array|
|A_Din_B   |  out|   32|        bram|                 A|         array|
|A_Dout_B  |   in|   32|        bram|                 A|         array|
|A_Clk_B   |  out|    1|        bram|                 A|         array|
|A_Rst_B   |  out|    1|        bram|                 A|         array|
|B_Addr_A  |  out|   32|        bram|                 B|         array|
|B_EN_A    |  out|    1|        bram|                 B|         array|
|B_WEN_A   |  out|    4|        bram|                 B|         array|
|B_Din_A   |  out|   32|        bram|                 B|         array|
|B_Dout_A  |   in|   32|        bram|                 B|         array|
|B_Clk_A   |  out|    1|        bram|                 B|         array|
|B_Rst_A   |  out|    1|        bram|                 B|         array|
|B_Addr_B  |  out|   32|        bram|                 B|         array|
|B_EN_B    |  out|    1|        bram|                 B|         array|
|B_WEN_B   |  out|    4|        bram|                 B|         array|
|B_Din_B   |  out|   32|        bram|                 B|         array|
|B_Dout_B  |   in|   32|        bram|                 B|         array|
|B_Clk_B   |  out|    1|        bram|                 B|         array|
|B_Rst_B   |  out|    1|        bram|                 B|         array|
|C_Addr_A  |  out|   32|        bram|                 C|         array|
|C_EN_A    |  out|    1|        bram|                 C|         array|
|C_WEN_A   |  out|    4|        bram|                 C|         array|
|C_Din_A   |  out|   32|        bram|                 C|         array|
|C_Dout_A  |   in|   32|        bram|                 C|         array|
|C_Clk_A   |  out|    1|        bram|                 C|         array|
|C_Rst_A   |  out|    1|        bram|                 C|         array|
+----------+-----+-----+------------+------------------+--------------+

