

================================================================
== Vitis HLS Report for 'sorter_Pipeline_VITIS_LOOP_6_2'
================================================================
* Date:           Sat May  2 23:58:33 2026

* Version:        2024.1 (Build 5069499 on May 21 2024)
* Project:        hw2_q2_sorter
* Solution:       solution1 (Vivado IP Flow Target)
* Product family: virtexuplus
* Target device:  xcvu13p-fsga2577-2-e


================================================================
== Performance Estimates
================================================================
+ Timing: 
    * Summary: 
    +--------+----------+----------+------------+
    |  Clock |  Target  | Estimated| Uncertainty|
    +--------+----------+----------+------------+
    |ap_clk  |  25.00 ns|  2.278 ns|     6.75 ns|
    +--------+----------+----------+------------+

+ Latency: 
    * Summary: 
    +---------+---------+----------+----------+-----+-----+-----------------------------------------------+
    |  Latency (cycles) |  Latency (absolute) |  Interval |                    Pipeline                   |
    |   min   |   max   |    min   |    max   | min | max |                      Type                     |
    +---------+---------+----------+----------+-----+-----+-----------------------------------------------+
    |        4|       32|  0.100 us|  0.800 us|    3|   31|  loop auto-rewind stp(delay=0 clock cycles(s))|
    +---------+---------+----------+----------+-----+-----+-----------------------------------------------+

    + Detail: 
        * Instance: 
        N/A

        * Loop: 
        +------------------+---------+---------+----------+-----------+-----------+--------+----------+
        |                  |  Latency (cycles) | Iteration|  Initiation Interval  |  Trip  |          |
        |     Loop Name    |   min   |   max   |  Latency |  achieved |   target  |  Count | Pipelined|
        +------------------+---------+---------+----------+-----------+-----------+--------+----------+
        |- VITIS_LOOP_6_2  |        2|       30|         2|          2|          1|  1 ~ 15|       yes|
        +------------------+---------+---------+----------+-----------+-----------+--------+----------+



================================================================
== Utilization Estimates
================================================================
* Summary: 
+---------------------+---------+-------+---------+---------+------+
|         Name        | BRAM_18K|  DSP  |    FF   |   LUT   | URAM |
+---------------------+---------+-------+---------+---------+------+
|DSP                  |        -|      -|        -|        -|     -|
|Expression           |        -|      -|        0|       63|     -|
|FIFO                 |        -|      -|        -|        -|     -|
|Instance             |        -|      -|        -|        -|     -|
|Memory               |        -|      -|        -|        -|     -|
|Multiplexer          |        -|      -|        0|       69|     -|
|Register             |        -|      -|       19|        -|     -|
+---------------------+---------+-------+---------+---------+------+
|Total                |        0|      0|       19|      132|     0|
+---------------------+---------+-------+---------+---------+------+
|Available SLR        |     1344|   3072|   864000|   432000|   320|
+---------------------+---------+-------+---------+---------+------+
|Utilization SLR (%)  |        0|      0|       ~0|       ~0|     0|
+---------------------+---------+-------+---------+---------+------+
|Available            |     5376|  12288|  3456000|  1728000|  1280|
+---------------------+---------+-------+---------+---------+------+
|Utilization (%)      |        0|      0|       ~0|       ~0|     0|
+---------------------+---------+-------+---------+---------+------+

+ Detail: 
    * Instance: 
    N/A

    * DSP: 
    N/A

    * Memory: 
    N/A

    * FIFO: 
    N/A

    * Expression: 
    +--------------------+----------+----+---+----+------------+------------+
    |    Variable Name   | Operation| DSP| FF| LUT| Bitwidth P0| Bitwidth P1|
    +--------------------+----------+----+---+----+------------+------------+
    |add_ln7_fu_89_p2    |         +|   0|  0|  12|           4|           1|
    |icmp_ln6_fu_83_p2   |      icmp|   0|  0|  12|           4|           4|
    |icmp_ln7_fu_105_p2  |      icmp|   0|  0|  39|          32|          32|
    +--------------------+----------+----+---+----+------------+------------+
    |Total               |          |   0|  0|  63|          40|          37|
    +--------------------+----------+----+---+----+------------+------------+

    * Multiplexer: 
    +----------------------+----+-----------+-----+-----------+
    |         Name         | LUT| Input Size| Bits| Total Bits|
    +----------------------+----+-----------+-----+-----------+
    |a_address0_local      |  14|          3|    4|         12|
    |a_address1_local      |  14|          3|    4|         12|
    |ap_NS_fsm             |  14|          3|    1|          3|
    |ap_done_int           |   9|          2|    1|          2|
    |ap_sig_allocacmp_j_1  |   9|          2|    4|          8|
    |j_fu_38               |   9|          2|    4|          8|
    +----------------------+----+-----------+-----+-----------+
    |Total                 |  69|         15|   18|         45|
    +----------------------+----+-----------+-----+-----------+

    * Register: 
    +------------------+---+----+-----+-----------+
    |       Name       | FF| LUT| Bits| Const Bits|
    +------------------+---+----+-----+-----------+
    |a_addr_1_reg_135  |  4|   0|    4|          0|
    |a_addr_reg_130    |  4|   0|    4|          0|
    |add_ln7_reg_125   |  4|   0|    4|          0|
    |ap_CS_fsm         |  2|   0|    2|          0|
    |ap_done_reg       |  1|   0|    1|          0|
    |j_fu_38           |  4|   0|    4|          0|
    +------------------+---+----+-----+-----------+
    |Total             | 19|   0|   19|          0|
    +------------------+---+----+-----+-----------+



================================================================
== Interface
================================================================
* Summary: 
+-------------+-----+-----+------------+--------------------------------+--------------+
|  RTL Ports  | Dir | Bits|  Protocol  |          Source Object         |    C Type    |
+-------------+-----+-----+------------+--------------------------------+--------------+
|ap_clk       |   in|    1|  ap_ctrl_hs|  sorter_Pipeline_VITIS_LOOP_6_2|  return value|
|ap_rst       |   in|    1|  ap_ctrl_hs|  sorter_Pipeline_VITIS_LOOP_6_2|  return value|
|ap_start     |   in|    1|  ap_ctrl_hs|  sorter_Pipeline_VITIS_LOOP_6_2|  return value|
|ap_done      |  out|    1|  ap_ctrl_hs|  sorter_Pipeline_VITIS_LOOP_6_2|  return value|
|ap_idle      |  out|    1|  ap_ctrl_hs|  sorter_Pipeline_VITIS_LOOP_6_2|  return value|
|ap_ready     |  out|    1|  ap_ctrl_hs|  sorter_Pipeline_VITIS_LOOP_6_2|  return value|
|indvars_iv6  |   in|    4|     ap_none|                     indvars_iv6|        scalar|
|a_address0   |  out|    4|   ap_memory|                               a|         array|
|a_ce0        |  out|    1|   ap_memory|                               a|         array|
|a_we0        |  out|    1|   ap_memory|                               a|         array|
|a_d0         |  out|   32|   ap_memory|                               a|         array|
|a_q0         |   in|   32|   ap_memory|                               a|         array|
|a_address1   |  out|    4|   ap_memory|                               a|         array|
|a_ce1        |  out|    1|   ap_memory|                               a|         array|
|a_we1        |  out|    1|   ap_memory|                               a|         array|
|a_d1         |  out|   32|   ap_memory|                               a|         array|
|a_q1         |   in|   32|   ap_memory|                               a|         array|
+-------------+-----+-----+------------+--------------------------------+--------------+

